[2026-07-02T16:24:16.641+0000] {processor.py:161} INFO - Started process (PID=117609) to work on /usr/local/python/3.12.1/lib/python3.12/site-packages/airflow/example_dags/example_skip_dag.py
[2026-07-02T16:24:16.642+0000] {processor.py:830} INFO - Processing file /usr/local/python/3.12.1/lib/python3.12/site-packages/airflow/example_dags/example_skip_dag.py for tasks to queue
[2026-07-02T16:24:16.645+0000] {logging_mixin.py:188} INFO - [2026-07-02T16:24:16.645+0000] {dagbag.py:545} INFO - Filling up the DagBag from /usr/local/python/3.12.1/lib/python3.12/site-packages/airflow/example_dags/example_skip_dag.py
[2026-07-02T16:24:16.658+0000] {processor.py:840} INFO - DAG(s) 'example_skip_dag' retrieved from /usr/local/python/3.12.1/lib/python3.12/site-packages/airflow/example_dags/example_skip_dag.py
[2026-07-02T16:24:16.787+0000] {logging_mixin.py:188} INFO - [2026-07-02T16:24:16.786+0000] {override.py:1858} INFO - Created Permission View: can delete on DAG:example_skip_dag
[2026-07-02T16:24:16.797+0000] {logging_mixin.py:188} INFO - [2026-07-02T16:24:16.797+0000] {override.py:1858} INFO - Created Permission View: can read on DAG:example_skip_dag
[2026-07-02T16:24:16.806+0000] {logging_mixin.py:188} INFO - [2026-07-02T16:24:16.806+0000] {override.py:1858} INFO - Created Permission View: can edit on DAG:example_skip_dag
[2026-07-02T16:24:16.807+0000] {logging_mixin.py:188} INFO - [2026-07-02T16:24:16.807+0000] {dag.py:3089} INFO - Sync 1 DAGs
[2026-07-02T16:24:16.817+0000] {logging_mixin.py:188} INFO - [2026-07-02T16:24:16.816+0000] {dag.py:3111} INFO - Creating ORM DAG for example_skip_dag
[2026-07-02T16:24:16.824+0000] {logging_mixin.py:188} INFO - [2026-07-02T16:24:16.823+0000] {dag.py:3947} INFO - Setting next_dagrun for example_skip_dag to 2026-07-01 00:00:00+00:00, run_after=2026-07-02 00:00:00+00:00
[2026-07-02T16:24:16.839+0000] {processor.py:183} INFO - Processing /usr/local/python/3.12.1/lib/python3.12/site-packages/airflow/example_dags/example_skip_dag.py took 0.210 seconds
[2026-07-02T16:25:12.431+0000] {processor.py:161} INFO - Started process (PID=118401) to work on /usr/local/python/3.12.1/lib/python3.12/site-packages/airflow/example_dags/example_skip_dag.py
[2026-07-02T16:25:12.432+0000] {processor.py:830} INFO - Processing file /usr/local/python/3.12.1/lib/python3.12/site-packages/airflow/example_dags/example_skip_dag.py for tasks to queue
[2026-07-02T16:25:12.434+0000] {logging_mixin.py:188} INFO - [2026-07-02T16:25:12.433+0000] {dagbag.py:545} INFO - Filling up the DagBag from /usr/local/python/3.12.1/lib/python3.12/site-packages/airflow/example_dags/example_skip_dag.py
[2026-07-02T16:25:12.440+0000] {processor.py:840} INFO - DAG(s) 'example_skip_dag' retrieved from /usr/local/python/3.12.1/lib/python3.12/site-packages/airflow/example_dags/example_skip_dag.py
[2026-07-02T16:25:12.453+0000] {logging_mixin.py:188} INFO - [2026-07-02T16:25:12.453+0000] {dag.py:3089} INFO - Sync 1 DAGs
[2026-07-02T16:25:12.468+0000] {logging_mixin.py:188} INFO - [2026-07-02T16:25:12.468+0000] {dag.py:3947} INFO - Setting next_dagrun for example_skip_dag to 2026-07-01 00:00:00+00:00, run_after=2026-07-02 00:00:00+00:00
[2026-07-02T16:25:12.490+0000] {processor.py:183} INFO - Processing /usr/local/python/3.12.1/lib/python3.12/site-packages/airflow/example_dags/example_skip_dag.py took 0.065 seconds
[2026-07-02T16:26:06.737+0000] {processor.py:161} INFO - Started process (PID=124318) to work on /usr/local/python/3.12.1/lib/python3.12/site-packages/airflow/example_dags/example_skip_dag.py
[2026-07-02T16:26:06.740+0000] {processor.py:830} INFO - Processing file /usr/local/python/3.12.1/lib/python3.12/site-packages/airflow/example_dags/example_skip_dag.py for tasks to queue
[2026-07-02T16:26:06.743+0000] {logging_mixin.py:188} INFO - [2026-07-02T16:26:06.743+0000] {dagbag.py:545} INFO - Filling up the DagBag from /usr/local/python/3.12.1/lib/python3.12/site-packages/airflow/example_dags/example_skip_dag.py
[2026-07-02T16:26:06.757+0000] {processor.py:840} INFO - DAG(s) 'example_skip_dag' retrieved from /usr/local/python/3.12.1/lib/python3.12/site-packages/airflow/example_dags/example_skip_dag.py
[2026-07-02T16:26:06.833+0000] {logging_mixin.py:188} INFO - [2026-07-02T16:26:06.833+0000] {dag.py:3089} INFO - Sync 1 DAGs
[2026-07-02T16:26:06.875+0000] {logging_mixin.py:188} INFO - [2026-07-02T16:26:06.875+0000] {dag.py:3947} INFO - Setting next_dagrun for example_skip_dag to 2026-07-01 00:00:00+00:00, run_after=2026-07-02 00:00:00+00:00
[2026-07-02T16:26:06.937+0000] {processor.py:183} INFO - Processing /usr/local/python/3.12.1/lib/python3.12/site-packages/airflow/example_dags/example_skip_dag.py took 0.224 seconds
[2026-07-02T16:27:19.065+0000] {processor.py:161} INFO - Started process (PID=126960) to work on /usr/local/python/3.12.1/lib/python3.12/site-packages/airflow/example_dags/example_skip_dag.py
[2026-07-02T16:27:19.068+0000] {processor.py:830} INFO - Processing file /usr/local/python/3.12.1/lib/python3.12/site-packages/airflow/example_dags/example_skip_dag.py for tasks to queue
[2026-07-02T16:27:19.070+0000] {logging_mixin.py:188} INFO - [2026-07-02T16:27:19.070+0000] {dagbag.py:545} INFO - Filling up the DagBag from /usr/local/python/3.12.1/lib/python3.12/site-packages/airflow/example_dags/example_skip_dag.py
[2026-07-02T16:27:19.082+0000] {processor.py:840} INFO - DAG(s) 'example_skip_dag' retrieved from /usr/local/python/3.12.1/lib/python3.12/site-packages/airflow/example_dags/example_skip_dag.py
[2026-07-02T16:27:19.112+0000] {logging_mixin.py:188} INFO - [2026-07-02T16:27:19.111+0000] {dag.py:3089} INFO - Sync 1 DAGs
[2026-07-02T16:27:19.132+0000] {logging_mixin.py:188} INFO - [2026-07-02T16:27:19.132+0000] {dag.py:3947} INFO - Setting next_dagrun for example_skip_dag to 2026-07-01 00:00:00+00:00, run_after=2026-07-02 00:00:00+00:00
[2026-07-02T16:27:19.157+0000] {processor.py:183} INFO - Processing /usr/local/python/3.12.1/lib/python3.12/site-packages/airflow/example_dags/example_skip_dag.py took 0.101 seconds
[2026-07-02T16:28:15.151+0000] {processor.py:161} INFO - Started process (PID=128899) to work on /usr/local/python/3.12.1/lib/python3.12/site-packages/airflow/example_dags/example_skip_dag.py
[2026-07-02T16:28:15.156+0000] {processor.py:830} INFO - Processing file /usr/local/python/3.12.1/lib/python3.12/site-packages/airflow/example_dags/example_skip_dag.py for tasks to queue
[2026-07-02T16:28:15.160+0000] {logging_mixin.py:188} INFO - [2026-07-02T16:28:15.159+0000] {dagbag.py:545} INFO - Filling up the DagBag from /usr/local/python/3.12.1/lib/python3.12/site-packages/airflow/example_dags/example_skip_dag.py
[2026-07-02T16:28:15.169+0000] {processor.py:840} INFO - DAG(s) 'example_skip_dag' retrieved from /usr/local/python/3.12.1/lib/python3.12/site-packages/airflow/example_dags/example_skip_dag.py
[2026-07-02T16:28:15.191+0000] {logging_mixin.py:188} INFO - [2026-07-02T16:28:15.189+0000] {dag.py:3089} INFO - Sync 1 DAGs
[2026-07-02T16:28:15.218+0000] {logging_mixin.py:188} INFO - [2026-07-02T16:28:15.218+0000] {dag.py:3947} INFO - Setting next_dagrun for example_skip_dag to 2026-07-01 00:00:00+00:00, run_after=2026-07-02 00:00:00+00:00
[2026-07-02T16:28:15.261+0000] {processor.py:183} INFO - Processing /usr/local/python/3.12.1/lib/python3.12/site-packages/airflow/example_dags/example_skip_dag.py took 0.127 seconds
[2026-07-02T16:29:18.136+0000] {processor.py:161} INFO - Started process (PID=129773) to work on /usr/local/python/3.12.1/lib/python3.12/site-packages/airflow/example_dags/example_skip_dag.py
[2026-07-02T16:29:18.139+0000] {processor.py:830} INFO - Processing file /usr/local/python/3.12.1/lib/python3.12/site-packages/airflow/example_dags/example_skip_dag.py for tasks to queue
[2026-07-02T16:29:18.140+0000] {logging_mixin.py:188} INFO - [2026-07-02T16:29:18.140+0000] {dagbag.py:545} INFO - Filling up the DagBag from /usr/local/python/3.12.1/lib/python3.12/site-packages/airflow/example_dags/example_skip_dag.py
[2026-07-02T16:29:18.146+0000] {processor.py:840} INFO - DAG(s) 'example_skip_dag' retrieved from /usr/local/python/3.12.1/lib/python3.12/site-packages/airflow/example_dags/example_skip_dag.py
[2026-07-02T16:29:18.159+0000] {logging_mixin.py:188} INFO - [2026-07-02T16:29:18.159+0000] {dag.py:3089} INFO - Sync 1 DAGs
[2026-07-02T16:29:18.289+0000] {logging_mixin.py:188} INFO - [2026-07-02T16:29:18.289+0000] {dag.py:3947} INFO - Setting next_dagrun for example_skip_dag to 2026-07-01 00:00:00+00:00, run_after=2026-07-02 00:00:00+00:00
[2026-07-02T16:29:18.314+0000] {processor.py:183} INFO - Processing /usr/local/python/3.12.1/lib/python3.12/site-packages/airflow/example_dags/example_skip_dag.py took 0.182 seconds
[2026-07-02T16:30:15.923+0000] {processor.py:161} INFO - Started process (PID=130420) to work on /usr/local/python/3.12.1/lib/python3.12/site-packages/airflow/example_dags/example_skip_dag.py
[2026-07-02T16:30:15.965+0000] {processor.py:830} INFO - Processing file /usr/local/python/3.12.1/lib/python3.12/site-packages/airflow/example_dags/example_skip_dag.py for tasks to queue
[2026-07-02T16:30:15.970+0000] {logging_mixin.py:188} INFO - [2026-07-02T16:30:15.969+0000] {dagbag.py:545} INFO - Filling up the DagBag from /usr/local/python/3.12.1/lib/python3.12/site-packages/airflow/example_dags/example_skip_dag.py
[2026-07-02T16:30:15.995+0000] {processor.py:840} INFO - DAG(s) 'example_skip_dag' retrieved from /usr/local/python/3.12.1/lib/python3.12/site-packages/airflow/example_dags/example_skip_dag.py
[2026-07-02T16:30:16.028+0000] {logging_mixin.py:188} INFO - [2026-07-02T16:30:16.027+0000] {dag.py:3089} INFO - Sync 1 DAGs
[2026-07-02T16:30:16.057+0000] {logging_mixin.py:188} INFO - [2026-07-02T16:30:16.056+0000] {dag.py:3947} INFO - Setting next_dagrun for example_skip_dag to 2026-07-01 00:00:00+00:00, run_after=2026-07-02 00:00:00+00:00
[2026-07-02T16:30:16.089+0000] {processor.py:183} INFO - Processing /usr/local/python/3.12.1/lib/python3.12/site-packages/airflow/example_dags/example_skip_dag.py took 0.171 seconds
[2026-07-02T16:31:05.812+0000] {processor.py:161} INFO - Started process (PID=130986) to work on /usr/local/python/3.12.1/lib/python3.12/site-packages/airflow/example_dags/example_skip_dag.py
[2026-07-02T16:31:05.813+0000] {processor.py:830} INFO - Processing file /usr/local/python/3.12.1/lib/python3.12/site-packages/airflow/example_dags/example_skip_dag.py for tasks to queue
[2026-07-02T16:31:05.814+0000] {logging_mixin.py:188} INFO - [2026-07-02T16:31:05.814+0000] {dagbag.py:545} INFO - Filling up the DagBag from /usr/local/python/3.12.1/lib/python3.12/site-packages/airflow/example_dags/example_skip_dag.py
[2026-07-02T16:31:05.819+0000] {processor.py:840} INFO - DAG(s) 'example_skip_dag' retrieved from /usr/local/python/3.12.1/lib/python3.12/site-packages/airflow/example_dags/example_skip_dag.py
[2026-07-02T16:31:05.832+0000] {logging_mixin.py:188} INFO - [2026-07-02T16:31:05.832+0000] {dag.py:3089} INFO - Sync 1 DAGs
[2026-07-02T16:31:05.847+0000] {logging_mixin.py:188} INFO - [2026-07-02T16:31:05.847+0000] {dag.py:3947} INFO - Setting next_dagrun for example_skip_dag to 2026-07-01 00:00:00+00:00, run_after=2026-07-02 00:00:00+00:00
[2026-07-02T16:31:05.864+0000] {processor.py:183} INFO - Processing /usr/local/python/3.12.1/lib/python3.12/site-packages/airflow/example_dags/example_skip_dag.py took 0.058 seconds
[2026-07-02T16:31:55.107+0000] {processor.py:161} INFO - Started process (PID=131544) to work on /usr/local/python/3.12.1/lib/python3.12/site-packages/airflow/example_dags/example_skip_dag.py
[2026-07-02T16:31:55.108+0000] {processor.py:830} INFO - Processing file /usr/local/python/3.12.1/lib/python3.12/site-packages/airflow/example_dags/example_skip_dag.py for tasks to queue
[2026-07-02T16:31:55.110+0000] {logging_mixin.py:188} INFO - [2026-07-02T16:31:55.109+0000] {dagbag.py:545} INFO - Filling up the DagBag from /usr/local/python/3.12.1/lib/python3.12/site-packages/airflow/example_dags/example_skip_dag.py
[2026-07-02T16:31:55.115+0000] {processor.py:840} INFO - DAG(s) 'example_skip_dag' retrieved from /usr/local/python/3.12.1/lib/python3.12/site-packages/airflow/example_dags/example_skip_dag.py
[2026-07-02T16:31:55.131+0000] {logging_mixin.py:188} INFO - [2026-07-02T16:31:55.131+0000] {dag.py:3089} INFO - Sync 1 DAGs
[2026-07-02T16:31:55.146+0000] {logging_mixin.py:188} INFO - [2026-07-02T16:31:55.146+0000] {dag.py:3947} INFO - Setting next_dagrun for example_skip_dag to 2026-07-01 00:00:00+00:00, run_after=2026-07-02 00:00:00+00:00
[2026-07-02T16:31:55.164+0000] {processor.py:183} INFO - Processing /usr/local/python/3.12.1/lib/python3.12/site-packages/airflow/example_dags/example_skip_dag.py took 0.061 seconds
[2026-07-02T16:32:45.926+0000] {processor.py:161} INFO - Started process (PID=133210) to work on /usr/local/python/3.12.1/lib/python3.12/site-packages/airflow/example_dags/example_skip_dag.py
[2026-07-02T16:32:45.927+0000] {processor.py:830} INFO - Processing file /usr/local/python/3.12.1/lib/python3.12/site-packages/airflow/example_dags/example_skip_dag.py for tasks to queue
[2026-07-02T16:32:45.928+0000] {logging_mixin.py:188} INFO - [2026-07-02T16:32:45.928+0000] {dagbag.py:545} INFO - Filling up the DagBag from /usr/local/python/3.12.1/lib/python3.12/site-packages/airflow/example_dags/example_skip_dag.py
[2026-07-02T16:32:45.934+0000] {processor.py:840} INFO - DAG(s) 'example_skip_dag' retrieved from /usr/local/python/3.12.1/lib/python3.12/site-packages/airflow/example_dags/example_skip_dag.py
[2026-07-02T16:32:45.947+0000] {logging_mixin.py:188} INFO - [2026-07-02T16:32:45.947+0000] {dag.py:3089} INFO - Sync 1 DAGs
[2026-07-02T16:32:45.964+0000] {logging_mixin.py:188} INFO - [2026-07-02T16:32:45.963+0000] {dag.py:3947} INFO - Setting next_dagrun for example_skip_dag to 2026-07-01 00:00:00+00:00, run_after=2026-07-02 00:00:00+00:00
[2026-07-02T16:32:45.982+0000] {processor.py:183} INFO - Processing /usr/local/python/3.12.1/lib/python3.12/site-packages/airflow/example_dags/example_skip_dag.py took 0.061 seconds
[2026-07-02T16:33:35.594+0000] {processor.py:161} INFO - Started process (PID=133792) to work on /usr/local/python/3.12.1/lib/python3.12/site-packages/airflow/example_dags/example_skip_dag.py
[2026-07-02T16:33:35.595+0000] {processor.py:830} INFO - Processing file /usr/local/python/3.12.1/lib/python3.12/site-packages/airflow/example_dags/example_skip_dag.py for tasks to queue
[2026-07-02T16:33:35.597+0000] {logging_mixin.py:188} INFO - [2026-07-02T16:33:35.596+0000] {dagbag.py:545} INFO - Filling up the DagBag from /usr/local/python/3.12.1/lib/python3.12/site-packages/airflow/example_dags/example_skip_dag.py
[2026-07-02T16:33:35.602+0000] {processor.py:840} INFO - DAG(s) 'example_skip_dag' retrieved from /usr/local/python/3.12.1/lib/python3.12/site-packages/airflow/example_dags/example_skip_dag.py
[2026-07-02T16:33:35.615+0000] {logging_mixin.py:188} INFO - [2026-07-02T16:33:35.615+0000] {dag.py:3089} INFO - Sync 1 DAGs
[2026-07-02T16:33:35.630+0000] {logging_mixin.py:188} INFO - [2026-07-02T16:33:35.630+0000] {dag.py:3947} INFO - Setting next_dagrun for example_skip_dag to 2026-07-01 00:00:00+00:00, run_after=2026-07-02 00:00:00+00:00
[2026-07-02T16:33:35.648+0000] {processor.py:183} INFO - Processing /usr/local/python/3.12.1/lib/python3.12/site-packages/airflow/example_dags/example_skip_dag.py took 0.060 seconds
[2026-07-02T16:34:24.438+0000] {processor.py:161} INFO - Started process (PID=134428) to work on /usr/local/python/3.12.1/lib/python3.12/site-packages/airflow/example_dags/example_skip_dag.py
[2026-07-02T16:34:24.441+0000] {processor.py:830} INFO - Processing file /usr/local/python/3.12.1/lib/python3.12/site-packages/airflow/example_dags/example_skip_dag.py for tasks to queue
[2026-07-02T16:34:24.442+0000] {logging_mixin.py:188} INFO - [2026-07-02T16:34:24.442+0000] {dagbag.py:545} INFO - Filling up the DagBag from /usr/local/python/3.12.1/lib/python3.12/site-packages/airflow/example_dags/example_skip_dag.py
[2026-07-02T16:34:24.448+0000] {processor.py:840} INFO - DAG(s) 'example_skip_dag' retrieved from /usr/local/python/3.12.1/lib/python3.12/site-packages/airflow/example_dags/example_skip_dag.py
[2026-07-02T16:34:24.461+0000] {logging_mixin.py:188} INFO - [2026-07-02T16:34:24.461+0000] {dag.py:3089} INFO - Sync 1 DAGs
[2026-07-02T16:34:24.478+0000] {logging_mixin.py:188} INFO - [2026-07-02T16:34:24.478+0000] {dag.py:3947} INFO - Setting next_dagrun for example_skip_dag to 2026-07-01 00:00:00+00:00, run_after=2026-07-02 00:00:00+00:00
[2026-07-02T16:34:24.499+0000] {processor.py:183} INFO - Processing /usr/local/python/3.12.1/lib/python3.12/site-packages/airflow/example_dags/example_skip_dag.py took 0.066 seconds
[2026-07-02T16:35:15.118+0000] {processor.py:161} INFO - Started process (PID=135066) to work on /usr/local/python/3.12.1/lib/python3.12/site-packages/airflow/example_dags/example_skip_dag.py
[2026-07-02T16:35:15.119+0000] {processor.py:830} INFO - Processing file /usr/local/python/3.12.1/lib/python3.12/site-packages/airflow/example_dags/example_skip_dag.py for tasks to queue
[2026-07-02T16:35:15.120+0000] {logging_mixin.py:188} INFO - [2026-07-02T16:35:15.120+0000] {dagbag.py:545} INFO - Filling up the DagBag from /usr/local/python/3.12.1/lib/python3.12/site-packages/airflow/example_dags/example_skip_dag.py
[2026-07-02T16:35:15.126+0000] {processor.py:840} INFO - DAG(s) 'example_skip_dag' retrieved from /usr/local/python/3.12.1/lib/python3.12/site-packages/airflow/example_dags/example_skip_dag.py
[2026-07-02T16:35:15.140+0000] {logging_mixin.py:188} INFO - [2026-07-02T16:35:15.139+0000] {dag.py:3089} INFO - Sync 1 DAGs
[2026-07-02T16:35:15.154+0000] {logging_mixin.py:188} INFO - [2026-07-02T16:35:15.154+0000] {dag.py:3947} INFO - Setting next_dagrun for example_skip_dag to 2026-07-01 00:00:00+00:00, run_after=2026-07-02 00:00:00+00:00
[2026-07-02T16:35:15.171+0000] {processor.py:183} INFO - Processing /usr/local/python/3.12.1/lib/python3.12/site-packages/airflow/example_dags/example_skip_dag.py took 0.057 seconds
[2026-07-02T16:36:13.770+0000] {processor.py:161} INFO - Started process (PID=136631) to work on /usr/local/python/3.12.1/lib/python3.12/site-packages/airflow/example_dags/example_skip_dag.py
[2026-07-02T16:36:13.777+0000] {processor.py:830} INFO - Processing file /usr/local/python/3.12.1/lib/python3.12/site-packages/airflow/example_dags/example_skip_dag.py for tasks to queue
[2026-07-02T16:36:13.782+0000] {logging_mixin.py:188} INFO - [2026-07-02T16:36:13.782+0000] {dagbag.py:545} INFO - Filling up the DagBag from /usr/local/python/3.12.1/lib/python3.12/site-packages/airflow/example_dags/example_skip_dag.py
[2026-07-02T16:36:13.790+0000] {processor.py:840} INFO - DAG(s) 'example_skip_dag' retrieved from /usr/local/python/3.12.1/lib/python3.12/site-packages/airflow/example_dags/example_skip_dag.py
[2026-07-02T16:36:13.836+0000] {logging_mixin.py:188} INFO - [2026-07-02T16:36:13.835+0000] {dag.py:3089} INFO - Sync 1 DAGs
[2026-07-02T16:36:13.861+0000] {logging_mixin.py:188} INFO - [2026-07-02T16:36:13.861+0000] {dag.py:3947} INFO - Setting next_dagrun for example_skip_dag to 2026-07-01 00:00:00+00:00, run_after=2026-07-02 00:00:00+00:00
[2026-07-02T16:36:13.912+0000] {processor.py:183} INFO - Processing /usr/local/python/3.12.1/lib/python3.12/site-packages/airflow/example_dags/example_skip_dag.py took 0.168 seconds
[2026-07-02T16:36:58.921+0000] {processor.py:161} INFO - Started process (PID=137217) to work on /usr/local/python/3.12.1/lib/python3.12/site-packages/airflow/example_dags/example_skip_dag.py
[2026-07-02T16:36:58.922+0000] {processor.py:830} INFO - Processing file /usr/local/python/3.12.1/lib/python3.12/site-packages/airflow/example_dags/example_skip_dag.py for tasks to queue
[2026-07-02T16:36:58.924+0000] {logging_mixin.py:188} INFO - [2026-07-02T16:36:58.923+0000] {dagbag.py:545} INFO - Filling up the DagBag from /usr/local/python/3.12.1/lib/python3.12/site-packages/airflow/example_dags/example_skip_dag.py
[2026-07-02T16:36:58.929+0000] {processor.py:840} INFO - DAG(s) 'example_skip_dag' retrieved from /usr/local/python/3.12.1/lib/python3.12/site-packages/airflow/example_dags/example_skip_dag.py
[2026-07-02T16:36:58.942+0000] {logging_mixin.py:188} INFO - [2026-07-02T16:36:58.942+0000] {dag.py:3089} INFO - Sync 1 DAGs
[2026-07-02T16:36:58.958+0000] {logging_mixin.py:188} INFO - [2026-07-02T16:36:58.958+0000] {dag.py:3947} INFO - Setting next_dagrun for example_skip_dag to 2026-07-01 00:00:00+00:00, run_after=2026-07-02 00:00:00+00:00
[2026-07-02T16:36:58.975+0000] {processor.py:183} INFO - Processing /usr/local/python/3.12.1/lib/python3.12/site-packages/airflow/example_dags/example_skip_dag.py took 0.061 seconds
[2026-07-02T16:37:45.098+0000] {processor.py:161} INFO - Started process (PID=138480) to work on /usr/local/python/3.12.1/lib/python3.12/site-packages/airflow/example_dags/example_skip_dag.py
[2026-07-02T16:37:45.099+0000] {processor.py:830} INFO - Processing file /usr/local/python/3.12.1/lib/python3.12/site-packages/airflow/example_dags/example_skip_dag.py for tasks to queue
[2026-07-02T16:37:45.103+0000] {logging_mixin.py:188} INFO - [2026-07-02T16:37:45.102+0000] {dagbag.py:545} INFO - Filling up the DagBag from /usr/local/python/3.12.1/lib/python3.12/site-packages/airflow/example_dags/example_skip_dag.py
[2026-07-02T16:37:45.121+0000] {processor.py:840} INFO - DAG(s) 'example_skip_dag' retrieved from /usr/local/python/3.12.1/lib/python3.12/site-packages/airflow/example_dags/example_skip_dag.py
[2026-07-02T16:37:45.165+0000] {logging_mixin.py:188} INFO - [2026-07-02T16:37:45.164+0000] {dag.py:3089} INFO - Sync 1 DAGs
[2026-07-02T16:37:45.221+0000] {logging_mixin.py:188} INFO - [2026-07-02T16:37:45.220+0000] {dag.py:3947} INFO - Setting next_dagrun for example_skip_dag to 2026-07-01 00:00:00+00:00, run_after=2026-07-02 00:00:00+00:00
[2026-07-02T16:37:45.267+0000] {processor.py:183} INFO - Processing /usr/local/python/3.12.1/lib/python3.12/site-packages/airflow/example_dags/example_skip_dag.py took 0.195 seconds
[2026-07-02T16:38:31.625+0000] {processor.py:161} INFO - Started process (PID=139481) to work on /usr/local/python/3.12.1/lib/python3.12/site-packages/airflow/example_dags/example_skip_dag.py
[2026-07-02T16:38:31.626+0000] {processor.py:830} INFO - Processing file /usr/local/python/3.12.1/lib/python3.12/site-packages/airflow/example_dags/example_skip_dag.py for tasks to queue
[2026-07-02T16:38:31.627+0000] {logging_mixin.py:188} INFO - [2026-07-02T16:38:31.627+0000] {dagbag.py:545} INFO - Filling up the DagBag from /usr/local/python/3.12.1/lib/python3.12/site-packages/airflow/example_dags/example_skip_dag.py
[2026-07-02T16:38:31.633+0000] {processor.py:840} INFO - DAG(s) 'example_skip_dag' retrieved from /usr/local/python/3.12.1/lib/python3.12/site-packages/airflow/example_dags/example_skip_dag.py
[2026-07-02T16:38:31.646+0000] {logging_mixin.py:188} INFO - [2026-07-02T16:38:31.646+0000] {dag.py:3089} INFO - Sync 1 DAGs
[2026-07-02T16:38:31.661+0000] {logging_mixin.py:188} INFO - [2026-07-02T16:38:31.661+0000] {dag.py:3947} INFO - Setting next_dagrun for example_skip_dag to 2026-07-01 00:00:00+00:00, run_after=2026-07-02 00:00:00+00:00
[2026-07-02T16:38:31.680+0000] {processor.py:183} INFO - Processing /usr/local/python/3.12.1/lib/python3.12/site-packages/airflow/example_dags/example_skip_dag.py took 0.060 seconds
[2026-07-02T16:39:19.872+0000] {processor.py:161} INFO - Started process (PID=140123) to work on /usr/local/python/3.12.1/lib/python3.12/site-packages/airflow/example_dags/example_skip_dag.py
[2026-07-02T16:39:19.875+0000] {processor.py:830} INFO - Processing file /usr/local/python/3.12.1/lib/python3.12/site-packages/airflow/example_dags/example_skip_dag.py for tasks to queue
[2026-07-02T16:39:19.883+0000] {logging_mixin.py:188} INFO - [2026-07-02T16:39:19.882+0000] {dagbag.py:545} INFO - Filling up the DagBag from /usr/local/python/3.12.1/lib/python3.12/site-packages/airflow/example_dags/example_skip_dag.py
[2026-07-02T16:39:19.902+0000] {processor.py:840} INFO - DAG(s) 'example_skip_dag' retrieved from /usr/local/python/3.12.1/lib/python3.12/site-packages/airflow/example_dags/example_skip_dag.py
[2026-07-02T16:39:19.950+0000] {logging_mixin.py:188} INFO - [2026-07-02T16:39:19.949+0000] {dag.py:3089} INFO - Sync 1 DAGs
[2026-07-02T16:39:20.009+0000] {logging_mixin.py:188} INFO - [2026-07-02T16:39:20.008+0000] {dag.py:3947} INFO - Setting next_dagrun for example_skip_dag to 2026-07-01 00:00:00+00:00, run_after=2026-07-02 00:00:00+00:00
[2026-07-02T16:39:20.065+0000] {processor.py:183} INFO - Processing /usr/local/python/3.12.1/lib/python3.12/site-packages/airflow/example_dags/example_skip_dag.py took 0.203 seconds
[2026-07-02T16:40:04.876+0000] {processor.py:161} INFO - Started process (PID=140738) to work on /usr/local/python/3.12.1/lib/python3.12/site-packages/airflow/example_dags/example_skip_dag.py
[2026-07-02T16:40:04.877+0000] {processor.py:830} INFO - Processing file /usr/local/python/3.12.1/lib/python3.12/site-packages/airflow/example_dags/example_skip_dag.py for tasks to queue
[2026-07-02T16:40:04.879+0000] {logging_mixin.py:188} INFO - [2026-07-02T16:40:04.879+0000] {dagbag.py:545} INFO - Filling up the DagBag from /usr/local/python/3.12.1/lib/python3.12/site-packages/airflow/example_dags/example_skip_dag.py
[2026-07-02T16:40:04.897+0000] {processor.py:840} INFO - DAG(s) 'example_skip_dag' retrieved from /usr/local/python/3.12.1/lib/python3.12/site-packages/airflow/example_dags/example_skip_dag.py
[2026-07-02T16:40:04.933+0000] {logging_mixin.py:188} INFO - [2026-07-02T16:40:04.932+0000] {dag.py:3089} INFO - Sync 1 DAGs
[2026-07-02T16:40:04.964+0000] {logging_mixin.py:188} INFO - [2026-07-02T16:40:04.962+0000] {dag.py:3947} INFO - Setting next_dagrun for example_skip_dag to 2026-07-01 00:00:00+00:00, run_after=2026-07-02 00:00:00+00:00
[2026-07-02T16:40:05.007+0000] {processor.py:183} INFO - Processing /usr/local/python/3.12.1/lib/python3.12/site-packages/airflow/example_dags/example_skip_dag.py took 0.140 seconds
[2026-07-02T16:40:59.708+0000] {processor.py:161} INFO - Started process (PID=141649) to work on /usr/local/python/3.12.1/lib/python3.12/site-packages/airflow/example_dags/example_skip_dag.py
[2026-07-02T16:40:59.709+0000] {processor.py:830} INFO - Processing file /usr/local/python/3.12.1/lib/python3.12/site-packages/airflow/example_dags/example_skip_dag.py for tasks to queue
[2026-07-02T16:40:59.711+0000] {logging_mixin.py:188} INFO - [2026-07-02T16:40:59.711+0000] {dagbag.py:545} INFO - Filling up the DagBag from /usr/local/python/3.12.1/lib/python3.12/site-packages/airflow/example_dags/example_skip_dag.py
[2026-07-02T16:40:59.716+0000] {processor.py:840} INFO - DAG(s) 'example_skip_dag' retrieved from /usr/local/python/3.12.1/lib/python3.12/site-packages/airflow/example_dags/example_skip_dag.py
[2026-07-02T16:40:59.733+0000] {logging_mixin.py:188} INFO - [2026-07-02T16:40:59.733+0000] {dag.py:3089} INFO - Sync 1 DAGs
[2026-07-02T16:40:59.761+0000] {logging_mixin.py:188} INFO - [2026-07-02T16:40:59.761+0000] {dag.py:3947} INFO - Setting next_dagrun for example_skip_dag to 2026-07-01 00:00:00+00:00, run_after=2026-07-02 00:00:00+00:00
[2026-07-02T16:40:59.818+0000] {processor.py:183} INFO - Processing /usr/local/python/3.12.1/lib/python3.12/site-packages/airflow/example_dags/example_skip_dag.py took 0.114 seconds
[2026-07-02T16:41:56.737+0000] {processor.py:161} INFO - Started process (PID=142529) to work on /usr/local/python/3.12.1/lib/python3.12/site-packages/airflow/example_dags/example_skip_dag.py
[2026-07-02T16:41:56.742+0000] {processor.py:830} INFO - Processing file /usr/local/python/3.12.1/lib/python3.12/site-packages/airflow/example_dags/example_skip_dag.py for tasks to queue
[2026-07-02T16:41:56.744+0000] {logging_mixin.py:188} INFO - [2026-07-02T16:41:56.744+0000] {dagbag.py:545} INFO - Filling up the DagBag from /usr/local/python/3.12.1/lib/python3.12/site-packages/airflow/example_dags/example_skip_dag.py
[2026-07-02T16:41:56.752+0000] {processor.py:840} INFO - DAG(s) 'example_skip_dag' retrieved from /usr/local/python/3.12.1/lib/python3.12/site-packages/airflow/example_dags/example_skip_dag.py
[2026-07-02T16:41:56.769+0000] {logging_mixin.py:188} INFO - [2026-07-02T16:41:56.769+0000] {dag.py:3089} INFO - Sync 1 DAGs
[2026-07-02T16:41:56.792+0000] {logging_mixin.py:188} INFO - [2026-07-02T16:41:56.792+0000] {dag.py:3947} INFO - Setting next_dagrun for example_skip_dag to 2026-07-01 00:00:00+00:00, run_after=2026-07-02 00:00:00+00:00
[2026-07-02T16:41:56.816+0000] {processor.py:183} INFO - Processing /usr/local/python/3.12.1/lib/python3.12/site-packages/airflow/example_dags/example_skip_dag.py took 0.085 seconds
[2026-07-02T16:43:13.469+0000] {processor.py:161} INFO - Started process (PID=143666) to work on /usr/local/python/3.12.1/lib/python3.12/site-packages/airflow/example_dags/example_skip_dag.py
[2026-07-02T16:43:13.474+0000] {processor.py:830} INFO - Processing file /usr/local/python/3.12.1/lib/python3.12/site-packages/airflow/example_dags/example_skip_dag.py for tasks to queue
[2026-07-02T16:43:13.476+0000] {logging_mixin.py:188} INFO - [2026-07-02T16:43:13.476+0000] {dagbag.py:545} INFO - Filling up the DagBag from /usr/local/python/3.12.1/lib/python3.12/site-packages/airflow/example_dags/example_skip_dag.py
[2026-07-02T16:43:13.485+0000] {processor.py:840} INFO - DAG(s) 'example_skip_dag' retrieved from /usr/local/python/3.12.1/lib/python3.12/site-packages/airflow/example_dags/example_skip_dag.py
[2026-07-02T16:43:13.512+0000] {logging_mixin.py:188} INFO - [2026-07-02T16:43:13.512+0000] {dag.py:3089} INFO - Sync 1 DAGs
[2026-07-02T16:43:13.534+0000] {logging_mixin.py:188} INFO - [2026-07-02T16:43:13.534+0000] {dag.py:3947} INFO - Setting next_dagrun for example_skip_dag to 2026-07-01 00:00:00+00:00, run_after=2026-07-02 00:00:00+00:00
[2026-07-02T16:43:13.552+0000] {processor.py:183} INFO - Processing /usr/local/python/3.12.1/lib/python3.12/site-packages/airflow/example_dags/example_skip_dag.py took 0.089 seconds
[2026-07-02T16:44:19.013+0000] {processor.py:161} INFO - Started process (PID=145303) to work on /usr/local/python/3.12.1/lib/python3.12/site-packages/airflow/example_dags/example_skip_dag.py
[2026-07-02T16:44:19.017+0000] {processor.py:830} INFO - Processing file /usr/local/python/3.12.1/lib/python3.12/site-packages/airflow/example_dags/example_skip_dag.py for tasks to queue
[2026-07-02T16:44:19.018+0000] {logging_mixin.py:188} INFO - [2026-07-02T16:44:19.018+0000] {dagbag.py:545} INFO - Filling up the DagBag from /usr/local/python/3.12.1/lib/python3.12/site-packages/airflow/example_dags/example_skip_dag.py
[2026-07-02T16:44:19.024+0000] {processor.py:840} INFO - DAG(s) 'example_skip_dag' retrieved from /usr/local/python/3.12.1/lib/python3.12/site-packages/airflow/example_dags/example_skip_dag.py
[2026-07-02T16:44:19.037+0000] {logging_mixin.py:188} INFO - [2026-07-02T16:44:19.036+0000] {dag.py:3089} INFO - Sync 1 DAGs
[2026-07-02T16:44:19.051+0000] {logging_mixin.py:188} INFO - [2026-07-02T16:44:19.051+0000] {dag.py:3947} INFO - Setting next_dagrun for example_skip_dag to 2026-07-01 00:00:00+00:00, run_after=2026-07-02 00:00:00+00:00
[2026-07-02T16:44:19.068+0000] {processor.py:183} INFO - Processing /usr/local/python/3.12.1/lib/python3.12/site-packages/airflow/example_dags/example_skip_dag.py took 0.060 seconds
[2026-07-02T16:45:28.443+0000] {processor.py:161} INFO - Started process (PID=147769) to work on /usr/local/python/3.12.1/lib/python3.12/site-packages/airflow/example_dags/example_skip_dag.py
[2026-07-02T16:45:28.454+0000] {processor.py:830} INFO - Processing file /usr/local/python/3.12.1/lib/python3.12/site-packages/airflow/example_dags/example_skip_dag.py for tasks to queue
[2026-07-02T16:45:28.456+0000] {logging_mixin.py:188} INFO - [2026-07-02T16:45:28.455+0000] {dagbag.py:545} INFO - Filling up the DagBag from /usr/local/python/3.12.1/lib/python3.12/site-packages/airflow/example_dags/example_skip_dag.py
[2026-07-02T16:45:28.468+0000] {processor.py:840} INFO - DAG(s) 'example_skip_dag' retrieved from /usr/local/python/3.12.1/lib/python3.12/site-packages/airflow/example_dags/example_skip_dag.py
[2026-07-02T16:45:28.495+0000] {logging_mixin.py:188} INFO - [2026-07-02T16:45:28.494+0000] {dag.py:3089} INFO - Sync 1 DAGs
[2026-07-02T16:45:28.542+0000] {logging_mixin.py:188} INFO - [2026-07-02T16:45:28.541+0000] {dag.py:3947} INFO - Setting next_dagrun for example_skip_dag to 2026-07-01 00:00:00+00:00, run_after=2026-07-02 00:00:00+00:00
[2026-07-02T16:45:28.610+0000] {processor.py:183} INFO - Processing /usr/local/python/3.12.1/lib/python3.12/site-packages/airflow/example_dags/example_skip_dag.py took 0.178 seconds
[2026-07-02T16:46:24.346+0000] {processor.py:161} INFO - Started process (PID=149299) to work on /usr/local/python/3.12.1/lib/python3.12/site-packages/airflow/example_dags/example_skip_dag.py
[2026-07-02T16:46:24.350+0000] {processor.py:830} INFO - Processing file /usr/local/python/3.12.1/lib/python3.12/site-packages/airflow/example_dags/example_skip_dag.py for tasks to queue
[2026-07-02T16:46:24.351+0000] {logging_mixin.py:188} INFO - [2026-07-02T16:46:24.351+0000] {dagbag.py:545} INFO - Filling up the DagBag from /usr/local/python/3.12.1/lib/python3.12/site-packages/airflow/example_dags/example_skip_dag.py
[2026-07-02T16:46:24.357+0000] {processor.py:840} INFO - DAG(s) 'example_skip_dag' retrieved from /usr/local/python/3.12.1/lib/python3.12/site-packages/airflow/example_dags/example_skip_dag.py
[2026-07-02T16:46:24.373+0000] {logging_mixin.py:188} INFO - [2026-07-02T16:46:24.373+0000] {dag.py:3089} INFO - Sync 1 DAGs
[2026-07-02T16:46:24.389+0000] {logging_mixin.py:188} INFO - [2026-07-02T16:46:24.389+0000] {dag.py:3947} INFO - Setting next_dagrun for example_skip_dag to 2026-07-01 00:00:00+00:00, run_after=2026-07-02 00:00:00+00:00
[2026-07-02T16:46:24.412+0000] {processor.py:183} INFO - Processing /usr/local/python/3.12.1/lib/python3.12/site-packages/airflow/example_dags/example_skip_dag.py took 0.071 seconds
[2026-07-02T16:47:23.753+0000] {processor.py:161} INFO - Started process (PID=151592) to work on /usr/local/python/3.12.1/lib/python3.12/site-packages/airflow/example_dags/example_skip_dag.py
[2026-07-02T16:47:23.754+0000] {processor.py:830} INFO - Processing file /usr/local/python/3.12.1/lib/python3.12/site-packages/airflow/example_dags/example_skip_dag.py for tasks to queue
[2026-07-02T16:47:23.756+0000] {logging_mixin.py:188} INFO - [2026-07-02T16:47:23.755+0000] {dagbag.py:545} INFO - Filling up the DagBag from /usr/local/python/3.12.1/lib/python3.12/site-packages/airflow/example_dags/example_skip_dag.py
[2026-07-02T16:47:23.763+0000] {processor.py:840} INFO - DAG(s) 'example_skip_dag' retrieved from /usr/local/python/3.12.1/lib/python3.12/site-packages/airflow/example_dags/example_skip_dag.py
[2026-07-02T16:47:23.785+0000] {logging_mixin.py:188} INFO - [2026-07-02T16:47:23.785+0000] {dag.py:3089} INFO - Sync 1 DAGs
[2026-07-02T16:47:23.808+0000] {logging_mixin.py:188} INFO - [2026-07-02T16:47:23.807+0000] {dag.py:3947} INFO - Setting next_dagrun for example_skip_dag to 2026-07-01 00:00:00+00:00, run_after=2026-07-02 00:00:00+00:00
[2026-07-02T16:47:23.840+0000] {processor.py:183} INFO - Processing /usr/local/python/3.12.1/lib/python3.12/site-packages/airflow/example_dags/example_skip_dag.py took 0.095 seconds
[2026-07-02T16:48:20.179+0000] {processor.py:161} INFO - Started process (PID=152822) to work on /usr/local/python/3.12.1/lib/python3.12/site-packages/airflow/example_dags/example_skip_dag.py
[2026-07-02T16:48:20.181+0000] {processor.py:830} INFO - Processing file /usr/local/python/3.12.1/lib/python3.12/site-packages/airflow/example_dags/example_skip_dag.py for tasks to queue
[2026-07-02T16:48:20.183+0000] {logging_mixin.py:188} INFO - [2026-07-02T16:48:20.183+0000] {dagbag.py:545} INFO - Filling up the DagBag from /usr/local/python/3.12.1/lib/python3.12/site-packages/airflow/example_dags/example_skip_dag.py
[2026-07-02T16:48:20.192+0000] {processor.py:840} INFO - DAG(s) 'example_skip_dag' retrieved from /usr/local/python/3.12.1/lib/python3.12/site-packages/airflow/example_dags/example_skip_dag.py
[2026-07-02T16:48:20.206+0000] {logging_mixin.py:188} INFO - [2026-07-02T16:48:20.206+0000] {dag.py:3089} INFO - Sync 1 DAGs
[2026-07-02T16:48:20.222+0000] {logging_mixin.py:188} INFO - [2026-07-02T16:48:20.222+0000] {dag.py:3947} INFO - Setting next_dagrun for example_skip_dag to 2026-07-01 00:00:00+00:00, run_after=2026-07-02 00:00:00+00:00
[2026-07-02T16:48:20.240+0000] {processor.py:183} INFO - Processing /usr/local/python/3.12.1/lib/python3.12/site-packages/airflow/example_dags/example_skip_dag.py took 0.067 seconds
[2026-07-02T16:49:07.261+0000] {processor.py:161} INFO - Started process (PID=153540) to work on /usr/local/python/3.12.1/lib/python3.12/site-packages/airflow/example_dags/example_skip_dag.py
[2026-07-02T16:49:07.262+0000] {processor.py:830} INFO - Processing file /usr/local/python/3.12.1/lib/python3.12/site-packages/airflow/example_dags/example_skip_dag.py for tasks to queue
[2026-07-02T16:49:07.263+0000] {logging_mixin.py:188} INFO - [2026-07-02T16:49:07.263+0000] {dagbag.py:545} INFO - Filling up the DagBag from /usr/local/python/3.12.1/lib/python3.12/site-packages/airflow/example_dags/example_skip_dag.py
[2026-07-02T16:49:07.269+0000] {processor.py:840} INFO - DAG(s) 'example_skip_dag' retrieved from /usr/local/python/3.12.1/lib/python3.12/site-packages/airflow/example_dags/example_skip_dag.py
[2026-07-02T16:49:07.285+0000] {logging_mixin.py:188} INFO - [2026-07-02T16:49:07.285+0000] {dag.py:3089} INFO - Sync 1 DAGs
[2026-07-02T16:49:07.304+0000] {logging_mixin.py:188} INFO - [2026-07-02T16:49:07.304+0000] {dag.py:3947} INFO - Setting next_dagrun for example_skip_dag to 2026-07-01 00:00:00+00:00, run_after=2026-07-02 00:00:00+00:00
[2026-07-02T16:49:07.321+0000] {processor.py:183} INFO - Processing /usr/local/python/3.12.1/lib/python3.12/site-packages/airflow/example_dags/example_skip_dag.py took 0.065 seconds
[2026-07-02T16:49:54.619+0000] {processor.py:161} INFO - Started process (PID=154167) to work on /usr/local/python/3.12.1/lib/python3.12/site-packages/airflow/example_dags/example_skip_dag.py
[2026-07-02T16:49:54.620+0000] {processor.py:830} INFO - Processing file /usr/local/python/3.12.1/lib/python3.12/site-packages/airflow/example_dags/example_skip_dag.py for tasks to queue
[2026-07-02T16:49:54.621+0000] {logging_mixin.py:188} INFO - [2026-07-02T16:49:54.621+0000] {dagbag.py:545} INFO - Filling up the DagBag from /usr/local/python/3.12.1/lib/python3.12/site-packages/airflow/example_dags/example_skip_dag.py
[2026-07-02T16:49:54.627+0000] {processor.py:840} INFO - DAG(s) 'example_skip_dag' retrieved from /usr/local/python/3.12.1/lib/python3.12/site-packages/airflow/example_dags/example_skip_dag.py
[2026-07-02T16:49:54.640+0000] {logging_mixin.py:188} INFO - [2026-07-02T16:49:54.639+0000] {dag.py:3089} INFO - Sync 1 DAGs
[2026-07-02T16:49:54.656+0000] {logging_mixin.py:188} INFO - [2026-07-02T16:49:54.655+0000] {dag.py:3947} INFO - Setting next_dagrun for example_skip_dag to 2026-07-01 00:00:00+00:00, run_after=2026-07-02 00:00:00+00:00
[2026-07-02T16:49:54.674+0000] {processor.py:183} INFO - Processing /usr/local/python/3.12.1/lib/python3.12/site-packages/airflow/example_dags/example_skip_dag.py took 0.059 seconds
[2026-07-02T16:50:40.448+0000] {processor.py:161} INFO - Started process (PID=154743) to work on /usr/local/python/3.12.1/lib/python3.12/site-packages/airflow/example_dags/example_skip_dag.py
[2026-07-02T16:50:40.449+0000] {processor.py:830} INFO - Processing file /usr/local/python/3.12.1/lib/python3.12/site-packages/airflow/example_dags/example_skip_dag.py for tasks to queue
[2026-07-02T16:50:40.451+0000] {logging_mixin.py:188} INFO - [2026-07-02T16:50:40.450+0000] {dagbag.py:545} INFO - Filling up the DagBag from /usr/local/python/3.12.1/lib/python3.12/site-packages/airflow/example_dags/example_skip_dag.py
[2026-07-02T16:50:40.456+0000] {processor.py:840} INFO - DAG(s) 'example_skip_dag' retrieved from /usr/local/python/3.12.1/lib/python3.12/site-packages/airflow/example_dags/example_skip_dag.py
[2026-07-02T16:50:40.469+0000] {logging_mixin.py:188} INFO - [2026-07-02T16:50:40.469+0000] {dag.py:3089} INFO - Sync 1 DAGs
[2026-07-02T16:50:40.486+0000] {logging_mixin.py:188} INFO - [2026-07-02T16:50:40.485+0000] {dag.py:3947} INFO - Setting next_dagrun for example_skip_dag to 2026-07-01 00:00:00+00:00, run_after=2026-07-02 00:00:00+00:00
[2026-07-02T16:50:40.503+0000] {processor.py:183} INFO - Processing /usr/local/python/3.12.1/lib/python3.12/site-packages/airflow/example_dags/example_skip_dag.py took 0.060 seconds
[2026-07-02T16:51:27.138+0000] {processor.py:161} INFO - Started process (PID=155230) to work on /usr/local/python/3.12.1/lib/python3.12/site-packages/airflow/example_dags/example_skip_dag.py
[2026-07-02T16:51:27.139+0000] {processor.py:830} INFO - Processing file /usr/local/python/3.12.1/lib/python3.12/site-packages/airflow/example_dags/example_skip_dag.py for tasks to queue
[2026-07-02T16:51:27.142+0000] {logging_mixin.py:188} INFO - [2026-07-02T16:51:27.141+0000] {dagbag.py:545} INFO - Filling up the DagBag from /usr/local/python/3.12.1/lib/python3.12/site-packages/airflow/example_dags/example_skip_dag.py
[2026-07-02T16:51:27.150+0000] {processor.py:840} INFO - DAG(s) 'example_skip_dag' retrieved from /usr/local/python/3.12.1/lib/python3.12/site-packages/airflow/example_dags/example_skip_dag.py
[2026-07-02T16:51:27.168+0000] {logging_mixin.py:188} INFO - [2026-07-02T16:51:27.168+0000] {dag.py:3089} INFO - Sync 1 DAGs
[2026-07-02T16:51:27.189+0000] {logging_mixin.py:188} INFO - [2026-07-02T16:51:27.189+0000] {dag.py:3947} INFO - Setting next_dagrun for example_skip_dag to 2026-07-01 00:00:00+00:00, run_after=2026-07-02 00:00:00+00:00
[2026-07-02T16:51:27.217+0000] {processor.py:183} INFO - Processing /usr/local/python/3.12.1/lib/python3.12/site-packages/airflow/example_dags/example_skip_dag.py took 0.085 seconds
[2026-07-02T16:52:09.466+0000] {processor.py:161} INFO - Started process (PID=155719) to work on /usr/local/python/3.12.1/lib/python3.12/site-packages/airflow/example_dags/example_skip_dag.py
[2026-07-02T16:52:09.467+0000] {processor.py:830} INFO - Processing file /usr/local/python/3.12.1/lib/python3.12/site-packages/airflow/example_dags/example_skip_dag.py for tasks to queue
[2026-07-02T16:52:09.468+0000] {logging_mixin.py:188} INFO - [2026-07-02T16:52:09.468+0000] {dagbag.py:545} INFO - Filling up the DagBag from /usr/local/python/3.12.1/lib/python3.12/site-packages/airflow/example_dags/example_skip_dag.py
[2026-07-02T16:52:09.474+0000] {processor.py:840} INFO - DAG(s) 'example_skip_dag' retrieved from /usr/local/python/3.12.1/lib/python3.12/site-packages/airflow/example_dags/example_skip_dag.py
[2026-07-02T16:52:09.487+0000] {logging_mixin.py:188} INFO - [2026-07-02T16:52:09.486+0000] {dag.py:3089} INFO - Sync 1 DAGs
[2026-07-02T16:52:09.502+0000] {logging_mixin.py:188} INFO - [2026-07-02T16:52:09.502+0000] {dag.py:3947} INFO - Setting next_dagrun for example_skip_dag to 2026-07-01 00:00:00+00:00, run_after=2026-07-02 00:00:00+00:00
[2026-07-02T16:52:09.519+0000] {processor.py:183} INFO - Processing /usr/local/python/3.12.1/lib/python3.12/site-packages/airflow/example_dags/example_skip_dag.py took 0.057 seconds
[2026-07-02T16:52:50.136+0000] {processor.py:161} INFO - Started process (PID=156142) to work on /usr/local/python/3.12.1/lib/python3.12/site-packages/airflow/example_dags/example_skip_dag.py
[2026-07-02T16:52:50.137+0000] {processor.py:830} INFO - Processing file /usr/local/python/3.12.1/lib/python3.12/site-packages/airflow/example_dags/example_skip_dag.py for tasks to queue
[2026-07-02T16:52:50.139+0000] {logging_mixin.py:188} INFO - [2026-07-02T16:52:50.139+0000] {dagbag.py:545} INFO - Filling up the DagBag from /usr/local/python/3.12.1/lib/python3.12/site-packages/airflow/example_dags/example_skip_dag.py
[2026-07-02T16:52:50.147+0000] {processor.py:840} INFO - DAG(s) 'example_skip_dag' retrieved from /usr/local/python/3.12.1/lib/python3.12/site-packages/airflow/example_dags/example_skip_dag.py
[2026-07-02T16:52:50.168+0000] {logging_mixin.py:188} INFO - [2026-07-02T16:52:50.167+0000] {dag.py:3089} INFO - Sync 1 DAGs
[2026-07-02T16:52:50.192+0000] {logging_mixin.py:188} INFO - [2026-07-02T16:52:50.191+0000] {dag.py:3947} INFO - Setting next_dagrun for example_skip_dag to 2026-07-01 00:00:00+00:00, run_after=2026-07-02 00:00:00+00:00
[2026-07-02T16:52:50.221+0000] {processor.py:183} INFO - Processing /usr/local/python/3.12.1/lib/python3.12/site-packages/airflow/example_dags/example_skip_dag.py took 0.093 seconds
[2026-07-02T16:53:31.960+0000] {processor.py:161} INFO - Started process (PID=156610) to work on /usr/local/python/3.12.1/lib/python3.12/site-packages/airflow/example_dags/example_skip_dag.py
[2026-07-02T16:53:31.961+0000] {processor.py:830} INFO - Processing file /usr/local/python/3.12.1/lib/python3.12/site-packages/airflow/example_dags/example_skip_dag.py for tasks to queue
[2026-07-02T16:53:31.962+0000] {logging_mixin.py:188} INFO - [2026-07-02T16:53:31.962+0000] {dagbag.py:545} INFO - Filling up the DagBag from /usr/local/python/3.12.1/lib/python3.12/site-packages/airflow/example_dags/example_skip_dag.py
[2026-07-02T16:53:31.967+0000] {processor.py:840} INFO - DAG(s) 'example_skip_dag' retrieved from /usr/local/python/3.12.1/lib/python3.12/site-packages/airflow/example_dags/example_skip_dag.py
[2026-07-02T16:53:31.983+0000] {logging_mixin.py:188} INFO - [2026-07-02T16:53:31.983+0000] {dag.py:3089} INFO - Sync 1 DAGs
[2026-07-02T16:53:32.002+0000] {logging_mixin.py:188} INFO - [2026-07-02T16:53:32.001+0000] {dag.py:3947} INFO - Setting next_dagrun for example_skip_dag to 2026-07-01 00:00:00+00:00, run_after=2026-07-02 00:00:00+00:00
[2026-07-02T16:53:32.020+0000] {processor.py:183} INFO - Processing /usr/local/python/3.12.1/lib/python3.12/site-packages/airflow/example_dags/example_skip_dag.py took 0.066 seconds
[2026-07-02T16:54:10.617+0000] {processor.py:161} INFO - Started process (PID=156979) to work on /usr/local/python/3.12.1/lib/python3.12/site-packages/airflow/example_dags/example_skip_dag.py
[2026-07-02T16:54:10.617+0000] {processor.py:830} INFO - Processing file /usr/local/python/3.12.1/lib/python3.12/site-packages/airflow/example_dags/example_skip_dag.py for tasks to queue
[2026-07-02T16:54:10.619+0000] {logging_mixin.py:188} INFO - [2026-07-02T16:54:10.618+0000] {dagbag.py:545} INFO - Filling up the DagBag from /usr/local/python/3.12.1/lib/python3.12/site-packages/airflow/example_dags/example_skip_dag.py
[2026-07-02T16:54:10.624+0000] {processor.py:840} INFO - DAG(s) 'example_skip_dag' retrieved from /usr/local/python/3.12.1/lib/python3.12/site-packages/airflow/example_dags/example_skip_dag.py
[2026-07-02T16:54:10.637+0000] {logging_mixin.py:188} INFO - [2026-07-02T16:54:10.637+0000] {dag.py:3089} INFO - Sync 1 DAGs
[2026-07-02T16:54:10.653+0000] {logging_mixin.py:188} INFO - [2026-07-02T16:54:10.652+0000] {dag.py:3947} INFO - Setting next_dagrun for example_skip_dag to 2026-07-01 00:00:00+00:00, run_after=2026-07-02 00:00:00+00:00
[2026-07-02T16:54:10.669+0000] {processor.py:183} INFO - Processing /usr/local/python/3.12.1/lib/python3.12/site-packages/airflow/example_dags/example_skip_dag.py took 0.057 seconds
[2026-07-02T16:55:03.954+0000] {processor.py:161} INFO - Started process (PID=157539) to work on /usr/local/python/3.12.1/lib/python3.12/site-packages/airflow/example_dags/example_skip_dag.py
[2026-07-02T16:55:03.955+0000] {processor.py:830} INFO - Processing file /usr/local/python/3.12.1/lib/python3.12/site-packages/airflow/example_dags/example_skip_dag.py for tasks to queue
[2026-07-02T16:55:03.956+0000] {logging_mixin.py:188} INFO - [2026-07-02T16:55:03.956+0000] {dagbag.py:545} INFO - Filling up the DagBag from /usr/local/python/3.12.1/lib/python3.12/site-packages/airflow/example_dags/example_skip_dag.py
[2026-07-02T16:55:03.961+0000] {processor.py:840} INFO - DAG(s) 'example_skip_dag' retrieved from /usr/local/python/3.12.1/lib/python3.12/site-packages/airflow/example_dags/example_skip_dag.py
[2026-07-02T16:55:03.976+0000] {logging_mixin.py:188} INFO - [2026-07-02T16:55:03.975+0000] {dag.py:3089} INFO - Sync 1 DAGs
[2026-07-02T16:55:03.997+0000] {logging_mixin.py:188} INFO - [2026-07-02T16:55:03.997+0000] {dag.py:3947} INFO - Setting next_dagrun for example_skip_dag to 2026-07-01 00:00:00+00:00, run_after=2026-07-02 00:00:00+00:00
[2026-07-02T16:55:04.017+0000] {processor.py:183} INFO - Processing /usr/local/python/3.12.1/lib/python3.12/site-packages/airflow/example_dags/example_skip_dag.py took 0.067 seconds
[2026-07-02T16:55:46.822+0000] {processor.py:161} INFO - Started process (PID=158026) to work on /usr/local/python/3.12.1/lib/python3.12/site-packages/airflow/example_dags/example_skip_dag.py
[2026-07-02T16:55:46.823+0000] {processor.py:830} INFO - Processing file /usr/local/python/3.12.1/lib/python3.12/site-packages/airflow/example_dags/example_skip_dag.py for tasks to queue
[2026-07-02T16:55:46.824+0000] {logging_mixin.py:188} INFO - [2026-07-02T16:55:46.824+0000] {dagbag.py:545} INFO - Filling up the DagBag from /usr/local/python/3.12.1/lib/python3.12/site-packages/airflow/example_dags/example_skip_dag.py
[2026-07-02T16:55:46.829+0000] {processor.py:840} INFO - DAG(s) 'example_skip_dag' retrieved from /usr/local/python/3.12.1/lib/python3.12/site-packages/airflow/example_dags/example_skip_dag.py
[2026-07-02T16:55:46.842+0000] {logging_mixin.py:188} INFO - [2026-07-02T16:55:46.842+0000] {dag.py:3089} INFO - Sync 1 DAGs
[2026-07-02T16:55:46.857+0000] {logging_mixin.py:188} INFO - [2026-07-02T16:55:46.857+0000] {dag.py:3947} INFO - Setting next_dagrun for example_skip_dag to 2026-07-01 00:00:00+00:00, run_after=2026-07-02 00:00:00+00:00
[2026-07-02T16:55:46.872+0000] {processor.py:183} INFO - Processing /usr/local/python/3.12.1/lib/python3.12/site-packages/airflow/example_dags/example_skip_dag.py took 0.055 seconds
[2026-07-02T16:56:28.069+0000] {processor.py:161} INFO - Started process (PID=158453) to work on /usr/local/python/3.12.1/lib/python3.12/site-packages/airflow/example_dags/example_skip_dag.py
[2026-07-02T16:56:28.070+0000] {processor.py:830} INFO - Processing file /usr/local/python/3.12.1/lib/python3.12/site-packages/airflow/example_dags/example_skip_dag.py for tasks to queue
[2026-07-02T16:56:28.072+0000] {logging_mixin.py:188} INFO - [2026-07-02T16:56:28.071+0000] {dagbag.py:545} INFO - Filling up the DagBag from /usr/local/python/3.12.1/lib/python3.12/site-packages/airflow/example_dags/example_skip_dag.py
[2026-07-02T16:56:28.078+0000] {processor.py:840} INFO - DAG(s) 'example_skip_dag' retrieved from /usr/local/python/3.12.1/lib/python3.12/site-packages/airflow/example_dags/example_skip_dag.py
[2026-07-02T16:56:28.096+0000] {logging_mixin.py:188} INFO - [2026-07-02T16:56:28.096+0000] {dag.py:3089} INFO - Sync 1 DAGs
[2026-07-02T16:56:28.112+0000] {logging_mixin.py:188} INFO - [2026-07-02T16:56:28.112+0000] {dag.py:3947} INFO - Setting next_dagrun for example_skip_dag to 2026-07-01 00:00:00+00:00, run_after=2026-07-02 00:00:00+00:00
[2026-07-02T16:56:28.130+0000] {processor.py:183} INFO - Processing /usr/local/python/3.12.1/lib/python3.12/site-packages/airflow/example_dags/example_skip_dag.py took 0.065 seconds
[2026-07-02T16:57:09.066+0000] {processor.py:161} INFO - Started process (PID=158884) to work on /usr/local/python/3.12.1/lib/python3.12/site-packages/airflow/example_dags/example_skip_dag.py
[2026-07-02T16:57:09.066+0000] {processor.py:830} INFO - Processing file /usr/local/python/3.12.1/lib/python3.12/site-packages/airflow/example_dags/example_skip_dag.py for tasks to queue
[2026-07-02T16:57:09.068+0000] {logging_mixin.py:188} INFO - [2026-07-02T16:57:09.067+0000] {dagbag.py:545} INFO - Filling up the DagBag from /usr/local/python/3.12.1/lib/python3.12/site-packages/airflow/example_dags/example_skip_dag.py
[2026-07-02T16:57:09.073+0000] {processor.py:840} INFO - DAG(s) 'example_skip_dag' retrieved from /usr/local/python/3.12.1/lib/python3.12/site-packages/airflow/example_dags/example_skip_dag.py
[2026-07-02T16:57:09.092+0000] {logging_mixin.py:188} INFO - [2026-07-02T16:57:09.092+0000] {dag.py:3089} INFO - Sync 1 DAGs
[2026-07-02T16:57:09.110+0000] {logging_mixin.py:188} INFO - [2026-07-02T16:57:09.109+0000] {dag.py:3947} INFO - Setting next_dagrun for example_skip_dag to 2026-07-01 00:00:00+00:00, run_after=2026-07-02 00:00:00+00:00
[2026-07-02T16:57:09.126+0000] {processor.py:183} INFO - Processing /usr/local/python/3.12.1/lib/python3.12/site-packages/airflow/example_dags/example_skip_dag.py took 0.065 seconds
[2026-07-02T16:57:51.423+0000] {processor.py:161} INFO - Started process (PID=159313) to work on /usr/local/python/3.12.1/lib/python3.12/site-packages/airflow/example_dags/example_skip_dag.py
[2026-07-02T16:57:51.424+0000] {processor.py:830} INFO - Processing file /usr/local/python/3.12.1/lib/python3.12/site-packages/airflow/example_dags/example_skip_dag.py for tasks to queue
[2026-07-02T16:57:51.425+0000] {logging_mixin.py:188} INFO - [2026-07-02T16:57:51.425+0000] {dagbag.py:545} INFO - Filling up the DagBag from /usr/local/python/3.12.1/lib/python3.12/site-packages/airflow/example_dags/example_skip_dag.py
[2026-07-02T16:57:51.431+0000] {processor.py:840} INFO - DAG(s) 'example_skip_dag' retrieved from /usr/local/python/3.12.1/lib/python3.12/site-packages/airflow/example_dags/example_skip_dag.py
[2026-07-02T16:57:51.444+0000] {logging_mixin.py:188} INFO - [2026-07-02T16:57:51.444+0000] {dag.py:3089} INFO - Sync 1 DAGs
[2026-07-02T16:57:51.464+0000] {logging_mixin.py:188} INFO - [2026-07-02T16:57:51.464+0000] {dag.py:3947} INFO - Setting next_dagrun for example_skip_dag to 2026-07-01 00:00:00+00:00, run_after=2026-07-02 00:00:00+00:00
[2026-07-02T16:57:51.483+0000] {processor.py:183} INFO - Processing /usr/local/python/3.12.1/lib/python3.12/site-packages/airflow/example_dags/example_skip_dag.py took 0.064 seconds
[2026-07-02T16:58:34.190+0000] {processor.py:161} INFO - Started process (PID=159812) to work on /usr/local/python/3.12.1/lib/python3.12/site-packages/airflow/example_dags/example_skip_dag.py
[2026-07-02T16:58:34.191+0000] {processor.py:830} INFO - Processing file /usr/local/python/3.12.1/lib/python3.12/site-packages/airflow/example_dags/example_skip_dag.py for tasks to queue
[2026-07-02T16:58:34.193+0000] {logging_mixin.py:188} INFO - [2026-07-02T16:58:34.193+0000] {dagbag.py:545} INFO - Filling up the DagBag from /usr/local/python/3.12.1/lib/python3.12/site-packages/airflow/example_dags/example_skip_dag.py
[2026-07-02T16:58:34.201+0000] {processor.py:840} INFO - DAG(s) 'example_skip_dag' retrieved from /usr/local/python/3.12.1/lib/python3.12/site-packages/airflow/example_dags/example_skip_dag.py
[2026-07-02T16:58:34.216+0000] {logging_mixin.py:188} INFO - [2026-07-02T16:58:34.216+0000] {dag.py:3089} INFO - Sync 1 DAGs
[2026-07-02T16:58:34.231+0000] {logging_mixin.py:188} INFO - [2026-07-02T16:58:34.231+0000] {dag.py:3947} INFO - Setting next_dagrun for example_skip_dag to 2026-07-01 00:00:00+00:00, run_after=2026-07-02 00:00:00+00:00
[2026-07-02T16:58:34.249+0000] {processor.py:183} INFO - Processing /usr/local/python/3.12.1/lib/python3.12/site-packages/airflow/example_dags/example_skip_dag.py took 0.065 seconds
[2026-07-02T16:59:14.144+0000] {processor.py:161} INFO - Started process (PID=160230) to work on /usr/local/python/3.12.1/lib/python3.12/site-packages/airflow/example_dags/example_skip_dag.py
[2026-07-02T16:59:14.145+0000] {processor.py:830} INFO - Processing file /usr/local/python/3.12.1/lib/python3.12/site-packages/airflow/example_dags/example_skip_dag.py for tasks to queue
[2026-07-02T16:59:14.146+0000] {logging_mixin.py:188} INFO - [2026-07-02T16:59:14.146+0000] {dagbag.py:545} INFO - Filling up the DagBag from /usr/local/python/3.12.1/lib/python3.12/site-packages/airflow/example_dags/example_skip_dag.py
[2026-07-02T16:59:14.152+0000] {processor.py:840} INFO - DAG(s) 'example_skip_dag' retrieved from /usr/local/python/3.12.1/lib/python3.12/site-packages/airflow/example_dags/example_skip_dag.py
[2026-07-02T16:59:14.165+0000] {logging_mixin.py:188} INFO - [2026-07-02T16:59:14.164+0000] {dag.py:3089} INFO - Sync 1 DAGs
[2026-07-02T16:59:14.182+0000] {logging_mixin.py:188} INFO - [2026-07-02T16:59:14.181+0000] {dag.py:3947} INFO - Setting next_dagrun for example_skip_dag to 2026-07-01 00:00:00+00:00, run_after=2026-07-02 00:00:00+00:00
[2026-07-02T16:59:14.201+0000] {processor.py:183} INFO - Processing /usr/local/python/3.12.1/lib/python3.12/site-packages/airflow/example_dags/example_skip_dag.py took 0.062 seconds
[2026-07-02T16:59:54.868+0000] {processor.py:161} INFO - Started process (PID=160646) to work on /usr/local/python/3.12.1/lib/python3.12/site-packages/airflow/example_dags/example_skip_dag.py
[2026-07-02T16:59:54.869+0000] {processor.py:830} INFO - Processing file /usr/local/python/3.12.1/lib/python3.12/site-packages/airflow/example_dags/example_skip_dag.py for tasks to queue
[2026-07-02T16:59:54.871+0000] {logging_mixin.py:188} INFO - [2026-07-02T16:59:54.870+0000] {dagbag.py:545} INFO - Filling up the DagBag from /usr/local/python/3.12.1/lib/python3.12/site-packages/airflow/example_dags/example_skip_dag.py
[2026-07-02T16:59:54.877+0000] {processor.py:840} INFO - DAG(s) 'example_skip_dag' retrieved from /usr/local/python/3.12.1/lib/python3.12/site-packages/airflow/example_dags/example_skip_dag.py
[2026-07-02T16:59:54.895+0000] {logging_mixin.py:188} INFO - [2026-07-02T16:59:54.895+0000] {dag.py:3089} INFO - Sync 1 DAGs
[2026-07-02T16:59:54.910+0000] {logging_mixin.py:188} INFO - [2026-07-02T16:59:54.910+0000] {dag.py:3947} INFO - Setting next_dagrun for example_skip_dag to 2026-07-01 00:00:00+00:00, run_after=2026-07-02 00:00:00+00:00
[2026-07-02T16:59:54.927+0000] {processor.py:183} INFO - Processing /usr/local/python/3.12.1/lib/python3.12/site-packages/airflow/example_dags/example_skip_dag.py took 0.063 seconds
[2026-07-02T17:00:35.941+0000] {processor.py:161} INFO - Started process (PID=161086) to work on /usr/local/python/3.12.1/lib/python3.12/site-packages/airflow/example_dags/example_skip_dag.py
[2026-07-02T17:00:35.942+0000] {processor.py:830} INFO - Processing file /usr/local/python/3.12.1/lib/python3.12/site-packages/airflow/example_dags/example_skip_dag.py for tasks to queue
[2026-07-02T17:00:35.944+0000] {logging_mixin.py:188} INFO - [2026-07-02T17:00:35.943+0000] {dagbag.py:545} INFO - Filling up the DagBag from /usr/local/python/3.12.1/lib/python3.12/site-packages/airflow/example_dags/example_skip_dag.py
[2026-07-02T17:00:35.949+0000] {processor.py:840} INFO - DAG(s) 'example_skip_dag' retrieved from /usr/local/python/3.12.1/lib/python3.12/site-packages/airflow/example_dags/example_skip_dag.py
[2026-07-02T17:00:35.962+0000] {logging_mixin.py:188} INFO - [2026-07-02T17:00:35.962+0000] {dag.py:3089} INFO - Sync 1 DAGs
[2026-07-02T17:00:35.977+0000] {logging_mixin.py:188} INFO - [2026-07-02T17:00:35.977+0000] {dag.py:3947} INFO - Setting next_dagrun for example_skip_dag to 2026-07-01 00:00:00+00:00, run_after=2026-07-02 00:00:00+00:00
[2026-07-02T17:00:35.999+0000] {processor.py:183} INFO - Processing /usr/local/python/3.12.1/lib/python3.12/site-packages/airflow/example_dags/example_skip_dag.py took 0.062 seconds
[2026-07-02T17:01:16.454+0000] {processor.py:161} INFO - Started process (PID=161526) to work on /usr/local/python/3.12.1/lib/python3.12/site-packages/airflow/example_dags/example_skip_dag.py
[2026-07-02T17:01:16.455+0000] {processor.py:830} INFO - Processing file /usr/local/python/3.12.1/lib/python3.12/site-packages/airflow/example_dags/example_skip_dag.py for tasks to queue
[2026-07-02T17:01:16.457+0000] {logging_mixin.py:188} INFO - [2026-07-02T17:01:16.456+0000] {dagbag.py:545} INFO - Filling up the DagBag from /usr/local/python/3.12.1/lib/python3.12/site-packages/airflow/example_dags/example_skip_dag.py
[2026-07-02T17:01:16.462+0000] {processor.py:840} INFO - DAG(s) 'example_skip_dag' retrieved from /usr/local/python/3.12.1/lib/python3.12/site-packages/airflow/example_dags/example_skip_dag.py
[2026-07-02T17:01:16.477+0000] {logging_mixin.py:188} INFO - [2026-07-02T17:01:16.477+0000] {dag.py:3089} INFO - Sync 1 DAGs
[2026-07-02T17:01:16.501+0000] {logging_mixin.py:188} INFO - [2026-07-02T17:01:16.501+0000] {dag.py:3947} INFO - Setting next_dagrun for example_skip_dag to 2026-07-01 00:00:00+00:00, run_after=2026-07-02 00:00:00+00:00
[2026-07-02T17:01:16.518+0000] {processor.py:183} INFO - Processing /usr/local/python/3.12.1/lib/python3.12/site-packages/airflow/example_dags/example_skip_dag.py took 0.069 seconds
[2026-07-02T17:01:58.881+0000] {processor.py:161} INFO - Started process (PID=161954) to work on /usr/local/python/3.12.1/lib/python3.12/site-packages/airflow/example_dags/example_skip_dag.py
[2026-07-02T17:01:58.882+0000] {processor.py:830} INFO - Processing file /usr/local/python/3.12.1/lib/python3.12/site-packages/airflow/example_dags/example_skip_dag.py for tasks to queue
[2026-07-02T17:01:58.884+0000] {logging_mixin.py:188} INFO - [2026-07-02T17:01:58.884+0000] {dagbag.py:545} INFO - Filling up the DagBag from /usr/local/python/3.12.1/lib/python3.12/site-packages/airflow/example_dags/example_skip_dag.py
[2026-07-02T17:01:58.891+0000] {processor.py:840} INFO - DAG(s) 'example_skip_dag' retrieved from /usr/local/python/3.12.1/lib/python3.12/site-packages/airflow/example_dags/example_skip_dag.py
[2026-07-02T17:01:58.911+0000] {logging_mixin.py:188} INFO - [2026-07-02T17:01:58.911+0000] {dag.py:3089} INFO - Sync 1 DAGs
[2026-07-02T17:01:58.933+0000] {logging_mixin.py:188} INFO - [2026-07-02T17:01:58.933+0000] {dag.py:3947} INFO - Setting next_dagrun for example_skip_dag to 2026-07-01 00:00:00+00:00, run_after=2026-07-02 00:00:00+00:00
[2026-07-02T17:01:58.950+0000] {processor.py:183} INFO - Processing /usr/local/python/3.12.1/lib/python3.12/site-packages/airflow/example_dags/example_skip_dag.py took 0.075 seconds
[2026-07-02T17:02:43.940+0000] {processor.py:161} INFO - Started process (PID=162454) to work on /usr/local/python/3.12.1/lib/python3.12/site-packages/airflow/example_dags/example_skip_dag.py
[2026-07-02T17:02:43.941+0000] {processor.py:830} INFO - Processing file /usr/local/python/3.12.1/lib/python3.12/site-packages/airflow/example_dags/example_skip_dag.py for tasks to queue
[2026-07-02T17:02:43.942+0000] {logging_mixin.py:188} INFO - [2026-07-02T17:02:43.942+0000] {dagbag.py:545} INFO - Filling up the DagBag from /usr/local/python/3.12.1/lib/python3.12/site-packages/airflow/example_dags/example_skip_dag.py
[2026-07-02T17:02:43.947+0000] {processor.py:840} INFO - DAG(s) 'example_skip_dag' retrieved from /usr/local/python/3.12.1/lib/python3.12/site-packages/airflow/example_dags/example_skip_dag.py
[2026-07-02T17:02:43.960+0000] {logging_mixin.py:188} INFO - [2026-07-02T17:02:43.960+0000] {dag.py:3089} INFO - Sync 1 DAGs
[2026-07-02T17:02:43.977+0000] {logging_mixin.py:188} INFO - [2026-07-02T17:02:43.976+0000] {dag.py:3947} INFO - Setting next_dagrun for example_skip_dag to 2026-07-01 00:00:00+00:00, run_after=2026-07-02 00:00:00+00:00
[2026-07-02T17:02:44.013+0000] {processor.py:183} INFO - Processing /usr/local/python/3.12.1/lib/python3.12/site-packages/airflow/example_dags/example_skip_dag.py took 0.078 seconds
[2026-07-02T17:03:26.770+0000] {processor.py:161} INFO - Started process (PID=162896) to work on /usr/local/python/3.12.1/lib/python3.12/site-packages/airflow/example_dags/example_skip_dag.py
[2026-07-02T17:03:26.771+0000] {processor.py:830} INFO - Processing file /usr/local/python/3.12.1/lib/python3.12/site-packages/airflow/example_dags/example_skip_dag.py for tasks to queue
[2026-07-02T17:03:26.773+0000] {logging_mixin.py:188} INFO - [2026-07-02T17:03:26.772+0000] {dagbag.py:545} INFO - Filling up the DagBag from /usr/local/python/3.12.1/lib/python3.12/site-packages/airflow/example_dags/example_skip_dag.py
[2026-07-02T17:03:26.779+0000] {processor.py:840} INFO - DAG(s) 'example_skip_dag' retrieved from /usr/local/python/3.12.1/lib/python3.12/site-packages/airflow/example_dags/example_skip_dag.py
[2026-07-02T17:03:26.796+0000] {logging_mixin.py:188} INFO - [2026-07-02T17:03:26.796+0000] {dag.py:3089} INFO - Sync 1 DAGs
[2026-07-02T17:03:26.811+0000] {logging_mixin.py:188} INFO - [2026-07-02T17:03:26.811+0000] {dag.py:3947} INFO - Setting next_dagrun for example_skip_dag to 2026-07-01 00:00:00+00:00, run_after=2026-07-02 00:00:00+00:00
[2026-07-02T17:03:26.827+0000] {processor.py:183} INFO - Processing /usr/local/python/3.12.1/lib/python3.12/site-packages/airflow/example_dags/example_skip_dag.py took 0.061 seconds
[2026-07-02T17:04:08.920+0000] {processor.py:161} INFO - Started process (PID=163317) to work on /usr/local/python/3.12.1/lib/python3.12/site-packages/airflow/example_dags/example_skip_dag.py
[2026-07-02T17:04:08.920+0000] {processor.py:830} INFO - Processing file /usr/local/python/3.12.1/lib/python3.12/site-packages/airflow/example_dags/example_skip_dag.py for tasks to queue
[2026-07-02T17:04:08.922+0000] {logging_mixin.py:188} INFO - [2026-07-02T17:04:08.922+0000] {dagbag.py:545} INFO - Filling up the DagBag from /usr/local/python/3.12.1/lib/python3.12/site-packages/airflow/example_dags/example_skip_dag.py
[2026-07-02T17:04:08.927+0000] {processor.py:840} INFO - DAG(s) 'example_skip_dag' retrieved from /usr/local/python/3.12.1/lib/python3.12/site-packages/airflow/example_dags/example_skip_dag.py
[2026-07-02T17:04:08.941+0000] {logging_mixin.py:188} INFO - [2026-07-02T17:04:08.940+0000] {dag.py:3089} INFO - Sync 1 DAGs
[2026-07-02T17:04:08.958+0000] {logging_mixin.py:188} INFO - [2026-07-02T17:04:08.957+0000] {dag.py:3947} INFO - Setting next_dagrun for example_skip_dag to 2026-07-01 00:00:00+00:00, run_after=2026-07-02 00:00:00+00:00
[2026-07-02T17:04:08.976+0000] {processor.py:183} INFO - Processing /usr/local/python/3.12.1/lib/python3.12/site-packages/airflow/example_dags/example_skip_dag.py took 0.061 seconds
[2026-07-02T17:04:50.434+0000] {processor.py:161} INFO - Started process (PID=163790) to work on /usr/local/python/3.12.1/lib/python3.12/site-packages/airflow/example_dags/example_skip_dag.py
[2026-07-02T17:04:50.435+0000] {processor.py:830} INFO - Processing file /usr/local/python/3.12.1/lib/python3.12/site-packages/airflow/example_dags/example_skip_dag.py for tasks to queue
[2026-07-02T17:04:50.437+0000] {logging_mixin.py:188} INFO - [2026-07-02T17:04:50.436+0000] {dagbag.py:545} INFO - Filling up the DagBag from /usr/local/python/3.12.1/lib/python3.12/site-packages/airflow/example_dags/example_skip_dag.py
[2026-07-02T17:04:50.442+0000] {processor.py:840} INFO - DAG(s) 'example_skip_dag' retrieved from /usr/local/python/3.12.1/lib/python3.12/site-packages/airflow/example_dags/example_skip_dag.py
[2026-07-02T17:04:50.458+0000] {logging_mixin.py:188} INFO - [2026-07-02T17:04:50.458+0000] {dag.py:3089} INFO - Sync 1 DAGs
[2026-07-02T17:04:50.481+0000] {logging_mixin.py:188} INFO - [2026-07-02T17:04:50.481+0000] {dag.py:3947} INFO - Setting next_dagrun for example_skip_dag to 2026-07-01 00:00:00+00:00, run_after=2026-07-02 00:00:00+00:00
[2026-07-02T17:04:50.518+0000] {processor.py:183} INFO - Processing /usr/local/python/3.12.1/lib/python3.12/site-packages/airflow/example_dags/example_skip_dag.py took 0.088 seconds
[2026-07-02T17:05:33.790+0000] {processor.py:161} INFO - Started process (PID=164255) to work on /usr/local/python/3.12.1/lib/python3.12/site-packages/airflow/example_dags/example_skip_dag.py
[2026-07-02T17:05:33.791+0000] {processor.py:830} INFO - Processing file /usr/local/python/3.12.1/lib/python3.12/site-packages/airflow/example_dags/example_skip_dag.py for tasks to queue
[2026-07-02T17:05:33.795+0000] {logging_mixin.py:188} INFO - [2026-07-02T17:05:33.794+0000] {dagbag.py:545} INFO - Filling up the DagBag from /usr/local/python/3.12.1/lib/python3.12/site-packages/airflow/example_dags/example_skip_dag.py
[2026-07-02T17:05:33.805+0000] {processor.py:840} INFO - DAG(s) 'example_skip_dag' retrieved from /usr/local/python/3.12.1/lib/python3.12/site-packages/airflow/example_dags/example_skip_dag.py
[2026-07-02T17:05:33.827+0000] {logging_mixin.py:188} INFO - [2026-07-02T17:05:33.826+0000] {dag.py:3089} INFO - Sync 1 DAGs
[2026-07-02T17:05:33.851+0000] {logging_mixin.py:188} INFO - [2026-07-02T17:05:33.850+0000] {dag.py:3947} INFO - Setting next_dagrun for example_skip_dag to 2026-07-01 00:00:00+00:00, run_after=2026-07-02 00:00:00+00:00
[2026-07-02T17:05:33.903+0000] {processor.py:183} INFO - Processing /usr/local/python/3.12.1/lib/python3.12/site-packages/airflow/example_dags/example_skip_dag.py took 0.119 seconds
[2026-07-02T17:06:16.793+0000] {processor.py:161} INFO - Started process (PID=164724) to work on /usr/local/python/3.12.1/lib/python3.12/site-packages/airflow/example_dags/example_skip_dag.py
[2026-07-02T17:06:16.794+0000] {processor.py:830} INFO - Processing file /usr/local/python/3.12.1/lib/python3.12/site-packages/airflow/example_dags/example_skip_dag.py for tasks to queue
[2026-07-02T17:06:16.796+0000] {logging_mixin.py:188} INFO - [2026-07-02T17:06:16.796+0000] {dagbag.py:545} INFO - Filling up the DagBag from /usr/local/python/3.12.1/lib/python3.12/site-packages/airflow/example_dags/example_skip_dag.py
[2026-07-02T17:06:16.802+0000] {processor.py:840} INFO - DAG(s) 'example_skip_dag' retrieved from /usr/local/python/3.12.1/lib/python3.12/site-packages/airflow/example_dags/example_skip_dag.py
[2026-07-02T17:06:16.815+0000] {logging_mixin.py:188} INFO - [2026-07-02T17:06:16.815+0000] {dag.py:3089} INFO - Sync 1 DAGs
[2026-07-02T17:06:16.830+0000] {logging_mixin.py:188} INFO - [2026-07-02T17:06:16.830+0000] {dag.py:3947} INFO - Setting next_dagrun for example_skip_dag to 2026-07-01 00:00:00+00:00, run_after=2026-07-02 00:00:00+00:00
[2026-07-02T17:06:16.848+0000] {processor.py:183} INFO - Processing /usr/local/python/3.12.1/lib/python3.12/site-packages/airflow/example_dags/example_skip_dag.py took 0.066 seconds
[2026-07-02T17:06:59.080+0000] {processor.py:161} INFO - Started process (PID=165121) to work on /usr/local/python/3.12.1/lib/python3.12/site-packages/airflow/example_dags/example_skip_dag.py
[2026-07-02T17:06:59.081+0000] {processor.py:830} INFO - Processing file /usr/local/python/3.12.1/lib/python3.12/site-packages/airflow/example_dags/example_skip_dag.py for tasks to queue
[2026-07-02T17:06:59.083+0000] {logging_mixin.py:188} INFO - [2026-07-02T17:06:59.083+0000] {dagbag.py:545} INFO - Filling up the DagBag from /usr/local/python/3.12.1/lib/python3.12/site-packages/airflow/example_dags/example_skip_dag.py
[2026-07-02T17:06:59.091+0000] {processor.py:840} INFO - DAG(s) 'example_skip_dag' retrieved from /usr/local/python/3.12.1/lib/python3.12/site-packages/airflow/example_dags/example_skip_dag.py
[2026-07-02T17:06:59.105+0000] {logging_mixin.py:188} INFO - [2026-07-02T17:06:59.105+0000] {dag.py:3089} INFO - Sync 1 DAGs
[2026-07-02T17:06:59.120+0000] {logging_mixin.py:188} INFO - [2026-07-02T17:06:59.120+0000] {dag.py:3947} INFO - Setting next_dagrun for example_skip_dag to 2026-07-01 00:00:00+00:00, run_after=2026-07-02 00:00:00+00:00
[2026-07-02T17:06:59.138+0000] {processor.py:183} INFO - Processing /usr/local/python/3.12.1/lib/python3.12/site-packages/airflow/example_dags/example_skip_dag.py took 0.064 seconds
[2026-07-02T17:07:39.063+0000] {processor.py:161} INFO - Started process (PID=165589) to work on /usr/local/python/3.12.1/lib/python3.12/site-packages/airflow/example_dags/example_skip_dag.py
[2026-07-02T17:07:39.063+0000] {processor.py:830} INFO - Processing file /usr/local/python/3.12.1/lib/python3.12/site-packages/airflow/example_dags/example_skip_dag.py for tasks to queue
[2026-07-02T17:07:39.065+0000] {logging_mixin.py:188} INFO - [2026-07-02T17:07:39.065+0000] {dagbag.py:545} INFO - Filling up the DagBag from /usr/local/python/3.12.1/lib/python3.12/site-packages/airflow/example_dags/example_skip_dag.py
[2026-07-02T17:07:39.070+0000] {processor.py:840} INFO - DAG(s) 'example_skip_dag' retrieved from /usr/local/python/3.12.1/lib/python3.12/site-packages/airflow/example_dags/example_skip_dag.py
[2026-07-02T17:07:39.088+0000] {logging_mixin.py:188} INFO - [2026-07-02T17:07:39.087+0000] {dag.py:3089} INFO - Sync 1 DAGs
[2026-07-02T17:07:39.107+0000] {logging_mixin.py:188} INFO - [2026-07-02T17:07:39.107+0000] {dag.py:3947} INFO - Setting next_dagrun for example_skip_dag to 2026-07-01 00:00:00+00:00, run_after=2026-07-02 00:00:00+00:00
[2026-07-02T17:07:39.123+0000] {processor.py:183} INFO - Processing /usr/local/python/3.12.1/lib/python3.12/site-packages/airflow/example_dags/example_skip_dag.py took 0.065 seconds
[2026-07-02T17:08:23.637+0000] {processor.py:161} INFO - Started process (PID=166045) to work on /usr/local/python/3.12.1/lib/python3.12/site-packages/airflow/example_dags/example_skip_dag.py
[2026-07-02T17:08:23.637+0000] {processor.py:830} INFO - Processing file /usr/local/python/3.12.1/lib/python3.12/site-packages/airflow/example_dags/example_skip_dag.py for tasks to queue
[2026-07-02T17:08:23.639+0000] {logging_mixin.py:188} INFO - [2026-07-02T17:08:23.639+0000] {dagbag.py:545} INFO - Filling up the DagBag from /usr/local/python/3.12.1/lib/python3.12/site-packages/airflow/example_dags/example_skip_dag.py
[2026-07-02T17:08:23.645+0000] {processor.py:840} INFO - DAG(s) 'example_skip_dag' retrieved from /usr/local/python/3.12.1/lib/python3.12/site-packages/airflow/example_dags/example_skip_dag.py
[2026-07-02T17:08:23.659+0000] {logging_mixin.py:188} INFO - [2026-07-02T17:08:23.659+0000] {dag.py:3089} INFO - Sync 1 DAGs
[2026-07-02T17:08:23.675+0000] {logging_mixin.py:188} INFO - [2026-07-02T17:08:23.674+0000] {dag.py:3947} INFO - Setting next_dagrun for example_skip_dag to 2026-07-01 00:00:00+00:00, run_after=2026-07-02 00:00:00+00:00
[2026-07-02T17:08:23.695+0000] {processor.py:183} INFO - Processing /usr/local/python/3.12.1/lib/python3.12/site-packages/airflow/example_dags/example_skip_dag.py took 0.064 seconds
[2026-07-02T17:09:09.447+0000] {processor.py:161} INFO - Started process (PID=166543) to work on /usr/local/python/3.12.1/lib/python3.12/site-packages/airflow/example_dags/example_skip_dag.py
[2026-07-02T17:09:09.448+0000] {processor.py:830} INFO - Processing file /usr/local/python/3.12.1/lib/python3.12/site-packages/airflow/example_dags/example_skip_dag.py for tasks to queue
[2026-07-02T17:09:09.450+0000] {logging_mixin.py:188} INFO - [2026-07-02T17:09:09.449+0000] {dagbag.py:545} INFO - Filling up the DagBag from /usr/local/python/3.12.1/lib/python3.12/site-packages/airflow/example_dags/example_skip_dag.py
[2026-07-02T17:09:09.455+0000] {processor.py:840} INFO - DAG(s) 'example_skip_dag' retrieved from /usr/local/python/3.12.1/lib/python3.12/site-packages/airflow/example_dags/example_skip_dag.py
[2026-07-02T17:09:09.469+0000] {logging_mixin.py:188} INFO - [2026-07-02T17:09:09.468+0000] {dag.py:3089} INFO - Sync 1 DAGs
[2026-07-02T17:09:09.488+0000] {logging_mixin.py:188} INFO - [2026-07-02T17:09:09.487+0000] {dag.py:3947} INFO - Setting next_dagrun for example_skip_dag to 2026-07-01 00:00:00+00:00, run_after=2026-07-02 00:00:00+00:00
[2026-07-02T17:09:09.608+0000] {processor.py:183} INFO - Processing /usr/local/python/3.12.1/lib/python3.12/site-packages/airflow/example_dags/example_skip_dag.py took 0.166 seconds
[2026-07-02T17:09:56.160+0000] {processor.py:161} INFO - Started process (PID=167007) to work on /usr/local/python/3.12.1/lib/python3.12/site-packages/airflow/example_dags/example_skip_dag.py
[2026-07-02T17:09:56.161+0000] {processor.py:830} INFO - Processing file /usr/local/python/3.12.1/lib/python3.12/site-packages/airflow/example_dags/example_skip_dag.py for tasks to queue
[2026-07-02T17:09:56.162+0000] {logging_mixin.py:188} INFO - [2026-07-02T17:09:56.162+0000] {dagbag.py:545} INFO - Filling up the DagBag from /usr/local/python/3.12.1/lib/python3.12/site-packages/airflow/example_dags/example_skip_dag.py
[2026-07-02T17:09:56.168+0000] {processor.py:840} INFO - DAG(s) 'example_skip_dag' retrieved from /usr/local/python/3.12.1/lib/python3.12/site-packages/airflow/example_dags/example_skip_dag.py
[2026-07-02T17:09:56.184+0000] {logging_mixin.py:188} INFO - [2026-07-02T17:09:56.184+0000] {dag.py:3089} INFO - Sync 1 DAGs
[2026-07-02T17:09:56.203+0000] {logging_mixin.py:188} INFO - [2026-07-02T17:09:56.203+0000] {dag.py:3947} INFO - Setting next_dagrun for example_skip_dag to 2026-07-01 00:00:00+00:00, run_after=2026-07-02 00:00:00+00:00
[2026-07-02T17:09:56.220+0000] {processor.py:183} INFO - Processing /usr/local/python/3.12.1/lib/python3.12/site-packages/airflow/example_dags/example_skip_dag.py took 0.064 seconds
[2026-07-02T17:10:40.994+0000] {processor.py:161} INFO - Started process (PID=167528) to work on /usr/local/python/3.12.1/lib/python3.12/site-packages/airflow/example_dags/example_skip_dag.py
[2026-07-02T17:10:40.995+0000] {processor.py:830} INFO - Processing file /usr/local/python/3.12.1/lib/python3.12/site-packages/airflow/example_dags/example_skip_dag.py for tasks to queue
[2026-07-02T17:10:40.996+0000] {logging_mixin.py:188} INFO - [2026-07-02T17:10:40.996+0000] {dagbag.py:545} INFO - Filling up the DagBag from /usr/local/python/3.12.1/lib/python3.12/site-packages/airflow/example_dags/example_skip_dag.py
[2026-07-02T17:10:41.002+0000] {processor.py:840} INFO - DAG(s) 'example_skip_dag' retrieved from /usr/local/python/3.12.1/lib/python3.12/site-packages/airflow/example_dags/example_skip_dag.py
[2026-07-02T17:10:41.016+0000] {logging_mixin.py:188} INFO - [2026-07-02T17:10:41.016+0000] {dag.py:3089} INFO - Sync 1 DAGs
[2026-07-02T17:10:41.031+0000] {logging_mixin.py:188} INFO - [2026-07-02T17:10:41.031+0000] {dag.py:3947} INFO - Setting next_dagrun for example_skip_dag to 2026-07-01 00:00:00+00:00, run_after=2026-07-02 00:00:00+00:00
[2026-07-02T17:10:41.049+0000] {processor.py:183} INFO - Processing /usr/local/python/3.12.1/lib/python3.12/site-packages/airflow/example_dags/example_skip_dag.py took 0.061 seconds
[2026-07-02T17:11:26.464+0000] {processor.py:161} INFO - Started process (PID=167985) to work on /usr/local/python/3.12.1/lib/python3.12/site-packages/airflow/example_dags/example_skip_dag.py
[2026-07-02T17:11:26.465+0000] {processor.py:830} INFO - Processing file /usr/local/python/3.12.1/lib/python3.12/site-packages/airflow/example_dags/example_skip_dag.py for tasks to queue
[2026-07-02T17:11:26.466+0000] {logging_mixin.py:188} INFO - [2026-07-02T17:11:26.466+0000] {dagbag.py:545} INFO - Filling up the DagBag from /usr/local/python/3.12.1/lib/python3.12/site-packages/airflow/example_dags/example_skip_dag.py
[2026-07-02T17:11:26.472+0000] {processor.py:840} INFO - DAG(s) 'example_skip_dag' retrieved from /usr/local/python/3.12.1/lib/python3.12/site-packages/airflow/example_dags/example_skip_dag.py
[2026-07-02T17:11:26.485+0000] {logging_mixin.py:188} INFO - [2026-07-02T17:11:26.485+0000] {dag.py:3089} INFO - Sync 1 DAGs
[2026-07-02T17:11:26.504+0000] {logging_mixin.py:188} INFO - [2026-07-02T17:11:26.504+0000] {dag.py:3947} INFO - Setting next_dagrun for example_skip_dag to 2026-07-01 00:00:00+00:00, run_after=2026-07-02 00:00:00+00:00
[2026-07-02T17:11:26.619+0000] {processor.py:183} INFO - Processing /usr/local/python/3.12.1/lib/python3.12/site-packages/airflow/example_dags/example_skip_dag.py took 0.160 seconds
[2026-07-02T17:12:11.452+0000] {processor.py:161} INFO - Started process (PID=168447) to work on /usr/local/python/3.12.1/lib/python3.12/site-packages/airflow/example_dags/example_skip_dag.py
[2026-07-02T17:12:11.453+0000] {processor.py:830} INFO - Processing file /usr/local/python/3.12.1/lib/python3.12/site-packages/airflow/example_dags/example_skip_dag.py for tasks to queue
[2026-07-02T17:12:11.454+0000] {logging_mixin.py:188} INFO - [2026-07-02T17:12:11.454+0000] {dagbag.py:545} INFO - Filling up the DagBag from /usr/local/python/3.12.1/lib/python3.12/site-packages/airflow/example_dags/example_skip_dag.py
[2026-07-02T17:12:11.459+0000] {processor.py:840} INFO - DAG(s) 'example_skip_dag' retrieved from /usr/local/python/3.12.1/lib/python3.12/site-packages/airflow/example_dags/example_skip_dag.py
[2026-07-02T17:12:11.472+0000] {logging_mixin.py:188} INFO - [2026-07-02T17:12:11.472+0000] {dag.py:3089} INFO - Sync 1 DAGs
[2026-07-02T17:12:11.497+0000] {logging_mixin.py:188} INFO - [2026-07-02T17:12:11.497+0000] {dag.py:3947} INFO - Setting next_dagrun for example_skip_dag to 2026-07-01 00:00:00+00:00, run_after=2026-07-02 00:00:00+00:00
[2026-07-02T17:12:11.518+0000] {processor.py:183} INFO - Processing /usr/local/python/3.12.1/lib/python3.12/site-packages/airflow/example_dags/example_skip_dag.py took 0.071 seconds
[2026-07-02T17:12:53.544+0000] {processor.py:161} INFO - Started process (PID=168898) to work on /usr/local/python/3.12.1/lib/python3.12/site-packages/airflow/example_dags/example_skip_dag.py
[2026-07-02T17:12:53.544+0000] {processor.py:830} INFO - Processing file /usr/local/python/3.12.1/lib/python3.12/site-packages/airflow/example_dags/example_skip_dag.py for tasks to queue
[2026-07-02T17:12:53.546+0000] {logging_mixin.py:188} INFO - [2026-07-02T17:12:53.546+0000] {dagbag.py:545} INFO - Filling up the DagBag from /usr/local/python/3.12.1/lib/python3.12/site-packages/airflow/example_dags/example_skip_dag.py
[2026-07-02T17:12:53.551+0000] {processor.py:840} INFO - DAG(s) 'example_skip_dag' retrieved from /usr/local/python/3.12.1/lib/python3.12/site-packages/airflow/example_dags/example_skip_dag.py
[2026-07-02T17:12:53.565+0000] {logging_mixin.py:188} INFO - [2026-07-02T17:12:53.564+0000] {dag.py:3089} INFO - Sync 1 DAGs
[2026-07-02T17:12:53.593+0000] {logging_mixin.py:188} INFO - [2026-07-02T17:12:53.592+0000] {dag.py:3947} INFO - Setting next_dagrun for example_skip_dag to 2026-07-01 00:00:00+00:00, run_after=2026-07-02 00:00:00+00:00
[2026-07-02T17:12:53.630+0000] {processor.py:183} INFO - Processing /usr/local/python/3.12.1/lib/python3.12/site-packages/airflow/example_dags/example_skip_dag.py took 0.091 seconds
[2026-07-02T17:13:34.775+0000] {processor.py:161} INFO - Started process (PID=169397) to work on /usr/local/python/3.12.1/lib/python3.12/site-packages/airflow/example_dags/example_skip_dag.py
[2026-07-02T17:13:34.776+0000] {processor.py:830} INFO - Processing file /usr/local/python/3.12.1/lib/python3.12/site-packages/airflow/example_dags/example_skip_dag.py for tasks to queue
[2026-07-02T17:13:34.779+0000] {logging_mixin.py:188} INFO - [2026-07-02T17:13:34.779+0000] {dagbag.py:545} INFO - Filling up the DagBag from /usr/local/python/3.12.1/lib/python3.12/site-packages/airflow/example_dags/example_skip_dag.py
[2026-07-02T17:13:34.786+0000] {processor.py:840} INFO - DAG(s) 'example_skip_dag' retrieved from /usr/local/python/3.12.1/lib/python3.12/site-packages/airflow/example_dags/example_skip_dag.py
[2026-07-02T17:13:34.801+0000] {logging_mixin.py:188} INFO - [2026-07-02T17:13:34.801+0000] {dag.py:3089} INFO - Sync 1 DAGs
[2026-07-02T17:13:34.819+0000] {logging_mixin.py:188} INFO - [2026-07-02T17:13:34.818+0000] {dag.py:3947} INFO - Setting next_dagrun for example_skip_dag to 2026-07-01 00:00:00+00:00, run_after=2026-07-02 00:00:00+00:00
[2026-07-02T17:13:34.836+0000] {processor.py:183} INFO - Processing /usr/local/python/3.12.1/lib/python3.12/site-packages/airflow/example_dags/example_skip_dag.py took 0.065 seconds
[2026-07-02T17:14:16.320+0000] {processor.py:161} INFO - Started process (PID=169780) to work on /usr/local/python/3.12.1/lib/python3.12/site-packages/airflow/example_dags/example_skip_dag.py
[2026-07-02T17:14:16.321+0000] {processor.py:830} INFO - Processing file /usr/local/python/3.12.1/lib/python3.12/site-packages/airflow/example_dags/example_skip_dag.py for tasks to queue
[2026-07-02T17:14:16.325+0000] {logging_mixin.py:188} INFO - [2026-07-02T17:14:16.324+0000] {dagbag.py:545} INFO - Filling up the DagBag from /usr/local/python/3.12.1/lib/python3.12/site-packages/airflow/example_dags/example_skip_dag.py
[2026-07-02T17:14:16.338+0000] {processor.py:840} INFO - DAG(s) 'example_skip_dag' retrieved from /usr/local/python/3.12.1/lib/python3.12/site-packages/airflow/example_dags/example_skip_dag.py
[2026-07-02T17:14:16.362+0000] {logging_mixin.py:188} INFO - [2026-07-02T17:14:16.362+0000] {dag.py:3089} INFO - Sync 1 DAGs
[2026-07-02T17:14:16.417+0000] {logging_mixin.py:188} INFO - [2026-07-02T17:14:16.417+0000] {dag.py:3947} INFO - Setting next_dagrun for example_skip_dag to 2026-07-01 00:00:00+00:00, run_after=2026-07-02 00:00:00+00:00
[2026-07-02T17:14:16.434+0000] {processor.py:183} INFO - Processing /usr/local/python/3.12.1/lib/python3.12/site-packages/airflow/example_dags/example_skip_dag.py took 0.129 seconds
[2026-07-02T17:14:59.144+0000] {processor.py:161} INFO - Started process (PID=170231) to work on /usr/local/python/3.12.1/lib/python3.12/site-packages/airflow/example_dags/example_skip_dag.py
[2026-07-02T17:14:59.144+0000] {processor.py:830} INFO - Processing file /usr/local/python/3.12.1/lib/python3.12/site-packages/airflow/example_dags/example_skip_dag.py for tasks to queue
[2026-07-02T17:14:59.146+0000] {logging_mixin.py:188} INFO - [2026-07-02T17:14:59.146+0000] {dagbag.py:545} INFO - Filling up the DagBag from /usr/local/python/3.12.1/lib/python3.12/site-packages/airflow/example_dags/example_skip_dag.py
[2026-07-02T17:14:59.151+0000] {processor.py:840} INFO - DAG(s) 'example_skip_dag' retrieved from /usr/local/python/3.12.1/lib/python3.12/site-packages/airflow/example_dags/example_skip_dag.py
[2026-07-02T17:14:59.164+0000] {logging_mixin.py:188} INFO - [2026-07-02T17:14:59.164+0000] {dag.py:3089} INFO - Sync 1 DAGs
[2026-07-02T17:14:59.182+0000] {logging_mixin.py:188} INFO - [2026-07-02T17:14:59.181+0000] {dag.py:3947} INFO - Setting next_dagrun for example_skip_dag to 2026-07-01 00:00:00+00:00, run_after=2026-07-02 00:00:00+00:00
[2026-07-02T17:14:59.201+0000] {processor.py:183} INFO - Processing /usr/local/python/3.12.1/lib/python3.12/site-packages/airflow/example_dags/example_skip_dag.py took 0.062 seconds
[2026-07-02T17:15:39.999+0000] {processor.py:161} INFO - Started process (PID=170674) to work on /usr/local/python/3.12.1/lib/python3.12/site-packages/airflow/example_dags/example_skip_dag.py
[2026-07-02T17:15:40.000+0000] {processor.py:830} INFO - Processing file /usr/local/python/3.12.1/lib/python3.12/site-packages/airflow/example_dags/example_skip_dag.py for tasks to queue
[2026-07-02T17:15:40.002+0000] {logging_mixin.py:188} INFO - [2026-07-02T17:15:40.001+0000] {dagbag.py:545} INFO - Filling up the DagBag from /usr/local/python/3.12.1/lib/python3.12/site-packages/airflow/example_dags/example_skip_dag.py
[2026-07-02T17:15:40.007+0000] {processor.py:840} INFO - DAG(s) 'example_skip_dag' retrieved from /usr/local/python/3.12.1/lib/python3.12/site-packages/airflow/example_dags/example_skip_dag.py
[2026-07-02T17:15:40.020+0000] {logging_mixin.py:188} INFO - [2026-07-02T17:15:40.020+0000] {dag.py:3089} INFO - Sync 1 DAGs
[2026-07-02T17:15:40.041+0000] {logging_mixin.py:188} INFO - [2026-07-02T17:15:40.041+0000] {dag.py:3947} INFO - Setting next_dagrun for example_skip_dag to 2026-07-01 00:00:00+00:00, run_after=2026-07-02 00:00:00+00:00
[2026-07-02T17:15:40.065+0000] {processor.py:183} INFO - Processing /usr/local/python/3.12.1/lib/python3.12/site-packages/airflow/example_dags/example_skip_dag.py took 0.071 seconds
[2026-07-02T17:16:18.105+0000] {processor.py:161} INFO - Started process (PID=171079) to work on /usr/local/python/3.12.1/lib/python3.12/site-packages/airflow/example_dags/example_skip_dag.py
[2026-07-02T17:16:18.106+0000] {processor.py:830} INFO - Processing file /usr/local/python/3.12.1/lib/python3.12/site-packages/airflow/example_dags/example_skip_dag.py for tasks to queue
[2026-07-02T17:16:18.108+0000] {logging_mixin.py:188} INFO - [2026-07-02T17:16:18.107+0000] {dagbag.py:545} INFO - Filling up the DagBag from /usr/local/python/3.12.1/lib/python3.12/site-packages/airflow/example_dags/example_skip_dag.py
[2026-07-02T17:16:18.113+0000] {processor.py:840} INFO - DAG(s) 'example_skip_dag' retrieved from /usr/local/python/3.12.1/lib/python3.12/site-packages/airflow/example_dags/example_skip_dag.py
[2026-07-02T17:16:18.126+0000] {logging_mixin.py:188} INFO - [2026-07-02T17:16:18.126+0000] {dag.py:3089} INFO - Sync 1 DAGs
[2026-07-02T17:16:18.142+0000] {logging_mixin.py:188} INFO - [2026-07-02T17:16:18.142+0000] {dag.py:3947} INFO - Setting next_dagrun for example_skip_dag to 2026-07-01 00:00:00+00:00, run_after=2026-07-02 00:00:00+00:00
[2026-07-02T17:16:18.161+0000] {processor.py:183} INFO - Processing /usr/local/python/3.12.1/lib/python3.12/site-packages/airflow/example_dags/example_skip_dag.py took 0.060 seconds
[2026-07-02T17:16:59.409+0000] {processor.py:161} INFO - Started process (PID=171520) to work on /usr/local/python/3.12.1/lib/python3.12/site-packages/airflow/example_dags/example_skip_dag.py
[2026-07-02T17:16:59.410+0000] {processor.py:830} INFO - Processing file /usr/local/python/3.12.1/lib/python3.12/site-packages/airflow/example_dags/example_skip_dag.py for tasks to queue
[2026-07-02T17:16:59.411+0000] {logging_mixin.py:188} INFO - [2026-07-02T17:16:59.411+0000] {dagbag.py:545} INFO - Filling up the DagBag from /usr/local/python/3.12.1/lib/python3.12/site-packages/airflow/example_dags/example_skip_dag.py
[2026-07-02T17:16:59.417+0000] {processor.py:840} INFO - DAG(s) 'example_skip_dag' retrieved from /usr/local/python/3.12.1/lib/python3.12/site-packages/airflow/example_dags/example_skip_dag.py
[2026-07-02T17:16:59.430+0000] {logging_mixin.py:188} INFO - [2026-07-02T17:16:59.430+0000] {dag.py:3089} INFO - Sync 1 DAGs
[2026-07-02T17:16:59.445+0000] {logging_mixin.py:188} INFO - [2026-07-02T17:16:59.444+0000] {dag.py:3947} INFO - Setting next_dagrun for example_skip_dag to 2026-07-01 00:00:00+00:00, run_after=2026-07-02 00:00:00+00:00
[2026-07-02T17:16:59.461+0000] {processor.py:183} INFO - Processing /usr/local/python/3.12.1/lib/python3.12/site-packages/airflow/example_dags/example_skip_dag.py took 0.057 seconds
