[2026-07-02T16:24:32.115+0000] {processor.py:161} INFO - Started process (PID=117832) to work on /usr/local/python/3.12.1/lib/python3.12/site-packages/airflow/example_dags/example_nested_branch_dag.py
[2026-07-02T16:24:32.115+0000] {processor.py:830} INFO - Processing file /usr/local/python/3.12.1/lib/python3.12/site-packages/airflow/example_dags/example_nested_branch_dag.py for tasks to queue
[2026-07-02T16:24:32.117+0000] {logging_mixin.py:188} INFO - [2026-07-02T16:24:32.116+0000] {dagbag.py:545} INFO - Filling up the DagBag from /usr/local/python/3.12.1/lib/python3.12/site-packages/airflow/example_dags/example_nested_branch_dag.py
[2026-07-02T16:24:32.125+0000] {processor.py:840} INFO - DAG(s) 'example_nested_branch_dag' retrieved from /usr/local/python/3.12.1/lib/python3.12/site-packages/airflow/example_dags/example_nested_branch_dag.py
[2026-07-02T16:24:32.218+0000] {logging_mixin.py:188} INFO - [2026-07-02T16:24:32.217+0000] {override.py:1858} INFO - Created Permission View: can delete on DAG:example_nested_branch_dag
[2026-07-02T16:24:32.256+0000] {logging_mixin.py:188} INFO - [2026-07-02T16:24:32.256+0000] {override.py:1858} INFO - Created Permission View: can read on DAG:example_nested_branch_dag
[2026-07-02T16:24:32.276+0000] {logging_mixin.py:188} INFO - [2026-07-02T16:24:32.276+0000] {override.py:1858} INFO - Created Permission View: can edit on DAG:example_nested_branch_dag
[2026-07-02T16:24:32.277+0000] {logging_mixin.py:188} INFO - [2026-07-02T16:24:32.277+0000] {dag.py:3089} INFO - Sync 1 DAGs
[2026-07-02T16:24:32.292+0000] {logging_mixin.py:188} INFO - [2026-07-02T16:24:32.292+0000] {dag.py:3111} INFO - Creating ORM DAG for example_nested_branch_dag
[2026-07-02T16:24:32.305+0000] {logging_mixin.py:188} INFO - [2026-07-02T16:24:32.305+0000] {dag.py:3947} INFO - Setting next_dagrun for example_nested_branch_dag to 2026-07-01 00:00:00+00:00, run_after=2026-07-02 00:00:00+00:00
[2026-07-02T16:24:32.335+0000] {processor.py:183} INFO - Processing /usr/local/python/3.12.1/lib/python3.12/site-packages/airflow/example_dags/example_nested_branch_dag.py took 0.224 seconds
[2026-07-02T16:25:25.563+0000] {processor.py:161} INFO - Started process (PID=118586) to work on /usr/local/python/3.12.1/lib/python3.12/site-packages/airflow/example_dags/example_nested_branch_dag.py
[2026-07-02T16:25:25.564+0000] {processor.py:830} INFO - Processing file /usr/local/python/3.12.1/lib/python3.12/site-packages/airflow/example_dags/example_nested_branch_dag.py for tasks to queue
[2026-07-02T16:25:25.567+0000] {logging_mixin.py:188} INFO - [2026-07-02T16:25:25.566+0000] {dagbag.py:545} INFO - Filling up the DagBag from /usr/local/python/3.12.1/lib/python3.12/site-packages/airflow/example_dags/example_nested_branch_dag.py
[2026-07-02T16:25:25.578+0000] {processor.py:840} INFO - DAG(s) 'example_nested_branch_dag' retrieved from /usr/local/python/3.12.1/lib/python3.12/site-packages/airflow/example_dags/example_nested_branch_dag.py
[2026-07-02T16:25:25.609+0000] {logging_mixin.py:188} INFO - [2026-07-02T16:25:25.609+0000] {dag.py:3089} INFO - Sync 1 DAGs
[2026-07-02T16:25:25.636+0000] {logging_mixin.py:188} INFO - [2026-07-02T16:25:25.636+0000] {dag.py:3947} INFO - Setting next_dagrun for example_nested_branch_dag to 2026-07-01 00:00:00+00:00, run_after=2026-07-02 00:00:00+00:00
[2026-07-02T16:25:25.664+0000] {processor.py:183} INFO - Processing /usr/local/python/3.12.1/lib/python3.12/site-packages/airflow/example_dags/example_nested_branch_dag.py took 0.108 seconds
[2026-07-02T16:26:21.443+0000] {processor.py:161} INFO - Started process (PID=126219) to work on /usr/local/python/3.12.1/lib/python3.12/site-packages/airflow/example_dags/example_nested_branch_dag.py
[2026-07-02T16:26:21.444+0000] {processor.py:830} INFO - Processing file /usr/local/python/3.12.1/lib/python3.12/site-packages/airflow/example_dags/example_nested_branch_dag.py for tasks to queue
[2026-07-02T16:26:21.446+0000] {logging_mixin.py:188} INFO - [2026-07-02T16:26:21.445+0000] {dagbag.py:545} INFO - Filling up the DagBag from /usr/local/python/3.12.1/lib/python3.12/site-packages/airflow/example_dags/example_nested_branch_dag.py
[2026-07-02T16:26:21.471+0000] {processor.py:840} INFO - DAG(s) 'example_nested_branch_dag' retrieved from /usr/local/python/3.12.1/lib/python3.12/site-packages/airflow/example_dags/example_nested_branch_dag.py
[2026-07-02T16:26:21.518+0000] {logging_mixin.py:188} INFO - [2026-07-02T16:26:21.518+0000] {dag.py:3089} INFO - Sync 1 DAGs
[2026-07-02T16:26:21.575+0000] {logging_mixin.py:188} INFO - [2026-07-02T16:26:21.575+0000] {dag.py:3947} INFO - Setting next_dagrun for example_nested_branch_dag to 2026-07-01 00:00:00+00:00, run_after=2026-07-02 00:00:00+00:00
[2026-07-02T16:26:21.700+0000] {processor.py:183} INFO - Processing /usr/local/python/3.12.1/lib/python3.12/site-packages/airflow/example_dags/example_nested_branch_dag.py took 0.270 seconds
[2026-07-02T16:27:34.238+0000] {processor.py:161} INFO - Started process (PID=128319) to work on /usr/local/python/3.12.1/lib/python3.12/site-packages/airflow/example_dags/example_nested_branch_dag.py
[2026-07-02T16:27:34.239+0000] {processor.py:830} INFO - Processing file /usr/local/python/3.12.1/lib/python3.12/site-packages/airflow/example_dags/example_nested_branch_dag.py for tasks to queue
[2026-07-02T16:27:34.240+0000] {logging_mixin.py:188} INFO - [2026-07-02T16:27:34.240+0000] {dagbag.py:545} INFO - Filling up the DagBag from /usr/local/python/3.12.1/lib/python3.12/site-packages/airflow/example_dags/example_nested_branch_dag.py
[2026-07-02T16:27:34.248+0000] {processor.py:840} INFO - DAG(s) 'example_nested_branch_dag' retrieved from /usr/local/python/3.12.1/lib/python3.12/site-packages/airflow/example_dags/example_nested_branch_dag.py
[2026-07-02T16:27:34.262+0000] {logging_mixin.py:188} INFO - [2026-07-02T16:27:34.261+0000] {dag.py:3089} INFO - Sync 1 DAGs
[2026-07-02T16:27:34.277+0000] {logging_mixin.py:188} INFO - [2026-07-02T16:27:34.277+0000] {dag.py:3947} INFO - Setting next_dagrun for example_nested_branch_dag to 2026-07-01 00:00:00+00:00, run_after=2026-07-02 00:00:00+00:00
[2026-07-02T16:27:34.302+0000] {processor.py:183} INFO - Processing /usr/local/python/3.12.1/lib/python3.12/site-packages/airflow/example_dags/example_nested_branch_dag.py took 0.068 seconds
[2026-07-02T16:28:30.212+0000] {processor.py:161} INFO - Started process (PID=129098) to work on /usr/local/python/3.12.1/lib/python3.12/site-packages/airflow/example_dags/example_nested_branch_dag.py
[2026-07-02T16:28:30.215+0000] {processor.py:830} INFO - Processing file /usr/local/python/3.12.1/lib/python3.12/site-packages/airflow/example_dags/example_nested_branch_dag.py for tasks to queue
[2026-07-02T16:28:30.219+0000] {logging_mixin.py:188} INFO - [2026-07-02T16:28:30.218+0000] {dagbag.py:545} INFO - Filling up the DagBag from /usr/local/python/3.12.1/lib/python3.12/site-packages/airflow/example_dags/example_nested_branch_dag.py
[2026-07-02T16:28:30.252+0000] {processor.py:840} INFO - DAG(s) 'example_nested_branch_dag' retrieved from /usr/local/python/3.12.1/lib/python3.12/site-packages/airflow/example_dags/example_nested_branch_dag.py
[2026-07-02T16:28:30.280+0000] {logging_mixin.py:188} INFO - [2026-07-02T16:28:30.280+0000] {dag.py:3089} INFO - Sync 1 DAGs
[2026-07-02T16:28:30.315+0000] {logging_mixin.py:188} INFO - [2026-07-02T16:28:30.314+0000] {dag.py:3947} INFO - Setting next_dagrun for example_nested_branch_dag to 2026-07-01 00:00:00+00:00, run_after=2026-07-02 00:00:00+00:00
[2026-07-02T16:28:30.348+0000] {processor.py:183} INFO - Processing /usr/local/python/3.12.1/lib/python3.12/site-packages/airflow/example_dags/example_nested_branch_dag.py took 0.143 seconds
[2026-07-02T16:29:35.130+0000] {processor.py:161} INFO - Started process (PID=129974) to work on /usr/local/python/3.12.1/lib/python3.12/site-packages/airflow/example_dags/example_nested_branch_dag.py
[2026-07-02T16:29:35.131+0000] {processor.py:830} INFO - Processing file /usr/local/python/3.12.1/lib/python3.12/site-packages/airflow/example_dags/example_nested_branch_dag.py for tasks to queue
[2026-07-02T16:29:35.133+0000] {logging_mixin.py:188} INFO - [2026-07-02T16:29:35.132+0000] {dagbag.py:545} INFO - Filling up the DagBag from /usr/local/python/3.12.1/lib/python3.12/site-packages/airflow/example_dags/example_nested_branch_dag.py
[2026-07-02T16:29:35.141+0000] {processor.py:840} INFO - DAG(s) 'example_nested_branch_dag' retrieved from /usr/local/python/3.12.1/lib/python3.12/site-packages/airflow/example_dags/example_nested_branch_dag.py
[2026-07-02T16:29:35.154+0000] {logging_mixin.py:188} INFO - [2026-07-02T16:29:35.154+0000] {dag.py:3089} INFO - Sync 1 DAGs
[2026-07-02T16:29:35.169+0000] {logging_mixin.py:188} INFO - [2026-07-02T16:29:35.169+0000] {dag.py:3947} INFO - Setting next_dagrun for example_nested_branch_dag to 2026-07-01 00:00:00+00:00, run_after=2026-07-02 00:00:00+00:00
[2026-07-02T16:29:35.189+0000] {processor.py:183} INFO - Processing /usr/local/python/3.12.1/lib/python3.12/site-packages/airflow/example_dags/example_nested_branch_dag.py took 0.063 seconds
[2026-07-02T16:30:30.169+0000] {processor.py:161} INFO - Started process (PID=130565) to work on /usr/local/python/3.12.1/lib/python3.12/site-packages/airflow/example_dags/example_nested_branch_dag.py
[2026-07-02T16:30:30.170+0000] {processor.py:830} INFO - Processing file /usr/local/python/3.12.1/lib/python3.12/site-packages/airflow/example_dags/example_nested_branch_dag.py for tasks to queue
[2026-07-02T16:30:30.171+0000] {logging_mixin.py:188} INFO - [2026-07-02T16:30:30.171+0000] {dagbag.py:545} INFO - Filling up the DagBag from /usr/local/python/3.12.1/lib/python3.12/site-packages/airflow/example_dags/example_nested_branch_dag.py
[2026-07-02T16:30:30.182+0000] {processor.py:840} INFO - DAG(s) 'example_nested_branch_dag' retrieved from /usr/local/python/3.12.1/lib/python3.12/site-packages/airflow/example_dags/example_nested_branch_dag.py
[2026-07-02T16:30:30.199+0000] {logging_mixin.py:188} INFO - [2026-07-02T16:30:30.199+0000] {dag.py:3089} INFO - Sync 1 DAGs
[2026-07-02T16:30:30.214+0000] {logging_mixin.py:188} INFO - [2026-07-02T16:30:30.214+0000] {dag.py:3947} INFO - Setting next_dagrun for example_nested_branch_dag to 2026-07-01 00:00:00+00:00, run_after=2026-07-02 00:00:00+00:00
[2026-07-02T16:30:30.230+0000] {processor.py:183} INFO - Processing /usr/local/python/3.12.1/lib/python3.12/site-packages/airflow/example_dags/example_nested_branch_dag.py took 0.066 seconds
[2026-07-02T16:31:20.947+0000] {processor.py:161} INFO - Started process (PID=131150) to work on /usr/local/python/3.12.1/lib/python3.12/site-packages/airflow/example_dags/example_nested_branch_dag.py
[2026-07-02T16:31:20.949+0000] {processor.py:830} INFO - Processing file /usr/local/python/3.12.1/lib/python3.12/site-packages/airflow/example_dags/example_nested_branch_dag.py for tasks to queue
[2026-07-02T16:31:20.953+0000] {logging_mixin.py:188} INFO - [2026-07-02T16:31:20.952+0000] {dagbag.py:545} INFO - Filling up the DagBag from /usr/local/python/3.12.1/lib/python3.12/site-packages/airflow/example_dags/example_nested_branch_dag.py
[2026-07-02T16:31:20.981+0000] {processor.py:840} INFO - DAG(s) 'example_nested_branch_dag' retrieved from /usr/local/python/3.12.1/lib/python3.12/site-packages/airflow/example_dags/example_nested_branch_dag.py
[2026-07-02T16:31:21.027+0000] {logging_mixin.py:188} INFO - [2026-07-02T16:31:21.025+0000] {dag.py:3089} INFO - Sync 1 DAGs
[2026-07-02T16:31:21.054+0000] {logging_mixin.py:188} INFO - [2026-07-02T16:31:21.054+0000] {dag.py:3947} INFO - Setting next_dagrun for example_nested_branch_dag to 2026-07-01 00:00:00+00:00, run_after=2026-07-02 00:00:00+00:00
[2026-07-02T16:31:21.083+0000] {processor.py:183} INFO - Processing /usr/local/python/3.12.1/lib/python3.12/site-packages/airflow/example_dags/example_nested_branch_dag.py took 0.149 seconds
[2026-07-02T16:32:09.071+0000] {processor.py:161} INFO - Started process (PID=131685) to work on /usr/local/python/3.12.1/lib/python3.12/site-packages/airflow/example_dags/example_nested_branch_dag.py
[2026-07-02T16:32:09.072+0000] {processor.py:830} INFO - Processing file /usr/local/python/3.12.1/lib/python3.12/site-packages/airflow/example_dags/example_nested_branch_dag.py for tasks to queue
[2026-07-02T16:32:09.074+0000] {logging_mixin.py:188} INFO - [2026-07-02T16:32:09.073+0000] {dagbag.py:545} INFO - Filling up the DagBag from /usr/local/python/3.12.1/lib/python3.12/site-packages/airflow/example_dags/example_nested_branch_dag.py
[2026-07-02T16:32:09.086+0000] {processor.py:840} INFO - DAG(s) 'example_nested_branch_dag' retrieved from /usr/local/python/3.12.1/lib/python3.12/site-packages/airflow/example_dags/example_nested_branch_dag.py
[2026-07-02T16:32:09.105+0000] {logging_mixin.py:188} INFO - [2026-07-02T16:32:09.104+0000] {dag.py:3089} INFO - Sync 1 DAGs
[2026-07-02T16:32:09.124+0000] {logging_mixin.py:188} INFO - [2026-07-02T16:32:09.123+0000] {dag.py:3947} INFO - Setting next_dagrun for example_nested_branch_dag to 2026-07-01 00:00:00+00:00, run_after=2026-07-02 00:00:00+00:00
[2026-07-02T16:32:09.143+0000] {processor.py:183} INFO - Processing /usr/local/python/3.12.1/lib/python3.12/site-packages/airflow/example_dags/example_nested_branch_dag.py took 0.077 seconds
[2026-07-02T16:32:59.781+0000] {processor.py:161} INFO - Started process (PID=133387) to work on /usr/local/python/3.12.1/lib/python3.12/site-packages/airflow/example_dags/example_nested_branch_dag.py
[2026-07-02T16:32:59.782+0000] {processor.py:830} INFO - Processing file /usr/local/python/3.12.1/lib/python3.12/site-packages/airflow/example_dags/example_nested_branch_dag.py for tasks to queue
[2026-07-02T16:32:59.784+0000] {logging_mixin.py:188} INFO - [2026-07-02T16:32:59.784+0000] {dagbag.py:545} INFO - Filling up the DagBag from /usr/local/python/3.12.1/lib/python3.12/site-packages/airflow/example_dags/example_nested_branch_dag.py
[2026-07-02T16:32:59.795+0000] {processor.py:840} INFO - DAG(s) 'example_nested_branch_dag' retrieved from /usr/local/python/3.12.1/lib/python3.12/site-packages/airflow/example_dags/example_nested_branch_dag.py
[2026-07-02T16:32:59.842+0000] {logging_mixin.py:188} INFO - [2026-07-02T16:32:59.841+0000] {dag.py:3089} INFO - Sync 1 DAGs
[2026-07-02T16:32:59.904+0000] {logging_mixin.py:188} INFO - [2026-07-02T16:32:59.904+0000] {dag.py:3947} INFO - Setting next_dagrun for example_nested_branch_dag to 2026-07-01 00:00:00+00:00, run_after=2026-07-02 00:00:00+00:00
[2026-07-02T16:32:59.963+0000] {processor.py:183} INFO - Processing /usr/local/python/3.12.1/lib/python3.12/site-packages/airflow/example_dags/example_nested_branch_dag.py took 0.188 seconds
[2026-07-02T16:33:50.212+0000] {processor.py:161} INFO - Started process (PID=133986) to work on /usr/local/python/3.12.1/lib/python3.12/site-packages/airflow/example_dags/example_nested_branch_dag.py
[2026-07-02T16:33:50.213+0000] {processor.py:830} INFO - Processing file /usr/local/python/3.12.1/lib/python3.12/site-packages/airflow/example_dags/example_nested_branch_dag.py for tasks to queue
[2026-07-02T16:33:50.215+0000] {logging_mixin.py:188} INFO - [2026-07-02T16:33:50.215+0000] {dagbag.py:545} INFO - Filling up the DagBag from /usr/local/python/3.12.1/lib/python3.12/site-packages/airflow/example_dags/example_nested_branch_dag.py
[2026-07-02T16:33:50.227+0000] {processor.py:840} INFO - DAG(s) 'example_nested_branch_dag' retrieved from /usr/local/python/3.12.1/lib/python3.12/site-packages/airflow/example_dags/example_nested_branch_dag.py
[2026-07-02T16:33:50.250+0000] {logging_mixin.py:188} INFO - [2026-07-02T16:33:50.250+0000] {dag.py:3089} INFO - Sync 1 DAGs
[2026-07-02T16:33:50.274+0000] {logging_mixin.py:188} INFO - [2026-07-02T16:33:50.273+0000] {dag.py:3947} INFO - Setting next_dagrun for example_nested_branch_dag to 2026-07-01 00:00:00+00:00, run_after=2026-07-02 00:00:00+00:00
[2026-07-02T16:33:50.299+0000] {processor.py:183} INFO - Processing /usr/local/python/3.12.1/lib/python3.12/site-packages/airflow/example_dags/example_nested_branch_dag.py took 0.093 seconds
[2026-07-02T16:34:38.652+0000] {processor.py:161} INFO - Started process (PID=134606) to work on /usr/local/python/3.12.1/lib/python3.12/site-packages/airflow/example_dags/example_nested_branch_dag.py
[2026-07-02T16:34:38.653+0000] {processor.py:830} INFO - Processing file /usr/local/python/3.12.1/lib/python3.12/site-packages/airflow/example_dags/example_nested_branch_dag.py for tasks to queue
[2026-07-02T16:34:38.655+0000] {logging_mixin.py:188} INFO - [2026-07-02T16:34:38.654+0000] {dagbag.py:545} INFO - Filling up the DagBag from /usr/local/python/3.12.1/lib/python3.12/site-packages/airflow/example_dags/example_nested_branch_dag.py
[2026-07-02T16:34:38.663+0000] {processor.py:840} INFO - DAG(s) 'example_nested_branch_dag' retrieved from /usr/local/python/3.12.1/lib/python3.12/site-packages/airflow/example_dags/example_nested_branch_dag.py
[2026-07-02T16:34:38.677+0000] {logging_mixin.py:188} INFO - [2026-07-02T16:34:38.677+0000] {dag.py:3089} INFO - Sync 1 DAGs
[2026-07-02T16:34:38.696+0000] {logging_mixin.py:188} INFO - [2026-07-02T16:34:38.696+0000] {dag.py:3947} INFO - Setting next_dagrun for example_nested_branch_dag to 2026-07-01 00:00:00+00:00, run_after=2026-07-02 00:00:00+00:00
[2026-07-02T16:34:38.712+0000] {processor.py:183} INFO - Processing /usr/local/python/3.12.1/lib/python3.12/site-packages/airflow/example_dags/example_nested_branch_dag.py took 0.065 seconds
[2026-07-02T16:35:34.837+0000] {processor.py:161} INFO - Started process (PID=136079) to work on /usr/local/python/3.12.1/lib/python3.12/site-packages/airflow/example_dags/example_nested_branch_dag.py
[2026-07-02T16:35:34.844+0000] {processor.py:830} INFO - Processing file /usr/local/python/3.12.1/lib/python3.12/site-packages/airflow/example_dags/example_nested_branch_dag.py for tasks to queue
[2026-07-02T16:35:34.846+0000] {logging_mixin.py:188} INFO - [2026-07-02T16:35:34.846+0000] {dagbag.py:545} INFO - Filling up the DagBag from /usr/local/python/3.12.1/lib/python3.12/site-packages/airflow/example_dags/example_nested_branch_dag.py
[2026-07-02T16:35:34.893+0000] {processor.py:840} INFO - DAG(s) 'example_nested_branch_dag' retrieved from /usr/local/python/3.12.1/lib/python3.12/site-packages/airflow/example_dags/example_nested_branch_dag.py
[2026-07-02T16:35:34.952+0000] {logging_mixin.py:188} INFO - [2026-07-02T16:35:34.951+0000] {dag.py:3089} INFO - Sync 1 DAGs
[2026-07-02T16:35:34.992+0000] {logging_mixin.py:188} INFO - [2026-07-02T16:35:34.992+0000] {dag.py:3947} INFO - Setting next_dagrun for example_nested_branch_dag to 2026-07-01 00:00:00+00:00, run_after=2026-07-02 00:00:00+00:00
[2026-07-02T16:35:35.055+0000] {processor.py:183} INFO - Processing /usr/local/python/3.12.1/lib/python3.12/site-packages/airflow/example_dags/example_nested_branch_dag.py took 0.225 seconds
[2026-07-02T16:36:28.081+0000] {processor.py:161} INFO - Started process (PID=136825) to work on /usr/local/python/3.12.1/lib/python3.12/site-packages/airflow/example_dags/example_nested_branch_dag.py
[2026-07-02T16:36:28.082+0000] {processor.py:830} INFO - Processing file /usr/local/python/3.12.1/lib/python3.12/site-packages/airflow/example_dags/example_nested_branch_dag.py for tasks to queue
[2026-07-02T16:36:28.084+0000] {logging_mixin.py:188} INFO - [2026-07-02T16:36:28.083+0000] {dagbag.py:545} INFO - Filling up the DagBag from /usr/local/python/3.12.1/lib/python3.12/site-packages/airflow/example_dags/example_nested_branch_dag.py
[2026-07-02T16:36:28.095+0000] {processor.py:840} INFO - DAG(s) 'example_nested_branch_dag' retrieved from /usr/local/python/3.12.1/lib/python3.12/site-packages/airflow/example_dags/example_nested_branch_dag.py
[2026-07-02T16:36:28.110+0000] {logging_mixin.py:188} INFO - [2026-07-02T16:36:28.110+0000] {dag.py:3089} INFO - Sync 1 DAGs
[2026-07-02T16:36:28.125+0000] {logging_mixin.py:188} INFO - [2026-07-02T16:36:28.125+0000] {dag.py:3947} INFO - Setting next_dagrun for example_nested_branch_dag to 2026-07-01 00:00:00+00:00, run_after=2026-07-02 00:00:00+00:00
[2026-07-02T16:36:28.141+0000] {processor.py:183} INFO - Processing /usr/local/python/3.12.1/lib/python3.12/site-packages/airflow/example_dags/example_nested_branch_dag.py took 0.067 seconds
[2026-07-02T16:37:12.367+0000] {processor.py:161} INFO - Started process (PID=137329) to work on /usr/local/python/3.12.1/lib/python3.12/site-packages/airflow/example_dags/example_nested_branch_dag.py
[2026-07-02T16:37:12.368+0000] {processor.py:830} INFO - Processing file /usr/local/python/3.12.1/lib/python3.12/site-packages/airflow/example_dags/example_nested_branch_dag.py for tasks to queue
[2026-07-02T16:37:12.371+0000] {logging_mixin.py:188} INFO - [2026-07-02T16:37:12.370+0000] {dagbag.py:545} INFO - Filling up the DagBag from /usr/local/python/3.12.1/lib/python3.12/site-packages/airflow/example_dags/example_nested_branch_dag.py
[2026-07-02T16:37:12.383+0000] {processor.py:840} INFO - DAG(s) 'example_nested_branch_dag' retrieved from /usr/local/python/3.12.1/lib/python3.12/site-packages/airflow/example_dags/example_nested_branch_dag.py
[2026-07-02T16:37:12.403+0000] {logging_mixin.py:188} INFO - [2026-07-02T16:37:12.403+0000] {dag.py:3089} INFO - Sync 1 DAGs
[2026-07-02T16:37:12.429+0000] {logging_mixin.py:188} INFO - [2026-07-02T16:37:12.428+0000] {dag.py:3947} INFO - Setting next_dagrun for example_nested_branch_dag to 2026-07-01 00:00:00+00:00, run_after=2026-07-02 00:00:00+00:00
[2026-07-02T16:37:12.455+0000] {processor.py:183} INFO - Processing /usr/local/python/3.12.1/lib/python3.12/site-packages/airflow/example_dags/example_nested_branch_dag.py took 0.094 seconds
[2026-07-02T16:37:59.410+0000] {processor.py:161} INFO - Started process (PID=138662) to work on /usr/local/python/3.12.1/lib/python3.12/site-packages/airflow/example_dags/example_nested_branch_dag.py
[2026-07-02T16:37:59.411+0000] {processor.py:830} INFO - Processing file /usr/local/python/3.12.1/lib/python3.12/site-packages/airflow/example_dags/example_nested_branch_dag.py for tasks to queue
[2026-07-02T16:37:59.413+0000] {logging_mixin.py:188} INFO - [2026-07-02T16:37:59.412+0000] {dagbag.py:545} INFO - Filling up the DagBag from /usr/local/python/3.12.1/lib/python3.12/site-packages/airflow/example_dags/example_nested_branch_dag.py
[2026-07-02T16:37:59.420+0000] {processor.py:840} INFO - DAG(s) 'example_nested_branch_dag' retrieved from /usr/local/python/3.12.1/lib/python3.12/site-packages/airflow/example_dags/example_nested_branch_dag.py
[2026-07-02T16:37:59.434+0000] {logging_mixin.py:188} INFO - [2026-07-02T16:37:59.434+0000] {dag.py:3089} INFO - Sync 1 DAGs
[2026-07-02T16:37:59.449+0000] {logging_mixin.py:188} INFO - [2026-07-02T16:37:59.449+0000] {dag.py:3947} INFO - Setting next_dagrun for example_nested_branch_dag to 2026-07-01 00:00:00+00:00, run_after=2026-07-02 00:00:00+00:00
[2026-07-02T16:37:59.464+0000] {processor.py:183} INFO - Processing /usr/local/python/3.12.1/lib/python3.12/site-packages/airflow/example_dags/example_nested_branch_dag.py took 0.059 seconds
[2026-07-02T16:39:04.862+0000] {processor.py:161} INFO - Started process (PID=139965) to work on /usr/local/python/3.12.1/lib/python3.12/site-packages/airflow/example_dags/example_nested_branch_dag.py
[2026-07-02T16:39:04.863+0000] {processor.py:830} INFO - Processing file /usr/local/python/3.12.1/lib/python3.12/site-packages/airflow/example_dags/example_nested_branch_dag.py for tasks to queue
[2026-07-02T16:39:04.864+0000] {logging_mixin.py:188} INFO - [2026-07-02T16:39:04.864+0000] {dagbag.py:545} INFO - Filling up the DagBag from /usr/local/python/3.12.1/lib/python3.12/site-packages/airflow/example_dags/example_nested_branch_dag.py
[2026-07-02T16:39:04.872+0000] {processor.py:840} INFO - DAG(s) 'example_nested_branch_dag' retrieved from /usr/local/python/3.12.1/lib/python3.12/site-packages/airflow/example_dags/example_nested_branch_dag.py
[2026-07-02T16:39:04.887+0000] {logging_mixin.py:188} INFO - [2026-07-02T16:39:04.887+0000] {dag.py:3089} INFO - Sync 1 DAGs
[2026-07-02T16:39:04.904+0000] {logging_mixin.py:188} INFO - [2026-07-02T16:39:04.904+0000] {dag.py:3947} INFO - Setting next_dagrun for example_nested_branch_dag to 2026-07-01 00:00:00+00:00, run_after=2026-07-02 00:00:00+00:00
[2026-07-02T16:39:04.922+0000] {processor.py:183} INFO - Processing /usr/local/python/3.12.1/lib/python3.12/site-packages/airflow/example_dags/example_nested_branch_dag.py took 0.065 seconds
[2026-07-02T16:39:51.605+0000] {processor.py:161} INFO - Started process (PID=140595) to work on /usr/local/python/3.12.1/lib/python3.12/site-packages/airflow/example_dags/example_nested_branch_dag.py
[2026-07-02T16:39:51.607+0000] {processor.py:830} INFO - Processing file /usr/local/python/3.12.1/lib/python3.12/site-packages/airflow/example_dags/example_nested_branch_dag.py for tasks to queue
[2026-07-02T16:39:51.609+0000] {logging_mixin.py:188} INFO - [2026-07-02T16:39:51.609+0000] {dagbag.py:545} INFO - Filling up the DagBag from /usr/local/python/3.12.1/lib/python3.12/site-packages/airflow/example_dags/example_nested_branch_dag.py
[2026-07-02T16:39:51.623+0000] {processor.py:840} INFO - DAG(s) 'example_nested_branch_dag' retrieved from /usr/local/python/3.12.1/lib/python3.12/site-packages/airflow/example_dags/example_nested_branch_dag.py
[2026-07-02T16:39:51.641+0000] {logging_mixin.py:188} INFO - [2026-07-02T16:39:51.641+0000] {dag.py:3089} INFO - Sync 1 DAGs
[2026-07-02T16:39:51.665+0000] {logging_mixin.py:188} INFO - [2026-07-02T16:39:51.665+0000] {dag.py:3947} INFO - Setting next_dagrun for example_nested_branch_dag to 2026-07-01 00:00:00+00:00, run_after=2026-07-02 00:00:00+00:00
[2026-07-02T16:39:51.690+0000] {processor.py:183} INFO - Processing /usr/local/python/3.12.1/lib/python3.12/site-packages/airflow/example_dags/example_nested_branch_dag.py took 0.098 seconds
[2026-07-02T16:40:45.078+0000] {processor.py:161} INFO - Started process (PID=141409) to work on /usr/local/python/3.12.1/lib/python3.12/site-packages/airflow/example_dags/example_nested_branch_dag.py
[2026-07-02T16:40:45.080+0000] {processor.py:830} INFO - Processing file /usr/local/python/3.12.1/lib/python3.12/site-packages/airflow/example_dags/example_nested_branch_dag.py for tasks to queue
[2026-07-02T16:40:45.082+0000] {logging_mixin.py:188} INFO - [2026-07-02T16:40:45.082+0000] {dagbag.py:545} INFO - Filling up the DagBag from /usr/local/python/3.12.1/lib/python3.12/site-packages/airflow/example_dags/example_nested_branch_dag.py
[2026-07-02T16:40:45.093+0000] {processor.py:840} INFO - DAG(s) 'example_nested_branch_dag' retrieved from /usr/local/python/3.12.1/lib/python3.12/site-packages/airflow/example_dags/example_nested_branch_dag.py
[2026-07-02T16:40:45.113+0000] {logging_mixin.py:188} INFO - [2026-07-02T16:40:45.113+0000] {dag.py:3089} INFO - Sync 1 DAGs
[2026-07-02T16:40:45.137+0000] {logging_mixin.py:188} INFO - [2026-07-02T16:40:45.137+0000] {dag.py:3947} INFO - Setting next_dagrun for example_nested_branch_dag to 2026-07-01 00:00:00+00:00, run_after=2026-07-02 00:00:00+00:00
[2026-07-02T16:40:45.162+0000] {processor.py:183} INFO - Processing /usr/local/python/3.12.1/lib/python3.12/site-packages/airflow/example_dags/example_nested_branch_dag.py took 0.091 seconds
[2026-07-02T16:41:38.543+0000] {processor.py:161} INFO - Started process (PID=142246) to work on /usr/local/python/3.12.1/lib/python3.12/site-packages/airflow/example_dags/example_nested_branch_dag.py
[2026-07-02T16:41:38.544+0000] {processor.py:830} INFO - Processing file /usr/local/python/3.12.1/lib/python3.12/site-packages/airflow/example_dags/example_nested_branch_dag.py for tasks to queue
[2026-07-02T16:41:38.546+0000] {logging_mixin.py:188} INFO - [2026-07-02T16:41:38.545+0000] {dagbag.py:545} INFO - Filling up the DagBag from /usr/local/python/3.12.1/lib/python3.12/site-packages/airflow/example_dags/example_nested_branch_dag.py
[2026-07-02T16:41:38.554+0000] {processor.py:840} INFO - DAG(s) 'example_nested_branch_dag' retrieved from /usr/local/python/3.12.1/lib/python3.12/site-packages/airflow/example_dags/example_nested_branch_dag.py
[2026-07-02T16:41:38.568+0000] {logging_mixin.py:188} INFO - [2026-07-02T16:41:38.568+0000] {dag.py:3089} INFO - Sync 1 DAGs
[2026-07-02T16:41:38.584+0000] {logging_mixin.py:188} INFO - [2026-07-02T16:41:38.584+0000] {dag.py:3947} INFO - Setting next_dagrun for example_nested_branch_dag to 2026-07-01 00:00:00+00:00, run_after=2026-07-02 00:00:00+00:00
[2026-07-02T16:41:38.603+0000] {processor.py:183} INFO - Processing /usr/local/python/3.12.1/lib/python3.12/site-packages/airflow/example_dags/example_nested_branch_dag.py took 0.064 seconds
[2026-07-02T16:42:54.197+0000] {processor.py:161} INFO - Started process (PID=143398) to work on /usr/local/python/3.12.1/lib/python3.12/site-packages/airflow/example_dags/example_nested_branch_dag.py
[2026-07-02T16:42:54.200+0000] {processor.py:830} INFO - Processing file /usr/local/python/3.12.1/lib/python3.12/site-packages/airflow/example_dags/example_nested_branch_dag.py for tasks to queue
[2026-07-02T16:42:54.202+0000] {logging_mixin.py:188} INFO - [2026-07-02T16:42:54.201+0000] {dagbag.py:545} INFO - Filling up the DagBag from /usr/local/python/3.12.1/lib/python3.12/site-packages/airflow/example_dags/example_nested_branch_dag.py
[2026-07-02T16:42:54.212+0000] {processor.py:840} INFO - DAG(s) 'example_nested_branch_dag' retrieved from /usr/local/python/3.12.1/lib/python3.12/site-packages/airflow/example_dags/example_nested_branch_dag.py
[2026-07-02T16:42:54.225+0000] {logging_mixin.py:188} INFO - [2026-07-02T16:42:54.225+0000] {dag.py:3089} INFO - Sync 1 DAGs
[2026-07-02T16:42:54.240+0000] {logging_mixin.py:188} INFO - [2026-07-02T16:42:54.240+0000] {dag.py:3947} INFO - Setting next_dagrun for example_nested_branch_dag to 2026-07-01 00:00:00+00:00, run_after=2026-07-02 00:00:00+00:00
[2026-07-02T16:42:54.257+0000] {processor.py:183} INFO - Processing /usr/local/python/3.12.1/lib/python3.12/site-packages/airflow/example_dags/example_nested_branch_dag.py took 0.064 seconds
[2026-07-02T16:44:00.542+0000] {processor.py:161} INFO - Started process (PID=145011) to work on /usr/local/python/3.12.1/lib/python3.12/site-packages/airflow/example_dags/example_nested_branch_dag.py
[2026-07-02T16:44:00.550+0000] {processor.py:830} INFO - Processing file /usr/local/python/3.12.1/lib/python3.12/site-packages/airflow/example_dags/example_nested_branch_dag.py for tasks to queue
[2026-07-02T16:44:00.555+0000] {logging_mixin.py:188} INFO - [2026-07-02T16:44:00.555+0000] {dagbag.py:545} INFO - Filling up the DagBag from /usr/local/python/3.12.1/lib/python3.12/site-packages/airflow/example_dags/example_nested_branch_dag.py
[2026-07-02T16:44:00.581+0000] {processor.py:840} INFO - DAG(s) 'example_nested_branch_dag' retrieved from /usr/local/python/3.12.1/lib/python3.12/site-packages/airflow/example_dags/example_nested_branch_dag.py
[2026-07-02T16:44:00.615+0000] {logging_mixin.py:188} INFO - [2026-07-02T16:44:00.614+0000] {dag.py:3089} INFO - Sync 1 DAGs
[2026-07-02T16:44:00.638+0000] {logging_mixin.py:188} INFO - [2026-07-02T16:44:00.638+0000] {dag.py:3947} INFO - Setting next_dagrun for example_nested_branch_dag to 2026-07-01 00:00:00+00:00, run_after=2026-07-02 00:00:00+00:00
[2026-07-02T16:44:00.690+0000] {processor.py:183} INFO - Processing /usr/local/python/3.12.1/lib/python3.12/site-packages/airflow/example_dags/example_nested_branch_dag.py took 0.161 seconds
[2026-07-02T16:45:00.477+0000] {processor.py:161} INFO - Started process (PID=146646) to work on /usr/local/python/3.12.1/lib/python3.12/site-packages/airflow/example_dags/example_nested_branch_dag.py
[2026-07-02T16:45:00.483+0000] {processor.py:830} INFO - Processing file /usr/local/python/3.12.1/lib/python3.12/site-packages/airflow/example_dags/example_nested_branch_dag.py for tasks to queue
[2026-07-02T16:45:00.487+0000] {logging_mixin.py:188} INFO - [2026-07-02T16:45:00.485+0000] {dagbag.py:545} INFO - Filling up the DagBag from /usr/local/python/3.12.1/lib/python3.12/site-packages/airflow/example_dags/example_nested_branch_dag.py
[2026-07-02T16:45:00.511+0000] {processor.py:840} INFO - DAG(s) 'example_nested_branch_dag' retrieved from /usr/local/python/3.12.1/lib/python3.12/site-packages/airflow/example_dags/example_nested_branch_dag.py
[2026-07-02T16:45:00.543+0000] {logging_mixin.py:188} INFO - [2026-07-02T16:45:00.542+0000] {dag.py:3089} INFO - Sync 1 DAGs
[2026-07-02T16:45:00.571+0000] {logging_mixin.py:188} INFO - [2026-07-02T16:45:00.571+0000] {dag.py:3947} INFO - Setting next_dagrun for example_nested_branch_dag to 2026-07-01 00:00:00+00:00, run_after=2026-07-02 00:00:00+00:00
[2026-07-02T16:45:00.602+0000] {processor.py:183} INFO - Processing /usr/local/python/3.12.1/lib/python3.12/site-packages/airflow/example_dags/example_nested_branch_dag.py took 0.134 seconds
[2026-07-02T16:46:08.696+0000] {processor.py:161} INFO - Started process (PID=149112) to work on /usr/local/python/3.12.1/lib/python3.12/site-packages/airflow/example_dags/example_nested_branch_dag.py
[2026-07-02T16:46:08.698+0000] {processor.py:830} INFO - Processing file /usr/local/python/3.12.1/lib/python3.12/site-packages/airflow/example_dags/example_nested_branch_dag.py for tasks to queue
[2026-07-02T16:46:08.699+0000] {logging_mixin.py:188} INFO - [2026-07-02T16:46:08.699+0000] {dagbag.py:545} INFO - Filling up the DagBag from /usr/local/python/3.12.1/lib/python3.12/site-packages/airflow/example_dags/example_nested_branch_dag.py
[2026-07-02T16:46:08.709+0000] {processor.py:840} INFO - DAG(s) 'example_nested_branch_dag' retrieved from /usr/local/python/3.12.1/lib/python3.12/site-packages/airflow/example_dags/example_nested_branch_dag.py
[2026-07-02T16:46:08.723+0000] {logging_mixin.py:188} INFO - [2026-07-02T16:46:08.723+0000] {dag.py:3089} INFO - Sync 1 DAGs
[2026-07-02T16:46:08.738+0000] {logging_mixin.py:188} INFO - [2026-07-02T16:46:08.738+0000] {dag.py:3947} INFO - Setting next_dagrun for example_nested_branch_dag to 2026-07-01 00:00:00+00:00, run_after=2026-07-02 00:00:00+00:00
[2026-07-02T16:46:08.755+0000] {processor.py:183} INFO - Processing /usr/local/python/3.12.1/lib/python3.12/site-packages/airflow/example_dags/example_nested_branch_dag.py took 0.063 seconds
[2026-07-02T16:47:05.027+0000] {processor.py:161} INFO - Started process (PID=151263) to work on /usr/local/python/3.12.1/lib/python3.12/site-packages/airflow/example_dags/example_nested_branch_dag.py
[2026-07-02T16:47:05.029+0000] {processor.py:830} INFO - Processing file /usr/local/python/3.12.1/lib/python3.12/site-packages/airflow/example_dags/example_nested_branch_dag.py for tasks to queue
[2026-07-02T16:47:05.035+0000] {logging_mixin.py:188} INFO - [2026-07-02T16:47:05.034+0000] {dagbag.py:545} INFO - Filling up the DagBag from /usr/local/python/3.12.1/lib/python3.12/site-packages/airflow/example_dags/example_nested_branch_dag.py
[2026-07-02T16:47:05.053+0000] {processor.py:840} INFO - DAG(s) 'example_nested_branch_dag' retrieved from /usr/local/python/3.12.1/lib/python3.12/site-packages/airflow/example_dags/example_nested_branch_dag.py
[2026-07-02T16:47:05.082+0000] {logging_mixin.py:188} INFO - [2026-07-02T16:47:05.082+0000] {dag.py:3089} INFO - Sync 1 DAGs
[2026-07-02T16:47:05.155+0000] {logging_mixin.py:188} INFO - [2026-07-02T16:47:05.155+0000] {dag.py:3947} INFO - Setting next_dagrun for example_nested_branch_dag to 2026-07-01 00:00:00+00:00, run_after=2026-07-02 00:00:00+00:00
[2026-07-02T16:47:05.247+0000] {processor.py:183} INFO - Processing /usr/local/python/3.12.1/lib/python3.12/site-packages/airflow/example_dags/example_nested_branch_dag.py took 0.241 seconds
[2026-07-02T16:48:02.718+0000] {processor.py:161} INFO - Started process (PID=152408) to work on /usr/local/python/3.12.1/lib/python3.12/site-packages/airflow/example_dags/example_nested_branch_dag.py
[2026-07-02T16:48:02.720+0000] {processor.py:830} INFO - Processing file /usr/local/python/3.12.1/lib/python3.12/site-packages/airflow/example_dags/example_nested_branch_dag.py for tasks to queue
[2026-07-02T16:48:02.721+0000] {logging_mixin.py:188} INFO - [2026-07-02T16:48:02.721+0000] {dagbag.py:545} INFO - Filling up the DagBag from /usr/local/python/3.12.1/lib/python3.12/site-packages/airflow/example_dags/example_nested_branch_dag.py
[2026-07-02T16:48:02.730+0000] {processor.py:840} INFO - DAG(s) 'example_nested_branch_dag' retrieved from /usr/local/python/3.12.1/lib/python3.12/site-packages/airflow/example_dags/example_nested_branch_dag.py
[2026-07-02T16:48:02.743+0000] {logging_mixin.py:188} INFO - [2026-07-02T16:48:02.743+0000] {dag.py:3089} INFO - Sync 1 DAGs
[2026-07-02T16:48:02.761+0000] {logging_mixin.py:188} INFO - [2026-07-02T16:48:02.760+0000] {dag.py:3947} INFO - Setting next_dagrun for example_nested_branch_dag to 2026-07-01 00:00:00+00:00, run_after=2026-07-02 00:00:00+00:00
[2026-07-02T16:48:02.787+0000] {processor.py:183} INFO - Processing /usr/local/python/3.12.1/lib/python3.12/site-packages/airflow/example_dags/example_nested_branch_dag.py took 0.074 seconds
[2026-07-02T16:48:54.465+0000] {processor.py:161} INFO - Started process (PID=153319) to work on /usr/local/python/3.12.1/lib/python3.12/site-packages/airflow/example_dags/example_nested_branch_dag.py
[2026-07-02T16:48:54.466+0000] {processor.py:830} INFO - Processing file /usr/local/python/3.12.1/lib/python3.12/site-packages/airflow/example_dags/example_nested_branch_dag.py for tasks to queue
[2026-07-02T16:48:54.468+0000] {logging_mixin.py:188} INFO - [2026-07-02T16:48:54.468+0000] {dagbag.py:545} INFO - Filling up the DagBag from /usr/local/python/3.12.1/lib/python3.12/site-packages/airflow/example_dags/example_nested_branch_dag.py
[2026-07-02T16:48:54.476+0000] {processor.py:840} INFO - DAG(s) 'example_nested_branch_dag' retrieved from /usr/local/python/3.12.1/lib/python3.12/site-packages/airflow/example_dags/example_nested_branch_dag.py
[2026-07-02T16:48:54.495+0000] {logging_mixin.py:188} INFO - [2026-07-02T16:48:54.495+0000] {dag.py:3089} INFO - Sync 1 DAGs
[2026-07-02T16:48:54.510+0000] {logging_mixin.py:188} INFO - [2026-07-02T16:48:54.510+0000] {dag.py:3947} INFO - Setting next_dagrun for example_nested_branch_dag to 2026-07-01 00:00:00+00:00, run_after=2026-07-02 00:00:00+00:00
[2026-07-02T16:48:54.527+0000] {processor.py:183} INFO - Processing /usr/local/python/3.12.1/lib/python3.12/site-packages/airflow/example_dags/example_nested_branch_dag.py took 0.066 seconds
[2026-07-02T16:49:40.943+0000] {processor.py:161} INFO - Started process (PID=153999) to work on /usr/local/python/3.12.1/lib/python3.12/site-packages/airflow/example_dags/example_nested_branch_dag.py
[2026-07-02T16:49:40.944+0000] {processor.py:830} INFO - Processing file /usr/local/python/3.12.1/lib/python3.12/site-packages/airflow/example_dags/example_nested_branch_dag.py for tasks to queue
[2026-07-02T16:49:40.946+0000] {logging_mixin.py:188} INFO - [2026-07-02T16:49:40.945+0000] {dagbag.py:545} INFO - Filling up the DagBag from /usr/local/python/3.12.1/lib/python3.12/site-packages/airflow/example_dags/example_nested_branch_dag.py
[2026-07-02T16:49:40.954+0000] {processor.py:840} INFO - DAG(s) 'example_nested_branch_dag' retrieved from /usr/local/python/3.12.1/lib/python3.12/site-packages/airflow/example_dags/example_nested_branch_dag.py
[2026-07-02T16:49:40.967+0000] {logging_mixin.py:188} INFO - [2026-07-02T16:49:40.967+0000] {dag.py:3089} INFO - Sync 1 DAGs
[2026-07-02T16:49:40.987+0000] {logging_mixin.py:188} INFO - [2026-07-02T16:49:40.987+0000] {dag.py:3947} INFO - Setting next_dagrun for example_nested_branch_dag to 2026-07-01 00:00:00+00:00, run_after=2026-07-02 00:00:00+00:00
[2026-07-02T16:49:41.006+0000] {processor.py:183} INFO - Processing /usr/local/python/3.12.1/lib/python3.12/site-packages/airflow/example_dags/example_nested_branch_dag.py took 0.068 seconds
[2026-07-02T16:50:27.596+0000] {processor.py:161} INFO - Started process (PID=154590) to work on /usr/local/python/3.12.1/lib/python3.12/site-packages/airflow/example_dags/example_nested_branch_dag.py
[2026-07-02T16:50:27.598+0000] {processor.py:830} INFO - Processing file /usr/local/python/3.12.1/lib/python3.12/site-packages/airflow/example_dags/example_nested_branch_dag.py for tasks to queue
[2026-07-02T16:50:27.600+0000] {logging_mixin.py:188} INFO - [2026-07-02T16:50:27.600+0000] {dagbag.py:545} INFO - Filling up the DagBag from /usr/local/python/3.12.1/lib/python3.12/site-packages/airflow/example_dags/example_nested_branch_dag.py
[2026-07-02T16:50:27.616+0000] {processor.py:840} INFO - DAG(s) 'example_nested_branch_dag' retrieved from /usr/local/python/3.12.1/lib/python3.12/site-packages/airflow/example_dags/example_nested_branch_dag.py
[2026-07-02T16:50:27.648+0000] {logging_mixin.py:188} INFO - [2026-07-02T16:50:27.648+0000] {dag.py:3089} INFO - Sync 1 DAGs
[2026-07-02T16:50:27.673+0000] {logging_mixin.py:188} INFO - [2026-07-02T16:50:27.672+0000] {dag.py:3947} INFO - Setting next_dagrun for example_nested_branch_dag to 2026-07-01 00:00:00+00:00, run_after=2026-07-02 00:00:00+00:00
[2026-07-02T16:50:27.716+0000] {processor.py:183} INFO - Processing /usr/local/python/3.12.1/lib/python3.12/site-packages/airflow/example_dags/example_nested_branch_dag.py took 0.131 seconds
[2026-07-02T16:51:14.148+0000] {processor.py:161} INFO - Started process (PID=155133) to work on /usr/local/python/3.12.1/lib/python3.12/site-packages/airflow/example_dags/example_nested_branch_dag.py
[2026-07-02T16:51:14.151+0000] {processor.py:830} INFO - Processing file /usr/local/python/3.12.1/lib/python3.12/site-packages/airflow/example_dags/example_nested_branch_dag.py for tasks to queue
[2026-07-02T16:51:14.155+0000] {logging_mixin.py:188} INFO - [2026-07-02T16:51:14.154+0000] {dagbag.py:545} INFO - Filling up the DagBag from /usr/local/python/3.12.1/lib/python3.12/site-packages/airflow/example_dags/example_nested_branch_dag.py
[2026-07-02T16:51:14.172+0000] {processor.py:840} INFO - DAG(s) 'example_nested_branch_dag' retrieved from /usr/local/python/3.12.1/lib/python3.12/site-packages/airflow/example_dags/example_nested_branch_dag.py
[2026-07-02T16:51:14.230+0000] {logging_mixin.py:188} INFO - [2026-07-02T16:51:14.228+0000] {dag.py:3089} INFO - Sync 1 DAGs
[2026-07-02T16:51:14.304+0000] {logging_mixin.py:188} INFO - [2026-07-02T16:51:14.304+0000] {dag.py:3947} INFO - Setting next_dagrun for example_nested_branch_dag to 2026-07-01 00:00:00+00:00, run_after=2026-07-02 00:00:00+00:00
[2026-07-02T16:51:14.377+0000] {processor.py:183} INFO - Processing /usr/local/python/3.12.1/lib/python3.12/site-packages/airflow/example_dags/example_nested_branch_dag.py took 0.239 seconds
[2026-07-02T16:52:16.937+0000] {processor.py:161} INFO - Started process (PID=155794) to work on /usr/local/python/3.12.1/lib/python3.12/site-packages/airflow/example_dags/example_nested_branch_dag.py
[2026-07-02T16:52:16.938+0000] {processor.py:830} INFO - Processing file /usr/local/python/3.12.1/lib/python3.12/site-packages/airflow/example_dags/example_nested_branch_dag.py for tasks to queue
[2026-07-02T16:52:16.940+0000] {logging_mixin.py:188} INFO - [2026-07-02T16:52:16.939+0000] {dagbag.py:545} INFO - Filling up the DagBag from /usr/local/python/3.12.1/lib/python3.12/site-packages/airflow/example_dags/example_nested_branch_dag.py
[2026-07-02T16:52:16.948+0000] {processor.py:840} INFO - DAG(s) 'example_nested_branch_dag' retrieved from /usr/local/python/3.12.1/lib/python3.12/site-packages/airflow/example_dags/example_nested_branch_dag.py
[2026-07-02T16:52:16.961+0000] {logging_mixin.py:188} INFO - [2026-07-02T16:52:16.960+0000] {dag.py:3089} INFO - Sync 1 DAGs
[2026-07-02T16:52:16.977+0000] {logging_mixin.py:188} INFO - [2026-07-02T16:52:16.977+0000] {dag.py:3947} INFO - Setting next_dagrun for example_nested_branch_dag to 2026-07-01 00:00:00+00:00, run_after=2026-07-02 00:00:00+00:00
[2026-07-02T16:52:16.999+0000] {processor.py:183} INFO - Processing /usr/local/python/3.12.1/lib/python3.12/site-packages/airflow/example_dags/example_nested_branch_dag.py took 0.067 seconds
[2026-07-02T16:53:20.243+0000] {processor.py:161} INFO - Started process (PID=156442) to work on /usr/local/python/3.12.1/lib/python3.12/site-packages/airflow/example_dags/example_nested_branch_dag.py
[2026-07-02T16:53:20.244+0000] {processor.py:830} INFO - Processing file /usr/local/python/3.12.1/lib/python3.12/site-packages/airflow/example_dags/example_nested_branch_dag.py for tasks to queue
[2026-07-02T16:53:20.246+0000] {logging_mixin.py:188} INFO - [2026-07-02T16:53:20.245+0000] {dagbag.py:545} INFO - Filling up the DagBag from /usr/local/python/3.12.1/lib/python3.12/site-packages/airflow/example_dags/example_nested_branch_dag.py
[2026-07-02T16:53:20.253+0000] {processor.py:840} INFO - DAG(s) 'example_nested_branch_dag' retrieved from /usr/local/python/3.12.1/lib/python3.12/site-packages/airflow/example_dags/example_nested_branch_dag.py
[2026-07-02T16:53:20.269+0000] {logging_mixin.py:188} INFO - [2026-07-02T16:53:20.269+0000] {dag.py:3089} INFO - Sync 1 DAGs
[2026-07-02T16:53:20.289+0000] {logging_mixin.py:188} INFO - [2026-07-02T16:53:20.288+0000] {dag.py:3947} INFO - Setting next_dagrun for example_nested_branch_dag to 2026-07-01 00:00:00+00:00, run_after=2026-07-02 00:00:00+00:00
[2026-07-02T16:53:20.307+0000] {processor.py:183} INFO - Processing /usr/local/python/3.12.1/lib/python3.12/site-packages/airflow/example_dags/example_nested_branch_dag.py took 0.069 seconds
[2026-07-02T16:54:14.905+0000] {processor.py:161} INFO - Started process (PID=157032) to work on /usr/local/python/3.12.1/lib/python3.12/site-packages/airflow/example_dags/example_nested_branch_dag.py
[2026-07-02T16:54:14.906+0000] {processor.py:830} INFO - Processing file /usr/local/python/3.12.1/lib/python3.12/site-packages/airflow/example_dags/example_nested_branch_dag.py for tasks to queue
[2026-07-02T16:54:14.907+0000] {logging_mixin.py:188} INFO - [2026-07-02T16:54:14.907+0000] {dagbag.py:545} INFO - Filling up the DagBag from /usr/local/python/3.12.1/lib/python3.12/site-packages/airflow/example_dags/example_nested_branch_dag.py
[2026-07-02T16:54:14.915+0000] {processor.py:840} INFO - DAG(s) 'example_nested_branch_dag' retrieved from /usr/local/python/3.12.1/lib/python3.12/site-packages/airflow/example_dags/example_nested_branch_dag.py
[2026-07-02T16:54:14.928+0000] {logging_mixin.py:188} INFO - [2026-07-02T16:54:14.928+0000] {dag.py:3089} INFO - Sync 1 DAGs
[2026-07-02T16:54:14.944+0000] {logging_mixin.py:188} INFO - [2026-07-02T16:54:14.944+0000] {dag.py:3947} INFO - Setting next_dagrun for example_nested_branch_dag to 2026-07-01 00:00:00+00:00, run_after=2026-07-02 00:00:00+00:00
[2026-07-02T16:54:14.960+0000] {processor.py:183} INFO - Processing /usr/local/python/3.12.1/lib/python3.12/site-packages/airflow/example_dags/example_nested_branch_dag.py took 0.060 seconds
[2026-07-02T16:55:11.826+0000] {processor.py:161} INFO - Started process (PID=157642) to work on /usr/local/python/3.12.1/lib/python3.12/site-packages/airflow/example_dags/example_nested_branch_dag.py
[2026-07-02T16:55:11.827+0000] {processor.py:830} INFO - Processing file /usr/local/python/3.12.1/lib/python3.12/site-packages/airflow/example_dags/example_nested_branch_dag.py for tasks to queue
[2026-07-02T16:55:11.829+0000] {logging_mixin.py:188} INFO - [2026-07-02T16:55:11.829+0000] {dagbag.py:545} INFO - Filling up the DagBag from /usr/local/python/3.12.1/lib/python3.12/site-packages/airflow/example_dags/example_nested_branch_dag.py
[2026-07-02T16:55:11.837+0000] {processor.py:840} INFO - DAG(s) 'example_nested_branch_dag' retrieved from /usr/local/python/3.12.1/lib/python3.12/site-packages/airflow/example_dags/example_nested_branch_dag.py
[2026-07-02T16:55:11.850+0000] {logging_mixin.py:188} INFO - [2026-07-02T16:55:11.850+0000] {dag.py:3089} INFO - Sync 1 DAGs
[2026-07-02T16:55:11.866+0000] {logging_mixin.py:188} INFO - [2026-07-02T16:55:11.866+0000] {dag.py:3947} INFO - Setting next_dagrun for example_nested_branch_dag to 2026-07-01 00:00:00+00:00, run_after=2026-07-02 00:00:00+00:00
[2026-07-02T16:55:11.887+0000] {processor.py:183} INFO - Processing /usr/local/python/3.12.1/lib/python3.12/site-packages/airflow/example_dags/example_nested_branch_dag.py took 0.067 seconds
[2026-07-02T16:56:12.837+0000] {processor.py:161} INFO - Started process (PID=158296) to work on /usr/local/python/3.12.1/lib/python3.12/site-packages/airflow/example_dags/example_nested_branch_dag.py
[2026-07-02T16:56:12.838+0000] {processor.py:830} INFO - Processing file /usr/local/python/3.12.1/lib/python3.12/site-packages/airflow/example_dags/example_nested_branch_dag.py for tasks to queue
[2026-07-02T16:56:12.839+0000] {logging_mixin.py:188} INFO - [2026-07-02T16:56:12.839+0000] {dagbag.py:545} INFO - Filling up the DagBag from /usr/local/python/3.12.1/lib/python3.12/site-packages/airflow/example_dags/example_nested_branch_dag.py
[2026-07-02T16:56:12.847+0000] {processor.py:840} INFO - DAG(s) 'example_nested_branch_dag' retrieved from /usr/local/python/3.12.1/lib/python3.12/site-packages/airflow/example_dags/example_nested_branch_dag.py
[2026-07-02T16:56:12.861+0000] {logging_mixin.py:188} INFO - [2026-07-02T16:56:12.861+0000] {dag.py:3089} INFO - Sync 1 DAGs
[2026-07-02T16:56:12.877+0000] {logging_mixin.py:188} INFO - [2026-07-02T16:56:12.876+0000] {dag.py:3947} INFO - Setting next_dagrun for example_nested_branch_dag to 2026-07-01 00:00:00+00:00, run_after=2026-07-02 00:00:00+00:00
[2026-07-02T16:56:12.898+0000] {processor.py:183} INFO - Processing /usr/local/python/3.12.1/lib/python3.12/site-packages/airflow/example_dags/example_nested_branch_dag.py took 0.066 seconds
[2026-07-02T16:57:15.380+0000] {processor.py:161} INFO - Started process (PID=158979) to work on /usr/local/python/3.12.1/lib/python3.12/site-packages/airflow/example_dags/example_nested_branch_dag.py
[2026-07-02T16:57:15.381+0000] {processor.py:830} INFO - Processing file /usr/local/python/3.12.1/lib/python3.12/site-packages/airflow/example_dags/example_nested_branch_dag.py for tasks to queue
[2026-07-02T16:57:15.383+0000] {logging_mixin.py:188} INFO - [2026-07-02T16:57:15.382+0000] {dagbag.py:545} INFO - Filling up the DagBag from /usr/local/python/3.12.1/lib/python3.12/site-packages/airflow/example_dags/example_nested_branch_dag.py
[2026-07-02T16:57:15.393+0000] {processor.py:840} INFO - DAG(s) 'example_nested_branch_dag' retrieved from /usr/local/python/3.12.1/lib/python3.12/site-packages/airflow/example_dags/example_nested_branch_dag.py
[2026-07-02T16:57:15.408+0000] {logging_mixin.py:188} INFO - [2026-07-02T16:57:15.408+0000] {dag.py:3089} INFO - Sync 1 DAGs
[2026-07-02T16:57:15.423+0000] {logging_mixin.py:188} INFO - [2026-07-02T16:57:15.423+0000] {dag.py:3947} INFO - Setting next_dagrun for example_nested_branch_dag to 2026-07-01 00:00:00+00:00, run_after=2026-07-02 00:00:00+00:00
[2026-07-02T16:57:15.440+0000] {processor.py:183} INFO - Processing /usr/local/python/3.12.1/lib/python3.12/site-packages/airflow/example_dags/example_nested_branch_dag.py took 0.066 seconds
[2026-07-02T16:58:18.764+0000] {processor.py:161} INFO - Started process (PID=159647) to work on /usr/local/python/3.12.1/lib/python3.12/site-packages/airflow/example_dags/example_nested_branch_dag.py
[2026-07-02T16:58:18.765+0000] {processor.py:830} INFO - Processing file /usr/local/python/3.12.1/lib/python3.12/site-packages/airflow/example_dags/example_nested_branch_dag.py for tasks to queue
[2026-07-02T16:58:18.767+0000] {logging_mixin.py:188} INFO - [2026-07-02T16:58:18.766+0000] {dagbag.py:545} INFO - Filling up the DagBag from /usr/local/python/3.12.1/lib/python3.12/site-packages/airflow/example_dags/example_nested_branch_dag.py
[2026-07-02T16:58:18.776+0000] {processor.py:840} INFO - DAG(s) 'example_nested_branch_dag' retrieved from /usr/local/python/3.12.1/lib/python3.12/site-packages/airflow/example_dags/example_nested_branch_dag.py
[2026-07-02T16:58:18.790+0000] {logging_mixin.py:188} INFO - [2026-07-02T16:58:18.790+0000] {dag.py:3089} INFO - Sync 1 DAGs
[2026-07-02T16:58:18.810+0000] {logging_mixin.py:188} INFO - [2026-07-02T16:58:18.810+0000] {dag.py:3947} INFO - Setting next_dagrun for example_nested_branch_dag to 2026-07-01 00:00:00+00:00, run_after=2026-07-02 00:00:00+00:00
[2026-07-02T16:58:18.827+0000] {processor.py:183} INFO - Processing /usr/local/python/3.12.1/lib/python3.12/site-packages/airflow/example_dags/example_nested_branch_dag.py took 0.067 seconds
[2026-07-02T16:59:18.937+0000] {processor.py:161} INFO - Started process (PID=160283) to work on /usr/local/python/3.12.1/lib/python3.12/site-packages/airflow/example_dags/example_nested_branch_dag.py
[2026-07-02T16:59:18.938+0000] {processor.py:830} INFO - Processing file /usr/local/python/3.12.1/lib/python3.12/site-packages/airflow/example_dags/example_nested_branch_dag.py for tasks to queue
[2026-07-02T16:59:18.940+0000] {logging_mixin.py:188} INFO - [2026-07-02T16:59:18.939+0000] {dagbag.py:545} INFO - Filling up the DagBag from /usr/local/python/3.12.1/lib/python3.12/site-packages/airflow/example_dags/example_nested_branch_dag.py
[2026-07-02T16:59:18.947+0000] {processor.py:840} INFO - DAG(s) 'example_nested_branch_dag' retrieved from /usr/local/python/3.12.1/lib/python3.12/site-packages/airflow/example_dags/example_nested_branch_dag.py
[2026-07-02T16:59:18.961+0000] {logging_mixin.py:188} INFO - [2026-07-02T16:59:18.961+0000] {dag.py:3089} INFO - Sync 1 DAGs
[2026-07-02T16:59:18.977+0000] {logging_mixin.py:188} INFO - [2026-07-02T16:59:18.977+0000] {dag.py:3947} INFO - Setting next_dagrun for example_nested_branch_dag to 2026-07-01 00:00:00+00:00, run_after=2026-07-02 00:00:00+00:00
[2026-07-02T16:59:18.997+0000] {processor.py:183} INFO - Processing /usr/local/python/3.12.1/lib/python3.12/site-packages/airflow/example_dags/example_nested_branch_dag.py took 0.065 seconds
[2026-07-02T17:00:21.130+0000] {processor.py:161} INFO - Started process (PID=160933) to work on /usr/local/python/3.12.1/lib/python3.12/site-packages/airflow/example_dags/example_nested_branch_dag.py
[2026-07-02T17:00:21.131+0000] {processor.py:830} INFO - Processing file /usr/local/python/3.12.1/lib/python3.12/site-packages/airflow/example_dags/example_nested_branch_dag.py for tasks to queue
[2026-07-02T17:00:21.132+0000] {logging_mixin.py:188} INFO - [2026-07-02T17:00:21.132+0000] {dagbag.py:545} INFO - Filling up the DagBag from /usr/local/python/3.12.1/lib/python3.12/site-packages/airflow/example_dags/example_nested_branch_dag.py
[2026-07-02T17:00:21.140+0000] {processor.py:840} INFO - DAG(s) 'example_nested_branch_dag' retrieved from /usr/local/python/3.12.1/lib/python3.12/site-packages/airflow/example_dags/example_nested_branch_dag.py
[2026-07-02T17:00:21.153+0000] {logging_mixin.py:188} INFO - [2026-07-02T17:00:21.153+0000] {dag.py:3089} INFO - Sync 1 DAGs
[2026-07-02T17:00:21.169+0000] {logging_mixin.py:188} INFO - [2026-07-02T17:00:21.169+0000] {dag.py:3947} INFO - Setting next_dagrun for example_nested_branch_dag to 2026-07-01 00:00:00+00:00, run_after=2026-07-02 00:00:00+00:00
[2026-07-02T17:00:21.190+0000] {processor.py:183} INFO - Processing /usr/local/python/3.12.1/lib/python3.12/site-packages/airflow/example_dags/example_nested_branch_dag.py took 0.065 seconds
[2026-07-02T17:01:22.603+0000] {processor.py:161} INFO - Started process (PID=161598) to work on /usr/local/python/3.12.1/lib/python3.12/site-packages/airflow/example_dags/example_nested_branch_dag.py
[2026-07-02T17:01:22.604+0000] {processor.py:830} INFO - Processing file /usr/local/python/3.12.1/lib/python3.12/site-packages/airflow/example_dags/example_nested_branch_dag.py for tasks to queue
[2026-07-02T17:01:22.605+0000] {logging_mixin.py:188} INFO - [2026-07-02T17:01:22.605+0000] {dagbag.py:545} INFO - Filling up the DagBag from /usr/local/python/3.12.1/lib/python3.12/site-packages/airflow/example_dags/example_nested_branch_dag.py
[2026-07-02T17:01:22.613+0000] {processor.py:840} INFO - DAG(s) 'example_nested_branch_dag' retrieved from /usr/local/python/3.12.1/lib/python3.12/site-packages/airflow/example_dags/example_nested_branch_dag.py
[2026-07-02T17:01:22.626+0000] {logging_mixin.py:188} INFO - [2026-07-02T17:01:22.626+0000] {dag.py:3089} INFO - Sync 1 DAGs
[2026-07-02T17:01:22.645+0000] {logging_mixin.py:188} INFO - [2026-07-02T17:01:22.645+0000] {dag.py:3947} INFO - Setting next_dagrun for example_nested_branch_dag to 2026-07-01 00:00:00+00:00, run_after=2026-07-02 00:00:00+00:00
[2026-07-02T17:01:22.662+0000] {processor.py:183} INFO - Processing /usr/local/python/3.12.1/lib/python3.12/site-packages/airflow/example_dags/example_nested_branch_dag.py took 0.064 seconds
[2026-07-02T17:02:28.136+0000] {processor.py:161} INFO - Started process (PID=162276) to work on /usr/local/python/3.12.1/lib/python3.12/site-packages/airflow/example_dags/example_nested_branch_dag.py
[2026-07-02T17:02:28.137+0000] {processor.py:830} INFO - Processing file /usr/local/python/3.12.1/lib/python3.12/site-packages/airflow/example_dags/example_nested_branch_dag.py for tasks to queue
[2026-07-02T17:02:28.139+0000] {logging_mixin.py:188} INFO - [2026-07-02T17:02:28.138+0000] {dagbag.py:545} INFO - Filling up the DagBag from /usr/local/python/3.12.1/lib/python3.12/site-packages/airflow/example_dags/example_nested_branch_dag.py
[2026-07-02T17:02:28.147+0000] {processor.py:840} INFO - DAG(s) 'example_nested_branch_dag' retrieved from /usr/local/python/3.12.1/lib/python3.12/site-packages/airflow/example_dags/example_nested_branch_dag.py
[2026-07-02T17:02:28.161+0000] {logging_mixin.py:188} INFO - [2026-07-02T17:02:28.160+0000] {dag.py:3089} INFO - Sync 1 DAGs
[2026-07-02T17:02:28.177+0000] {logging_mixin.py:188} INFO - [2026-07-02T17:02:28.177+0000] {dag.py:3947} INFO - Setting next_dagrun for example_nested_branch_dag to 2026-07-01 00:00:00+00:00, run_after=2026-07-02 00:00:00+00:00
[2026-07-02T17:02:28.197+0000] {processor.py:183} INFO - Processing /usr/local/python/3.12.1/lib/python3.12/site-packages/airflow/example_dags/example_nested_branch_dag.py took 0.066 seconds
[2026-07-02T17:03:32.667+0000] {processor.py:161} INFO - Started process (PID=162973) to work on /usr/local/python/3.12.1/lib/python3.12/site-packages/airflow/example_dags/example_nested_branch_dag.py
[2026-07-02T17:03:32.668+0000] {processor.py:830} INFO - Processing file /usr/local/python/3.12.1/lib/python3.12/site-packages/airflow/example_dags/example_nested_branch_dag.py for tasks to queue
[2026-07-02T17:03:32.669+0000] {logging_mixin.py:188} INFO - [2026-07-02T17:03:32.669+0000] {dagbag.py:545} INFO - Filling up the DagBag from /usr/local/python/3.12.1/lib/python3.12/site-packages/airflow/example_dags/example_nested_branch_dag.py
[2026-07-02T17:03:32.678+0000] {processor.py:840} INFO - DAG(s) 'example_nested_branch_dag' retrieved from /usr/local/python/3.12.1/lib/python3.12/site-packages/airflow/example_dags/example_nested_branch_dag.py
[2026-07-02T17:03:32.696+0000] {logging_mixin.py:188} INFO - [2026-07-02T17:03:32.696+0000] {dag.py:3089} INFO - Sync 1 DAGs
[2026-07-02T17:03:32.711+0000] {logging_mixin.py:188} INFO - [2026-07-02T17:03:32.711+0000] {dag.py:3947} INFO - Setting next_dagrun for example_nested_branch_dag to 2026-07-01 00:00:00+00:00, run_after=2026-07-02 00:00:00+00:00
[2026-07-02T17:03:32.728+0000] {processor.py:183} INFO - Processing /usr/local/python/3.12.1/lib/python3.12/site-packages/airflow/example_dags/example_nested_branch_dag.py took 0.065 seconds
[2026-07-02T17:04:36.147+0000] {processor.py:161} INFO - Started process (PID=163648) to work on /usr/local/python/3.12.1/lib/python3.12/site-packages/airflow/example_dags/example_nested_branch_dag.py
[2026-07-02T17:04:36.147+0000] {processor.py:830} INFO - Processing file /usr/local/python/3.12.1/lib/python3.12/site-packages/airflow/example_dags/example_nested_branch_dag.py for tasks to queue
[2026-07-02T17:04:36.149+0000] {logging_mixin.py:188} INFO - [2026-07-02T17:04:36.148+0000] {dagbag.py:545} INFO - Filling up the DagBag from /usr/local/python/3.12.1/lib/python3.12/site-packages/airflow/example_dags/example_nested_branch_dag.py
[2026-07-02T17:04:36.157+0000] {processor.py:840} INFO - DAG(s) 'example_nested_branch_dag' retrieved from /usr/local/python/3.12.1/lib/python3.12/site-packages/airflow/example_dags/example_nested_branch_dag.py
[2026-07-02T17:04:36.171+0000] {logging_mixin.py:188} INFO - [2026-07-02T17:04:36.171+0000] {dag.py:3089} INFO - Sync 1 DAGs
[2026-07-02T17:04:36.191+0000] {logging_mixin.py:188} INFO - [2026-07-02T17:04:36.190+0000] {dag.py:3947} INFO - Setting next_dagrun for example_nested_branch_dag to 2026-07-01 00:00:00+00:00, run_after=2026-07-02 00:00:00+00:00
[2026-07-02T17:04:36.209+0000] {processor.py:183} INFO - Processing /usr/local/python/3.12.1/lib/python3.12/site-packages/airflow/example_dags/example_nested_branch_dag.py took 0.067 seconds
[2026-07-02T17:05:40.885+0000] {processor.py:161} INFO - Started process (PID=164299) to work on /usr/local/python/3.12.1/lib/python3.12/site-packages/airflow/example_dags/example_nested_branch_dag.py
[2026-07-02T17:05:40.885+0000] {processor.py:830} INFO - Processing file /usr/local/python/3.12.1/lib/python3.12/site-packages/airflow/example_dags/example_nested_branch_dag.py for tasks to queue
[2026-07-02T17:05:40.888+0000] {logging_mixin.py:188} INFO - [2026-07-02T17:05:40.887+0000] {dagbag.py:545} INFO - Filling up the DagBag from /usr/local/python/3.12.1/lib/python3.12/site-packages/airflow/example_dags/example_nested_branch_dag.py
[2026-07-02T17:05:40.898+0000] {processor.py:840} INFO - DAG(s) 'example_nested_branch_dag' retrieved from /usr/local/python/3.12.1/lib/python3.12/site-packages/airflow/example_dags/example_nested_branch_dag.py
[2026-07-02T17:05:40.911+0000] {logging_mixin.py:188} INFO - [2026-07-02T17:05:40.911+0000] {dag.py:3089} INFO - Sync 1 DAGs
[2026-07-02T17:05:40.927+0000] {logging_mixin.py:188} INFO - [2026-07-02T17:05:40.927+0000] {dag.py:3947} INFO - Setting next_dagrun for example_nested_branch_dag to 2026-07-01 00:00:00+00:00, run_after=2026-07-02 00:00:00+00:00
[2026-07-02T17:05:40.943+0000] {processor.py:183} INFO - Processing /usr/local/python/3.12.1/lib/python3.12/site-packages/airflow/example_dags/example_nested_branch_dag.py took 0.065 seconds
[2026-07-02T17:06:43.635+0000] {processor.py:161} INFO - Started process (PID=164964) to work on /usr/local/python/3.12.1/lib/python3.12/site-packages/airflow/example_dags/example_nested_branch_dag.py
[2026-07-02T17:06:43.636+0000] {processor.py:830} INFO - Processing file /usr/local/python/3.12.1/lib/python3.12/site-packages/airflow/example_dags/example_nested_branch_dag.py for tasks to queue
[2026-07-02T17:06:43.638+0000] {logging_mixin.py:188} INFO - [2026-07-02T17:06:43.637+0000] {dagbag.py:545} INFO - Filling up the DagBag from /usr/local/python/3.12.1/lib/python3.12/site-packages/airflow/example_dags/example_nested_branch_dag.py
[2026-07-02T17:06:43.646+0000] {processor.py:840} INFO - DAG(s) 'example_nested_branch_dag' retrieved from /usr/local/python/3.12.1/lib/python3.12/site-packages/airflow/example_dags/example_nested_branch_dag.py
[2026-07-02T17:06:43.659+0000] {logging_mixin.py:188} INFO - [2026-07-02T17:06:43.659+0000] {dag.py:3089} INFO - Sync 1 DAGs
[2026-07-02T17:06:43.675+0000] {logging_mixin.py:188} INFO - [2026-07-02T17:06:43.675+0000] {dag.py:3947} INFO - Setting next_dagrun for example_nested_branch_dag to 2026-07-01 00:00:00+00:00, run_after=2026-07-02 00:00:00+00:00
[2026-07-02T17:06:43.697+0000] {processor.py:183} INFO - Processing /usr/local/python/3.12.1/lib/python3.12/site-packages/airflow/example_dags/example_nested_branch_dag.py took 0.066 seconds
[2026-07-02T17:07:45.341+0000] {processor.py:161} INFO - Started process (PID=165626) to work on /usr/local/python/3.12.1/lib/python3.12/site-packages/airflow/example_dags/example_nested_branch_dag.py
[2026-07-02T17:07:45.342+0000] {processor.py:830} INFO - Processing file /usr/local/python/3.12.1/lib/python3.12/site-packages/airflow/example_dags/example_nested_branch_dag.py for tasks to queue
[2026-07-02T17:07:45.344+0000] {logging_mixin.py:188} INFO - [2026-07-02T17:07:45.343+0000] {dagbag.py:545} INFO - Filling up the DagBag from /usr/local/python/3.12.1/lib/python3.12/site-packages/airflow/example_dags/example_nested_branch_dag.py
[2026-07-02T17:07:45.352+0000] {processor.py:840} INFO - DAG(s) 'example_nested_branch_dag' retrieved from /usr/local/python/3.12.1/lib/python3.12/site-packages/airflow/example_dags/example_nested_branch_dag.py
[2026-07-02T17:07:45.366+0000] {logging_mixin.py:188} INFO - [2026-07-02T17:07:45.365+0000] {dag.py:3089} INFO - Sync 1 DAGs
[2026-07-02T17:07:45.384+0000] {logging_mixin.py:188} INFO - [2026-07-02T17:07:45.384+0000] {dag.py:3947} INFO - Setting next_dagrun for example_nested_branch_dag to 2026-07-01 00:00:00+00:00, run_after=2026-07-02 00:00:00+00:00
[2026-07-02T17:07:45.405+0000] {processor.py:183} INFO - Processing /usr/local/python/3.12.1/lib/python3.12/site-packages/airflow/example_dags/example_nested_branch_dag.py took 0.068 seconds
[2026-07-02T17:08:30.729+0000] {processor.py:161} INFO - Started process (PID=166108) to work on /usr/local/python/3.12.1/lib/python3.12/site-packages/airflow/example_dags/example_nested_branch_dag.py
[2026-07-02T17:08:30.730+0000] {processor.py:830} INFO - Processing file /usr/local/python/3.12.1/lib/python3.12/site-packages/airflow/example_dags/example_nested_branch_dag.py for tasks to queue
[2026-07-02T17:08:30.732+0000] {logging_mixin.py:188} INFO - [2026-07-02T17:08:30.731+0000] {dagbag.py:545} INFO - Filling up the DagBag from /usr/local/python/3.12.1/lib/python3.12/site-packages/airflow/example_dags/example_nested_branch_dag.py
[2026-07-02T17:08:30.739+0000] {processor.py:840} INFO - DAG(s) 'example_nested_branch_dag' retrieved from /usr/local/python/3.12.1/lib/python3.12/site-packages/airflow/example_dags/example_nested_branch_dag.py
[2026-07-02T17:08:30.753+0000] {logging_mixin.py:188} INFO - [2026-07-02T17:08:30.753+0000] {dag.py:3089} INFO - Sync 1 DAGs
[2026-07-02T17:08:30.768+0000] {logging_mixin.py:188} INFO - [2026-07-02T17:08:30.768+0000] {dag.py:3947} INFO - Setting next_dagrun for example_nested_branch_dag to 2026-07-01 00:00:00+00:00, run_after=2026-07-02 00:00:00+00:00
[2026-07-02T17:08:30.786+0000] {processor.py:183} INFO - Processing /usr/local/python/3.12.1/lib/python3.12/site-packages/airflow/example_dags/example_nested_branch_dag.py took 0.062 seconds
[2026-07-02T17:09:17.148+0000] {processor.py:161} INFO - Started process (PID=166584) to work on /usr/local/python/3.12.1/lib/python3.12/site-packages/airflow/example_dags/example_nested_branch_dag.py
[2026-07-02T17:09:17.148+0000] {processor.py:830} INFO - Processing file /usr/local/python/3.12.1/lib/python3.12/site-packages/airflow/example_dags/example_nested_branch_dag.py for tasks to queue
[2026-07-02T17:09:17.150+0000] {logging_mixin.py:188} INFO - [2026-07-02T17:09:17.150+0000] {dagbag.py:545} INFO - Filling up the DagBag from /usr/local/python/3.12.1/lib/python3.12/site-packages/airflow/example_dags/example_nested_branch_dag.py
[2026-07-02T17:09:17.158+0000] {processor.py:840} INFO - DAG(s) 'example_nested_branch_dag' retrieved from /usr/local/python/3.12.1/lib/python3.12/site-packages/airflow/example_dags/example_nested_branch_dag.py
[2026-07-02T17:09:17.172+0000] {logging_mixin.py:188} INFO - [2026-07-02T17:09:17.172+0000] {dag.py:3089} INFO - Sync 1 DAGs
[2026-07-02T17:09:17.290+0000] {logging_mixin.py:188} INFO - [2026-07-02T17:09:17.290+0000] {dag.py:3947} INFO - Setting next_dagrun for example_nested_branch_dag to 2026-07-01 00:00:00+00:00, run_after=2026-07-02 00:00:00+00:00
[2026-07-02T17:09:17.307+0000] {processor.py:183} INFO - Processing /usr/local/python/3.12.1/lib/python3.12/site-packages/airflow/example_dags/example_nested_branch_dag.py took 0.164 seconds
[2026-07-02T17:10:03.562+0000] {processor.py:161} INFO - Started process (PID=167110) to work on /usr/local/python/3.12.1/lib/python3.12/site-packages/airflow/example_dags/example_nested_branch_dag.py
[2026-07-02T17:10:03.563+0000] {processor.py:830} INFO - Processing file /usr/local/python/3.12.1/lib/python3.12/site-packages/airflow/example_dags/example_nested_branch_dag.py for tasks to queue
[2026-07-02T17:10:03.564+0000] {logging_mixin.py:188} INFO - [2026-07-02T17:10:03.564+0000] {dagbag.py:545} INFO - Filling up the DagBag from /usr/local/python/3.12.1/lib/python3.12/site-packages/airflow/example_dags/example_nested_branch_dag.py
[2026-07-02T17:10:03.572+0000] {processor.py:840} INFO - DAG(s) 'example_nested_branch_dag' retrieved from /usr/local/python/3.12.1/lib/python3.12/site-packages/airflow/example_dags/example_nested_branch_dag.py
[2026-07-02T17:10:03.590+0000] {logging_mixin.py:188} INFO - [2026-07-02T17:10:03.589+0000] {dag.py:3089} INFO - Sync 1 DAGs
[2026-07-02T17:10:03.607+0000] {logging_mixin.py:188} INFO - [2026-07-02T17:10:03.607+0000] {dag.py:3947} INFO - Setting next_dagrun for example_nested_branch_dag to 2026-07-01 00:00:00+00:00, run_after=2026-07-02 00:00:00+00:00
[2026-07-02T17:10:03.646+0000] {processor.py:183} INFO - Processing /usr/local/python/3.12.1/lib/python3.12/site-packages/airflow/example_dags/example_nested_branch_dag.py took 0.089 seconds
[2026-07-02T17:10:49.228+0000] {processor.py:161} INFO - Started process (PID=167592) to work on /usr/local/python/3.12.1/lib/python3.12/site-packages/airflow/example_dags/example_nested_branch_dag.py
[2026-07-02T17:10:49.229+0000] {processor.py:830} INFO - Processing file /usr/local/python/3.12.1/lib/python3.12/site-packages/airflow/example_dags/example_nested_branch_dag.py for tasks to queue
[2026-07-02T17:10:49.231+0000] {logging_mixin.py:188} INFO - [2026-07-02T17:10:49.230+0000] {dagbag.py:545} INFO - Filling up the DagBag from /usr/local/python/3.12.1/lib/python3.12/site-packages/airflow/example_dags/example_nested_branch_dag.py
[2026-07-02T17:10:49.239+0000] {processor.py:840} INFO - DAG(s) 'example_nested_branch_dag' retrieved from /usr/local/python/3.12.1/lib/python3.12/site-packages/airflow/example_dags/example_nested_branch_dag.py
[2026-07-02T17:10:49.252+0000] {logging_mixin.py:188} INFO - [2026-07-02T17:10:49.252+0000] {dag.py:3089} INFO - Sync 1 DAGs
[2026-07-02T17:10:49.268+0000] {logging_mixin.py:188} INFO - [2026-07-02T17:10:49.268+0000] {dag.py:3947} INFO - Setting next_dagrun for example_nested_branch_dag to 2026-07-01 00:00:00+00:00, run_after=2026-07-02 00:00:00+00:00
[2026-07-02T17:10:49.287+0000] {processor.py:183} INFO - Processing /usr/local/python/3.12.1/lib/python3.12/site-packages/airflow/example_dags/example_nested_branch_dag.py took 0.063 seconds
[2026-07-02T17:11:56.897+0000] {processor.py:161} INFO - Started process (PID=168303) to work on /usr/local/python/3.12.1/lib/python3.12/site-packages/airflow/example_dags/example_nested_branch_dag.py
[2026-07-02T17:11:56.898+0000] {processor.py:830} INFO - Processing file /usr/local/python/3.12.1/lib/python3.12/site-packages/airflow/example_dags/example_nested_branch_dag.py for tasks to queue
[2026-07-02T17:11:56.900+0000] {logging_mixin.py:188} INFO - [2026-07-02T17:11:56.899+0000] {dagbag.py:545} INFO - Filling up the DagBag from /usr/local/python/3.12.1/lib/python3.12/site-packages/airflow/example_dags/example_nested_branch_dag.py
[2026-07-02T17:11:56.907+0000] {processor.py:840} INFO - DAG(s) 'example_nested_branch_dag' retrieved from /usr/local/python/3.12.1/lib/python3.12/site-packages/airflow/example_dags/example_nested_branch_dag.py
[2026-07-02T17:11:56.921+0000] {logging_mixin.py:188} INFO - [2026-07-02T17:11:56.920+0000] {dag.py:3089} INFO - Sync 1 DAGs
[2026-07-02T17:11:56.936+0000] {logging_mixin.py:188} INFO - [2026-07-02T17:11:56.936+0000] {dag.py:3947} INFO - Setting next_dagrun for example_nested_branch_dag to 2026-07-01 00:00:00+00:00, run_after=2026-07-02 00:00:00+00:00
[2026-07-02T17:11:56.953+0000] {processor.py:183} INFO - Processing /usr/local/python/3.12.1/lib/python3.12/site-packages/airflow/example_dags/example_nested_branch_dag.py took 0.060 seconds
[2026-07-02T17:12:58.811+0000] {processor.py:161} INFO - Started process (PID=168962) to work on /usr/local/python/3.12.1/lib/python3.12/site-packages/airflow/example_dags/example_nested_branch_dag.py
[2026-07-02T17:12:58.812+0000] {processor.py:830} INFO - Processing file /usr/local/python/3.12.1/lib/python3.12/site-packages/airflow/example_dags/example_nested_branch_dag.py for tasks to queue
[2026-07-02T17:12:58.814+0000] {logging_mixin.py:188} INFO - [2026-07-02T17:12:58.814+0000] {dagbag.py:545} INFO - Filling up the DagBag from /usr/local/python/3.12.1/lib/python3.12/site-packages/airflow/example_dags/example_nested_branch_dag.py
[2026-07-02T17:12:58.846+0000] {processor.py:840} INFO - DAG(s) 'example_nested_branch_dag' retrieved from /usr/local/python/3.12.1/lib/python3.12/site-packages/airflow/example_dags/example_nested_branch_dag.py
[2026-07-02T17:12:58.869+0000] {logging_mixin.py:188} INFO - [2026-07-02T17:12:58.869+0000] {dag.py:3089} INFO - Sync 1 DAGs
[2026-07-02T17:12:58.899+0000] {logging_mixin.py:188} INFO - [2026-07-02T17:12:58.898+0000] {dag.py:3947} INFO - Setting next_dagrun for example_nested_branch_dag to 2026-07-01 00:00:00+00:00, run_after=2026-07-02 00:00:00+00:00
[2026-07-02T17:12:58.955+0000] {processor.py:183} INFO - Processing /usr/local/python/3.12.1/lib/python3.12/site-packages/airflow/example_dags/example_nested_branch_dag.py took 0.155 seconds
[2026-07-02T17:14:00.833+0000] {processor.py:161} INFO - Started process (PID=169608) to work on /usr/local/python/3.12.1/lib/python3.12/site-packages/airflow/example_dags/example_nested_branch_dag.py
[2026-07-02T17:14:00.834+0000] {processor.py:830} INFO - Processing file /usr/local/python/3.12.1/lib/python3.12/site-packages/airflow/example_dags/example_nested_branch_dag.py for tasks to queue
[2026-07-02T17:14:00.836+0000] {logging_mixin.py:188} INFO - [2026-07-02T17:14:00.835+0000] {dagbag.py:545} INFO - Filling up the DagBag from /usr/local/python/3.12.1/lib/python3.12/site-packages/airflow/example_dags/example_nested_branch_dag.py
[2026-07-02T17:14:00.843+0000] {processor.py:840} INFO - DAG(s) 'example_nested_branch_dag' retrieved from /usr/local/python/3.12.1/lib/python3.12/site-packages/airflow/example_dags/example_nested_branch_dag.py
[2026-07-02T17:14:00.857+0000] {logging_mixin.py:188} INFO - [2026-07-02T17:14:00.857+0000] {dag.py:3089} INFO - Sync 1 DAGs
[2026-07-02T17:14:00.872+0000] {logging_mixin.py:188} INFO - [2026-07-02T17:14:00.872+0000] {dag.py:3947} INFO - Setting next_dagrun for example_nested_branch_dag to 2026-07-01 00:00:00+00:00, run_after=2026-07-02 00:00:00+00:00
[2026-07-02T17:14:00.894+0000] {processor.py:183} INFO - Processing /usr/local/python/3.12.1/lib/python3.12/site-packages/airflow/example_dags/example_nested_branch_dag.py took 0.066 seconds
[2026-07-02T17:15:06.002+0000] {processor.py:161} INFO - Started process (PID=170349) to work on /usr/local/python/3.12.1/lib/python3.12/site-packages/airflow/example_dags/example_nested_branch_dag.py
[2026-07-02T17:15:06.003+0000] {processor.py:830} INFO - Processing file /usr/local/python/3.12.1/lib/python3.12/site-packages/airflow/example_dags/example_nested_branch_dag.py for tasks to queue
[2026-07-02T17:15:06.004+0000] {logging_mixin.py:188} INFO - [2026-07-02T17:15:06.004+0000] {dagbag.py:545} INFO - Filling up the DagBag from /usr/local/python/3.12.1/lib/python3.12/site-packages/airflow/example_dags/example_nested_branch_dag.py
[2026-07-02T17:15:06.012+0000] {processor.py:840} INFO - DAG(s) 'example_nested_branch_dag' retrieved from /usr/local/python/3.12.1/lib/python3.12/site-packages/airflow/example_dags/example_nested_branch_dag.py
[2026-07-02T17:15:06.029+0000] {logging_mixin.py:188} INFO - [2026-07-02T17:15:06.029+0000] {dag.py:3089} INFO - Sync 1 DAGs
[2026-07-02T17:15:06.044+0000] {logging_mixin.py:188} INFO - [2026-07-02T17:15:06.044+0000] {dag.py:3947} INFO - Setting next_dagrun for example_nested_branch_dag to 2026-07-01 00:00:00+00:00, run_after=2026-07-02 00:00:00+00:00
[2026-07-02T17:15:06.060+0000] {processor.py:183} INFO - Processing /usr/local/python/3.12.1/lib/python3.12/site-packages/airflow/example_dags/example_nested_branch_dag.py took 0.063 seconds
[2026-07-02T17:16:02.668+0000] {processor.py:161} INFO - Started process (PID=170895) to work on /usr/local/python/3.12.1/lib/python3.12/site-packages/airflow/example_dags/example_nested_branch_dag.py
[2026-07-02T17:16:02.668+0000] {processor.py:830} INFO - Processing file /usr/local/python/3.12.1/lib/python3.12/site-packages/airflow/example_dags/example_nested_branch_dag.py for tasks to queue
[2026-07-02T17:16:02.670+0000] {logging_mixin.py:188} INFO - [2026-07-02T17:16:02.670+0000] {dagbag.py:545} INFO - Filling up the DagBag from /usr/local/python/3.12.1/lib/python3.12/site-packages/airflow/example_dags/example_nested_branch_dag.py
[2026-07-02T17:16:02.679+0000] {processor.py:840} INFO - DAG(s) 'example_nested_branch_dag' retrieved from /usr/local/python/3.12.1/lib/python3.12/site-packages/airflow/example_dags/example_nested_branch_dag.py
[2026-07-02T17:16:02.698+0000] {logging_mixin.py:188} INFO - [2026-07-02T17:16:02.698+0000] {dag.py:3089} INFO - Sync 1 DAGs
[2026-07-02T17:16:02.713+0000] {logging_mixin.py:188} INFO - [2026-07-02T17:16:02.713+0000] {dag.py:3947} INFO - Setting next_dagrun for example_nested_branch_dag to 2026-07-01 00:00:00+00:00, run_after=2026-07-02 00:00:00+00:00
[2026-07-02T17:16:02.729+0000] {processor.py:183} INFO - Processing /usr/local/python/3.12.1/lib/python3.12/site-packages/airflow/example_dags/example_nested_branch_dag.py took 0.066 seconds
[2026-07-02T17:17:03.417+0000] {processor.py:161} INFO - Started process (PID=171555) to work on /usr/local/python/3.12.1/lib/python3.12/site-packages/airflow/example_dags/example_nested_branch_dag.py
[2026-07-02T17:17:03.418+0000] {processor.py:830} INFO - Processing file /usr/local/python/3.12.1/lib/python3.12/site-packages/airflow/example_dags/example_nested_branch_dag.py for tasks to queue
[2026-07-02T17:17:03.420+0000] {logging_mixin.py:188} INFO - [2026-07-02T17:17:03.419+0000] {dagbag.py:545} INFO - Filling up the DagBag from /usr/local/python/3.12.1/lib/python3.12/site-packages/airflow/example_dags/example_nested_branch_dag.py
[2026-07-02T17:17:03.428+0000] {processor.py:840} INFO - DAG(s) 'example_nested_branch_dag' retrieved from /usr/local/python/3.12.1/lib/python3.12/site-packages/airflow/example_dags/example_nested_branch_dag.py
[2026-07-02T17:17:03.441+0000] {logging_mixin.py:188} INFO - [2026-07-02T17:17:03.441+0000] {dag.py:3089} INFO - Sync 1 DAGs
[2026-07-02T17:17:03.456+0000] {logging_mixin.py:188} INFO - [2026-07-02T17:17:03.456+0000] {dag.py:3947} INFO - Setting next_dagrun for example_nested_branch_dag to 2026-07-01 00:00:00+00:00, run_after=2026-07-02 00:00:00+00:00
[2026-07-02T17:17:03.473+0000] {processor.py:183} INFO - Processing /usr/local/python/3.12.1/lib/python3.12/site-packages/airflow/example_dags/example_nested_branch_dag.py took 0.060 seconds
