[2026-07-02T16:24:23.022+0000] {processor.py:161} INFO - Started process (PID=117693) to work on /usr/local/python/3.12.1/lib/python3.12/site-packages/airflow/example_dags/example_short_circuit_operator.py
[2026-07-02T16:24:23.023+0000] {processor.py:830} INFO - Processing file /usr/local/python/3.12.1/lib/python3.12/site-packages/airflow/example_dags/example_short_circuit_operator.py for tasks to queue
[2026-07-02T16:24:23.024+0000] {logging_mixin.py:188} INFO - [2026-07-02T16:24:23.024+0000] {dagbag.py:545} INFO - Filling up the DagBag from /usr/local/python/3.12.1/lib/python3.12/site-packages/airflow/example_dags/example_short_circuit_operator.py
[2026-07-02T16:24:23.030+0000] {processor.py:840} INFO - DAG(s) 'example_short_circuit_operator' retrieved from /usr/local/python/3.12.1/lib/python3.12/site-packages/airflow/example_dags/example_short_circuit_operator.py
[2026-07-02T16:24:23.117+0000] {logging_mixin.py:188} INFO - [2026-07-02T16:24:23.116+0000] {override.py:1858} INFO - Created Permission View: can delete on DAG:example_short_circuit_operator
[2026-07-02T16:24:23.126+0000] {logging_mixin.py:188} INFO - [2026-07-02T16:24:23.126+0000] {override.py:1858} INFO - Created Permission View: can read on DAG:example_short_circuit_operator
[2026-07-02T16:24:23.134+0000] {logging_mixin.py:188} INFO - [2026-07-02T16:24:23.134+0000] {override.py:1858} INFO - Created Permission View: can edit on DAG:example_short_circuit_operator
[2026-07-02T16:24:23.135+0000] {logging_mixin.py:188} INFO - [2026-07-02T16:24:23.135+0000] {dag.py:3089} INFO - Sync 1 DAGs
[2026-07-02T16:24:23.147+0000] {logging_mixin.py:188} INFO - [2026-07-02T16:24:23.147+0000] {dag.py:3111} INFO - Creating ORM DAG for example_short_circuit_operator
[2026-07-02T16:24:23.159+0000] {logging_mixin.py:188} INFO - [2026-07-02T16:24:23.159+0000] {dag.py:3947} INFO - Setting next_dagrun for example_short_circuit_operator to 2026-07-01 00:00:00+00:00, run_after=2026-07-02 00:00:00+00:00
[2026-07-02T16:24:23.182+0000] {processor.py:183} INFO - Processing /usr/local/python/3.12.1/lib/python3.12/site-packages/airflow/example_dags/example_short_circuit_operator.py took 0.164 seconds
[2026-07-02T16:25:16.511+0000] {processor.py:161} INFO - Started process (PID=118446) to work on /usr/local/python/3.12.1/lib/python3.12/site-packages/airflow/example_dags/example_short_circuit_operator.py
[2026-07-02T16:25:16.511+0000] {processor.py:830} INFO - Processing file /usr/local/python/3.12.1/lib/python3.12/site-packages/airflow/example_dags/example_short_circuit_operator.py for tasks to queue
[2026-07-02T16:25:16.513+0000] {logging_mixin.py:188} INFO - [2026-07-02T16:25:16.513+0000] {dagbag.py:545} INFO - Filling up the DagBag from /usr/local/python/3.12.1/lib/python3.12/site-packages/airflow/example_dags/example_short_circuit_operator.py
[2026-07-02T16:25:16.519+0000] {processor.py:840} INFO - DAG(s) 'example_short_circuit_operator' retrieved from /usr/local/python/3.12.1/lib/python3.12/site-packages/airflow/example_dags/example_short_circuit_operator.py
[2026-07-02T16:25:16.534+0000] {logging_mixin.py:188} INFO - [2026-07-02T16:25:16.534+0000] {dag.py:3089} INFO - Sync 1 DAGs
[2026-07-02T16:25:16.551+0000] {logging_mixin.py:188} INFO - [2026-07-02T16:25:16.551+0000] {dag.py:3947} INFO - Setting next_dagrun for example_short_circuit_operator to 2026-07-01 00:00:00+00:00, run_after=2026-07-02 00:00:00+00:00
[2026-07-02T16:25:16.567+0000] {processor.py:183} INFO - Processing /usr/local/python/3.12.1/lib/python3.12/site-packages/airflow/example_dags/example_short_circuit_operator.py took 0.060 seconds
[2026-07-02T16:26:11.976+0000] {processor.py:161} INFO - Started process (PID=124911) to work on /usr/local/python/3.12.1/lib/python3.12/site-packages/airflow/example_dags/example_short_circuit_operator.py
[2026-07-02T16:26:11.982+0000] {processor.py:830} INFO - Processing file /usr/local/python/3.12.1/lib/python3.12/site-packages/airflow/example_dags/example_short_circuit_operator.py for tasks to queue
[2026-07-02T16:26:11.988+0000] {logging_mixin.py:188} INFO - [2026-07-02T16:26:11.987+0000] {dagbag.py:545} INFO - Filling up the DagBag from /usr/local/python/3.12.1/lib/python3.12/site-packages/airflow/example_dags/example_short_circuit_operator.py
[2026-07-02T16:26:12.028+0000] {processor.py:840} INFO - DAG(s) 'example_short_circuit_operator' retrieved from /usr/local/python/3.12.1/lib/python3.12/site-packages/airflow/example_dags/example_short_circuit_operator.py
[2026-07-02T16:26:12.073+0000] {logging_mixin.py:188} INFO - [2026-07-02T16:26:12.073+0000] {dag.py:3089} INFO - Sync 1 DAGs
[2026-07-02T16:26:12.148+0000] {logging_mixin.py:188} INFO - [2026-07-02T16:26:12.147+0000] {dag.py:3947} INFO - Setting next_dagrun for example_short_circuit_operator to 2026-07-01 00:00:00+00:00, run_after=2026-07-02 00:00:00+00:00
[2026-07-02T16:26:12.323+0000] {processor.py:183} INFO - Processing /usr/local/python/3.12.1/lib/python3.12/site-packages/airflow/example_dags/example_short_circuit_operator.py took 0.367 seconds
[2026-07-02T16:27:25.442+0000] {processor.py:161} INFO - Started process (PID=128190) to work on /usr/local/python/3.12.1/lib/python3.12/site-packages/airflow/example_dags/example_short_circuit_operator.py
[2026-07-02T16:27:25.443+0000] {processor.py:830} INFO - Processing file /usr/local/python/3.12.1/lib/python3.12/site-packages/airflow/example_dags/example_short_circuit_operator.py for tasks to queue
[2026-07-02T16:27:25.445+0000] {logging_mixin.py:188} INFO - [2026-07-02T16:27:25.445+0000] {dagbag.py:545} INFO - Filling up the DagBag from /usr/local/python/3.12.1/lib/python3.12/site-packages/airflow/example_dags/example_short_circuit_operator.py
[2026-07-02T16:27:25.456+0000] {processor.py:840} INFO - DAG(s) 'example_short_circuit_operator' retrieved from /usr/local/python/3.12.1/lib/python3.12/site-packages/airflow/example_dags/example_short_circuit_operator.py
[2026-07-02T16:27:25.479+0000] {logging_mixin.py:188} INFO - [2026-07-02T16:27:25.479+0000] {dag.py:3089} INFO - Sync 1 DAGs
[2026-07-02T16:27:25.502+0000] {logging_mixin.py:188} INFO - [2026-07-02T16:27:25.501+0000] {dag.py:3947} INFO - Setting next_dagrun for example_short_circuit_operator to 2026-07-01 00:00:00+00:00, run_after=2026-07-02 00:00:00+00:00
[2026-07-02T16:27:25.536+0000] {processor.py:183} INFO - Processing /usr/local/python/3.12.1/lib/python3.12/site-packages/airflow/example_dags/example_short_circuit_operator.py took 0.100 seconds
[2026-07-02T16:28:19.277+0000] {processor.py:161} INFO - Started process (PID=128960) to work on /usr/local/python/3.12.1/lib/python3.12/site-packages/airflow/example_dags/example_short_circuit_operator.py
[2026-07-02T16:28:19.277+0000] {processor.py:830} INFO - Processing file /usr/local/python/3.12.1/lib/python3.12/site-packages/airflow/example_dags/example_short_circuit_operator.py for tasks to queue
[2026-07-02T16:28:19.279+0000] {logging_mixin.py:188} INFO - [2026-07-02T16:28:19.279+0000] {dagbag.py:545} INFO - Filling up the DagBag from /usr/local/python/3.12.1/lib/python3.12/site-packages/airflow/example_dags/example_short_circuit_operator.py
[2026-07-02T16:28:19.287+0000] {processor.py:840} INFO - DAG(s) 'example_short_circuit_operator' retrieved from /usr/local/python/3.12.1/lib/python3.12/site-packages/airflow/example_dags/example_short_circuit_operator.py
[2026-07-02T16:28:19.303+0000] {logging_mixin.py:188} INFO - [2026-07-02T16:28:19.303+0000] {dag.py:3089} INFO - Sync 1 DAGs
[2026-07-02T16:28:19.318+0000] {logging_mixin.py:188} INFO - [2026-07-02T16:28:19.318+0000] {dag.py:3947} INFO - Setting next_dagrun for example_short_circuit_operator to 2026-07-01 00:00:00+00:00, run_after=2026-07-02 00:00:00+00:00
[2026-07-02T16:28:19.335+0000] {processor.py:183} INFO - Processing /usr/local/python/3.12.1/lib/python3.12/site-packages/airflow/example_dags/example_short_circuit_operator.py took 0.063 seconds
[2026-07-02T16:29:23.569+0000] {processor.py:161} INFO - Started process (PID=129815) to work on /usr/local/python/3.12.1/lib/python3.12/site-packages/airflow/example_dags/example_short_circuit_operator.py
[2026-07-02T16:29:23.570+0000] {processor.py:830} INFO - Processing file /usr/local/python/3.12.1/lib/python3.12/site-packages/airflow/example_dags/example_short_circuit_operator.py for tasks to queue
[2026-07-02T16:29:23.571+0000] {logging_mixin.py:188} INFO - [2026-07-02T16:29:23.571+0000] {dagbag.py:545} INFO - Filling up the DagBag from /usr/local/python/3.12.1/lib/python3.12/site-packages/airflow/example_dags/example_short_circuit_operator.py
[2026-07-02T16:29:23.577+0000] {processor.py:840} INFO - DAG(s) 'example_short_circuit_operator' retrieved from /usr/local/python/3.12.1/lib/python3.12/site-packages/airflow/example_dags/example_short_circuit_operator.py
[2026-07-02T16:29:23.698+0000] {logging_mixin.py:188} INFO - [2026-07-02T16:29:23.698+0000] {dag.py:3089} INFO - Sync 1 DAGs
[2026-07-02T16:29:23.718+0000] {logging_mixin.py:188} INFO - [2026-07-02T16:29:23.718+0000] {dag.py:3947} INFO - Setting next_dagrun for example_short_circuit_operator to 2026-07-01 00:00:00+00:00, run_after=2026-07-02 00:00:00+00:00
[2026-07-02T16:29:23.744+0000] {processor.py:183} INFO - Processing /usr/local/python/3.12.1/lib/python3.12/site-packages/airflow/example_dags/example_short_circuit_operator.py took 0.180 seconds
[2026-07-02T16:30:20.385+0000] {processor.py:161} INFO - Started process (PID=130479) to work on /usr/local/python/3.12.1/lib/python3.12/site-packages/airflow/example_dags/example_short_circuit_operator.py
[2026-07-02T16:30:20.386+0000] {processor.py:830} INFO - Processing file /usr/local/python/3.12.1/lib/python3.12/site-packages/airflow/example_dags/example_short_circuit_operator.py for tasks to queue
[2026-07-02T16:30:20.389+0000] {logging_mixin.py:188} INFO - [2026-07-02T16:30:20.388+0000] {dagbag.py:545} INFO - Filling up the DagBag from /usr/local/python/3.12.1/lib/python3.12/site-packages/airflow/example_dags/example_short_circuit_operator.py
[2026-07-02T16:30:20.421+0000] {processor.py:840} INFO - DAG(s) 'example_short_circuit_operator' retrieved from /usr/local/python/3.12.1/lib/python3.12/site-packages/airflow/example_dags/example_short_circuit_operator.py
[2026-07-02T16:30:20.456+0000] {logging_mixin.py:188} INFO - [2026-07-02T16:30:20.456+0000] {dag.py:3089} INFO - Sync 1 DAGs
[2026-07-02T16:30:20.481+0000] {logging_mixin.py:188} INFO - [2026-07-02T16:30:20.481+0000] {dag.py:3947} INFO - Setting next_dagrun for example_short_circuit_operator to 2026-07-01 00:00:00+00:00, run_after=2026-07-02 00:00:00+00:00
[2026-07-02T16:30:20.505+0000] {processor.py:183} INFO - Processing /usr/local/python/3.12.1/lib/python3.12/site-packages/airflow/example_dags/example_short_circuit_operator.py took 0.127 seconds
[2026-07-02T16:31:10.746+0000] {processor.py:161} INFO - Started process (PID=131043) to work on /usr/local/python/3.12.1/lib/python3.12/site-packages/airflow/example_dags/example_short_circuit_operator.py
[2026-07-02T16:31:10.746+0000] {processor.py:830} INFO - Processing file /usr/local/python/3.12.1/lib/python3.12/site-packages/airflow/example_dags/example_short_circuit_operator.py for tasks to queue
[2026-07-02T16:31:10.748+0000] {logging_mixin.py:188} INFO - [2026-07-02T16:31:10.747+0000] {dagbag.py:545} INFO - Filling up the DagBag from /usr/local/python/3.12.1/lib/python3.12/site-packages/airflow/example_dags/example_short_circuit_operator.py
[2026-07-02T16:31:10.754+0000] {processor.py:840} INFO - DAG(s) 'example_short_circuit_operator' retrieved from /usr/local/python/3.12.1/lib/python3.12/site-packages/airflow/example_dags/example_short_circuit_operator.py
[2026-07-02T16:31:10.768+0000] {logging_mixin.py:188} INFO - [2026-07-02T16:31:10.767+0000] {dag.py:3089} INFO - Sync 1 DAGs
[2026-07-02T16:31:10.786+0000] {logging_mixin.py:188} INFO - [2026-07-02T16:31:10.786+0000] {dag.py:3947} INFO - Setting next_dagrun for example_short_circuit_operator to 2026-07-01 00:00:00+00:00, run_after=2026-07-02 00:00:00+00:00
[2026-07-02T16:31:10.805+0000] {processor.py:183} INFO - Processing /usr/local/python/3.12.1/lib/python3.12/site-packages/airflow/example_dags/example_short_circuit_operator.py took 0.064 seconds
[2026-07-02T16:31:59.701+0000] {processor.py:161} INFO - Started process (PID=131575) to work on /usr/local/python/3.12.1/lib/python3.12/site-packages/airflow/example_dags/example_short_circuit_operator.py
[2026-07-02T16:31:59.706+0000] {processor.py:830} INFO - Processing file /usr/local/python/3.12.1/lib/python3.12/site-packages/airflow/example_dags/example_short_circuit_operator.py for tasks to queue
[2026-07-02T16:31:59.708+0000] {logging_mixin.py:188} INFO - [2026-07-02T16:31:59.707+0000] {dagbag.py:545} INFO - Filling up the DagBag from /usr/local/python/3.12.1/lib/python3.12/site-packages/airflow/example_dags/example_short_circuit_operator.py
[2026-07-02T16:31:59.717+0000] {processor.py:840} INFO - DAG(s) 'example_short_circuit_operator' retrieved from /usr/local/python/3.12.1/lib/python3.12/site-packages/airflow/example_dags/example_short_circuit_operator.py
[2026-07-02T16:31:59.741+0000] {logging_mixin.py:188} INFO - [2026-07-02T16:31:59.740+0000] {dag.py:3089} INFO - Sync 1 DAGs
[2026-07-02T16:31:59.767+0000] {logging_mixin.py:188} INFO - [2026-07-02T16:31:59.766+0000] {dag.py:3947} INFO - Setting next_dagrun for example_short_circuit_operator to 2026-07-01 00:00:00+00:00, run_after=2026-07-02 00:00:00+00:00
[2026-07-02T16:31:59.798+0000] {processor.py:183} INFO - Processing /usr/local/python/3.12.1/lib/python3.12/site-packages/airflow/example_dags/example_short_circuit_operator.py took 0.103 seconds
[2026-07-02T16:32:51.298+0000] {processor.py:161} INFO - Started process (PID=133269) to work on /usr/local/python/3.12.1/lib/python3.12/site-packages/airflow/example_dags/example_short_circuit_operator.py
[2026-07-02T16:32:51.298+0000] {processor.py:830} INFO - Processing file /usr/local/python/3.12.1/lib/python3.12/site-packages/airflow/example_dags/example_short_circuit_operator.py for tasks to queue
[2026-07-02T16:32:51.301+0000] {logging_mixin.py:188} INFO - [2026-07-02T16:32:51.300+0000] {dagbag.py:545} INFO - Filling up the DagBag from /usr/local/python/3.12.1/lib/python3.12/site-packages/airflow/example_dags/example_short_circuit_operator.py
[2026-07-02T16:32:51.306+0000] {processor.py:840} INFO - DAG(s) 'example_short_circuit_operator' retrieved from /usr/local/python/3.12.1/lib/python3.12/site-packages/airflow/example_dags/example_short_circuit_operator.py
[2026-07-02T16:32:51.321+0000] {logging_mixin.py:188} INFO - [2026-07-02T16:32:51.321+0000] {dag.py:3089} INFO - Sync 1 DAGs
[2026-07-02T16:32:51.338+0000] {logging_mixin.py:188} INFO - [2026-07-02T16:32:51.337+0000] {dag.py:3947} INFO - Setting next_dagrun for example_short_circuit_operator to 2026-07-01 00:00:00+00:00, run_after=2026-07-02 00:00:00+00:00
[2026-07-02T16:32:51.354+0000] {processor.py:183} INFO - Processing /usr/local/python/3.12.1/lib/python3.12/site-packages/airflow/example_dags/example_short_circuit_operator.py took 0.062 seconds
[2026-07-02T16:33:41.190+0000] {processor.py:161} INFO - Started process (PID=133862) to work on /usr/local/python/3.12.1/lib/python3.12/site-packages/airflow/example_dags/example_short_circuit_operator.py
[2026-07-02T16:33:41.191+0000] {processor.py:830} INFO - Processing file /usr/local/python/3.12.1/lib/python3.12/site-packages/airflow/example_dags/example_short_circuit_operator.py for tasks to queue
[2026-07-02T16:33:41.193+0000] {logging_mixin.py:188} INFO - [2026-07-02T16:33:41.193+0000] {dagbag.py:545} INFO - Filling up the DagBag from /usr/local/python/3.12.1/lib/python3.12/site-packages/airflow/example_dags/example_short_circuit_operator.py
[2026-07-02T16:33:41.199+0000] {processor.py:840} INFO - DAG(s) 'example_short_circuit_operator' retrieved from /usr/local/python/3.12.1/lib/python3.12/site-packages/airflow/example_dags/example_short_circuit_operator.py
[2026-07-02T16:33:41.214+0000] {logging_mixin.py:188} INFO - [2026-07-02T16:33:41.214+0000] {dag.py:3089} INFO - Sync 1 DAGs
[2026-07-02T16:33:41.228+0000] {logging_mixin.py:188} INFO - [2026-07-02T16:33:41.228+0000] {dag.py:3947} INFO - Setting next_dagrun for example_short_circuit_operator to 2026-07-01 00:00:00+00:00, run_after=2026-07-02 00:00:00+00:00
[2026-07-02T16:33:41.245+0000] {processor.py:183} INFO - Processing /usr/local/python/3.12.1/lib/python3.12/site-packages/airflow/example_dags/example_short_circuit_operator.py took 0.061 seconds
[2026-07-02T16:34:29.393+0000] {processor.py:161} INFO - Started process (PID=134474) to work on /usr/local/python/3.12.1/lib/python3.12/site-packages/airflow/example_dags/example_short_circuit_operator.py
[2026-07-02T16:34:29.395+0000] {processor.py:830} INFO - Processing file /usr/local/python/3.12.1/lib/python3.12/site-packages/airflow/example_dags/example_short_circuit_operator.py for tasks to queue
[2026-07-02T16:34:29.396+0000] {logging_mixin.py:188} INFO - [2026-07-02T16:34:29.396+0000] {dagbag.py:545} INFO - Filling up the DagBag from /usr/local/python/3.12.1/lib/python3.12/site-packages/airflow/example_dags/example_short_circuit_operator.py
[2026-07-02T16:34:29.403+0000] {processor.py:840} INFO - DAG(s) 'example_short_circuit_operator' retrieved from /usr/local/python/3.12.1/lib/python3.12/site-packages/airflow/example_dags/example_short_circuit_operator.py
[2026-07-02T16:34:29.417+0000] {logging_mixin.py:188} INFO - [2026-07-02T16:34:29.417+0000] {dag.py:3089} INFO - Sync 1 DAGs
[2026-07-02T16:34:29.432+0000] {logging_mixin.py:188} INFO - [2026-07-02T16:34:29.432+0000] {dag.py:3947} INFO - Setting next_dagrun for example_short_circuit_operator to 2026-07-01 00:00:00+00:00, run_after=2026-07-02 00:00:00+00:00
[2026-07-02T16:34:29.449+0000] {processor.py:183} INFO - Processing /usr/local/python/3.12.1/lib/python3.12/site-packages/airflow/example_dags/example_short_circuit_operator.py took 0.062 seconds
[2026-07-02T16:35:22.421+0000] {processor.py:161} INFO - Started process (PID=135923) to work on /usr/local/python/3.12.1/lib/python3.12/site-packages/airflow/example_dags/example_short_circuit_operator.py
[2026-07-02T16:35:22.459+0000] {processor.py:830} INFO - Processing file /usr/local/python/3.12.1/lib/python3.12/site-packages/airflow/example_dags/example_short_circuit_operator.py for tasks to queue
[2026-07-02T16:35:22.462+0000] {logging_mixin.py:188} INFO - [2026-07-02T16:35:22.461+0000] {dagbag.py:545} INFO - Filling up the DagBag from /usr/local/python/3.12.1/lib/python3.12/site-packages/airflow/example_dags/example_short_circuit_operator.py
[2026-07-02T16:35:22.479+0000] {processor.py:840} INFO - DAG(s) 'example_short_circuit_operator' retrieved from /usr/local/python/3.12.1/lib/python3.12/site-packages/airflow/example_dags/example_short_circuit_operator.py
[2026-07-02T16:35:22.595+0000] {logging_mixin.py:188} INFO - [2026-07-02T16:35:22.594+0000] {dag.py:3089} INFO - Sync 1 DAGs
[2026-07-02T16:35:22.809+0000] {logging_mixin.py:188} INFO - [2026-07-02T16:35:22.809+0000] {dag.py:3947} INFO - Setting next_dagrun for example_short_circuit_operator to 2026-07-01 00:00:00+00:00, run_after=2026-07-02 00:00:00+00:00
[2026-07-02T16:35:23.320+0000] {processor.py:183} INFO - Processing /usr/local/python/3.12.1/lib/python3.12/site-packages/airflow/example_dags/example_short_circuit_operator.py took 0.923 seconds
[2026-07-02T16:36:19.017+0000] {processor.py:161} INFO - Started process (PID=136663) to work on /usr/local/python/3.12.1/lib/python3.12/site-packages/airflow/example_dags/example_short_circuit_operator.py
[2026-07-02T16:36:19.020+0000] {processor.py:830} INFO - Processing file /usr/local/python/3.12.1/lib/python3.12/site-packages/airflow/example_dags/example_short_circuit_operator.py for tasks to queue
[2026-07-02T16:36:19.021+0000] {logging_mixin.py:188} INFO - [2026-07-02T16:36:19.021+0000] {dagbag.py:545} INFO - Filling up the DagBag from /usr/local/python/3.12.1/lib/python3.12/site-packages/airflow/example_dags/example_short_circuit_operator.py
[2026-07-02T16:36:19.029+0000] {processor.py:840} INFO - DAG(s) 'example_short_circuit_operator' retrieved from /usr/local/python/3.12.1/lib/python3.12/site-packages/airflow/example_dags/example_short_circuit_operator.py
[2026-07-02T16:36:19.048+0000] {logging_mixin.py:188} INFO - [2026-07-02T16:36:19.048+0000] {dag.py:3089} INFO - Sync 1 DAGs
[2026-07-02T16:36:19.066+0000] {logging_mixin.py:188} INFO - [2026-07-02T16:36:19.066+0000] {dag.py:3947} INFO - Setting next_dagrun for example_short_circuit_operator to 2026-07-01 00:00:00+00:00, run_after=2026-07-02 00:00:00+00:00
[2026-07-02T16:36:19.087+0000] {processor.py:183} INFO - Processing /usr/local/python/3.12.1/lib/python3.12/site-packages/airflow/example_dags/example_short_circuit_operator.py took 0.075 seconds
[2026-07-02T16:37:03.321+0000] {processor.py:161} INFO - Started process (PID=137242) to work on /usr/local/python/3.12.1/lib/python3.12/site-packages/airflow/example_dags/example_short_circuit_operator.py
[2026-07-02T16:37:03.322+0000] {processor.py:830} INFO - Processing file /usr/local/python/3.12.1/lib/python3.12/site-packages/airflow/example_dags/example_short_circuit_operator.py for tasks to queue
[2026-07-02T16:37:03.323+0000] {logging_mixin.py:188} INFO - [2026-07-02T16:37:03.323+0000] {dagbag.py:545} INFO - Filling up the DagBag from /usr/local/python/3.12.1/lib/python3.12/site-packages/airflow/example_dags/example_short_circuit_operator.py
[2026-07-02T16:37:03.329+0000] {processor.py:840} INFO - DAG(s) 'example_short_circuit_operator' retrieved from /usr/local/python/3.12.1/lib/python3.12/site-packages/airflow/example_dags/example_short_circuit_operator.py
[2026-07-02T16:37:03.343+0000] {logging_mixin.py:188} INFO - [2026-07-02T16:37:03.343+0000] {dag.py:3089} INFO - Sync 1 DAGs
[2026-07-02T16:37:03.358+0000] {logging_mixin.py:188} INFO - [2026-07-02T16:37:03.357+0000] {dag.py:3947} INFO - Setting next_dagrun for example_short_circuit_operator to 2026-07-01 00:00:00+00:00, run_after=2026-07-02 00:00:00+00:00
[2026-07-02T16:37:03.374+0000] {processor.py:183} INFO - Processing /usr/local/python/3.12.1/lib/python3.12/site-packages/airflow/example_dags/example_short_circuit_operator.py took 0.057 seconds
[2026-07-02T16:37:50.970+0000] {processor.py:161} INFO - Started process (PID=138554) to work on /usr/local/python/3.12.1/lib/python3.12/site-packages/airflow/example_dags/example_short_circuit_operator.py
[2026-07-02T16:37:50.971+0000] {processor.py:830} INFO - Processing file /usr/local/python/3.12.1/lib/python3.12/site-packages/airflow/example_dags/example_short_circuit_operator.py for tasks to queue
[2026-07-02T16:37:50.972+0000] {logging_mixin.py:188} INFO - [2026-07-02T16:37:50.972+0000] {dagbag.py:545} INFO - Filling up the DagBag from /usr/local/python/3.12.1/lib/python3.12/site-packages/airflow/example_dags/example_short_circuit_operator.py
[2026-07-02T16:37:50.980+0000] {processor.py:840} INFO - DAG(s) 'example_short_circuit_operator' retrieved from /usr/local/python/3.12.1/lib/python3.12/site-packages/airflow/example_dags/example_short_circuit_operator.py
[2026-07-02T16:37:50.999+0000] {logging_mixin.py:188} INFO - [2026-07-02T16:37:50.998+0000] {dag.py:3089} INFO - Sync 1 DAGs
[2026-07-02T16:37:51.014+0000] {logging_mixin.py:188} INFO - [2026-07-02T16:37:51.014+0000] {dag.py:3947} INFO - Setting next_dagrun for example_short_circuit_operator to 2026-07-01 00:00:00+00:00, run_after=2026-07-02 00:00:00+00:00
[2026-07-02T16:37:51.031+0000] {processor.py:183} INFO - Processing /usr/local/python/3.12.1/lib/python3.12/site-packages/airflow/example_dags/example_short_circuit_operator.py took 0.065 seconds
[2026-07-02T16:38:37.940+0000] {processor.py:161} INFO - Started process (PID=139599) to work on /usr/local/python/3.12.1/lib/python3.12/site-packages/airflow/example_dags/example_short_circuit_operator.py
[2026-07-02T16:38:37.941+0000] {processor.py:830} INFO - Processing file /usr/local/python/3.12.1/lib/python3.12/site-packages/airflow/example_dags/example_short_circuit_operator.py for tasks to queue
[2026-07-02T16:38:37.943+0000] {logging_mixin.py:188} INFO - [2026-07-02T16:38:37.942+0000] {dagbag.py:545} INFO - Filling up the DagBag from /usr/local/python/3.12.1/lib/python3.12/site-packages/airflow/example_dags/example_short_circuit_operator.py
[2026-07-02T16:38:37.948+0000] {processor.py:840} INFO - DAG(s) 'example_short_circuit_operator' retrieved from /usr/local/python/3.12.1/lib/python3.12/site-packages/airflow/example_dags/example_short_circuit_operator.py
[2026-07-02T16:38:37.963+0000] {logging_mixin.py:188} INFO - [2026-07-02T16:38:37.963+0000] {dag.py:3089} INFO - Sync 1 DAGs
[2026-07-02T16:38:37.979+0000] {logging_mixin.py:188} INFO - [2026-07-02T16:38:37.979+0000] {dag.py:3947} INFO - Setting next_dagrun for example_short_circuit_operator to 2026-07-01 00:00:00+00:00, run_after=2026-07-02 00:00:00+00:00
[2026-07-02T16:38:37.999+0000] {processor.py:183} INFO - Processing /usr/local/python/3.12.1/lib/python3.12/site-packages/airflow/example_dags/example_short_circuit_operator.py took 0.063 seconds
[2026-07-02T16:39:24.619+0000] {processor.py:161} INFO - Started process (PID=140205) to work on /usr/local/python/3.12.1/lib/python3.12/site-packages/airflow/example_dags/example_short_circuit_operator.py
[2026-07-02T16:39:24.620+0000] {processor.py:830} INFO - Processing file /usr/local/python/3.12.1/lib/python3.12/site-packages/airflow/example_dags/example_short_circuit_operator.py for tasks to queue
[2026-07-02T16:39:24.622+0000] {logging_mixin.py:188} INFO - [2026-07-02T16:39:24.622+0000] {dagbag.py:545} INFO - Filling up the DagBag from /usr/local/python/3.12.1/lib/python3.12/site-packages/airflow/example_dags/example_short_circuit_operator.py
[2026-07-02T16:39:24.631+0000] {processor.py:840} INFO - DAG(s) 'example_short_circuit_operator' retrieved from /usr/local/python/3.12.1/lib/python3.12/site-packages/airflow/example_dags/example_short_circuit_operator.py
[2026-07-02T16:39:24.654+0000] {logging_mixin.py:188} INFO - [2026-07-02T16:39:24.654+0000] {dag.py:3089} INFO - Sync 1 DAGs
[2026-07-02T16:39:24.676+0000] {logging_mixin.py:188} INFO - [2026-07-02T16:39:24.676+0000] {dag.py:3947} INFO - Setting next_dagrun for example_short_circuit_operator to 2026-07-01 00:00:00+00:00, run_after=2026-07-02 00:00:00+00:00
[2026-07-02T16:39:24.717+0000] {processor.py:183} INFO - Processing /usr/local/python/3.12.1/lib/python3.12/site-packages/airflow/example_dags/example_short_circuit_operator.py took 0.104 seconds
[2026-07-02T16:40:10.014+0000] {processor.py:161} INFO - Started process (PID=140844) to work on /usr/local/python/3.12.1/lib/python3.12/site-packages/airflow/example_dags/example_short_circuit_operator.py
[2026-07-02T16:40:10.015+0000] {processor.py:830} INFO - Processing file /usr/local/python/3.12.1/lib/python3.12/site-packages/airflow/example_dags/example_short_circuit_operator.py for tasks to queue
[2026-07-02T16:40:10.019+0000] {logging_mixin.py:188} INFO - [2026-07-02T16:40:10.018+0000] {dagbag.py:545} INFO - Filling up the DagBag from /usr/local/python/3.12.1/lib/python3.12/site-packages/airflow/example_dags/example_short_circuit_operator.py
[2026-07-02T16:40:10.028+0000] {processor.py:840} INFO - DAG(s) 'example_short_circuit_operator' retrieved from /usr/local/python/3.12.1/lib/python3.12/site-packages/airflow/example_dags/example_short_circuit_operator.py
[2026-07-02T16:40:10.056+0000] {logging_mixin.py:188} INFO - [2026-07-02T16:40:10.055+0000] {dag.py:3089} INFO - Sync 1 DAGs
[2026-07-02T16:40:10.109+0000] {logging_mixin.py:188} INFO - [2026-07-02T16:40:10.109+0000] {dag.py:3947} INFO - Setting next_dagrun for example_short_circuit_operator to 2026-07-01 00:00:00+00:00, run_after=2026-07-02 00:00:00+00:00
[2026-07-02T16:40:10.248+0000] {processor.py:183} INFO - Processing /usr/local/python/3.12.1/lib/python3.12/site-packages/airflow/example_dags/example_short_circuit_operator.py took 0.242 seconds
[2026-07-02T16:41:04.166+0000] {processor.py:161} INFO - Started process (PID=141713) to work on /usr/local/python/3.12.1/lib/python3.12/site-packages/airflow/example_dags/example_short_circuit_operator.py
[2026-07-02T16:41:04.169+0000] {processor.py:830} INFO - Processing file /usr/local/python/3.12.1/lib/python3.12/site-packages/airflow/example_dags/example_short_circuit_operator.py for tasks to queue
[2026-07-02T16:41:04.171+0000] {logging_mixin.py:188} INFO - [2026-07-02T16:41:04.171+0000] {dagbag.py:545} INFO - Filling up the DagBag from /usr/local/python/3.12.1/lib/python3.12/site-packages/airflow/example_dags/example_short_circuit_operator.py
[2026-07-02T16:41:04.182+0000] {processor.py:840} INFO - DAG(s) 'example_short_circuit_operator' retrieved from /usr/local/python/3.12.1/lib/python3.12/site-packages/airflow/example_dags/example_short_circuit_operator.py
[2026-07-02T16:41:04.219+0000] {logging_mixin.py:188} INFO - [2026-07-02T16:41:04.219+0000] {dag.py:3089} INFO - Sync 1 DAGs
[2026-07-02T16:41:04.269+0000] {logging_mixin.py:188} INFO - [2026-07-02T16:41:04.269+0000] {dag.py:3947} INFO - Setting next_dagrun for example_short_circuit_operator to 2026-07-01 00:00:00+00:00, run_after=2026-07-02 00:00:00+00:00
[2026-07-02T16:41:04.565+0000] {processor.py:183} INFO - Processing /usr/local/python/3.12.1/lib/python3.12/site-packages/airflow/example_dags/example_short_circuit_operator.py took 0.406 seconds
[2026-07-02T16:42:01.429+0000] {processor.py:161} INFO - Started process (PID=142618) to work on /usr/local/python/3.12.1/lib/python3.12/site-packages/airflow/example_dags/example_short_circuit_operator.py
[2026-07-02T16:42:01.456+0000] {processor.py:830} INFO - Processing file /usr/local/python/3.12.1/lib/python3.12/site-packages/airflow/example_dags/example_short_circuit_operator.py for tasks to queue
[2026-07-02T16:42:01.464+0000] {logging_mixin.py:188} INFO - [2026-07-02T16:42:01.463+0000] {dagbag.py:545} INFO - Filling up the DagBag from /usr/local/python/3.12.1/lib/python3.12/site-packages/airflow/example_dags/example_short_circuit_operator.py
[2026-07-02T16:42:01.490+0000] {processor.py:840} INFO - DAG(s) 'example_short_circuit_operator' retrieved from /usr/local/python/3.12.1/lib/python3.12/site-packages/airflow/example_dags/example_short_circuit_operator.py
[2026-07-02T16:42:01.552+0000] {logging_mixin.py:188} INFO - [2026-07-02T16:42:01.551+0000] {dag.py:3089} INFO - Sync 1 DAGs
[2026-07-02T16:42:01.647+0000] {logging_mixin.py:188} INFO - [2026-07-02T16:42:01.647+0000] {dag.py:3947} INFO - Setting next_dagrun for example_short_circuit_operator to 2026-07-01 00:00:00+00:00, run_after=2026-07-02 00:00:00+00:00
[2026-07-02T16:42:01.732+0000] {processor.py:183} INFO - Processing /usr/local/python/3.12.1/lib/python3.12/site-packages/airflow/example_dags/example_short_circuit_operator.py took 0.319 seconds
[2026-07-02T16:43:19.590+0000] {processor.py:161} INFO - Started process (PID=143750) to work on /usr/local/python/3.12.1/lib/python3.12/site-packages/airflow/example_dags/example_short_circuit_operator.py
[2026-07-02T16:43:19.639+0000] {processor.py:830} INFO - Processing file /usr/local/python/3.12.1/lib/python3.12/site-packages/airflow/example_dags/example_short_circuit_operator.py for tasks to queue
[2026-07-02T16:43:19.649+0000] {logging_mixin.py:188} INFO - [2026-07-02T16:43:19.647+0000] {dagbag.py:545} INFO - Filling up the DagBag from /usr/local/python/3.12.1/lib/python3.12/site-packages/airflow/example_dags/example_short_circuit_operator.py
[2026-07-02T16:43:19.689+0000] {processor.py:840} INFO - DAG(s) 'example_short_circuit_operator' retrieved from /usr/local/python/3.12.1/lib/python3.12/site-packages/airflow/example_dags/example_short_circuit_operator.py
[2026-07-02T16:43:19.849+0000] {logging_mixin.py:188} INFO - [2026-07-02T16:43:19.849+0000] {dag.py:3089} INFO - Sync 1 DAGs
[2026-07-02T16:43:20.006+0000] {logging_mixin.py:188} INFO - [2026-07-02T16:43:20.006+0000] {dag.py:3947} INFO - Setting next_dagrun for example_short_circuit_operator to 2026-07-01 00:00:00+00:00, run_after=2026-07-02 00:00:00+00:00
[2026-07-02T16:43:20.334+0000] {processor.py:183} INFO - Processing /usr/local/python/3.12.1/lib/python3.12/site-packages/airflow/example_dags/example_short_circuit_operator.py took 0.779 seconds
[2026-07-02T16:44:24.093+0000] {processor.py:161} INFO - Started process (PID=145345) to work on /usr/local/python/3.12.1/lib/python3.12/site-packages/airflow/example_dags/example_short_circuit_operator.py
[2026-07-02T16:44:24.096+0000] {processor.py:830} INFO - Processing file /usr/local/python/3.12.1/lib/python3.12/site-packages/airflow/example_dags/example_short_circuit_operator.py for tasks to queue
[2026-07-02T16:44:24.098+0000] {logging_mixin.py:188} INFO - [2026-07-02T16:44:24.097+0000] {dagbag.py:545} INFO - Filling up the DagBag from /usr/local/python/3.12.1/lib/python3.12/site-packages/airflow/example_dags/example_short_circuit_operator.py
[2026-07-02T16:44:24.104+0000] {processor.py:840} INFO - DAG(s) 'example_short_circuit_operator' retrieved from /usr/local/python/3.12.1/lib/python3.12/site-packages/airflow/example_dags/example_short_circuit_operator.py
[2026-07-02T16:44:24.120+0000] {logging_mixin.py:188} INFO - [2026-07-02T16:44:24.120+0000] {dag.py:3089} INFO - Sync 1 DAGs
[2026-07-02T16:44:24.138+0000] {logging_mixin.py:188} INFO - [2026-07-02T16:44:24.138+0000] {dag.py:3947} INFO - Setting next_dagrun for example_short_circuit_operator to 2026-07-01 00:00:00+00:00, run_after=2026-07-02 00:00:00+00:00
[2026-07-02T16:44:24.156+0000] {processor.py:183} INFO - Processing /usr/local/python/3.12.1/lib/python3.12/site-packages/airflow/example_dags/example_short_circuit_operator.py took 0.068 seconds
[2026-07-02T16:45:33.550+0000] {processor.py:161} INFO - Started process (PID=147804) to work on /usr/local/python/3.12.1/lib/python3.12/site-packages/airflow/example_dags/example_short_circuit_operator.py
[2026-07-02T16:45:33.552+0000] {processor.py:830} INFO - Processing file /usr/local/python/3.12.1/lib/python3.12/site-packages/airflow/example_dags/example_short_circuit_operator.py for tasks to queue
[2026-07-02T16:45:33.553+0000] {logging_mixin.py:188} INFO - [2026-07-02T16:45:33.553+0000] {dagbag.py:545} INFO - Filling up the DagBag from /usr/local/python/3.12.1/lib/python3.12/site-packages/airflow/example_dags/example_short_circuit_operator.py
[2026-07-02T16:45:33.560+0000] {processor.py:840} INFO - DAG(s) 'example_short_circuit_operator' retrieved from /usr/local/python/3.12.1/lib/python3.12/site-packages/airflow/example_dags/example_short_circuit_operator.py
[2026-07-02T16:45:33.575+0000] {logging_mixin.py:188} INFO - [2026-07-02T16:45:33.574+0000] {dag.py:3089} INFO - Sync 1 DAGs
[2026-07-02T16:45:33.598+0000] {logging_mixin.py:188} INFO - [2026-07-02T16:45:33.598+0000] {dag.py:3947} INFO - Setting next_dagrun for example_short_circuit_operator to 2026-07-01 00:00:00+00:00, run_after=2026-07-02 00:00:00+00:00
[2026-07-02T16:45:33.632+0000] {processor.py:183} INFO - Processing /usr/local/python/3.12.1/lib/python3.12/site-packages/airflow/example_dags/example_short_circuit_operator.py took 0.088 seconds
[2026-07-02T16:46:31.847+0000] {processor.py:161} INFO - Started process (PID=150262) to work on /usr/local/python/3.12.1/lib/python3.12/site-packages/airflow/example_dags/example_short_circuit_operator.py
[2026-07-02T16:46:31.859+0000] {processor.py:830} INFO - Processing file /usr/local/python/3.12.1/lib/python3.12/site-packages/airflow/example_dags/example_short_circuit_operator.py for tasks to queue
[2026-07-02T16:46:31.866+0000] {logging_mixin.py:188} INFO - [2026-07-02T16:46:31.865+0000] {dagbag.py:545} INFO - Filling up the DagBag from /usr/local/python/3.12.1/lib/python3.12/site-packages/airflow/example_dags/example_short_circuit_operator.py
[2026-07-02T16:46:31.899+0000] {processor.py:840} INFO - DAG(s) 'example_short_circuit_operator' retrieved from /usr/local/python/3.12.1/lib/python3.12/site-packages/airflow/example_dags/example_short_circuit_operator.py
[2026-07-02T16:46:31.999+0000] {logging_mixin.py:188} INFO - [2026-07-02T16:46:31.998+0000] {dag.py:3089} INFO - Sync 1 DAGs
[2026-07-02T16:46:32.064+0000] {logging_mixin.py:188} INFO - [2026-07-02T16:46:32.064+0000] {dag.py:3947} INFO - Setting next_dagrun for example_short_circuit_operator to 2026-07-01 00:00:00+00:00, run_after=2026-07-02 00:00:00+00:00
[2026-07-02T16:46:32.177+0000] {processor.py:183} INFO - Processing /usr/local/python/3.12.1/lib/python3.12/site-packages/airflow/example_dags/example_short_circuit_operator.py took 0.352 seconds
[2026-07-02T16:47:28.689+0000] {processor.py:161} INFO - Started process (PID=151706) to work on /usr/local/python/3.12.1/lib/python3.12/site-packages/airflow/example_dags/example_short_circuit_operator.py
[2026-07-02T16:47:28.690+0000] {processor.py:830} INFO - Processing file /usr/local/python/3.12.1/lib/python3.12/site-packages/airflow/example_dags/example_short_circuit_operator.py for tasks to queue
[2026-07-02T16:47:28.692+0000] {logging_mixin.py:188} INFO - [2026-07-02T16:47:28.692+0000] {dagbag.py:545} INFO - Filling up the DagBag from /usr/local/python/3.12.1/lib/python3.12/site-packages/airflow/example_dags/example_short_circuit_operator.py
[2026-07-02T16:47:28.699+0000] {processor.py:840} INFO - DAG(s) 'example_short_circuit_operator' retrieved from /usr/local/python/3.12.1/lib/python3.12/site-packages/airflow/example_dags/example_short_circuit_operator.py
[2026-07-02T16:47:28.713+0000] {logging_mixin.py:188} INFO - [2026-07-02T16:47:28.713+0000] {dag.py:3089} INFO - Sync 1 DAGs
[2026-07-02T16:47:28.728+0000] {logging_mixin.py:188} INFO - [2026-07-02T16:47:28.728+0000] {dag.py:3947} INFO - Setting next_dagrun for example_short_circuit_operator to 2026-07-01 00:00:00+00:00, run_after=2026-07-02 00:00:00+00:00
[2026-07-02T16:47:28.745+0000] {processor.py:183} INFO - Processing /usr/local/python/3.12.1/lib/python3.12/site-packages/airflow/example_dags/example_short_circuit_operator.py took 0.062 seconds
[2026-07-02T16:48:25.332+0000] {processor.py:161} INFO - Started process (PID=152924) to work on /usr/local/python/3.12.1/lib/python3.12/site-packages/airflow/example_dags/example_short_circuit_operator.py
[2026-07-02T16:48:25.333+0000] {processor.py:830} INFO - Processing file /usr/local/python/3.12.1/lib/python3.12/site-packages/airflow/example_dags/example_short_circuit_operator.py for tasks to queue
[2026-07-02T16:48:25.335+0000] {logging_mixin.py:188} INFO - [2026-07-02T16:48:25.335+0000] {dagbag.py:545} INFO - Filling up the DagBag from /usr/local/python/3.12.1/lib/python3.12/site-packages/airflow/example_dags/example_short_circuit_operator.py
[2026-07-02T16:48:25.341+0000] {processor.py:840} INFO - DAG(s) 'example_short_circuit_operator' retrieved from /usr/local/python/3.12.1/lib/python3.12/site-packages/airflow/example_dags/example_short_circuit_operator.py
[2026-07-02T16:48:25.356+0000] {logging_mixin.py:188} INFO - [2026-07-02T16:48:25.356+0000] {dag.py:3089} INFO - Sync 1 DAGs
[2026-07-02T16:48:25.371+0000] {logging_mixin.py:188} INFO - [2026-07-02T16:48:25.371+0000] {dag.py:3947} INFO - Setting next_dagrun for example_short_circuit_operator to 2026-07-01 00:00:00+00:00, run_after=2026-07-02 00:00:00+00:00
[2026-07-02T16:48:25.391+0000] {processor.py:183} INFO - Processing /usr/local/python/3.12.1/lib/python3.12/site-packages/airflow/example_dags/example_short_circuit_operator.py took 0.063 seconds
[2026-07-02T16:49:12.414+0000] {processor.py:161} INFO - Started process (PID=153624) to work on /usr/local/python/3.12.1/lib/python3.12/site-packages/airflow/example_dags/example_short_circuit_operator.py
[2026-07-02T16:49:12.415+0000] {processor.py:830} INFO - Processing file /usr/local/python/3.12.1/lib/python3.12/site-packages/airflow/example_dags/example_short_circuit_operator.py for tasks to queue
[2026-07-02T16:49:12.416+0000] {logging_mixin.py:188} INFO - [2026-07-02T16:49:12.416+0000] {dagbag.py:545} INFO - Filling up the DagBag from /usr/local/python/3.12.1/lib/python3.12/site-packages/airflow/example_dags/example_short_circuit_operator.py
[2026-07-02T16:49:12.423+0000] {processor.py:840} INFO - DAG(s) 'example_short_circuit_operator' retrieved from /usr/local/python/3.12.1/lib/python3.12/site-packages/airflow/example_dags/example_short_circuit_operator.py
[2026-07-02T16:49:12.439+0000] {logging_mixin.py:188} INFO - [2026-07-02T16:49:12.439+0000] {dag.py:3089} INFO - Sync 1 DAGs
[2026-07-02T16:49:12.455+0000] {logging_mixin.py:188} INFO - [2026-07-02T16:49:12.455+0000] {dag.py:3947} INFO - Setting next_dagrun for example_short_circuit_operator to 2026-07-01 00:00:00+00:00, run_after=2026-07-02 00:00:00+00:00
[2026-07-02T16:49:12.471+0000] {processor.py:183} INFO - Processing /usr/local/python/3.12.1/lib/python3.12/site-packages/airflow/example_dags/example_short_circuit_operator.py took 0.062 seconds
[2026-07-02T16:49:58.628+0000] {processor.py:161} INFO - Started process (PID=154246) to work on /usr/local/python/3.12.1/lib/python3.12/site-packages/airflow/example_dags/example_short_circuit_operator.py
[2026-07-02T16:49:58.629+0000] {processor.py:830} INFO - Processing file /usr/local/python/3.12.1/lib/python3.12/site-packages/airflow/example_dags/example_short_circuit_operator.py for tasks to queue
[2026-07-02T16:49:58.631+0000] {logging_mixin.py:188} INFO - [2026-07-02T16:49:58.630+0000] {dagbag.py:545} INFO - Filling up the DagBag from /usr/local/python/3.12.1/lib/python3.12/site-packages/airflow/example_dags/example_short_circuit_operator.py
[2026-07-02T16:49:58.637+0000] {processor.py:840} INFO - DAG(s) 'example_short_circuit_operator' retrieved from /usr/local/python/3.12.1/lib/python3.12/site-packages/airflow/example_dags/example_short_circuit_operator.py
[2026-07-02T16:49:58.651+0000] {logging_mixin.py:188} INFO - [2026-07-02T16:49:58.651+0000] {dag.py:3089} INFO - Sync 1 DAGs
[2026-07-02T16:49:58.666+0000] {logging_mixin.py:188} INFO - [2026-07-02T16:49:58.666+0000] {dag.py:3947} INFO - Setting next_dagrun for example_short_circuit_operator to 2026-07-01 00:00:00+00:00, run_after=2026-07-02 00:00:00+00:00
[2026-07-02T16:49:58.684+0000] {processor.py:183} INFO - Processing /usr/local/python/3.12.1/lib/python3.12/site-packages/airflow/example_dags/example_short_circuit_operator.py took 0.062 seconds
[2026-07-02T16:50:46.028+0000] {processor.py:161} INFO - Started process (PID=154828) to work on /usr/local/python/3.12.1/lib/python3.12/site-packages/airflow/example_dags/example_short_circuit_operator.py
[2026-07-02T16:50:46.029+0000] {processor.py:830} INFO - Processing file /usr/local/python/3.12.1/lib/python3.12/site-packages/airflow/example_dags/example_short_circuit_operator.py for tasks to queue
[2026-07-02T16:50:46.030+0000] {logging_mixin.py:188} INFO - [2026-07-02T16:50:46.030+0000] {dagbag.py:545} INFO - Filling up the DagBag from /usr/local/python/3.12.1/lib/python3.12/site-packages/airflow/example_dags/example_short_circuit_operator.py
[2026-07-02T16:50:46.036+0000] {processor.py:840} INFO - DAG(s) 'example_short_circuit_operator' retrieved from /usr/local/python/3.12.1/lib/python3.12/site-packages/airflow/example_dags/example_short_circuit_operator.py
[2026-07-02T16:50:46.056+0000] {logging_mixin.py:188} INFO - [2026-07-02T16:50:46.056+0000] {dag.py:3089} INFO - Sync 1 DAGs
[2026-07-02T16:50:46.071+0000] {logging_mixin.py:188} INFO - [2026-07-02T16:50:46.070+0000] {dag.py:3947} INFO - Setting next_dagrun for example_short_circuit_operator to 2026-07-01 00:00:00+00:00, run_after=2026-07-02 00:00:00+00:00
[2026-07-02T16:50:46.089+0000] {processor.py:183} INFO - Processing /usr/local/python/3.12.1/lib/python3.12/site-packages/airflow/example_dags/example_short_circuit_operator.py took 0.066 seconds
[2026-07-02T16:51:32.229+0000] {processor.py:161} INFO - Started process (PID=155313) to work on /usr/local/python/3.12.1/lib/python3.12/site-packages/airflow/example_dags/example_short_circuit_operator.py
[2026-07-02T16:51:32.230+0000] {processor.py:830} INFO - Processing file /usr/local/python/3.12.1/lib/python3.12/site-packages/airflow/example_dags/example_short_circuit_operator.py for tasks to queue
[2026-07-02T16:51:32.232+0000] {logging_mixin.py:188} INFO - [2026-07-02T16:51:32.231+0000] {dagbag.py:545} INFO - Filling up the DagBag from /usr/local/python/3.12.1/lib/python3.12/site-packages/airflow/example_dags/example_short_circuit_operator.py
[2026-07-02T16:51:32.237+0000] {processor.py:840} INFO - DAG(s) 'example_short_circuit_operator' retrieved from /usr/local/python/3.12.1/lib/python3.12/site-packages/airflow/example_dags/example_short_circuit_operator.py
[2026-07-02T16:51:32.252+0000] {logging_mixin.py:188} INFO - [2026-07-02T16:51:32.251+0000] {dag.py:3089} INFO - Sync 1 DAGs
[2026-07-02T16:51:32.266+0000] {logging_mixin.py:188} INFO - [2026-07-02T16:51:32.266+0000] {dag.py:3947} INFO - Setting next_dagrun for example_short_circuit_operator to 2026-07-01 00:00:00+00:00, run_after=2026-07-02 00:00:00+00:00
[2026-07-02T16:51:32.286+0000] {processor.py:183} INFO - Processing /usr/local/python/3.12.1/lib/python3.12/site-packages/airflow/example_dags/example_short_circuit_operator.py took 0.062 seconds
[2026-07-02T16:52:14.565+0000] {processor.py:161} INFO - Started process (PID=155789) to work on /usr/local/python/3.12.1/lib/python3.12/site-packages/airflow/example_dags/example_short_circuit_operator.py
[2026-07-02T16:52:14.566+0000] {processor.py:830} INFO - Processing file /usr/local/python/3.12.1/lib/python3.12/site-packages/airflow/example_dags/example_short_circuit_operator.py for tasks to queue
[2026-07-02T16:52:14.567+0000] {logging_mixin.py:188} INFO - [2026-07-02T16:52:14.567+0000] {dagbag.py:545} INFO - Filling up the DagBag from /usr/local/python/3.12.1/lib/python3.12/site-packages/airflow/example_dags/example_short_circuit_operator.py
[2026-07-02T16:52:14.573+0000] {processor.py:840} INFO - DAG(s) 'example_short_circuit_operator' retrieved from /usr/local/python/3.12.1/lib/python3.12/site-packages/airflow/example_dags/example_short_circuit_operator.py
[2026-07-02T16:52:14.593+0000] {logging_mixin.py:188} INFO - [2026-07-02T16:52:14.593+0000] {dag.py:3089} INFO - Sync 1 DAGs
[2026-07-02T16:52:14.609+0000] {logging_mixin.py:188} INFO - [2026-07-02T16:52:14.609+0000] {dag.py:3947} INFO - Setting next_dagrun for example_short_circuit_operator to 2026-07-01 00:00:00+00:00, run_after=2026-07-02 00:00:00+00:00
[2026-07-02T16:52:14.627+0000] {processor.py:183} INFO - Processing /usr/local/python/3.12.1/lib/python3.12/site-packages/airflow/example_dags/example_short_circuit_operator.py took 0.067 seconds
[2026-07-02T16:53:17.477+0000] {processor.py:161} INFO - Started process (PID=156431) to work on /usr/local/python/3.12.1/lib/python3.12/site-packages/airflow/example_dags/example_short_circuit_operator.py
[2026-07-02T16:53:17.478+0000] {processor.py:830} INFO - Processing file /usr/local/python/3.12.1/lib/python3.12/site-packages/airflow/example_dags/example_short_circuit_operator.py for tasks to queue
[2026-07-02T16:53:17.480+0000] {logging_mixin.py:188} INFO - [2026-07-02T16:53:17.479+0000] {dagbag.py:545} INFO - Filling up the DagBag from /usr/local/python/3.12.1/lib/python3.12/site-packages/airflow/example_dags/example_short_circuit_operator.py
[2026-07-02T16:53:17.488+0000] {processor.py:840} INFO - DAG(s) 'example_short_circuit_operator' retrieved from /usr/local/python/3.12.1/lib/python3.12/site-packages/airflow/example_dags/example_short_circuit_operator.py
[2026-07-02T16:53:17.504+0000] {logging_mixin.py:188} INFO - [2026-07-02T16:53:17.503+0000] {dag.py:3089} INFO - Sync 1 DAGs
[2026-07-02T16:53:17.519+0000] {logging_mixin.py:188} INFO - [2026-07-02T16:53:17.519+0000] {dag.py:3947} INFO - Setting next_dagrun for example_short_circuit_operator to 2026-07-01 00:00:00+00:00, run_after=2026-07-02 00:00:00+00:00
[2026-07-02T16:53:17.536+0000] {processor.py:183} INFO - Processing /usr/local/python/3.12.1/lib/python3.12/site-packages/airflow/example_dags/example_short_circuit_operator.py took 0.065 seconds
[2026-07-02T16:54:12.367+0000] {processor.py:161} INFO - Started process (PID=157001) to work on /usr/local/python/3.12.1/lib/python3.12/site-packages/airflow/example_dags/example_short_circuit_operator.py
[2026-07-02T16:54:12.367+0000] {processor.py:830} INFO - Processing file /usr/local/python/3.12.1/lib/python3.12/site-packages/airflow/example_dags/example_short_circuit_operator.py for tasks to queue
[2026-07-02T16:54:12.369+0000] {logging_mixin.py:188} INFO - [2026-07-02T16:54:12.369+0000] {dagbag.py:545} INFO - Filling up the DagBag from /usr/local/python/3.12.1/lib/python3.12/site-packages/airflow/example_dags/example_short_circuit_operator.py
[2026-07-02T16:54:12.380+0000] {processor.py:840} INFO - DAG(s) 'example_short_circuit_operator' retrieved from /usr/local/python/3.12.1/lib/python3.12/site-packages/airflow/example_dags/example_short_circuit_operator.py
[2026-07-02T16:54:12.404+0000] {logging_mixin.py:188} INFO - [2026-07-02T16:54:12.404+0000] {dag.py:3089} INFO - Sync 1 DAGs
[2026-07-02T16:54:12.441+0000] {logging_mixin.py:188} INFO - [2026-07-02T16:54:12.441+0000] {dag.py:3947} INFO - Setting next_dagrun for example_short_circuit_operator to 2026-07-01 00:00:00+00:00, run_after=2026-07-02 00:00:00+00:00
[2026-07-02T16:54:12.458+0000] {processor.py:183} INFO - Processing /usr/local/python/3.12.1/lib/python3.12/site-packages/airflow/example_dags/example_short_circuit_operator.py took 0.096 seconds
[2026-07-02T16:55:08.417+0000] {processor.py:161} INFO - Started process (PID=157616) to work on /usr/local/python/3.12.1/lib/python3.12/site-packages/airflow/example_dags/example_short_circuit_operator.py
[2026-07-02T16:55:08.418+0000] {processor.py:830} INFO - Processing file /usr/local/python/3.12.1/lib/python3.12/site-packages/airflow/example_dags/example_short_circuit_operator.py for tasks to queue
[2026-07-02T16:55:08.420+0000] {logging_mixin.py:188} INFO - [2026-07-02T16:55:08.419+0000] {dagbag.py:545} INFO - Filling up the DagBag from /usr/local/python/3.12.1/lib/python3.12/site-packages/airflow/example_dags/example_short_circuit_operator.py
[2026-07-02T16:55:08.425+0000] {processor.py:840} INFO - DAG(s) 'example_short_circuit_operator' retrieved from /usr/local/python/3.12.1/lib/python3.12/site-packages/airflow/example_dags/example_short_circuit_operator.py
[2026-07-02T16:55:08.441+0000] {logging_mixin.py:188} INFO - [2026-07-02T16:55:08.441+0000] {dag.py:3089} INFO - Sync 1 DAGs
[2026-07-02T16:55:08.459+0000] {logging_mixin.py:188} INFO - [2026-07-02T16:55:08.459+0000] {dag.py:3947} INFO - Setting next_dagrun for example_short_circuit_operator to 2026-07-01 00:00:00+00:00, run_after=2026-07-02 00:00:00+00:00
[2026-07-02T16:55:08.475+0000] {processor.py:183} INFO - Processing /usr/local/python/3.12.1/lib/python3.12/site-packages/airflow/example_dags/example_short_circuit_operator.py took 0.062 seconds
[2026-07-02T16:56:09.118+0000] {processor.py:161} INFO - Started process (PID=158289) to work on /usr/local/python/3.12.1/lib/python3.12/site-packages/airflow/example_dags/example_short_circuit_operator.py
[2026-07-02T16:56:09.119+0000] {processor.py:830} INFO - Processing file /usr/local/python/3.12.1/lib/python3.12/site-packages/airflow/example_dags/example_short_circuit_operator.py for tasks to queue
[2026-07-02T16:56:09.120+0000] {logging_mixin.py:188} INFO - [2026-07-02T16:56:09.120+0000] {dagbag.py:545} INFO - Filling up the DagBag from /usr/local/python/3.12.1/lib/python3.12/site-packages/airflow/example_dags/example_short_circuit_operator.py
[2026-07-02T16:56:09.126+0000] {processor.py:840} INFO - DAG(s) 'example_short_circuit_operator' retrieved from /usr/local/python/3.12.1/lib/python3.12/site-packages/airflow/example_dags/example_short_circuit_operator.py
[2026-07-02T16:56:09.140+0000] {logging_mixin.py:188} INFO - [2026-07-02T16:56:09.140+0000] {dag.py:3089} INFO - Sync 1 DAGs
[2026-07-02T16:56:09.157+0000] {logging_mixin.py:188} INFO - [2026-07-02T16:56:09.156+0000] {dag.py:3947} INFO - Setting next_dagrun for example_short_circuit_operator to 2026-07-01 00:00:00+00:00, run_after=2026-07-02 00:00:00+00:00
[2026-07-02T16:56:09.174+0000] {processor.py:183} INFO - Processing /usr/local/python/3.12.1/lib/python3.12/site-packages/airflow/example_dags/example_short_circuit_operator.py took 0.061 seconds
[2026-07-02T16:56:52.531+0000] {processor.py:161} INFO - Started process (PID=158685) to work on /usr/local/python/3.12.1/lib/python3.12/site-packages/airflow/example_dags/example_short_circuit_operator.py
[2026-07-02T16:56:52.532+0000] {processor.py:830} INFO - Processing file /usr/local/python/3.12.1/lib/python3.12/site-packages/airflow/example_dags/example_short_circuit_operator.py for tasks to queue
[2026-07-02T16:56:52.536+0000] {logging_mixin.py:188} INFO - [2026-07-02T16:56:52.535+0000] {dagbag.py:545} INFO - Filling up the DagBag from /usr/local/python/3.12.1/lib/python3.12/site-packages/airflow/example_dags/example_short_circuit_operator.py
[2026-07-02T16:56:52.542+0000] {processor.py:840} INFO - DAG(s) 'example_short_circuit_operator' retrieved from /usr/local/python/3.12.1/lib/python3.12/site-packages/airflow/example_dags/example_short_circuit_operator.py
[2026-07-02T16:56:52.556+0000] {logging_mixin.py:188} INFO - [2026-07-02T16:56:52.556+0000] {dag.py:3089} INFO - Sync 1 DAGs
[2026-07-02T16:56:52.570+0000] {logging_mixin.py:188} INFO - [2026-07-02T16:56:52.570+0000] {dag.py:3947} INFO - Setting next_dagrun for example_short_circuit_operator to 2026-07-01 00:00:00+00:00, run_after=2026-07-02 00:00:00+00:00
[2026-07-02T16:56:52.589+0000] {processor.py:183} INFO - Processing /usr/local/python/3.12.1/lib/python3.12/site-packages/airflow/example_dags/example_short_circuit_operator.py took 0.064 seconds
[2026-07-02T16:57:54.070+0000] {processor.py:161} INFO - Started process (PID=159323) to work on /usr/local/python/3.12.1/lib/python3.12/site-packages/airflow/example_dags/example_short_circuit_operator.py
[2026-07-02T16:57:54.071+0000] {processor.py:830} INFO - Processing file /usr/local/python/3.12.1/lib/python3.12/site-packages/airflow/example_dags/example_short_circuit_operator.py for tasks to queue
[2026-07-02T16:57:54.073+0000] {logging_mixin.py:188} INFO - [2026-07-02T16:57:54.072+0000] {dagbag.py:545} INFO - Filling up the DagBag from /usr/local/python/3.12.1/lib/python3.12/site-packages/airflow/example_dags/example_short_circuit_operator.py
[2026-07-02T16:57:54.080+0000] {processor.py:840} INFO - DAG(s) 'example_short_circuit_operator' retrieved from /usr/local/python/3.12.1/lib/python3.12/site-packages/airflow/example_dags/example_short_circuit_operator.py
[2026-07-02T16:57:54.100+0000] {logging_mixin.py:188} INFO - [2026-07-02T16:57:54.100+0000] {dag.py:3089} INFO - Sync 1 DAGs
[2026-07-02T16:57:54.115+0000] {logging_mixin.py:188} INFO - [2026-07-02T16:57:54.115+0000] {dag.py:3947} INFO - Setting next_dagrun for example_short_circuit_operator to 2026-07-01 00:00:00+00:00, run_after=2026-07-02 00:00:00+00:00
[2026-07-02T16:57:54.134+0000] {processor.py:183} INFO - Processing /usr/local/python/3.12.1/lib/python3.12/site-packages/airflow/example_dags/example_short_circuit_operator.py took 0.069 seconds
[2026-07-02T16:58:37.022+0000] {processor.py:161} INFO - Started process (PID=159842) to work on /usr/local/python/3.12.1/lib/python3.12/site-packages/airflow/example_dags/example_short_circuit_operator.py
[2026-07-02T16:58:37.022+0000] {processor.py:830} INFO - Processing file /usr/local/python/3.12.1/lib/python3.12/site-packages/airflow/example_dags/example_short_circuit_operator.py for tasks to queue
[2026-07-02T16:58:37.025+0000] {logging_mixin.py:188} INFO - [2026-07-02T16:58:37.024+0000] {dagbag.py:545} INFO - Filling up the DagBag from /usr/local/python/3.12.1/lib/python3.12/site-packages/airflow/example_dags/example_short_circuit_operator.py
[2026-07-02T16:58:37.030+0000] {processor.py:840} INFO - DAG(s) 'example_short_circuit_operator' retrieved from /usr/local/python/3.12.1/lib/python3.12/site-packages/airflow/example_dags/example_short_circuit_operator.py
[2026-07-02T16:58:37.045+0000] {logging_mixin.py:188} INFO - [2026-07-02T16:58:37.045+0000] {dag.py:3089} INFO - Sync 1 DAGs
[2026-07-02T16:58:37.060+0000] {logging_mixin.py:188} INFO - [2026-07-02T16:58:37.060+0000] {dag.py:3947} INFO - Setting next_dagrun for example_short_circuit_operator to 2026-07-01 00:00:00+00:00, run_after=2026-07-02 00:00:00+00:00
[2026-07-02T16:58:37.085+0000] {processor.py:183} INFO - Processing /usr/local/python/3.12.1/lib/python3.12/site-packages/airflow/example_dags/example_short_circuit_operator.py took 0.068 seconds
[2026-07-02T16:59:35.567+0000] {processor.py:161} INFO - Started process (PID=160452) to work on /usr/local/python/3.12.1/lib/python3.12/site-packages/airflow/example_dags/example_short_circuit_operator.py
[2026-07-02T16:59:35.568+0000] {processor.py:830} INFO - Processing file /usr/local/python/3.12.1/lib/python3.12/site-packages/airflow/example_dags/example_short_circuit_operator.py for tasks to queue
[2026-07-02T16:59:35.570+0000] {logging_mixin.py:188} INFO - [2026-07-02T16:59:35.569+0000] {dagbag.py:545} INFO - Filling up the DagBag from /usr/local/python/3.12.1/lib/python3.12/site-packages/airflow/example_dags/example_short_circuit_operator.py
[2026-07-02T16:59:35.576+0000] {processor.py:840} INFO - DAG(s) 'example_short_circuit_operator' retrieved from /usr/local/python/3.12.1/lib/python3.12/site-packages/airflow/example_dags/example_short_circuit_operator.py
[2026-07-02T16:59:35.596+0000] {logging_mixin.py:188} INFO - [2026-07-02T16:59:35.596+0000] {dag.py:3089} INFO - Sync 1 DAGs
[2026-07-02T16:59:35.612+0000] {logging_mixin.py:188} INFO - [2026-07-02T16:59:35.612+0000] {dag.py:3947} INFO - Setting next_dagrun for example_short_circuit_operator to 2026-07-01 00:00:00+00:00, run_after=2026-07-02 00:00:00+00:00
[2026-07-02T16:59:35.629+0000] {processor.py:183} INFO - Processing /usr/local/python/3.12.1/lib/python3.12/site-packages/airflow/example_dags/example_short_circuit_operator.py took 0.066 seconds
[2026-07-02T17:00:17.455+0000] {processor.py:161} INFO - Started process (PID=160902) to work on /usr/local/python/3.12.1/lib/python3.12/site-packages/airflow/example_dags/example_short_circuit_operator.py
[2026-07-02T17:00:17.456+0000] {processor.py:830} INFO - Processing file /usr/local/python/3.12.1/lib/python3.12/site-packages/airflow/example_dags/example_short_circuit_operator.py for tasks to queue
[2026-07-02T17:00:17.458+0000] {logging_mixin.py:188} INFO - [2026-07-02T17:00:17.457+0000] {dagbag.py:545} INFO - Filling up the DagBag from /usr/local/python/3.12.1/lib/python3.12/site-packages/airflow/example_dags/example_short_circuit_operator.py
[2026-07-02T17:00:17.464+0000] {processor.py:840} INFO - DAG(s) 'example_short_circuit_operator' retrieved from /usr/local/python/3.12.1/lib/python3.12/site-packages/airflow/example_dags/example_short_circuit_operator.py
[2026-07-02T17:00:17.490+0000] {logging_mixin.py:188} INFO - [2026-07-02T17:00:17.489+0000] {dag.py:3089} INFO - Sync 1 DAGs
[2026-07-02T17:00:17.516+0000] {logging_mixin.py:188} INFO - [2026-07-02T17:00:17.515+0000] {dag.py:3947} INFO - Setting next_dagrun for example_short_circuit_operator to 2026-07-01 00:00:00+00:00, run_after=2026-07-02 00:00:00+00:00
[2026-07-02T17:00:17.540+0000] {processor.py:183} INFO - Processing /usr/local/python/3.12.1/lib/python3.12/site-packages/airflow/example_dags/example_short_circuit_operator.py took 0.089 seconds
[2026-07-02T17:00:58.261+0000] {processor.py:161} INFO - Started process (PID=161291) to work on /usr/local/python/3.12.1/lib/python3.12/site-packages/airflow/example_dags/example_short_circuit_operator.py
[2026-07-02T17:00:58.263+0000] {processor.py:830} INFO - Processing file /usr/local/python/3.12.1/lib/python3.12/site-packages/airflow/example_dags/example_short_circuit_operator.py for tasks to queue
[2026-07-02T17:00:58.266+0000] {logging_mixin.py:188} INFO - [2026-07-02T17:00:58.265+0000] {dagbag.py:545} INFO - Filling up the DagBag from /usr/local/python/3.12.1/lib/python3.12/site-packages/airflow/example_dags/example_short_circuit_operator.py
[2026-07-02T17:00:58.279+0000] {processor.py:840} INFO - DAG(s) 'example_short_circuit_operator' retrieved from /usr/local/python/3.12.1/lib/python3.12/site-packages/airflow/example_dags/example_short_circuit_operator.py
[2026-07-02T17:00:58.309+0000] {logging_mixin.py:188} INFO - [2026-07-02T17:00:58.309+0000] {dag.py:3089} INFO - Sync 1 DAGs
[2026-07-02T17:00:58.333+0000] {logging_mixin.py:188} INFO - [2026-07-02T17:00:58.333+0000] {dag.py:3947} INFO - Setting next_dagrun for example_short_circuit_operator to 2026-07-01 00:00:00+00:00, run_after=2026-07-02 00:00:00+00:00
[2026-07-02T17:00:58.360+0000] {processor.py:183} INFO - Processing /usr/local/python/3.12.1/lib/python3.12/site-packages/airflow/example_dags/example_short_circuit_operator.py took 0.106 seconds
[2026-07-02T17:01:41.933+0000] {processor.py:161} INFO - Started process (PID=161808) to work on /usr/local/python/3.12.1/lib/python3.12/site-packages/airflow/example_dags/example_short_circuit_operator.py
[2026-07-02T17:01:41.934+0000] {processor.py:830} INFO - Processing file /usr/local/python/3.12.1/lib/python3.12/site-packages/airflow/example_dags/example_short_circuit_operator.py for tasks to queue
[2026-07-02T17:01:41.935+0000] {logging_mixin.py:188} INFO - [2026-07-02T17:01:41.935+0000] {dagbag.py:545} INFO - Filling up the DagBag from /usr/local/python/3.12.1/lib/python3.12/site-packages/airflow/example_dags/example_short_circuit_operator.py
[2026-07-02T17:01:41.941+0000] {processor.py:840} INFO - DAG(s) 'example_short_circuit_operator' retrieved from /usr/local/python/3.12.1/lib/python3.12/site-packages/airflow/example_dags/example_short_circuit_operator.py
[2026-07-02T17:01:41.956+0000] {logging_mixin.py:188} INFO - [2026-07-02T17:01:41.956+0000] {dag.py:3089} INFO - Sync 1 DAGs
[2026-07-02T17:01:41.972+0000] {logging_mixin.py:188} INFO - [2026-07-02T17:01:41.971+0000] {dag.py:3947} INFO - Setting next_dagrun for example_short_circuit_operator to 2026-07-01 00:00:00+00:00, run_after=2026-07-02 00:00:00+00:00
[2026-07-02T17:01:41.989+0000] {processor.py:183} INFO - Processing /usr/local/python/3.12.1/lib/python3.12/site-packages/airflow/example_dags/example_short_circuit_operator.py took 0.061 seconds
[2026-07-02T17:02:24.860+0000] {processor.py:161} INFO - Started process (PID=162245) to work on /usr/local/python/3.12.1/lib/python3.12/site-packages/airflow/example_dags/example_short_circuit_operator.py
[2026-07-02T17:02:24.860+0000] {processor.py:830} INFO - Processing file /usr/local/python/3.12.1/lib/python3.12/site-packages/airflow/example_dags/example_short_circuit_operator.py for tasks to queue
[2026-07-02T17:02:24.862+0000] {logging_mixin.py:188} INFO - [2026-07-02T17:02:24.862+0000] {dagbag.py:545} INFO - Filling up the DagBag from /usr/local/python/3.12.1/lib/python3.12/site-packages/airflow/example_dags/example_short_circuit_operator.py
[2026-07-02T17:02:24.868+0000] {processor.py:840} INFO - DAG(s) 'example_short_circuit_operator' retrieved from /usr/local/python/3.12.1/lib/python3.12/site-packages/airflow/example_dags/example_short_circuit_operator.py
[2026-07-02T17:02:24.887+0000] {logging_mixin.py:188} INFO - [2026-07-02T17:02:24.887+0000] {dag.py:3089} INFO - Sync 1 DAGs
[2026-07-02T17:02:24.904+0000] {logging_mixin.py:188} INFO - [2026-07-02T17:02:24.904+0000] {dag.py:3947} INFO - Setting next_dagrun for example_short_circuit_operator to 2026-07-01 00:00:00+00:00, run_after=2026-07-02 00:00:00+00:00
[2026-07-02T17:02:24.921+0000] {processor.py:183} INFO - Processing /usr/local/python/3.12.1/lib/python3.12/site-packages/airflow/example_dags/example_short_circuit_operator.py took 0.066 seconds
[2026-07-02T17:03:08.981+0000] {processor.py:161} INFO - Started process (PID=162713) to work on /usr/local/python/3.12.1/lib/python3.12/site-packages/airflow/example_dags/example_short_circuit_operator.py
[2026-07-02T17:03:08.982+0000] {processor.py:830} INFO - Processing file /usr/local/python/3.12.1/lib/python3.12/site-packages/airflow/example_dags/example_short_circuit_operator.py for tasks to queue
[2026-07-02T17:03:08.984+0000] {logging_mixin.py:188} INFO - [2026-07-02T17:03:08.984+0000] {dagbag.py:545} INFO - Filling up the DagBag from /usr/local/python/3.12.1/lib/python3.12/site-packages/airflow/example_dags/example_short_circuit_operator.py
[2026-07-02T17:03:08.993+0000] {processor.py:840} INFO - DAG(s) 'example_short_circuit_operator' retrieved from /usr/local/python/3.12.1/lib/python3.12/site-packages/airflow/example_dags/example_short_circuit_operator.py
[2026-07-02T17:03:09.009+0000] {logging_mixin.py:188} INFO - [2026-07-02T17:03:09.009+0000] {dag.py:3089} INFO - Sync 1 DAGs
[2026-07-02T17:03:09.025+0000] {logging_mixin.py:188} INFO - [2026-07-02T17:03:09.024+0000] {dag.py:3947} INFO - Setting next_dagrun for example_short_circuit_operator to 2026-07-01 00:00:00+00:00, run_after=2026-07-02 00:00:00+00:00
[2026-07-02T17:03:09.042+0000] {processor.py:183} INFO - Processing /usr/local/python/3.12.1/lib/python3.12/site-packages/airflow/example_dags/example_short_circuit_operator.py took 0.067 seconds
[2026-07-02T17:03:51.675+0000] {processor.py:161} INFO - Started process (PID=163149) to work on /usr/local/python/3.12.1/lib/python3.12/site-packages/airflow/example_dags/example_short_circuit_operator.py
[2026-07-02T17:03:51.676+0000] {processor.py:830} INFO - Processing file /usr/local/python/3.12.1/lib/python3.12/site-packages/airflow/example_dags/example_short_circuit_operator.py for tasks to queue
[2026-07-02T17:03:51.678+0000] {logging_mixin.py:188} INFO - [2026-07-02T17:03:51.677+0000] {dagbag.py:545} INFO - Filling up the DagBag from /usr/local/python/3.12.1/lib/python3.12/site-packages/airflow/example_dags/example_short_circuit_operator.py
[2026-07-02T17:03:51.686+0000] {processor.py:840} INFO - DAG(s) 'example_short_circuit_operator' retrieved from /usr/local/python/3.12.1/lib/python3.12/site-packages/airflow/example_dags/example_short_circuit_operator.py
[2026-07-02T17:03:51.703+0000] {logging_mixin.py:188} INFO - [2026-07-02T17:03:51.702+0000] {dag.py:3089} INFO - Sync 1 DAGs
[2026-07-02T17:03:51.718+0000] {logging_mixin.py:188} INFO - [2026-07-02T17:03:51.717+0000] {dag.py:3947} INFO - Setting next_dagrun for example_short_circuit_operator to 2026-07-01 00:00:00+00:00, run_after=2026-07-02 00:00:00+00:00
[2026-07-02T17:03:51.735+0000] {processor.py:183} INFO - Processing /usr/local/python/3.12.1/lib/python3.12/site-packages/airflow/example_dags/example_short_circuit_operator.py took 0.064 seconds
[2026-07-02T17:04:33.876+0000] {processor.py:161} INFO - Started process (PID=163644) to work on /usr/local/python/3.12.1/lib/python3.12/site-packages/airflow/example_dags/example_short_circuit_operator.py
[2026-07-02T17:04:33.877+0000] {processor.py:830} INFO - Processing file /usr/local/python/3.12.1/lib/python3.12/site-packages/airflow/example_dags/example_short_circuit_operator.py for tasks to queue
[2026-07-02T17:04:33.879+0000] {logging_mixin.py:188} INFO - [2026-07-02T17:04:33.878+0000] {dagbag.py:545} INFO - Filling up the DagBag from /usr/local/python/3.12.1/lib/python3.12/site-packages/airflow/example_dags/example_short_circuit_operator.py
[2026-07-02T17:04:33.886+0000] {processor.py:840} INFO - DAG(s) 'example_short_circuit_operator' retrieved from /usr/local/python/3.12.1/lib/python3.12/site-packages/airflow/example_dags/example_short_circuit_operator.py
[2026-07-02T17:04:33.903+0000] {logging_mixin.py:188} INFO - [2026-07-02T17:04:33.903+0000] {dag.py:3089} INFO - Sync 1 DAGs
[2026-07-02T17:04:33.918+0000] {logging_mixin.py:188} INFO - [2026-07-02T17:04:33.918+0000] {dag.py:3947} INFO - Setting next_dagrun for example_short_circuit_operator to 2026-07-01 00:00:00+00:00, run_after=2026-07-02 00:00:00+00:00
[2026-07-02T17:04:33.934+0000] {processor.py:183} INFO - Processing /usr/local/python/3.12.1/lib/python3.12/site-packages/airflow/example_dags/example_short_circuit_operator.py took 0.062 seconds
[2026-07-02T17:05:16.383+0000] {processor.py:161} INFO - Started process (PID=164070) to work on /usr/local/python/3.12.1/lib/python3.12/site-packages/airflow/example_dags/example_short_circuit_operator.py
[2026-07-02T17:05:16.384+0000] {processor.py:830} INFO - Processing file /usr/local/python/3.12.1/lib/python3.12/site-packages/airflow/example_dags/example_short_circuit_operator.py for tasks to queue
[2026-07-02T17:05:16.386+0000] {logging_mixin.py:188} INFO - [2026-07-02T17:05:16.386+0000] {dagbag.py:545} INFO - Filling up the DagBag from /usr/local/python/3.12.1/lib/python3.12/site-packages/airflow/example_dags/example_short_circuit_operator.py
[2026-07-02T17:05:16.394+0000] {processor.py:840} INFO - DAG(s) 'example_short_circuit_operator' retrieved from /usr/local/python/3.12.1/lib/python3.12/site-packages/airflow/example_dags/example_short_circuit_operator.py
[2026-07-02T17:05:16.412+0000] {logging_mixin.py:188} INFO - [2026-07-02T17:05:16.411+0000] {dag.py:3089} INFO - Sync 1 DAGs
[2026-07-02T17:05:16.426+0000] {logging_mixin.py:188} INFO - [2026-07-02T17:05:16.426+0000] {dag.py:3947} INFO - Setting next_dagrun for example_short_circuit_operator to 2026-07-01 00:00:00+00:00, run_after=2026-07-02 00:00:00+00:00
[2026-07-02T17:05:16.443+0000] {processor.py:183} INFO - Processing /usr/local/python/3.12.1/lib/python3.12/site-packages/airflow/example_dags/example_short_circuit_operator.py took 0.067 seconds
[2026-07-02T17:05:59.146+0000] {processor.py:161} INFO - Started process (PID=164518) to work on /usr/local/python/3.12.1/lib/python3.12/site-packages/airflow/example_dags/example_short_circuit_operator.py
[2026-07-02T17:05:59.146+0000] {processor.py:830} INFO - Processing file /usr/local/python/3.12.1/lib/python3.12/site-packages/airflow/example_dags/example_short_circuit_operator.py for tasks to queue
[2026-07-02T17:05:59.148+0000] {logging_mixin.py:188} INFO - [2026-07-02T17:05:59.148+0000] {dagbag.py:545} INFO - Filling up the DagBag from /usr/local/python/3.12.1/lib/python3.12/site-packages/airflow/example_dags/example_short_circuit_operator.py
[2026-07-02T17:05:59.154+0000] {processor.py:840} INFO - DAG(s) 'example_short_circuit_operator' retrieved from /usr/local/python/3.12.1/lib/python3.12/site-packages/airflow/example_dags/example_short_circuit_operator.py
[2026-07-02T17:05:59.169+0000] {logging_mixin.py:188} INFO - [2026-07-02T17:05:59.169+0000] {dag.py:3089} INFO - Sync 1 DAGs
[2026-07-02T17:05:59.188+0000] {logging_mixin.py:188} INFO - [2026-07-02T17:05:59.188+0000] {dag.py:3947} INFO - Setting next_dagrun for example_short_circuit_operator to 2026-07-01 00:00:00+00:00, run_after=2026-07-02 00:00:00+00:00
[2026-07-02T17:05:59.210+0000] {processor.py:183} INFO - Processing /usr/local/python/3.12.1/lib/python3.12/site-packages/airflow/example_dags/example_short_circuit_operator.py took 0.069 seconds
[2026-07-02T17:06:41.875+0000] {processor.py:161} INFO - Started process (PID=164959) to work on /usr/local/python/3.12.1/lib/python3.12/site-packages/airflow/example_dags/example_short_circuit_operator.py
[2026-07-02T17:06:41.876+0000] {processor.py:830} INFO - Processing file /usr/local/python/3.12.1/lib/python3.12/site-packages/airflow/example_dags/example_short_circuit_operator.py for tasks to queue
[2026-07-02T17:06:41.878+0000] {logging_mixin.py:188} INFO - [2026-07-02T17:06:41.877+0000] {dagbag.py:545} INFO - Filling up the DagBag from /usr/local/python/3.12.1/lib/python3.12/site-packages/airflow/example_dags/example_short_circuit_operator.py
[2026-07-02T17:06:41.884+0000] {processor.py:840} INFO - DAG(s) 'example_short_circuit_operator' retrieved from /usr/local/python/3.12.1/lib/python3.12/site-packages/airflow/example_dags/example_short_circuit_operator.py
[2026-07-02T17:06:41.901+0000] {logging_mixin.py:188} INFO - [2026-07-02T17:06:41.901+0000] {dag.py:3089} INFO - Sync 1 DAGs
[2026-07-02T17:06:41.919+0000] {logging_mixin.py:188} INFO - [2026-07-02T17:06:41.919+0000] {dag.py:3947} INFO - Setting next_dagrun for example_short_circuit_operator to 2026-07-01 00:00:00+00:00, run_after=2026-07-02 00:00:00+00:00
[2026-07-02T17:06:41.935+0000] {processor.py:183} INFO - Processing /usr/local/python/3.12.1/lib/python3.12/site-packages/airflow/example_dags/example_short_circuit_operator.py took 0.065 seconds
[2026-07-02T17:07:42.463+0000] {processor.py:161} INFO - Started process (PID=165620) to work on /usr/local/python/3.12.1/lib/python3.12/site-packages/airflow/example_dags/example_short_circuit_operator.py
[2026-07-02T17:07:42.463+0000] {processor.py:830} INFO - Processing file /usr/local/python/3.12.1/lib/python3.12/site-packages/airflow/example_dags/example_short_circuit_operator.py for tasks to queue
[2026-07-02T17:07:42.465+0000] {logging_mixin.py:188} INFO - [2026-07-02T17:07:42.465+0000] {dagbag.py:545} INFO - Filling up the DagBag from /usr/local/python/3.12.1/lib/python3.12/site-packages/airflow/example_dags/example_short_circuit_operator.py
[2026-07-02T17:07:42.471+0000] {processor.py:840} INFO - DAG(s) 'example_short_circuit_operator' retrieved from /usr/local/python/3.12.1/lib/python3.12/site-packages/airflow/example_dags/example_short_circuit_operator.py
[2026-07-02T17:07:42.490+0000] {logging_mixin.py:188} INFO - [2026-07-02T17:07:42.489+0000] {dag.py:3089} INFO - Sync 1 DAGs
[2026-07-02T17:07:42.506+0000] {logging_mixin.py:188} INFO - [2026-07-02T17:07:42.506+0000] {dag.py:3947} INFO - Setting next_dagrun for example_short_circuit_operator to 2026-07-01 00:00:00+00:00, run_after=2026-07-02 00:00:00+00:00
[2026-07-02T17:07:42.524+0000] {processor.py:183} INFO - Processing /usr/local/python/3.12.1/lib/python3.12/site-packages/airflow/example_dags/example_short_circuit_operator.py took 0.066 seconds
[2026-07-02T17:08:26.734+0000] {processor.py:161} INFO - Started process (PID=166076) to work on /usr/local/python/3.12.1/lib/python3.12/site-packages/airflow/example_dags/example_short_circuit_operator.py
[2026-07-02T17:08:26.735+0000] {processor.py:830} INFO - Processing file /usr/local/python/3.12.1/lib/python3.12/site-packages/airflow/example_dags/example_short_circuit_operator.py for tasks to queue
[2026-07-02T17:08:26.736+0000] {logging_mixin.py:188} INFO - [2026-07-02T17:08:26.736+0000] {dagbag.py:545} INFO - Filling up the DagBag from /usr/local/python/3.12.1/lib/python3.12/site-packages/airflow/example_dags/example_short_circuit_operator.py
[2026-07-02T17:08:26.742+0000] {processor.py:840} INFO - DAG(s) 'example_short_circuit_operator' retrieved from /usr/local/python/3.12.1/lib/python3.12/site-packages/airflow/example_dags/example_short_circuit_operator.py
[2026-07-02T17:08:26.757+0000] {logging_mixin.py:188} INFO - [2026-07-02T17:08:26.757+0000] {dag.py:3089} INFO - Sync 1 DAGs
[2026-07-02T17:08:26.772+0000] {logging_mixin.py:188} INFO - [2026-07-02T17:08:26.772+0000] {dag.py:3947} INFO - Setting next_dagrun for example_short_circuit_operator to 2026-07-01 00:00:00+00:00, run_after=2026-07-02 00:00:00+00:00
[2026-07-02T17:08:26.791+0000] {processor.py:183} INFO - Processing /usr/local/python/3.12.1/lib/python3.12/site-packages/airflow/example_dags/example_short_circuit_operator.py took 0.062 seconds
[2026-07-02T17:09:13.148+0000] {processor.py:161} INFO - Started process (PID=166571) to work on /usr/local/python/3.12.1/lib/python3.12/site-packages/airflow/example_dags/example_short_circuit_operator.py
[2026-07-02T17:09:13.149+0000] {processor.py:830} INFO - Processing file /usr/local/python/3.12.1/lib/python3.12/site-packages/airflow/example_dags/example_short_circuit_operator.py for tasks to queue
[2026-07-02T17:09:13.151+0000] {logging_mixin.py:188} INFO - [2026-07-02T17:09:13.151+0000] {dagbag.py:545} INFO - Filling up the DagBag from /usr/local/python/3.12.1/lib/python3.12/site-packages/airflow/example_dags/example_short_circuit_operator.py
[2026-07-02T17:09:13.157+0000] {processor.py:840} INFO - DAG(s) 'example_short_circuit_operator' retrieved from /usr/local/python/3.12.1/lib/python3.12/site-packages/airflow/example_dags/example_short_circuit_operator.py
[2026-07-02T17:09:13.172+0000] {logging_mixin.py:188} INFO - [2026-07-02T17:09:13.172+0000] {dag.py:3089} INFO - Sync 1 DAGs
[2026-07-02T17:09:13.193+0000] {logging_mixin.py:188} INFO - [2026-07-02T17:09:13.192+0000] {dag.py:3947} INFO - Setting next_dagrun for example_short_circuit_operator to 2026-07-01 00:00:00+00:00, run_after=2026-07-02 00:00:00+00:00
[2026-07-02T17:09:13.312+0000] {processor.py:183} INFO - Processing /usr/local/python/3.12.1/lib/python3.12/site-packages/airflow/example_dags/example_short_circuit_operator.py took 0.169 seconds
[2026-07-02T17:09:59.413+0000] {processor.py:161} INFO - Started process (PID=167059) to work on /usr/local/python/3.12.1/lib/python3.12/site-packages/airflow/example_dags/example_short_circuit_operator.py
[2026-07-02T17:09:59.414+0000] {processor.py:830} INFO - Processing file /usr/local/python/3.12.1/lib/python3.12/site-packages/airflow/example_dags/example_short_circuit_operator.py for tasks to queue
[2026-07-02T17:09:59.416+0000] {logging_mixin.py:188} INFO - [2026-07-02T17:09:59.416+0000] {dagbag.py:545} INFO - Filling up the DagBag from /usr/local/python/3.12.1/lib/python3.12/site-packages/airflow/example_dags/example_short_circuit_operator.py
[2026-07-02T17:09:59.422+0000] {processor.py:840} INFO - DAG(s) 'example_short_circuit_operator' retrieved from /usr/local/python/3.12.1/lib/python3.12/site-packages/airflow/example_dags/example_short_circuit_operator.py
[2026-07-02T17:09:59.436+0000] {logging_mixin.py:188} INFO - [2026-07-02T17:09:59.436+0000] {dag.py:3089} INFO - Sync 1 DAGs
[2026-07-02T17:09:59.451+0000] {logging_mixin.py:188} INFO - [2026-07-02T17:09:59.451+0000] {dag.py:3947} INFO - Setting next_dagrun for example_short_circuit_operator to 2026-07-01 00:00:00+00:00, run_after=2026-07-02 00:00:00+00:00
[2026-07-02T17:09:59.468+0000] {processor.py:183} INFO - Processing /usr/local/python/3.12.1/lib/python3.12/site-packages/airflow/example_dags/example_short_circuit_operator.py took 0.060 seconds
[2026-07-02T17:10:44.504+0000] {processor.py:161} INFO - Started process (PID=167558) to work on /usr/local/python/3.12.1/lib/python3.12/site-packages/airflow/example_dags/example_short_circuit_operator.py
[2026-07-02T17:10:44.505+0000] {processor.py:830} INFO - Processing file /usr/local/python/3.12.1/lib/python3.12/site-packages/airflow/example_dags/example_short_circuit_operator.py for tasks to queue
[2026-07-02T17:10:44.507+0000] {logging_mixin.py:188} INFO - [2026-07-02T17:10:44.506+0000] {dagbag.py:545} INFO - Filling up the DagBag from /usr/local/python/3.12.1/lib/python3.12/site-packages/airflow/example_dags/example_short_circuit_operator.py
[2026-07-02T17:10:44.513+0000] {processor.py:840} INFO - DAG(s) 'example_short_circuit_operator' retrieved from /usr/local/python/3.12.1/lib/python3.12/site-packages/airflow/example_dags/example_short_circuit_operator.py
[2026-07-02T17:10:44.528+0000] {logging_mixin.py:188} INFO - [2026-07-02T17:10:44.528+0000] {dag.py:3089} INFO - Sync 1 DAGs
[2026-07-02T17:10:44.545+0000] {logging_mixin.py:188} INFO - [2026-07-02T17:10:44.545+0000] {dag.py:3947} INFO - Setting next_dagrun for example_short_circuit_operator to 2026-07-01 00:00:00+00:00, run_after=2026-07-02 00:00:00+00:00
[2026-07-02T17:10:44.566+0000] {processor.py:183} INFO - Processing /usr/local/python/3.12.1/lib/python3.12/site-packages/airflow/example_dags/example_short_circuit_operator.py took 0.066 seconds
[2026-07-02T17:11:30.160+0000] {processor.py:161} INFO - Started process (PID=168013) to work on /usr/local/python/3.12.1/lib/python3.12/site-packages/airflow/example_dags/example_short_circuit_operator.py
[2026-07-02T17:11:30.160+0000] {processor.py:830} INFO - Processing file /usr/local/python/3.12.1/lib/python3.12/site-packages/airflow/example_dags/example_short_circuit_operator.py for tasks to queue
[2026-07-02T17:11:30.162+0000] {logging_mixin.py:188} INFO - [2026-07-02T17:11:30.162+0000] {dagbag.py:545} INFO - Filling up the DagBag from /usr/local/python/3.12.1/lib/python3.12/site-packages/airflow/example_dags/example_short_circuit_operator.py
[2026-07-02T17:11:30.168+0000] {processor.py:840} INFO - DAG(s) 'example_short_circuit_operator' retrieved from /usr/local/python/3.12.1/lib/python3.12/site-packages/airflow/example_dags/example_short_circuit_operator.py
[2026-07-02T17:11:30.186+0000] {logging_mixin.py:188} INFO - [2026-07-02T17:11:30.185+0000] {dag.py:3089} INFO - Sync 1 DAGs
[2026-07-02T17:11:30.204+0000] {logging_mixin.py:188} INFO - [2026-07-02T17:11:30.203+0000] {dag.py:3947} INFO - Setting next_dagrun for example_short_circuit_operator to 2026-07-01 00:00:00+00:00, run_after=2026-07-02 00:00:00+00:00
[2026-07-02T17:11:30.321+0000] {processor.py:183} INFO - Processing /usr/local/python/3.12.1/lib/python3.12/site-packages/airflow/example_dags/example_short_circuit_operator.py took 0.166 seconds
[2026-07-02T17:12:14.853+0000] {processor.py:161} INFO - Started process (PID=168508) to work on /usr/local/python/3.12.1/lib/python3.12/site-packages/airflow/example_dags/example_short_circuit_operator.py
[2026-07-02T17:12:14.854+0000] {processor.py:830} INFO - Processing file /usr/local/python/3.12.1/lib/python3.12/site-packages/airflow/example_dags/example_short_circuit_operator.py for tasks to queue
[2026-07-02T17:12:14.855+0000] {logging_mixin.py:188} INFO - [2026-07-02T17:12:14.855+0000] {dagbag.py:545} INFO - Filling up the DagBag from /usr/local/python/3.12.1/lib/python3.12/site-packages/airflow/example_dags/example_short_circuit_operator.py
[2026-07-02T17:12:14.861+0000] {processor.py:840} INFO - DAG(s) 'example_short_circuit_operator' retrieved from /usr/local/python/3.12.1/lib/python3.12/site-packages/airflow/example_dags/example_short_circuit_operator.py
[2026-07-02T17:12:14.876+0000] {logging_mixin.py:188} INFO - [2026-07-02T17:12:14.876+0000] {dag.py:3089} INFO - Sync 1 DAGs
[2026-07-02T17:12:14.896+0000] {logging_mixin.py:188} INFO - [2026-07-02T17:12:14.896+0000] {dag.py:3947} INFO - Setting next_dagrun for example_short_circuit_operator to 2026-07-01 00:00:00+00:00, run_after=2026-07-02 00:00:00+00:00
[2026-07-02T17:12:14.913+0000] {processor.py:183} INFO - Processing /usr/local/python/3.12.1/lib/python3.12/site-packages/airflow/example_dags/example_short_circuit_operator.py took 0.064 seconds
[2026-07-02T17:12:56.221+0000] {processor.py:161} INFO - Started process (PID=168910) to work on /usr/local/python/3.12.1/lib/python3.12/site-packages/airflow/example_dags/example_short_circuit_operator.py
[2026-07-02T17:12:56.222+0000] {processor.py:830} INFO - Processing file /usr/local/python/3.12.1/lib/python3.12/site-packages/airflow/example_dags/example_short_circuit_operator.py for tasks to queue
[2026-07-02T17:12:56.224+0000] {logging_mixin.py:188} INFO - [2026-07-02T17:12:56.224+0000] {dagbag.py:545} INFO - Filling up the DagBag from /usr/local/python/3.12.1/lib/python3.12/site-packages/airflow/example_dags/example_short_circuit_operator.py
[2026-07-02T17:12:56.230+0000] {processor.py:840} INFO - DAG(s) 'example_short_circuit_operator' retrieved from /usr/local/python/3.12.1/lib/python3.12/site-packages/airflow/example_dags/example_short_circuit_operator.py
[2026-07-02T17:12:56.244+0000] {logging_mixin.py:188} INFO - [2026-07-02T17:12:56.244+0000] {dag.py:3089} INFO - Sync 1 DAGs
[2026-07-02T17:12:56.260+0000] {logging_mixin.py:188} INFO - [2026-07-02T17:12:56.260+0000] {dag.py:3947} INFO - Setting next_dagrun for example_short_circuit_operator to 2026-07-01 00:00:00+00:00, run_after=2026-07-02 00:00:00+00:00
[2026-07-02T17:12:56.278+0000] {processor.py:183} INFO - Processing /usr/local/python/3.12.1/lib/python3.12/site-packages/airflow/example_dags/example_short_circuit_operator.py took 0.062 seconds
[2026-07-02T17:13:58.365+0000] {processor.py:161} INFO - Started process (PID=169597) to work on /usr/local/python/3.12.1/lib/python3.12/site-packages/airflow/example_dags/example_short_circuit_operator.py
[2026-07-02T17:13:58.366+0000] {processor.py:830} INFO - Processing file /usr/local/python/3.12.1/lib/python3.12/site-packages/airflow/example_dags/example_short_circuit_operator.py for tasks to queue
[2026-07-02T17:13:58.367+0000] {logging_mixin.py:188} INFO - [2026-07-02T17:13:58.367+0000] {dagbag.py:545} INFO - Filling up the DagBag from /usr/local/python/3.12.1/lib/python3.12/site-packages/airflow/example_dags/example_short_circuit_operator.py
[2026-07-02T17:13:58.374+0000] {processor.py:840} INFO - DAG(s) 'example_short_circuit_operator' retrieved from /usr/local/python/3.12.1/lib/python3.12/site-packages/airflow/example_dags/example_short_circuit_operator.py
[2026-07-02T17:13:58.394+0000] {logging_mixin.py:188} INFO - [2026-07-02T17:13:58.394+0000] {dag.py:3089} INFO - Sync 1 DAGs
[2026-07-02T17:13:58.411+0000] {logging_mixin.py:188} INFO - [2026-07-02T17:13:58.411+0000] {dag.py:3947} INFO - Setting next_dagrun for example_short_circuit_operator to 2026-07-01 00:00:00+00:00, run_after=2026-07-02 00:00:00+00:00
[2026-07-02T17:13:58.428+0000] {processor.py:183} INFO - Processing /usr/local/python/3.12.1/lib/python3.12/site-packages/airflow/example_dags/example_short_circuit_operator.py took 0.068 seconds
[2026-07-02T17:14:40.597+0000] {processor.py:161} INFO - Started process (PID=170047) to work on /usr/local/python/3.12.1/lib/python3.12/site-packages/airflow/example_dags/example_short_circuit_operator.py
[2026-07-02T17:14:40.598+0000] {processor.py:830} INFO - Processing file /usr/local/python/3.12.1/lib/python3.12/site-packages/airflow/example_dags/example_short_circuit_operator.py for tasks to queue
[2026-07-02T17:14:40.600+0000] {logging_mixin.py:188} INFO - [2026-07-02T17:14:40.599+0000] {dagbag.py:545} INFO - Filling up the DagBag from /usr/local/python/3.12.1/lib/python3.12/site-packages/airflow/example_dags/example_short_circuit_operator.py
[2026-07-02T17:14:40.605+0000] {processor.py:840} INFO - DAG(s) 'example_short_circuit_operator' retrieved from /usr/local/python/3.12.1/lib/python3.12/site-packages/airflow/example_dags/example_short_circuit_operator.py
[2026-07-02T17:14:40.620+0000] {logging_mixin.py:188} INFO - [2026-07-02T17:14:40.619+0000] {dag.py:3089} INFO - Sync 1 DAGs
[2026-07-02T17:14:40.634+0000] {logging_mixin.py:188} INFO - [2026-07-02T17:14:40.634+0000] {dag.py:3947} INFO - Setting next_dagrun for example_short_circuit_operator to 2026-07-01 00:00:00+00:00, run_after=2026-07-02 00:00:00+00:00
[2026-07-02T17:14:40.650+0000] {processor.py:183} INFO - Processing /usr/local/python/3.12.1/lib/python3.12/site-packages/airflow/example_dags/example_short_circuit_operator.py took 0.058 seconds
[2026-07-02T17:15:24.036+0000] {processor.py:161} INFO - Started process (PID=170497) to work on /usr/local/python/3.12.1/lib/python3.12/site-packages/airflow/example_dags/example_short_circuit_operator.py
[2026-07-02T17:15:24.037+0000] {processor.py:830} INFO - Processing file /usr/local/python/3.12.1/lib/python3.12/site-packages/airflow/example_dags/example_short_circuit_operator.py for tasks to queue
[2026-07-02T17:15:24.039+0000] {logging_mixin.py:188} INFO - [2026-07-02T17:15:24.038+0000] {dagbag.py:545} INFO - Filling up the DagBag from /usr/local/python/3.12.1/lib/python3.12/site-packages/airflow/example_dags/example_short_circuit_operator.py
[2026-07-02T17:15:24.045+0000] {processor.py:840} INFO - DAG(s) 'example_short_circuit_operator' retrieved from /usr/local/python/3.12.1/lib/python3.12/site-packages/airflow/example_dags/example_short_circuit_operator.py
[2026-07-02T17:15:24.059+0000] {logging_mixin.py:188} INFO - [2026-07-02T17:15:24.059+0000] {dag.py:3089} INFO - Sync 1 DAGs
[2026-07-02T17:15:24.074+0000] {logging_mixin.py:188} INFO - [2026-07-02T17:15:24.074+0000] {dag.py:3947} INFO - Setting next_dagrun for example_short_circuit_operator to 2026-07-01 00:00:00+00:00, run_after=2026-07-02 00:00:00+00:00
[2026-07-02T17:15:24.097+0000] {processor.py:183} INFO - Processing /usr/local/python/3.12.1/lib/python3.12/site-packages/airflow/example_dags/example_short_circuit_operator.py took 0.065 seconds
[2026-07-02T17:16:20.262+0000] {processor.py:161} INFO - Started process (PID=171101) to work on /usr/local/python/3.12.1/lib/python3.12/site-packages/airflow/example_dags/example_short_circuit_operator.py
[2026-07-02T17:16:20.263+0000] {processor.py:830} INFO - Processing file /usr/local/python/3.12.1/lib/python3.12/site-packages/airflow/example_dags/example_short_circuit_operator.py for tasks to queue
[2026-07-02T17:16:20.265+0000] {logging_mixin.py:188} INFO - [2026-07-02T17:16:20.265+0000] {dagbag.py:545} INFO - Filling up the DagBag from /usr/local/python/3.12.1/lib/python3.12/site-packages/airflow/example_dags/example_short_circuit_operator.py
[2026-07-02T17:16:20.271+0000] {processor.py:840} INFO - DAG(s) 'example_short_circuit_operator' retrieved from /usr/local/python/3.12.1/lib/python3.12/site-packages/airflow/example_dags/example_short_circuit_operator.py
[2026-07-02T17:16:20.288+0000] {logging_mixin.py:188} INFO - [2026-07-02T17:16:20.288+0000] {dag.py:3089} INFO - Sync 1 DAGs
[2026-07-02T17:16:20.303+0000] {logging_mixin.py:188} INFO - [2026-07-02T17:16:20.303+0000] {dag.py:3947} INFO - Setting next_dagrun for example_short_circuit_operator to 2026-07-01 00:00:00+00:00, run_after=2026-07-02 00:00:00+00:00
[2026-07-02T17:16:20.322+0000] {processor.py:183} INFO - Processing /usr/local/python/3.12.1/lib/python3.12/site-packages/airflow/example_dags/example_short_circuit_operator.py took 0.065 seconds
[2026-07-02T17:17:00.825+0000] {processor.py:161} INFO - Started process (PID=171524) to work on /usr/local/python/3.12.1/lib/python3.12/site-packages/airflow/example_dags/example_short_circuit_operator.py
[2026-07-02T17:17:00.826+0000] {processor.py:830} INFO - Processing file /usr/local/python/3.12.1/lib/python3.12/site-packages/airflow/example_dags/example_short_circuit_operator.py for tasks to queue
[2026-07-02T17:17:00.827+0000] {logging_mixin.py:188} INFO - [2026-07-02T17:17:00.827+0000] {dagbag.py:545} INFO - Filling up the DagBag from /usr/local/python/3.12.1/lib/python3.12/site-packages/airflow/example_dags/example_short_circuit_operator.py
[2026-07-02T17:17:00.833+0000] {processor.py:840} INFO - DAG(s) 'example_short_circuit_operator' retrieved from /usr/local/python/3.12.1/lib/python3.12/site-packages/airflow/example_dags/example_short_circuit_operator.py
[2026-07-02T17:17:00.847+0000] {logging_mixin.py:188} INFO - [2026-07-02T17:17:00.847+0000] {dag.py:3089} INFO - Sync 1 DAGs
[2026-07-02T17:17:00.862+0000] {logging_mixin.py:188} INFO - [2026-07-02T17:17:00.862+0000] {dag.py:3947} INFO - Setting next_dagrun for example_short_circuit_operator to 2026-07-01 00:00:00+00:00, run_after=2026-07-02 00:00:00+00:00
[2026-07-02T17:17:00.878+0000] {processor.py:183} INFO - Processing /usr/local/python/3.12.1/lib/python3.12/site-packages/airflow/example_dags/example_short_circuit_operator.py took 0.058 seconds
