[2026-07-02T16:24:20.540+0000] {processor.py:161} INFO - Started process (PID=117676) to work on /usr/local/python/3.12.1/lib/python3.12/site-packages/airflow/example_dags/example_setup_teardown_taskflow.py
[2026-07-02T16:24:20.541+0000] {processor.py:830} INFO - Processing file /usr/local/python/3.12.1/lib/python3.12/site-packages/airflow/example_dags/example_setup_teardown_taskflow.py for tasks to queue
[2026-07-02T16:24:20.542+0000] {logging_mixin.py:188} INFO - [2026-07-02T16:24:20.542+0000] {dagbag.py:545} INFO - Filling up the DagBag from /usr/local/python/3.12.1/lib/python3.12/site-packages/airflow/example_dags/example_setup_teardown_taskflow.py
[2026-07-02T16:24:20.550+0000] {processor.py:840} INFO - DAG(s) 'example_setup_teardown_taskflow' retrieved from /usr/local/python/3.12.1/lib/python3.12/site-packages/airflow/example_dags/example_setup_teardown_taskflow.py
[2026-07-02T16:24:20.633+0000] {logging_mixin.py:188} INFO - [2026-07-02T16:24:20.633+0000] {override.py:1858} INFO - Created Permission View: can delete on DAG:example_setup_teardown_taskflow
[2026-07-02T16:24:20.641+0000] {logging_mixin.py:188} INFO - [2026-07-02T16:24:20.641+0000] {override.py:1858} INFO - Created Permission View: can read on DAG:example_setup_teardown_taskflow
[2026-07-02T16:24:20.649+0000] {logging_mixin.py:188} INFO - [2026-07-02T16:24:20.648+0000] {override.py:1858} INFO - Created Permission View: can edit on DAG:example_setup_teardown_taskflow
[2026-07-02T16:24:20.649+0000] {logging_mixin.py:188} INFO - [2026-07-02T16:24:20.649+0000] {dag.py:3089} INFO - Sync 1 DAGs
[2026-07-02T16:24:20.656+0000] {logging_mixin.py:188} INFO - [2026-07-02T16:24:20.656+0000] {dag.py:3111} INFO - Creating ORM DAG for example_setup_teardown_taskflow
[2026-07-02T16:24:20.664+0000] {logging_mixin.py:188} INFO - [2026-07-02T16:24:20.664+0000] {dag.py:3947} INFO - Setting next_dagrun for example_setup_teardown_taskflow to 2026-07-01 00:00:00+00:00, run_after=2026-07-02 00:00:00+00:00
[2026-07-02T16:24:20.679+0000] {processor.py:183} INFO - Processing /usr/local/python/3.12.1/lib/python3.12/site-packages/airflow/example_dags/example_setup_teardown_taskflow.py took 0.143 seconds
[2026-07-02T16:25:14.137+0000] {processor.py:161} INFO - Started process (PID=118412) to work on /usr/local/python/3.12.1/lib/python3.12/site-packages/airflow/example_dags/example_setup_teardown_taskflow.py
[2026-07-02T16:25:14.138+0000] {processor.py:830} INFO - Processing file /usr/local/python/3.12.1/lib/python3.12/site-packages/airflow/example_dags/example_setup_teardown_taskflow.py for tasks to queue
[2026-07-02T16:25:14.139+0000] {logging_mixin.py:188} INFO - [2026-07-02T16:25:14.139+0000] {dagbag.py:545} INFO - Filling up the DagBag from /usr/local/python/3.12.1/lib/python3.12/site-packages/airflow/example_dags/example_setup_teardown_taskflow.py
[2026-07-02T16:25:14.147+0000] {processor.py:840} INFO - DAG(s) 'example_setup_teardown_taskflow' retrieved from /usr/local/python/3.12.1/lib/python3.12/site-packages/airflow/example_dags/example_setup_teardown_taskflow.py
[2026-07-02T16:25:14.160+0000] {logging_mixin.py:188} INFO - [2026-07-02T16:25:14.160+0000] {dag.py:3089} INFO - Sync 1 DAGs
[2026-07-02T16:25:14.176+0000] {logging_mixin.py:188} INFO - [2026-07-02T16:25:14.176+0000] {dag.py:3947} INFO - Setting next_dagrun for example_setup_teardown_taskflow to 2026-07-01 00:00:00+00:00, run_after=2026-07-02 00:00:00+00:00
[2026-07-02T16:25:14.199+0000] {processor.py:183} INFO - Processing /usr/local/python/3.12.1/lib/python3.12/site-packages/airflow/example_dags/example_setup_teardown_taskflow.py took 0.067 seconds
[2026-07-02T16:26:10.376+0000] {processor.py:161} INFO - Started process (PID=124900) to work on /usr/local/python/3.12.1/lib/python3.12/site-packages/airflow/example_dags/example_setup_teardown_taskflow.py
[2026-07-02T16:26:10.378+0000] {processor.py:830} INFO - Processing file /usr/local/python/3.12.1/lib/python3.12/site-packages/airflow/example_dags/example_setup_teardown_taskflow.py for tasks to queue
[2026-07-02T16:26:10.384+0000] {logging_mixin.py:188} INFO - [2026-07-02T16:26:10.382+0000] {dagbag.py:545} INFO - Filling up the DagBag from /usr/local/python/3.12.1/lib/python3.12/site-packages/airflow/example_dags/example_setup_teardown_taskflow.py
[2026-07-02T16:26:10.409+0000] {processor.py:840} INFO - DAG(s) 'example_setup_teardown_taskflow' retrieved from /usr/local/python/3.12.1/lib/python3.12/site-packages/airflow/example_dags/example_setup_teardown_taskflow.py
[2026-07-02T16:26:10.451+0000] {logging_mixin.py:188} INFO - [2026-07-02T16:26:10.450+0000] {dag.py:3089} INFO - Sync 1 DAGs
[2026-07-02T16:26:10.486+0000] {logging_mixin.py:188} INFO - [2026-07-02T16:26:10.486+0000] {dag.py:3947} INFO - Setting next_dagrun for example_setup_teardown_taskflow to 2026-07-01 00:00:00+00:00, run_after=2026-07-02 00:00:00+00:00
[2026-07-02T16:26:10.531+0000] {processor.py:183} INFO - Processing /usr/local/python/3.12.1/lib/python3.12/site-packages/airflow/example_dags/example_setup_teardown_taskflow.py took 0.169 seconds
[2026-07-02T16:27:23.397+0000] {processor.py:161} INFO - Started process (PID=128176) to work on /usr/local/python/3.12.1/lib/python3.12/site-packages/airflow/example_dags/example_setup_teardown_taskflow.py
[2026-07-02T16:27:23.399+0000] {processor.py:830} INFO - Processing file /usr/local/python/3.12.1/lib/python3.12/site-packages/airflow/example_dags/example_setup_teardown_taskflow.py for tasks to queue
[2026-07-02T16:27:23.401+0000] {logging_mixin.py:188} INFO - [2026-07-02T16:27:23.401+0000] {dagbag.py:545} INFO - Filling up the DagBag from /usr/local/python/3.12.1/lib/python3.12/site-packages/airflow/example_dags/example_setup_teardown_taskflow.py
[2026-07-02T16:27:23.430+0000] {processor.py:840} INFO - DAG(s) 'example_setup_teardown_taskflow' retrieved from /usr/local/python/3.12.1/lib/python3.12/site-packages/airflow/example_dags/example_setup_teardown_taskflow.py
[2026-07-02T16:27:23.458+0000] {logging_mixin.py:188} INFO - [2026-07-02T16:27:23.457+0000] {dag.py:3089} INFO - Sync 1 DAGs
[2026-07-02T16:27:23.475+0000] {logging_mixin.py:188} INFO - [2026-07-02T16:27:23.475+0000] {dag.py:3947} INFO - Setting next_dagrun for example_setup_teardown_taskflow to 2026-07-01 00:00:00+00:00, run_after=2026-07-02 00:00:00+00:00
[2026-07-02T16:27:23.524+0000] {processor.py:183} INFO - Processing /usr/local/python/3.12.1/lib/python3.12/site-packages/airflow/example_dags/example_setup_teardown_taskflow.py took 0.134 seconds
[2026-07-02T16:28:17.524+0000] {processor.py:161} INFO - Started process (PID=128939) to work on /usr/local/python/3.12.1/lib/python3.12/site-packages/airflow/example_dags/example_setup_teardown_taskflow.py
[2026-07-02T16:28:17.526+0000] {processor.py:830} INFO - Processing file /usr/local/python/3.12.1/lib/python3.12/site-packages/airflow/example_dags/example_setup_teardown_taskflow.py for tasks to queue
[2026-07-02T16:28:17.528+0000] {logging_mixin.py:188} INFO - [2026-07-02T16:28:17.528+0000] {dagbag.py:545} INFO - Filling up the DagBag from /usr/local/python/3.12.1/lib/python3.12/site-packages/airflow/example_dags/example_setup_teardown_taskflow.py
[2026-07-02T16:28:17.539+0000] {processor.py:840} INFO - DAG(s) 'example_setup_teardown_taskflow' retrieved from /usr/local/python/3.12.1/lib/python3.12/site-packages/airflow/example_dags/example_setup_teardown_taskflow.py
[2026-07-02T16:28:17.559+0000] {logging_mixin.py:188} INFO - [2026-07-02T16:28:17.559+0000] {dag.py:3089} INFO - Sync 1 DAGs
[2026-07-02T16:28:17.588+0000] {logging_mixin.py:188} INFO - [2026-07-02T16:28:17.587+0000] {dag.py:3947} INFO - Setting next_dagrun for example_setup_teardown_taskflow to 2026-07-01 00:00:00+00:00, run_after=2026-07-02 00:00:00+00:00
[2026-07-02T16:28:17.652+0000] {processor.py:183} INFO - Processing /usr/local/python/3.12.1/lib/python3.12/site-packages/airflow/example_dags/example_setup_teardown_taskflow.py took 0.146 seconds
[2026-07-02T16:29:21.107+0000] {processor.py:161} INFO - Started process (PID=129789) to work on /usr/local/python/3.12.1/lib/python3.12/site-packages/airflow/example_dags/example_setup_teardown_taskflow.py
[2026-07-02T16:29:21.108+0000] {processor.py:830} INFO - Processing file /usr/local/python/3.12.1/lib/python3.12/site-packages/airflow/example_dags/example_setup_teardown_taskflow.py for tasks to queue
[2026-07-02T16:29:21.110+0000] {logging_mixin.py:188} INFO - [2026-07-02T16:29:21.109+0000] {dagbag.py:545} INFO - Filling up the DagBag from /usr/local/python/3.12.1/lib/python3.12/site-packages/airflow/example_dags/example_setup_teardown_taskflow.py
[2026-07-02T16:29:21.118+0000] {processor.py:840} INFO - DAG(s) 'example_setup_teardown_taskflow' retrieved from /usr/local/python/3.12.1/lib/python3.12/site-packages/airflow/example_dags/example_setup_teardown_taskflow.py
[2026-07-02T16:29:21.238+0000] {logging_mixin.py:188} INFO - [2026-07-02T16:29:21.238+0000] {dag.py:3089} INFO - Sync 1 DAGs
[2026-07-02T16:29:21.250+0000] {logging_mixin.py:188} INFO - [2026-07-02T16:29:21.250+0000] {dag.py:3947} INFO - Setting next_dagrun for example_setup_teardown_taskflow to 2026-07-01 00:00:00+00:00, run_after=2026-07-02 00:00:00+00:00
[2026-07-02T16:29:21.265+0000] {processor.py:183} INFO - Processing /usr/local/python/3.12.1/lib/python3.12/site-packages/airflow/example_dags/example_setup_teardown_taskflow.py took 0.162 seconds
[2026-07-02T16:30:18.670+0000] {processor.py:161} INFO - Started process (PID=130465) to work on /usr/local/python/3.12.1/lib/python3.12/site-packages/airflow/example_dags/example_setup_teardown_taskflow.py
[2026-07-02T16:30:18.671+0000] {processor.py:830} INFO - Processing file /usr/local/python/3.12.1/lib/python3.12/site-packages/airflow/example_dags/example_setup_teardown_taskflow.py for tasks to queue
[2026-07-02T16:30:18.673+0000] {logging_mixin.py:188} INFO - [2026-07-02T16:30:18.673+0000] {dagbag.py:545} INFO - Filling up the DagBag from /usr/local/python/3.12.1/lib/python3.12/site-packages/airflow/example_dags/example_setup_teardown_taskflow.py
[2026-07-02T16:30:18.684+0000] {processor.py:840} INFO - DAG(s) 'example_setup_teardown_taskflow' retrieved from /usr/local/python/3.12.1/lib/python3.12/site-packages/airflow/example_dags/example_setup_teardown_taskflow.py
[2026-07-02T16:30:18.710+0000] {logging_mixin.py:188} INFO - [2026-07-02T16:30:18.710+0000] {dag.py:3089} INFO - Sync 1 DAGs
[2026-07-02T16:30:18.733+0000] {logging_mixin.py:188} INFO - [2026-07-02T16:30:18.733+0000] {dag.py:3947} INFO - Setting next_dagrun for example_setup_teardown_taskflow to 2026-07-01 00:00:00+00:00, run_after=2026-07-02 00:00:00+00:00
[2026-07-02T16:30:18.781+0000] {processor.py:183} INFO - Processing /usr/local/python/3.12.1/lib/python3.12/site-packages/airflow/example_dags/example_setup_teardown_taskflow.py took 0.120 seconds
[2026-07-02T16:31:09.221+0000] {processor.py:161} INFO - Started process (PID=131014) to work on /usr/local/python/3.12.1/lib/python3.12/site-packages/airflow/example_dags/example_setup_teardown_taskflow.py
[2026-07-02T16:31:09.222+0000] {processor.py:830} INFO - Processing file /usr/local/python/3.12.1/lib/python3.12/site-packages/airflow/example_dags/example_setup_teardown_taskflow.py for tasks to queue
[2026-07-02T16:31:09.224+0000] {logging_mixin.py:188} INFO - [2026-07-02T16:31:09.223+0000] {dagbag.py:545} INFO - Filling up the DagBag from /usr/local/python/3.12.1/lib/python3.12/site-packages/airflow/example_dags/example_setup_teardown_taskflow.py
[2026-07-02T16:31:09.234+0000] {processor.py:840} INFO - DAG(s) 'example_setup_teardown_taskflow' retrieved from /usr/local/python/3.12.1/lib/python3.12/site-packages/airflow/example_dags/example_setup_teardown_taskflow.py
[2026-07-02T16:31:09.254+0000] {logging_mixin.py:188} INFO - [2026-07-02T16:31:09.254+0000] {dag.py:3089} INFO - Sync 1 DAGs
[2026-07-02T16:31:09.280+0000] {logging_mixin.py:188} INFO - [2026-07-02T16:31:09.279+0000] {dag.py:3947} INFO - Setting next_dagrun for example_setup_teardown_taskflow to 2026-07-01 00:00:00+00:00, run_after=2026-07-02 00:00:00+00:00
[2026-07-02T16:31:09.318+0000] {processor.py:183} INFO - Processing /usr/local/python/3.12.1/lib/python3.12/site-packages/airflow/example_dags/example_setup_teardown_taskflow.py took 0.107 seconds
[2026-07-02T16:31:57.586+0000] {processor.py:161} INFO - Started process (PID=131561) to work on /usr/local/python/3.12.1/lib/python3.12/site-packages/airflow/example_dags/example_setup_teardown_taskflow.py
[2026-07-02T16:31:57.587+0000] {processor.py:830} INFO - Processing file /usr/local/python/3.12.1/lib/python3.12/site-packages/airflow/example_dags/example_setup_teardown_taskflow.py for tasks to queue
[2026-07-02T16:31:57.591+0000] {logging_mixin.py:188} INFO - [2026-07-02T16:31:57.590+0000] {dagbag.py:545} INFO - Filling up the DagBag from /usr/local/python/3.12.1/lib/python3.12/site-packages/airflow/example_dags/example_setup_teardown_taskflow.py
[2026-07-02T16:31:57.607+0000] {processor.py:840} INFO - DAG(s) 'example_setup_teardown_taskflow' retrieved from /usr/local/python/3.12.1/lib/python3.12/site-packages/airflow/example_dags/example_setup_teardown_taskflow.py
[2026-07-02T16:31:57.631+0000] {logging_mixin.py:188} INFO - [2026-07-02T16:31:57.630+0000] {dag.py:3089} INFO - Sync 1 DAGs
[2026-07-02T16:31:57.662+0000] {logging_mixin.py:188} INFO - [2026-07-02T16:31:57.661+0000] {dag.py:3947} INFO - Setting next_dagrun for example_setup_teardown_taskflow to 2026-07-01 00:00:00+00:00, run_after=2026-07-02 00:00:00+00:00
[2026-07-02T16:31:57.683+0000] {processor.py:183} INFO - Processing /usr/local/python/3.12.1/lib/python3.12/site-packages/airflow/example_dags/example_setup_teardown_taskflow.py took 0.105 seconds
[2026-07-02T16:32:48.851+0000] {processor.py:161} INFO - Started process (PID=133253) to work on /usr/local/python/3.12.1/lib/python3.12/site-packages/airflow/example_dags/example_setup_teardown_taskflow.py
[2026-07-02T16:32:48.861+0000] {processor.py:830} INFO - Processing file /usr/local/python/3.12.1/lib/python3.12/site-packages/airflow/example_dags/example_setup_teardown_taskflow.py for tasks to queue
[2026-07-02T16:32:48.869+0000] {logging_mixin.py:188} INFO - [2026-07-02T16:32:48.869+0000] {dagbag.py:545} INFO - Filling up the DagBag from /usr/local/python/3.12.1/lib/python3.12/site-packages/airflow/example_dags/example_setup_teardown_taskflow.py
[2026-07-02T16:32:48.899+0000] {processor.py:840} INFO - DAG(s) 'example_setup_teardown_taskflow' retrieved from /usr/local/python/3.12.1/lib/python3.12/site-packages/airflow/example_dags/example_setup_teardown_taskflow.py
[2026-07-02T16:32:48.931+0000] {logging_mixin.py:188} INFO - [2026-07-02T16:32:48.930+0000] {dag.py:3089} INFO - Sync 1 DAGs
[2026-07-02T16:32:48.966+0000] {logging_mixin.py:188} INFO - [2026-07-02T16:32:48.965+0000] {dag.py:3947} INFO - Setting next_dagrun for example_setup_teardown_taskflow to 2026-07-01 00:00:00+00:00, run_after=2026-07-02 00:00:00+00:00
[2026-07-02T16:32:49.016+0000] {processor.py:183} INFO - Processing /usr/local/python/3.12.1/lib/python3.12/site-packages/airflow/example_dags/example_setup_teardown_taskflow.py took 0.195 seconds
[2026-07-02T16:33:38.660+0000] {processor.py:161} INFO - Started process (PID=133808) to work on /usr/local/python/3.12.1/lib/python3.12/site-packages/airflow/example_dags/example_setup_teardown_taskflow.py
[2026-07-02T16:33:38.661+0000] {processor.py:830} INFO - Processing file /usr/local/python/3.12.1/lib/python3.12/site-packages/airflow/example_dags/example_setup_teardown_taskflow.py for tasks to queue
[2026-07-02T16:33:38.663+0000] {logging_mixin.py:188} INFO - [2026-07-02T16:33:38.663+0000] {dagbag.py:545} INFO - Filling up the DagBag from /usr/local/python/3.12.1/lib/python3.12/site-packages/airflow/example_dags/example_setup_teardown_taskflow.py
[2026-07-02T16:33:38.678+0000] {processor.py:840} INFO - DAG(s) 'example_setup_teardown_taskflow' retrieved from /usr/local/python/3.12.1/lib/python3.12/site-packages/airflow/example_dags/example_setup_teardown_taskflow.py
[2026-07-02T16:33:38.707+0000] {logging_mixin.py:188} INFO - [2026-07-02T16:33:38.707+0000] {dag.py:3089} INFO - Sync 1 DAGs
[2026-07-02T16:33:38.736+0000] {logging_mixin.py:188} INFO - [2026-07-02T16:33:38.736+0000] {dag.py:3947} INFO - Setting next_dagrun for example_setup_teardown_taskflow to 2026-07-01 00:00:00+00:00, run_after=2026-07-02 00:00:00+00:00
[2026-07-02T16:33:38.764+0000] {processor.py:183} INFO - Processing /usr/local/python/3.12.1/lib/python3.12/site-packages/airflow/example_dags/example_setup_teardown_taskflow.py took 0.109 seconds
[2026-07-02T16:34:27.875+0000] {processor.py:161} INFO - Started process (PID=134471) to work on /usr/local/python/3.12.1/lib/python3.12/site-packages/airflow/example_dags/example_setup_teardown_taskflow.py
[2026-07-02T16:34:27.882+0000] {processor.py:830} INFO - Processing file /usr/local/python/3.12.1/lib/python3.12/site-packages/airflow/example_dags/example_setup_teardown_taskflow.py for tasks to queue
[2026-07-02T16:34:27.886+0000] {logging_mixin.py:188} INFO - [2026-07-02T16:34:27.885+0000] {dagbag.py:545} INFO - Filling up the DagBag from /usr/local/python/3.12.1/lib/python3.12/site-packages/airflow/example_dags/example_setup_teardown_taskflow.py
[2026-07-02T16:34:27.916+0000] {processor.py:840} INFO - DAG(s) 'example_setup_teardown_taskflow' retrieved from /usr/local/python/3.12.1/lib/python3.12/site-packages/airflow/example_dags/example_setup_teardown_taskflow.py
[2026-07-02T16:34:27.976+0000] {logging_mixin.py:188} INFO - [2026-07-02T16:34:27.975+0000] {dag.py:3089} INFO - Sync 1 DAGs
[2026-07-02T16:34:28.010+0000] {logging_mixin.py:188} INFO - [2026-07-02T16:34:28.010+0000] {dag.py:3947} INFO - Setting next_dagrun for example_setup_teardown_taskflow to 2026-07-01 00:00:00+00:00, run_after=2026-07-02 00:00:00+00:00
[2026-07-02T16:34:28.039+0000] {processor.py:183} INFO - Processing /usr/local/python/3.12.1/lib/python3.12/site-packages/airflow/example_dags/example_setup_teardown_taskflow.py took 0.187 seconds
[2026-07-02T16:35:18.813+0000] {processor.py:161} INFO - Started process (PID=135828) to work on /usr/local/python/3.12.1/lib/python3.12/site-packages/airflow/example_dags/example_setup_teardown_taskflow.py
[2026-07-02T16:35:18.833+0000] {processor.py:830} INFO - Processing file /usr/local/python/3.12.1/lib/python3.12/site-packages/airflow/example_dags/example_setup_teardown_taskflow.py for tasks to queue
[2026-07-02T16:35:18.838+0000] {logging_mixin.py:188} INFO - [2026-07-02T16:35:18.835+0000] {dagbag.py:545} INFO - Filling up the DagBag from /usr/local/python/3.12.1/lib/python3.12/site-packages/airflow/example_dags/example_setup_teardown_taskflow.py
[2026-07-02T16:35:18.868+0000] {processor.py:840} INFO - DAG(s) 'example_setup_teardown_taskflow' retrieved from /usr/local/python/3.12.1/lib/python3.12/site-packages/airflow/example_dags/example_setup_teardown_taskflow.py
[2026-07-02T16:35:18.935+0000] {logging_mixin.py:188} INFO - [2026-07-02T16:35:18.935+0000] {dag.py:3089} INFO - Sync 1 DAGs
[2026-07-02T16:35:19.018+0000] {logging_mixin.py:188} INFO - [2026-07-02T16:35:19.018+0000] {dag.py:3947} INFO - Setting next_dagrun for example_setup_teardown_taskflow to 2026-07-01 00:00:00+00:00, run_after=2026-07-02 00:00:00+00:00
[2026-07-02T16:35:19.109+0000] {processor.py:183} INFO - Processing /usr/local/python/3.12.1/lib/python3.12/site-packages/airflow/example_dags/example_setup_teardown_taskflow.py took 0.310 seconds
[2026-07-02T16:36:17.314+0000] {processor.py:161} INFO - Started process (PID=136653) to work on /usr/local/python/3.12.1/lib/python3.12/site-packages/airflow/example_dags/example_setup_teardown_taskflow.py
[2026-07-02T16:36:17.319+0000] {processor.py:830} INFO - Processing file /usr/local/python/3.12.1/lib/python3.12/site-packages/airflow/example_dags/example_setup_teardown_taskflow.py for tasks to queue
[2026-07-02T16:36:17.325+0000] {logging_mixin.py:188} INFO - [2026-07-02T16:36:17.323+0000] {dagbag.py:545} INFO - Filling up the DagBag from /usr/local/python/3.12.1/lib/python3.12/site-packages/airflow/example_dags/example_setup_teardown_taskflow.py
[2026-07-02T16:36:17.356+0000] {processor.py:840} INFO - DAG(s) 'example_setup_teardown_taskflow' retrieved from /usr/local/python/3.12.1/lib/python3.12/site-packages/airflow/example_dags/example_setup_teardown_taskflow.py
[2026-07-02T16:36:17.418+0000] {logging_mixin.py:188} INFO - [2026-07-02T16:36:17.417+0000] {dag.py:3089} INFO - Sync 1 DAGs
[2026-07-02T16:36:17.459+0000] {logging_mixin.py:188} INFO - [2026-07-02T16:36:17.459+0000] {dag.py:3947} INFO - Setting next_dagrun for example_setup_teardown_taskflow to 2026-07-01 00:00:00+00:00, run_after=2026-07-02 00:00:00+00:00
[2026-07-02T16:36:17.517+0000] {processor.py:183} INFO - Processing /usr/local/python/3.12.1/lib/python3.12/site-packages/airflow/example_dags/example_setup_teardown_taskflow.py took 0.217 seconds
[2026-07-02T16:37:00.700+0000] {processor.py:161} INFO - Started process (PID=137232) to work on /usr/local/python/3.12.1/lib/python3.12/site-packages/airflow/example_dags/example_setup_teardown_taskflow.py
[2026-07-02T16:37:00.704+0000] {processor.py:830} INFO - Processing file /usr/local/python/3.12.1/lib/python3.12/site-packages/airflow/example_dags/example_setup_teardown_taskflow.py for tasks to queue
[2026-07-02T16:37:00.709+0000] {logging_mixin.py:188} INFO - [2026-07-02T16:37:00.708+0000] {dagbag.py:545} INFO - Filling up the DagBag from /usr/local/python/3.12.1/lib/python3.12/site-packages/airflow/example_dags/example_setup_teardown_taskflow.py
[2026-07-02T16:37:00.738+0000] {processor.py:840} INFO - DAG(s) 'example_setup_teardown_taskflow' retrieved from /usr/local/python/3.12.1/lib/python3.12/site-packages/airflow/example_dags/example_setup_teardown_taskflow.py
[2026-07-02T16:37:00.787+0000] {logging_mixin.py:188} INFO - [2026-07-02T16:37:00.786+0000] {dag.py:3089} INFO - Sync 1 DAGs
[2026-07-02T16:37:00.815+0000] {logging_mixin.py:188} INFO - [2026-07-02T16:37:00.815+0000] {dag.py:3947} INFO - Setting next_dagrun for example_setup_teardown_taskflow to 2026-07-01 00:00:00+00:00, run_after=2026-07-02 00:00:00+00:00
[2026-07-02T16:37:00.844+0000] {processor.py:183} INFO - Processing /usr/local/python/3.12.1/lib/python3.12/site-packages/airflow/example_dags/example_setup_teardown_taskflow.py took 0.157 seconds
[2026-07-02T16:37:48.649+0000] {processor.py:161} INFO - Started process (PID=138528) to work on /usr/local/python/3.12.1/lib/python3.12/site-packages/airflow/example_dags/example_setup_teardown_taskflow.py
[2026-07-02T16:37:48.650+0000] {processor.py:830} INFO - Processing file /usr/local/python/3.12.1/lib/python3.12/site-packages/airflow/example_dags/example_setup_teardown_taskflow.py for tasks to queue
[2026-07-02T16:37:48.652+0000] {logging_mixin.py:188} INFO - [2026-07-02T16:37:48.651+0000] {dagbag.py:545} INFO - Filling up the DagBag from /usr/local/python/3.12.1/lib/python3.12/site-packages/airflow/example_dags/example_setup_teardown_taskflow.py
[2026-07-02T16:37:48.659+0000] {processor.py:840} INFO - DAG(s) 'example_setup_teardown_taskflow' retrieved from /usr/local/python/3.12.1/lib/python3.12/site-packages/airflow/example_dags/example_setup_teardown_taskflow.py
[2026-07-02T16:37:48.675+0000] {logging_mixin.py:188} INFO - [2026-07-02T16:37:48.675+0000] {dag.py:3089} INFO - Sync 1 DAGs
[2026-07-02T16:37:48.696+0000] {logging_mixin.py:188} INFO - [2026-07-02T16:37:48.696+0000] {dag.py:3947} INFO - Setting next_dagrun for example_setup_teardown_taskflow to 2026-07-01 00:00:00+00:00, run_after=2026-07-02 00:00:00+00:00
[2026-07-02T16:37:48.712+0000] {processor.py:183} INFO - Processing /usr/local/python/3.12.1/lib/python3.12/site-packages/airflow/example_dags/example_setup_teardown_taskflow.py took 0.068 seconds
[2026-07-02T16:38:35.174+0000] {processor.py:161} INFO - Started process (PID=139568) to work on /usr/local/python/3.12.1/lib/python3.12/site-packages/airflow/example_dags/example_setup_teardown_taskflow.py
[2026-07-02T16:38:35.177+0000] {processor.py:830} INFO - Processing file /usr/local/python/3.12.1/lib/python3.12/site-packages/airflow/example_dags/example_setup_teardown_taskflow.py for tasks to queue
[2026-07-02T16:38:35.181+0000] {logging_mixin.py:188} INFO - [2026-07-02T16:38:35.180+0000] {dagbag.py:545} INFO - Filling up the DagBag from /usr/local/python/3.12.1/lib/python3.12/site-packages/airflow/example_dags/example_setup_teardown_taskflow.py
[2026-07-02T16:38:35.211+0000] {processor.py:840} INFO - DAG(s) 'example_setup_teardown_taskflow' retrieved from /usr/local/python/3.12.1/lib/python3.12/site-packages/airflow/example_dags/example_setup_teardown_taskflow.py
[2026-07-02T16:38:35.266+0000] {logging_mixin.py:188} INFO - [2026-07-02T16:38:35.266+0000] {dag.py:3089} INFO - Sync 1 DAGs
[2026-07-02T16:38:35.319+0000] {logging_mixin.py:188} INFO - [2026-07-02T16:38:35.318+0000] {dag.py:3947} INFO - Setting next_dagrun for example_setup_teardown_taskflow to 2026-07-01 00:00:00+00:00, run_after=2026-07-02 00:00:00+00:00
[2026-07-02T16:38:35.365+0000] {processor.py:183} INFO - Processing /usr/local/python/3.12.1/lib/python3.12/site-packages/airflow/example_dags/example_setup_teardown_taskflow.py took 0.204 seconds
[2026-07-02T16:39:22.339+0000] {processor.py:161} INFO - Started process (PID=140195) to work on /usr/local/python/3.12.1/lib/python3.12/site-packages/airflow/example_dags/example_setup_teardown_taskflow.py
[2026-07-02T16:39:22.340+0000] {processor.py:830} INFO - Processing file /usr/local/python/3.12.1/lib/python3.12/site-packages/airflow/example_dags/example_setup_teardown_taskflow.py for tasks to queue
[2026-07-02T16:39:22.342+0000] {logging_mixin.py:188} INFO - [2026-07-02T16:39:22.341+0000] {dagbag.py:545} INFO - Filling up the DagBag from /usr/local/python/3.12.1/lib/python3.12/site-packages/airflow/example_dags/example_setup_teardown_taskflow.py
[2026-07-02T16:39:22.352+0000] {processor.py:840} INFO - DAG(s) 'example_setup_teardown_taskflow' retrieved from /usr/local/python/3.12.1/lib/python3.12/site-packages/airflow/example_dags/example_setup_teardown_taskflow.py
[2026-07-02T16:39:22.374+0000] {logging_mixin.py:188} INFO - [2026-07-02T16:39:22.373+0000] {dag.py:3089} INFO - Sync 1 DAGs
[2026-07-02T16:39:22.396+0000] {logging_mixin.py:188} INFO - [2026-07-02T16:39:22.396+0000] {dag.py:3947} INFO - Setting next_dagrun for example_setup_teardown_taskflow to 2026-07-01 00:00:00+00:00, run_after=2026-07-02 00:00:00+00:00
[2026-07-02T16:39:22.418+0000] {processor.py:183} INFO - Processing /usr/local/python/3.12.1/lib/python3.12/site-packages/airflow/example_dags/example_setup_teardown_taskflow.py took 0.086 seconds
[2026-07-02T16:40:07.715+0000] {processor.py:161} INFO - Started process (PID=140812) to work on /usr/local/python/3.12.1/lib/python3.12/site-packages/airflow/example_dags/example_setup_teardown_taskflow.py
[2026-07-02T16:40:07.715+0000] {processor.py:830} INFO - Processing file /usr/local/python/3.12.1/lib/python3.12/site-packages/airflow/example_dags/example_setup_teardown_taskflow.py for tasks to queue
[2026-07-02T16:40:07.717+0000] {logging_mixin.py:188} INFO - [2026-07-02T16:40:07.716+0000] {dagbag.py:545} INFO - Filling up the DagBag from /usr/local/python/3.12.1/lib/python3.12/site-packages/airflow/example_dags/example_setup_teardown_taskflow.py
[2026-07-02T16:40:07.724+0000] {processor.py:840} INFO - DAG(s) 'example_setup_teardown_taskflow' retrieved from /usr/local/python/3.12.1/lib/python3.12/site-packages/airflow/example_dags/example_setup_teardown_taskflow.py
[2026-07-02T16:40:07.738+0000] {logging_mixin.py:188} INFO - [2026-07-02T16:40:07.738+0000] {dag.py:3089} INFO - Sync 1 DAGs
[2026-07-02T16:40:07.753+0000] {logging_mixin.py:188} INFO - [2026-07-02T16:40:07.753+0000] {dag.py:3947} INFO - Setting next_dagrun for example_setup_teardown_taskflow to 2026-07-01 00:00:00+00:00, run_after=2026-07-02 00:00:00+00:00
[2026-07-02T16:40:07.777+0000] {processor.py:183} INFO - Processing /usr/local/python/3.12.1/lib/python3.12/site-packages/airflow/example_dags/example_setup_teardown_taskflow.py took 0.067 seconds
[2026-07-02T16:41:02.428+0000] {processor.py:161} INFO - Started process (PID=141685) to work on /usr/local/python/3.12.1/lib/python3.12/site-packages/airflow/example_dags/example_setup_teardown_taskflow.py
[2026-07-02T16:41:02.429+0000] {processor.py:830} INFO - Processing file /usr/local/python/3.12.1/lib/python3.12/site-packages/airflow/example_dags/example_setup_teardown_taskflow.py for tasks to queue
[2026-07-02T16:41:02.431+0000] {logging_mixin.py:188} INFO - [2026-07-02T16:41:02.430+0000] {dagbag.py:545} INFO - Filling up the DagBag from /usr/local/python/3.12.1/lib/python3.12/site-packages/airflow/example_dags/example_setup_teardown_taskflow.py
[2026-07-02T16:41:02.438+0000] {processor.py:840} INFO - DAG(s) 'example_setup_teardown_taskflow' retrieved from /usr/local/python/3.12.1/lib/python3.12/site-packages/airflow/example_dags/example_setup_teardown_taskflow.py
[2026-07-02T16:41:02.452+0000] {logging_mixin.py:188} INFO - [2026-07-02T16:41:02.451+0000] {dag.py:3089} INFO - Sync 1 DAGs
[2026-07-02T16:41:02.466+0000] {logging_mixin.py:188} INFO - [2026-07-02T16:41:02.466+0000] {dag.py:3947} INFO - Setting next_dagrun for example_setup_teardown_taskflow to 2026-07-01 00:00:00+00:00, run_after=2026-07-02 00:00:00+00:00
[2026-07-02T16:41:02.484+0000] {processor.py:183} INFO - Processing /usr/local/python/3.12.1/lib/python3.12/site-packages/airflow/example_dags/example_setup_teardown_taskflow.py took 0.061 seconds
[2026-07-02T16:41:59.014+0000] {processor.py:161} INFO - Started process (PID=142560) to work on /usr/local/python/3.12.1/lib/python3.12/site-packages/airflow/example_dags/example_setup_teardown_taskflow.py
[2026-07-02T16:41:59.029+0000] {processor.py:830} INFO - Processing file /usr/local/python/3.12.1/lib/python3.12/site-packages/airflow/example_dags/example_setup_teardown_taskflow.py for tasks to queue
[2026-07-02T16:41:59.038+0000] {logging_mixin.py:188} INFO - [2026-07-02T16:41:59.037+0000] {dagbag.py:545} INFO - Filling up the DagBag from /usr/local/python/3.12.1/lib/python3.12/site-packages/airflow/example_dags/example_setup_teardown_taskflow.py
[2026-07-02T16:41:59.086+0000] {processor.py:840} INFO - DAG(s) 'example_setup_teardown_taskflow' retrieved from /usr/local/python/3.12.1/lib/python3.12/site-packages/airflow/example_dags/example_setup_teardown_taskflow.py
[2026-07-02T16:41:59.153+0000] {logging_mixin.py:188} INFO - [2026-07-02T16:41:59.153+0000] {dag.py:3089} INFO - Sync 1 DAGs
[2026-07-02T16:41:59.226+0000] {logging_mixin.py:188} INFO - [2026-07-02T16:41:59.226+0000] {dag.py:3947} INFO - Setting next_dagrun for example_setup_teardown_taskflow to 2026-07-01 00:00:00+00:00, run_after=2026-07-02 00:00:00+00:00
[2026-07-02T16:41:59.252+0000] {processor.py:183} INFO - Processing /usr/local/python/3.12.1/lib/python3.12/site-packages/airflow/example_dags/example_setup_teardown_taskflow.py took 0.255 seconds
[2026-07-02T16:43:17.031+0000] {processor.py:161} INFO - Started process (PID=143737) to work on /usr/local/python/3.12.1/lib/python3.12/site-packages/airflow/example_dags/example_setup_teardown_taskflow.py
[2026-07-02T16:43:17.034+0000] {processor.py:830} INFO - Processing file /usr/local/python/3.12.1/lib/python3.12/site-packages/airflow/example_dags/example_setup_teardown_taskflow.py for tasks to queue
[2026-07-02T16:43:17.037+0000] {logging_mixin.py:188} INFO - [2026-07-02T16:43:17.036+0000] {dagbag.py:545} INFO - Filling up the DagBag from /usr/local/python/3.12.1/lib/python3.12/site-packages/airflow/example_dags/example_setup_teardown_taskflow.py
[2026-07-02T16:43:17.048+0000] {processor.py:840} INFO - DAG(s) 'example_setup_teardown_taskflow' retrieved from /usr/local/python/3.12.1/lib/python3.12/site-packages/airflow/example_dags/example_setup_teardown_taskflow.py
[2026-07-02T16:43:17.069+0000] {logging_mixin.py:188} INFO - [2026-07-02T16:43:17.069+0000] {dag.py:3089} INFO - Sync 1 DAGs
[2026-07-02T16:43:17.090+0000] {logging_mixin.py:188} INFO - [2026-07-02T16:43:17.089+0000] {dag.py:3947} INFO - Setting next_dagrun for example_setup_teardown_taskflow to 2026-07-01 00:00:00+00:00, run_after=2026-07-02 00:00:00+00:00
[2026-07-02T16:43:17.108+0000] {processor.py:183} INFO - Processing /usr/local/python/3.12.1/lib/python3.12/site-packages/airflow/example_dags/example_setup_teardown_taskflow.py took 0.084 seconds
[2026-07-02T16:44:21.733+0000] {processor.py:161} INFO - Started process (PID=145308) to work on /usr/local/python/3.12.1/lib/python3.12/site-packages/airflow/example_dags/example_setup_teardown_taskflow.py
[2026-07-02T16:44:21.736+0000] {processor.py:830} INFO - Processing file /usr/local/python/3.12.1/lib/python3.12/site-packages/airflow/example_dags/example_setup_teardown_taskflow.py for tasks to queue
[2026-07-02T16:44:21.738+0000] {logging_mixin.py:188} INFO - [2026-07-02T16:44:21.738+0000] {dagbag.py:545} INFO - Filling up the DagBag from /usr/local/python/3.12.1/lib/python3.12/site-packages/airflow/example_dags/example_setup_teardown_taskflow.py
[2026-07-02T16:44:21.745+0000] {processor.py:840} INFO - DAG(s) 'example_setup_teardown_taskflow' retrieved from /usr/local/python/3.12.1/lib/python3.12/site-packages/airflow/example_dags/example_setup_teardown_taskflow.py
[2026-07-02T16:44:21.759+0000] {logging_mixin.py:188} INFO - [2026-07-02T16:44:21.759+0000] {dag.py:3089} INFO - Sync 1 DAGs
[2026-07-02T16:44:21.774+0000] {logging_mixin.py:188} INFO - [2026-07-02T16:44:21.774+0000] {dag.py:3947} INFO - Setting next_dagrun for example_setup_teardown_taskflow to 2026-07-01 00:00:00+00:00, run_after=2026-07-02 00:00:00+00:00
[2026-07-02T16:44:21.831+0000] {processor.py:183} INFO - Processing /usr/local/python/3.12.1/lib/python3.12/site-packages/airflow/example_dags/example_setup_teardown_taskflow.py took 0.102 seconds
[2026-07-02T16:45:31.960+0000] {processor.py:161} INFO - Started process (PID=147800) to work on /usr/local/python/3.12.1/lib/python3.12/site-packages/airflow/example_dags/example_setup_teardown_taskflow.py
[2026-07-02T16:45:31.966+0000] {processor.py:830} INFO - Processing file /usr/local/python/3.12.1/lib/python3.12/site-packages/airflow/example_dags/example_setup_teardown_taskflow.py for tasks to queue
[2026-07-02T16:45:31.969+0000] {logging_mixin.py:188} INFO - [2026-07-02T16:45:31.968+0000] {dagbag.py:545} INFO - Filling up the DagBag from /usr/local/python/3.12.1/lib/python3.12/site-packages/airflow/example_dags/example_setup_teardown_taskflow.py
[2026-07-02T16:45:31.980+0000] {processor.py:840} INFO - DAG(s) 'example_setup_teardown_taskflow' retrieved from /usr/local/python/3.12.1/lib/python3.12/site-packages/airflow/example_dags/example_setup_teardown_taskflow.py
[2026-07-02T16:45:32.004+0000] {logging_mixin.py:188} INFO - [2026-07-02T16:45:32.003+0000] {dag.py:3089} INFO - Sync 1 DAGs
[2026-07-02T16:45:32.029+0000] {logging_mixin.py:188} INFO - [2026-07-02T16:45:32.028+0000] {dag.py:3947} INFO - Setting next_dagrun for example_setup_teardown_taskflow to 2026-07-01 00:00:00+00:00, run_after=2026-07-02 00:00:00+00:00
[2026-07-02T16:45:32.059+0000] {processor.py:183} INFO - Processing /usr/local/python/3.12.1/lib/python3.12/site-packages/airflow/example_dags/example_setup_teardown_taskflow.py took 0.106 seconds
[2026-07-02T16:46:28.346+0000] {processor.py:161} INFO - Started process (PID=150058) to work on /usr/local/python/3.12.1/lib/python3.12/site-packages/airflow/example_dags/example_setup_teardown_taskflow.py
[2026-07-02T16:46:28.353+0000] {processor.py:830} INFO - Processing file /usr/local/python/3.12.1/lib/python3.12/site-packages/airflow/example_dags/example_setup_teardown_taskflow.py for tasks to queue
[2026-07-02T16:46:28.363+0000] {logging_mixin.py:188} INFO - [2026-07-02T16:46:28.361+0000] {dagbag.py:545} INFO - Filling up the DagBag from /usr/local/python/3.12.1/lib/python3.12/site-packages/airflow/example_dags/example_setup_teardown_taskflow.py
[2026-07-02T16:46:28.417+0000] {processor.py:840} INFO - DAG(s) 'example_setup_teardown_taskflow' retrieved from /usr/local/python/3.12.1/lib/python3.12/site-packages/airflow/example_dags/example_setup_teardown_taskflow.py
[2026-07-02T16:46:28.636+0000] {logging_mixin.py:188} INFO - [2026-07-02T16:46:28.635+0000] {dag.py:3089} INFO - Sync 1 DAGs
[2026-07-02T16:46:28.922+0000] {logging_mixin.py:188} INFO - [2026-07-02T16:46:28.922+0000] {dag.py:3947} INFO - Setting next_dagrun for example_setup_teardown_taskflow to 2026-07-01 00:00:00+00:00, run_after=2026-07-02 00:00:00+00:00
[2026-07-02T16:46:29.186+0000] {processor.py:183} INFO - Processing /usr/local/python/3.12.1/lib/python3.12/site-packages/airflow/example_dags/example_setup_teardown_taskflow.py took 0.867 seconds
[2026-07-02T16:47:26.552+0000] {processor.py:161} INFO - Started process (PID=151645) to work on /usr/local/python/3.12.1/lib/python3.12/site-packages/airflow/example_dags/example_setup_teardown_taskflow.py
[2026-07-02T16:47:26.553+0000] {processor.py:830} INFO - Processing file /usr/local/python/3.12.1/lib/python3.12/site-packages/airflow/example_dags/example_setup_teardown_taskflow.py for tasks to queue
[2026-07-02T16:47:26.555+0000] {logging_mixin.py:188} INFO - [2026-07-02T16:47:26.555+0000] {dagbag.py:545} INFO - Filling up the DagBag from /usr/local/python/3.12.1/lib/python3.12/site-packages/airflow/example_dags/example_setup_teardown_taskflow.py
[2026-07-02T16:47:26.563+0000] {processor.py:840} INFO - DAG(s) 'example_setup_teardown_taskflow' retrieved from /usr/local/python/3.12.1/lib/python3.12/site-packages/airflow/example_dags/example_setup_teardown_taskflow.py
[2026-07-02T16:47:26.577+0000] {logging_mixin.py:188} INFO - [2026-07-02T16:47:26.577+0000] {dag.py:3089} INFO - Sync 1 DAGs
[2026-07-02T16:47:26.599+0000] {logging_mixin.py:188} INFO - [2026-07-02T16:47:26.599+0000] {dag.py:3947} INFO - Setting next_dagrun for example_setup_teardown_taskflow to 2026-07-01 00:00:00+00:00, run_after=2026-07-02 00:00:00+00:00
[2026-07-02T16:47:26.618+0000] {processor.py:183} INFO - Processing /usr/local/python/3.12.1/lib/python3.12/site-packages/airflow/example_dags/example_setup_teardown_taskflow.py took 0.070 seconds
[2026-07-02T16:48:23.188+0000] {processor.py:161} INFO - Started process (PID=152896) to work on /usr/local/python/3.12.1/lib/python3.12/site-packages/airflow/example_dags/example_setup_teardown_taskflow.py
[2026-07-02T16:48:23.190+0000] {processor.py:830} INFO - Processing file /usr/local/python/3.12.1/lib/python3.12/site-packages/airflow/example_dags/example_setup_teardown_taskflow.py for tasks to queue
[2026-07-02T16:48:23.192+0000] {logging_mixin.py:188} INFO - [2026-07-02T16:48:23.192+0000] {dagbag.py:545} INFO - Filling up the DagBag from /usr/local/python/3.12.1/lib/python3.12/site-packages/airflow/example_dags/example_setup_teardown_taskflow.py
[2026-07-02T16:48:23.201+0000] {processor.py:840} INFO - DAG(s) 'example_setup_teardown_taskflow' retrieved from /usr/local/python/3.12.1/lib/python3.12/site-packages/airflow/example_dags/example_setup_teardown_taskflow.py
[2026-07-02T16:48:23.215+0000] {logging_mixin.py:188} INFO - [2026-07-02T16:48:23.215+0000] {dag.py:3089} INFO - Sync 1 DAGs
[2026-07-02T16:48:23.230+0000] {logging_mixin.py:188} INFO - [2026-07-02T16:48:23.230+0000] {dag.py:3947} INFO - Setting next_dagrun for example_setup_teardown_taskflow to 2026-07-01 00:00:00+00:00, run_after=2026-07-02 00:00:00+00:00
[2026-07-02T16:48:23.249+0000] {processor.py:183} INFO - Processing /usr/local/python/3.12.1/lib/python3.12/site-packages/airflow/example_dags/example_setup_teardown_taskflow.py took 0.068 seconds
[2026-07-02T16:49:10.683+0000] {processor.py:161} INFO - Started process (PID=153614) to work on /usr/local/python/3.12.1/lib/python3.12/site-packages/airflow/example_dags/example_setup_teardown_taskflow.py
[2026-07-02T16:49:10.689+0000] {processor.py:830} INFO - Processing file /usr/local/python/3.12.1/lib/python3.12/site-packages/airflow/example_dags/example_setup_teardown_taskflow.py for tasks to queue
[2026-07-02T16:49:10.692+0000] {logging_mixin.py:188} INFO - [2026-07-02T16:49:10.691+0000] {dagbag.py:545} INFO - Filling up the DagBag from /usr/local/python/3.12.1/lib/python3.12/site-packages/airflow/example_dags/example_setup_teardown_taskflow.py
[2026-07-02T16:49:10.703+0000] {processor.py:840} INFO - DAG(s) 'example_setup_teardown_taskflow' retrieved from /usr/local/python/3.12.1/lib/python3.12/site-packages/airflow/example_dags/example_setup_teardown_taskflow.py
[2026-07-02T16:49:10.720+0000] {logging_mixin.py:188} INFO - [2026-07-02T16:49:10.720+0000] {dag.py:3089} INFO - Sync 1 DAGs
[2026-07-02T16:49:10.738+0000] {logging_mixin.py:188} INFO - [2026-07-02T16:49:10.737+0000] {dag.py:3947} INFO - Setting next_dagrun for example_setup_teardown_taskflow to 2026-07-01 00:00:00+00:00, run_after=2026-07-02 00:00:00+00:00
[2026-07-02T16:49:10.754+0000] {processor.py:183} INFO - Processing /usr/local/python/3.12.1/lib/python3.12/site-packages/airflow/example_dags/example_setup_teardown_taskflow.py took 0.078 seconds
[2026-07-02T16:49:57.213+0000] {processor.py:161} INFO - Started process (PID=154195) to work on /usr/local/python/3.12.1/lib/python3.12/site-packages/airflow/example_dags/example_setup_teardown_taskflow.py
[2026-07-02T16:49:57.214+0000] {processor.py:830} INFO - Processing file /usr/local/python/3.12.1/lib/python3.12/site-packages/airflow/example_dags/example_setup_teardown_taskflow.py for tasks to queue
[2026-07-02T16:49:57.215+0000] {logging_mixin.py:188} INFO - [2026-07-02T16:49:57.215+0000] {dagbag.py:545} INFO - Filling up the DagBag from /usr/local/python/3.12.1/lib/python3.12/site-packages/airflow/example_dags/example_setup_teardown_taskflow.py
[2026-07-02T16:49:57.223+0000] {processor.py:840} INFO - DAG(s) 'example_setup_teardown_taskflow' retrieved from /usr/local/python/3.12.1/lib/python3.12/site-packages/airflow/example_dags/example_setup_teardown_taskflow.py
[2026-07-02T16:49:57.236+0000] {logging_mixin.py:188} INFO - [2026-07-02T16:49:57.236+0000] {dag.py:3089} INFO - Sync 1 DAGs
[2026-07-02T16:49:57.252+0000] {logging_mixin.py:188} INFO - [2026-07-02T16:49:57.251+0000] {dag.py:3947} INFO - Setting next_dagrun for example_setup_teardown_taskflow to 2026-07-01 00:00:00+00:00, run_after=2026-07-02 00:00:00+00:00
[2026-07-02T16:49:57.268+0000] {processor.py:183} INFO - Processing /usr/local/python/3.12.1/lib/python3.12/site-packages/airflow/example_dags/example_setup_teardown_taskflow.py took 0.060 seconds
[2026-07-02T16:50:43.851+0000] {processor.py:161} INFO - Started process (PID=154824) to work on /usr/local/python/3.12.1/lib/python3.12/site-packages/airflow/example_dags/example_setup_teardown_taskflow.py
[2026-07-02T16:50:43.852+0000] {processor.py:830} INFO - Processing file /usr/local/python/3.12.1/lib/python3.12/site-packages/airflow/example_dags/example_setup_teardown_taskflow.py for tasks to queue
[2026-07-02T16:50:43.854+0000] {logging_mixin.py:188} INFO - [2026-07-02T16:50:43.853+0000] {dagbag.py:545} INFO - Filling up the DagBag from /usr/local/python/3.12.1/lib/python3.12/site-packages/airflow/example_dags/example_setup_teardown_taskflow.py
[2026-07-02T16:50:43.862+0000] {processor.py:840} INFO - DAG(s) 'example_setup_teardown_taskflow' retrieved from /usr/local/python/3.12.1/lib/python3.12/site-packages/airflow/example_dags/example_setup_teardown_taskflow.py
[2026-07-02T16:50:43.876+0000] {logging_mixin.py:188} INFO - [2026-07-02T16:50:43.875+0000] {dag.py:3089} INFO - Sync 1 DAGs
[2026-07-02T16:50:43.895+0000] {logging_mixin.py:188} INFO - [2026-07-02T16:50:43.895+0000] {dag.py:3947} INFO - Setting next_dagrun for example_setup_teardown_taskflow to 2026-07-01 00:00:00+00:00, run_after=2026-07-02 00:00:00+00:00
[2026-07-02T16:50:43.912+0000] {processor.py:183} INFO - Processing /usr/local/python/3.12.1/lib/python3.12/site-packages/airflow/example_dags/example_setup_teardown_taskflow.py took 0.065 seconds
[2026-07-02T16:51:29.953+0000] {processor.py:161} INFO - Started process (PID=155309) to work on /usr/local/python/3.12.1/lib/python3.12/site-packages/airflow/example_dags/example_setup_teardown_taskflow.py
[2026-07-02T16:51:29.954+0000] {processor.py:830} INFO - Processing file /usr/local/python/3.12.1/lib/python3.12/site-packages/airflow/example_dags/example_setup_teardown_taskflow.py for tasks to queue
[2026-07-02T16:51:29.956+0000] {logging_mixin.py:188} INFO - [2026-07-02T16:51:29.955+0000] {dagbag.py:545} INFO - Filling up the DagBag from /usr/local/python/3.12.1/lib/python3.12/site-packages/airflow/example_dags/example_setup_teardown_taskflow.py
[2026-07-02T16:51:29.963+0000] {processor.py:840} INFO - DAG(s) 'example_setup_teardown_taskflow' retrieved from /usr/local/python/3.12.1/lib/python3.12/site-packages/airflow/example_dags/example_setup_teardown_taskflow.py
[2026-07-02T16:51:29.977+0000] {logging_mixin.py:188} INFO - [2026-07-02T16:51:29.977+0000] {dag.py:3089} INFO - Sync 1 DAGs
[2026-07-02T16:51:29.997+0000] {logging_mixin.py:188} INFO - [2026-07-02T16:51:29.997+0000] {dag.py:3947} INFO - Setting next_dagrun for example_setup_teardown_taskflow to 2026-07-01 00:00:00+00:00, run_after=2026-07-02 00:00:00+00:00
[2026-07-02T16:51:30.013+0000] {processor.py:183} INFO - Processing /usr/local/python/3.12.1/lib/python3.12/site-packages/airflow/example_dags/example_setup_teardown_taskflow.py took 0.066 seconds
[2026-07-02T16:52:12.293+0000] {processor.py:161} INFO - Started process (PID=155730) to work on /usr/local/python/3.12.1/lib/python3.12/site-packages/airflow/example_dags/example_setup_teardown_taskflow.py
[2026-07-02T16:52:12.294+0000] {processor.py:830} INFO - Processing file /usr/local/python/3.12.1/lib/python3.12/site-packages/airflow/example_dags/example_setup_teardown_taskflow.py for tasks to queue
[2026-07-02T16:52:12.295+0000] {logging_mixin.py:188} INFO - [2026-07-02T16:52:12.295+0000] {dagbag.py:545} INFO - Filling up the DagBag from /usr/local/python/3.12.1/lib/python3.12/site-packages/airflow/example_dags/example_setup_teardown_taskflow.py
[2026-07-02T16:52:12.303+0000] {processor.py:840} INFO - DAG(s) 'example_setup_teardown_taskflow' retrieved from /usr/local/python/3.12.1/lib/python3.12/site-packages/airflow/example_dags/example_setup_teardown_taskflow.py
[2026-07-02T16:52:12.317+0000] {logging_mixin.py:188} INFO - [2026-07-02T16:52:12.317+0000] {dag.py:3089} INFO - Sync 1 DAGs
[2026-07-02T16:52:12.333+0000] {logging_mixin.py:188} INFO - [2026-07-02T16:52:12.332+0000] {dag.py:3947} INFO - Setting next_dagrun for example_setup_teardown_taskflow to 2026-07-01 00:00:00+00:00, run_after=2026-07-02 00:00:00+00:00
[2026-07-02T16:52:12.349+0000] {processor.py:183} INFO - Processing /usr/local/python/3.12.1/lib/python3.12/site-packages/airflow/example_dags/example_setup_teardown_taskflow.py took 0.063 seconds
[2026-07-02T16:52:53.405+0000] {processor.py:161} INFO - Started process (PID=156173) to work on /usr/local/python/3.12.1/lib/python3.12/site-packages/airflow/example_dags/example_setup_teardown_taskflow.py
[2026-07-02T16:52:53.406+0000] {processor.py:830} INFO - Processing file /usr/local/python/3.12.1/lib/python3.12/site-packages/airflow/example_dags/example_setup_teardown_taskflow.py for tasks to queue
[2026-07-02T16:52:53.408+0000] {logging_mixin.py:188} INFO - [2026-07-02T16:52:53.408+0000] {dagbag.py:545} INFO - Filling up the DagBag from /usr/local/python/3.12.1/lib/python3.12/site-packages/airflow/example_dags/example_setup_teardown_taskflow.py
[2026-07-02T16:52:53.416+0000] {processor.py:840} INFO - DAG(s) 'example_setup_teardown_taskflow' retrieved from /usr/local/python/3.12.1/lib/python3.12/site-packages/airflow/example_dags/example_setup_teardown_taskflow.py
[2026-07-02T16:52:53.429+0000] {logging_mixin.py:188} INFO - [2026-07-02T16:52:53.429+0000] {dag.py:3089} INFO - Sync 1 DAGs
[2026-07-02T16:52:53.444+0000] {logging_mixin.py:188} INFO - [2026-07-02T16:52:53.443+0000] {dag.py:3947} INFO - Setting next_dagrun for example_setup_teardown_taskflow to 2026-07-01 00:00:00+00:00, run_after=2026-07-02 00:00:00+00:00
[2026-07-02T16:52:53.460+0000] {processor.py:183} INFO - Processing /usr/local/python/3.12.1/lib/python3.12/site-packages/airflow/example_dags/example_setup_teardown_taskflow.py took 0.061 seconds
[2026-07-02T16:53:34.528+0000] {processor.py:161} INFO - Started process (PID=156621) to work on /usr/local/python/3.12.1/lib/python3.12/site-packages/airflow/example_dags/example_setup_teardown_taskflow.py
[2026-07-02T16:53:34.529+0000] {processor.py:830} INFO - Processing file /usr/local/python/3.12.1/lib/python3.12/site-packages/airflow/example_dags/example_setup_teardown_taskflow.py for tasks to queue
[2026-07-02T16:53:34.531+0000] {logging_mixin.py:188} INFO - [2026-07-02T16:53:34.530+0000] {dagbag.py:545} INFO - Filling up the DagBag from /usr/local/python/3.12.1/lib/python3.12/site-packages/airflow/example_dags/example_setup_teardown_taskflow.py
[2026-07-02T16:53:34.538+0000] {processor.py:840} INFO - DAG(s) 'example_setup_teardown_taskflow' retrieved from /usr/local/python/3.12.1/lib/python3.12/site-packages/airflow/example_dags/example_setup_teardown_taskflow.py
[2026-07-02T16:53:34.551+0000] {logging_mixin.py:188} INFO - [2026-07-02T16:53:34.551+0000] {dag.py:3089} INFO - Sync 1 DAGs
[2026-07-02T16:53:34.567+0000] {logging_mixin.py:188} INFO - [2026-07-02T16:53:34.566+0000] {dag.py:3947} INFO - Setting next_dagrun for example_setup_teardown_taskflow to 2026-07-01 00:00:00+00:00, run_after=2026-07-02 00:00:00+00:00
[2026-07-02T16:53:34.586+0000] {processor.py:183} INFO - Processing /usr/local/python/3.12.1/lib/python3.12/site-packages/airflow/example_dags/example_setup_teardown_taskflow.py took 0.062 seconds
[2026-07-02T16:54:27.770+0000] {processor.py:161} INFO - Started process (PID=157142) to work on /usr/local/python/3.12.1/lib/python3.12/site-packages/airflow/example_dags/example_setup_teardown_taskflow.py
[2026-07-02T16:54:27.771+0000] {processor.py:830} INFO - Processing file /usr/local/python/3.12.1/lib/python3.12/site-packages/airflow/example_dags/example_setup_teardown_taskflow.py for tasks to queue
[2026-07-02T16:54:27.772+0000] {logging_mixin.py:188} INFO - [2026-07-02T16:54:27.772+0000] {dagbag.py:545} INFO - Filling up the DagBag from /usr/local/python/3.12.1/lib/python3.12/site-packages/airflow/example_dags/example_setup_teardown_taskflow.py
[2026-07-02T16:54:27.782+0000] {processor.py:840} INFO - DAG(s) 'example_setup_teardown_taskflow' retrieved from /usr/local/python/3.12.1/lib/python3.12/site-packages/airflow/example_dags/example_setup_teardown_taskflow.py
[2026-07-02T16:54:27.801+0000] {logging_mixin.py:188} INFO - [2026-07-02T16:54:27.801+0000] {dag.py:3089} INFO - Sync 1 DAGs
[2026-07-02T16:54:27.816+0000] {logging_mixin.py:188} INFO - [2026-07-02T16:54:27.816+0000] {dag.py:3947} INFO - Setting next_dagrun for example_setup_teardown_taskflow to 2026-07-01 00:00:00+00:00, run_after=2026-07-02 00:00:00+00:00
[2026-07-02T16:54:27.832+0000] {processor.py:183} INFO - Processing /usr/local/python/3.12.1/lib/python3.12/site-packages/airflow/example_dags/example_setup_teardown_taskflow.py took 0.066 seconds
[2026-07-02T16:55:07.274+0000] {processor.py:161} INFO - Started process (PID=157582) to work on /usr/local/python/3.12.1/lib/python3.12/site-packages/airflow/example_dags/example_setup_teardown_taskflow.py
[2026-07-02T16:55:07.275+0000] {processor.py:830} INFO - Processing file /usr/local/python/3.12.1/lib/python3.12/site-packages/airflow/example_dags/example_setup_teardown_taskflow.py for tasks to queue
[2026-07-02T16:55:07.276+0000] {logging_mixin.py:188} INFO - [2026-07-02T16:55:07.276+0000] {dagbag.py:545} INFO - Filling up the DagBag from /usr/local/python/3.12.1/lib/python3.12/site-packages/airflow/example_dags/example_setup_teardown_taskflow.py
[2026-07-02T16:55:07.286+0000] {processor.py:840} INFO - DAG(s) 'example_setup_teardown_taskflow' retrieved from /usr/local/python/3.12.1/lib/python3.12/site-packages/airflow/example_dags/example_setup_teardown_taskflow.py
[2026-07-02T16:55:07.303+0000] {logging_mixin.py:188} INFO - [2026-07-02T16:55:07.302+0000] {dag.py:3089} INFO - Sync 1 DAGs
[2026-07-02T16:55:07.317+0000] {logging_mixin.py:188} INFO - [2026-07-02T16:55:07.317+0000] {dag.py:3947} INFO - Setting next_dagrun for example_setup_teardown_taskflow to 2026-07-01 00:00:00+00:00, run_after=2026-07-02 00:00:00+00:00
[2026-07-02T16:55:07.334+0000] {processor.py:183} INFO - Processing /usr/local/python/3.12.1/lib/python3.12/site-packages/airflow/example_dags/example_setup_teardown_taskflow.py took 0.064 seconds
[2026-07-02T16:55:49.702+0000] {processor.py:161} INFO - Started process (PID=158032) to work on /usr/local/python/3.12.1/lib/python3.12/site-packages/airflow/example_dags/example_setup_teardown_taskflow.py
[2026-07-02T16:55:49.703+0000] {processor.py:830} INFO - Processing file /usr/local/python/3.12.1/lib/python3.12/site-packages/airflow/example_dags/example_setup_teardown_taskflow.py for tasks to queue
[2026-07-02T16:55:49.704+0000] {logging_mixin.py:188} INFO - [2026-07-02T16:55:49.704+0000] {dagbag.py:545} INFO - Filling up the DagBag from /usr/local/python/3.12.1/lib/python3.12/site-packages/airflow/example_dags/example_setup_teardown_taskflow.py
[2026-07-02T16:55:49.712+0000] {processor.py:840} INFO - DAG(s) 'example_setup_teardown_taskflow' retrieved from /usr/local/python/3.12.1/lib/python3.12/site-packages/airflow/example_dags/example_setup_teardown_taskflow.py
[2026-07-02T16:55:49.725+0000] {logging_mixin.py:188} INFO - [2026-07-02T16:55:49.725+0000] {dag.py:3089} INFO - Sync 1 DAGs
[2026-07-02T16:55:49.740+0000] {logging_mixin.py:188} INFO - [2026-07-02T16:55:49.739+0000] {dag.py:3947} INFO - Setting next_dagrun for example_setup_teardown_taskflow to 2026-07-01 00:00:00+00:00, run_after=2026-07-02 00:00:00+00:00
[2026-07-02T16:55:49.756+0000] {processor.py:183} INFO - Processing /usr/local/python/3.12.1/lib/python3.12/site-packages/airflow/example_dags/example_setup_teardown_taskflow.py took 0.059 seconds
[2026-07-02T16:56:50.249+0000] {processor.py:161} INFO - Started process (PID=158675) to work on /usr/local/python/3.12.1/lib/python3.12/site-packages/airflow/example_dags/example_setup_teardown_taskflow.py
[2026-07-02T16:56:50.250+0000] {processor.py:830} INFO - Processing file /usr/local/python/3.12.1/lib/python3.12/site-packages/airflow/example_dags/example_setup_teardown_taskflow.py for tasks to queue
[2026-07-02T16:56:50.251+0000] {logging_mixin.py:188} INFO - [2026-07-02T16:56:50.251+0000] {dagbag.py:545} INFO - Filling up the DagBag from /usr/local/python/3.12.1/lib/python3.12/site-packages/airflow/example_dags/example_setup_teardown_taskflow.py
[2026-07-02T16:56:50.259+0000] {processor.py:840} INFO - DAG(s) 'example_setup_teardown_taskflow' retrieved from /usr/local/python/3.12.1/lib/python3.12/site-packages/airflow/example_dags/example_setup_teardown_taskflow.py
[2026-07-02T16:56:50.272+0000] {logging_mixin.py:188} INFO - [2026-07-02T16:56:50.271+0000] {dag.py:3089} INFO - Sync 1 DAGs
[2026-07-02T16:56:50.291+0000] {logging_mixin.py:188} INFO - [2026-07-02T16:56:50.291+0000] {dag.py:3947} INFO - Setting next_dagrun for example_setup_teardown_taskflow to 2026-07-01 00:00:00+00:00, run_after=2026-07-02 00:00:00+00:00
[2026-07-02T16:56:50.309+0000] {processor.py:183} INFO - Processing /usr/local/python/3.12.1/lib/python3.12/site-packages/airflow/example_dags/example_setup_teardown_taskflow.py took 0.064 seconds
[2026-07-02T16:57:32.504+0000] {processor.py:161} INFO - Started process (PID=159147) to work on /usr/local/python/3.12.1/lib/python3.12/site-packages/airflow/example_dags/example_setup_teardown_taskflow.py
[2026-07-02T16:57:32.504+0000] {processor.py:830} INFO - Processing file /usr/local/python/3.12.1/lib/python3.12/site-packages/airflow/example_dags/example_setup_teardown_taskflow.py for tasks to queue
[2026-07-02T16:57:32.506+0000] {logging_mixin.py:188} INFO - [2026-07-02T16:57:32.505+0000] {dagbag.py:545} INFO - Filling up the DagBag from /usr/local/python/3.12.1/lib/python3.12/site-packages/airflow/example_dags/example_setup_teardown_taskflow.py
[2026-07-02T16:57:32.513+0000] {processor.py:840} INFO - DAG(s) 'example_setup_teardown_taskflow' retrieved from /usr/local/python/3.12.1/lib/python3.12/site-packages/airflow/example_dags/example_setup_teardown_taskflow.py
[2026-07-02T16:57:32.528+0000] {logging_mixin.py:188} INFO - [2026-07-02T16:57:32.527+0000] {dag.py:3089} INFO - Sync 1 DAGs
[2026-07-02T16:57:32.555+0000] {logging_mixin.py:188} INFO - [2026-07-02T16:57:32.555+0000] {dag.py:3947} INFO - Setting next_dagrun for example_setup_teardown_taskflow to 2026-07-01 00:00:00+00:00, run_after=2026-07-02 00:00:00+00:00
[2026-07-02T16:57:32.609+0000] {processor.py:183} INFO - Processing /usr/local/python/3.12.1/lib/python3.12/site-packages/airflow/example_dags/example_setup_teardown_taskflow.py took 0.110 seconds
[2026-07-02T16:58:14.361+0000] {processor.py:161} INFO - Started process (PID=159596) to work on /usr/local/python/3.12.1/lib/python3.12/site-packages/airflow/example_dags/example_setup_teardown_taskflow.py
[2026-07-02T16:58:14.362+0000] {processor.py:830} INFO - Processing file /usr/local/python/3.12.1/lib/python3.12/site-packages/airflow/example_dags/example_setup_teardown_taskflow.py for tasks to queue
[2026-07-02T16:58:14.363+0000] {logging_mixin.py:188} INFO - [2026-07-02T16:58:14.363+0000] {dagbag.py:545} INFO - Filling up the DagBag from /usr/local/python/3.12.1/lib/python3.12/site-packages/airflow/example_dags/example_setup_teardown_taskflow.py
[2026-07-02T16:58:14.372+0000] {processor.py:840} INFO - DAG(s) 'example_setup_teardown_taskflow' retrieved from /usr/local/python/3.12.1/lib/python3.12/site-packages/airflow/example_dags/example_setup_teardown_taskflow.py
[2026-07-02T16:58:14.407+0000] {logging_mixin.py:188} INFO - [2026-07-02T16:58:14.407+0000] {dag.py:3089} INFO - Sync 1 DAGs
[2026-07-02T16:58:14.438+0000] {logging_mixin.py:188} INFO - [2026-07-02T16:58:14.438+0000] {dag.py:3947} INFO - Setting next_dagrun for example_setup_teardown_taskflow to 2026-07-01 00:00:00+00:00, run_after=2026-07-02 00:00:00+00:00
[2026-07-02T16:58:14.456+0000] {processor.py:183} INFO - Processing /usr/local/python/3.12.1/lib/python3.12/site-packages/airflow/example_dags/example_setup_teardown_taskflow.py took 0.099 seconds
[2026-07-02T16:58:56.176+0000] {processor.py:161} INFO - Started process (PID=160017) to work on /usr/local/python/3.12.1/lib/python3.12/site-packages/airflow/example_dags/example_setup_teardown_taskflow.py
[2026-07-02T16:58:56.177+0000] {processor.py:830} INFO - Processing file /usr/local/python/3.12.1/lib/python3.12/site-packages/airflow/example_dags/example_setup_teardown_taskflow.py for tasks to queue
[2026-07-02T16:58:56.182+0000] {logging_mixin.py:188} INFO - [2026-07-02T16:58:56.181+0000] {dagbag.py:545} INFO - Filling up the DagBag from /usr/local/python/3.12.1/lib/python3.12/site-packages/airflow/example_dags/example_setup_teardown_taskflow.py
[2026-07-02T16:58:56.205+0000] {processor.py:840} INFO - DAG(s) 'example_setup_teardown_taskflow' retrieved from /usr/local/python/3.12.1/lib/python3.12/site-packages/airflow/example_dags/example_setup_teardown_taskflow.py
[2026-07-02T16:58:56.229+0000] {logging_mixin.py:188} INFO - [2026-07-02T16:58:56.229+0000] {dag.py:3089} INFO - Sync 1 DAGs
[2026-07-02T16:58:56.256+0000] {logging_mixin.py:188} INFO - [2026-07-02T16:58:56.256+0000] {dag.py:3947} INFO - Setting next_dagrun for example_setup_teardown_taskflow to 2026-07-01 00:00:00+00:00, run_after=2026-07-02 00:00:00+00:00
[2026-07-02T16:58:56.279+0000] {processor.py:183} INFO - Processing /usr/local/python/3.12.1/lib/python3.12/site-packages/airflow/example_dags/example_setup_teardown_taskflow.py took 0.110 seconds
[2026-07-02T16:59:56.985+0000] {processor.py:161} INFO - Started process (PID=160651) to work on /usr/local/python/3.12.1/lib/python3.12/site-packages/airflow/example_dags/example_setup_teardown_taskflow.py
[2026-07-02T16:59:56.986+0000] {processor.py:830} INFO - Processing file /usr/local/python/3.12.1/lib/python3.12/site-packages/airflow/example_dags/example_setup_teardown_taskflow.py for tasks to queue
[2026-07-02T16:59:56.989+0000] {logging_mixin.py:188} INFO - [2026-07-02T16:59:56.988+0000] {dagbag.py:545} INFO - Filling up the DagBag from /usr/local/python/3.12.1/lib/python3.12/site-packages/airflow/example_dags/example_setup_teardown_taskflow.py
[2026-07-02T16:59:56.999+0000] {processor.py:840} INFO - DAG(s) 'example_setup_teardown_taskflow' retrieved from /usr/local/python/3.12.1/lib/python3.12/site-packages/airflow/example_dags/example_setup_teardown_taskflow.py
[2026-07-02T16:59:57.014+0000] {logging_mixin.py:188} INFO - [2026-07-02T16:59:57.014+0000] {dag.py:3089} INFO - Sync 1 DAGs
[2026-07-02T16:59:57.030+0000] {logging_mixin.py:188} INFO - [2026-07-02T16:59:57.030+0000] {dag.py:3947} INFO - Setting next_dagrun for example_setup_teardown_taskflow to 2026-07-01 00:00:00+00:00, run_after=2026-07-02 00:00:00+00:00
[2026-07-02T16:59:57.047+0000] {processor.py:183} INFO - Processing /usr/local/python/3.12.1/lib/python3.12/site-packages/airflow/example_dags/example_setup_teardown_taskflow.py took 0.069 seconds
[2026-07-02T17:00:38.828+0000] {processor.py:161} INFO - Started process (PID=161116) to work on /usr/local/python/3.12.1/lib/python3.12/site-packages/airflow/example_dags/example_setup_teardown_taskflow.py
[2026-07-02T17:00:38.829+0000] {processor.py:830} INFO - Processing file /usr/local/python/3.12.1/lib/python3.12/site-packages/airflow/example_dags/example_setup_teardown_taskflow.py for tasks to queue
[2026-07-02T17:00:38.830+0000] {logging_mixin.py:188} INFO - [2026-07-02T17:00:38.830+0000] {dagbag.py:545} INFO - Filling up the DagBag from /usr/local/python/3.12.1/lib/python3.12/site-packages/airflow/example_dags/example_setup_teardown_taskflow.py
[2026-07-02T17:00:38.837+0000] {processor.py:840} INFO - DAG(s) 'example_setup_teardown_taskflow' retrieved from /usr/local/python/3.12.1/lib/python3.12/site-packages/airflow/example_dags/example_setup_teardown_taskflow.py
[2026-07-02T17:00:38.851+0000] {logging_mixin.py:188} INFO - [2026-07-02T17:00:38.851+0000] {dag.py:3089} INFO - Sync 1 DAGs
[2026-07-02T17:00:38.867+0000] {logging_mixin.py:188} INFO - [2026-07-02T17:00:38.867+0000] {dag.py:3947} INFO - Setting next_dagrun for example_setup_teardown_taskflow to 2026-07-01 00:00:00+00:00, run_after=2026-07-02 00:00:00+00:00
[2026-07-02T17:00:38.889+0000] {processor.py:183} INFO - Processing /usr/local/python/3.12.1/lib/python3.12/site-packages/airflow/example_dags/example_setup_teardown_taskflow.py took 0.066 seconds
[2026-07-02T17:01:39.672+0000] {processor.py:161} INFO - Started process (PID=161783) to work on /usr/local/python/3.12.1/lib/python3.12/site-packages/airflow/example_dags/example_setup_teardown_taskflow.py
[2026-07-02T17:01:39.673+0000] {processor.py:830} INFO - Processing file /usr/local/python/3.12.1/lib/python3.12/site-packages/airflow/example_dags/example_setup_teardown_taskflow.py for tasks to queue
[2026-07-02T17:01:39.675+0000] {logging_mixin.py:188} INFO - [2026-07-02T17:01:39.675+0000] {dagbag.py:545} INFO - Filling up the DagBag from /usr/local/python/3.12.1/lib/python3.12/site-packages/airflow/example_dags/example_setup_teardown_taskflow.py
[2026-07-02T17:01:39.686+0000] {processor.py:840} INFO - DAG(s) 'example_setup_teardown_taskflow' retrieved from /usr/local/python/3.12.1/lib/python3.12/site-packages/airflow/example_dags/example_setup_teardown_taskflow.py
[2026-07-02T17:01:39.702+0000] {logging_mixin.py:188} INFO - [2026-07-02T17:01:39.702+0000] {dag.py:3089} INFO - Sync 1 DAGs
[2026-07-02T17:01:39.719+0000] {logging_mixin.py:188} INFO - [2026-07-02T17:01:39.719+0000] {dag.py:3947} INFO - Setting next_dagrun for example_setup_teardown_taskflow to 2026-07-01 00:00:00+00:00, run_after=2026-07-02 00:00:00+00:00
[2026-07-02T17:01:39.736+0000] {processor.py:183} INFO - Processing /usr/local/python/3.12.1/lib/python3.12/site-packages/airflow/example_dags/example_setup_teardown_taskflow.py took 0.068 seconds
[2026-07-02T17:02:23.153+0000] {processor.py:161} INFO - Started process (PID=162241) to work on /usr/local/python/3.12.1/lib/python3.12/site-packages/airflow/example_dags/example_setup_teardown_taskflow.py
[2026-07-02T17:02:23.154+0000] {processor.py:830} INFO - Processing file /usr/local/python/3.12.1/lib/python3.12/site-packages/airflow/example_dags/example_setup_teardown_taskflow.py for tasks to queue
[2026-07-02T17:02:23.155+0000] {logging_mixin.py:188} INFO - [2026-07-02T17:02:23.155+0000] {dagbag.py:545} INFO - Filling up the DagBag from /usr/local/python/3.12.1/lib/python3.12/site-packages/airflow/example_dags/example_setup_teardown_taskflow.py
[2026-07-02T17:02:23.163+0000] {processor.py:840} INFO - DAG(s) 'example_setup_teardown_taskflow' retrieved from /usr/local/python/3.12.1/lib/python3.12/site-packages/airflow/example_dags/example_setup_teardown_taskflow.py
[2026-07-02T17:02:23.177+0000] {logging_mixin.py:188} INFO - [2026-07-02T17:02:23.177+0000] {dag.py:3089} INFO - Sync 1 DAGs
[2026-07-02T17:02:23.193+0000] {logging_mixin.py:188} INFO - [2026-07-02T17:02:23.192+0000] {dag.py:3947} INFO - Setting next_dagrun for example_setup_teardown_taskflow to 2026-07-01 00:00:00+00:00, run_after=2026-07-02 00:00:00+00:00
[2026-07-02T17:02:23.216+0000] {processor.py:183} INFO - Processing /usr/local/python/3.12.1/lib/python3.12/site-packages/airflow/example_dags/example_setup_teardown_taskflow.py took 0.068 seconds
[2026-07-02T17:03:07.384+0000] {processor.py:161} INFO - Started process (PID=162697) to work on /usr/local/python/3.12.1/lib/python3.12/site-packages/airflow/example_dags/example_setup_teardown_taskflow.py
[2026-07-02T17:03:07.385+0000] {processor.py:830} INFO - Processing file /usr/local/python/3.12.1/lib/python3.12/site-packages/airflow/example_dags/example_setup_teardown_taskflow.py for tasks to queue
[2026-07-02T17:03:07.388+0000] {logging_mixin.py:188} INFO - [2026-07-02T17:03:07.387+0000] {dagbag.py:545} INFO - Filling up the DagBag from /usr/local/python/3.12.1/lib/python3.12/site-packages/airflow/example_dags/example_setup_teardown_taskflow.py
[2026-07-02T17:03:07.399+0000] {processor.py:840} INFO - DAG(s) 'example_setup_teardown_taskflow' retrieved from /usr/local/python/3.12.1/lib/python3.12/site-packages/airflow/example_dags/example_setup_teardown_taskflow.py
[2026-07-02T17:03:07.419+0000] {logging_mixin.py:188} INFO - [2026-07-02T17:03:07.418+0000] {dag.py:3089} INFO - Sync 1 DAGs
[2026-07-02T17:03:07.440+0000] {logging_mixin.py:188} INFO - [2026-07-02T17:03:07.440+0000] {dag.py:3947} INFO - Setting next_dagrun for example_setup_teardown_taskflow to 2026-07-01 00:00:00+00:00, run_after=2026-07-02 00:00:00+00:00
[2026-07-02T17:03:07.463+0000] {processor.py:183} INFO - Processing /usr/local/python/3.12.1/lib/python3.12/site-packages/airflow/example_dags/example_setup_teardown_taskflow.py took 0.085 seconds
[2026-07-02T17:03:49.414+0000] {processor.py:161} INFO - Started process (PID=163121) to work on /usr/local/python/3.12.1/lib/python3.12/site-packages/airflow/example_dags/example_setup_teardown_taskflow.py
[2026-07-02T17:03:49.415+0000] {processor.py:830} INFO - Processing file /usr/local/python/3.12.1/lib/python3.12/site-packages/airflow/example_dags/example_setup_teardown_taskflow.py for tasks to queue
[2026-07-02T17:03:49.416+0000] {logging_mixin.py:188} INFO - [2026-07-02T17:03:49.416+0000] {dagbag.py:545} INFO - Filling up the DagBag from /usr/local/python/3.12.1/lib/python3.12/site-packages/airflow/example_dags/example_setup_teardown_taskflow.py
[2026-07-02T17:03:49.424+0000] {processor.py:840} INFO - DAG(s) 'example_setup_teardown_taskflow' retrieved from /usr/local/python/3.12.1/lib/python3.12/site-packages/airflow/example_dags/example_setup_teardown_taskflow.py
[2026-07-02T17:03:49.437+0000] {logging_mixin.py:188} INFO - [2026-07-02T17:03:49.437+0000] {dag.py:3089} INFO - Sync 1 DAGs
[2026-07-02T17:03:49.452+0000] {logging_mixin.py:188} INFO - [2026-07-02T17:03:49.452+0000] {dag.py:3947} INFO - Setting next_dagrun for example_setup_teardown_taskflow to 2026-07-01 00:00:00+00:00, run_after=2026-07-02 00:00:00+00:00
[2026-07-02T17:03:49.469+0000] {processor.py:183} INFO - Processing /usr/local/python/3.12.1/lib/python3.12/site-packages/airflow/example_dags/example_setup_teardown_taskflow.py took 0.060 seconds
[2026-07-02T17:04:32.526+0000] {processor.py:161} INFO - Started process (PID=163635) to work on /usr/local/python/3.12.1/lib/python3.12/site-packages/airflow/example_dags/example_setup_teardown_taskflow.py
[2026-07-02T17:04:32.526+0000] {processor.py:830} INFO - Processing file /usr/local/python/3.12.1/lib/python3.12/site-packages/airflow/example_dags/example_setup_teardown_taskflow.py for tasks to queue
[2026-07-02T17:04:32.528+0000] {logging_mixin.py:188} INFO - [2026-07-02T17:04:32.528+0000] {dagbag.py:545} INFO - Filling up the DagBag from /usr/local/python/3.12.1/lib/python3.12/site-packages/airflow/example_dags/example_setup_teardown_taskflow.py
[2026-07-02T17:04:32.536+0000] {processor.py:840} INFO - DAG(s) 'example_setup_teardown_taskflow' retrieved from /usr/local/python/3.12.1/lib/python3.12/site-packages/airflow/example_dags/example_setup_teardown_taskflow.py
[2026-07-02T17:04:32.550+0000] {logging_mixin.py:188} INFO - [2026-07-02T17:04:32.550+0000] {dag.py:3089} INFO - Sync 1 DAGs
[2026-07-02T17:04:32.566+0000] {logging_mixin.py:188} INFO - [2026-07-02T17:04:32.565+0000] {dag.py:3947} INFO - Setting next_dagrun for example_setup_teardown_taskflow to 2026-07-01 00:00:00+00:00, run_after=2026-07-02 00:00:00+00:00
[2026-07-02T17:04:32.583+0000] {processor.py:183} INFO - Processing /usr/local/python/3.12.1/lib/python3.12/site-packages/airflow/example_dags/example_setup_teardown_taskflow.py took 0.062 seconds
[2026-07-02T17:05:14.108+0000] {processor.py:161} INFO - Started process (PID=164065) to work on /usr/local/python/3.12.1/lib/python3.12/site-packages/airflow/example_dags/example_setup_teardown_taskflow.py
[2026-07-02T17:05:14.109+0000] {processor.py:830} INFO - Processing file /usr/local/python/3.12.1/lib/python3.12/site-packages/airflow/example_dags/example_setup_teardown_taskflow.py for tasks to queue
[2026-07-02T17:05:14.110+0000] {logging_mixin.py:188} INFO - [2026-07-02T17:05:14.110+0000] {dagbag.py:545} INFO - Filling up the DagBag from /usr/local/python/3.12.1/lib/python3.12/site-packages/airflow/example_dags/example_setup_teardown_taskflow.py
[2026-07-02T17:05:14.118+0000] {processor.py:840} INFO - DAG(s) 'example_setup_teardown_taskflow' retrieved from /usr/local/python/3.12.1/lib/python3.12/site-packages/airflow/example_dags/example_setup_teardown_taskflow.py
[2026-07-02T17:05:14.132+0000] {logging_mixin.py:188} INFO - [2026-07-02T17:05:14.132+0000] {dag.py:3089} INFO - Sync 1 DAGs
[2026-07-02T17:05:14.147+0000] {logging_mixin.py:188} INFO - [2026-07-02T17:05:14.147+0000] {dag.py:3947} INFO - Setting next_dagrun for example_setup_teardown_taskflow to 2026-07-01 00:00:00+00:00, run_after=2026-07-02 00:00:00+00:00
[2026-07-02T17:05:14.163+0000] {processor.py:183} INFO - Processing /usr/local/python/3.12.1/lib/python3.12/site-packages/airflow/example_dags/example_setup_teardown_taskflow.py took 0.060 seconds
[2026-07-02T17:05:57.362+0000] {processor.py:161} INFO - Started process (PID=164481) to work on /usr/local/python/3.12.1/lib/python3.12/site-packages/airflow/example_dags/example_setup_teardown_taskflow.py
[2026-07-02T17:05:57.363+0000] {processor.py:830} INFO - Processing file /usr/local/python/3.12.1/lib/python3.12/site-packages/airflow/example_dags/example_setup_teardown_taskflow.py for tasks to queue
[2026-07-02T17:05:57.365+0000] {logging_mixin.py:188} INFO - [2026-07-02T17:05:57.364+0000] {dagbag.py:545} INFO - Filling up the DagBag from /usr/local/python/3.12.1/lib/python3.12/site-packages/airflow/example_dags/example_setup_teardown_taskflow.py
[2026-07-02T17:05:57.372+0000] {processor.py:840} INFO - DAG(s) 'example_setup_teardown_taskflow' retrieved from /usr/local/python/3.12.1/lib/python3.12/site-packages/airflow/example_dags/example_setup_teardown_taskflow.py
[2026-07-02T17:05:57.391+0000] {logging_mixin.py:188} INFO - [2026-07-02T17:05:57.390+0000] {dag.py:3089} INFO - Sync 1 DAGs
[2026-07-02T17:05:57.407+0000] {logging_mixin.py:188} INFO - [2026-07-02T17:05:57.407+0000] {dag.py:3947} INFO - Setting next_dagrun for example_setup_teardown_taskflow to 2026-07-01 00:00:00+00:00, run_after=2026-07-02 00:00:00+00:00
[2026-07-02T17:05:57.425+0000] {processor.py:183} INFO - Processing /usr/local/python/3.12.1/lib/python3.12/site-packages/airflow/example_dags/example_setup_teardown_taskflow.py took 0.068 seconds
[2026-07-02T17:06:39.616+0000] {processor.py:161} INFO - Started process (PID=164931) to work on /usr/local/python/3.12.1/lib/python3.12/site-packages/airflow/example_dags/example_setup_teardown_taskflow.py
[2026-07-02T17:06:39.617+0000] {processor.py:830} INFO - Processing file /usr/local/python/3.12.1/lib/python3.12/site-packages/airflow/example_dags/example_setup_teardown_taskflow.py for tasks to queue
[2026-07-02T17:06:39.619+0000] {logging_mixin.py:188} INFO - [2026-07-02T17:06:39.618+0000] {dagbag.py:545} INFO - Filling up the DagBag from /usr/local/python/3.12.1/lib/python3.12/site-packages/airflow/example_dags/example_setup_teardown_taskflow.py
[2026-07-02T17:06:39.626+0000] {processor.py:840} INFO - DAG(s) 'example_setup_teardown_taskflow' retrieved from /usr/local/python/3.12.1/lib/python3.12/site-packages/airflow/example_dags/example_setup_teardown_taskflow.py
[2026-07-02T17:06:39.639+0000] {logging_mixin.py:188} INFO - [2026-07-02T17:06:39.639+0000] {dag.py:3089} INFO - Sync 1 DAGs
[2026-07-02T17:06:39.654+0000] {logging_mixin.py:188} INFO - [2026-07-02T17:06:39.654+0000] {dag.py:3947} INFO - Setting next_dagrun for example_setup_teardown_taskflow to 2026-07-01 00:00:00+00:00, run_after=2026-07-02 00:00:00+00:00
[2026-07-02T17:06:39.670+0000] {processor.py:183} INFO - Processing /usr/local/python/3.12.1/lib/python3.12/site-packages/airflow/example_dags/example_setup_teardown_taskflow.py took 0.059 seconds
[2026-07-02T17:07:21.335+0000] {processor.py:161} INFO - Started process (PID=165400) to work on /usr/local/python/3.12.1/lib/python3.12/site-packages/airflow/example_dags/example_setup_teardown_taskflow.py
[2026-07-02T17:07:21.336+0000] {processor.py:830} INFO - Processing file /usr/local/python/3.12.1/lib/python3.12/site-packages/airflow/example_dags/example_setup_teardown_taskflow.py for tasks to queue
[2026-07-02T17:07:21.337+0000] {logging_mixin.py:188} INFO - [2026-07-02T17:07:21.337+0000] {dagbag.py:545} INFO - Filling up the DagBag from /usr/local/python/3.12.1/lib/python3.12/site-packages/airflow/example_dags/example_setup_teardown_taskflow.py
[2026-07-02T17:07:21.344+0000] {processor.py:840} INFO - DAG(s) 'example_setup_teardown_taskflow' retrieved from /usr/local/python/3.12.1/lib/python3.12/site-packages/airflow/example_dags/example_setup_teardown_taskflow.py
[2026-07-02T17:07:21.358+0000] {logging_mixin.py:188} INFO - [2026-07-02T17:07:21.358+0000] {dag.py:3089} INFO - Sync 1 DAGs
[2026-07-02T17:07:21.373+0000] {logging_mixin.py:188} INFO - [2026-07-02T17:07:21.373+0000] {dag.py:3947} INFO - Setting next_dagrun for example_setup_teardown_taskflow to 2026-07-01 00:00:00+00:00, run_after=2026-07-02 00:00:00+00:00
[2026-07-02T17:07:21.393+0000] {processor.py:183} INFO - Processing /usr/local/python/3.12.1/lib/python3.12/site-packages/airflow/example_dags/example_setup_teardown_taskflow.py took 0.063 seconds
[2026-07-02T17:08:04.487+0000] {processor.py:161} INFO - Started process (PID=165875) to work on /usr/local/python/3.12.1/lib/python3.12/site-packages/airflow/example_dags/example_setup_teardown_taskflow.py
[2026-07-02T17:08:04.488+0000] {processor.py:830} INFO - Processing file /usr/local/python/3.12.1/lib/python3.12/site-packages/airflow/example_dags/example_setup_teardown_taskflow.py for tasks to queue
[2026-07-02T17:08:04.490+0000] {logging_mixin.py:188} INFO - [2026-07-02T17:08:04.490+0000] {dagbag.py:545} INFO - Filling up the DagBag from /usr/local/python/3.12.1/lib/python3.12/site-packages/airflow/example_dags/example_setup_teardown_taskflow.py
[2026-07-02T17:08:04.499+0000] {processor.py:840} INFO - DAG(s) 'example_setup_teardown_taskflow' retrieved from /usr/local/python/3.12.1/lib/python3.12/site-packages/airflow/example_dags/example_setup_teardown_taskflow.py
[2026-07-02T17:08:04.513+0000] {logging_mixin.py:188} INFO - [2026-07-02T17:08:04.513+0000] {dag.py:3089} INFO - Sync 1 DAGs
[2026-07-02T17:08:04.528+0000] {logging_mixin.py:188} INFO - [2026-07-02T17:08:04.528+0000] {dag.py:3947} INFO - Setting next_dagrun for example_setup_teardown_taskflow to 2026-07-01 00:00:00+00:00, run_after=2026-07-02 00:00:00+00:00
[2026-07-02T17:08:04.547+0000] {processor.py:183} INFO - Processing /usr/local/python/3.12.1/lib/python3.12/site-packages/airflow/example_dags/example_setup_teardown_taskflow.py took 0.067 seconds
[2026-07-02T17:08:49.476+0000] {processor.py:161} INFO - Started process (PID=166316) to work on /usr/local/python/3.12.1/lib/python3.12/site-packages/airflow/example_dags/example_setup_teardown_taskflow.py
[2026-07-02T17:08:49.477+0000] {processor.py:830} INFO - Processing file /usr/local/python/3.12.1/lib/python3.12/site-packages/airflow/example_dags/example_setup_teardown_taskflow.py for tasks to queue
[2026-07-02T17:08:49.479+0000] {logging_mixin.py:188} INFO - [2026-07-02T17:08:49.478+0000] {dagbag.py:545} INFO - Filling up the DagBag from /usr/local/python/3.12.1/lib/python3.12/site-packages/airflow/example_dags/example_setup_teardown_taskflow.py
[2026-07-02T17:08:49.488+0000] {processor.py:840} INFO - DAG(s) 'example_setup_teardown_taskflow' retrieved from /usr/local/python/3.12.1/lib/python3.12/site-packages/airflow/example_dags/example_setup_teardown_taskflow.py
[2026-07-02T17:08:49.503+0000] {logging_mixin.py:188} INFO - [2026-07-02T17:08:49.503+0000] {dag.py:3089} INFO - Sync 1 DAGs
[2026-07-02T17:08:49.519+0000] {logging_mixin.py:188} INFO - [2026-07-02T17:08:49.519+0000] {dag.py:3947} INFO - Setting next_dagrun for example_setup_teardown_taskflow to 2026-07-01 00:00:00+00:00, run_after=2026-07-02 00:00:00+00:00
[2026-07-02T17:08:49.535+0000] {processor.py:183} INFO - Processing /usr/local/python/3.12.1/lib/python3.12/site-packages/airflow/example_dags/example_setup_teardown_taskflow.py took 0.064 seconds
[2026-07-02T17:09:34.758+0000] {processor.py:161} INFO - Started process (PID=166791) to work on /usr/local/python/3.12.1/lib/python3.12/site-packages/airflow/example_dags/example_setup_teardown_taskflow.py
[2026-07-02T17:09:34.759+0000] {processor.py:830} INFO - Processing file /usr/local/python/3.12.1/lib/python3.12/site-packages/airflow/example_dags/example_setup_teardown_taskflow.py for tasks to queue
[2026-07-02T17:09:34.760+0000] {logging_mixin.py:188} INFO - [2026-07-02T17:09:34.760+0000] {dagbag.py:545} INFO - Filling up the DagBag from /usr/local/python/3.12.1/lib/python3.12/site-packages/airflow/example_dags/example_setup_teardown_taskflow.py
[2026-07-02T17:09:34.768+0000] {processor.py:840} INFO - DAG(s) 'example_setup_teardown_taskflow' retrieved from /usr/local/python/3.12.1/lib/python3.12/site-packages/airflow/example_dags/example_setup_teardown_taskflow.py
[2026-07-02T17:09:34.785+0000] {logging_mixin.py:188} INFO - [2026-07-02T17:09:34.785+0000] {dag.py:3089} INFO - Sync 1 DAGs
[2026-07-02T17:09:34.809+0000] {logging_mixin.py:188} INFO - [2026-07-02T17:09:34.809+0000] {dag.py:3947} INFO - Setting next_dagrun for example_setup_teardown_taskflow to 2026-07-01 00:00:00+00:00, run_after=2026-07-02 00:00:00+00:00
[2026-07-02T17:09:34.826+0000] {processor.py:183} INFO - Processing /usr/local/python/3.12.1/lib/python3.12/site-packages/airflow/example_dags/example_setup_teardown_taskflow.py took 0.073 seconds
[2026-07-02T17:10:21.377+0000] {processor.py:161} INFO - Started process (PID=167303) to work on /usr/local/python/3.12.1/lib/python3.12/site-packages/airflow/example_dags/example_setup_teardown_taskflow.py
[2026-07-02T17:10:21.377+0000] {processor.py:830} INFO - Processing file /usr/local/python/3.12.1/lib/python3.12/site-packages/airflow/example_dags/example_setup_teardown_taskflow.py for tasks to queue
[2026-07-02T17:10:21.379+0000] {logging_mixin.py:188} INFO - [2026-07-02T17:10:21.379+0000] {dagbag.py:545} INFO - Filling up the DagBag from /usr/local/python/3.12.1/lib/python3.12/site-packages/airflow/example_dags/example_setup_teardown_taskflow.py
[2026-07-02T17:10:21.390+0000] {processor.py:840} INFO - DAG(s) 'example_setup_teardown_taskflow' retrieved from /usr/local/python/3.12.1/lib/python3.12/site-packages/airflow/example_dags/example_setup_teardown_taskflow.py
[2026-07-02T17:10:21.406+0000] {logging_mixin.py:188} INFO - [2026-07-02T17:10:21.405+0000] {dag.py:3089} INFO - Sync 1 DAGs
[2026-07-02T17:10:21.522+0000] {logging_mixin.py:188} INFO - [2026-07-02T17:10:21.522+0000] {dag.py:3947} INFO - Setting next_dagrun for example_setup_teardown_taskflow to 2026-07-01 00:00:00+00:00, run_after=2026-07-02 00:00:00+00:00
[2026-07-02T17:10:21.539+0000] {processor.py:183} INFO - Processing /usr/local/python/3.12.1/lib/python3.12/site-packages/airflow/example_dags/example_setup_teardown_taskflow.py took 0.168 seconds
[2026-07-02T17:11:07.234+0000] {processor.py:161} INFO - Started process (PID=167777) to work on /usr/local/python/3.12.1/lib/python3.12/site-packages/airflow/example_dags/example_setup_teardown_taskflow.py
[2026-07-02T17:11:07.235+0000] {processor.py:830} INFO - Processing file /usr/local/python/3.12.1/lib/python3.12/site-packages/airflow/example_dags/example_setup_teardown_taskflow.py for tasks to queue
[2026-07-02T17:11:07.236+0000] {logging_mixin.py:188} INFO - [2026-07-02T17:11:07.236+0000] {dagbag.py:545} INFO - Filling up the DagBag from /usr/local/python/3.12.1/lib/python3.12/site-packages/airflow/example_dags/example_setup_teardown_taskflow.py
[2026-07-02T17:11:07.244+0000] {processor.py:840} INFO - DAG(s) 'example_setup_teardown_taskflow' retrieved from /usr/local/python/3.12.1/lib/python3.12/site-packages/airflow/example_dags/example_setup_teardown_taskflow.py
[2026-07-02T17:11:07.260+0000] {logging_mixin.py:188} INFO - [2026-07-02T17:11:07.259+0000] {dag.py:3089} INFO - Sync 1 DAGs
[2026-07-02T17:11:07.275+0000] {logging_mixin.py:188} INFO - [2026-07-02T17:11:07.275+0000] {dag.py:3947} INFO - Setting next_dagrun for example_setup_teardown_taskflow to 2026-07-01 00:00:00+00:00, run_after=2026-07-02 00:00:00+00:00
[2026-07-02T17:11:07.297+0000] {processor.py:183} INFO - Processing /usr/local/python/3.12.1/lib/python3.12/site-packages/airflow/example_dags/example_setup_teardown_taskflow.py took 0.069 seconds
[2026-07-02T17:11:52.142+0000] {processor.py:161} INFO - Started process (PID=168254) to work on /usr/local/python/3.12.1/lib/python3.12/site-packages/airflow/example_dags/example_setup_teardown_taskflow.py
[2026-07-02T17:11:52.143+0000] {processor.py:830} INFO - Processing file /usr/local/python/3.12.1/lib/python3.12/site-packages/airflow/example_dags/example_setup_teardown_taskflow.py for tasks to queue
[2026-07-02T17:11:52.145+0000] {logging_mixin.py:188} INFO - [2026-07-02T17:11:52.145+0000] {dagbag.py:545} INFO - Filling up the DagBag from /usr/local/python/3.12.1/lib/python3.12/site-packages/airflow/example_dags/example_setup_teardown_taskflow.py
[2026-07-02T17:11:52.152+0000] {processor.py:840} INFO - DAG(s) 'example_setup_teardown_taskflow' retrieved from /usr/local/python/3.12.1/lib/python3.12/site-packages/airflow/example_dags/example_setup_teardown_taskflow.py
[2026-07-02T17:11:52.166+0000] {logging_mixin.py:188} INFO - [2026-07-02T17:11:52.166+0000] {dag.py:3089} INFO - Sync 1 DAGs
[2026-07-02T17:11:52.184+0000] {logging_mixin.py:188} INFO - [2026-07-02T17:11:52.184+0000] {dag.py:3947} INFO - Setting next_dagrun for example_setup_teardown_taskflow to 2026-07-01 00:00:00+00:00, run_after=2026-07-02 00:00:00+00:00
[2026-07-02T17:11:52.202+0000] {processor.py:183} INFO - Processing /usr/local/python/3.12.1/lib/python3.12/site-packages/airflow/example_dags/example_setup_teardown_taskflow.py took 0.064 seconds
[2026-07-02T17:12:35.497+0000] {processor.py:161} INFO - Started process (PID=168730) to work on /usr/local/python/3.12.1/lib/python3.12/site-packages/airflow/example_dags/example_setup_teardown_taskflow.py
[2026-07-02T17:12:35.498+0000] {processor.py:830} INFO - Processing file /usr/local/python/3.12.1/lib/python3.12/site-packages/airflow/example_dags/example_setup_teardown_taskflow.py for tasks to queue
[2026-07-02T17:12:35.499+0000] {logging_mixin.py:188} INFO - [2026-07-02T17:12:35.499+0000] {dagbag.py:545} INFO - Filling up the DagBag from /usr/local/python/3.12.1/lib/python3.12/site-packages/airflow/example_dags/example_setup_teardown_taskflow.py
[2026-07-02T17:12:35.507+0000] {processor.py:840} INFO - DAG(s) 'example_setup_teardown_taskflow' retrieved from /usr/local/python/3.12.1/lib/python3.12/site-packages/airflow/example_dags/example_setup_teardown_taskflow.py
[2026-07-02T17:12:35.520+0000] {logging_mixin.py:188} INFO - [2026-07-02T17:12:35.520+0000] {dag.py:3089} INFO - Sync 1 DAGs
[2026-07-02T17:12:35.537+0000] {logging_mixin.py:188} INFO - [2026-07-02T17:12:35.537+0000] {dag.py:3947} INFO - Setting next_dagrun for example_setup_teardown_taskflow to 2026-07-01 00:00:00+00:00, run_after=2026-07-02 00:00:00+00:00
[2026-07-02T17:12:35.554+0000] {processor.py:183} INFO - Processing /usr/local/python/3.12.1/lib/python3.12/site-packages/airflow/example_dags/example_setup_teardown_taskflow.py took 0.062 seconds
[2026-07-02T17:13:15.934+0000] {processor.py:161} INFO - Started process (PID=169181) to work on /usr/local/python/3.12.1/lib/python3.12/site-packages/airflow/example_dags/example_setup_teardown_taskflow.py
[2026-07-02T17:13:15.935+0000] {processor.py:830} INFO - Processing file /usr/local/python/3.12.1/lib/python3.12/site-packages/airflow/example_dags/example_setup_teardown_taskflow.py for tasks to queue
[2026-07-02T17:13:15.937+0000] {logging_mixin.py:188} INFO - [2026-07-02T17:13:15.936+0000] {dagbag.py:545} INFO - Filling up the DagBag from /usr/local/python/3.12.1/lib/python3.12/site-packages/airflow/example_dags/example_setup_teardown_taskflow.py
[2026-07-02T17:13:15.944+0000] {processor.py:840} INFO - DAG(s) 'example_setup_teardown_taskflow' retrieved from /usr/local/python/3.12.1/lib/python3.12/site-packages/airflow/example_dags/example_setup_teardown_taskflow.py
[2026-07-02T17:13:15.958+0000] {logging_mixin.py:188} INFO - [2026-07-02T17:13:15.958+0000] {dag.py:3089} INFO - Sync 1 DAGs
[2026-07-02T17:13:15.983+0000] {logging_mixin.py:188} INFO - [2026-07-02T17:13:15.982+0000] {dag.py:3947} INFO - Setting next_dagrun for example_setup_teardown_taskflow to 2026-07-01 00:00:00+00:00, run_after=2026-07-02 00:00:00+00:00
[2026-07-02T17:13:16.017+0000] {processor.py:183} INFO - Processing /usr/local/python/3.12.1/lib/python3.12/site-packages/airflow/example_dags/example_setup_teardown_taskflow.py took 0.087 seconds
[2026-07-02T17:13:57.236+0000] {processor.py:161} INFO - Started process (PID=169575) to work on /usr/local/python/3.12.1/lib/python3.12/site-packages/airflow/example_dags/example_setup_teardown_taskflow.py
[2026-07-02T17:13:57.237+0000] {processor.py:830} INFO - Processing file /usr/local/python/3.12.1/lib/python3.12/site-packages/airflow/example_dags/example_setup_teardown_taskflow.py for tasks to queue
[2026-07-02T17:13:57.239+0000] {logging_mixin.py:188} INFO - [2026-07-02T17:13:57.238+0000] {dagbag.py:545} INFO - Filling up the DagBag from /usr/local/python/3.12.1/lib/python3.12/site-packages/airflow/example_dags/example_setup_teardown_taskflow.py
[2026-07-02T17:13:57.246+0000] {processor.py:840} INFO - DAG(s) 'example_setup_teardown_taskflow' retrieved from /usr/local/python/3.12.1/lib/python3.12/site-packages/airflow/example_dags/example_setup_teardown_taskflow.py
[2026-07-02T17:13:57.260+0000] {logging_mixin.py:188} INFO - [2026-07-02T17:13:57.260+0000] {dag.py:3089} INFO - Sync 1 DAGs
[2026-07-02T17:13:57.278+0000] {logging_mixin.py:188} INFO - [2026-07-02T17:13:57.278+0000] {dag.py:3947} INFO - Setting next_dagrun for example_setup_teardown_taskflow to 2026-07-01 00:00:00+00:00, run_after=2026-07-02 00:00:00+00:00
[2026-07-02T17:13:57.301+0000] {processor.py:183} INFO - Processing /usr/local/python/3.12.1/lib/python3.12/site-packages/airflow/example_dags/example_setup_teardown_taskflow.py took 0.069 seconds
[2026-07-02T17:14:39.455+0000] {processor.py:161} INFO - Started process (PID=170045) to work on /usr/local/python/3.12.1/lib/python3.12/site-packages/airflow/example_dags/example_setup_teardown_taskflow.py
[2026-07-02T17:14:39.456+0000] {processor.py:830} INFO - Processing file /usr/local/python/3.12.1/lib/python3.12/site-packages/airflow/example_dags/example_setup_teardown_taskflow.py for tasks to queue
[2026-07-02T17:14:39.458+0000] {logging_mixin.py:188} INFO - [2026-07-02T17:14:39.458+0000] {dagbag.py:545} INFO - Filling up the DagBag from /usr/local/python/3.12.1/lib/python3.12/site-packages/airflow/example_dags/example_setup_teardown_taskflow.py
[2026-07-02T17:14:39.466+0000] {processor.py:840} INFO - DAG(s) 'example_setup_teardown_taskflow' retrieved from /usr/local/python/3.12.1/lib/python3.12/site-packages/airflow/example_dags/example_setup_teardown_taskflow.py
[2026-07-02T17:14:39.490+0000] {logging_mixin.py:188} INFO - [2026-07-02T17:14:39.490+0000] {dag.py:3089} INFO - Sync 1 DAGs
[2026-07-02T17:14:39.522+0000] {logging_mixin.py:188} INFO - [2026-07-02T17:14:39.522+0000] {dag.py:3947} INFO - Setting next_dagrun for example_setup_teardown_taskflow to 2026-07-01 00:00:00+00:00, run_after=2026-07-02 00:00:00+00:00
[2026-07-02T17:14:39.545+0000] {processor.py:183} INFO - Processing /usr/local/python/3.12.1/lib/python3.12/site-packages/airflow/example_dags/example_setup_teardown_taskflow.py took 0.095 seconds
[2026-07-02T17:15:22.906+0000] {processor.py:161} INFO - Started process (PID=170495) to work on /usr/local/python/3.12.1/lib/python3.12/site-packages/airflow/example_dags/example_setup_teardown_taskflow.py
[2026-07-02T17:15:22.907+0000] {processor.py:830} INFO - Processing file /usr/local/python/3.12.1/lib/python3.12/site-packages/airflow/example_dags/example_setup_teardown_taskflow.py for tasks to queue
[2026-07-02T17:15:22.908+0000] {logging_mixin.py:188} INFO - [2026-07-02T17:15:22.908+0000] {dagbag.py:545} INFO - Filling up the DagBag from /usr/local/python/3.12.1/lib/python3.12/site-packages/airflow/example_dags/example_setup_teardown_taskflow.py
[2026-07-02T17:15:22.916+0000] {processor.py:840} INFO - DAG(s) 'example_setup_teardown_taskflow' retrieved from /usr/local/python/3.12.1/lib/python3.12/site-packages/airflow/example_dags/example_setup_teardown_taskflow.py
[2026-07-02T17:15:22.930+0000] {logging_mixin.py:188} INFO - [2026-07-02T17:15:22.929+0000] {dag.py:3089} INFO - Sync 1 DAGs
[2026-07-02T17:15:22.945+0000] {logging_mixin.py:188} INFO - [2026-07-02T17:15:22.944+0000] {dag.py:3947} INFO - Setting next_dagrun for example_setup_teardown_taskflow to 2026-07-01 00:00:00+00:00, run_after=2026-07-02 00:00:00+00:00
[2026-07-02T17:15:22.962+0000] {processor.py:183} INFO - Processing /usr/local/python/3.12.1/lib/python3.12/site-packages/airflow/example_dags/example_setup_teardown_taskflow.py took 0.061 seconds
[2026-07-02T17:16:19.238+0000] {processor.py:161} INFO - Started process (PID=171099) to work on /usr/local/python/3.12.1/lib/python3.12/site-packages/airflow/example_dags/example_setup_teardown_taskflow.py
[2026-07-02T17:16:19.239+0000] {processor.py:830} INFO - Processing file /usr/local/python/3.12.1/lib/python3.12/site-packages/airflow/example_dags/example_setup_teardown_taskflow.py for tasks to queue
[2026-07-02T17:16:19.241+0000] {logging_mixin.py:188} INFO - [2026-07-02T17:16:19.241+0000] {dagbag.py:545} INFO - Filling up the DagBag from /usr/local/python/3.12.1/lib/python3.12/site-packages/airflow/example_dags/example_setup_teardown_taskflow.py
[2026-07-02T17:16:19.248+0000] {processor.py:840} INFO - DAG(s) 'example_setup_teardown_taskflow' retrieved from /usr/local/python/3.12.1/lib/python3.12/site-packages/airflow/example_dags/example_setup_teardown_taskflow.py
[2026-07-02T17:16:19.262+0000] {logging_mixin.py:188} INFO - [2026-07-02T17:16:19.262+0000] {dag.py:3089} INFO - Sync 1 DAGs
[2026-07-02T17:16:19.278+0000] {logging_mixin.py:188} INFO - [2026-07-02T17:16:19.278+0000] {dag.py:3947} INFO - Setting next_dagrun for example_setup_teardown_taskflow to 2026-07-01 00:00:00+00:00, run_after=2026-07-02 00:00:00+00:00
[2026-07-02T17:16:19.296+0000] {processor.py:183} INFO - Processing /usr/local/python/3.12.1/lib/python3.12/site-packages/airflow/example_dags/example_setup_teardown_taskflow.py took 0.063 seconds
[2026-07-02T17:17:00.538+0000] {processor.py:161} INFO - Started process (PID=171522) to work on /usr/local/python/3.12.1/lib/python3.12/site-packages/airflow/example_dags/example_setup_teardown_taskflow.py
[2026-07-02T17:17:00.539+0000] {processor.py:830} INFO - Processing file /usr/local/python/3.12.1/lib/python3.12/site-packages/airflow/example_dags/example_setup_teardown_taskflow.py for tasks to queue
[2026-07-02T17:17:00.541+0000] {logging_mixin.py:188} INFO - [2026-07-02T17:17:00.540+0000] {dagbag.py:545} INFO - Filling up the DagBag from /usr/local/python/3.12.1/lib/python3.12/site-packages/airflow/example_dags/example_setup_teardown_taskflow.py
[2026-07-02T17:17:00.548+0000] {processor.py:840} INFO - DAG(s) 'example_setup_teardown_taskflow' retrieved from /usr/local/python/3.12.1/lib/python3.12/site-packages/airflow/example_dags/example_setup_teardown_taskflow.py
[2026-07-02T17:17:00.561+0000] {logging_mixin.py:188} INFO - [2026-07-02T17:17:00.561+0000] {dag.py:3089} INFO - Sync 1 DAGs
[2026-07-02T17:17:00.577+0000] {logging_mixin.py:188} INFO - [2026-07-02T17:17:00.576+0000] {dag.py:3947} INFO - Setting next_dagrun for example_setup_teardown_taskflow to 2026-07-01 00:00:00+00:00, run_after=2026-07-02 00:00:00+00:00
[2026-07-02T17:17:00.597+0000] {processor.py:183} INFO - Processing /usr/local/python/3.12.1/lib/python3.12/site-packages/airflow/example_dags/example_setup_teardown_taskflow.py took 0.063 seconds
