[2026-07-02T16:24:38.692+0000] {processor.py:161} INFO - Started process (PID=117917) to work on /usr/local/python/3.12.1/lib/python3.12/site-packages/airflow/example_dags/example_external_task_marker_dag.py
[2026-07-02T16:24:38.692+0000] {processor.py:830} INFO - Processing file /usr/local/python/3.12.1/lib/python3.12/site-packages/airflow/example_dags/example_external_task_marker_dag.py for tasks to queue
[2026-07-02T16:24:38.694+0000] {logging_mixin.py:188} INFO - [2026-07-02T16:24:38.693+0000] {dagbag.py:545} INFO - Filling up the DagBag from /usr/local/python/3.12.1/lib/python3.12/site-packages/airflow/example_dags/example_external_task_marker_dag.py
[2026-07-02T16:24:38.699+0000] {processor.py:840} INFO - DAG(s) 'example_external_task_marker_child', 'example_external_task_marker_parent' retrieved from /usr/local/python/3.12.1/lib/python3.12/site-packages/airflow/example_dags/example_external_task_marker_dag.py
[2026-07-02T16:24:38.781+0000] {logging_mixin.py:188} INFO - [2026-07-02T16:24:38.780+0000] {override.py:1858} INFO - Created Permission View: can delete on DAG:example_external_task_marker_child
[2026-07-02T16:24:38.789+0000] {logging_mixin.py:188} INFO - [2026-07-02T16:24:38.788+0000] {override.py:1858} INFO - Created Permission View: can read on DAG:example_external_task_marker_child
[2026-07-02T16:24:38.795+0000] {logging_mixin.py:188} INFO - [2026-07-02T16:24:38.794+0000] {override.py:1858} INFO - Created Permission View: can edit on DAG:example_external_task_marker_child
[2026-07-02T16:24:38.808+0000] {logging_mixin.py:188} INFO - [2026-07-02T16:24:38.807+0000] {override.py:1858} INFO - Created Permission View: can delete on DAG:example_external_task_marker_parent
[2026-07-02T16:24:38.813+0000] {logging_mixin.py:188} INFO - [2026-07-02T16:24:38.813+0000] {override.py:1858} INFO - Created Permission View: can read on DAG:example_external_task_marker_parent
[2026-07-02T16:24:38.819+0000] {logging_mixin.py:188} INFO - [2026-07-02T16:24:38.819+0000] {override.py:1858} INFO - Created Permission View: can edit on DAG:example_external_task_marker_parent
[2026-07-02T16:24:38.820+0000] {logging_mixin.py:188} INFO - [2026-07-02T16:24:38.819+0000] {dag.py:3089} INFO - Sync 2 DAGs
[2026-07-02T16:24:38.827+0000] {logging_mixin.py:188} INFO - [2026-07-02T16:24:38.827+0000] {dag.py:3111} INFO - Creating ORM DAG for example_external_task_marker_child
[2026-07-02T16:24:38.828+0000] {logging_mixin.py:188} INFO - [2026-07-02T16:24:38.828+0000] {dag.py:3111} INFO - Creating ORM DAG for example_external_task_marker_parent
[2026-07-02T16:24:38.828+0000] {logging_mixin.py:188} INFO - [2026-07-02T16:24:38.828+0000] {dag.py:3947} INFO - Setting next_dagrun for example_external_task_marker_child to None, run_after=None
[2026-07-02T16:24:38.829+0000] {logging_mixin.py:188} INFO - [2026-07-02T16:24:38.829+0000] {dag.py:3947} INFO - Setting next_dagrun for example_external_task_marker_parent to None, run_after=None
[2026-07-02T16:24:38.844+0000] {processor.py:183} INFO - Processing /usr/local/python/3.12.1/lib/python3.12/site-packages/airflow/example_dags/example_external_task_marker_dag.py took 0.157 seconds
[2026-07-02T16:25:31.826+0000] {processor.py:161} INFO - Started process (PID=118666) to work on /usr/local/python/3.12.1/lib/python3.12/site-packages/airflow/example_dags/example_external_task_marker_dag.py
[2026-07-02T16:25:31.827+0000] {processor.py:830} INFO - Processing file /usr/local/python/3.12.1/lib/python3.12/site-packages/airflow/example_dags/example_external_task_marker_dag.py for tasks to queue
[2026-07-02T16:25:31.828+0000] {logging_mixin.py:188} INFO - [2026-07-02T16:25:31.828+0000] {dagbag.py:545} INFO - Filling up the DagBag from /usr/local/python/3.12.1/lib/python3.12/site-packages/airflow/example_dags/example_external_task_marker_dag.py
[2026-07-02T16:25:31.834+0000] {processor.py:840} INFO - DAG(s) 'example_external_task_marker_child', 'example_external_task_marker_parent' retrieved from /usr/local/python/3.12.1/lib/python3.12/site-packages/airflow/example_dags/example_external_task_marker_dag.py
[2026-07-02T16:25:31.849+0000] {logging_mixin.py:188} INFO - [2026-07-02T16:25:31.848+0000] {dag.py:3089} INFO - Sync 2 DAGs
[2026-07-02T16:25:31.858+0000] {logging_mixin.py:188} INFO - [2026-07-02T16:25:31.857+0000] {dag.py:3947} INFO - Setting next_dagrun for example_external_task_marker_child to None, run_after=None
[2026-07-02T16:25:31.860+0000] {logging_mixin.py:188} INFO - [2026-07-02T16:25:31.860+0000] {dag.py:3947} INFO - Setting next_dagrun for example_external_task_marker_parent to None, run_after=None
[2026-07-02T16:25:31.880+0000] {processor.py:183} INFO - Processing /usr/local/python/3.12.1/lib/python3.12/site-packages/airflow/example_dags/example_external_task_marker_dag.py took 0.058 seconds
[2026-07-02T16:26:27.944+0000] {processor.py:161} INFO - Started process (PID=126303) to work on /usr/local/python/3.12.1/lib/python3.12/site-packages/airflow/example_dags/example_external_task_marker_dag.py
[2026-07-02T16:26:27.954+0000] {processor.py:830} INFO - Processing file /usr/local/python/3.12.1/lib/python3.12/site-packages/airflow/example_dags/example_external_task_marker_dag.py for tasks to queue
[2026-07-02T16:26:27.955+0000] {logging_mixin.py:188} INFO - [2026-07-02T16:26:27.955+0000] {dagbag.py:545} INFO - Filling up the DagBag from /usr/local/python/3.12.1/lib/python3.12/site-packages/airflow/example_dags/example_external_task_marker_dag.py
[2026-07-02T16:26:27.961+0000] {processor.py:840} INFO - DAG(s) 'example_external_task_marker_parent', 'example_external_task_marker_child' retrieved from /usr/local/python/3.12.1/lib/python3.12/site-packages/airflow/example_dags/example_external_task_marker_dag.py
[2026-07-02T16:26:27.977+0000] {logging_mixin.py:188} INFO - [2026-07-02T16:26:27.976+0000] {dag.py:3089} INFO - Sync 2 DAGs
[2026-07-02T16:26:27.989+0000] {logging_mixin.py:188} INFO - [2026-07-02T16:26:27.988+0000] {dag.py:3947} INFO - Setting next_dagrun for example_external_task_marker_child to None, run_after=None
[2026-07-02T16:26:27.993+0000] {logging_mixin.py:188} INFO - [2026-07-02T16:26:27.992+0000] {dag.py:3947} INFO - Setting next_dagrun for example_external_task_marker_parent to None, run_after=None
[2026-07-02T16:26:28.016+0000] {processor.py:183} INFO - Processing /usr/local/python/3.12.1/lib/python3.12/site-packages/airflow/example_dags/example_external_task_marker_dag.py took 0.076 seconds
[2026-07-02T16:27:39.927+0000] {processor.py:161} INFO - Started process (PID=128383) to work on /usr/local/python/3.12.1/lib/python3.12/site-packages/airflow/example_dags/example_external_task_marker_dag.py
[2026-07-02T16:27:39.930+0000] {processor.py:830} INFO - Processing file /usr/local/python/3.12.1/lib/python3.12/site-packages/airflow/example_dags/example_external_task_marker_dag.py for tasks to queue
[2026-07-02T16:27:39.931+0000] {logging_mixin.py:188} INFO - [2026-07-02T16:27:39.931+0000] {dagbag.py:545} INFO - Filling up the DagBag from /usr/local/python/3.12.1/lib/python3.12/site-packages/airflow/example_dags/example_external_task_marker_dag.py
[2026-07-02T16:27:39.939+0000] {processor.py:840} INFO - DAG(s) 'example_external_task_marker_parent', 'example_external_task_marker_child' retrieved from /usr/local/python/3.12.1/lib/python3.12/site-packages/airflow/example_dags/example_external_task_marker_dag.py
[2026-07-02T16:27:39.979+0000] {logging_mixin.py:188} INFO - [2026-07-02T16:27:39.979+0000] {dag.py:3089} INFO - Sync 2 DAGs
[2026-07-02T16:27:39.997+0000] {logging_mixin.py:188} INFO - [2026-07-02T16:27:39.997+0000] {dag.py:3947} INFO - Setting next_dagrun for example_external_task_marker_child to None, run_after=None
[2026-07-02T16:27:40.002+0000] {logging_mixin.py:188} INFO - [2026-07-02T16:27:40.002+0000] {dag.py:3947} INFO - Setting next_dagrun for example_external_task_marker_parent to None, run_after=None
[2026-07-02T16:27:40.034+0000] {processor.py:183} INFO - Processing /usr/local/python/3.12.1/lib/python3.12/site-packages/airflow/example_dags/example_external_task_marker_dag.py took 0.111 seconds
[2026-07-02T16:28:37.099+0000] {processor.py:161} INFO - Started process (PID=129199) to work on /usr/local/python/3.12.1/lib/python3.12/site-packages/airflow/example_dags/example_external_task_marker_dag.py
[2026-07-02T16:28:37.109+0000] {processor.py:830} INFO - Processing file /usr/local/python/3.12.1/lib/python3.12/site-packages/airflow/example_dags/example_external_task_marker_dag.py for tasks to queue
[2026-07-02T16:28:37.111+0000] {logging_mixin.py:188} INFO - [2026-07-02T16:28:37.111+0000] {dagbag.py:545} INFO - Filling up the DagBag from /usr/local/python/3.12.1/lib/python3.12/site-packages/airflow/example_dags/example_external_task_marker_dag.py
[2026-07-02T16:28:37.124+0000] {processor.py:840} INFO - DAG(s) 'example_external_task_marker_parent', 'example_external_task_marker_child' retrieved from /usr/local/python/3.12.1/lib/python3.12/site-packages/airflow/example_dags/example_external_task_marker_dag.py
[2026-07-02T16:28:37.172+0000] {logging_mixin.py:188} INFO - [2026-07-02T16:28:37.171+0000] {dag.py:3089} INFO - Sync 2 DAGs
[2026-07-02T16:28:37.195+0000] {logging_mixin.py:188} INFO - [2026-07-02T16:28:37.195+0000] {dag.py:3947} INFO - Setting next_dagrun for example_external_task_marker_child to None, run_after=None
[2026-07-02T16:28:37.201+0000] {logging_mixin.py:188} INFO - [2026-07-02T16:28:37.201+0000] {dag.py:3947} INFO - Setting next_dagrun for example_external_task_marker_parent to None, run_after=None
[2026-07-02T16:28:37.245+0000] {processor.py:183} INFO - Processing /usr/local/python/3.12.1/lib/python3.12/site-packages/airflow/example_dags/example_external_task_marker_dag.py took 0.153 seconds
[2026-07-02T16:29:40.529+0000] {processor.py:161} INFO - Started process (PID=130015) to work on /usr/local/python/3.12.1/lib/python3.12/site-packages/airflow/example_dags/example_external_task_marker_dag.py
[2026-07-02T16:29:40.530+0000] {processor.py:830} INFO - Processing file /usr/local/python/3.12.1/lib/python3.12/site-packages/airflow/example_dags/example_external_task_marker_dag.py for tasks to queue
[2026-07-02T16:29:40.532+0000] {logging_mixin.py:188} INFO - [2026-07-02T16:29:40.531+0000] {dagbag.py:545} INFO - Filling up the DagBag from /usr/local/python/3.12.1/lib/python3.12/site-packages/airflow/example_dags/example_external_task_marker_dag.py
[2026-07-02T16:29:40.537+0000] {processor.py:840} INFO - DAG(s) 'example_external_task_marker_child', 'example_external_task_marker_parent' retrieved from /usr/local/python/3.12.1/lib/python3.12/site-packages/airflow/example_dags/example_external_task_marker_dag.py
[2026-07-02T16:29:40.552+0000] {logging_mixin.py:188} INFO - [2026-07-02T16:29:40.551+0000] {dag.py:3089} INFO - Sync 2 DAGs
[2026-07-02T16:29:40.561+0000] {logging_mixin.py:188} INFO - [2026-07-02T16:29:40.560+0000] {dag.py:3947} INFO - Setting next_dagrun for example_external_task_marker_child to None, run_after=None
[2026-07-02T16:29:40.563+0000] {logging_mixin.py:188} INFO - [2026-07-02T16:29:40.563+0000] {dag.py:3947} INFO - Setting next_dagrun for example_external_task_marker_parent to None, run_after=None
[2026-07-02T16:29:40.582+0000] {processor.py:183} INFO - Processing /usr/local/python/3.12.1/lib/python3.12/site-packages/airflow/example_dags/example_external_task_marker_dag.py took 0.057 seconds
[2026-07-02T16:30:36.674+0000] {processor.py:161} INFO - Started process (PID=130664) to work on /usr/local/python/3.12.1/lib/python3.12/site-packages/airflow/example_dags/example_external_task_marker_dag.py
[2026-07-02T16:30:36.676+0000] {processor.py:830} INFO - Processing file /usr/local/python/3.12.1/lib/python3.12/site-packages/airflow/example_dags/example_external_task_marker_dag.py for tasks to queue
[2026-07-02T16:30:36.678+0000] {logging_mixin.py:188} INFO - [2026-07-02T16:30:36.678+0000] {dagbag.py:545} INFO - Filling up the DagBag from /usr/local/python/3.12.1/lib/python3.12/site-packages/airflow/example_dags/example_external_task_marker_dag.py
[2026-07-02T16:30:36.685+0000] {processor.py:840} INFO - DAG(s) 'example_external_task_marker_parent', 'example_external_task_marker_child' retrieved from /usr/local/python/3.12.1/lib/python3.12/site-packages/airflow/example_dags/example_external_task_marker_dag.py
[2026-07-02T16:30:36.710+0000] {logging_mixin.py:188} INFO - [2026-07-02T16:30:36.709+0000] {dag.py:3089} INFO - Sync 2 DAGs
[2026-07-02T16:30:36.724+0000] {logging_mixin.py:188} INFO - [2026-07-02T16:30:36.723+0000] {dag.py:3947} INFO - Setting next_dagrun for example_external_task_marker_child to None, run_after=None
[2026-07-02T16:30:36.728+0000] {logging_mixin.py:188} INFO - [2026-07-02T16:30:36.728+0000] {dag.py:3947} INFO - Setting next_dagrun for example_external_task_marker_parent to None, run_after=None
[2026-07-02T16:30:36.753+0000] {processor.py:183} INFO - Processing /usr/local/python/3.12.1/lib/python3.12/site-packages/airflow/example_dags/example_external_task_marker_dag.py took 0.085 seconds
[2026-07-02T16:31:47.942+0000] {processor.py:161} INFO - Started process (PID=131439) to work on /usr/local/python/3.12.1/lib/python3.12/site-packages/airflow/example_dags/example_external_task_marker_dag.py
[2026-07-02T16:31:47.943+0000] {processor.py:830} INFO - Processing file /usr/local/python/3.12.1/lib/python3.12/site-packages/airflow/example_dags/example_external_task_marker_dag.py for tasks to queue
[2026-07-02T16:31:47.949+0000] {logging_mixin.py:188} INFO - [2026-07-02T16:31:47.949+0000] {dagbag.py:545} INFO - Filling up the DagBag from /usr/local/python/3.12.1/lib/python3.12/site-packages/airflow/example_dags/example_external_task_marker_dag.py
[2026-07-02T16:31:47.971+0000] {processor.py:840} INFO - DAG(s) 'example_external_task_marker_parent', 'example_external_task_marker_child' retrieved from /usr/local/python/3.12.1/lib/python3.12/site-packages/airflow/example_dags/example_external_task_marker_dag.py
[2026-07-02T16:31:48.005+0000] {logging_mixin.py:188} INFO - [2026-07-02T16:31:48.004+0000] {dag.py:3089} INFO - Sync 2 DAGs
[2026-07-02T16:31:48.021+0000] {logging_mixin.py:188} INFO - [2026-07-02T16:31:48.020+0000] {dag.py:3947} INFO - Setting next_dagrun for example_external_task_marker_child to None, run_after=None
[2026-07-02T16:31:48.038+0000] {logging_mixin.py:188} INFO - [2026-07-02T16:31:48.037+0000] {dag.py:3947} INFO - Setting next_dagrun for example_external_task_marker_parent to None, run_after=None
[2026-07-02T16:31:48.156+0000] {processor.py:183} INFO - Processing /usr/local/python/3.12.1/lib/python3.12/site-packages/airflow/example_dags/example_external_task_marker_dag.py took 0.233 seconds
[2026-07-02T16:32:39.666+0000] {processor.py:161} INFO - Started process (PID=133163) to work on /usr/local/python/3.12.1/lib/python3.12/site-packages/airflow/example_dags/example_external_task_marker_dag.py
[2026-07-02T16:32:39.668+0000] {processor.py:830} INFO - Processing file /usr/local/python/3.12.1/lib/python3.12/site-packages/airflow/example_dags/example_external_task_marker_dag.py for tasks to queue
[2026-07-02T16:32:39.671+0000] {logging_mixin.py:188} INFO - [2026-07-02T16:32:39.671+0000] {dagbag.py:545} INFO - Filling up the DagBag from /usr/local/python/3.12.1/lib/python3.12/site-packages/airflow/example_dags/example_external_task_marker_dag.py
[2026-07-02T16:32:39.682+0000] {processor.py:840} INFO - DAG(s) 'example_external_task_marker_child', 'example_external_task_marker_parent' retrieved from /usr/local/python/3.12.1/lib/python3.12/site-packages/airflow/example_dags/example_external_task_marker_dag.py
[2026-07-02T16:32:39.712+0000] {logging_mixin.py:188} INFO - [2026-07-02T16:32:39.712+0000] {dag.py:3089} INFO - Sync 2 DAGs
[2026-07-02T16:32:39.728+0000] {logging_mixin.py:188} INFO - [2026-07-02T16:32:39.728+0000] {dag.py:3947} INFO - Setting next_dagrun for example_external_task_marker_child to None, run_after=None
[2026-07-02T16:32:39.733+0000] {logging_mixin.py:188} INFO - [2026-07-02T16:32:39.733+0000] {dag.py:3947} INFO - Setting next_dagrun for example_external_task_marker_parent to None, run_after=None
[2026-07-02T16:32:39.753+0000] {processor.py:183} INFO - Processing /usr/local/python/3.12.1/lib/python3.12/site-packages/airflow/example_dags/example_external_task_marker_dag.py took 0.099 seconds
[2026-07-02T16:33:52.973+0000] {processor.py:161} INFO - Started process (PID=134002) to work on /usr/local/python/3.12.1/lib/python3.12/site-packages/airflow/example_dags/example_external_task_marker_dag.py
[2026-07-02T16:33:52.975+0000] {processor.py:830} INFO - Processing file /usr/local/python/3.12.1/lib/python3.12/site-packages/airflow/example_dags/example_external_task_marker_dag.py for tasks to queue
[2026-07-02T16:33:52.977+0000] {logging_mixin.py:188} INFO - [2026-07-02T16:33:52.976+0000] {dagbag.py:545} INFO - Filling up the DagBag from /usr/local/python/3.12.1/lib/python3.12/site-packages/airflow/example_dags/example_external_task_marker_dag.py
[2026-07-02T16:33:52.983+0000] {processor.py:840} INFO - DAG(s) 'example_external_task_marker_parent', 'example_external_task_marker_child' retrieved from /usr/local/python/3.12.1/lib/python3.12/site-packages/airflow/example_dags/example_external_task_marker_dag.py
[2026-07-02T16:33:53.005+0000] {logging_mixin.py:188} INFO - [2026-07-02T16:33:53.005+0000] {dag.py:3089} INFO - Sync 2 DAGs
[2026-07-02T16:33:53.014+0000] {logging_mixin.py:188} INFO - [2026-07-02T16:33:53.014+0000] {dag.py:3947} INFO - Setting next_dagrun for example_external_task_marker_child to None, run_after=None
[2026-07-02T16:33:53.017+0000] {logging_mixin.py:188} INFO - [2026-07-02T16:33:53.017+0000] {dag.py:3947} INFO - Setting next_dagrun for example_external_task_marker_parent to None, run_after=None
[2026-07-02T16:33:53.036+0000] {processor.py:183} INFO - Processing /usr/local/python/3.12.1/lib/python3.12/site-packages/airflow/example_dags/example_external_task_marker_dag.py took 0.067 seconds
[2026-07-02T16:35:05.977+0000] {processor.py:161} INFO - Started process (PID=134979) to work on /usr/local/python/3.12.1/lib/python3.12/site-packages/airflow/example_dags/example_external_task_marker_dag.py
[2026-07-02T16:35:05.979+0000] {processor.py:830} INFO - Processing file /usr/local/python/3.12.1/lib/python3.12/site-packages/airflow/example_dags/example_external_task_marker_dag.py for tasks to queue
[2026-07-02T16:35:05.981+0000] {logging_mixin.py:188} INFO - [2026-07-02T16:35:05.980+0000] {dagbag.py:545} INFO - Filling up the DagBag from /usr/local/python/3.12.1/lib/python3.12/site-packages/airflow/example_dags/example_external_task_marker_dag.py
[2026-07-02T16:35:05.993+0000] {processor.py:840} INFO - DAG(s) 'example_external_task_marker_parent', 'example_external_task_marker_child' retrieved from /usr/local/python/3.12.1/lib/python3.12/site-packages/airflow/example_dags/example_external_task_marker_dag.py
[2026-07-02T16:35:06.011+0000] {logging_mixin.py:188} INFO - [2026-07-02T16:35:06.010+0000] {dag.py:3089} INFO - Sync 2 DAGs
[2026-07-02T16:35:06.020+0000] {logging_mixin.py:188} INFO - [2026-07-02T16:35:06.020+0000] {dag.py:3947} INFO - Setting next_dagrun for example_external_task_marker_child to None, run_after=None
[2026-07-02T16:35:06.023+0000] {logging_mixin.py:188} INFO - [2026-07-02T16:35:06.022+0000] {dag.py:3947} INFO - Setting next_dagrun for example_external_task_marker_parent to None, run_after=None
[2026-07-02T16:35:06.037+0000] {processor.py:183} INFO - Processing /usr/local/python/3.12.1/lib/python3.12/site-packages/airflow/example_dags/example_external_task_marker_dag.py took 0.065 seconds
[2026-07-02T16:36:01.550+0000] {processor.py:161} INFO - Started process (PID=136448) to work on /usr/local/python/3.12.1/lib/python3.12/site-packages/airflow/example_dags/example_external_task_marker_dag.py
[2026-07-02T16:36:01.552+0000] {processor.py:830} INFO - Processing file /usr/local/python/3.12.1/lib/python3.12/site-packages/airflow/example_dags/example_external_task_marker_dag.py for tasks to queue
[2026-07-02T16:36:01.555+0000] {logging_mixin.py:188} INFO - [2026-07-02T16:36:01.554+0000] {dagbag.py:545} INFO - Filling up the DagBag from /usr/local/python/3.12.1/lib/python3.12/site-packages/airflow/example_dags/example_external_task_marker_dag.py
[2026-07-02T16:36:01.560+0000] {processor.py:840} INFO - DAG(s) 'example_external_task_marker_parent', 'example_external_task_marker_child' retrieved from /usr/local/python/3.12.1/lib/python3.12/site-packages/airflow/example_dags/example_external_task_marker_dag.py
[2026-07-02T16:36:01.574+0000] {logging_mixin.py:188} INFO - [2026-07-02T16:36:01.574+0000] {dag.py:3089} INFO - Sync 2 DAGs
[2026-07-02T16:36:01.587+0000] {logging_mixin.py:188} INFO - [2026-07-02T16:36:01.587+0000] {dag.py:3947} INFO - Setting next_dagrun for example_external_task_marker_child to None, run_after=None
[2026-07-02T16:36:01.592+0000] {logging_mixin.py:188} INFO - [2026-07-02T16:36:01.591+0000] {dag.py:3947} INFO - Setting next_dagrun for example_external_task_marker_parent to None, run_after=None
[2026-07-02T16:36:01.612+0000] {processor.py:183} INFO - Processing /usr/local/python/3.12.1/lib/python3.12/site-packages/airflow/example_dags/example_external_task_marker_dag.py took 0.067 seconds
[2026-07-02T16:36:53.897+0000] {processor.py:161} INFO - Started process (PID=137099) to work on /usr/local/python/3.12.1/lib/python3.12/site-packages/airflow/example_dags/example_external_task_marker_dag.py
[2026-07-02T16:36:53.901+0000] {processor.py:830} INFO - Processing file /usr/local/python/3.12.1/lib/python3.12/site-packages/airflow/example_dags/example_external_task_marker_dag.py for tasks to queue
[2026-07-02T16:36:53.908+0000] {logging_mixin.py:188} INFO - [2026-07-02T16:36:53.907+0000] {dagbag.py:545} INFO - Filling up the DagBag from /usr/local/python/3.12.1/lib/python3.12/site-packages/airflow/example_dags/example_external_task_marker_dag.py
[2026-07-02T16:36:53.922+0000] {processor.py:840} INFO - DAG(s) 'example_external_task_marker_parent', 'example_external_task_marker_child' retrieved from /usr/local/python/3.12.1/lib/python3.12/site-packages/airflow/example_dags/example_external_task_marker_dag.py
[2026-07-02T16:36:53.952+0000] {logging_mixin.py:188} INFO - [2026-07-02T16:36:53.952+0000] {dag.py:3089} INFO - Sync 2 DAGs
[2026-07-02T16:36:53.964+0000] {logging_mixin.py:188} INFO - [2026-07-02T16:36:53.964+0000] {dag.py:3947} INFO - Setting next_dagrun for example_external_task_marker_child to None, run_after=None
[2026-07-02T16:36:53.968+0000] {logging_mixin.py:188} INFO - [2026-07-02T16:36:53.967+0000] {dag.py:3947} INFO - Setting next_dagrun for example_external_task_marker_parent to None, run_after=None
[2026-07-02T16:36:54.038+0000] {processor.py:183} INFO - Processing /usr/local/python/3.12.1/lib/python3.12/site-packages/airflow/example_dags/example_external_task_marker_dag.py took 0.162 seconds
[2026-07-02T16:38:01.195+0000] {processor.py:161} INFO - Started process (PID=138694) to work on /usr/local/python/3.12.1/lib/python3.12/site-packages/airflow/example_dags/example_external_task_marker_dag.py
[2026-07-02T16:38:01.197+0000] {processor.py:830} INFO - Processing file /usr/local/python/3.12.1/lib/python3.12/site-packages/airflow/example_dags/example_external_task_marker_dag.py for tasks to queue
[2026-07-02T16:38:01.200+0000] {logging_mixin.py:188} INFO - [2026-07-02T16:38:01.199+0000] {dagbag.py:545} INFO - Filling up the DagBag from /usr/local/python/3.12.1/lib/python3.12/site-packages/airflow/example_dags/example_external_task_marker_dag.py
[2026-07-02T16:38:01.207+0000] {processor.py:840} INFO - DAG(s) 'example_external_task_marker_child', 'example_external_task_marker_parent' retrieved from /usr/local/python/3.12.1/lib/python3.12/site-packages/airflow/example_dags/example_external_task_marker_dag.py
[2026-07-02T16:38:01.228+0000] {logging_mixin.py:188} INFO - [2026-07-02T16:38:01.228+0000] {dag.py:3089} INFO - Sync 2 DAGs
[2026-07-02T16:38:01.246+0000] {logging_mixin.py:188} INFO - [2026-07-02T16:38:01.246+0000] {dag.py:3947} INFO - Setting next_dagrun for example_external_task_marker_child to None, run_after=None
[2026-07-02T16:38:01.250+0000] {logging_mixin.py:188} INFO - [2026-07-02T16:38:01.250+0000] {dag.py:3947} INFO - Setting next_dagrun for example_external_task_marker_parent to None, run_after=None
[2026-07-02T16:38:01.271+0000] {processor.py:183} INFO - Processing /usr/local/python/3.12.1/lib/python3.12/site-packages/airflow/example_dags/example_external_task_marker_dag.py took 0.105 seconds
[2026-07-02T16:39:07.135+0000] {processor.py:161} INFO - Started process (PID=139995) to work on /usr/local/python/3.12.1/lib/python3.12/site-packages/airflow/example_dags/example_external_task_marker_dag.py
[2026-07-02T16:39:07.136+0000] {processor.py:830} INFO - Processing file /usr/local/python/3.12.1/lib/python3.12/site-packages/airflow/example_dags/example_external_task_marker_dag.py for tasks to queue
[2026-07-02T16:39:07.137+0000] {logging_mixin.py:188} INFO - [2026-07-02T16:39:07.137+0000] {dagbag.py:545} INFO - Filling up the DagBag from /usr/local/python/3.12.1/lib/python3.12/site-packages/airflow/example_dags/example_external_task_marker_dag.py
[2026-07-02T16:39:07.142+0000] {processor.py:840} INFO - DAG(s) 'example_external_task_marker_parent', 'example_external_task_marker_child' retrieved from /usr/local/python/3.12.1/lib/python3.12/site-packages/airflow/example_dags/example_external_task_marker_dag.py
[2026-07-02T16:39:07.157+0000] {logging_mixin.py:188} INFO - [2026-07-02T16:39:07.156+0000] {dag.py:3089} INFO - Sync 2 DAGs
[2026-07-02T16:39:07.166+0000] {logging_mixin.py:188} INFO - [2026-07-02T16:39:07.166+0000] {dag.py:3947} INFO - Setting next_dagrun for example_external_task_marker_child to None, run_after=None
[2026-07-02T16:39:07.169+0000] {logging_mixin.py:188} INFO - [2026-07-02T16:39:07.168+0000] {dag.py:3947} INFO - Setting next_dagrun for example_external_task_marker_parent to None, run_after=None
[2026-07-02T16:39:07.188+0000] {processor.py:183} INFO - Processing /usr/local/python/3.12.1/lib/python3.12/site-packages/airflow/example_dags/example_external_task_marker_dag.py took 0.058 seconds
[2026-07-02T16:40:14.714+0000] {processor.py:161} INFO - Started process (PID=140909) to work on /usr/local/python/3.12.1/lib/python3.12/site-packages/airflow/example_dags/example_external_task_marker_dag.py
[2026-07-02T16:40:14.716+0000] {processor.py:830} INFO - Processing file /usr/local/python/3.12.1/lib/python3.12/site-packages/airflow/example_dags/example_external_task_marker_dag.py for tasks to queue
[2026-07-02T16:40:14.720+0000] {logging_mixin.py:188} INFO - [2026-07-02T16:40:14.720+0000] {dagbag.py:545} INFO - Filling up the DagBag from /usr/local/python/3.12.1/lib/python3.12/site-packages/airflow/example_dags/example_external_task_marker_dag.py
[2026-07-02T16:40:14.728+0000] {processor.py:840} INFO - DAG(s) 'example_external_task_marker_child', 'example_external_task_marker_parent' retrieved from /usr/local/python/3.12.1/lib/python3.12/site-packages/airflow/example_dags/example_external_task_marker_dag.py
[2026-07-02T16:40:14.749+0000] {logging_mixin.py:188} INFO - [2026-07-02T16:40:14.749+0000] {dag.py:3089} INFO - Sync 2 DAGs
[2026-07-02T16:40:14.764+0000] {logging_mixin.py:188} INFO - [2026-07-02T16:40:14.764+0000] {dag.py:3947} INFO - Setting next_dagrun for example_external_task_marker_child to None, run_after=None
[2026-07-02T16:40:14.769+0000] {logging_mixin.py:188} INFO - [2026-07-02T16:40:14.769+0000] {dag.py:3947} INFO - Setting next_dagrun for example_external_task_marker_parent to None, run_after=None
[2026-07-02T16:40:14.820+0000] {processor.py:183} INFO - Processing /usr/local/python/3.12.1/lib/python3.12/site-packages/airflow/example_dags/example_external_task_marker_dag.py took 0.113 seconds
[2026-07-02T16:41:13.895+0000] {processor.py:161} INFO - Started process (PID=141868) to work on /usr/local/python/3.12.1/lib/python3.12/site-packages/airflow/example_dags/example_external_task_marker_dag.py
[2026-07-02T16:41:13.897+0000] {processor.py:830} INFO - Processing file /usr/local/python/3.12.1/lib/python3.12/site-packages/airflow/example_dags/example_external_task_marker_dag.py for tasks to queue
[2026-07-02T16:41:13.900+0000] {logging_mixin.py:188} INFO - [2026-07-02T16:41:13.900+0000] {dagbag.py:545} INFO - Filling up the DagBag from /usr/local/python/3.12.1/lib/python3.12/site-packages/airflow/example_dags/example_external_task_marker_dag.py
[2026-07-02T16:41:13.923+0000] {processor.py:840} INFO - DAG(s) 'example_external_task_marker_parent', 'example_external_task_marker_child' retrieved from /usr/local/python/3.12.1/lib/python3.12/site-packages/airflow/example_dags/example_external_task_marker_dag.py
[2026-07-02T16:41:14.017+0000] {logging_mixin.py:188} INFO - [2026-07-02T16:41:14.003+0000] {dag.py:3089} INFO - Sync 2 DAGs
[2026-07-02T16:41:14.098+0000] {logging_mixin.py:188} INFO - [2026-07-02T16:41:14.098+0000] {dag.py:3947} INFO - Setting next_dagrun for example_external_task_marker_child to None, run_after=None
[2026-07-02T16:41:14.123+0000] {logging_mixin.py:188} INFO - [2026-07-02T16:41:14.123+0000] {dag.py:3947} INFO - Setting next_dagrun for example_external_task_marker_parent to None, run_after=None
[2026-07-02T16:41:14.191+0000] {processor.py:183} INFO - Processing /usr/local/python/3.12.1/lib/python3.12/site-packages/airflow/example_dags/example_external_task_marker_dag.py took 0.313 seconds
[2026-07-02T16:42:12.912+0000] {processor.py:161} INFO - Started process (PID=142739) to work on /usr/local/python/3.12.1/lib/python3.12/site-packages/airflow/example_dags/example_external_task_marker_dag.py
[2026-07-02T16:42:12.914+0000] {processor.py:830} INFO - Processing file /usr/local/python/3.12.1/lib/python3.12/site-packages/airflow/example_dags/example_external_task_marker_dag.py for tasks to queue
[2026-07-02T16:42:12.915+0000] {logging_mixin.py:188} INFO - [2026-07-02T16:42:12.915+0000] {dagbag.py:545} INFO - Filling up the DagBag from /usr/local/python/3.12.1/lib/python3.12/site-packages/airflow/example_dags/example_external_task_marker_dag.py
[2026-07-02T16:42:12.923+0000] {processor.py:840} INFO - DAG(s) 'example_external_task_marker_parent', 'example_external_task_marker_child' retrieved from /usr/local/python/3.12.1/lib/python3.12/site-packages/airflow/example_dags/example_external_task_marker_dag.py
[2026-07-02T16:42:12.955+0000] {logging_mixin.py:188} INFO - [2026-07-02T16:42:12.955+0000] {dag.py:3089} INFO - Sync 2 DAGs
[2026-07-02T16:42:12.968+0000] {logging_mixin.py:188} INFO - [2026-07-02T16:42:12.968+0000] {dag.py:3947} INFO - Setting next_dagrun for example_external_task_marker_child to None, run_after=None
[2026-07-02T16:42:12.972+0000] {logging_mixin.py:188} INFO - [2026-07-02T16:42:12.972+0000] {dag.py:3947} INFO - Setting next_dagrun for example_external_task_marker_parent to None, run_after=None
[2026-07-02T16:42:13.000+0000] {processor.py:183} INFO - Processing /usr/local/python/3.12.1/lib/python3.12/site-packages/airflow/example_dags/example_external_task_marker_dag.py took 0.094 seconds
[2026-07-02T16:43:30.309+0000] {processor.py:161} INFO - Started process (PID=143923) to work on /usr/local/python/3.12.1/lib/python3.12/site-packages/airflow/example_dags/example_external_task_marker_dag.py
[2026-07-02T16:43:30.313+0000] {processor.py:830} INFO - Processing file /usr/local/python/3.12.1/lib/python3.12/site-packages/airflow/example_dags/example_external_task_marker_dag.py for tasks to queue
[2026-07-02T16:43:30.316+0000] {logging_mixin.py:188} INFO - [2026-07-02T16:43:30.316+0000] {dagbag.py:545} INFO - Filling up the DagBag from /usr/local/python/3.12.1/lib/python3.12/site-packages/airflow/example_dags/example_external_task_marker_dag.py
[2026-07-02T16:43:30.326+0000] {processor.py:840} INFO - DAG(s) 'example_external_task_marker_parent', 'example_external_task_marker_child' retrieved from /usr/local/python/3.12.1/lib/python3.12/site-packages/airflow/example_dags/example_external_task_marker_dag.py
[2026-07-02T16:43:30.347+0000] {logging_mixin.py:188} INFO - [2026-07-02T16:43:30.347+0000] {dag.py:3089} INFO - Sync 2 DAGs
[2026-07-02T16:43:30.359+0000] {logging_mixin.py:188} INFO - [2026-07-02T16:43:30.359+0000] {dag.py:3947} INFO - Setting next_dagrun for example_external_task_marker_child to None, run_after=None
[2026-07-02T16:43:30.363+0000] {logging_mixin.py:188} INFO - [2026-07-02T16:43:30.363+0000] {dag.py:3947} INFO - Setting next_dagrun for example_external_task_marker_parent to None, run_after=None
[2026-07-02T16:43:30.384+0000] {processor.py:183} INFO - Processing /usr/local/python/3.12.1/lib/python3.12/site-packages/airflow/example_dags/example_external_task_marker_dag.py took 0.081 seconds
[2026-07-02T16:44:34.335+0000] {processor.py:161} INFO - Started process (PID=146245) to work on /usr/local/python/3.12.1/lib/python3.12/site-packages/airflow/example_dags/example_external_task_marker_dag.py
[2026-07-02T16:44:34.338+0000] {processor.py:830} INFO - Processing file /usr/local/python/3.12.1/lib/python3.12/site-packages/airflow/example_dags/example_external_task_marker_dag.py for tasks to queue
[2026-07-02T16:44:34.342+0000] {logging_mixin.py:188} INFO - [2026-07-02T16:44:34.341+0000] {dagbag.py:545} INFO - Filling up the DagBag from /usr/local/python/3.12.1/lib/python3.12/site-packages/airflow/example_dags/example_external_task_marker_dag.py
[2026-07-02T16:44:34.350+0000] {processor.py:840} INFO - DAG(s) 'example_external_task_marker_child', 'example_external_task_marker_parent' retrieved from /usr/local/python/3.12.1/lib/python3.12/site-packages/airflow/example_dags/example_external_task_marker_dag.py
[2026-07-02T16:44:34.373+0000] {logging_mixin.py:188} INFO - [2026-07-02T16:44:34.373+0000] {dag.py:3089} INFO - Sync 2 DAGs
[2026-07-02T16:44:34.408+0000] {logging_mixin.py:188} INFO - [2026-07-02T16:44:34.408+0000] {dag.py:3947} INFO - Setting next_dagrun for example_external_task_marker_child to None, run_after=None
[2026-07-02T16:44:34.413+0000] {logging_mixin.py:188} INFO - [2026-07-02T16:44:34.412+0000] {dag.py:3947} INFO - Setting next_dagrun for example_external_task_marker_parent to None, run_after=None
[2026-07-02T16:44:34.439+0000] {processor.py:183} INFO - Processing /usr/local/python/3.12.1/lib/python3.12/site-packages/airflow/example_dags/example_external_task_marker_dag.py took 0.109 seconds
[2026-07-02T16:45:42.926+0000] {processor.py:161} INFO - Started process (PID=148780) to work on /usr/local/python/3.12.1/lib/python3.12/site-packages/airflow/example_dags/example_external_task_marker_dag.py
[2026-07-02T16:45:42.935+0000] {processor.py:830} INFO - Processing file /usr/local/python/3.12.1/lib/python3.12/site-packages/airflow/example_dags/example_external_task_marker_dag.py for tasks to queue
[2026-07-02T16:45:42.939+0000] {logging_mixin.py:188} INFO - [2026-07-02T16:45:42.939+0000] {dagbag.py:545} INFO - Filling up the DagBag from /usr/local/python/3.12.1/lib/python3.12/site-packages/airflow/example_dags/example_external_task_marker_dag.py
[2026-07-02T16:45:42.959+0000] {processor.py:840} INFO - DAG(s) 'example_external_task_marker_parent', 'example_external_task_marker_child' retrieved from /usr/local/python/3.12.1/lib/python3.12/site-packages/airflow/example_dags/example_external_task_marker_dag.py
[2026-07-02T16:45:43.025+0000] {logging_mixin.py:188} INFO - [2026-07-02T16:45:43.023+0000] {dag.py:3089} INFO - Sync 2 DAGs
[2026-07-02T16:45:43.064+0000] {logging_mixin.py:188} INFO - [2026-07-02T16:45:43.063+0000] {dag.py:3947} INFO - Setting next_dagrun for example_external_task_marker_child to None, run_after=None
[2026-07-02T16:45:43.073+0000] {logging_mixin.py:188} INFO - [2026-07-02T16:45:43.073+0000] {dag.py:3947} INFO - Setting next_dagrun for example_external_task_marker_parent to None, run_after=None
[2026-07-02T16:45:43.159+0000] {processor.py:183} INFO - Processing /usr/local/python/3.12.1/lib/python3.12/site-packages/airflow/example_dags/example_external_task_marker_dag.py took 0.251 seconds
[2026-07-02T16:46:40.906+0000] {processor.py:161} INFO - Started process (PID=150363) to work on /usr/local/python/3.12.1/lib/python3.12/site-packages/airflow/example_dags/example_external_task_marker_dag.py
[2026-07-02T16:46:40.911+0000] {processor.py:830} INFO - Processing file /usr/local/python/3.12.1/lib/python3.12/site-packages/airflow/example_dags/example_external_task_marker_dag.py for tasks to queue
[2026-07-02T16:46:40.913+0000] {logging_mixin.py:188} INFO - [2026-07-02T16:46:40.913+0000] {dagbag.py:545} INFO - Filling up the DagBag from /usr/local/python/3.12.1/lib/python3.12/site-packages/airflow/example_dags/example_external_task_marker_dag.py
[2026-07-02T16:46:40.921+0000] {processor.py:840} INFO - DAG(s) 'example_external_task_marker_parent', 'example_external_task_marker_child' retrieved from /usr/local/python/3.12.1/lib/python3.12/site-packages/airflow/example_dags/example_external_task_marker_dag.py
[2026-07-02T16:46:40.946+0000] {logging_mixin.py:188} INFO - [2026-07-02T16:46:40.946+0000] {dag.py:3089} INFO - Sync 2 DAGs
[2026-07-02T16:46:40.961+0000] {logging_mixin.py:188} INFO - [2026-07-02T16:46:40.961+0000] {dag.py:3947} INFO - Setting next_dagrun for example_external_task_marker_child to None, run_after=None
[2026-07-02T16:46:40.965+0000] {logging_mixin.py:188} INFO - [2026-07-02T16:46:40.965+0000] {dag.py:3947} INFO - Setting next_dagrun for example_external_task_marker_parent to None, run_after=None
[2026-07-02T16:46:40.983+0000] {processor.py:183} INFO - Processing /usr/local/python/3.12.1/lib/python3.12/site-packages/airflow/example_dags/example_external_task_marker_dag.py took 0.085 seconds
[2026-07-02T16:47:38.904+0000] {processor.py:161} INFO - Started process (PID=151966) to work on /usr/local/python/3.12.1/lib/python3.12/site-packages/airflow/example_dags/example_external_task_marker_dag.py
[2026-07-02T16:47:38.908+0000] {processor.py:830} INFO - Processing file /usr/local/python/3.12.1/lib/python3.12/site-packages/airflow/example_dags/example_external_task_marker_dag.py for tasks to queue
[2026-07-02T16:47:38.910+0000] {logging_mixin.py:188} INFO - [2026-07-02T16:47:38.910+0000] {dagbag.py:545} INFO - Filling up the DagBag from /usr/local/python/3.12.1/lib/python3.12/site-packages/airflow/example_dags/example_external_task_marker_dag.py
[2026-07-02T16:47:38.917+0000] {processor.py:840} INFO - DAG(s) 'example_external_task_marker_parent', 'example_external_task_marker_child' retrieved from /usr/local/python/3.12.1/lib/python3.12/site-packages/airflow/example_dags/example_external_task_marker_dag.py
[2026-07-02T16:47:38.938+0000] {logging_mixin.py:188} INFO - [2026-07-02T16:47:38.938+0000] {dag.py:3089} INFO - Sync 2 DAGs
[2026-07-02T16:47:38.951+0000] {logging_mixin.py:188} INFO - [2026-07-02T16:47:38.951+0000] {dag.py:3947} INFO - Setting next_dagrun for example_external_task_marker_child to None, run_after=None
[2026-07-02T16:47:38.955+0000] {logging_mixin.py:188} INFO - [2026-07-02T16:47:38.955+0000] {dag.py:3947} INFO - Setting next_dagrun for example_external_task_marker_parent to None, run_after=None
[2026-07-02T16:47:38.975+0000] {processor.py:183} INFO - Processing /usr/local/python/3.12.1/lib/python3.12/site-packages/airflow/example_dags/example_external_task_marker_dag.py took 0.077 seconds
[2026-07-02T16:48:33.462+0000] {processor.py:161} INFO - Started process (PID=153011) to work on /usr/local/python/3.12.1/lib/python3.12/site-packages/airflow/example_dags/example_external_task_marker_dag.py
[2026-07-02T16:48:33.463+0000] {processor.py:830} INFO - Processing file /usr/local/python/3.12.1/lib/python3.12/site-packages/airflow/example_dags/example_external_task_marker_dag.py for tasks to queue
[2026-07-02T16:48:33.465+0000] {logging_mixin.py:188} INFO - [2026-07-02T16:48:33.464+0000] {dagbag.py:545} INFO - Filling up the DagBag from /usr/local/python/3.12.1/lib/python3.12/site-packages/airflow/example_dags/example_external_task_marker_dag.py
[2026-07-02T16:48:33.469+0000] {processor.py:840} INFO - DAG(s) 'example_external_task_marker_child', 'example_external_task_marker_parent' retrieved from /usr/local/python/3.12.1/lib/python3.12/site-packages/airflow/example_dags/example_external_task_marker_dag.py
[2026-07-02T16:48:33.487+0000] {logging_mixin.py:188} INFO - [2026-07-02T16:48:33.487+0000] {dag.py:3089} INFO - Sync 2 DAGs
[2026-07-02T16:48:33.496+0000] {logging_mixin.py:188} INFO - [2026-07-02T16:48:33.496+0000] {dag.py:3947} INFO - Setting next_dagrun for example_external_task_marker_child to None, run_after=None
[2026-07-02T16:48:33.499+0000] {logging_mixin.py:188} INFO - [2026-07-02T16:48:33.498+0000] {dag.py:3947} INFO - Setting next_dagrun for example_external_task_marker_parent to None, run_after=None
[2026-07-02T16:48:33.515+0000] {processor.py:183} INFO - Processing /usr/local/python/3.12.1/lib/python3.12/site-packages/airflow/example_dags/example_external_task_marker_dag.py took 0.057 seconds
[2026-07-02T16:49:43.206+0000] {processor.py:161} INFO - Started process (PID=154029) to work on /usr/local/python/3.12.1/lib/python3.12/site-packages/airflow/example_dags/example_external_task_marker_dag.py
[2026-07-02T16:49:43.207+0000] {processor.py:830} INFO - Processing file /usr/local/python/3.12.1/lib/python3.12/site-packages/airflow/example_dags/example_external_task_marker_dag.py for tasks to queue
[2026-07-02T16:49:43.209+0000] {logging_mixin.py:188} INFO - [2026-07-02T16:49:43.208+0000] {dagbag.py:545} INFO - Filling up the DagBag from /usr/local/python/3.12.1/lib/python3.12/site-packages/airflow/example_dags/example_external_task_marker_dag.py
[2026-07-02T16:49:43.214+0000] {processor.py:840} INFO - DAG(s) 'example_external_task_marker_child', 'example_external_task_marker_parent' retrieved from /usr/local/python/3.12.1/lib/python3.12/site-packages/airflow/example_dags/example_external_task_marker_dag.py
[2026-07-02T16:49:43.229+0000] {logging_mixin.py:188} INFO - [2026-07-02T16:49:43.229+0000] {dag.py:3089} INFO - Sync 2 DAGs
[2026-07-02T16:49:43.238+0000] {logging_mixin.py:188} INFO - [2026-07-02T16:49:43.238+0000] {dag.py:3947} INFO - Setting next_dagrun for example_external_task_marker_child to None, run_after=None
[2026-07-02T16:49:43.241+0000] {logging_mixin.py:188} INFO - [2026-07-02T16:49:43.241+0000] {dag.py:3947} INFO - Setting next_dagrun for example_external_task_marker_parent to None, run_after=None
[2026-07-02T16:49:43.263+0000] {processor.py:183} INFO - Processing /usr/local/python/3.12.1/lib/python3.12/site-packages/airflow/example_dags/example_external_task_marker_dag.py took 0.063 seconds
[2026-07-02T16:50:53.427+0000] {processor.py:161} INFO - Started process (PID=154885) to work on /usr/local/python/3.12.1/lib/python3.12/site-packages/airflow/example_dags/example_external_task_marker_dag.py
[2026-07-02T16:50:53.428+0000] {processor.py:830} INFO - Processing file /usr/local/python/3.12.1/lib/python3.12/site-packages/airflow/example_dags/example_external_task_marker_dag.py for tasks to queue
[2026-07-02T16:50:53.429+0000] {logging_mixin.py:188} INFO - [2026-07-02T16:50:53.429+0000] {dagbag.py:545} INFO - Filling up the DagBag from /usr/local/python/3.12.1/lib/python3.12/site-packages/airflow/example_dags/example_external_task_marker_dag.py
[2026-07-02T16:50:53.434+0000] {processor.py:840} INFO - DAG(s) 'example_external_task_marker_child', 'example_external_task_marker_parent' retrieved from /usr/local/python/3.12.1/lib/python3.12/site-packages/airflow/example_dags/example_external_task_marker_dag.py
[2026-07-02T16:50:53.449+0000] {logging_mixin.py:188} INFO - [2026-07-02T16:50:53.448+0000] {dag.py:3089} INFO - Sync 2 DAGs
[2026-07-02T16:50:53.458+0000] {logging_mixin.py:188} INFO - [2026-07-02T16:50:53.458+0000] {dag.py:3947} INFO - Setting next_dagrun for example_external_task_marker_child to None, run_after=None
[2026-07-02T16:50:53.462+0000] {logging_mixin.py:188} INFO - [2026-07-02T16:50:53.462+0000] {dag.py:3947} INFO - Setting next_dagrun for example_external_task_marker_parent to None, run_after=None
[2026-07-02T16:50:53.479+0000] {processor.py:183} INFO - Processing /usr/local/python/3.12.1/lib/python3.12/site-packages/airflow/example_dags/example_external_task_marker_dag.py took 0.056 seconds
[2026-07-02T16:51:58.324+0000] {processor.py:161} INFO - Started process (PID=155573) to work on /usr/local/python/3.12.1/lib/python3.12/site-packages/airflow/example_dags/example_external_task_marker_dag.py
[2026-07-02T16:51:58.326+0000] {processor.py:830} INFO - Processing file /usr/local/python/3.12.1/lib/python3.12/site-packages/airflow/example_dags/example_external_task_marker_dag.py for tasks to queue
[2026-07-02T16:51:58.328+0000] {logging_mixin.py:188} INFO - [2026-07-02T16:51:58.328+0000] {dagbag.py:545} INFO - Filling up the DagBag from /usr/local/python/3.12.1/lib/python3.12/site-packages/airflow/example_dags/example_external_task_marker_dag.py
[2026-07-02T16:51:58.335+0000] {processor.py:840} INFO - DAG(s) 'example_external_task_marker_parent', 'example_external_task_marker_child' retrieved from /usr/local/python/3.12.1/lib/python3.12/site-packages/airflow/example_dags/example_external_task_marker_dag.py
[2026-07-02T16:51:58.368+0000] {logging_mixin.py:188} INFO - [2026-07-02T16:51:58.368+0000] {dag.py:3089} INFO - Sync 2 DAGs
[2026-07-02T16:51:58.389+0000] {logging_mixin.py:188} INFO - [2026-07-02T16:51:58.389+0000] {dag.py:3947} INFO - Setting next_dagrun for example_external_task_marker_child to None, run_after=None
[2026-07-02T16:51:58.393+0000] {logging_mixin.py:188} INFO - [2026-07-02T16:51:58.393+0000] {dag.py:3947} INFO - Setting next_dagrun for example_external_task_marker_parent to None, run_after=None
[2026-07-02T16:51:58.414+0000] {processor.py:183} INFO - Processing /usr/local/python/3.12.1/lib/python3.12/site-packages/airflow/example_dags/example_external_task_marker_dag.py took 0.096 seconds
[2026-07-02T16:53:00.281+0000] {processor.py:161} INFO - Started process (PID=156246) to work on /usr/local/python/3.12.1/lib/python3.12/site-packages/airflow/example_dags/example_external_task_marker_dag.py
[2026-07-02T16:53:00.283+0000] {processor.py:830} INFO - Processing file /usr/local/python/3.12.1/lib/python3.12/site-packages/airflow/example_dags/example_external_task_marker_dag.py for tasks to queue
[2026-07-02T16:53:00.284+0000] {logging_mixin.py:188} INFO - [2026-07-02T16:53:00.284+0000] {dagbag.py:545} INFO - Filling up the DagBag from /usr/local/python/3.12.1/lib/python3.12/site-packages/airflow/example_dags/example_external_task_marker_dag.py
[2026-07-02T16:53:00.292+0000] {processor.py:840} INFO - DAG(s) 'example_external_task_marker_parent', 'example_external_task_marker_child' retrieved from /usr/local/python/3.12.1/lib/python3.12/site-packages/airflow/example_dags/example_external_task_marker_dag.py
[2026-07-02T16:53:00.318+0000] {logging_mixin.py:188} INFO - [2026-07-02T16:53:00.317+0000] {dag.py:3089} INFO - Sync 2 DAGs
[2026-07-02T16:53:00.327+0000] {logging_mixin.py:188} INFO - [2026-07-02T16:53:00.326+0000] {dag.py:3947} INFO - Setting next_dagrun for example_external_task_marker_child to None, run_after=None
[2026-07-02T16:53:00.330+0000] {logging_mixin.py:188} INFO - [2026-07-02T16:53:00.329+0000] {dag.py:3947} INFO - Setting next_dagrun for example_external_task_marker_parent to None, run_after=None
[2026-07-02T16:53:00.345+0000] {processor.py:183} INFO - Processing /usr/local/python/3.12.1/lib/python3.12/site-packages/airflow/example_dags/example_external_task_marker_dag.py took 0.073 seconds
[2026-07-02T16:53:59.623+0000] {processor.py:161} INFO - Started process (PID=156869) to work on /usr/local/python/3.12.1/lib/python3.12/site-packages/airflow/example_dags/example_external_task_marker_dag.py
[2026-07-02T16:53:59.624+0000] {processor.py:830} INFO - Processing file /usr/local/python/3.12.1/lib/python3.12/site-packages/airflow/example_dags/example_external_task_marker_dag.py for tasks to queue
[2026-07-02T16:53:59.626+0000] {logging_mixin.py:188} INFO - [2026-07-02T16:53:59.625+0000] {dagbag.py:545} INFO - Filling up the DagBag from /usr/local/python/3.12.1/lib/python3.12/site-packages/airflow/example_dags/example_external_task_marker_dag.py
[2026-07-02T16:53:59.630+0000] {processor.py:840} INFO - DAG(s) 'example_external_task_marker_parent', 'example_external_task_marker_child' retrieved from /usr/local/python/3.12.1/lib/python3.12/site-packages/airflow/example_dags/example_external_task_marker_dag.py
[2026-07-02T16:53:59.645+0000] {logging_mixin.py:188} INFO - [2026-07-02T16:53:59.645+0000] {dag.py:3089} INFO - Sync 2 DAGs
[2026-07-02T16:53:59.654+0000] {logging_mixin.py:188} INFO - [2026-07-02T16:53:59.654+0000] {dag.py:3947} INFO - Setting next_dagrun for example_external_task_marker_child to None, run_after=None
[2026-07-02T16:53:59.657+0000] {logging_mixin.py:188} INFO - [2026-07-02T16:53:59.657+0000] {dag.py:3947} INFO - Setting next_dagrun for example_external_task_marker_parent to None, run_after=None
[2026-07-02T16:53:59.672+0000] {processor.py:183} INFO - Processing /usr/local/python/3.12.1/lib/python3.12/site-packages/airflow/example_dags/example_external_task_marker_dag.py took 0.055 seconds
[2026-07-02T16:54:52.885+0000] {processor.py:161} INFO - Started process (PID=157426) to work on /usr/local/python/3.12.1/lib/python3.12/site-packages/airflow/example_dags/example_external_task_marker_dag.py
[2026-07-02T16:54:52.886+0000] {processor.py:830} INFO - Processing file /usr/local/python/3.12.1/lib/python3.12/site-packages/airflow/example_dags/example_external_task_marker_dag.py for tasks to queue
[2026-07-02T16:54:52.888+0000] {logging_mixin.py:188} INFO - [2026-07-02T16:54:52.887+0000] {dagbag.py:545} INFO - Filling up the DagBag from /usr/local/python/3.12.1/lib/python3.12/site-packages/airflow/example_dags/example_external_task_marker_dag.py
[2026-07-02T16:54:52.895+0000] {processor.py:840} INFO - DAG(s) 'example_external_task_marker_child', 'example_external_task_marker_parent' retrieved from /usr/local/python/3.12.1/lib/python3.12/site-packages/airflow/example_dags/example_external_task_marker_dag.py
[2026-07-02T16:54:52.910+0000] {logging_mixin.py:188} INFO - [2026-07-02T16:54:52.909+0000] {dag.py:3089} INFO - Sync 2 DAGs
[2026-07-02T16:54:52.919+0000] {logging_mixin.py:188} INFO - [2026-07-02T16:54:52.919+0000] {dag.py:3947} INFO - Setting next_dagrun for example_external_task_marker_child to None, run_after=None
[2026-07-02T16:54:52.922+0000] {logging_mixin.py:188} INFO - [2026-07-02T16:54:52.922+0000] {dag.py:3947} INFO - Setting next_dagrun for example_external_task_marker_parent to None, run_after=None
[2026-07-02T16:54:52.936+0000] {processor.py:183} INFO - Processing /usr/local/python/3.12.1/lib/python3.12/site-packages/airflow/example_dags/example_external_task_marker_dag.py took 0.058 seconds
[2026-07-02T16:55:54.834+0000] {processor.py:161} INFO - Started process (PID=158122) to work on /usr/local/python/3.12.1/lib/python3.12/site-packages/airflow/example_dags/example_external_task_marker_dag.py
[2026-07-02T16:55:54.835+0000] {processor.py:830} INFO - Processing file /usr/local/python/3.12.1/lib/python3.12/site-packages/airflow/example_dags/example_external_task_marker_dag.py for tasks to queue
[2026-07-02T16:55:54.837+0000] {logging_mixin.py:188} INFO - [2026-07-02T16:55:54.836+0000] {dagbag.py:545} INFO - Filling up the DagBag from /usr/local/python/3.12.1/lib/python3.12/site-packages/airflow/example_dags/example_external_task_marker_dag.py
[2026-07-02T16:55:54.841+0000] {processor.py:840} INFO - DAG(s) 'example_external_task_marker_child', 'example_external_task_marker_parent' retrieved from /usr/local/python/3.12.1/lib/python3.12/site-packages/airflow/example_dags/example_external_task_marker_dag.py
[2026-07-02T16:55:54.856+0000] {logging_mixin.py:188} INFO - [2026-07-02T16:55:54.856+0000] {dag.py:3089} INFO - Sync 2 DAGs
[2026-07-02T16:55:54.865+0000] {logging_mixin.py:188} INFO - [2026-07-02T16:55:54.865+0000] {dag.py:3947} INFO - Setting next_dagrun for example_external_task_marker_child to None, run_after=None
[2026-07-02T16:55:54.867+0000] {logging_mixin.py:188} INFO - [2026-07-02T16:55:54.867+0000] {dag.py:3947} INFO - Setting next_dagrun for example_external_task_marker_parent to None, run_after=None
[2026-07-02T16:55:54.890+0000] {processor.py:183} INFO - Processing /usr/local/python/3.12.1/lib/python3.12/site-packages/airflow/example_dags/example_external_task_marker_dag.py took 0.060 seconds
[2026-07-02T16:56:57.653+0000] {processor.py:161} INFO - Started process (PID=158773) to work on /usr/local/python/3.12.1/lib/python3.12/site-packages/airflow/example_dags/example_external_task_marker_dag.py
[2026-07-02T16:56:57.654+0000] {processor.py:830} INFO - Processing file /usr/local/python/3.12.1/lib/python3.12/site-packages/airflow/example_dags/example_external_task_marker_dag.py for tasks to queue
[2026-07-02T16:56:57.656+0000] {logging_mixin.py:188} INFO - [2026-07-02T16:56:57.655+0000] {dagbag.py:545} INFO - Filling up the DagBag from /usr/local/python/3.12.1/lib/python3.12/site-packages/airflow/example_dags/example_external_task_marker_dag.py
[2026-07-02T16:56:57.660+0000] {processor.py:840} INFO - DAG(s) 'example_external_task_marker_child', 'example_external_task_marker_parent' retrieved from /usr/local/python/3.12.1/lib/python3.12/site-packages/airflow/example_dags/example_external_task_marker_dag.py
[2026-07-02T16:56:57.674+0000] {logging_mixin.py:188} INFO - [2026-07-02T16:56:57.674+0000] {dag.py:3089} INFO - Sync 2 DAGs
[2026-07-02T16:56:57.689+0000] {logging_mixin.py:188} INFO - [2026-07-02T16:56:57.689+0000] {dag.py:3947} INFO - Setting next_dagrun for example_external_task_marker_child to None, run_after=None
[2026-07-02T16:56:57.693+0000] {logging_mixin.py:188} INFO - [2026-07-02T16:56:57.693+0000] {dag.py:3947} INFO - Setting next_dagrun for example_external_task_marker_parent to None, run_after=None
[2026-07-02T16:56:57.709+0000] {processor.py:183} INFO - Processing /usr/local/python/3.12.1/lib/python3.12/site-packages/airflow/example_dags/example_external_task_marker_dag.py took 0.060 seconds
[2026-07-02T16:57:59.653+0000] {processor.py:161} INFO - Started process (PID=159434) to work on /usr/local/python/3.12.1/lib/python3.12/site-packages/airflow/example_dags/example_external_task_marker_dag.py
[2026-07-02T16:57:59.654+0000] {processor.py:830} INFO - Processing file /usr/local/python/3.12.1/lib/python3.12/site-packages/airflow/example_dags/example_external_task_marker_dag.py for tasks to queue
[2026-07-02T16:57:59.656+0000] {logging_mixin.py:188} INFO - [2026-07-02T16:57:59.655+0000] {dagbag.py:545} INFO - Filling up the DagBag from /usr/local/python/3.12.1/lib/python3.12/site-packages/airflow/example_dags/example_external_task_marker_dag.py
[2026-07-02T16:57:59.661+0000] {processor.py:840} INFO - DAG(s) 'example_external_task_marker_child', 'example_external_task_marker_parent' retrieved from /usr/local/python/3.12.1/lib/python3.12/site-packages/airflow/example_dags/example_external_task_marker_dag.py
[2026-07-02T16:57:59.676+0000] {logging_mixin.py:188} INFO - [2026-07-02T16:57:59.676+0000] {dag.py:3089} INFO - Sync 2 DAGs
[2026-07-02T16:57:59.689+0000] {logging_mixin.py:188} INFO - [2026-07-02T16:57:59.689+0000] {dag.py:3947} INFO - Setting next_dagrun for example_external_task_marker_child to None, run_after=None
[2026-07-02T16:57:59.694+0000] {logging_mixin.py:188} INFO - [2026-07-02T16:57:59.693+0000] {dag.py:3947} INFO - Setting next_dagrun for example_external_task_marker_parent to None, run_after=None
[2026-07-02T16:57:59.710+0000] {processor.py:183} INFO - Processing /usr/local/python/3.12.1/lib/python3.12/site-packages/airflow/example_dags/example_external_task_marker_dag.py took 0.062 seconds
[2026-07-02T16:59:02.565+0000] {processor.py:161} INFO - Started process (PID=160122) to work on /usr/local/python/3.12.1/lib/python3.12/site-packages/airflow/example_dags/example_external_task_marker_dag.py
[2026-07-02T16:59:02.566+0000] {processor.py:830} INFO - Processing file /usr/local/python/3.12.1/lib/python3.12/site-packages/airflow/example_dags/example_external_task_marker_dag.py for tasks to queue
[2026-07-02T16:59:02.567+0000] {logging_mixin.py:188} INFO - [2026-07-02T16:59:02.567+0000] {dagbag.py:545} INFO - Filling up the DagBag from /usr/local/python/3.12.1/lib/python3.12/site-packages/airflow/example_dags/example_external_task_marker_dag.py
[2026-07-02T16:59:02.572+0000] {processor.py:840} INFO - DAG(s) 'example_external_task_marker_child', 'example_external_task_marker_parent' retrieved from /usr/local/python/3.12.1/lib/python3.12/site-packages/airflow/example_dags/example_external_task_marker_dag.py
[2026-07-02T16:59:02.591+0000] {logging_mixin.py:188} INFO - [2026-07-02T16:59:02.591+0000] {dag.py:3089} INFO - Sync 2 DAGs
[2026-07-02T16:59:02.601+0000] {logging_mixin.py:188} INFO - [2026-07-02T16:59:02.601+0000] {dag.py:3947} INFO - Setting next_dagrun for example_external_task_marker_child to None, run_after=None
[2026-07-02T16:59:02.604+0000] {logging_mixin.py:188} INFO - [2026-07-02T16:59:02.604+0000] {dag.py:3947} INFO - Setting next_dagrun for example_external_task_marker_parent to None, run_after=None
[2026-07-02T16:59:02.620+0000] {processor.py:183} INFO - Processing /usr/local/python/3.12.1/lib/python3.12/site-packages/airflow/example_dags/example_external_task_marker_dag.py took 0.060 seconds
[2026-07-02T17:00:03.117+0000] {processor.py:161} INFO - Started process (PID=160763) to work on /usr/local/python/3.12.1/lib/python3.12/site-packages/airflow/example_dags/example_external_task_marker_dag.py
[2026-07-02T17:00:03.118+0000] {processor.py:830} INFO - Processing file /usr/local/python/3.12.1/lib/python3.12/site-packages/airflow/example_dags/example_external_task_marker_dag.py for tasks to queue
[2026-07-02T17:00:03.120+0000] {logging_mixin.py:188} INFO - [2026-07-02T17:00:03.119+0000] {dagbag.py:545} INFO - Filling up the DagBag from /usr/local/python/3.12.1/lib/python3.12/site-packages/airflow/example_dags/example_external_task_marker_dag.py
[2026-07-02T17:00:03.127+0000] {processor.py:840} INFO - DAG(s) 'example_external_task_marker_child', 'example_external_task_marker_parent' retrieved from /usr/local/python/3.12.1/lib/python3.12/site-packages/airflow/example_dags/example_external_task_marker_dag.py
[2026-07-02T17:00:03.143+0000] {logging_mixin.py:188} INFO - [2026-07-02T17:00:03.143+0000] {dag.py:3089} INFO - Sync 2 DAGs
[2026-07-02T17:00:03.153+0000] {logging_mixin.py:188} INFO - [2026-07-02T17:00:03.152+0000] {dag.py:3947} INFO - Setting next_dagrun for example_external_task_marker_child to None, run_after=None
[2026-07-02T17:00:03.155+0000] {logging_mixin.py:188} INFO - [2026-07-02T17:00:03.155+0000] {dag.py:3947} INFO - Setting next_dagrun for example_external_task_marker_parent to None, run_after=None
[2026-07-02T17:00:03.172+0000] {processor.py:183} INFO - Processing /usr/local/python/3.12.1/lib/python3.12/site-packages/airflow/example_dags/example_external_task_marker_dag.py took 0.059 seconds
[2026-07-02T17:01:03.964+0000] {processor.py:161} INFO - Started process (PID=161402) to work on /usr/local/python/3.12.1/lib/python3.12/site-packages/airflow/example_dags/example_external_task_marker_dag.py
[2026-07-02T17:01:03.964+0000] {processor.py:830} INFO - Processing file /usr/local/python/3.12.1/lib/python3.12/site-packages/airflow/example_dags/example_external_task_marker_dag.py for tasks to queue
[2026-07-02T17:01:03.966+0000] {logging_mixin.py:188} INFO - [2026-07-02T17:01:03.966+0000] {dagbag.py:545} INFO - Filling up the DagBag from /usr/local/python/3.12.1/lib/python3.12/site-packages/airflow/example_dags/example_external_task_marker_dag.py
[2026-07-02T17:01:03.971+0000] {processor.py:840} INFO - DAG(s) 'example_external_task_marker_parent', 'example_external_task_marker_child' retrieved from /usr/local/python/3.12.1/lib/python3.12/site-packages/airflow/example_dags/example_external_task_marker_dag.py
[2026-07-02T17:01:03.989+0000] {logging_mixin.py:188} INFO - [2026-07-02T17:01:03.989+0000] {dag.py:3089} INFO - Sync 2 DAGs
[2026-07-02T17:01:04.000+0000] {logging_mixin.py:188} INFO - [2026-07-02T17:01:04.000+0000] {dag.py:3947} INFO - Setting next_dagrun for example_external_task_marker_child to None, run_after=None
[2026-07-02T17:01:04.004+0000] {logging_mixin.py:188} INFO - [2026-07-02T17:01:04.004+0000] {dag.py:3947} INFO - Setting next_dagrun for example_external_task_marker_parent to None, run_after=None
[2026-07-02T17:01:04.019+0000] {processor.py:183} INFO - Processing /usr/local/python/3.12.1/lib/python3.12/site-packages/airflow/example_dags/example_external_task_marker_dag.py took 0.061 seconds
[2026-07-02T17:02:07.870+0000] {processor.py:161} INFO - Started process (PID=162081) to work on /usr/local/python/3.12.1/lib/python3.12/site-packages/airflow/example_dags/example_external_task_marker_dag.py
[2026-07-02T17:02:07.871+0000] {processor.py:830} INFO - Processing file /usr/local/python/3.12.1/lib/python3.12/site-packages/airflow/example_dags/example_external_task_marker_dag.py for tasks to queue
[2026-07-02T17:02:07.873+0000] {logging_mixin.py:188} INFO - [2026-07-02T17:02:07.872+0000] {dagbag.py:545} INFO - Filling up the DagBag from /usr/local/python/3.12.1/lib/python3.12/site-packages/airflow/example_dags/example_external_task_marker_dag.py
[2026-07-02T17:02:07.879+0000] {processor.py:840} INFO - DAG(s) 'example_external_task_marker_parent', 'example_external_task_marker_child' retrieved from /usr/local/python/3.12.1/lib/python3.12/site-packages/airflow/example_dags/example_external_task_marker_dag.py
[2026-07-02T17:02:07.898+0000] {logging_mixin.py:188} INFO - [2026-07-02T17:02:07.898+0000] {dag.py:3089} INFO - Sync 2 DAGs
[2026-07-02T17:02:07.907+0000] {logging_mixin.py:188} INFO - [2026-07-02T17:02:07.907+0000] {dag.py:3947} INFO - Setting next_dagrun for example_external_task_marker_child to None, run_after=None
[2026-07-02T17:02:07.910+0000] {logging_mixin.py:188} INFO - [2026-07-02T17:02:07.910+0000] {dag.py:3947} INFO - Setting next_dagrun for example_external_task_marker_parent to None, run_after=None
[2026-07-02T17:02:07.925+0000] {processor.py:183} INFO - Processing /usr/local/python/3.12.1/lib/python3.12/site-packages/airflow/example_dags/example_external_task_marker_dag.py took 0.060 seconds
[2026-07-02T17:03:14.757+0000] {processor.py:161} INFO - Started process (PID=162766) to work on /usr/local/python/3.12.1/lib/python3.12/site-packages/airflow/example_dags/example_external_task_marker_dag.py
[2026-07-02T17:03:14.758+0000] {processor.py:830} INFO - Processing file /usr/local/python/3.12.1/lib/python3.12/site-packages/airflow/example_dags/example_external_task_marker_dag.py for tasks to queue
[2026-07-02T17:03:14.760+0000] {logging_mixin.py:188} INFO - [2026-07-02T17:03:14.759+0000] {dagbag.py:545} INFO - Filling up the DagBag from /usr/local/python/3.12.1/lib/python3.12/site-packages/airflow/example_dags/example_external_task_marker_dag.py
[2026-07-02T17:03:14.766+0000] {processor.py:840} INFO - DAG(s) 'example_external_task_marker_child', 'example_external_task_marker_parent' retrieved from /usr/local/python/3.12.1/lib/python3.12/site-packages/airflow/example_dags/example_external_task_marker_dag.py
[2026-07-02T17:03:14.787+0000] {logging_mixin.py:188} INFO - [2026-07-02T17:03:14.787+0000] {dag.py:3089} INFO - Sync 2 DAGs
[2026-07-02T17:03:14.799+0000] {logging_mixin.py:188} INFO - [2026-07-02T17:03:14.799+0000] {dag.py:3947} INFO - Setting next_dagrun for example_external_task_marker_child to None, run_after=None
[2026-07-02T17:03:14.802+0000] {logging_mixin.py:188} INFO - [2026-07-02T17:03:14.802+0000] {dag.py:3947} INFO - Setting next_dagrun for example_external_task_marker_parent to None, run_after=None
[2026-07-02T17:03:14.818+0000] {processor.py:183} INFO - Processing /usr/local/python/3.12.1/lib/python3.12/site-packages/airflow/example_dags/example_external_task_marker_dag.py took 0.066 seconds
[2026-07-02T17:04:17.459+0000] {processor.py:161} INFO - Started process (PID=163462) to work on /usr/local/python/3.12.1/lib/python3.12/site-packages/airflow/example_dags/example_external_task_marker_dag.py
[2026-07-02T17:04:17.460+0000] {processor.py:830} INFO - Processing file /usr/local/python/3.12.1/lib/python3.12/site-packages/airflow/example_dags/example_external_task_marker_dag.py for tasks to queue
[2026-07-02T17:04:17.462+0000] {logging_mixin.py:188} INFO - [2026-07-02T17:04:17.461+0000] {dagbag.py:545} INFO - Filling up the DagBag from /usr/local/python/3.12.1/lib/python3.12/site-packages/airflow/example_dags/example_external_task_marker_dag.py
[2026-07-02T17:04:17.467+0000] {processor.py:840} INFO - DAG(s) 'example_external_task_marker_child', 'example_external_task_marker_parent' retrieved from /usr/local/python/3.12.1/lib/python3.12/site-packages/airflow/example_dags/example_external_task_marker_dag.py
[2026-07-02T17:04:17.484+0000] {logging_mixin.py:188} INFO - [2026-07-02T17:04:17.484+0000] {dag.py:3089} INFO - Sync 2 DAGs
[2026-07-02T17:04:17.496+0000] {logging_mixin.py:188} INFO - [2026-07-02T17:04:17.496+0000] {dag.py:3947} INFO - Setting next_dagrun for example_external_task_marker_child to None, run_after=None
[2026-07-02T17:04:17.499+0000] {logging_mixin.py:188} INFO - [2026-07-02T17:04:17.499+0000] {dag.py:3947} INFO - Setting next_dagrun for example_external_task_marker_parent to None, run_after=None
[2026-07-02T17:04:17.513+0000] {processor.py:183} INFO - Processing /usr/local/python/3.12.1/lib/python3.12/site-packages/airflow/example_dags/example_external_task_marker_dag.py took 0.059 seconds
[2026-07-02T17:05:20.841+0000] {processor.py:161} INFO - Started process (PID=164103) to work on /usr/local/python/3.12.1/lib/python3.12/site-packages/airflow/example_dags/example_external_task_marker_dag.py
[2026-07-02T17:05:20.842+0000] {processor.py:830} INFO - Processing file /usr/local/python/3.12.1/lib/python3.12/site-packages/airflow/example_dags/example_external_task_marker_dag.py for tasks to queue
[2026-07-02T17:05:20.844+0000] {logging_mixin.py:188} INFO - [2026-07-02T17:05:20.843+0000] {dagbag.py:545} INFO - Filling up the DagBag from /usr/local/python/3.12.1/lib/python3.12/site-packages/airflow/example_dags/example_external_task_marker_dag.py
[2026-07-02T17:05:20.849+0000] {processor.py:840} INFO - DAG(s) 'example_external_task_marker_parent', 'example_external_task_marker_child' retrieved from /usr/local/python/3.12.1/lib/python3.12/site-packages/airflow/example_dags/example_external_task_marker_dag.py
[2026-07-02T17:05:20.864+0000] {logging_mixin.py:188} INFO - [2026-07-02T17:05:20.864+0000] {dag.py:3089} INFO - Sync 2 DAGs
[2026-07-02T17:05:20.873+0000] {logging_mixin.py:188} INFO - [2026-07-02T17:05:20.873+0000] {dag.py:3947} INFO - Setting next_dagrun for example_external_task_marker_child to None, run_after=None
[2026-07-02T17:05:20.876+0000] {logging_mixin.py:188} INFO - [2026-07-02T17:05:20.876+0000] {dag.py:3947} INFO - Setting next_dagrun for example_external_task_marker_parent to None, run_after=None
[2026-07-02T17:05:20.895+0000] {processor.py:183} INFO - Processing /usr/local/python/3.12.1/lib/python3.12/site-packages/airflow/example_dags/example_external_task_marker_dag.py took 0.061 seconds
[2026-07-02T17:06:25.340+0000] {processor.py:161} INFO - Started process (PID=164759) to work on /usr/local/python/3.12.1/lib/python3.12/site-packages/airflow/example_dags/example_external_task_marker_dag.py
[2026-07-02T17:06:25.341+0000] {processor.py:830} INFO - Processing file /usr/local/python/3.12.1/lib/python3.12/site-packages/airflow/example_dags/example_external_task_marker_dag.py for tasks to queue
[2026-07-02T17:06:25.344+0000] {logging_mixin.py:188} INFO - [2026-07-02T17:06:25.344+0000] {dagbag.py:545} INFO - Filling up the DagBag from /usr/local/python/3.12.1/lib/python3.12/site-packages/airflow/example_dags/example_external_task_marker_dag.py
[2026-07-02T17:06:25.363+0000] {processor.py:840} INFO - DAG(s) 'example_external_task_marker_parent', 'example_external_task_marker_child' retrieved from /usr/local/python/3.12.1/lib/python3.12/site-packages/airflow/example_dags/example_external_task_marker_dag.py
[2026-07-02T17:06:25.412+0000] {logging_mixin.py:188} INFO - [2026-07-02T17:06:25.411+0000] {dag.py:3089} INFO - Sync 2 DAGs
[2026-07-02T17:06:25.430+0000] {logging_mixin.py:188} INFO - [2026-07-02T17:06:25.430+0000] {dag.py:3947} INFO - Setting next_dagrun for example_external_task_marker_child to None, run_after=None
[2026-07-02T17:06:25.437+0000] {logging_mixin.py:188} INFO - [2026-07-02T17:06:25.437+0000] {dag.py:3947} INFO - Setting next_dagrun for example_external_task_marker_parent to None, run_after=None
[2026-07-02T17:06:25.490+0000] {processor.py:183} INFO - Processing /usr/local/python/3.12.1/lib/python3.12/site-packages/airflow/example_dags/example_external_task_marker_dag.py took 0.163 seconds
[2026-07-02T17:07:27.058+0000] {processor.py:161} INFO - Started process (PID=165456) to work on /usr/local/python/3.12.1/lib/python3.12/site-packages/airflow/example_dags/example_external_task_marker_dag.py
[2026-07-02T17:07:27.059+0000] {processor.py:830} INFO - Processing file /usr/local/python/3.12.1/lib/python3.12/site-packages/airflow/example_dags/example_external_task_marker_dag.py for tasks to queue
[2026-07-02T17:07:27.061+0000] {logging_mixin.py:188} INFO - [2026-07-02T17:07:27.061+0000] {dagbag.py:545} INFO - Filling up the DagBag from /usr/local/python/3.12.1/lib/python3.12/site-packages/airflow/example_dags/example_external_task_marker_dag.py
[2026-07-02T17:07:27.068+0000] {processor.py:840} INFO - DAG(s) 'example_external_task_marker_parent', 'example_external_task_marker_child' retrieved from /usr/local/python/3.12.1/lib/python3.12/site-packages/airflow/example_dags/example_external_task_marker_dag.py
[2026-07-02T17:07:27.089+0000] {logging_mixin.py:188} INFO - [2026-07-02T17:07:27.089+0000] {dag.py:3089} INFO - Sync 2 DAGs
[2026-07-02T17:07:27.103+0000] {logging_mixin.py:188} INFO - [2026-07-02T17:07:27.103+0000] {dag.py:3947} INFO - Setting next_dagrun for example_external_task_marker_child to None, run_after=None
[2026-07-02T17:07:27.108+0000] {logging_mixin.py:188} INFO - [2026-07-02T17:07:27.107+0000] {dag.py:3947} INFO - Setting next_dagrun for example_external_task_marker_parent to None, run_after=None
[2026-07-02T17:07:27.129+0000] {processor.py:183} INFO - Processing /usr/local/python/3.12.1/lib/python3.12/site-packages/airflow/example_dags/example_external_task_marker_dag.py took 0.077 seconds
[2026-07-02T17:08:33.767+0000] {processor.py:161} INFO - Started process (PID=166155) to work on /usr/local/python/3.12.1/lib/python3.12/site-packages/airflow/example_dags/example_external_task_marker_dag.py
[2026-07-02T17:08:33.768+0000] {processor.py:830} INFO - Processing file /usr/local/python/3.12.1/lib/python3.12/site-packages/airflow/example_dags/example_external_task_marker_dag.py for tasks to queue
[2026-07-02T17:08:33.769+0000] {logging_mixin.py:188} INFO - [2026-07-02T17:08:33.769+0000] {dagbag.py:545} INFO - Filling up the DagBag from /usr/local/python/3.12.1/lib/python3.12/site-packages/airflow/example_dags/example_external_task_marker_dag.py
[2026-07-02T17:08:33.774+0000] {processor.py:840} INFO - DAG(s) 'example_external_task_marker_child', 'example_external_task_marker_parent' retrieved from /usr/local/python/3.12.1/lib/python3.12/site-packages/airflow/example_dags/example_external_task_marker_dag.py
[2026-07-02T17:08:33.792+0000] {logging_mixin.py:188} INFO - [2026-07-02T17:08:33.792+0000] {dag.py:3089} INFO - Sync 2 DAGs
[2026-07-02T17:08:33.802+0000] {logging_mixin.py:188} INFO - [2026-07-02T17:08:33.802+0000] {dag.py:3947} INFO - Setting next_dagrun for example_external_task_marker_child to None, run_after=None
[2026-07-02T17:08:33.804+0000] {logging_mixin.py:188} INFO - [2026-07-02T17:08:33.804+0000] {dag.py:3947} INFO - Setting next_dagrun for example_external_task_marker_parent to None, run_after=None
[2026-07-02T17:08:33.818+0000] {processor.py:183} INFO - Processing /usr/local/python/3.12.1/lib/python3.12/site-packages/airflow/example_dags/example_external_task_marker_dag.py took 0.056 seconds
[2026-07-02T17:09:43.045+0000] {processor.py:161} INFO - Started process (PID=166896) to work on /usr/local/python/3.12.1/lib/python3.12/site-packages/airflow/example_dags/example_external_task_marker_dag.py
[2026-07-02T17:09:43.046+0000] {processor.py:830} INFO - Processing file /usr/local/python/3.12.1/lib/python3.12/site-packages/airflow/example_dags/example_external_task_marker_dag.py for tasks to queue
[2026-07-02T17:09:43.047+0000] {logging_mixin.py:188} INFO - [2026-07-02T17:09:43.047+0000] {dagbag.py:545} INFO - Filling up the DagBag from /usr/local/python/3.12.1/lib/python3.12/site-packages/airflow/example_dags/example_external_task_marker_dag.py
[2026-07-02T17:09:43.052+0000] {processor.py:840} INFO - DAG(s) 'example_external_task_marker_child', 'example_external_task_marker_parent' retrieved from /usr/local/python/3.12.1/lib/python3.12/site-packages/airflow/example_dags/example_external_task_marker_dag.py
[2026-07-02T17:09:43.067+0000] {logging_mixin.py:188} INFO - [2026-07-02T17:09:43.067+0000] {dag.py:3089} INFO - Sync 2 DAGs
[2026-07-02T17:09:43.077+0000] {logging_mixin.py:188} INFO - [2026-07-02T17:09:43.077+0000] {dag.py:3947} INFO - Setting next_dagrun for example_external_task_marker_child to None, run_after=None
[2026-07-02T17:09:43.081+0000] {logging_mixin.py:188} INFO - [2026-07-02T17:09:43.081+0000] {dag.py:3947} INFO - Setting next_dagrun for example_external_task_marker_parent to None, run_after=None
[2026-07-02T17:09:43.099+0000] {processor.py:183} INFO - Processing /usr/local/python/3.12.1/lib/python3.12/site-packages/airflow/example_dags/example_external_task_marker_dag.py took 0.059 seconds
[2026-07-02T17:10:52.233+0000] {processor.py:161} INFO - Started process (PID=167616) to work on /usr/local/python/3.12.1/lib/python3.12/site-packages/airflow/example_dags/example_external_task_marker_dag.py
[2026-07-02T17:10:52.234+0000] {processor.py:830} INFO - Processing file /usr/local/python/3.12.1/lib/python3.12/site-packages/airflow/example_dags/example_external_task_marker_dag.py for tasks to queue
[2026-07-02T17:10:52.236+0000] {logging_mixin.py:188} INFO - [2026-07-02T17:10:52.235+0000] {dagbag.py:545} INFO - Filling up the DagBag from /usr/local/python/3.12.1/lib/python3.12/site-packages/airflow/example_dags/example_external_task_marker_dag.py
[2026-07-02T17:10:52.241+0000] {processor.py:840} INFO - DAG(s) 'example_external_task_marker_child', 'example_external_task_marker_parent' retrieved from /usr/local/python/3.12.1/lib/python3.12/site-packages/airflow/example_dags/example_external_task_marker_dag.py
[2026-07-02T17:10:52.256+0000] {logging_mixin.py:188} INFO - [2026-07-02T17:10:52.255+0000] {dag.py:3089} INFO - Sync 2 DAGs
[2026-07-02T17:10:52.265+0000] {logging_mixin.py:188} INFO - [2026-07-02T17:10:52.265+0000] {dag.py:3947} INFO - Setting next_dagrun for example_external_task_marker_child to None, run_after=None
[2026-07-02T17:10:52.268+0000] {logging_mixin.py:188} INFO - [2026-07-02T17:10:52.268+0000] {dag.py:3947} INFO - Setting next_dagrun for example_external_task_marker_parent to None, run_after=None
[2026-07-02T17:10:52.289+0000] {processor.py:183} INFO - Processing /usr/local/python/3.12.1/lib/python3.12/site-packages/airflow/example_dags/example_external_task_marker_dag.py took 0.060 seconds
[2026-07-02T17:11:59.544+0000] {processor.py:161} INFO - Started process (PID=168334) to work on /usr/local/python/3.12.1/lib/python3.12/site-packages/airflow/example_dags/example_external_task_marker_dag.py
[2026-07-02T17:11:59.544+0000] {processor.py:830} INFO - Processing file /usr/local/python/3.12.1/lib/python3.12/site-packages/airflow/example_dags/example_external_task_marker_dag.py for tasks to queue
[2026-07-02T17:11:59.546+0000] {logging_mixin.py:188} INFO - [2026-07-02T17:11:59.546+0000] {dagbag.py:545} INFO - Filling up the DagBag from /usr/local/python/3.12.1/lib/python3.12/site-packages/airflow/example_dags/example_external_task_marker_dag.py
[2026-07-02T17:11:59.551+0000] {processor.py:840} INFO - DAG(s) 'example_external_task_marker_child', 'example_external_task_marker_parent' retrieved from /usr/local/python/3.12.1/lib/python3.12/site-packages/airflow/example_dags/example_external_task_marker_dag.py
[2026-07-02T17:11:59.566+0000] {logging_mixin.py:188} INFO - [2026-07-02T17:11:59.566+0000] {dag.py:3089} INFO - Sync 2 DAGs
[2026-07-02T17:11:59.575+0000] {logging_mixin.py:188} INFO - [2026-07-02T17:11:59.575+0000] {dag.py:3947} INFO - Setting next_dagrun for example_external_task_marker_child to None, run_after=None
[2026-07-02T17:11:59.579+0000] {logging_mixin.py:188} INFO - [2026-07-02T17:11:59.579+0000] {dag.py:3947} INFO - Setting next_dagrun for example_external_task_marker_parent to None, run_after=None
[2026-07-02T17:11:59.597+0000] {processor.py:183} INFO - Processing /usr/local/python/3.12.1/lib/python3.12/site-packages/airflow/example_dags/example_external_task_marker_dag.py took 0.057 seconds
[2026-07-02T17:13:01.390+0000] {processor.py:161} INFO - Started process (PID=168981) to work on /usr/local/python/3.12.1/lib/python3.12/site-packages/airflow/example_dags/example_external_task_marker_dag.py
[2026-07-02T17:13:01.391+0000] {processor.py:830} INFO - Processing file /usr/local/python/3.12.1/lib/python3.12/site-packages/airflow/example_dags/example_external_task_marker_dag.py for tasks to queue
[2026-07-02T17:13:01.393+0000] {logging_mixin.py:188} INFO - [2026-07-02T17:13:01.393+0000] {dagbag.py:545} INFO - Filling up the DagBag from /usr/local/python/3.12.1/lib/python3.12/site-packages/airflow/example_dags/example_external_task_marker_dag.py
[2026-07-02T17:13:01.399+0000] {processor.py:840} INFO - DAG(s) 'example_external_task_marker_parent', 'example_external_task_marker_child' retrieved from /usr/local/python/3.12.1/lib/python3.12/site-packages/airflow/example_dags/example_external_task_marker_dag.py
[2026-07-02T17:13:01.414+0000] {logging_mixin.py:188} INFO - [2026-07-02T17:13:01.414+0000] {dag.py:3089} INFO - Sync 2 DAGs
[2026-07-02T17:13:01.423+0000] {logging_mixin.py:188} INFO - [2026-07-02T17:13:01.423+0000] {dag.py:3947} INFO - Setting next_dagrun for example_external_task_marker_child to None, run_after=None
[2026-07-02T17:13:01.426+0000] {logging_mixin.py:188} INFO - [2026-07-02T17:13:01.426+0000] {dag.py:3947} INFO - Setting next_dagrun for example_external_task_marker_parent to None, run_after=None
[2026-07-02T17:13:01.440+0000] {processor.py:183} INFO - Processing /usr/local/python/3.12.1/lib/python3.12/site-packages/airflow/example_dags/example_external_task_marker_dag.py took 0.057 seconds
[2026-07-02T17:14:03.674+0000] {processor.py:161} INFO - Started process (PID=169692) to work on /usr/local/python/3.12.1/lib/python3.12/site-packages/airflow/example_dags/example_external_task_marker_dag.py
[2026-07-02T17:14:03.675+0000] {processor.py:830} INFO - Processing file /usr/local/python/3.12.1/lib/python3.12/site-packages/airflow/example_dags/example_external_task_marker_dag.py for tasks to queue
[2026-07-02T17:14:03.677+0000] {logging_mixin.py:188} INFO - [2026-07-02T17:14:03.676+0000] {dagbag.py:545} INFO - Filling up the DagBag from /usr/local/python/3.12.1/lib/python3.12/site-packages/airflow/example_dags/example_external_task_marker_dag.py
[2026-07-02T17:14:03.684+0000] {processor.py:840} INFO - DAG(s) 'example_external_task_marker_child', 'example_external_task_marker_parent' retrieved from /usr/local/python/3.12.1/lib/python3.12/site-packages/airflow/example_dags/example_external_task_marker_dag.py
[2026-07-02T17:14:03.720+0000] {logging_mixin.py:188} INFO - [2026-07-02T17:14:03.720+0000] {dag.py:3089} INFO - Sync 2 DAGs
[2026-07-02T17:14:03.732+0000] {logging_mixin.py:188} INFO - [2026-07-02T17:14:03.731+0000] {dag.py:3947} INFO - Setting next_dagrun for example_external_task_marker_child to None, run_after=None
[2026-07-02T17:14:03.735+0000] {logging_mixin.py:188} INFO - [2026-07-02T17:14:03.734+0000] {dag.py:3947} INFO - Setting next_dagrun for example_external_task_marker_parent to None, run_after=None
[2026-07-02T17:14:03.749+0000] {processor.py:183} INFO - Processing /usr/local/python/3.12.1/lib/python3.12/site-packages/airflow/example_dags/example_external_task_marker_dag.py took 0.088 seconds
[2026-07-02T17:15:08.546+0000] {processor.py:161} INFO - Started process (PID=170355) to work on /usr/local/python/3.12.1/lib/python3.12/site-packages/airflow/example_dags/example_external_task_marker_dag.py
[2026-07-02T17:15:08.547+0000] {processor.py:830} INFO - Processing file /usr/local/python/3.12.1/lib/python3.12/site-packages/airflow/example_dags/example_external_task_marker_dag.py for tasks to queue
[2026-07-02T17:15:08.549+0000] {logging_mixin.py:188} INFO - [2026-07-02T17:15:08.548+0000] {dagbag.py:545} INFO - Filling up the DagBag from /usr/local/python/3.12.1/lib/python3.12/site-packages/airflow/example_dags/example_external_task_marker_dag.py
[2026-07-02T17:15:08.554+0000] {processor.py:840} INFO - DAG(s) 'example_external_task_marker_parent', 'example_external_task_marker_child' retrieved from /usr/local/python/3.12.1/lib/python3.12/site-packages/airflow/example_dags/example_external_task_marker_dag.py
[2026-07-02T17:15:08.568+0000] {logging_mixin.py:188} INFO - [2026-07-02T17:15:08.568+0000] {dag.py:3089} INFO - Sync 2 DAGs
[2026-07-02T17:15:08.579+0000] {logging_mixin.py:188} INFO - [2026-07-02T17:15:08.579+0000] {dag.py:3947} INFO - Setting next_dagrun for example_external_task_marker_child to None, run_after=None
[2026-07-02T17:15:08.583+0000] {logging_mixin.py:188} INFO - [2026-07-02T17:15:08.583+0000] {dag.py:3947} INFO - Setting next_dagrun for example_external_task_marker_parent to None, run_after=None
[2026-07-02T17:15:08.600+0000] {processor.py:183} INFO - Processing /usr/local/python/3.12.1/lib/python3.12/site-packages/airflow/example_dags/example_external_task_marker_dag.py took 0.058 seconds
[2026-07-02T17:16:05.539+0000] {processor.py:161} INFO - Started process (PID=170938) to work on /usr/local/python/3.12.1/lib/python3.12/site-packages/airflow/example_dags/example_external_task_marker_dag.py
[2026-07-02T17:16:05.541+0000] {processor.py:830} INFO - Processing file /usr/local/python/3.12.1/lib/python3.12/site-packages/airflow/example_dags/example_external_task_marker_dag.py for tasks to queue
[2026-07-02T17:16:05.543+0000] {logging_mixin.py:188} INFO - [2026-07-02T17:16:05.543+0000] {dagbag.py:545} INFO - Filling up the DagBag from /usr/local/python/3.12.1/lib/python3.12/site-packages/airflow/example_dags/example_external_task_marker_dag.py
[2026-07-02T17:16:05.550+0000] {processor.py:840} INFO - DAG(s) 'example_external_task_marker_parent', 'example_external_task_marker_child' retrieved from /usr/local/python/3.12.1/lib/python3.12/site-packages/airflow/example_dags/example_external_task_marker_dag.py
[2026-07-02T17:16:05.568+0000] {logging_mixin.py:188} INFO - [2026-07-02T17:16:05.568+0000] {dag.py:3089} INFO - Sync 2 DAGs
[2026-07-02T17:16:05.577+0000] {logging_mixin.py:188} INFO - [2026-07-02T17:16:05.577+0000] {dag.py:3947} INFO - Setting next_dagrun for example_external_task_marker_child to None, run_after=None
[2026-07-02T17:16:05.581+0000] {logging_mixin.py:188} INFO - [2026-07-02T17:16:05.581+0000] {dag.py:3947} INFO - Setting next_dagrun for example_external_task_marker_parent to None, run_after=None
[2026-07-02T17:16:05.605+0000] {processor.py:183} INFO - Processing /usr/local/python/3.12.1/lib/python3.12/site-packages/airflow/example_dags/example_external_task_marker_dag.py took 0.073 seconds
[2026-07-02T17:17:06.389+0000] {processor.py:161} INFO - Started process (PID=171581) to work on /usr/local/python/3.12.1/lib/python3.12/site-packages/airflow/example_dags/example_external_task_marker_dag.py
[2026-07-02T17:17:06.390+0000] {processor.py:830} INFO - Processing file /usr/local/python/3.12.1/lib/python3.12/site-packages/airflow/example_dags/example_external_task_marker_dag.py for tasks to queue
[2026-07-02T17:17:06.393+0000] {logging_mixin.py:188} INFO - [2026-07-02T17:17:06.393+0000] {dagbag.py:545} INFO - Filling up the DagBag from /usr/local/python/3.12.1/lib/python3.12/site-packages/airflow/example_dags/example_external_task_marker_dag.py
[2026-07-02T17:17:06.401+0000] {processor.py:840} INFO - DAG(s) 'example_external_task_marker_child', 'example_external_task_marker_parent' retrieved from /usr/local/python/3.12.1/lib/python3.12/site-packages/airflow/example_dags/example_external_task_marker_dag.py
[2026-07-02T17:17:06.435+0000] {logging_mixin.py:188} INFO - [2026-07-02T17:17:06.434+0000] {dag.py:3089} INFO - Sync 2 DAGs
[2026-07-02T17:17:06.451+0000] {logging_mixin.py:188} INFO - [2026-07-02T17:17:06.450+0000] {dag.py:3947} INFO - Setting next_dagrun for example_external_task_marker_child to None, run_after=None
[2026-07-02T17:17:06.457+0000] {logging_mixin.py:188} INFO - [2026-07-02T17:17:06.456+0000] {dag.py:3947} INFO - Setting next_dagrun for example_external_task_marker_parent to None, run_after=None
[2026-07-02T17:17:06.485+0000] {processor.py:183} INFO - Processing /usr/local/python/3.12.1/lib/python3.12/site-packages/airflow/example_dags/example_external_task_marker_dag.py took 0.105 seconds
