[2026-07-02T16:24:17.971+0000] {processor.py:161} INFO - Started process (PID=117615) to work on /usr/local/python/3.12.1/lib/python3.12/site-packages/airflow/example_dags/example_task_group_decorator.py
[2026-07-02T16:24:17.971+0000] {processor.py:830} INFO - Processing file /usr/local/python/3.12.1/lib/python3.12/site-packages/airflow/example_dags/example_task_group_decorator.py for tasks to queue
[2026-07-02T16:24:17.973+0000] {logging_mixin.py:188} INFO - [2026-07-02T16:24:17.972+0000] {dagbag.py:545} INFO - Filling up the DagBag from /usr/local/python/3.12.1/lib/python3.12/site-packages/airflow/example_dags/example_task_group_decorator.py
[2026-07-02T16:24:17.983+0000] {processor.py:840} INFO - DAG(s) 'example_task_group_decorator' retrieved from /usr/local/python/3.12.1/lib/python3.12/site-packages/airflow/example_dags/example_task_group_decorator.py
[2026-07-02T16:24:18.069+0000] {logging_mixin.py:188} INFO - [2026-07-02T16:24:18.068+0000] {override.py:1858} INFO - Created Permission View: can delete on DAG:example_task_group_decorator
[2026-07-02T16:24:18.079+0000] {logging_mixin.py:188} INFO - [2026-07-02T16:24:18.078+0000] {override.py:1858} INFO - Created Permission View: can read on DAG:example_task_group_decorator
[2026-07-02T16:24:18.085+0000] {logging_mixin.py:188} INFO - [2026-07-02T16:24:18.084+0000] {override.py:1858} INFO - Created Permission View: can edit on DAG:example_task_group_decorator
[2026-07-02T16:24:18.085+0000] {logging_mixin.py:188} INFO - [2026-07-02T16:24:18.085+0000] {dag.py:3089} INFO - Sync 1 DAGs
[2026-07-02T16:24:18.093+0000] {logging_mixin.py:188} INFO - [2026-07-02T16:24:18.092+0000] {dag.py:3111} INFO - Creating ORM DAG for example_task_group_decorator
[2026-07-02T16:24:18.099+0000] {logging_mixin.py:188} INFO - [2026-07-02T16:24:18.099+0000] {dag.py:3947} INFO - Setting next_dagrun for example_task_group_decorator to 2026-07-01 00:00:00+00:00, run_after=2026-07-02 00:00:00+00:00
[2026-07-02T16:24:18.115+0000] {processor.py:183} INFO - Processing /usr/local/python/3.12.1/lib/python3.12/site-packages/airflow/example_dags/example_task_group_decorator.py took 0.148 seconds
[2026-07-02T16:25:12.719+0000] {processor.py:161} INFO - Started process (PID=118408) to work on /usr/local/python/3.12.1/lib/python3.12/site-packages/airflow/example_dags/example_task_group_decorator.py
[2026-07-02T16:25:12.719+0000] {processor.py:830} INFO - Processing file /usr/local/python/3.12.1/lib/python3.12/site-packages/airflow/example_dags/example_task_group_decorator.py for tasks to queue
[2026-07-02T16:25:12.721+0000] {logging_mixin.py:188} INFO - [2026-07-02T16:25:12.720+0000] {dagbag.py:545} INFO - Filling up the DagBag from /usr/local/python/3.12.1/lib/python3.12/site-packages/airflow/example_dags/example_task_group_decorator.py
[2026-07-02T16:25:12.732+0000] {processor.py:840} INFO - DAG(s) 'example_task_group_decorator' retrieved from /usr/local/python/3.12.1/lib/python3.12/site-packages/airflow/example_dags/example_task_group_decorator.py
[2026-07-02T16:25:12.749+0000] {logging_mixin.py:188} INFO - [2026-07-02T16:25:12.748+0000] {dag.py:3089} INFO - Sync 1 DAGs
[2026-07-02T16:25:12.764+0000] {logging_mixin.py:188} INFO - [2026-07-02T16:25:12.764+0000] {dag.py:3947} INFO - Setting next_dagrun for example_task_group_decorator to 2026-07-01 00:00:00+00:00, run_after=2026-07-02 00:00:00+00:00
[2026-07-02T16:25:12.790+0000] {processor.py:183} INFO - Processing /usr/local/python/3.12.1/lib/python3.12/site-packages/airflow/example_dags/example_task_group_decorator.py took 0.076 seconds
[2026-07-02T16:26:08.105+0000] {processor.py:161} INFO - Started process (PID=124889) to work on /usr/local/python/3.12.1/lib/python3.12/site-packages/airflow/example_dags/example_task_group_decorator.py
[2026-07-02T16:26:08.108+0000] {processor.py:830} INFO - Processing file /usr/local/python/3.12.1/lib/python3.12/site-packages/airflow/example_dags/example_task_group_decorator.py for tasks to queue
[2026-07-02T16:26:08.111+0000] {logging_mixin.py:188} INFO - [2026-07-02T16:26:08.109+0000] {dagbag.py:545} INFO - Filling up the DagBag from /usr/local/python/3.12.1/lib/python3.12/site-packages/airflow/example_dags/example_task_group_decorator.py
[2026-07-02T16:26:08.127+0000] {processor.py:840} INFO - DAG(s) 'example_task_group_decorator' retrieved from /usr/local/python/3.12.1/lib/python3.12/site-packages/airflow/example_dags/example_task_group_decorator.py
[2026-07-02T16:26:08.155+0000] {logging_mixin.py:188} INFO - [2026-07-02T16:26:08.154+0000] {dag.py:3089} INFO - Sync 1 DAGs
[2026-07-02T16:26:08.170+0000] {logging_mixin.py:188} INFO - [2026-07-02T16:26:08.170+0000] {dag.py:3947} INFO - Setting next_dagrun for example_task_group_decorator to 2026-07-01 00:00:00+00:00, run_after=2026-07-02 00:00:00+00:00
[2026-07-02T16:26:08.191+0000] {processor.py:183} INFO - Processing /usr/local/python/3.12.1/lib/python3.12/site-packages/airflow/example_dags/example_task_group_decorator.py took 0.107 seconds
[2026-07-02T16:27:20.401+0000] {processor.py:161} INFO - Started process (PID=127051) to work on /usr/local/python/3.12.1/lib/python3.12/site-packages/airflow/example_dags/example_task_group_decorator.py
[2026-07-02T16:27:20.411+0000] {processor.py:830} INFO - Processing file /usr/local/python/3.12.1/lib/python3.12/site-packages/airflow/example_dags/example_task_group_decorator.py for tasks to queue
[2026-07-02T16:27:20.417+0000] {logging_mixin.py:188} INFO - [2026-07-02T16:27:20.417+0000] {dagbag.py:545} INFO - Filling up the DagBag from /usr/local/python/3.12.1/lib/python3.12/site-packages/airflow/example_dags/example_task_group_decorator.py
[2026-07-02T16:27:20.459+0000] {processor.py:840} INFO - DAG(s) 'example_task_group_decorator' retrieved from /usr/local/python/3.12.1/lib/python3.12/site-packages/airflow/example_dags/example_task_group_decorator.py
[2026-07-02T16:27:20.538+0000] {logging_mixin.py:188} INFO - [2026-07-02T16:27:20.538+0000] {dag.py:3089} INFO - Sync 1 DAGs
[2026-07-02T16:27:20.592+0000] {logging_mixin.py:188} INFO - [2026-07-02T16:27:20.592+0000] {dag.py:3947} INFO - Setting next_dagrun for example_task_group_decorator to 2026-07-01 00:00:00+00:00, run_after=2026-07-02 00:00:00+00:00
[2026-07-02T16:27:20.738+0000] {processor.py:183} INFO - Processing /usr/local/python/3.12.1/lib/python3.12/site-packages/airflow/example_dags/example_task_group_decorator.py took 0.351 seconds
[2026-07-02T16:28:16.381+0000] {processor.py:161} INFO - Started process (PID=128912) to work on /usr/local/python/3.12.1/lib/python3.12/site-packages/airflow/example_dags/example_task_group_decorator.py
[2026-07-02T16:28:16.382+0000] {processor.py:830} INFO - Processing file /usr/local/python/3.12.1/lib/python3.12/site-packages/airflow/example_dags/example_task_group_decorator.py for tasks to queue
[2026-07-02T16:28:16.384+0000] {logging_mixin.py:188} INFO - [2026-07-02T16:28:16.384+0000] {dagbag.py:545} INFO - Filling up the DagBag from /usr/local/python/3.12.1/lib/python3.12/site-packages/airflow/example_dags/example_task_group_decorator.py
[2026-07-02T16:28:16.399+0000] {processor.py:840} INFO - DAG(s) 'example_task_group_decorator' retrieved from /usr/local/python/3.12.1/lib/python3.12/site-packages/airflow/example_dags/example_task_group_decorator.py
[2026-07-02T16:28:16.435+0000] {logging_mixin.py:188} INFO - [2026-07-02T16:28:16.434+0000] {dag.py:3089} INFO - Sync 1 DAGs
[2026-07-02T16:28:16.470+0000] {logging_mixin.py:188} INFO - [2026-07-02T16:28:16.468+0000] {dag.py:3947} INFO - Setting next_dagrun for example_task_group_decorator to 2026-07-01 00:00:00+00:00, run_after=2026-07-02 00:00:00+00:00
[2026-07-02T16:28:16.511+0000] {processor.py:183} INFO - Processing /usr/local/python/3.12.1/lib/python3.12/site-packages/airflow/example_dags/example_task_group_decorator.py took 0.137 seconds
[2026-07-02T16:29:18.506+0000] {processor.py:161} INFO - Started process (PID=129781) to work on /usr/local/python/3.12.1/lib/python3.12/site-packages/airflow/example_dags/example_task_group_decorator.py
[2026-07-02T16:29:18.508+0000] {processor.py:830} INFO - Processing file /usr/local/python/3.12.1/lib/python3.12/site-packages/airflow/example_dags/example_task_group_decorator.py for tasks to queue
[2026-07-02T16:29:18.509+0000] {logging_mixin.py:188} INFO - [2026-07-02T16:29:18.509+0000] {dagbag.py:545} INFO - Filling up the DagBag from /usr/local/python/3.12.1/lib/python3.12/site-packages/airflow/example_dags/example_task_group_decorator.py
[2026-07-02T16:29:18.521+0000] {processor.py:840} INFO - DAG(s) 'example_task_group_decorator' retrieved from /usr/local/python/3.12.1/lib/python3.12/site-packages/airflow/example_dags/example_task_group_decorator.py
[2026-07-02T16:29:18.659+0000] {logging_mixin.py:188} INFO - [2026-07-02T16:29:18.658+0000] {dag.py:3089} INFO - Sync 1 DAGs
[2026-07-02T16:29:18.672+0000] {logging_mixin.py:188} INFO - [2026-07-02T16:29:18.671+0000] {dag.py:3947} INFO - Setting next_dagrun for example_task_group_decorator to 2026-07-01 00:00:00+00:00, run_after=2026-07-02 00:00:00+00:00
[2026-07-02T16:29:18.689+0000] {processor.py:183} INFO - Processing /usr/local/python/3.12.1/lib/python3.12/site-packages/airflow/example_dags/example_task_group_decorator.py took 0.187 seconds
[2026-07-02T16:30:16.370+0000] {processor.py:161} INFO - Started process (PID=130426) to work on /usr/local/python/3.12.1/lib/python3.12/site-packages/airflow/example_dags/example_task_group_decorator.py
[2026-07-02T16:30:16.371+0000] {processor.py:830} INFO - Processing file /usr/local/python/3.12.1/lib/python3.12/site-packages/airflow/example_dags/example_task_group_decorator.py for tasks to queue
[2026-07-02T16:30:16.372+0000] {logging_mixin.py:188} INFO - [2026-07-02T16:30:16.372+0000] {dagbag.py:545} INFO - Filling up the DagBag from /usr/local/python/3.12.1/lib/python3.12/site-packages/airflow/example_dags/example_task_group_decorator.py
[2026-07-02T16:30:16.393+0000] {processor.py:840} INFO - DAG(s) 'example_task_group_decorator' retrieved from /usr/local/python/3.12.1/lib/python3.12/site-packages/airflow/example_dags/example_task_group_decorator.py
[2026-07-02T16:30:16.412+0000] {logging_mixin.py:188} INFO - [2026-07-02T16:30:16.412+0000] {dag.py:3089} INFO - Sync 1 DAGs
[2026-07-02T16:30:16.427+0000] {logging_mixin.py:188} INFO - [2026-07-02T16:30:16.427+0000] {dag.py:3947} INFO - Setting next_dagrun for example_task_group_decorator to 2026-07-01 00:00:00+00:00, run_after=2026-07-02 00:00:00+00:00
[2026-07-02T16:30:16.443+0000] {processor.py:183} INFO - Processing /usr/local/python/3.12.1/lib/python3.12/site-packages/airflow/example_dags/example_task_group_decorator.py took 0.077 seconds
[2026-07-02T16:31:06.946+0000] {processor.py:161} INFO - Started process (PID=131006) to work on /usr/local/python/3.12.1/lib/python3.12/site-packages/airflow/example_dags/example_task_group_decorator.py
[2026-07-02T16:31:06.947+0000] {processor.py:830} INFO - Processing file /usr/local/python/3.12.1/lib/python3.12/site-packages/airflow/example_dags/example_task_group_decorator.py for tasks to queue
[2026-07-02T16:31:06.948+0000] {logging_mixin.py:188} INFO - [2026-07-02T16:31:06.948+0000] {dagbag.py:545} INFO - Filling up the DagBag from /usr/local/python/3.12.1/lib/python3.12/site-packages/airflow/example_dags/example_task_group_decorator.py
[2026-07-02T16:31:06.959+0000] {processor.py:840} INFO - DAG(s) 'example_task_group_decorator' retrieved from /usr/local/python/3.12.1/lib/python3.12/site-packages/airflow/example_dags/example_task_group_decorator.py
[2026-07-02T16:31:06.979+0000] {logging_mixin.py:188} INFO - [2026-07-02T16:31:06.978+0000] {dag.py:3089} INFO - Sync 1 DAGs
[2026-07-02T16:31:06.999+0000] {logging_mixin.py:188} INFO - [2026-07-02T16:31:06.998+0000] {dag.py:3947} INFO - Setting next_dagrun for example_task_group_decorator to 2026-07-01 00:00:00+00:00, run_after=2026-07-02 00:00:00+00:00
[2026-07-02T16:31:07.016+0000] {processor.py:183} INFO - Processing /usr/local/python/3.12.1/lib/python3.12/site-packages/airflow/example_dags/example_task_group_decorator.py took 0.075 seconds
[2026-07-02T16:31:55.899+0000] {processor.py:161} INFO - Started process (PID=131546) to work on /usr/local/python/3.12.1/lib/python3.12/site-packages/airflow/example_dags/example_task_group_decorator.py
[2026-07-02T16:31:55.900+0000] {processor.py:830} INFO - Processing file /usr/local/python/3.12.1/lib/python3.12/site-packages/airflow/example_dags/example_task_group_decorator.py for tasks to queue
[2026-07-02T16:31:55.902+0000] {logging_mixin.py:188} INFO - [2026-07-02T16:31:55.902+0000] {dagbag.py:545} INFO - Filling up the DagBag from /usr/local/python/3.12.1/lib/python3.12/site-packages/airflow/example_dags/example_task_group_decorator.py
[2026-07-02T16:31:55.914+0000] {processor.py:840} INFO - DAG(s) 'example_task_group_decorator' retrieved from /usr/local/python/3.12.1/lib/python3.12/site-packages/airflow/example_dags/example_task_group_decorator.py
[2026-07-02T16:31:55.930+0000] {logging_mixin.py:188} INFO - [2026-07-02T16:31:55.930+0000] {dag.py:3089} INFO - Sync 1 DAGs
[2026-07-02T16:31:55.945+0000] {logging_mixin.py:188} INFO - [2026-07-02T16:31:55.945+0000] {dag.py:3947} INFO - Setting next_dagrun for example_task_group_decorator to 2026-07-01 00:00:00+00:00, run_after=2026-07-02 00:00:00+00:00
[2026-07-02T16:31:55.962+0000] {processor.py:183} INFO - Processing /usr/local/python/3.12.1/lib/python3.12/site-packages/airflow/example_dags/example_task_group_decorator.py took 0.068 seconds
[2026-07-02T16:32:47.056+0000] {processor.py:161} INFO - Started process (PID=133233) to work on /usr/local/python/3.12.1/lib/python3.12/site-packages/airflow/example_dags/example_task_group_decorator.py
[2026-07-02T16:32:47.056+0000] {processor.py:830} INFO - Processing file /usr/local/python/3.12.1/lib/python3.12/site-packages/airflow/example_dags/example_task_group_decorator.py for tasks to queue
[2026-07-02T16:32:47.058+0000] {logging_mixin.py:188} INFO - [2026-07-02T16:32:47.058+0000] {dagbag.py:545} INFO - Filling up the DagBag from /usr/local/python/3.12.1/lib/python3.12/site-packages/airflow/example_dags/example_task_group_decorator.py
[2026-07-02T16:32:47.070+0000] {processor.py:840} INFO - DAG(s) 'example_task_group_decorator' retrieved from /usr/local/python/3.12.1/lib/python3.12/site-packages/airflow/example_dags/example_task_group_decorator.py
[2026-07-02T16:32:47.094+0000] {logging_mixin.py:188} INFO - [2026-07-02T16:32:47.093+0000] {dag.py:3089} INFO - Sync 1 DAGs
[2026-07-02T16:32:47.109+0000] {logging_mixin.py:188} INFO - [2026-07-02T16:32:47.109+0000] {dag.py:3947} INFO - Setting next_dagrun for example_task_group_decorator to 2026-07-01 00:00:00+00:00, run_after=2026-07-02 00:00:00+00:00
[2026-07-02T16:32:47.125+0000] {processor.py:183} INFO - Processing /usr/local/python/3.12.1/lib/python3.12/site-packages/airflow/example_dags/example_task_group_decorator.py took 0.074 seconds
[2026-07-02T16:33:36.412+0000] {processor.py:161} INFO - Started process (PID=133794) to work on /usr/local/python/3.12.1/lib/python3.12/site-packages/airflow/example_dags/example_task_group_decorator.py
[2026-07-02T16:33:36.413+0000] {processor.py:830} INFO - Processing file /usr/local/python/3.12.1/lib/python3.12/site-packages/airflow/example_dags/example_task_group_decorator.py for tasks to queue
[2026-07-02T16:33:36.415+0000] {logging_mixin.py:188} INFO - [2026-07-02T16:33:36.414+0000] {dagbag.py:545} INFO - Filling up the DagBag from /usr/local/python/3.12.1/lib/python3.12/site-packages/airflow/example_dags/example_task_group_decorator.py
[2026-07-02T16:33:36.425+0000] {processor.py:840} INFO - DAG(s) 'example_task_group_decorator' retrieved from /usr/local/python/3.12.1/lib/python3.12/site-packages/airflow/example_dags/example_task_group_decorator.py
[2026-07-02T16:33:36.444+0000] {logging_mixin.py:188} INFO - [2026-07-02T16:33:36.444+0000] {dag.py:3089} INFO - Sync 1 DAGs
[2026-07-02T16:33:36.459+0000] {logging_mixin.py:188} INFO - [2026-07-02T16:33:36.458+0000] {dag.py:3947} INFO - Setting next_dagrun for example_task_group_decorator to 2026-07-01 00:00:00+00:00, run_after=2026-07-02 00:00:00+00:00
[2026-07-02T16:33:36.476+0000] {processor.py:183} INFO - Processing /usr/local/python/3.12.1/lib/python3.12/site-packages/airflow/example_dags/example_task_group_decorator.py took 0.068 seconds
[2026-07-02T16:34:25.569+0000] {processor.py:161} INFO - Started process (PID=134436) to work on /usr/local/python/3.12.1/lib/python3.12/site-packages/airflow/example_dags/example_task_group_decorator.py
[2026-07-02T16:34:25.570+0000] {processor.py:830} INFO - Processing file /usr/local/python/3.12.1/lib/python3.12/site-packages/airflow/example_dags/example_task_group_decorator.py for tasks to queue
[2026-07-02T16:34:25.572+0000] {logging_mixin.py:188} INFO - [2026-07-02T16:34:25.571+0000] {dagbag.py:545} INFO - Filling up the DagBag from /usr/local/python/3.12.1/lib/python3.12/site-packages/airflow/example_dags/example_task_group_decorator.py
[2026-07-02T16:34:25.587+0000] {processor.py:840} INFO - DAG(s) 'example_task_group_decorator' retrieved from /usr/local/python/3.12.1/lib/python3.12/site-packages/airflow/example_dags/example_task_group_decorator.py
[2026-07-02T16:34:25.607+0000] {logging_mixin.py:188} INFO - [2026-07-02T16:34:25.607+0000] {dag.py:3089} INFO - Sync 1 DAGs
[2026-07-02T16:34:25.622+0000] {logging_mixin.py:188} INFO - [2026-07-02T16:34:25.622+0000] {dag.py:3947} INFO - Setting next_dagrun for example_task_group_decorator to 2026-07-01 00:00:00+00:00, run_after=2026-07-02 00:00:00+00:00
[2026-07-02T16:34:25.638+0000] {processor.py:183} INFO - Processing /usr/local/python/3.12.1/lib/python3.12/site-packages/airflow/example_dags/example_task_group_decorator.py took 0.073 seconds
[2026-07-02T16:35:16.119+0000] {processor.py:161} INFO - Started process (PID=135068) to work on /usr/local/python/3.12.1/lib/python3.12/site-packages/airflow/example_dags/example_task_group_decorator.py
[2026-07-02T16:35:16.120+0000] {processor.py:830} INFO - Processing file /usr/local/python/3.12.1/lib/python3.12/site-packages/airflow/example_dags/example_task_group_decorator.py for tasks to queue
[2026-07-02T16:35:16.122+0000] {logging_mixin.py:188} INFO - [2026-07-02T16:35:16.122+0000] {dagbag.py:545} INFO - Filling up the DagBag from /usr/local/python/3.12.1/lib/python3.12/site-packages/airflow/example_dags/example_task_group_decorator.py
[2026-07-02T16:35:16.139+0000] {processor.py:840} INFO - DAG(s) 'example_task_group_decorator' retrieved from /usr/local/python/3.12.1/lib/python3.12/site-packages/airflow/example_dags/example_task_group_decorator.py
[2026-07-02T16:35:16.167+0000] {logging_mixin.py:188} INFO - [2026-07-02T16:35:16.166+0000] {dag.py:3089} INFO - Sync 1 DAGs
[2026-07-02T16:35:16.188+0000] {logging_mixin.py:188} INFO - [2026-07-02T16:35:16.188+0000] {dag.py:3947} INFO - Setting next_dagrun for example_task_group_decorator to 2026-07-01 00:00:00+00:00, run_after=2026-07-02 00:00:00+00:00
[2026-07-02T16:35:16.212+0000] {processor.py:183} INFO - Processing /usr/local/python/3.12.1/lib/python3.12/site-packages/airflow/example_dags/example_task_group_decorator.py took 0.099 seconds
[2026-07-02T16:36:15.017+0000] {processor.py:161} INFO - Started process (PID=136633) to work on /usr/local/python/3.12.1/lib/python3.12/site-packages/airflow/example_dags/example_task_group_decorator.py
[2026-07-02T16:36:15.017+0000] {processor.py:830} INFO - Processing file /usr/local/python/3.12.1/lib/python3.12/site-packages/airflow/example_dags/example_task_group_decorator.py for tasks to queue
[2026-07-02T16:36:15.019+0000] {logging_mixin.py:188} INFO - [2026-07-02T16:36:15.019+0000] {dagbag.py:545} INFO - Filling up the DagBag from /usr/local/python/3.12.1/lib/python3.12/site-packages/airflow/example_dags/example_task_group_decorator.py
[2026-07-02T16:36:15.030+0000] {processor.py:840} INFO - DAG(s) 'example_task_group_decorator' retrieved from /usr/local/python/3.12.1/lib/python3.12/site-packages/airflow/example_dags/example_task_group_decorator.py
[2026-07-02T16:36:15.047+0000] {logging_mixin.py:188} INFO - [2026-07-02T16:36:15.047+0000] {dag.py:3089} INFO - Sync 1 DAGs
[2026-07-02T16:36:15.062+0000] {logging_mixin.py:188} INFO - [2026-07-02T16:36:15.062+0000] {dag.py:3947} INFO - Setting next_dagrun for example_task_group_decorator to 2026-07-01 00:00:00+00:00, run_after=2026-07-02 00:00:00+00:00
[2026-07-02T16:36:15.082+0000] {processor.py:183} INFO - Processing /usr/local/python/3.12.1/lib/python3.12/site-packages/airflow/example_dags/example_task_group_decorator.py took 0.070 seconds
[2026-07-02T16:36:59.276+0000] {processor.py:161} INFO - Started process (PID=137224) to work on /usr/local/python/3.12.1/lib/python3.12/site-packages/airflow/example_dags/example_task_group_decorator.py
[2026-07-02T16:36:59.277+0000] {processor.py:830} INFO - Processing file /usr/local/python/3.12.1/lib/python3.12/site-packages/airflow/example_dags/example_task_group_decorator.py for tasks to queue
[2026-07-02T16:36:59.279+0000] {logging_mixin.py:188} INFO - [2026-07-02T16:36:59.278+0000] {dagbag.py:545} INFO - Filling up the DagBag from /usr/local/python/3.12.1/lib/python3.12/site-packages/airflow/example_dags/example_task_group_decorator.py
[2026-07-02T16:36:59.294+0000] {processor.py:840} INFO - DAG(s) 'example_task_group_decorator' retrieved from /usr/local/python/3.12.1/lib/python3.12/site-packages/airflow/example_dags/example_task_group_decorator.py
[2026-07-02T16:36:59.309+0000] {logging_mixin.py:188} INFO - [2026-07-02T16:36:59.309+0000] {dag.py:3089} INFO - Sync 1 DAGs
[2026-07-02T16:36:59.324+0000] {logging_mixin.py:188} INFO - [2026-07-02T16:36:59.324+0000] {dag.py:3947} INFO - Setting next_dagrun for example_task_group_decorator to 2026-07-01 00:00:00+00:00, run_after=2026-07-02 00:00:00+00:00
[2026-07-02T16:36:59.340+0000] {processor.py:183} INFO - Processing /usr/local/python/3.12.1/lib/python3.12/site-packages/airflow/example_dags/example_task_group_decorator.py took 0.069 seconds
[2026-07-02T16:37:46.481+0000] {processor.py:161} INFO - Started process (PID=138518) to work on /usr/local/python/3.12.1/lib/python3.12/site-packages/airflow/example_dags/example_task_group_decorator.py
[2026-07-02T16:37:46.482+0000] {processor.py:830} INFO - Processing file /usr/local/python/3.12.1/lib/python3.12/site-packages/airflow/example_dags/example_task_group_decorator.py for tasks to queue
[2026-07-02T16:37:46.484+0000] {logging_mixin.py:188} INFO - [2026-07-02T16:37:46.483+0000] {dagbag.py:545} INFO - Filling up the DagBag from /usr/local/python/3.12.1/lib/python3.12/site-packages/airflow/example_dags/example_task_group_decorator.py
[2026-07-02T16:37:46.498+0000] {processor.py:840} INFO - DAG(s) 'example_task_group_decorator' retrieved from /usr/local/python/3.12.1/lib/python3.12/site-packages/airflow/example_dags/example_task_group_decorator.py
[2026-07-02T16:37:46.514+0000] {logging_mixin.py:188} INFO - [2026-07-02T16:37:46.513+0000] {dag.py:3089} INFO - Sync 1 DAGs
[2026-07-02T16:37:46.528+0000] {logging_mixin.py:188} INFO - [2026-07-02T16:37:46.528+0000] {dag.py:3947} INFO - Setting next_dagrun for example_task_group_decorator to 2026-07-01 00:00:00+00:00, run_after=2026-07-02 00:00:00+00:00
[2026-07-02T16:37:46.545+0000] {processor.py:183} INFO - Processing /usr/local/python/3.12.1/lib/python3.12/site-packages/airflow/example_dags/example_task_group_decorator.py took 0.070 seconds
[2026-07-02T16:38:32.761+0000] {processor.py:161} INFO - Started process (PID=139489) to work on /usr/local/python/3.12.1/lib/python3.12/site-packages/airflow/example_dags/example_task_group_decorator.py
[2026-07-02T16:38:32.763+0000] {processor.py:830} INFO - Processing file /usr/local/python/3.12.1/lib/python3.12/site-packages/airflow/example_dags/example_task_group_decorator.py for tasks to queue
[2026-07-02T16:38:32.766+0000] {logging_mixin.py:188} INFO - [2026-07-02T16:38:32.765+0000] {dagbag.py:545} INFO - Filling up the DagBag from /usr/local/python/3.12.1/lib/python3.12/site-packages/airflow/example_dags/example_task_group_decorator.py
[2026-07-02T16:38:32.787+0000] {processor.py:840} INFO - DAG(s) 'example_task_group_decorator' retrieved from /usr/local/python/3.12.1/lib/python3.12/site-packages/airflow/example_dags/example_task_group_decorator.py
[2026-07-02T16:38:32.827+0000] {logging_mixin.py:188} INFO - [2026-07-02T16:38:32.826+0000] {dag.py:3089} INFO - Sync 1 DAGs
[2026-07-02T16:38:32.854+0000] {logging_mixin.py:188} INFO - [2026-07-02T16:38:32.854+0000] {dag.py:3947} INFO - Setting next_dagrun for example_task_group_decorator to 2026-07-01 00:00:00+00:00, run_after=2026-07-02 00:00:00+00:00
[2026-07-02T16:38:32.887+0000] {processor.py:183} INFO - Processing /usr/local/python/3.12.1/lib/python3.12/site-packages/airflow/example_dags/example_task_group_decorator.py took 0.132 seconds
[2026-07-02T16:39:20.477+0000] {processor.py:161} INFO - Started process (PID=140181) to work on /usr/local/python/3.12.1/lib/python3.12/site-packages/airflow/example_dags/example_task_group_decorator.py
[2026-07-02T16:39:20.480+0000] {processor.py:830} INFO - Processing file /usr/local/python/3.12.1/lib/python3.12/site-packages/airflow/example_dags/example_task_group_decorator.py for tasks to queue
[2026-07-02T16:39:20.482+0000] {logging_mixin.py:188} INFO - [2026-07-02T16:39:20.482+0000] {dagbag.py:545} INFO - Filling up the DagBag from /usr/local/python/3.12.1/lib/python3.12/site-packages/airflow/example_dags/example_task_group_decorator.py
[2026-07-02T16:39:20.519+0000] {processor.py:840} INFO - DAG(s) 'example_task_group_decorator' retrieved from /usr/local/python/3.12.1/lib/python3.12/site-packages/airflow/example_dags/example_task_group_decorator.py
[2026-07-02T16:39:20.580+0000] {logging_mixin.py:188} INFO - [2026-07-02T16:39:20.580+0000] {dag.py:3089} INFO - Sync 1 DAGs
[2026-07-02T16:39:20.645+0000] {logging_mixin.py:188} INFO - [2026-07-02T16:39:20.644+0000] {dag.py:3947} INFO - Setting next_dagrun for example_task_group_decorator to 2026-07-01 00:00:00+00:00, run_after=2026-07-02 00:00:00+00:00
[2026-07-02T16:39:20.743+0000] {processor.py:183} INFO - Processing /usr/local/python/3.12.1/lib/python3.12/site-packages/airflow/example_dags/example_task_group_decorator.py took 0.279 seconds
[2026-07-02T16:40:06.118+0000] {processor.py:161} INFO - Started process (PID=140772) to work on /usr/local/python/3.12.1/lib/python3.12/site-packages/airflow/example_dags/example_task_group_decorator.py
[2026-07-02T16:40:06.118+0000] {processor.py:830} INFO - Processing file /usr/local/python/3.12.1/lib/python3.12/site-packages/airflow/example_dags/example_task_group_decorator.py for tasks to queue
[2026-07-02T16:40:06.120+0000] {logging_mixin.py:188} INFO - [2026-07-02T16:40:06.119+0000] {dagbag.py:545} INFO - Filling up the DagBag from /usr/local/python/3.12.1/lib/python3.12/site-packages/airflow/example_dags/example_task_group_decorator.py
[2026-07-02T16:40:06.136+0000] {processor.py:840} INFO - DAG(s) 'example_task_group_decorator' retrieved from /usr/local/python/3.12.1/lib/python3.12/site-packages/airflow/example_dags/example_task_group_decorator.py
[2026-07-02T16:40:06.151+0000] {logging_mixin.py:188} INFO - [2026-07-02T16:40:06.151+0000] {dag.py:3089} INFO - Sync 1 DAGs
[2026-07-02T16:40:06.166+0000] {logging_mixin.py:188} INFO - [2026-07-02T16:40:06.166+0000] {dag.py:3947} INFO - Setting next_dagrun for example_task_group_decorator to 2026-07-01 00:00:00+00:00, run_after=2026-07-02 00:00:00+00:00
[2026-07-02T16:40:06.185+0000] {processor.py:183} INFO - Processing /usr/local/python/3.12.1/lib/python3.12/site-packages/airflow/example_dags/example_task_group_decorator.py took 0.072 seconds
[2026-07-02T16:41:00.217+0000] {processor.py:161} INFO - Started process (PID=141656) to work on /usr/local/python/3.12.1/lib/python3.12/site-packages/airflow/example_dags/example_task_group_decorator.py
[2026-07-02T16:41:00.218+0000] {processor.py:830} INFO - Processing file /usr/local/python/3.12.1/lib/python3.12/site-packages/airflow/example_dags/example_task_group_decorator.py for tasks to queue
[2026-07-02T16:41:00.220+0000] {logging_mixin.py:188} INFO - [2026-07-02T16:41:00.220+0000] {dagbag.py:545} INFO - Filling up the DagBag from /usr/local/python/3.12.1/lib/python3.12/site-packages/airflow/example_dags/example_task_group_decorator.py
[2026-07-02T16:41:00.236+0000] {processor.py:840} INFO - DAG(s) 'example_task_group_decorator' retrieved from /usr/local/python/3.12.1/lib/python3.12/site-packages/airflow/example_dags/example_task_group_decorator.py
[2026-07-02T16:41:00.252+0000] {logging_mixin.py:188} INFO - [2026-07-02T16:41:00.251+0000] {dag.py:3089} INFO - Sync 1 DAGs
[2026-07-02T16:41:00.267+0000] {logging_mixin.py:188} INFO - [2026-07-02T16:41:00.267+0000] {dag.py:3947} INFO - Setting next_dagrun for example_task_group_decorator to 2026-07-01 00:00:00+00:00, run_after=2026-07-02 00:00:00+00:00
[2026-07-02T16:41:00.287+0000] {processor.py:183} INFO - Processing /usr/local/python/3.12.1/lib/python3.12/site-packages/airflow/example_dags/example_task_group_decorator.py took 0.075 seconds
[2026-07-02T16:41:57.059+0000] {processor.py:161} INFO - Started process (PID=142531) to work on /usr/local/python/3.12.1/lib/python3.12/site-packages/airflow/example_dags/example_task_group_decorator.py
[2026-07-02T16:41:57.063+0000] {processor.py:830} INFO - Processing file /usr/local/python/3.12.1/lib/python3.12/site-packages/airflow/example_dags/example_task_group_decorator.py for tasks to queue
[2026-07-02T16:41:57.067+0000] {logging_mixin.py:188} INFO - [2026-07-02T16:41:57.067+0000] {dagbag.py:545} INFO - Filling up the DagBag from /usr/local/python/3.12.1/lib/python3.12/site-packages/airflow/example_dags/example_task_group_decorator.py
[2026-07-02T16:41:57.107+0000] {processor.py:840} INFO - DAG(s) 'example_task_group_decorator' retrieved from /usr/local/python/3.12.1/lib/python3.12/site-packages/airflow/example_dags/example_task_group_decorator.py
[2026-07-02T16:41:57.158+0000] {logging_mixin.py:188} INFO - [2026-07-02T16:41:57.158+0000] {dag.py:3089} INFO - Sync 1 DAGs
[2026-07-02T16:41:57.184+0000] {logging_mixin.py:188} INFO - [2026-07-02T16:41:57.184+0000] {dag.py:3947} INFO - Setting next_dagrun for example_task_group_decorator to 2026-07-01 00:00:00+00:00, run_after=2026-07-02 00:00:00+00:00
[2026-07-02T16:41:57.215+0000] {processor.py:183} INFO - Processing /usr/local/python/3.12.1/lib/python3.12/site-packages/airflow/example_dags/example_task_group_decorator.py took 0.167 seconds
[2026-07-02T16:43:14.525+0000] {processor.py:161} INFO - Started process (PID=143691) to work on /usr/local/python/3.12.1/lib/python3.12/site-packages/airflow/example_dags/example_task_group_decorator.py
[2026-07-02T16:43:14.599+0000] {processor.py:830} INFO - Processing file /usr/local/python/3.12.1/lib/python3.12/site-packages/airflow/example_dags/example_task_group_decorator.py for tasks to queue
[2026-07-02T16:43:14.602+0000] {logging_mixin.py:188} INFO - [2026-07-02T16:43:14.602+0000] {dagbag.py:545} INFO - Filling up the DagBag from /usr/local/python/3.12.1/lib/python3.12/site-packages/airflow/example_dags/example_task_group_decorator.py
[2026-07-02T16:43:14.642+0000] {processor.py:840} INFO - DAG(s) 'example_task_group_decorator' retrieved from /usr/local/python/3.12.1/lib/python3.12/site-packages/airflow/example_dags/example_task_group_decorator.py
[2026-07-02T16:43:14.686+0000] {logging_mixin.py:188} INFO - [2026-07-02T16:43:14.685+0000] {dag.py:3089} INFO - Sync 1 DAGs
[2026-07-02T16:43:14.719+0000] {logging_mixin.py:188} INFO - [2026-07-02T16:43:14.719+0000] {dag.py:3947} INFO - Setting next_dagrun for example_task_group_decorator to 2026-07-01 00:00:00+00:00, run_after=2026-07-02 00:00:00+00:00
[2026-07-02T16:43:14.757+0000] {processor.py:183} INFO - Processing /usr/local/python/3.12.1/lib/python3.12/site-packages/airflow/example_dags/example_task_group_decorator.py took 0.238 seconds
[2026-07-02T16:44:19.470+0000] {processor.py:161} INFO - Started process (PID=145304) to work on /usr/local/python/3.12.1/lib/python3.12/site-packages/airflow/example_dags/example_task_group_decorator.py
[2026-07-02T16:44:19.474+0000] {processor.py:830} INFO - Processing file /usr/local/python/3.12.1/lib/python3.12/site-packages/airflow/example_dags/example_task_group_decorator.py for tasks to queue
[2026-07-02T16:44:19.476+0000] {logging_mixin.py:188} INFO - [2026-07-02T16:44:19.475+0000] {dagbag.py:545} INFO - Filling up the DagBag from /usr/local/python/3.12.1/lib/python3.12/site-packages/airflow/example_dags/example_task_group_decorator.py
[2026-07-02T16:44:19.492+0000] {processor.py:840} INFO - DAG(s) 'example_task_group_decorator' retrieved from /usr/local/python/3.12.1/lib/python3.12/site-packages/airflow/example_dags/example_task_group_decorator.py
[2026-07-02T16:44:19.509+0000] {logging_mixin.py:188} INFO - [2026-07-02T16:44:19.508+0000] {dag.py:3089} INFO - Sync 1 DAGs
[2026-07-02T16:44:19.523+0000] {logging_mixin.py:188} INFO - [2026-07-02T16:44:19.523+0000] {dag.py:3947} INFO - Setting next_dagrun for example_task_group_decorator to 2026-07-01 00:00:00+00:00, run_after=2026-07-02 00:00:00+00:00
[2026-07-02T16:44:19.545+0000] {processor.py:183} INFO - Processing /usr/local/python/3.12.1/lib/python3.12/site-packages/airflow/example_dags/example_task_group_decorator.py took 0.080 seconds
[2026-07-02T16:45:29.675+0000] {processor.py:161} INFO - Started process (PID=147790) to work on /usr/local/python/3.12.1/lib/python3.12/site-packages/airflow/example_dags/example_task_group_decorator.py
[2026-07-02T16:45:29.680+0000] {processor.py:830} INFO - Processing file /usr/local/python/3.12.1/lib/python3.12/site-packages/airflow/example_dags/example_task_group_decorator.py for tasks to queue
[2026-07-02T16:45:29.682+0000] {logging_mixin.py:188} INFO - [2026-07-02T16:45:29.681+0000] {dagbag.py:545} INFO - Filling up the DagBag from /usr/local/python/3.12.1/lib/python3.12/site-packages/airflow/example_dags/example_task_group_decorator.py
[2026-07-02T16:45:29.698+0000] {processor.py:840} INFO - DAG(s) 'example_task_group_decorator' retrieved from /usr/local/python/3.12.1/lib/python3.12/site-packages/airflow/example_dags/example_task_group_decorator.py
[2026-07-02T16:45:29.714+0000] {logging_mixin.py:188} INFO - [2026-07-02T16:45:29.714+0000] {dag.py:3089} INFO - Sync 1 DAGs
[2026-07-02T16:45:29.728+0000] {logging_mixin.py:188} INFO - [2026-07-02T16:45:29.728+0000] {dag.py:3947} INFO - Setting next_dagrun for example_task_group_decorator to 2026-07-01 00:00:00+00:00, run_after=2026-07-02 00:00:00+00:00
[2026-07-02T16:45:29.745+0000] {processor.py:183} INFO - Processing /usr/local/python/3.12.1/lib/python3.12/site-packages/airflow/example_dags/example_task_group_decorator.py took 0.075 seconds
[2026-07-02T16:46:25.483+0000] {processor.py:161} INFO - Started process (PID=149301) to work on /usr/local/python/3.12.1/lib/python3.12/site-packages/airflow/example_dags/example_task_group_decorator.py
[2026-07-02T16:46:25.491+0000] {processor.py:830} INFO - Processing file /usr/local/python/3.12.1/lib/python3.12/site-packages/airflow/example_dags/example_task_group_decorator.py for tasks to queue
[2026-07-02T16:46:25.494+0000] {logging_mixin.py:188} INFO - [2026-07-02T16:46:25.493+0000] {dagbag.py:545} INFO - Filling up the DagBag from /usr/local/python/3.12.1/lib/python3.12/site-packages/airflow/example_dags/example_task_group_decorator.py
[2026-07-02T16:46:25.512+0000] {processor.py:840} INFO - DAG(s) 'example_task_group_decorator' retrieved from /usr/local/python/3.12.1/lib/python3.12/site-packages/airflow/example_dags/example_task_group_decorator.py
[2026-07-02T16:46:25.538+0000] {logging_mixin.py:188} INFO - [2026-07-02T16:46:25.538+0000] {dag.py:3089} INFO - Sync 1 DAGs
[2026-07-02T16:46:25.568+0000] {logging_mixin.py:188} INFO - [2026-07-02T16:46:25.568+0000] {dag.py:3947} INFO - Setting next_dagrun for example_task_group_decorator to 2026-07-01 00:00:00+00:00, run_after=2026-07-02 00:00:00+00:00
[2026-07-02T16:46:25.642+0000] {processor.py:183} INFO - Processing /usr/local/python/3.12.1/lib/python3.12/site-packages/airflow/example_dags/example_task_group_decorator.py took 0.165 seconds
[2026-07-02T16:47:24.193+0000] {processor.py:161} INFO - Started process (PID=151629) to work on /usr/local/python/3.12.1/lib/python3.12/site-packages/airflow/example_dags/example_task_group_decorator.py
[2026-07-02T16:47:24.195+0000] {processor.py:830} INFO - Processing file /usr/local/python/3.12.1/lib/python3.12/site-packages/airflow/example_dags/example_task_group_decorator.py for tasks to queue
[2026-07-02T16:47:24.199+0000] {logging_mixin.py:188} INFO - [2026-07-02T16:47:24.199+0000] {dagbag.py:545} INFO - Filling up the DagBag from /usr/local/python/3.12.1/lib/python3.12/site-packages/airflow/example_dags/example_task_group_decorator.py
[2026-07-02T16:47:24.250+0000] {processor.py:840} INFO - DAG(s) 'example_task_group_decorator' retrieved from /usr/local/python/3.12.1/lib/python3.12/site-packages/airflow/example_dags/example_task_group_decorator.py
[2026-07-02T16:47:24.302+0000] {logging_mixin.py:188} INFO - [2026-07-02T16:47:24.302+0000] {dag.py:3089} INFO - Sync 1 DAGs
[2026-07-02T16:47:24.325+0000] {logging_mixin.py:188} INFO - [2026-07-02T16:47:24.325+0000] {dag.py:3947} INFO - Setting next_dagrun for example_task_group_decorator to 2026-07-01 00:00:00+00:00, run_after=2026-07-02 00:00:00+00:00
[2026-07-02T16:47:24.365+0000] {processor.py:183} INFO - Processing /usr/local/python/3.12.1/lib/python3.12/site-packages/airflow/example_dags/example_task_group_decorator.py took 0.201 seconds
[2026-07-02T16:48:20.669+0000] {processor.py:161} INFO - Started process (PID=152849) to work on /usr/local/python/3.12.1/lib/python3.12/site-packages/airflow/example_dags/example_task_group_decorator.py
[2026-07-02T16:48:20.675+0000] {processor.py:830} INFO - Processing file /usr/local/python/3.12.1/lib/python3.12/site-packages/airflow/example_dags/example_task_group_decorator.py for tasks to queue
[2026-07-02T16:48:20.679+0000] {logging_mixin.py:188} INFO - [2026-07-02T16:48:20.678+0000] {dagbag.py:545} INFO - Filling up the DagBag from /usr/local/python/3.12.1/lib/python3.12/site-packages/airflow/example_dags/example_task_group_decorator.py
[2026-07-02T16:48:20.705+0000] {processor.py:840} INFO - DAG(s) 'example_task_group_decorator' retrieved from /usr/local/python/3.12.1/lib/python3.12/site-packages/airflow/example_dags/example_task_group_decorator.py
[2026-07-02T16:48:20.765+0000] {logging_mixin.py:188} INFO - [2026-07-02T16:48:20.765+0000] {dag.py:3089} INFO - Sync 1 DAGs
[2026-07-02T16:48:20.830+0000] {logging_mixin.py:188} INFO - [2026-07-02T16:48:20.830+0000] {dag.py:3947} INFO - Setting next_dagrun for example_task_group_decorator to 2026-07-01 00:00:00+00:00, run_after=2026-07-02 00:00:00+00:00
[2026-07-02T16:48:20.886+0000] {processor.py:183} INFO - Processing /usr/local/python/3.12.1/lib/python3.12/site-packages/airflow/example_dags/example_task_group_decorator.py took 0.224 seconds
[2026-07-02T16:49:08.410+0000] {processor.py:161} INFO - Started process (PID=153579) to work on /usr/local/python/3.12.1/lib/python3.12/site-packages/airflow/example_dags/example_task_group_decorator.py
[2026-07-02T16:49:08.411+0000] {processor.py:830} INFO - Processing file /usr/local/python/3.12.1/lib/python3.12/site-packages/airflow/example_dags/example_task_group_decorator.py for tasks to queue
[2026-07-02T16:49:08.413+0000] {logging_mixin.py:188} INFO - [2026-07-02T16:49:08.412+0000] {dagbag.py:545} INFO - Filling up the DagBag from /usr/local/python/3.12.1/lib/python3.12/site-packages/airflow/example_dags/example_task_group_decorator.py
[2026-07-02T16:49:08.424+0000] {processor.py:840} INFO - DAG(s) 'example_task_group_decorator' retrieved from /usr/local/python/3.12.1/lib/python3.12/site-packages/airflow/example_dags/example_task_group_decorator.py
[2026-07-02T16:49:08.439+0000] {logging_mixin.py:188} INFO - [2026-07-02T16:49:08.439+0000] {dag.py:3089} INFO - Sync 1 DAGs
[2026-07-02T16:49:08.456+0000] {logging_mixin.py:188} INFO - [2026-07-02T16:49:08.456+0000] {dag.py:3947} INFO - Setting next_dagrun for example_task_group_decorator to 2026-07-01 00:00:00+00:00, run_after=2026-07-02 00:00:00+00:00
[2026-07-02T16:49:08.474+0000] {processor.py:183} INFO - Processing /usr/local/python/3.12.1/lib/python3.12/site-packages/airflow/example_dags/example_task_group_decorator.py took 0.068 seconds
[2026-07-02T16:49:54.943+0000] {processor.py:161} INFO - Started process (PID=154174) to work on /usr/local/python/3.12.1/lib/python3.12/site-packages/airflow/example_dags/example_task_group_decorator.py
[2026-07-02T16:49:54.944+0000] {processor.py:830} INFO - Processing file /usr/local/python/3.12.1/lib/python3.12/site-packages/airflow/example_dags/example_task_group_decorator.py for tasks to queue
[2026-07-02T16:49:54.945+0000] {logging_mixin.py:188} INFO - [2026-07-02T16:49:54.945+0000] {dagbag.py:545} INFO - Filling up the DagBag from /usr/local/python/3.12.1/lib/python3.12/site-packages/airflow/example_dags/example_task_group_decorator.py
[2026-07-02T16:49:54.956+0000] {processor.py:840} INFO - DAG(s) 'example_task_group_decorator' retrieved from /usr/local/python/3.12.1/lib/python3.12/site-packages/airflow/example_dags/example_task_group_decorator.py
[2026-07-02T16:49:54.971+0000] {logging_mixin.py:188} INFO - [2026-07-02T16:49:54.971+0000] {dag.py:3089} INFO - Sync 1 DAGs
[2026-07-02T16:49:54.987+0000] {logging_mixin.py:188} INFO - [2026-07-02T16:49:54.987+0000] {dag.py:3947} INFO - Setting next_dagrun for example_task_group_decorator to 2026-07-01 00:00:00+00:00, run_after=2026-07-02 00:00:00+00:00
[2026-07-02T16:49:55.008+0000] {processor.py:183} INFO - Processing /usr/local/python/3.12.1/lib/python3.12/site-packages/airflow/example_dags/example_task_group_decorator.py took 0.070 seconds
[2026-07-02T16:50:41.592+0000] {processor.py:161} INFO - Started process (PID=154787) to work on /usr/local/python/3.12.1/lib/python3.12/site-packages/airflow/example_dags/example_task_group_decorator.py
[2026-07-02T16:50:41.593+0000] {processor.py:830} INFO - Processing file /usr/local/python/3.12.1/lib/python3.12/site-packages/airflow/example_dags/example_task_group_decorator.py for tasks to queue
[2026-07-02T16:50:41.595+0000] {logging_mixin.py:188} INFO - [2026-07-02T16:50:41.595+0000] {dagbag.py:545} INFO - Filling up the DagBag from /usr/local/python/3.12.1/lib/python3.12/site-packages/airflow/example_dags/example_task_group_decorator.py
[2026-07-02T16:50:41.606+0000] {processor.py:840} INFO - DAG(s) 'example_task_group_decorator' retrieved from /usr/local/python/3.12.1/lib/python3.12/site-packages/airflow/example_dags/example_task_group_decorator.py
[2026-07-02T16:50:41.621+0000] {logging_mixin.py:188} INFO - [2026-07-02T16:50:41.621+0000] {dag.py:3089} INFO - Sync 1 DAGs
[2026-07-02T16:50:41.636+0000] {logging_mixin.py:188} INFO - [2026-07-02T16:50:41.636+0000] {dag.py:3947} INFO - Setting next_dagrun for example_task_group_decorator to 2026-07-01 00:00:00+00:00, run_after=2026-07-02 00:00:00+00:00
[2026-07-02T16:50:41.654+0000] {processor.py:183} INFO - Processing /usr/local/python/3.12.1/lib/python3.12/site-packages/airflow/example_dags/example_task_group_decorator.py took 0.068 seconds
[2026-07-02T16:51:28.279+0000] {processor.py:161} INFO - Started process (PID=155268) to work on /usr/local/python/3.12.1/lib/python3.12/site-packages/airflow/example_dags/example_task_group_decorator.py
[2026-07-02T16:51:28.280+0000] {processor.py:830} INFO - Processing file /usr/local/python/3.12.1/lib/python3.12/site-packages/airflow/example_dags/example_task_group_decorator.py for tasks to queue
[2026-07-02T16:51:28.282+0000] {logging_mixin.py:188} INFO - [2026-07-02T16:51:28.281+0000] {dagbag.py:545} INFO - Filling up the DagBag from /usr/local/python/3.12.1/lib/python3.12/site-packages/airflow/example_dags/example_task_group_decorator.py
[2026-07-02T16:51:28.297+0000] {processor.py:840} INFO - DAG(s) 'example_task_group_decorator' retrieved from /usr/local/python/3.12.1/lib/python3.12/site-packages/airflow/example_dags/example_task_group_decorator.py
[2026-07-02T16:51:28.312+0000] {logging_mixin.py:188} INFO - [2026-07-02T16:51:28.312+0000] {dag.py:3089} INFO - Sync 1 DAGs
[2026-07-02T16:51:28.326+0000] {logging_mixin.py:188} INFO - [2026-07-02T16:51:28.326+0000] {dag.py:3947} INFO - Setting next_dagrun for example_task_group_decorator to 2026-07-01 00:00:00+00:00, run_after=2026-07-02 00:00:00+00:00
[2026-07-02T16:51:28.342+0000] {processor.py:183} INFO - Processing /usr/local/python/3.12.1/lib/python3.12/site-packages/airflow/example_dags/example_task_group_decorator.py took 0.069 seconds
[2026-07-02T16:52:10.600+0000] {processor.py:161} INFO - Started process (PID=155721) to work on /usr/local/python/3.12.1/lib/python3.12/site-packages/airflow/example_dags/example_task_group_decorator.py
[2026-07-02T16:52:10.600+0000] {processor.py:830} INFO - Processing file /usr/local/python/3.12.1/lib/python3.12/site-packages/airflow/example_dags/example_task_group_decorator.py for tasks to queue
[2026-07-02T16:52:10.602+0000] {logging_mixin.py:188} INFO - [2026-07-02T16:52:10.602+0000] {dagbag.py:545} INFO - Filling up the DagBag from /usr/local/python/3.12.1/lib/python3.12/site-packages/airflow/example_dags/example_task_group_decorator.py
[2026-07-02T16:52:10.616+0000] {processor.py:840} INFO - DAG(s) 'example_task_group_decorator' retrieved from /usr/local/python/3.12.1/lib/python3.12/site-packages/airflow/example_dags/example_task_group_decorator.py
[2026-07-02T16:52:10.633+0000] {logging_mixin.py:188} INFO - [2026-07-02T16:52:10.632+0000] {dag.py:3089} INFO - Sync 1 DAGs
[2026-07-02T16:52:10.649+0000] {logging_mixin.py:188} INFO - [2026-07-02T16:52:10.649+0000] {dag.py:3947} INFO - Setting next_dagrun for example_task_group_decorator to 2026-07-01 00:00:00+00:00, run_after=2026-07-02 00:00:00+00:00
[2026-07-02T16:52:10.664+0000] {processor.py:183} INFO - Processing /usr/local/python/3.12.1/lib/python3.12/site-packages/airflow/example_dags/example_task_group_decorator.py took 0.069 seconds
[2026-07-02T16:52:51.268+0000] {processor.py:161} INFO - Started process (PID=156150) to work on /usr/local/python/3.12.1/lib/python3.12/site-packages/airflow/example_dags/example_task_group_decorator.py
[2026-07-02T16:52:51.269+0000] {processor.py:830} INFO - Processing file /usr/local/python/3.12.1/lib/python3.12/site-packages/airflow/example_dags/example_task_group_decorator.py for tasks to queue
[2026-07-02T16:52:51.271+0000] {logging_mixin.py:188} INFO - [2026-07-02T16:52:51.270+0000] {dagbag.py:545} INFO - Filling up the DagBag from /usr/local/python/3.12.1/lib/python3.12/site-packages/airflow/example_dags/example_task_group_decorator.py
[2026-07-02T16:52:51.285+0000] {processor.py:840} INFO - DAG(s) 'example_task_group_decorator' retrieved from /usr/local/python/3.12.1/lib/python3.12/site-packages/airflow/example_dags/example_task_group_decorator.py
[2026-07-02T16:52:51.302+0000] {logging_mixin.py:188} INFO - [2026-07-02T16:52:51.302+0000] {dag.py:3089} INFO - Sync 1 DAGs
[2026-07-02T16:52:51.318+0000] {logging_mixin.py:188} INFO - [2026-07-02T16:52:51.317+0000] {dag.py:3947} INFO - Setting next_dagrun for example_task_group_decorator to 2026-07-01 00:00:00+00:00, run_after=2026-07-02 00:00:00+00:00
[2026-07-02T16:52:51.334+0000] {processor.py:183} INFO - Processing /usr/local/python/3.12.1/lib/python3.12/site-packages/airflow/example_dags/example_task_group_decorator.py took 0.070 seconds
[2026-07-02T16:53:33.091+0000] {processor.py:161} INFO - Started process (PID=156612) to work on /usr/local/python/3.12.1/lib/python3.12/site-packages/airflow/example_dags/example_task_group_decorator.py
[2026-07-02T16:53:33.092+0000] {processor.py:830} INFO - Processing file /usr/local/python/3.12.1/lib/python3.12/site-packages/airflow/example_dags/example_task_group_decorator.py for tasks to queue
[2026-07-02T16:53:33.094+0000] {logging_mixin.py:188} INFO - [2026-07-02T16:53:33.093+0000] {dagbag.py:545} INFO - Filling up the DagBag from /usr/local/python/3.12.1/lib/python3.12/site-packages/airflow/example_dags/example_task_group_decorator.py
[2026-07-02T16:53:33.105+0000] {processor.py:840} INFO - DAG(s) 'example_task_group_decorator' retrieved from /usr/local/python/3.12.1/lib/python3.12/site-packages/airflow/example_dags/example_task_group_decorator.py
[2026-07-02T16:53:33.121+0000] {logging_mixin.py:188} INFO - [2026-07-02T16:53:33.120+0000] {dag.py:3089} INFO - Sync 1 DAGs
[2026-07-02T16:53:33.135+0000] {logging_mixin.py:188} INFO - [2026-07-02T16:53:33.135+0000] {dag.py:3947} INFO - Setting next_dagrun for example_task_group_decorator to 2026-07-01 00:00:00+00:00, run_after=2026-07-02 00:00:00+00:00
[2026-07-02T16:53:33.151+0000] {processor.py:183} INFO - Processing /usr/local/python/3.12.1/lib/python3.12/site-packages/airflow/example_dags/example_task_group_decorator.py took 0.066 seconds
[2026-07-02T16:54:11.235+0000] {processor.py:161} INFO - Started process (PID=156981) to work on /usr/local/python/3.12.1/lib/python3.12/site-packages/airflow/example_dags/example_task_group_decorator.py
[2026-07-02T16:54:11.236+0000] {processor.py:830} INFO - Processing file /usr/local/python/3.12.1/lib/python3.12/site-packages/airflow/example_dags/example_task_group_decorator.py for tasks to queue
[2026-07-02T16:54:11.237+0000] {logging_mixin.py:188} INFO - [2026-07-02T16:54:11.237+0000] {dagbag.py:545} INFO - Filling up the DagBag from /usr/local/python/3.12.1/lib/python3.12/site-packages/airflow/example_dags/example_task_group_decorator.py
[2026-07-02T16:54:11.249+0000] {processor.py:840} INFO - DAG(s) 'example_task_group_decorator' retrieved from /usr/local/python/3.12.1/lib/python3.12/site-packages/airflow/example_dags/example_task_group_decorator.py
[2026-07-02T16:54:11.264+0000] {logging_mixin.py:188} INFO - [2026-07-02T16:54:11.263+0000] {dag.py:3089} INFO - Sync 1 DAGs
[2026-07-02T16:54:11.280+0000] {logging_mixin.py:188} INFO - [2026-07-02T16:54:11.280+0000] {dag.py:3947} INFO - Setting next_dagrun for example_task_group_decorator to 2026-07-01 00:00:00+00:00, run_after=2026-07-02 00:00:00+00:00
[2026-07-02T16:54:11.298+0000] {processor.py:183} INFO - Processing /usr/local/python/3.12.1/lib/python3.12/site-packages/airflow/example_dags/example_task_group_decorator.py took 0.068 seconds
[2026-07-02T16:55:05.098+0000] {processor.py:161} INFO - Started process (PID=157571) to work on /usr/local/python/3.12.1/lib/python3.12/site-packages/airflow/example_dags/example_task_group_decorator.py
[2026-07-02T16:55:05.099+0000] {processor.py:830} INFO - Processing file /usr/local/python/3.12.1/lib/python3.12/site-packages/airflow/example_dags/example_task_group_decorator.py for tasks to queue
[2026-07-02T16:55:05.102+0000] {logging_mixin.py:188} INFO - [2026-07-02T16:55:05.101+0000] {dagbag.py:545} INFO - Filling up the DagBag from /usr/local/python/3.12.1/lib/python3.12/site-packages/airflow/example_dags/example_task_group_decorator.py
[2026-07-02T16:55:05.129+0000] {processor.py:840} INFO - DAG(s) 'example_task_group_decorator' retrieved from /usr/local/python/3.12.1/lib/python3.12/site-packages/airflow/example_dags/example_task_group_decorator.py
[2026-07-02T16:55:05.157+0000] {logging_mixin.py:188} INFO - [2026-07-02T16:55:05.157+0000] {dag.py:3089} INFO - Sync 1 DAGs
[2026-07-02T16:55:05.186+0000] {logging_mixin.py:188} INFO - [2026-07-02T16:55:05.185+0000] {dag.py:3947} INFO - Setting next_dagrun for example_task_group_decorator to 2026-07-01 00:00:00+00:00, run_after=2026-07-02 00:00:00+00:00
[2026-07-02T16:55:05.215+0000] {processor.py:183} INFO - Processing /usr/local/python/3.12.1/lib/python3.12/site-packages/airflow/example_dags/example_task_group_decorator.py took 0.133 seconds
[2026-07-02T16:55:47.954+0000] {processor.py:161} INFO - Started process (PID=158028) to work on /usr/local/python/3.12.1/lib/python3.12/site-packages/airflow/example_dags/example_task_group_decorator.py
[2026-07-02T16:55:47.955+0000] {processor.py:830} INFO - Processing file /usr/local/python/3.12.1/lib/python3.12/site-packages/airflow/example_dags/example_task_group_decorator.py for tasks to queue
[2026-07-02T16:55:47.956+0000] {logging_mixin.py:188} INFO - [2026-07-02T16:55:47.956+0000] {dagbag.py:545} INFO - Filling up the DagBag from /usr/local/python/3.12.1/lib/python3.12/site-packages/airflow/example_dags/example_task_group_decorator.py
[2026-07-02T16:55:47.968+0000] {processor.py:840} INFO - DAG(s) 'example_task_group_decorator' retrieved from /usr/local/python/3.12.1/lib/python3.12/site-packages/airflow/example_dags/example_task_group_decorator.py
[2026-07-02T16:55:47.988+0000] {logging_mixin.py:188} INFO - [2026-07-02T16:55:47.987+0000] {dag.py:3089} INFO - Sync 1 DAGs
[2026-07-02T16:55:48.003+0000] {logging_mixin.py:188} INFO - [2026-07-02T16:55:48.003+0000] {dag.py:3947} INFO - Setting next_dagrun for example_task_group_decorator to 2026-07-01 00:00:00+00:00, run_after=2026-07-02 00:00:00+00:00
[2026-07-02T16:55:48.021+0000] {processor.py:183} INFO - Processing /usr/local/python/3.12.1/lib/python3.12/site-packages/airflow/example_dags/example_task_group_decorator.py took 0.073 seconds
[2026-07-02T16:56:28.840+0000] {processor.py:161} INFO - Started process (PID=158455) to work on /usr/local/python/3.12.1/lib/python3.12/site-packages/airflow/example_dags/example_task_group_decorator.py
[2026-07-02T16:56:28.841+0000] {processor.py:830} INFO - Processing file /usr/local/python/3.12.1/lib/python3.12/site-packages/airflow/example_dags/example_task_group_decorator.py for tasks to queue
[2026-07-02T16:56:28.842+0000] {logging_mixin.py:188} INFO - [2026-07-02T16:56:28.842+0000] {dagbag.py:545} INFO - Filling up the DagBag from /usr/local/python/3.12.1/lib/python3.12/site-packages/airflow/example_dags/example_task_group_decorator.py
[2026-07-02T16:56:28.853+0000] {processor.py:840} INFO - DAG(s) 'example_task_group_decorator' retrieved from /usr/local/python/3.12.1/lib/python3.12/site-packages/airflow/example_dags/example_task_group_decorator.py
[2026-07-02T16:56:28.868+0000] {logging_mixin.py:188} INFO - [2026-07-02T16:56:28.868+0000] {dag.py:3089} INFO - Sync 1 DAGs
[2026-07-02T16:56:28.886+0000] {logging_mixin.py:188} INFO - [2026-07-02T16:56:28.886+0000] {dag.py:3947} INFO - Setting next_dagrun for example_task_group_decorator to 2026-07-01 00:00:00+00:00, run_after=2026-07-02 00:00:00+00:00
[2026-07-02T16:56:28.905+0000] {processor.py:183} INFO - Processing /usr/local/python/3.12.1/lib/python3.12/site-packages/airflow/example_dags/example_task_group_decorator.py took 0.069 seconds
[2026-07-02T16:57:10.199+0000] {processor.py:161} INFO - Started process (PID=158923) to work on /usr/local/python/3.12.1/lib/python3.12/site-packages/airflow/example_dags/example_task_group_decorator.py
[2026-07-02T16:57:10.200+0000] {processor.py:830} INFO - Processing file /usr/local/python/3.12.1/lib/python3.12/site-packages/airflow/example_dags/example_task_group_decorator.py for tasks to queue
[2026-07-02T16:57:10.202+0000] {logging_mixin.py:188} INFO - [2026-07-02T16:57:10.201+0000] {dagbag.py:545} INFO - Filling up the DagBag from /usr/local/python/3.12.1/lib/python3.12/site-packages/airflow/example_dags/example_task_group_decorator.py
[2026-07-02T16:57:10.213+0000] {processor.py:840} INFO - DAG(s) 'example_task_group_decorator' retrieved from /usr/local/python/3.12.1/lib/python3.12/site-packages/airflow/example_dags/example_task_group_decorator.py
[2026-07-02T16:57:10.230+0000] {logging_mixin.py:188} INFO - [2026-07-02T16:57:10.230+0000] {dag.py:3089} INFO - Sync 1 DAGs
[2026-07-02T16:57:10.244+0000] {logging_mixin.py:188} INFO - [2026-07-02T16:57:10.244+0000] {dag.py:3947} INFO - Setting next_dagrun for example_task_group_decorator to 2026-07-01 00:00:00+00:00, run_after=2026-07-02 00:00:00+00:00
[2026-07-02T16:57:10.262+0000] {processor.py:183} INFO - Processing /usr/local/python/3.12.1/lib/python3.12/site-packages/airflow/example_dags/example_task_group_decorator.py took 0.067 seconds
[2026-07-02T16:57:51.923+0000] {processor.py:161} INFO - Started process (PID=159314) to work on /usr/local/python/3.12.1/lib/python3.12/site-packages/airflow/example_dags/example_task_group_decorator.py
[2026-07-02T16:57:51.923+0000] {processor.py:830} INFO - Processing file /usr/local/python/3.12.1/lib/python3.12/site-packages/airflow/example_dags/example_task_group_decorator.py for tasks to queue
[2026-07-02T16:57:51.925+0000] {logging_mixin.py:188} INFO - [2026-07-02T16:57:51.925+0000] {dagbag.py:545} INFO - Filling up the DagBag from /usr/local/python/3.12.1/lib/python3.12/site-packages/airflow/example_dags/example_task_group_decorator.py
[2026-07-02T16:57:51.936+0000] {processor.py:840} INFO - DAG(s) 'example_task_group_decorator' retrieved from /usr/local/python/3.12.1/lib/python3.12/site-packages/airflow/example_dags/example_task_group_decorator.py
[2026-07-02T16:57:51.952+0000] {logging_mixin.py:188} INFO - [2026-07-02T16:57:51.951+0000] {dag.py:3089} INFO - Sync 1 DAGs
[2026-07-02T16:57:51.967+0000] {logging_mixin.py:188} INFO - [2026-07-02T16:57:51.967+0000] {dag.py:3947} INFO - Setting next_dagrun for example_task_group_decorator to 2026-07-01 00:00:00+00:00, run_after=2026-07-02 00:00:00+00:00
[2026-07-02T16:57:51.987+0000] {processor.py:183} INFO - Processing /usr/local/python/3.12.1/lib/python3.12/site-packages/airflow/example_dags/example_task_group_decorator.py took 0.069 seconds
[2026-07-02T16:58:34.740+0000] {processor.py:161} INFO - Started process (PID=159814) to work on /usr/local/python/3.12.1/lib/python3.12/site-packages/airflow/example_dags/example_task_group_decorator.py
[2026-07-02T16:58:34.740+0000] {processor.py:830} INFO - Processing file /usr/local/python/3.12.1/lib/python3.12/site-packages/airflow/example_dags/example_task_group_decorator.py for tasks to queue
[2026-07-02T16:58:34.742+0000] {logging_mixin.py:188} INFO - [2026-07-02T16:58:34.742+0000] {dagbag.py:545} INFO - Filling up the DagBag from /usr/local/python/3.12.1/lib/python3.12/site-packages/airflow/example_dags/example_task_group_decorator.py
[2026-07-02T16:58:34.755+0000] {processor.py:840} INFO - DAG(s) 'example_task_group_decorator' retrieved from /usr/local/python/3.12.1/lib/python3.12/site-packages/airflow/example_dags/example_task_group_decorator.py
[2026-07-02T16:58:34.771+0000] {logging_mixin.py:188} INFO - [2026-07-02T16:58:34.770+0000] {dag.py:3089} INFO - Sync 1 DAGs
[2026-07-02T16:58:34.790+0000] {logging_mixin.py:188} INFO - [2026-07-02T16:58:34.790+0000] {dag.py:3947} INFO - Setting next_dagrun for example_task_group_decorator to 2026-07-01 00:00:00+00:00, run_after=2026-07-02 00:00:00+00:00
[2026-07-02T16:58:34.826+0000] {processor.py:183} INFO - Processing /usr/local/python/3.12.1/lib/python3.12/site-packages/airflow/example_dags/example_task_group_decorator.py took 0.091 seconds
[2026-07-02T16:59:15.283+0000] {processor.py:161} INFO - Started process (PID=160257) to work on /usr/local/python/3.12.1/lib/python3.12/site-packages/airflow/example_dags/example_task_group_decorator.py
[2026-07-02T16:59:15.284+0000] {processor.py:830} INFO - Processing file /usr/local/python/3.12.1/lib/python3.12/site-packages/airflow/example_dags/example_task_group_decorator.py for tasks to queue
[2026-07-02T16:59:15.286+0000] {logging_mixin.py:188} INFO - [2026-07-02T16:59:15.286+0000] {dagbag.py:545} INFO - Filling up the DagBag from /usr/local/python/3.12.1/lib/python3.12/site-packages/airflow/example_dags/example_task_group_decorator.py
[2026-07-02T16:59:15.300+0000] {processor.py:840} INFO - DAG(s) 'example_task_group_decorator' retrieved from /usr/local/python/3.12.1/lib/python3.12/site-packages/airflow/example_dags/example_task_group_decorator.py
[2026-07-02T16:59:15.316+0000] {logging_mixin.py:188} INFO - [2026-07-02T16:59:15.316+0000] {dag.py:3089} INFO - Sync 1 DAGs
[2026-07-02T16:59:15.330+0000] {logging_mixin.py:188} INFO - [2026-07-02T16:59:15.330+0000] {dag.py:3947} INFO - Setting next_dagrun for example_task_group_decorator to 2026-07-01 00:00:00+00:00, run_after=2026-07-02 00:00:00+00:00
[2026-07-02T16:59:15.347+0000] {processor.py:183} INFO - Processing /usr/local/python/3.12.1/lib/python3.12/site-packages/airflow/example_dags/example_task_group_decorator.py took 0.070 seconds
[2026-07-02T16:59:55.378+0000] {processor.py:161} INFO - Started process (PID=160647) to work on /usr/local/python/3.12.1/lib/python3.12/site-packages/airflow/example_dags/example_task_group_decorator.py
[2026-07-02T16:59:55.379+0000] {processor.py:830} INFO - Processing file /usr/local/python/3.12.1/lib/python3.12/site-packages/airflow/example_dags/example_task_group_decorator.py for tasks to queue
[2026-07-02T16:59:55.381+0000] {logging_mixin.py:188} INFO - [2026-07-02T16:59:55.380+0000] {dagbag.py:545} INFO - Filling up the DagBag from /usr/local/python/3.12.1/lib/python3.12/site-packages/airflow/example_dags/example_task_group_decorator.py
[2026-07-02T16:59:55.396+0000] {processor.py:840} INFO - DAG(s) 'example_task_group_decorator' retrieved from /usr/local/python/3.12.1/lib/python3.12/site-packages/airflow/example_dags/example_task_group_decorator.py
[2026-07-02T16:59:55.413+0000] {logging_mixin.py:188} INFO - [2026-07-02T16:59:55.413+0000] {dag.py:3089} INFO - Sync 1 DAGs
[2026-07-02T16:59:55.428+0000] {logging_mixin.py:188} INFO - [2026-07-02T16:59:55.428+0000] {dag.py:3947} INFO - Setting next_dagrun for example_task_group_decorator to 2026-07-01 00:00:00+00:00, run_after=2026-07-02 00:00:00+00:00
[2026-07-02T16:59:55.445+0000] {processor.py:183} INFO - Processing /usr/local/python/3.12.1/lib/python3.12/site-packages/airflow/example_dags/example_task_group_decorator.py took 0.073 seconds
[2026-07-02T17:00:36.550+0000] {processor.py:161} INFO - Started process (PID=161087) to work on /usr/local/python/3.12.1/lib/python3.12/site-packages/airflow/example_dags/example_task_group_decorator.py
[2026-07-02T17:00:36.551+0000] {processor.py:830} INFO - Processing file /usr/local/python/3.12.1/lib/python3.12/site-packages/airflow/example_dags/example_task_group_decorator.py for tasks to queue
[2026-07-02T17:00:36.552+0000] {logging_mixin.py:188} INFO - [2026-07-02T17:00:36.552+0000] {dagbag.py:545} INFO - Filling up the DagBag from /usr/local/python/3.12.1/lib/python3.12/site-packages/airflow/example_dags/example_task_group_decorator.py
[2026-07-02T17:00:36.563+0000] {processor.py:840} INFO - DAG(s) 'example_task_group_decorator' retrieved from /usr/local/python/3.12.1/lib/python3.12/site-packages/airflow/example_dags/example_task_group_decorator.py
[2026-07-02T17:00:36.581+0000] {logging_mixin.py:188} INFO - [2026-07-02T17:00:36.581+0000] {dag.py:3089} INFO - Sync 1 DAGs
[2026-07-02T17:00:36.597+0000] {logging_mixin.py:188} INFO - [2026-07-02T17:00:36.597+0000] {dag.py:3947} INFO - Setting next_dagrun for example_task_group_decorator to 2026-07-01 00:00:00+00:00, run_after=2026-07-02 00:00:00+00:00
[2026-07-02T17:00:36.613+0000] {processor.py:183} INFO - Processing /usr/local/python/3.12.1/lib/python3.12/site-packages/airflow/example_dags/example_task_group_decorator.py took 0.068 seconds
[2026-07-02T17:01:17.204+0000] {processor.py:161} INFO - Started process (PID=161528) to work on /usr/local/python/3.12.1/lib/python3.12/site-packages/airflow/example_dags/example_task_group_decorator.py
[2026-07-02T17:01:17.205+0000] {processor.py:830} INFO - Processing file /usr/local/python/3.12.1/lib/python3.12/site-packages/airflow/example_dags/example_task_group_decorator.py for tasks to queue
[2026-07-02T17:01:17.207+0000] {logging_mixin.py:188} INFO - [2026-07-02T17:01:17.206+0000] {dagbag.py:545} INFO - Filling up the DagBag from /usr/local/python/3.12.1/lib/python3.12/site-packages/airflow/example_dags/example_task_group_decorator.py
[2026-07-02T17:01:17.218+0000] {processor.py:840} INFO - DAG(s) 'example_task_group_decorator' retrieved from /usr/local/python/3.12.1/lib/python3.12/site-packages/airflow/example_dags/example_task_group_decorator.py
[2026-07-02T17:01:17.234+0000] {logging_mixin.py:188} INFO - [2026-07-02T17:01:17.234+0000] {dag.py:3089} INFO - Sync 1 DAGs
[2026-07-02T17:01:17.249+0000] {logging_mixin.py:188} INFO - [2026-07-02T17:01:17.249+0000] {dag.py:3947} INFO - Setting next_dagrun for example_task_group_decorator to 2026-07-01 00:00:00+00:00, run_after=2026-07-02 00:00:00+00:00
[2026-07-02T17:01:17.265+0000] {processor.py:183} INFO - Processing /usr/local/python/3.12.1/lib/python3.12/site-packages/airflow/example_dags/example_task_group_decorator.py took 0.065 seconds
[2026-07-02T17:01:59.027+0000] {processor.py:161} INFO - Started process (PID=161955) to work on /usr/local/python/3.12.1/lib/python3.12/site-packages/airflow/example_dags/example_task_group_decorator.py
[2026-07-02T17:01:59.027+0000] {processor.py:830} INFO - Processing file /usr/local/python/3.12.1/lib/python3.12/site-packages/airflow/example_dags/example_task_group_decorator.py for tasks to queue
[2026-07-02T17:01:59.029+0000] {logging_mixin.py:188} INFO - [2026-07-02T17:01:59.028+0000] {dagbag.py:545} INFO - Filling up the DagBag from /usr/local/python/3.12.1/lib/python3.12/site-packages/airflow/example_dags/example_task_group_decorator.py
[2026-07-02T17:01:59.040+0000] {processor.py:840} INFO - DAG(s) 'example_task_group_decorator' retrieved from /usr/local/python/3.12.1/lib/python3.12/site-packages/airflow/example_dags/example_task_group_decorator.py
[2026-07-02T17:01:59.057+0000] {logging_mixin.py:188} INFO - [2026-07-02T17:01:59.056+0000] {dag.py:3089} INFO - Sync 1 DAGs
[2026-07-02T17:01:59.072+0000] {logging_mixin.py:188} INFO - [2026-07-02T17:01:59.072+0000] {dag.py:3947} INFO - Setting next_dagrun for example_task_group_decorator to 2026-07-01 00:00:00+00:00, run_after=2026-07-02 00:00:00+00:00
[2026-07-02T17:01:59.092+0000] {processor.py:183} INFO - Processing /usr/local/python/3.12.1/lib/python3.12/site-packages/airflow/example_dags/example_task_group_decorator.py took 0.071 seconds
[2026-07-02T17:02:45.076+0000] {processor.py:161} INFO - Started process (PID=162456) to work on /usr/local/python/3.12.1/lib/python3.12/site-packages/airflow/example_dags/example_task_group_decorator.py
[2026-07-02T17:02:45.077+0000] {processor.py:830} INFO - Processing file /usr/local/python/3.12.1/lib/python3.12/site-packages/airflow/example_dags/example_task_group_decorator.py for tasks to queue
[2026-07-02T17:02:45.079+0000] {logging_mixin.py:188} INFO - [2026-07-02T17:02:45.079+0000] {dagbag.py:545} INFO - Filling up the DagBag from /usr/local/python/3.12.1/lib/python3.12/site-packages/airflow/example_dags/example_task_group_decorator.py
[2026-07-02T17:02:45.096+0000] {processor.py:840} INFO - DAG(s) 'example_task_group_decorator' retrieved from /usr/local/python/3.12.1/lib/python3.12/site-packages/airflow/example_dags/example_task_group_decorator.py
[2026-07-02T17:02:45.111+0000] {logging_mixin.py:188} INFO - [2026-07-02T17:02:45.111+0000] {dag.py:3089} INFO - Sync 1 DAGs
[2026-07-02T17:02:45.126+0000] {logging_mixin.py:188} INFO - [2026-07-02T17:02:45.126+0000] {dag.py:3947} INFO - Setting next_dagrun for example_task_group_decorator to 2026-07-01 00:00:00+00:00, run_after=2026-07-02 00:00:00+00:00
[2026-07-02T17:02:45.144+0000] {processor.py:183} INFO - Processing /usr/local/python/3.12.1/lib/python3.12/site-packages/airflow/example_dags/example_task_group_decorator.py took 0.073 seconds
[2026-07-02T17:03:27.917+0000] {processor.py:161} INFO - Started process (PID=162904) to work on /usr/local/python/3.12.1/lib/python3.12/site-packages/airflow/example_dags/example_task_group_decorator.py
[2026-07-02T17:03:27.918+0000] {processor.py:830} INFO - Processing file /usr/local/python/3.12.1/lib/python3.12/site-packages/airflow/example_dags/example_task_group_decorator.py for tasks to queue
[2026-07-02T17:03:27.919+0000] {logging_mixin.py:188} INFO - [2026-07-02T17:03:27.919+0000] {dagbag.py:545} INFO - Filling up the DagBag from /usr/local/python/3.12.1/lib/python3.12/site-packages/airflow/example_dags/example_task_group_decorator.py
[2026-07-02T17:03:27.931+0000] {processor.py:840} INFO - DAG(s) 'example_task_group_decorator' retrieved from /usr/local/python/3.12.1/lib/python3.12/site-packages/airflow/example_dags/example_task_group_decorator.py
[2026-07-02T17:03:27.946+0000] {logging_mixin.py:188} INFO - [2026-07-02T17:03:27.946+0000] {dag.py:3089} INFO - Sync 1 DAGs
[2026-07-02T17:03:27.964+0000] {logging_mixin.py:188} INFO - [2026-07-02T17:03:27.964+0000] {dag.py:3947} INFO - Setting next_dagrun for example_task_group_decorator to 2026-07-01 00:00:00+00:00, run_after=2026-07-02 00:00:00+00:00
[2026-07-02T17:03:28.014+0000] {processor.py:183} INFO - Processing /usr/local/python/3.12.1/lib/python3.12/site-packages/airflow/example_dags/example_task_group_decorator.py took 0.102 seconds
[2026-07-02T17:04:09.682+0000] {processor.py:161} INFO - Started process (PID=163351) to work on /usr/local/python/3.12.1/lib/python3.12/site-packages/airflow/example_dags/example_task_group_decorator.py
[2026-07-02T17:04:09.683+0000] {processor.py:830} INFO - Processing file /usr/local/python/3.12.1/lib/python3.12/site-packages/airflow/example_dags/example_task_group_decorator.py for tasks to queue
[2026-07-02T17:04:09.686+0000] {logging_mixin.py:188} INFO - [2026-07-02T17:04:09.685+0000] {dagbag.py:545} INFO - Filling up the DagBag from /usr/local/python/3.12.1/lib/python3.12/site-packages/airflow/example_dags/example_task_group_decorator.py
[2026-07-02T17:04:09.704+0000] {processor.py:840} INFO - DAG(s) 'example_task_group_decorator' retrieved from /usr/local/python/3.12.1/lib/python3.12/site-packages/airflow/example_dags/example_task_group_decorator.py
[2026-07-02T17:04:09.727+0000] {logging_mixin.py:188} INFO - [2026-07-02T17:04:09.727+0000] {dag.py:3089} INFO - Sync 1 DAGs
[2026-07-02T17:04:09.749+0000] {logging_mixin.py:188} INFO - [2026-07-02T17:04:09.748+0000] {dag.py:3947} INFO - Setting next_dagrun for example_task_group_decorator to 2026-07-01 00:00:00+00:00, run_after=2026-07-02 00:00:00+00:00
[2026-07-02T17:04:09.777+0000] {processor.py:183} INFO - Processing /usr/local/python/3.12.1/lib/python3.12/site-packages/airflow/example_dags/example_task_group_decorator.py took 0.101 seconds
[2026-07-02T17:04:51.571+0000] {processor.py:161} INFO - Started process (PID=163792) to work on /usr/local/python/3.12.1/lib/python3.12/site-packages/airflow/example_dags/example_task_group_decorator.py
[2026-07-02T17:04:51.571+0000] {processor.py:830} INFO - Processing file /usr/local/python/3.12.1/lib/python3.12/site-packages/airflow/example_dags/example_task_group_decorator.py for tasks to queue
[2026-07-02T17:04:51.573+0000] {logging_mixin.py:188} INFO - [2026-07-02T17:04:51.572+0000] {dagbag.py:545} INFO - Filling up the DagBag from /usr/local/python/3.12.1/lib/python3.12/site-packages/airflow/example_dags/example_task_group_decorator.py
[2026-07-02T17:04:51.588+0000] {processor.py:840} INFO - DAG(s) 'example_task_group_decorator' retrieved from /usr/local/python/3.12.1/lib/python3.12/site-packages/airflow/example_dags/example_task_group_decorator.py
[2026-07-02T17:04:51.604+0000] {logging_mixin.py:188} INFO - [2026-07-02T17:04:51.604+0000] {dag.py:3089} INFO - Sync 1 DAGs
[2026-07-02T17:04:51.618+0000] {logging_mixin.py:188} INFO - [2026-07-02T17:04:51.618+0000] {dag.py:3947} INFO - Setting next_dagrun for example_task_group_decorator to 2026-07-01 00:00:00+00:00, run_after=2026-07-02 00:00:00+00:00
[2026-07-02T17:04:51.636+0000] {processor.py:183} INFO - Processing /usr/local/python/3.12.1/lib/python3.12/site-packages/airflow/example_dags/example_task_group_decorator.py took 0.070 seconds
[2026-07-02T17:05:35.035+0000] {processor.py:161} INFO - Started process (PID=164281) to work on /usr/local/python/3.12.1/lib/python3.12/site-packages/airflow/example_dags/example_task_group_decorator.py
[2026-07-02T17:05:35.036+0000] {processor.py:830} INFO - Processing file /usr/local/python/3.12.1/lib/python3.12/site-packages/airflow/example_dags/example_task_group_decorator.py for tasks to queue
[2026-07-02T17:05:35.037+0000] {logging_mixin.py:188} INFO - [2026-07-02T17:05:35.037+0000] {dagbag.py:545} INFO - Filling up the DagBag from /usr/local/python/3.12.1/lib/python3.12/site-packages/airflow/example_dags/example_task_group_decorator.py
[2026-07-02T17:05:35.048+0000] {processor.py:840} INFO - DAG(s) 'example_task_group_decorator' retrieved from /usr/local/python/3.12.1/lib/python3.12/site-packages/airflow/example_dags/example_task_group_decorator.py
[2026-07-02T17:05:35.063+0000] {logging_mixin.py:188} INFO - [2026-07-02T17:05:35.063+0000] {dag.py:3089} INFO - Sync 1 DAGs
[2026-07-02T17:05:35.080+0000] {logging_mixin.py:188} INFO - [2026-07-02T17:05:35.080+0000] {dag.py:3947} INFO - Setting next_dagrun for example_task_group_decorator to 2026-07-01 00:00:00+00:00, run_after=2026-07-02 00:00:00+00:00
[2026-07-02T17:05:35.100+0000] {processor.py:183} INFO - Processing /usr/local/python/3.12.1/lib/python3.12/site-packages/airflow/example_dags/example_task_group_decorator.py took 0.070 seconds
[2026-07-02T17:06:17.927+0000] {processor.py:161} INFO - Started process (PID=164726) to work on /usr/local/python/3.12.1/lib/python3.12/site-packages/airflow/example_dags/example_task_group_decorator.py
[2026-07-02T17:06:17.928+0000] {processor.py:830} INFO - Processing file /usr/local/python/3.12.1/lib/python3.12/site-packages/airflow/example_dags/example_task_group_decorator.py for tasks to queue
[2026-07-02T17:06:17.929+0000] {logging_mixin.py:188} INFO - [2026-07-02T17:06:17.929+0000] {dagbag.py:545} INFO - Filling up the DagBag from /usr/local/python/3.12.1/lib/python3.12/site-packages/airflow/example_dags/example_task_group_decorator.py
[2026-07-02T17:06:17.941+0000] {processor.py:840} INFO - DAG(s) 'example_task_group_decorator' retrieved from /usr/local/python/3.12.1/lib/python3.12/site-packages/airflow/example_dags/example_task_group_decorator.py
[2026-07-02T17:06:17.956+0000] {logging_mixin.py:188} INFO - [2026-07-02T17:06:17.956+0000] {dag.py:3089} INFO - Sync 1 DAGs
[2026-07-02T17:06:17.972+0000] {logging_mixin.py:188} INFO - [2026-07-02T17:06:17.972+0000] {dag.py:3947} INFO - Setting next_dagrun for example_task_group_decorator to 2026-07-01 00:00:00+00:00, run_after=2026-07-02 00:00:00+00:00
[2026-07-02T17:06:17.996+0000] {processor.py:183} INFO - Processing /usr/local/python/3.12.1/lib/python3.12/site-packages/airflow/example_dags/example_task_group_decorator.py took 0.074 seconds
[2026-07-02T17:07:00.214+0000] {processor.py:161} INFO - Started process (PID=165123) to work on /usr/local/python/3.12.1/lib/python3.12/site-packages/airflow/example_dags/example_task_group_decorator.py
[2026-07-02T17:07:00.215+0000] {processor.py:830} INFO - Processing file /usr/local/python/3.12.1/lib/python3.12/site-packages/airflow/example_dags/example_task_group_decorator.py for tasks to queue
[2026-07-02T17:07:00.216+0000] {logging_mixin.py:188} INFO - [2026-07-02T17:07:00.216+0000] {dagbag.py:545} INFO - Filling up the DagBag from /usr/local/python/3.12.1/lib/python3.12/site-packages/airflow/example_dags/example_task_group_decorator.py
[2026-07-02T17:07:00.227+0000] {processor.py:840} INFO - DAG(s) 'example_task_group_decorator' retrieved from /usr/local/python/3.12.1/lib/python3.12/site-packages/airflow/example_dags/example_task_group_decorator.py
[2026-07-02T17:07:00.243+0000] {logging_mixin.py:188} INFO - [2026-07-02T17:07:00.243+0000] {dag.py:3089} INFO - Sync 1 DAGs
[2026-07-02T17:07:00.258+0000] {logging_mixin.py:188} INFO - [2026-07-02T17:07:00.258+0000] {dag.py:3947} INFO - Setting next_dagrun for example_task_group_decorator to 2026-07-01 00:00:00+00:00, run_after=2026-07-02 00:00:00+00:00
[2026-07-02T17:07:00.275+0000] {processor.py:183} INFO - Processing /usr/local/python/3.12.1/lib/python3.12/site-packages/airflow/example_dags/example_task_group_decorator.py took 0.065 seconds
[2026-07-02T17:07:40.203+0000] {processor.py:161} INFO - Started process (PID=165591) to work on /usr/local/python/3.12.1/lib/python3.12/site-packages/airflow/example_dags/example_task_group_decorator.py
[2026-07-02T17:07:40.204+0000] {processor.py:830} INFO - Processing file /usr/local/python/3.12.1/lib/python3.12/site-packages/airflow/example_dags/example_task_group_decorator.py for tasks to queue
[2026-07-02T17:07:40.206+0000] {logging_mixin.py:188} INFO - [2026-07-02T17:07:40.206+0000] {dagbag.py:545} INFO - Filling up the DagBag from /usr/local/python/3.12.1/lib/python3.12/site-packages/airflow/example_dags/example_task_group_decorator.py
[2026-07-02T17:07:40.218+0000] {processor.py:840} INFO - DAG(s) 'example_task_group_decorator' retrieved from /usr/local/python/3.12.1/lib/python3.12/site-packages/airflow/example_dags/example_task_group_decorator.py
[2026-07-02T17:07:40.234+0000] {logging_mixin.py:188} INFO - [2026-07-02T17:07:40.234+0000] {dag.py:3089} INFO - Sync 1 DAGs
[2026-07-02T17:07:40.249+0000] {logging_mixin.py:188} INFO - [2026-07-02T17:07:40.248+0000] {dag.py:3947} INFO - Setting next_dagrun for example_task_group_decorator to 2026-07-01 00:00:00+00:00, run_after=2026-07-02 00:00:00+00:00
[2026-07-02T17:07:40.265+0000] {processor.py:183} INFO - Processing /usr/local/python/3.12.1/lib/python3.12/site-packages/airflow/example_dags/example_task_group_decorator.py took 0.066 seconds
[2026-07-02T17:08:24.769+0000] {processor.py:161} INFO - Started process (PID=166053) to work on /usr/local/python/3.12.1/lib/python3.12/site-packages/airflow/example_dags/example_task_group_decorator.py
[2026-07-02T17:08:24.769+0000] {processor.py:830} INFO - Processing file /usr/local/python/3.12.1/lib/python3.12/site-packages/airflow/example_dags/example_task_group_decorator.py for tasks to queue
[2026-07-02T17:08:24.771+0000] {logging_mixin.py:188} INFO - [2026-07-02T17:08:24.770+0000] {dagbag.py:545} INFO - Filling up the DagBag from /usr/local/python/3.12.1/lib/python3.12/site-packages/airflow/example_dags/example_task_group_decorator.py
[2026-07-02T17:08:24.785+0000] {processor.py:840} INFO - DAG(s) 'example_task_group_decorator' retrieved from /usr/local/python/3.12.1/lib/python3.12/site-packages/airflow/example_dags/example_task_group_decorator.py
[2026-07-02T17:08:24.804+0000] {logging_mixin.py:188} INFO - [2026-07-02T17:08:24.803+0000] {dag.py:3089} INFO - Sync 1 DAGs
[2026-07-02T17:08:24.819+0000] {logging_mixin.py:188} INFO - [2026-07-02T17:08:24.819+0000] {dag.py:3947} INFO - Setting next_dagrun for example_task_group_decorator to 2026-07-01 00:00:00+00:00, run_after=2026-07-02 00:00:00+00:00
[2026-07-02T17:08:24.838+0000] {processor.py:183} INFO - Processing /usr/local/python/3.12.1/lib/python3.12/site-packages/airflow/example_dags/example_task_group_decorator.py took 0.074 seconds
[2026-07-02T17:09:10.678+0000] {processor.py:161} INFO - Started process (PID=166545) to work on /usr/local/python/3.12.1/lib/python3.12/site-packages/airflow/example_dags/example_task_group_decorator.py
[2026-07-02T17:09:10.679+0000] {processor.py:830} INFO - Processing file /usr/local/python/3.12.1/lib/python3.12/site-packages/airflow/example_dags/example_task_group_decorator.py for tasks to queue
[2026-07-02T17:09:10.681+0000] {logging_mixin.py:188} INFO - [2026-07-02T17:09:10.680+0000] {dagbag.py:545} INFO - Filling up the DagBag from /usr/local/python/3.12.1/lib/python3.12/site-packages/airflow/example_dags/example_task_group_decorator.py
[2026-07-02T17:09:10.701+0000] {processor.py:840} INFO - DAG(s) 'example_task_group_decorator' retrieved from /usr/local/python/3.12.1/lib/python3.12/site-packages/airflow/example_dags/example_task_group_decorator.py
[2026-07-02T17:09:10.719+0000] {logging_mixin.py:188} INFO - [2026-07-02T17:09:10.718+0000] {dag.py:3089} INFO - Sync 1 DAGs
[2026-07-02T17:09:10.734+0000] {logging_mixin.py:188} INFO - [2026-07-02T17:09:10.734+0000] {dag.py:3947} INFO - Setting next_dagrun for example_task_group_decorator to 2026-07-01 00:00:00+00:00, run_after=2026-07-02 00:00:00+00:00
[2026-07-02T17:09:10.851+0000] {processor.py:183} INFO - Processing /usr/local/python/3.12.1/lib/python3.12/site-packages/airflow/example_dags/example_task_group_decorator.py took 0.178 seconds
[2026-07-02T17:09:57.295+0000] {processor.py:161} INFO - Started process (PID=167028) to work on /usr/local/python/3.12.1/lib/python3.12/site-packages/airflow/example_dags/example_task_group_decorator.py
[2026-07-02T17:09:57.296+0000] {processor.py:830} INFO - Processing file /usr/local/python/3.12.1/lib/python3.12/site-packages/airflow/example_dags/example_task_group_decorator.py for tasks to queue
[2026-07-02T17:09:57.297+0000] {logging_mixin.py:188} INFO - [2026-07-02T17:09:57.297+0000] {dagbag.py:545} INFO - Filling up the DagBag from /usr/local/python/3.12.1/lib/python3.12/site-packages/airflow/example_dags/example_task_group_decorator.py
[2026-07-02T17:09:57.308+0000] {processor.py:840} INFO - DAG(s) 'example_task_group_decorator' retrieved from /usr/local/python/3.12.1/lib/python3.12/site-packages/airflow/example_dags/example_task_group_decorator.py
[2026-07-02T17:09:57.325+0000] {logging_mixin.py:188} INFO - [2026-07-02T17:09:57.325+0000] {dag.py:3089} INFO - Sync 1 DAGs
[2026-07-02T17:09:57.340+0000] {logging_mixin.py:188} INFO - [2026-07-02T17:09:57.339+0000] {dag.py:3947} INFO - Setting next_dagrun for example_task_group_decorator to 2026-07-01 00:00:00+00:00, run_after=2026-07-02 00:00:00+00:00
[2026-07-02T17:09:57.356+0000] {processor.py:183} INFO - Processing /usr/local/python/3.12.1/lib/python3.12/site-packages/airflow/example_dags/example_task_group_decorator.py took 0.067 seconds
[2026-07-02T17:10:42.140+0000] {processor.py:161} INFO - Started process (PID=167536) to work on /usr/local/python/3.12.1/lib/python3.12/site-packages/airflow/example_dags/example_task_group_decorator.py
[2026-07-02T17:10:42.141+0000] {processor.py:830} INFO - Processing file /usr/local/python/3.12.1/lib/python3.12/site-packages/airflow/example_dags/example_task_group_decorator.py for tasks to queue
[2026-07-02T17:10:42.142+0000] {logging_mixin.py:188} INFO - [2026-07-02T17:10:42.142+0000] {dagbag.py:545} INFO - Filling up the DagBag from /usr/local/python/3.12.1/lib/python3.12/site-packages/airflow/example_dags/example_task_group_decorator.py
[2026-07-02T17:10:42.154+0000] {processor.py:840} INFO - DAG(s) 'example_task_group_decorator' retrieved from /usr/local/python/3.12.1/lib/python3.12/site-packages/airflow/example_dags/example_task_group_decorator.py
[2026-07-02T17:10:42.171+0000] {logging_mixin.py:188} INFO - [2026-07-02T17:10:42.170+0000] {dag.py:3089} INFO - Sync 1 DAGs
[2026-07-02T17:10:42.207+0000] {logging_mixin.py:188} INFO - [2026-07-02T17:10:42.206+0000] {dag.py:3947} INFO - Setting next_dagrun for example_task_group_decorator to 2026-07-01 00:00:00+00:00, run_after=2026-07-02 00:00:00+00:00
[2026-07-02T17:10:42.238+0000] {processor.py:183} INFO - Processing /usr/local/python/3.12.1/lib/python3.12/site-packages/airflow/example_dags/example_task_group_decorator.py took 0.102 seconds
[2026-07-02T17:11:27.700+0000] {processor.py:161} INFO - Started process (PID=168008) to work on /usr/local/python/3.12.1/lib/python3.12/site-packages/airflow/example_dags/example_task_group_decorator.py
[2026-07-02T17:11:27.701+0000] {processor.py:830} INFO - Processing file /usr/local/python/3.12.1/lib/python3.12/site-packages/airflow/example_dags/example_task_group_decorator.py for tasks to queue
[2026-07-02T17:11:27.702+0000] {logging_mixin.py:188} INFO - [2026-07-02T17:11:27.702+0000] {dagbag.py:545} INFO - Filling up the DagBag from /usr/local/python/3.12.1/lib/python3.12/site-packages/airflow/example_dags/example_task_group_decorator.py
[2026-07-02T17:11:27.714+0000] {processor.py:840} INFO - DAG(s) 'example_task_group_decorator' retrieved from /usr/local/python/3.12.1/lib/python3.12/site-packages/airflow/example_dags/example_task_group_decorator.py
[2026-07-02T17:11:27.730+0000] {logging_mixin.py:188} INFO - [2026-07-02T17:11:27.730+0000] {dag.py:3089} INFO - Sync 1 DAGs
[2026-07-02T17:11:27.849+0000] {logging_mixin.py:188} INFO - [2026-07-02T17:11:27.849+0000] {dag.py:3947} INFO - Setting next_dagrun for example_task_group_decorator to 2026-07-01 00:00:00+00:00, run_after=2026-07-02 00:00:00+00:00
[2026-07-02T17:11:27.865+0000] {processor.py:183} INFO - Processing /usr/local/python/3.12.1/lib/python3.12/site-packages/airflow/example_dags/example_task_group_decorator.py took 0.170 seconds
[2026-07-02T17:12:12.583+0000] {processor.py:161} INFO - Started process (PID=168504) to work on /usr/local/python/3.12.1/lib/python3.12/site-packages/airflow/example_dags/example_task_group_decorator.py
[2026-07-02T17:12:12.584+0000] {processor.py:830} INFO - Processing file /usr/local/python/3.12.1/lib/python3.12/site-packages/airflow/example_dags/example_task_group_decorator.py for tasks to queue
[2026-07-02T17:12:12.586+0000] {logging_mixin.py:188} INFO - [2026-07-02T17:12:12.586+0000] {dagbag.py:545} INFO - Filling up the DagBag from /usr/local/python/3.12.1/lib/python3.12/site-packages/airflow/example_dags/example_task_group_decorator.py
[2026-07-02T17:12:12.600+0000] {processor.py:840} INFO - DAG(s) 'example_task_group_decorator' retrieved from /usr/local/python/3.12.1/lib/python3.12/site-packages/airflow/example_dags/example_task_group_decorator.py
[2026-07-02T17:12:12.617+0000] {logging_mixin.py:188} INFO - [2026-07-02T17:12:12.616+0000] {dag.py:3089} INFO - Sync 1 DAGs
[2026-07-02T17:12:12.632+0000] {logging_mixin.py:188} INFO - [2026-07-02T17:12:12.631+0000] {dag.py:3947} INFO - Setting next_dagrun for example_task_group_decorator to 2026-07-01 00:00:00+00:00, run_after=2026-07-02 00:00:00+00:00
[2026-07-02T17:12:12.650+0000] {processor.py:183} INFO - Processing /usr/local/python/3.12.1/lib/python3.12/site-packages/airflow/example_dags/example_task_group_decorator.py took 0.073 seconds
[2026-07-02T17:12:53.941+0000] {processor.py:161} INFO - Started process (PID=168899) to work on /usr/local/python/3.12.1/lib/python3.12/site-packages/airflow/example_dags/example_task_group_decorator.py
[2026-07-02T17:12:53.942+0000] {processor.py:830} INFO - Processing file /usr/local/python/3.12.1/lib/python3.12/site-packages/airflow/example_dags/example_task_group_decorator.py for tasks to queue
[2026-07-02T17:12:53.943+0000] {logging_mixin.py:188} INFO - [2026-07-02T17:12:53.943+0000] {dagbag.py:545} INFO - Filling up the DagBag from /usr/local/python/3.12.1/lib/python3.12/site-packages/airflow/example_dags/example_task_group_decorator.py
[2026-07-02T17:12:53.955+0000] {processor.py:840} INFO - DAG(s) 'example_task_group_decorator' retrieved from /usr/local/python/3.12.1/lib/python3.12/site-packages/airflow/example_dags/example_task_group_decorator.py
[2026-07-02T17:12:53.970+0000] {logging_mixin.py:188} INFO - [2026-07-02T17:12:53.970+0000] {dag.py:3089} INFO - Sync 1 DAGs
[2026-07-02T17:12:53.990+0000] {logging_mixin.py:188} INFO - [2026-07-02T17:12:53.989+0000] {dag.py:3947} INFO - Setting next_dagrun for example_task_group_decorator to 2026-07-01 00:00:00+00:00, run_after=2026-07-02 00:00:00+00:00
[2026-07-02T17:12:54.010+0000] {processor.py:183} INFO - Processing /usr/local/python/3.12.1/lib/python3.12/site-packages/airflow/example_dags/example_task_group_decorator.py took 0.075 seconds
[2026-07-02T17:13:35.406+0000] {processor.py:161} INFO - Started process (PID=169399) to work on /usr/local/python/3.12.1/lib/python3.12/site-packages/airflow/example_dags/example_task_group_decorator.py
[2026-07-02T17:13:35.407+0000] {processor.py:830} INFO - Processing file /usr/local/python/3.12.1/lib/python3.12/site-packages/airflow/example_dags/example_task_group_decorator.py for tasks to queue
[2026-07-02T17:13:35.410+0000] {logging_mixin.py:188} INFO - [2026-07-02T17:13:35.410+0000] {dagbag.py:545} INFO - Filling up the DagBag from /usr/local/python/3.12.1/lib/python3.12/site-packages/airflow/example_dags/example_task_group_decorator.py
[2026-07-02T17:13:35.427+0000] {processor.py:840} INFO - DAG(s) 'example_task_group_decorator' retrieved from /usr/local/python/3.12.1/lib/python3.12/site-packages/airflow/example_dags/example_task_group_decorator.py
[2026-07-02T17:13:35.445+0000] {logging_mixin.py:188} INFO - [2026-07-02T17:13:35.445+0000] {dag.py:3089} INFO - Sync 1 DAGs
[2026-07-02T17:13:35.460+0000] {logging_mixin.py:188} INFO - [2026-07-02T17:13:35.460+0000] {dag.py:3947} INFO - Setting next_dagrun for example_task_group_decorator to 2026-07-01 00:00:00+00:00, run_after=2026-07-02 00:00:00+00:00
[2026-07-02T17:13:35.477+0000] {processor.py:183} INFO - Processing /usr/local/python/3.12.1/lib/python3.12/site-packages/airflow/example_dags/example_task_group_decorator.py took 0.079 seconds
[2026-07-02T17:14:16.804+0000] {processor.py:161} INFO - Started process (PID=169812) to work on /usr/local/python/3.12.1/lib/python3.12/site-packages/airflow/example_dags/example_task_group_decorator.py
[2026-07-02T17:14:16.805+0000] {processor.py:830} INFO - Processing file /usr/local/python/3.12.1/lib/python3.12/site-packages/airflow/example_dags/example_task_group_decorator.py for tasks to queue
[2026-07-02T17:14:16.810+0000] {logging_mixin.py:188} INFO - [2026-07-02T17:14:16.808+0000] {dagbag.py:545} INFO - Filling up the DagBag from /usr/local/python/3.12.1/lib/python3.12/site-packages/airflow/example_dags/example_task_group_decorator.py
[2026-07-02T17:14:16.841+0000] {processor.py:840} INFO - DAG(s) 'example_task_group_decorator' retrieved from /usr/local/python/3.12.1/lib/python3.12/site-packages/airflow/example_dags/example_task_group_decorator.py
[2026-07-02T17:14:16.893+0000] {logging_mixin.py:188} INFO - [2026-07-02T17:14:16.892+0000] {dag.py:3089} INFO - Sync 1 DAGs
[2026-07-02T17:14:16.916+0000] {logging_mixin.py:188} INFO - [2026-07-02T17:14:16.915+0000] {dag.py:3947} INFO - Setting next_dagrun for example_task_group_decorator to 2026-07-01 00:00:00+00:00, run_after=2026-07-02 00:00:00+00:00
[2026-07-02T17:14:16.941+0000] {processor.py:183} INFO - Processing /usr/local/python/3.12.1/lib/python3.12/site-packages/airflow/example_dags/example_task_group_decorator.py took 0.143 seconds
[2026-07-02T17:15:00.275+0000] {processor.py:161} INFO - Started process (PID=170233) to work on /usr/local/python/3.12.1/lib/python3.12/site-packages/airflow/example_dags/example_task_group_decorator.py
[2026-07-02T17:15:00.276+0000] {processor.py:830} INFO - Processing file /usr/local/python/3.12.1/lib/python3.12/site-packages/airflow/example_dags/example_task_group_decorator.py for tasks to queue
[2026-07-02T17:15:00.278+0000] {logging_mixin.py:188} INFO - [2026-07-02T17:15:00.278+0000] {dagbag.py:545} INFO - Filling up the DagBag from /usr/local/python/3.12.1/lib/python3.12/site-packages/airflow/example_dags/example_task_group_decorator.py
[2026-07-02T17:15:00.304+0000] {processor.py:840} INFO - DAG(s) 'example_task_group_decorator' retrieved from /usr/local/python/3.12.1/lib/python3.12/site-packages/airflow/example_dags/example_task_group_decorator.py
[2026-07-02T17:15:00.328+0000] {logging_mixin.py:188} INFO - [2026-07-02T17:15:00.328+0000] {dag.py:3089} INFO - Sync 1 DAGs
[2026-07-02T17:15:00.355+0000] {logging_mixin.py:188} INFO - [2026-07-02T17:15:00.355+0000] {dag.py:3947} INFO - Setting next_dagrun for example_task_group_decorator to 2026-07-01 00:00:00+00:00, run_after=2026-07-02 00:00:00+00:00
[2026-07-02T17:15:00.376+0000] {processor.py:183} INFO - Processing /usr/local/python/3.12.1/lib/python3.12/site-packages/airflow/example_dags/example_task_group_decorator.py took 0.106 seconds
[2026-07-02T17:15:41.133+0000] {processor.py:161} INFO - Started process (PID=170676) to work on /usr/local/python/3.12.1/lib/python3.12/site-packages/airflow/example_dags/example_task_group_decorator.py
[2026-07-02T17:15:41.134+0000] {processor.py:830} INFO - Processing file /usr/local/python/3.12.1/lib/python3.12/site-packages/airflow/example_dags/example_task_group_decorator.py for tasks to queue
[2026-07-02T17:15:41.136+0000] {logging_mixin.py:188} INFO - [2026-07-02T17:15:41.135+0000] {dagbag.py:545} INFO - Filling up the DagBag from /usr/local/python/3.12.1/lib/python3.12/site-packages/airflow/example_dags/example_task_group_decorator.py
[2026-07-02T17:15:41.147+0000] {processor.py:840} INFO - DAG(s) 'example_task_group_decorator' retrieved from /usr/local/python/3.12.1/lib/python3.12/site-packages/airflow/example_dags/example_task_group_decorator.py
[2026-07-02T17:15:41.162+0000] {logging_mixin.py:188} INFO - [2026-07-02T17:15:41.162+0000] {dag.py:3089} INFO - Sync 1 DAGs
[2026-07-02T17:15:41.178+0000] {logging_mixin.py:188} INFO - [2026-07-02T17:15:41.178+0000] {dag.py:3947} INFO - Setting next_dagrun for example_task_group_decorator to 2026-07-01 00:00:00+00:00, run_after=2026-07-02 00:00:00+00:00
[2026-07-02T17:15:41.197+0000] {processor.py:183} INFO - Processing /usr/local/python/3.12.1/lib/python3.12/site-packages/airflow/example_dags/example_task_group_decorator.py took 0.069 seconds
[2026-07-02T17:16:40.016+0000] {processor.py:161} INFO - Started process (PID=171331) to work on /usr/local/python/3.12.1/lib/python3.12/site-packages/airflow/example_dags/example_task_group_decorator.py
[2026-07-02T17:16:40.017+0000] {processor.py:830} INFO - Processing file /usr/local/python/3.12.1/lib/python3.12/site-packages/airflow/example_dags/example_task_group_decorator.py for tasks to queue
[2026-07-02T17:16:40.018+0000] {logging_mixin.py:188} INFO - [2026-07-02T17:16:40.018+0000] {dagbag.py:545} INFO - Filling up the DagBag from /usr/local/python/3.12.1/lib/python3.12/site-packages/airflow/example_dags/example_task_group_decorator.py
[2026-07-02T17:16:40.030+0000] {processor.py:840} INFO - DAG(s) 'example_task_group_decorator' retrieved from /usr/local/python/3.12.1/lib/python3.12/site-packages/airflow/example_dags/example_task_group_decorator.py
[2026-07-02T17:16:40.045+0000] {logging_mixin.py:188} INFO - [2026-07-02T17:16:40.045+0000] {dag.py:3089} INFO - Sync 1 DAGs
[2026-07-02T17:16:40.061+0000] {logging_mixin.py:188} INFO - [2026-07-02T17:16:40.061+0000] {dag.py:3947} INFO - Setting next_dagrun for example_task_group_decorator to 2026-07-01 00:00:00+00:00, run_after=2026-07-02 00:00:00+00:00
[2026-07-02T17:16:40.078+0000] {processor.py:183} INFO - Processing /usr/local/python/3.12.1/lib/python3.12/site-packages/airflow/example_dags/example_task_group_decorator.py took 0.066 seconds
[2026-07-02T17:17:20.170+0000] {processor.py:161} INFO - Started process (PID=171740) to work on /usr/local/python/3.12.1/lib/python3.12/site-packages/airflow/example_dags/example_task_group_decorator.py
[2026-07-02T17:17:20.172+0000] {processor.py:830} INFO - Processing file /usr/local/python/3.12.1/lib/python3.12/site-packages/airflow/example_dags/example_task_group_decorator.py for tasks to queue
[2026-07-02T17:17:20.175+0000] {logging_mixin.py:188} INFO - [2026-07-02T17:17:20.174+0000] {dagbag.py:545} INFO - Filling up the DagBag from /usr/local/python/3.12.1/lib/python3.12/site-packages/airflow/example_dags/example_task_group_decorator.py
[2026-07-02T17:17:20.203+0000] {processor.py:840} INFO - DAG(s) 'example_task_group_decorator' retrieved from /usr/local/python/3.12.1/lib/python3.12/site-packages/airflow/example_dags/example_task_group_decorator.py
[2026-07-02T17:17:20.242+0000] {logging_mixin.py:188} INFO - [2026-07-02T17:17:20.242+0000] {dag.py:3089} INFO - Sync 1 DAGs
[2026-07-02T17:17:20.266+0000] {logging_mixin.py:188} INFO - [2026-07-02T17:17:20.266+0000] {dag.py:3947} INFO - Setting next_dagrun for example_task_group_decorator to 2026-07-01 00:00:00+00:00, run_after=2026-07-02 00:00:00+00:00
[2026-07-02T17:17:20.290+0000] {processor.py:183} INFO - Processing /usr/local/python/3.12.1/lib/python3.12/site-packages/airflow/example_dags/example_task_group_decorator.py took 0.133 seconds
