[2026-07-02T16:24:50.702+0000] {processor.py:161} INFO - Started process (PID=118114) to work on /usr/local/python/3.12.1/lib/python3.12/site-packages/airflow/example_dags/example_branch_labels.py
[2026-07-02T16:24:50.703+0000] {processor.py:830} INFO - Processing file /usr/local/python/3.12.1/lib/python3.12/site-packages/airflow/example_dags/example_branch_labels.py for tasks to queue
[2026-07-02T16:24:50.704+0000] {logging_mixin.py:188} INFO - [2026-07-02T16:24:50.704+0000] {dagbag.py:545} INFO - Filling up the DagBag from /usr/local/python/3.12.1/lib/python3.12/site-packages/airflow/example_dags/example_branch_labels.py
[2026-07-02T16:24:50.710+0000] {processor.py:840} INFO - DAG(s) 'example_branch_labels' retrieved from /usr/local/python/3.12.1/lib/python3.12/site-packages/airflow/example_dags/example_branch_labels.py
[2026-07-02T16:24:50.794+0000] {logging_mixin.py:188} INFO - [2026-07-02T16:24:50.793+0000] {override.py:1858} INFO - Created Permission View: can delete on DAG:example_branch_labels
[2026-07-02T16:24:50.803+0000] {logging_mixin.py:188} INFO - [2026-07-02T16:24:50.802+0000] {override.py:1858} INFO - Created Permission View: can read on DAG:example_branch_labels
[2026-07-02T16:24:50.809+0000] {logging_mixin.py:188} INFO - [2026-07-02T16:24:50.809+0000] {override.py:1858} INFO - Created Permission View: can edit on DAG:example_branch_labels
[2026-07-02T16:24:50.809+0000] {logging_mixin.py:188} INFO - [2026-07-02T16:24:50.809+0000] {dag.py:3089} INFO - Sync 1 DAGs
[2026-07-02T16:24:50.817+0000] {logging_mixin.py:188} INFO - [2026-07-02T16:24:50.817+0000] {dag.py:3111} INFO - Creating ORM DAG for example_branch_labels
[2026-07-02T16:24:50.824+0000] {logging_mixin.py:188} INFO - [2026-07-02T16:24:50.824+0000] {dag.py:3947} INFO - Setting next_dagrun for example_branch_labels to 2026-07-01 00:00:00+00:00, run_after=2026-07-02 00:00:00+00:00
[2026-07-02T16:24:50.840+0000] {processor.py:183} INFO - Processing /usr/local/python/3.12.1/lib/python3.12/site-packages/airflow/example_dags/example_branch_labels.py took 0.143 seconds
[2026-07-02T16:26:00.148+0000] {processor.py:161} INFO - Started process (PID=123619) to work on /usr/local/python/3.12.1/lib/python3.12/site-packages/airflow/example_dags/example_branch_labels.py
[2026-07-02T16:26:00.156+0000] {processor.py:830} INFO - Processing file /usr/local/python/3.12.1/lib/python3.12/site-packages/airflow/example_dags/example_branch_labels.py for tasks to queue
[2026-07-02T16:26:00.160+0000] {logging_mixin.py:188} INFO - [2026-07-02T16:26:00.158+0000] {dagbag.py:545} INFO - Filling up the DagBag from /usr/local/python/3.12.1/lib/python3.12/site-packages/airflow/example_dags/example_branch_labels.py
[2026-07-02T16:26:00.178+0000] {processor.py:840} INFO - DAG(s) 'example_branch_labels' retrieved from /usr/local/python/3.12.1/lib/python3.12/site-packages/airflow/example_dags/example_branch_labels.py
[2026-07-02T16:26:00.237+0000] {logging_mixin.py:188} INFO - [2026-07-02T16:26:00.236+0000] {dag.py:3089} INFO - Sync 1 DAGs
[2026-07-02T16:26:00.316+0000] {logging_mixin.py:188} INFO - [2026-07-02T16:26:00.315+0000] {dag.py:3947} INFO - Setting next_dagrun for example_branch_labels to 2026-07-01 00:00:00+00:00, run_after=2026-07-02 00:00:00+00:00
[2026-07-02T16:26:00.375+0000] {processor.py:183} INFO - Processing /usr/local/python/3.12.1/lib/python3.12/site-packages/airflow/example_dags/example_branch_labels.py took 0.254 seconds
[2026-07-02T16:27:41.730+0000] {processor.py:161} INFO - Started process (PID=128415) to work on /usr/local/python/3.12.1/lib/python3.12/site-packages/airflow/example_dags/example_branch_labels.py
[2026-07-02T16:27:41.737+0000] {processor.py:830} INFO - Processing file /usr/local/python/3.12.1/lib/python3.12/site-packages/airflow/example_dags/example_branch_labels.py for tasks to queue
[2026-07-02T16:27:41.742+0000] {logging_mixin.py:188} INFO - [2026-07-02T16:27:41.742+0000] {dagbag.py:545} INFO - Filling up the DagBag from /usr/local/python/3.12.1/lib/python3.12/site-packages/airflow/example_dags/example_branch_labels.py
[2026-07-02T16:27:41.774+0000] {processor.py:840} INFO - DAG(s) 'example_branch_labels' retrieved from /usr/local/python/3.12.1/lib/python3.12/site-packages/airflow/example_dags/example_branch_labels.py
[2026-07-02T16:27:41.828+0000] {logging_mixin.py:188} INFO - [2026-07-02T16:27:41.827+0000] {dag.py:3089} INFO - Sync 1 DAGs
[2026-07-02T16:27:41.902+0000] {logging_mixin.py:188} INFO - [2026-07-02T16:27:41.901+0000] {dag.py:3947} INFO - Setting next_dagrun for example_branch_labels to 2026-07-01 00:00:00+00:00, run_after=2026-07-02 00:00:00+00:00
[2026-07-02T16:27:41.947+0000] {processor.py:183} INFO - Processing /usr/local/python/3.12.1/lib/python3.12/site-packages/airflow/example_dags/example_branch_labels.py took 0.257 seconds
[2026-07-02T16:28:39.445+0000] {processor.py:161} INFO - Started process (PID=129253) to work on /usr/local/python/3.12.1/lib/python3.12/site-packages/airflow/example_dags/example_branch_labels.py
[2026-07-02T16:28:39.447+0000] {processor.py:830} INFO - Processing file /usr/local/python/3.12.1/lib/python3.12/site-packages/airflow/example_dags/example_branch_labels.py for tasks to queue
[2026-07-02T16:28:39.449+0000] {logging_mixin.py:188} INFO - [2026-07-02T16:28:39.449+0000] {dagbag.py:545} INFO - Filling up the DagBag from /usr/local/python/3.12.1/lib/python3.12/site-packages/airflow/example_dags/example_branch_labels.py
[2026-07-02T16:28:39.462+0000] {processor.py:840} INFO - DAG(s) 'example_branch_labels' retrieved from /usr/local/python/3.12.1/lib/python3.12/site-packages/airflow/example_dags/example_branch_labels.py
[2026-07-02T16:28:39.487+0000] {logging_mixin.py:188} INFO - [2026-07-02T16:28:39.487+0000] {dag.py:3089} INFO - Sync 1 DAGs
[2026-07-02T16:28:39.516+0000] {logging_mixin.py:188} INFO - [2026-07-02T16:28:39.516+0000] {dag.py:3947} INFO - Setting next_dagrun for example_branch_labels to 2026-07-01 00:00:00+00:00, run_after=2026-07-02 00:00:00+00:00
[2026-07-02T16:28:39.556+0000] {processor.py:183} INFO - Processing /usr/local/python/3.12.1/lib/python3.12/site-packages/airflow/example_dags/example_branch_labels.py took 0.117 seconds
[2026-07-02T16:29:45.186+0000] {processor.py:161} INFO - Started process (PID=130045) to work on /usr/local/python/3.12.1/lib/python3.12/site-packages/airflow/example_dags/example_branch_labels.py
[2026-07-02T16:29:45.188+0000] {processor.py:830} INFO - Processing file /usr/local/python/3.12.1/lib/python3.12/site-packages/airflow/example_dags/example_branch_labels.py for tasks to queue
[2026-07-02T16:29:45.190+0000] {logging_mixin.py:188} INFO - [2026-07-02T16:29:45.190+0000] {dagbag.py:545} INFO - Filling up the DagBag from /usr/local/python/3.12.1/lib/python3.12/site-packages/airflow/example_dags/example_branch_labels.py
[2026-07-02T16:29:45.198+0000] {processor.py:840} INFO - DAG(s) 'example_branch_labels' retrieved from /usr/local/python/3.12.1/lib/python3.12/site-packages/airflow/example_dags/example_branch_labels.py
[2026-07-02T16:29:45.213+0000] {logging_mixin.py:188} INFO - [2026-07-02T16:29:45.213+0000] {dag.py:3089} INFO - Sync 1 DAGs
[2026-07-02T16:29:45.231+0000] {logging_mixin.py:188} INFO - [2026-07-02T16:29:45.231+0000] {dag.py:3947} INFO - Setting next_dagrun for example_branch_labels to 2026-07-01 00:00:00+00:00, run_after=2026-07-02 00:00:00+00:00
[2026-07-02T16:29:45.247+0000] {processor.py:183} INFO - Processing /usr/local/python/3.12.1/lib/python3.12/site-packages/airflow/example_dags/example_branch_labels.py took 0.068 seconds
[2026-07-02T16:31:02.880+0000] {processor.py:161} INFO - Started process (PID=130937) to work on /usr/local/python/3.12.1/lib/python3.12/site-packages/airflow/example_dags/example_branch_labels.py
[2026-07-02T16:31:02.881+0000] {processor.py:830} INFO - Processing file /usr/local/python/3.12.1/lib/python3.12/site-packages/airflow/example_dags/example_branch_labels.py for tasks to queue
[2026-07-02T16:31:02.883+0000] {logging_mixin.py:188} INFO - [2026-07-02T16:31:02.882+0000] {dagbag.py:545} INFO - Filling up the DagBag from /usr/local/python/3.12.1/lib/python3.12/site-packages/airflow/example_dags/example_branch_labels.py
[2026-07-02T16:31:02.892+0000] {processor.py:840} INFO - DAG(s) 'example_branch_labels' retrieved from /usr/local/python/3.12.1/lib/python3.12/site-packages/airflow/example_dags/example_branch_labels.py
[2026-07-02T16:31:02.906+0000] {logging_mixin.py:188} INFO - [2026-07-02T16:31:02.906+0000] {dag.py:3089} INFO - Sync 1 DAGs
[2026-07-02T16:31:02.922+0000] {logging_mixin.py:188} INFO - [2026-07-02T16:31:02.922+0000] {dag.py:3947} INFO - Setting next_dagrun for example_branch_labels to 2026-07-01 00:00:00+00:00, run_after=2026-07-02 00:00:00+00:00
[2026-07-02T16:31:02.942+0000] {processor.py:183} INFO - Processing /usr/local/python/3.12.1/lib/python3.12/site-packages/airflow/example_dags/example_branch_labels.py took 0.068 seconds
[2026-07-02T16:32:17.670+0000] {processor.py:161} INFO - Started process (PID=132901) to work on /usr/local/python/3.12.1/lib/python3.12/site-packages/airflow/example_dags/example_branch_labels.py
[2026-07-02T16:32:17.673+0000] {processor.py:830} INFO - Processing file /usr/local/python/3.12.1/lib/python3.12/site-packages/airflow/example_dags/example_branch_labels.py for tasks to queue
[2026-07-02T16:32:17.675+0000] {logging_mixin.py:188} INFO - [2026-07-02T16:32:17.675+0000] {dagbag.py:545} INFO - Filling up the DagBag from /usr/local/python/3.12.1/lib/python3.12/site-packages/airflow/example_dags/example_branch_labels.py
[2026-07-02T16:32:17.684+0000] {processor.py:840} INFO - DAG(s) 'example_branch_labels' retrieved from /usr/local/python/3.12.1/lib/python3.12/site-packages/airflow/example_dags/example_branch_labels.py
[2026-07-02T16:32:17.699+0000] {logging_mixin.py:188} INFO - [2026-07-02T16:32:17.699+0000] {dag.py:3089} INFO - Sync 1 DAGs
[2026-07-02T16:32:17.715+0000] {logging_mixin.py:188} INFO - [2026-07-02T16:32:17.714+0000] {dag.py:3947} INFO - Setting next_dagrun for example_branch_labels to 2026-07-01 00:00:00+00:00, run_after=2026-07-02 00:00:00+00:00
[2026-07-02T16:32:17.731+0000] {processor.py:183} INFO - Processing /usr/local/python/3.12.1/lib/python3.12/site-packages/airflow/example_dags/example_branch_labels.py took 0.066 seconds
[2026-07-02T16:33:32.412+0000] {processor.py:161} INFO - Started process (PID=133770) to work on /usr/local/python/3.12.1/lib/python3.12/site-packages/airflow/example_dags/example_branch_labels.py
[2026-07-02T16:33:32.413+0000] {processor.py:830} INFO - Processing file /usr/local/python/3.12.1/lib/python3.12/site-packages/airflow/example_dags/example_branch_labels.py for tasks to queue
[2026-07-02T16:33:32.414+0000] {logging_mixin.py:188} INFO - [2026-07-02T16:33:32.414+0000] {dagbag.py:545} INFO - Filling up the DagBag from /usr/local/python/3.12.1/lib/python3.12/site-packages/airflow/example_dags/example_branch_labels.py
[2026-07-02T16:33:32.421+0000] {processor.py:840} INFO - DAG(s) 'example_branch_labels' retrieved from /usr/local/python/3.12.1/lib/python3.12/site-packages/airflow/example_dags/example_branch_labels.py
[2026-07-02T16:33:32.434+0000] {logging_mixin.py:188} INFO - [2026-07-02T16:33:32.434+0000] {dag.py:3089} INFO - Sync 1 DAGs
[2026-07-02T16:33:32.449+0000] {logging_mixin.py:188} INFO - [2026-07-02T16:33:32.449+0000] {dag.py:3947} INFO - Setting next_dagrun for example_branch_labels to 2026-07-01 00:00:00+00:00, run_after=2026-07-02 00:00:00+00:00
[2026-07-02T16:33:32.464+0000] {processor.py:183} INFO - Processing /usr/local/python/3.12.1/lib/python3.12/site-packages/airflow/example_dags/example_branch_labels.py took 0.057 seconds
[2026-07-02T16:34:46.971+0000] {processor.py:161} INFO - Started process (PID=134692) to work on /usr/local/python/3.12.1/lib/python3.12/site-packages/airflow/example_dags/example_branch_labels.py
[2026-07-02T16:34:46.972+0000] {processor.py:830} INFO - Processing file /usr/local/python/3.12.1/lib/python3.12/site-packages/airflow/example_dags/example_branch_labels.py for tasks to queue
[2026-07-02T16:34:46.973+0000] {logging_mixin.py:188} INFO - [2026-07-02T16:34:46.973+0000] {dagbag.py:545} INFO - Filling up the DagBag from /usr/local/python/3.12.1/lib/python3.12/site-packages/airflow/example_dags/example_branch_labels.py
[2026-07-02T16:34:46.990+0000] {processor.py:840} INFO - DAG(s) 'example_branch_labels' retrieved from /usr/local/python/3.12.1/lib/python3.12/site-packages/airflow/example_dags/example_branch_labels.py
[2026-07-02T16:34:47.010+0000] {logging_mixin.py:188} INFO - [2026-07-02T16:34:47.010+0000] {dag.py:3089} INFO - Sync 1 DAGs
[2026-07-02T16:34:47.026+0000] {logging_mixin.py:188} INFO - [2026-07-02T16:34:47.025+0000] {dag.py:3947} INFO - Setting next_dagrun for example_branch_labels to 2026-07-01 00:00:00+00:00, run_after=2026-07-02 00:00:00+00:00
[2026-07-02T16:34:47.041+0000] {processor.py:183} INFO - Processing /usr/local/python/3.12.1/lib/python3.12/site-packages/airflow/example_dags/example_branch_labels.py took 0.076 seconds
[2026-07-02T16:36:09.729+0000] {processor.py:161} INFO - Started process (PID=136525) to work on /usr/local/python/3.12.1/lib/python3.12/site-packages/airflow/example_dags/example_branch_labels.py
[2026-07-02T16:36:09.730+0000] {processor.py:830} INFO - Processing file /usr/local/python/3.12.1/lib/python3.12/site-packages/airflow/example_dags/example_branch_labels.py for tasks to queue
[2026-07-02T16:36:09.732+0000] {logging_mixin.py:188} INFO - [2026-07-02T16:36:09.732+0000] {dagbag.py:545} INFO - Filling up the DagBag from /usr/local/python/3.12.1/lib/python3.12/site-packages/airflow/example_dags/example_branch_labels.py
[2026-07-02T16:36:09.739+0000] {processor.py:840} INFO - DAG(s) 'example_branch_labels' retrieved from /usr/local/python/3.12.1/lib/python3.12/site-packages/airflow/example_dags/example_branch_labels.py
[2026-07-02T16:36:09.752+0000] {logging_mixin.py:188} INFO - [2026-07-02T16:36:09.752+0000] {dag.py:3089} INFO - Sync 1 DAGs
[2026-07-02T16:36:09.770+0000] {logging_mixin.py:188} INFO - [2026-07-02T16:36:09.769+0000] {dag.py:3947} INFO - Setting next_dagrun for example_branch_labels to 2026-07-01 00:00:00+00:00, run_after=2026-07-02 00:00:00+00:00
[2026-07-02T16:36:09.791+0000] {processor.py:183} INFO - Processing /usr/local/python/3.12.1/lib/python3.12/site-packages/airflow/example_dags/example_branch_labels.py took 0.067 seconds
[2026-07-02T16:37:18.769+0000] {processor.py:161} INFO - Started process (PID=137428) to work on /usr/local/python/3.12.1/lib/python3.12/site-packages/airflow/example_dags/example_branch_labels.py
[2026-07-02T16:37:18.769+0000] {processor.py:830} INFO - Processing file /usr/local/python/3.12.1/lib/python3.12/site-packages/airflow/example_dags/example_branch_labels.py for tasks to queue
[2026-07-02T16:37:18.772+0000] {logging_mixin.py:188} INFO - [2026-07-02T16:37:18.771+0000] {dagbag.py:545} INFO - Filling up the DagBag from /usr/local/python/3.12.1/lib/python3.12/site-packages/airflow/example_dags/example_branch_labels.py
[2026-07-02T16:37:18.780+0000] {processor.py:840} INFO - DAG(s) 'example_branch_labels' retrieved from /usr/local/python/3.12.1/lib/python3.12/site-packages/airflow/example_dags/example_branch_labels.py
[2026-07-02T16:37:18.797+0000] {logging_mixin.py:188} INFO - [2026-07-02T16:37:18.797+0000] {dag.py:3089} INFO - Sync 1 DAGs
[2026-07-02T16:37:18.813+0000] {logging_mixin.py:188} INFO - [2026-07-02T16:37:18.813+0000] {dag.py:3947} INFO - Setting next_dagrun for example_branch_labels to 2026-07-01 00:00:00+00:00, run_after=2026-07-02 00:00:00+00:00
[2026-07-02T16:37:18.829+0000] {processor.py:183} INFO - Processing /usr/local/python/3.12.1/lib/python3.12/site-packages/airflow/example_dags/example_branch_labels.py took 0.065 seconds
[2026-07-02T16:38:23.760+0000] {processor.py:161} INFO - Started process (PID=139380) to work on /usr/local/python/3.12.1/lib/python3.12/site-packages/airflow/example_dags/example_branch_labels.py
[2026-07-02T16:38:23.761+0000] {processor.py:830} INFO - Processing file /usr/local/python/3.12.1/lib/python3.12/site-packages/airflow/example_dags/example_branch_labels.py for tasks to queue
[2026-07-02T16:38:23.763+0000] {logging_mixin.py:188} INFO - [2026-07-02T16:38:23.763+0000] {dagbag.py:545} INFO - Filling up the DagBag from /usr/local/python/3.12.1/lib/python3.12/site-packages/airflow/example_dags/example_branch_labels.py
[2026-07-02T16:38:23.772+0000] {processor.py:840} INFO - DAG(s) 'example_branch_labels' retrieved from /usr/local/python/3.12.1/lib/python3.12/site-packages/airflow/example_dags/example_branch_labels.py
[2026-07-02T16:38:23.791+0000] {logging_mixin.py:188} INFO - [2026-07-02T16:38:23.791+0000] {dag.py:3089} INFO - Sync 1 DAGs
[2026-07-02T16:38:23.811+0000] {logging_mixin.py:188} INFO - [2026-07-02T16:38:23.811+0000] {dag.py:3947} INFO - Setting next_dagrun for example_branch_labels to 2026-07-01 00:00:00+00:00, run_after=2026-07-02 00:00:00+00:00
[2026-07-02T16:38:23.831+0000] {processor.py:183} INFO - Processing /usr/local/python/3.12.1/lib/python3.12/site-packages/airflow/example_dags/example_branch_labels.py took 0.079 seconds
[2026-07-02T16:39:33.602+0000] {processor.py:161} INFO - Started process (PID=140332) to work on /usr/local/python/3.12.1/lib/python3.12/site-packages/airflow/example_dags/example_branch_labels.py
[2026-07-02T16:39:33.603+0000] {processor.py:830} INFO - Processing file /usr/local/python/3.12.1/lib/python3.12/site-packages/airflow/example_dags/example_branch_labels.py for tasks to queue
[2026-07-02T16:39:33.605+0000] {logging_mixin.py:188} INFO - [2026-07-02T16:39:33.604+0000] {dagbag.py:545} INFO - Filling up the DagBag from /usr/local/python/3.12.1/lib/python3.12/site-packages/airflow/example_dags/example_branch_labels.py
[2026-07-02T16:39:33.611+0000] {processor.py:840} INFO - DAG(s) 'example_branch_labels' retrieved from /usr/local/python/3.12.1/lib/python3.12/site-packages/airflow/example_dags/example_branch_labels.py
[2026-07-02T16:39:33.624+0000] {logging_mixin.py:188} INFO - [2026-07-02T16:39:33.624+0000] {dag.py:3089} INFO - Sync 1 DAGs
[2026-07-02T16:39:33.640+0000] {logging_mixin.py:188} INFO - [2026-07-02T16:39:33.639+0000] {dag.py:3947} INFO - Setting next_dagrun for example_branch_labels to 2026-07-01 00:00:00+00:00, run_after=2026-07-02 00:00:00+00:00
[2026-07-02T16:39:33.655+0000] {processor.py:183} INFO - Processing /usr/local/python/3.12.1/lib/python3.12/site-packages/airflow/example_dags/example_branch_labels.py took 0.058 seconds
[2026-07-02T16:40:49.339+0000] {processor.py:161} INFO - Started process (PID=141449) to work on /usr/local/python/3.12.1/lib/python3.12/site-packages/airflow/example_dags/example_branch_labels.py
[2026-07-02T16:40:49.340+0000] {processor.py:830} INFO - Processing file /usr/local/python/3.12.1/lib/python3.12/site-packages/airflow/example_dags/example_branch_labels.py for tasks to queue
[2026-07-02T16:40:49.342+0000] {logging_mixin.py:188} INFO - [2026-07-02T16:40:49.341+0000] {dagbag.py:545} INFO - Filling up the DagBag from /usr/local/python/3.12.1/lib/python3.12/site-packages/airflow/example_dags/example_branch_labels.py
[2026-07-02T16:40:49.348+0000] {processor.py:840} INFO - DAG(s) 'example_branch_labels' retrieved from /usr/local/python/3.12.1/lib/python3.12/site-packages/airflow/example_dags/example_branch_labels.py
[2026-07-02T16:40:49.361+0000] {logging_mixin.py:188} INFO - [2026-07-02T16:40:49.361+0000] {dag.py:3089} INFO - Sync 1 DAGs
[2026-07-02T16:40:49.377+0000] {logging_mixin.py:188} INFO - [2026-07-02T16:40:49.377+0000] {dag.py:3947} INFO - Setting next_dagrun for example_branch_labels to 2026-07-01 00:00:00+00:00, run_after=2026-07-02 00:00:00+00:00
[2026-07-02T16:40:49.394+0000] {processor.py:183} INFO - Processing /usr/local/python/3.12.1/lib/python3.12/site-packages/airflow/example_dags/example_branch_labels.py took 0.059 seconds
[2026-07-02T16:41:46.049+0000] {processor.py:161} INFO - Started process (PID=142415) to work on /usr/local/python/3.12.1/lib/python3.12/site-packages/airflow/example_dags/example_branch_labels.py
[2026-07-02T16:41:46.068+0000] {processor.py:830} INFO - Processing file /usr/local/python/3.12.1/lib/python3.12/site-packages/airflow/example_dags/example_branch_labels.py for tasks to queue
[2026-07-02T16:41:46.080+0000] {logging_mixin.py:188} INFO - [2026-07-02T16:41:46.080+0000] {dagbag.py:545} INFO - Filling up the DagBag from /usr/local/python/3.12.1/lib/python3.12/site-packages/airflow/example_dags/example_branch_labels.py
[2026-07-02T16:41:46.338+0000] {processor.py:840} INFO - DAG(s) 'example_branch_labels' retrieved from /usr/local/python/3.12.1/lib/python3.12/site-packages/airflow/example_dags/example_branch_labels.py
[2026-07-02T16:41:46.384+0000] {logging_mixin.py:188} INFO - [2026-07-02T16:41:46.383+0000] {dag.py:3089} INFO - Sync 1 DAGs
[2026-07-02T16:41:46.411+0000] {logging_mixin.py:188} INFO - [2026-07-02T16:41:46.410+0000] {dag.py:3947} INFO - Setting next_dagrun for example_branch_labels to 2026-07-01 00:00:00+00:00, run_after=2026-07-02 00:00:00+00:00
[2026-07-02T16:41:46.439+0000] {processor.py:183} INFO - Processing /usr/local/python/3.12.1/lib/python3.12/site-packages/airflow/example_dags/example_branch_labels.py took 0.624 seconds
[2026-07-02T16:43:00.363+0000] {processor.py:161} INFO - Started process (PID=143483) to work on /usr/local/python/3.12.1/lib/python3.12/site-packages/airflow/example_dags/example_branch_labels.py
[2026-07-02T16:43:00.365+0000] {processor.py:830} INFO - Processing file /usr/local/python/3.12.1/lib/python3.12/site-packages/airflow/example_dags/example_branch_labels.py for tasks to queue
[2026-07-02T16:43:00.367+0000] {logging_mixin.py:188} INFO - [2026-07-02T16:43:00.367+0000] {dagbag.py:545} INFO - Filling up the DagBag from /usr/local/python/3.12.1/lib/python3.12/site-packages/airflow/example_dags/example_branch_labels.py
[2026-07-02T16:43:00.373+0000] {processor.py:840} INFO - DAG(s) 'example_branch_labels' retrieved from /usr/local/python/3.12.1/lib/python3.12/site-packages/airflow/example_dags/example_branch_labels.py
[2026-07-02T16:43:00.391+0000] {logging_mixin.py:188} INFO - [2026-07-02T16:43:00.391+0000] {dag.py:3089} INFO - Sync 1 DAGs
[2026-07-02T16:43:00.408+0000] {logging_mixin.py:188} INFO - [2026-07-02T16:43:00.408+0000] {dag.py:3947} INFO - Setting next_dagrun for example_branch_labels to 2026-07-01 00:00:00+00:00, run_after=2026-07-02 00:00:00+00:00
[2026-07-02T16:43:00.424+0000] {processor.py:183} INFO - Processing /usr/local/python/3.12.1/lib/python3.12/site-packages/airflow/example_dags/example_branch_labels.py took 0.067 seconds
[2026-07-02T16:44:07.745+0000] {processor.py:161} INFO - Started process (PID=145162) to work on /usr/local/python/3.12.1/lib/python3.12/site-packages/airflow/example_dags/example_branch_labels.py
[2026-07-02T16:44:07.749+0000] {processor.py:830} INFO - Processing file /usr/local/python/3.12.1/lib/python3.12/site-packages/airflow/example_dags/example_branch_labels.py for tasks to queue
[2026-07-02T16:44:07.750+0000] {logging_mixin.py:188} INFO - [2026-07-02T16:44:07.750+0000] {dagbag.py:545} INFO - Filling up the DagBag from /usr/local/python/3.12.1/lib/python3.12/site-packages/airflow/example_dags/example_branch_labels.py
[2026-07-02T16:44:07.756+0000] {processor.py:840} INFO - DAG(s) 'example_branch_labels' retrieved from /usr/local/python/3.12.1/lib/python3.12/site-packages/airflow/example_dags/example_branch_labels.py
[2026-07-02T16:44:07.770+0000] {logging_mixin.py:188} INFO - [2026-07-02T16:44:07.769+0000] {dag.py:3089} INFO - Sync 1 DAGs
[2026-07-02T16:44:07.789+0000] {logging_mixin.py:188} INFO - [2026-07-02T16:44:07.789+0000] {dag.py:3947} INFO - Setting next_dagrun for example_branch_labels to 2026-07-01 00:00:00+00:00, run_after=2026-07-02 00:00:00+00:00
[2026-07-02T16:44:07.808+0000] {processor.py:183} INFO - Processing /usr/local/python/3.12.1/lib/python3.12/site-packages/airflow/example_dags/example_branch_labels.py took 0.067 seconds
[2026-07-02T16:45:06.734+0000] {processor.py:161} INFO - Started process (PID=146705) to work on /usr/local/python/3.12.1/lib/python3.12/site-packages/airflow/example_dags/example_branch_labels.py
[2026-07-02T16:45:06.739+0000] {processor.py:830} INFO - Processing file /usr/local/python/3.12.1/lib/python3.12/site-packages/airflow/example_dags/example_branch_labels.py for tasks to queue
[2026-07-02T16:45:06.741+0000] {logging_mixin.py:188} INFO - [2026-07-02T16:45:06.740+0000] {dagbag.py:545} INFO - Filling up the DagBag from /usr/local/python/3.12.1/lib/python3.12/site-packages/airflow/example_dags/example_branch_labels.py
[2026-07-02T16:45:06.747+0000] {processor.py:840} INFO - DAG(s) 'example_branch_labels' retrieved from /usr/local/python/3.12.1/lib/python3.12/site-packages/airflow/example_dags/example_branch_labels.py
[2026-07-02T16:45:06.762+0000] {logging_mixin.py:188} INFO - [2026-07-02T16:45:06.761+0000] {dag.py:3089} INFO - Sync 1 DAGs
[2026-07-02T16:45:06.778+0000] {logging_mixin.py:188} INFO - [2026-07-02T16:45:06.777+0000] {dag.py:3947} INFO - Setting next_dagrun for example_branch_labels to 2026-07-01 00:00:00+00:00, run_after=2026-07-02 00:00:00+00:00
[2026-07-02T16:45:06.798+0000] {processor.py:183} INFO - Processing /usr/local/python/3.12.1/lib/python3.12/site-packages/airflow/example_dags/example_branch_labels.py took 0.068 seconds
[2026-07-02T16:46:15.316+0000] {processor.py:161} INFO - Started process (PID=149217) to work on /usr/local/python/3.12.1/lib/python3.12/site-packages/airflow/example_dags/example_branch_labels.py
[2026-07-02T16:46:15.319+0000] {processor.py:830} INFO - Processing file /usr/local/python/3.12.1/lib/python3.12/site-packages/airflow/example_dags/example_branch_labels.py for tasks to queue
[2026-07-02T16:46:15.322+0000] {logging_mixin.py:188} INFO - [2026-07-02T16:46:15.321+0000] {dagbag.py:545} INFO - Filling up the DagBag from /usr/local/python/3.12.1/lib/python3.12/site-packages/airflow/example_dags/example_branch_labels.py
[2026-07-02T16:46:15.340+0000] {processor.py:840} INFO - DAG(s) 'example_branch_labels' retrieved from /usr/local/python/3.12.1/lib/python3.12/site-packages/airflow/example_dags/example_branch_labels.py
[2026-07-02T16:46:15.377+0000] {logging_mixin.py:188} INFO - [2026-07-02T16:46:15.377+0000] {dag.py:3089} INFO - Sync 1 DAGs
[2026-07-02T16:46:15.416+0000] {logging_mixin.py:188} INFO - [2026-07-02T16:46:15.415+0000] {dag.py:3947} INFO - Setting next_dagrun for example_branch_labels to 2026-07-01 00:00:00+00:00, run_after=2026-07-02 00:00:00+00:00
[2026-07-02T16:46:15.462+0000] {processor.py:183} INFO - Processing /usr/local/python/3.12.1/lib/python3.12/site-packages/airflow/example_dags/example_branch_labels.py took 0.153 seconds
[2026-07-02T16:47:16.276+0000] {processor.py:161} INFO - Started process (PID=151450) to work on /usr/local/python/3.12.1/lib/python3.12/site-packages/airflow/example_dags/example_branch_labels.py
[2026-07-02T16:47:16.276+0000] {processor.py:830} INFO - Processing file /usr/local/python/3.12.1/lib/python3.12/site-packages/airflow/example_dags/example_branch_labels.py for tasks to queue
[2026-07-02T16:47:16.278+0000] {logging_mixin.py:188} INFO - [2026-07-02T16:47:16.278+0000] {dagbag.py:545} INFO - Filling up the DagBag from /usr/local/python/3.12.1/lib/python3.12/site-packages/airflow/example_dags/example_branch_labels.py
[2026-07-02T16:47:16.287+0000] {processor.py:840} INFO - DAG(s) 'example_branch_labels' retrieved from /usr/local/python/3.12.1/lib/python3.12/site-packages/airflow/example_dags/example_branch_labels.py
[2026-07-02T16:47:16.303+0000] {logging_mixin.py:188} INFO - [2026-07-02T16:47:16.303+0000] {dag.py:3089} INFO - Sync 1 DAGs
[2026-07-02T16:47:16.319+0000] {logging_mixin.py:188} INFO - [2026-07-02T16:47:16.318+0000] {dag.py:3947} INFO - Setting next_dagrun for example_branch_labels to 2026-07-01 00:00:00+00:00, run_after=2026-07-02 00:00:00+00:00
[2026-07-02T16:47:16.337+0000] {processor.py:183} INFO - Processing /usr/local/python/3.12.1/lib/python3.12/site-packages/airflow/example_dags/example_branch_labels.py took 0.067 seconds
[2026-07-02T16:48:37.501+0000] {processor.py:161} INFO - Started process (PID=153120) to work on /usr/local/python/3.12.1/lib/python3.12/site-packages/airflow/example_dags/example_branch_labels.py
[2026-07-02T16:48:37.504+0000] {processor.py:830} INFO - Processing file /usr/local/python/3.12.1/lib/python3.12/site-packages/airflow/example_dags/example_branch_labels.py for tasks to queue
[2026-07-02T16:48:37.506+0000] {logging_mixin.py:188} INFO - [2026-07-02T16:48:37.506+0000] {dagbag.py:545} INFO - Filling up the DagBag from /usr/local/python/3.12.1/lib/python3.12/site-packages/airflow/example_dags/example_branch_labels.py
[2026-07-02T16:48:37.513+0000] {processor.py:840} INFO - DAG(s) 'example_branch_labels' retrieved from /usr/local/python/3.12.1/lib/python3.12/site-packages/airflow/example_dags/example_branch_labels.py
[2026-07-02T16:48:37.526+0000] {logging_mixin.py:188} INFO - [2026-07-02T16:48:37.526+0000] {dag.py:3089} INFO - Sync 1 DAGs
[2026-07-02T16:48:37.542+0000] {logging_mixin.py:188} INFO - [2026-07-02T16:48:37.541+0000] {dag.py:3947} INFO - Setting next_dagrun for example_branch_labels to 2026-07-01 00:00:00+00:00, run_after=2026-07-02 00:00:00+00:00
[2026-07-02T16:48:37.558+0000] {processor.py:183} INFO - Processing /usr/local/python/3.12.1/lib/python3.12/site-packages/airflow/example_dags/example_branch_labels.py took 0.062 seconds
[2026-07-02T16:49:47.203+0000] {processor.py:161} INFO - Started process (PID=154072) to work on /usr/local/python/3.12.1/lib/python3.12/site-packages/airflow/example_dags/example_branch_labels.py
[2026-07-02T16:49:47.204+0000] {processor.py:830} INFO - Processing file /usr/local/python/3.12.1/lib/python3.12/site-packages/airflow/example_dags/example_branch_labels.py for tasks to queue
[2026-07-02T16:49:47.205+0000] {logging_mixin.py:188} INFO - [2026-07-02T16:49:47.205+0000] {dagbag.py:545} INFO - Filling up the DagBag from /usr/local/python/3.12.1/lib/python3.12/site-packages/airflow/example_dags/example_branch_labels.py
[2026-07-02T16:49:47.211+0000] {processor.py:840} INFO - DAG(s) 'example_branch_labels' retrieved from /usr/local/python/3.12.1/lib/python3.12/site-packages/airflow/example_dags/example_branch_labels.py
[2026-07-02T16:49:47.225+0000] {logging_mixin.py:188} INFO - [2026-07-02T16:49:47.224+0000] {dag.py:3089} INFO - Sync 1 DAGs
[2026-07-02T16:49:47.240+0000] {logging_mixin.py:188} INFO - [2026-07-02T16:49:47.240+0000] {dag.py:3947} INFO - Setting next_dagrun for example_branch_labels to 2026-07-01 00:00:00+00:00, run_after=2026-07-02 00:00:00+00:00
[2026-07-02T16:49:47.256+0000] {processor.py:183} INFO - Processing /usr/local/python/3.12.1/lib/python3.12/site-packages/airflow/example_dags/example_branch_labels.py took 0.058 seconds
[2026-07-02T16:50:56.728+0000] {processor.py:161} INFO - Started process (PID=154933) to work on /usr/local/python/3.12.1/lib/python3.12/site-packages/airflow/example_dags/example_branch_labels.py
[2026-07-02T16:50:56.729+0000] {processor.py:830} INFO - Processing file /usr/local/python/3.12.1/lib/python3.12/site-packages/airflow/example_dags/example_branch_labels.py for tasks to queue
[2026-07-02T16:50:56.730+0000] {logging_mixin.py:188} INFO - [2026-07-02T16:50:56.730+0000] {dagbag.py:545} INFO - Filling up the DagBag from /usr/local/python/3.12.1/lib/python3.12/site-packages/airflow/example_dags/example_branch_labels.py
[2026-07-02T16:50:56.736+0000] {processor.py:840} INFO - DAG(s) 'example_branch_labels' retrieved from /usr/local/python/3.12.1/lib/python3.12/site-packages/airflow/example_dags/example_branch_labels.py
[2026-07-02T16:50:56.749+0000] {logging_mixin.py:188} INFO - [2026-07-02T16:50:56.749+0000] {dag.py:3089} INFO - Sync 1 DAGs
[2026-07-02T16:50:56.764+0000] {logging_mixin.py:188} INFO - [2026-07-02T16:50:56.764+0000] {dag.py:3947} INFO - Setting next_dagrun for example_branch_labels to 2026-07-01 00:00:00+00:00, run_after=2026-07-02 00:00:00+00:00
[2026-07-02T16:50:56.785+0000] {processor.py:183} INFO - Processing /usr/local/python/3.12.1/lib/python3.12/site-packages/airflow/example_dags/example_branch_labels.py took 0.062 seconds
[2026-07-02T16:52:01.920+0000] {processor.py:161} INFO - Started process (PID=155635) to work on /usr/local/python/3.12.1/lib/python3.12/site-packages/airflow/example_dags/example_branch_labels.py
[2026-07-02T16:52:01.921+0000] {processor.py:830} INFO - Processing file /usr/local/python/3.12.1/lib/python3.12/site-packages/airflow/example_dags/example_branch_labels.py for tasks to queue
[2026-07-02T16:52:01.922+0000] {logging_mixin.py:188} INFO - [2026-07-02T16:52:01.922+0000] {dagbag.py:545} INFO - Filling up the DagBag from /usr/local/python/3.12.1/lib/python3.12/site-packages/airflow/example_dags/example_branch_labels.py
[2026-07-02T16:52:01.928+0000] {processor.py:840} INFO - DAG(s) 'example_branch_labels' retrieved from /usr/local/python/3.12.1/lib/python3.12/site-packages/airflow/example_dags/example_branch_labels.py
[2026-07-02T16:52:01.941+0000] {logging_mixin.py:188} INFO - [2026-07-02T16:52:01.941+0000] {dag.py:3089} INFO - Sync 1 DAGs
[2026-07-02T16:52:01.957+0000] {logging_mixin.py:188} INFO - [2026-07-02T16:52:01.957+0000] {dag.py:3947} INFO - Setting next_dagrun for example_branch_labels to 2026-07-01 00:00:00+00:00, run_after=2026-07-02 00:00:00+00:00
[2026-07-02T16:52:01.974+0000] {processor.py:183} INFO - Processing /usr/local/python/3.12.1/lib/python3.12/site-packages/airflow/example_dags/example_branch_labels.py took 0.059 seconds
[2026-07-02T16:53:04.827+0000] {processor.py:161} INFO - Started process (PID=156302) to work on /usr/local/python/3.12.1/lib/python3.12/site-packages/airflow/example_dags/example_branch_labels.py
[2026-07-02T16:53:04.828+0000] {processor.py:830} INFO - Processing file /usr/local/python/3.12.1/lib/python3.12/site-packages/airflow/example_dags/example_branch_labels.py for tasks to queue
[2026-07-02T16:53:04.830+0000] {logging_mixin.py:188} INFO - [2026-07-02T16:53:04.830+0000] {dagbag.py:545} INFO - Filling up the DagBag from /usr/local/python/3.12.1/lib/python3.12/site-packages/airflow/example_dags/example_branch_labels.py
[2026-07-02T16:53:04.839+0000] {processor.py:840} INFO - DAG(s) 'example_branch_labels' retrieved from /usr/local/python/3.12.1/lib/python3.12/site-packages/airflow/example_dags/example_branch_labels.py
[2026-07-02T16:53:04.856+0000] {logging_mixin.py:188} INFO - [2026-07-02T16:53:04.855+0000] {dag.py:3089} INFO - Sync 1 DAGs
[2026-07-02T16:53:04.871+0000] {logging_mixin.py:188} INFO - [2026-07-02T16:53:04.870+0000] {dag.py:3947} INFO - Setting next_dagrun for example_branch_labels to 2026-07-01 00:00:00+00:00, run_after=2026-07-02 00:00:00+00:00
[2026-07-02T16:53:04.890+0000] {processor.py:183} INFO - Processing /usr/local/python/3.12.1/lib/python3.12/site-packages/airflow/example_dags/example_branch_labels.py took 0.069 seconds
[2026-07-02T16:54:02.681+0000] {processor.py:161} INFO - Started process (PID=156926) to work on /usr/local/python/3.12.1/lib/python3.12/site-packages/airflow/example_dags/example_branch_labels.py
[2026-07-02T16:54:02.683+0000] {processor.py:830} INFO - Processing file /usr/local/python/3.12.1/lib/python3.12/site-packages/airflow/example_dags/example_branch_labels.py for tasks to queue
[2026-07-02T16:54:02.685+0000] {logging_mixin.py:188} INFO - [2026-07-02T16:54:02.685+0000] {dagbag.py:545} INFO - Filling up the DagBag from /usr/local/python/3.12.1/lib/python3.12/site-packages/airflow/example_dags/example_branch_labels.py
[2026-07-02T16:54:02.698+0000] {processor.py:840} INFO - DAG(s) 'example_branch_labels' retrieved from /usr/local/python/3.12.1/lib/python3.12/site-packages/airflow/example_dags/example_branch_labels.py
[2026-07-02T16:54:02.718+0000] {logging_mixin.py:188} INFO - [2026-07-02T16:54:02.718+0000] {dag.py:3089} INFO - Sync 1 DAGs
[2026-07-02T16:54:02.740+0000] {logging_mixin.py:188} INFO - [2026-07-02T16:54:02.740+0000] {dag.py:3947} INFO - Setting next_dagrun for example_branch_labels to 2026-07-01 00:00:00+00:00, run_after=2026-07-02 00:00:00+00:00
[2026-07-02T16:54:02.760+0000] {processor.py:183} INFO - Processing /usr/local/python/3.12.1/lib/python3.12/site-packages/airflow/example_dags/example_branch_labels.py took 0.086 seconds
[2026-07-02T16:54:56.883+0000] {processor.py:161} INFO - Started process (PID=157459) to work on /usr/local/python/3.12.1/lib/python3.12/site-packages/airflow/example_dags/example_branch_labels.py
[2026-07-02T16:54:56.883+0000] {processor.py:830} INFO - Processing file /usr/local/python/3.12.1/lib/python3.12/site-packages/airflow/example_dags/example_branch_labels.py for tasks to queue
[2026-07-02T16:54:56.885+0000] {logging_mixin.py:188} INFO - [2026-07-02T16:54:56.885+0000] {dagbag.py:545} INFO - Filling up the DagBag from /usr/local/python/3.12.1/lib/python3.12/site-packages/airflow/example_dags/example_branch_labels.py
[2026-07-02T16:54:56.898+0000] {processor.py:840} INFO - DAG(s) 'example_branch_labels' retrieved from /usr/local/python/3.12.1/lib/python3.12/site-packages/airflow/example_dags/example_branch_labels.py
[2026-07-02T16:54:56.924+0000] {logging_mixin.py:188} INFO - [2026-07-02T16:54:56.923+0000] {dag.py:3089} INFO - Sync 1 DAGs
[2026-07-02T16:54:56.948+0000] {logging_mixin.py:188} INFO - [2026-07-02T16:54:56.948+0000] {dag.py:3947} INFO - Setting next_dagrun for example_branch_labels to 2026-07-01 00:00:00+00:00, run_after=2026-07-02 00:00:00+00:00
[2026-07-02T16:54:56.983+0000] {processor.py:183} INFO - Processing /usr/local/python/3.12.1/lib/python3.12/site-packages/airflow/example_dags/example_branch_labels.py took 0.106 seconds
[2026-07-02T16:55:58.558+0000] {processor.py:161} INFO - Started process (PID=158136) to work on /usr/local/python/3.12.1/lib/python3.12/site-packages/airflow/example_dags/example_branch_labels.py
[2026-07-02T16:55:58.559+0000] {processor.py:830} INFO - Processing file /usr/local/python/3.12.1/lib/python3.12/site-packages/airflow/example_dags/example_branch_labels.py for tasks to queue
[2026-07-02T16:55:58.560+0000] {logging_mixin.py:188} INFO - [2026-07-02T16:55:58.560+0000] {dagbag.py:545} INFO - Filling up the DagBag from /usr/local/python/3.12.1/lib/python3.12/site-packages/airflow/example_dags/example_branch_labels.py
[2026-07-02T16:55:58.566+0000] {processor.py:840} INFO - DAG(s) 'example_branch_labels' retrieved from /usr/local/python/3.12.1/lib/python3.12/site-packages/airflow/example_dags/example_branch_labels.py
[2026-07-02T16:55:58.581+0000] {logging_mixin.py:188} INFO - [2026-07-02T16:55:58.580+0000] {dag.py:3089} INFO - Sync 1 DAGs
[2026-07-02T16:55:58.601+0000] {logging_mixin.py:188} INFO - [2026-07-02T16:55:58.601+0000] {dag.py:3947} INFO - Setting next_dagrun for example_branch_labels to 2026-07-01 00:00:00+00:00, run_after=2026-07-02 00:00:00+00:00
[2026-07-02T16:55:58.617+0000] {processor.py:183} INFO - Processing /usr/local/python/3.12.1/lib/python3.12/site-packages/airflow/example_dags/example_branch_labels.py took 0.064 seconds
[2026-07-02T16:57:00.524+0000] {processor.py:161} INFO - Started process (PID=158819) to work on /usr/local/python/3.12.1/lib/python3.12/site-packages/airflow/example_dags/example_branch_labels.py
[2026-07-02T16:57:00.525+0000] {processor.py:830} INFO - Processing file /usr/local/python/3.12.1/lib/python3.12/site-packages/airflow/example_dags/example_branch_labels.py for tasks to queue
[2026-07-02T16:57:00.526+0000] {logging_mixin.py:188} INFO - [2026-07-02T16:57:00.526+0000] {dagbag.py:545} INFO - Filling up the DagBag from /usr/local/python/3.12.1/lib/python3.12/site-packages/airflow/example_dags/example_branch_labels.py
[2026-07-02T16:57:00.532+0000] {processor.py:840} INFO - DAG(s) 'example_branch_labels' retrieved from /usr/local/python/3.12.1/lib/python3.12/site-packages/airflow/example_dags/example_branch_labels.py
[2026-07-02T16:57:00.545+0000] {logging_mixin.py:188} INFO - [2026-07-02T16:57:00.545+0000] {dag.py:3089} INFO - Sync 1 DAGs
[2026-07-02T16:57:00.560+0000] {logging_mixin.py:188} INFO - [2026-07-02T16:57:00.560+0000] {dag.py:3947} INFO - Setting next_dagrun for example_branch_labels to 2026-07-01 00:00:00+00:00, run_after=2026-07-02 00:00:00+00:00
[2026-07-02T16:57:00.576+0000] {processor.py:183} INFO - Processing /usr/local/python/3.12.1/lib/python3.12/site-packages/airflow/example_dags/example_branch_labels.py took 0.056 seconds
[2026-07-02T16:58:03.231+0000] {processor.py:161} INFO - Started process (PID=159462) to work on /usr/local/python/3.12.1/lib/python3.12/site-packages/airflow/example_dags/example_branch_labels.py
[2026-07-02T16:58:03.232+0000] {processor.py:830} INFO - Processing file /usr/local/python/3.12.1/lib/python3.12/site-packages/airflow/example_dags/example_branch_labels.py for tasks to queue
[2026-07-02T16:58:03.234+0000] {logging_mixin.py:188} INFO - [2026-07-02T16:58:03.234+0000] {dagbag.py:545} INFO - Filling up the DagBag from /usr/local/python/3.12.1/lib/python3.12/site-packages/airflow/example_dags/example_branch_labels.py
[2026-07-02T16:58:03.243+0000] {processor.py:840} INFO - DAG(s) 'example_branch_labels' retrieved from /usr/local/python/3.12.1/lib/python3.12/site-packages/airflow/example_dags/example_branch_labels.py
[2026-07-02T16:58:03.267+0000] {logging_mixin.py:188} INFO - [2026-07-02T16:58:03.267+0000] {dag.py:3089} INFO - Sync 1 DAGs
[2026-07-02T16:58:03.293+0000] {logging_mixin.py:188} INFO - [2026-07-02T16:58:03.293+0000] {dag.py:3947} INFO - Setting next_dagrun for example_branch_labels to 2026-07-01 00:00:00+00:00, run_after=2026-07-02 00:00:00+00:00
[2026-07-02T16:58:03.364+0000] {processor.py:183} INFO - Processing /usr/local/python/3.12.1/lib/python3.12/site-packages/airflow/example_dags/example_branch_labels.py took 0.140 seconds
[2026-07-02T16:59:05.160+0000] {processor.py:161} INFO - Started process (PID=160134) to work on /usr/local/python/3.12.1/lib/python3.12/site-packages/airflow/example_dags/example_branch_labels.py
[2026-07-02T16:59:05.160+0000] {processor.py:830} INFO - Processing file /usr/local/python/3.12.1/lib/python3.12/site-packages/airflow/example_dags/example_branch_labels.py for tasks to queue
[2026-07-02T16:59:05.162+0000] {logging_mixin.py:188} INFO - [2026-07-02T16:59:05.162+0000] {dagbag.py:545} INFO - Filling up the DagBag from /usr/local/python/3.12.1/lib/python3.12/site-packages/airflow/example_dags/example_branch_labels.py
[2026-07-02T16:59:05.168+0000] {processor.py:840} INFO - DAG(s) 'example_branch_labels' retrieved from /usr/local/python/3.12.1/lib/python3.12/site-packages/airflow/example_dags/example_branch_labels.py
[2026-07-02T16:59:05.184+0000] {logging_mixin.py:188} INFO - [2026-07-02T16:59:05.184+0000] {dag.py:3089} INFO - Sync 1 DAGs
[2026-07-02T16:59:05.203+0000] {logging_mixin.py:188} INFO - [2026-07-02T16:59:05.203+0000] {dag.py:3947} INFO - Setting next_dagrun for example_branch_labels to 2026-07-01 00:00:00+00:00, run_after=2026-07-02 00:00:00+00:00
[2026-07-02T16:59:05.219+0000] {processor.py:183} INFO - Processing /usr/local/python/3.12.1/lib/python3.12/site-packages/airflow/example_dags/example_branch_labels.py took 0.064 seconds
[2026-07-02T17:00:05.993+0000] {processor.py:161} INFO - Started process (PID=160776) to work on /usr/local/python/3.12.1/lib/python3.12/site-packages/airflow/example_dags/example_branch_labels.py
[2026-07-02T17:00:05.994+0000] {processor.py:830} INFO - Processing file /usr/local/python/3.12.1/lib/python3.12/site-packages/airflow/example_dags/example_branch_labels.py for tasks to queue
[2026-07-02T17:00:05.996+0000] {logging_mixin.py:188} INFO - [2026-07-02T17:00:05.996+0000] {dagbag.py:545} INFO - Filling up the DagBag from /usr/local/python/3.12.1/lib/python3.12/site-packages/airflow/example_dags/example_branch_labels.py
[2026-07-02T17:00:06.007+0000] {processor.py:840} INFO - DAG(s) 'example_branch_labels' retrieved from /usr/local/python/3.12.1/lib/python3.12/site-packages/airflow/example_dags/example_branch_labels.py
[2026-07-02T17:00:06.026+0000] {logging_mixin.py:188} INFO - [2026-07-02T17:00:06.025+0000] {dag.py:3089} INFO - Sync 1 DAGs
[2026-07-02T17:00:06.049+0000] {logging_mixin.py:188} INFO - [2026-07-02T17:00:06.049+0000] {dag.py:3947} INFO - Setting next_dagrun for example_branch_labels to 2026-07-01 00:00:00+00:00, run_after=2026-07-02 00:00:00+00:00
[2026-07-02T17:00:06.072+0000] {processor.py:183} INFO - Processing /usr/local/python/3.12.1/lib/python3.12/site-packages/airflow/example_dags/example_branch_labels.py took 0.085 seconds
[2026-07-02T17:01:07.396+0000] {processor.py:161} INFO - Started process (PID=161414) to work on /usr/local/python/3.12.1/lib/python3.12/site-packages/airflow/example_dags/example_branch_labels.py
[2026-07-02T17:01:07.397+0000] {processor.py:830} INFO - Processing file /usr/local/python/3.12.1/lib/python3.12/site-packages/airflow/example_dags/example_branch_labels.py for tasks to queue
[2026-07-02T17:01:07.399+0000] {logging_mixin.py:188} INFO - [2026-07-02T17:01:07.398+0000] {dagbag.py:545} INFO - Filling up the DagBag from /usr/local/python/3.12.1/lib/python3.12/site-packages/airflow/example_dags/example_branch_labels.py
[2026-07-02T17:01:07.406+0000] {processor.py:840} INFO - DAG(s) 'example_branch_labels' retrieved from /usr/local/python/3.12.1/lib/python3.12/site-packages/airflow/example_dags/example_branch_labels.py
[2026-07-02T17:01:07.419+0000] {logging_mixin.py:188} INFO - [2026-07-02T17:01:07.419+0000] {dag.py:3089} INFO - Sync 1 DAGs
[2026-07-02T17:01:07.437+0000] {logging_mixin.py:188} INFO - [2026-07-02T17:01:07.437+0000] {dag.py:3947} INFO - Setting next_dagrun for example_branch_labels to 2026-07-01 00:00:00+00:00, run_after=2026-07-02 00:00:00+00:00
[2026-07-02T17:01:07.453+0000] {processor.py:183} INFO - Processing /usr/local/python/3.12.1/lib/python3.12/site-packages/airflow/example_dags/example_branch_labels.py took 0.062 seconds
[2026-07-02T17:02:12.518+0000] {processor.py:161} INFO - Started process (PID=162132) to work on /usr/local/python/3.12.1/lib/python3.12/site-packages/airflow/example_dags/example_branch_labels.py
[2026-07-02T17:02:12.519+0000] {processor.py:830} INFO - Processing file /usr/local/python/3.12.1/lib/python3.12/site-packages/airflow/example_dags/example_branch_labels.py for tasks to queue
[2026-07-02T17:02:12.520+0000] {logging_mixin.py:188} INFO - [2026-07-02T17:02:12.520+0000] {dagbag.py:545} INFO - Filling up the DagBag from /usr/local/python/3.12.1/lib/python3.12/site-packages/airflow/example_dags/example_branch_labels.py
[2026-07-02T17:02:12.526+0000] {processor.py:840} INFO - DAG(s) 'example_branch_labels' retrieved from /usr/local/python/3.12.1/lib/python3.12/site-packages/airflow/example_dags/example_branch_labels.py
[2026-07-02T17:02:12.540+0000] {logging_mixin.py:188} INFO - [2026-07-02T17:02:12.539+0000] {dag.py:3089} INFO - Sync 1 DAGs
[2026-07-02T17:02:12.555+0000] {logging_mixin.py:188} INFO - [2026-07-02T17:02:12.555+0000] {dag.py:3947} INFO - Setting next_dagrun for example_branch_labels to 2026-07-01 00:00:00+00:00, run_after=2026-07-02 00:00:00+00:00
[2026-07-02T17:02:12.572+0000] {processor.py:183} INFO - Processing /usr/local/python/3.12.1/lib/python3.12/site-packages/airflow/example_dags/example_branch_labels.py took 0.059 seconds
[2026-07-02T17:03:18.668+0000] {processor.py:161} INFO - Started process (PID=162801) to work on /usr/local/python/3.12.1/lib/python3.12/site-packages/airflow/example_dags/example_branch_labels.py
[2026-07-02T17:03:18.669+0000] {processor.py:830} INFO - Processing file /usr/local/python/3.12.1/lib/python3.12/site-packages/airflow/example_dags/example_branch_labels.py for tasks to queue
[2026-07-02T17:03:18.670+0000] {logging_mixin.py:188} INFO - [2026-07-02T17:03:18.670+0000] {dagbag.py:545} INFO - Filling up the DagBag from /usr/local/python/3.12.1/lib/python3.12/site-packages/airflow/example_dags/example_branch_labels.py
[2026-07-02T17:03:18.677+0000] {processor.py:840} INFO - DAG(s) 'example_branch_labels' retrieved from /usr/local/python/3.12.1/lib/python3.12/site-packages/airflow/example_dags/example_branch_labels.py
[2026-07-02T17:03:18.696+0000] {logging_mixin.py:188} INFO - [2026-07-02T17:03:18.695+0000] {dag.py:3089} INFO - Sync 1 DAGs
[2026-07-02T17:03:18.712+0000] {logging_mixin.py:188} INFO - [2026-07-02T17:03:18.712+0000] {dag.py:3947} INFO - Setting next_dagrun for example_branch_labels to 2026-07-01 00:00:00+00:00, run_after=2026-07-02 00:00:00+00:00
[2026-07-02T17:03:18.729+0000] {processor.py:183} INFO - Processing /usr/local/python/3.12.1/lib/python3.12/site-packages/airflow/example_dags/example_branch_labels.py took 0.066 seconds
[2026-07-02T17:04:21.259+0000] {processor.py:161} INFO - Started process (PID=163470) to work on /usr/local/python/3.12.1/lib/python3.12/site-packages/airflow/example_dags/example_branch_labels.py
[2026-07-02T17:04:21.260+0000] {processor.py:830} INFO - Processing file /usr/local/python/3.12.1/lib/python3.12/site-packages/airflow/example_dags/example_branch_labels.py for tasks to queue
[2026-07-02T17:04:21.261+0000] {logging_mixin.py:188} INFO - [2026-07-02T17:04:21.261+0000] {dagbag.py:545} INFO - Filling up the DagBag from /usr/local/python/3.12.1/lib/python3.12/site-packages/airflow/example_dags/example_branch_labels.py
[2026-07-02T17:04:21.267+0000] {processor.py:840} INFO - DAG(s) 'example_branch_labels' retrieved from /usr/local/python/3.12.1/lib/python3.12/site-packages/airflow/example_dags/example_branch_labels.py
[2026-07-02T17:04:21.282+0000] {logging_mixin.py:188} INFO - [2026-07-02T17:04:21.282+0000] {dag.py:3089} INFO - Sync 1 DAGs
[2026-07-02T17:04:21.301+0000] {logging_mixin.py:188} INFO - [2026-07-02T17:04:21.300+0000] {dag.py:3947} INFO - Setting next_dagrun for example_branch_labels to 2026-07-01 00:00:00+00:00, run_after=2026-07-02 00:00:00+00:00
[2026-07-02T17:04:21.317+0000] {processor.py:183} INFO - Processing /usr/local/python/3.12.1/lib/python3.12/site-packages/airflow/example_dags/example_branch_labels.py took 0.063 seconds
[2026-07-02T17:05:25.464+0000] {processor.py:161} INFO - Started process (PID=164137) to work on /usr/local/python/3.12.1/lib/python3.12/site-packages/airflow/example_dags/example_branch_labels.py
[2026-07-02T17:05:25.465+0000] {processor.py:830} INFO - Processing file /usr/local/python/3.12.1/lib/python3.12/site-packages/airflow/example_dags/example_branch_labels.py for tasks to queue
[2026-07-02T17:05:25.466+0000] {logging_mixin.py:188} INFO - [2026-07-02T17:05:25.466+0000] {dagbag.py:545} INFO - Filling up the DagBag from /usr/local/python/3.12.1/lib/python3.12/site-packages/airflow/example_dags/example_branch_labels.py
[2026-07-02T17:05:25.473+0000] {processor.py:840} INFO - DAG(s) 'example_branch_labels' retrieved from /usr/local/python/3.12.1/lib/python3.12/site-packages/airflow/example_dags/example_branch_labels.py
[2026-07-02T17:05:25.491+0000] {logging_mixin.py:188} INFO - [2026-07-02T17:05:25.491+0000] {dag.py:3089} INFO - Sync 1 DAGs
[2026-07-02T17:05:25.508+0000] {logging_mixin.py:188} INFO - [2026-07-02T17:05:25.508+0000] {dag.py:3947} INFO - Setting next_dagrun for example_branch_labels to 2026-07-01 00:00:00+00:00, run_after=2026-07-02 00:00:00+00:00
[2026-07-02T17:05:25.524+0000] {processor.py:183} INFO - Processing /usr/local/python/3.12.1/lib/python3.12/site-packages/airflow/example_dags/example_branch_labels.py took 0.064 seconds
[2026-07-02T17:06:29.333+0000] {processor.py:161} INFO - Started process (PID=164808) to work on /usr/local/python/3.12.1/lib/python3.12/site-packages/airflow/example_dags/example_branch_labels.py
[2026-07-02T17:06:29.334+0000] {processor.py:830} INFO - Processing file /usr/local/python/3.12.1/lib/python3.12/site-packages/airflow/example_dags/example_branch_labels.py for tasks to queue
[2026-07-02T17:06:29.335+0000] {logging_mixin.py:188} INFO - [2026-07-02T17:06:29.335+0000] {dagbag.py:545} INFO - Filling up the DagBag from /usr/local/python/3.12.1/lib/python3.12/site-packages/airflow/example_dags/example_branch_labels.py
[2026-07-02T17:06:29.342+0000] {processor.py:840} INFO - DAG(s) 'example_branch_labels' retrieved from /usr/local/python/3.12.1/lib/python3.12/site-packages/airflow/example_dags/example_branch_labels.py
[2026-07-02T17:06:29.355+0000] {logging_mixin.py:188} INFO - [2026-07-02T17:06:29.355+0000] {dag.py:3089} INFO - Sync 1 DAGs
[2026-07-02T17:06:29.370+0000] {logging_mixin.py:188} INFO - [2026-07-02T17:06:29.370+0000] {dag.py:3947} INFO - Setting next_dagrun for example_branch_labels to 2026-07-01 00:00:00+00:00, run_after=2026-07-02 00:00:00+00:00
[2026-07-02T17:06:29.389+0000] {processor.py:183} INFO - Processing /usr/local/python/3.12.1/lib/python3.12/site-packages/airflow/example_dags/example_branch_labels.py took 0.061 seconds
[2026-07-02T17:07:31.062+0000] {processor.py:161} INFO - Started process (PID=165492) to work on /usr/local/python/3.12.1/lib/python3.12/site-packages/airflow/example_dags/example_branch_labels.py
[2026-07-02T17:07:31.063+0000] {processor.py:830} INFO - Processing file /usr/local/python/3.12.1/lib/python3.12/site-packages/airflow/example_dags/example_branch_labels.py for tasks to queue
[2026-07-02T17:07:31.064+0000] {logging_mixin.py:188} INFO - [2026-07-02T17:07:31.064+0000] {dagbag.py:545} INFO - Filling up the DagBag from /usr/local/python/3.12.1/lib/python3.12/site-packages/airflow/example_dags/example_branch_labels.py
[2026-07-02T17:07:31.070+0000] {processor.py:840} INFO - DAG(s) 'example_branch_labels' retrieved from /usr/local/python/3.12.1/lib/python3.12/site-packages/airflow/example_dags/example_branch_labels.py
[2026-07-02T17:07:31.088+0000] {logging_mixin.py:188} INFO - [2026-07-02T17:07:31.088+0000] {dag.py:3089} INFO - Sync 1 DAGs
[2026-07-02T17:07:31.106+0000] {logging_mixin.py:188} INFO - [2026-07-02T17:07:31.106+0000] {dag.py:3947} INFO - Setting next_dagrun for example_branch_labels to 2026-07-01 00:00:00+00:00, run_after=2026-07-02 00:00:00+00:00
[2026-07-02T17:07:31.123+0000] {processor.py:183} INFO - Processing /usr/local/python/3.12.1/lib/python3.12/site-packages/airflow/example_dags/example_branch_labels.py took 0.065 seconds
[2026-07-02T17:08:38.059+0000] {processor.py:161} INFO - Started process (PID=166223) to work on /usr/local/python/3.12.1/lib/python3.12/site-packages/airflow/example_dags/example_branch_labels.py
[2026-07-02T17:08:38.060+0000] {processor.py:830} INFO - Processing file /usr/local/python/3.12.1/lib/python3.12/site-packages/airflow/example_dags/example_branch_labels.py for tasks to queue
[2026-07-02T17:08:38.061+0000] {logging_mixin.py:188} INFO - [2026-07-02T17:08:38.061+0000] {dagbag.py:545} INFO - Filling up the DagBag from /usr/local/python/3.12.1/lib/python3.12/site-packages/airflow/example_dags/example_branch_labels.py
[2026-07-02T17:08:38.067+0000] {processor.py:840} INFO - DAG(s) 'example_branch_labels' retrieved from /usr/local/python/3.12.1/lib/python3.12/site-packages/airflow/example_dags/example_branch_labels.py
[2026-07-02T17:08:38.083+0000] {logging_mixin.py:188} INFO - [2026-07-02T17:08:38.082+0000] {dag.py:3089} INFO - Sync 1 DAGs
[2026-07-02T17:08:38.101+0000] {logging_mixin.py:188} INFO - [2026-07-02T17:08:38.101+0000] {dag.py:3947} INFO - Setting next_dagrun for example_branch_labels to 2026-07-01 00:00:00+00:00, run_after=2026-07-02 00:00:00+00:00
[2026-07-02T17:08:38.117+0000] {processor.py:183} INFO - Processing /usr/local/python/3.12.1/lib/python3.12/site-packages/airflow/example_dags/example_branch_labels.py took 0.063 seconds
[2026-07-02T17:09:47.165+0000] {processor.py:161} INFO - Started process (PID=166909) to work on /usr/local/python/3.12.1/lib/python3.12/site-packages/airflow/example_dags/example_branch_labels.py
[2026-07-02T17:09:47.166+0000] {processor.py:830} INFO - Processing file /usr/local/python/3.12.1/lib/python3.12/site-packages/airflow/example_dags/example_branch_labels.py for tasks to queue
[2026-07-02T17:09:47.168+0000] {logging_mixin.py:188} INFO - [2026-07-02T17:09:47.168+0000] {dagbag.py:545} INFO - Filling up the DagBag from /usr/local/python/3.12.1/lib/python3.12/site-packages/airflow/example_dags/example_branch_labels.py
[2026-07-02T17:09:47.175+0000] {processor.py:840} INFO - DAG(s) 'example_branch_labels' retrieved from /usr/local/python/3.12.1/lib/python3.12/site-packages/airflow/example_dags/example_branch_labels.py
[2026-07-02T17:09:47.194+0000] {logging_mixin.py:188} INFO - [2026-07-02T17:09:47.193+0000] {dag.py:3089} INFO - Sync 1 DAGs
[2026-07-02T17:09:47.210+0000] {logging_mixin.py:188} INFO - [2026-07-02T17:09:47.209+0000] {dag.py:3947} INFO - Setting next_dagrun for example_branch_labels to 2026-07-01 00:00:00+00:00, run_after=2026-07-02 00:00:00+00:00
[2026-07-02T17:09:47.226+0000] {processor.py:183} INFO - Processing /usr/local/python/3.12.1/lib/python3.12/site-packages/airflow/example_dags/example_branch_labels.py took 0.068 seconds
[2026-07-02T17:10:55.962+0000] {processor.py:161} INFO - Started process (PID=167664) to work on /usr/local/python/3.12.1/lib/python3.12/site-packages/airflow/example_dags/example_branch_labels.py
[2026-07-02T17:10:55.963+0000] {processor.py:830} INFO - Processing file /usr/local/python/3.12.1/lib/python3.12/site-packages/airflow/example_dags/example_branch_labels.py for tasks to queue
[2026-07-02T17:10:55.964+0000] {logging_mixin.py:188} INFO - [2026-07-02T17:10:55.964+0000] {dagbag.py:545} INFO - Filling up the DagBag from /usr/local/python/3.12.1/lib/python3.12/site-packages/airflow/example_dags/example_branch_labels.py
[2026-07-02T17:10:55.970+0000] {processor.py:840} INFO - DAG(s) 'example_branch_labels' retrieved from /usr/local/python/3.12.1/lib/python3.12/site-packages/airflow/example_dags/example_branch_labels.py
[2026-07-02T17:10:55.984+0000] {logging_mixin.py:188} INFO - [2026-07-02T17:10:55.983+0000] {dag.py:3089} INFO - Sync 1 DAGs
[2026-07-02T17:10:56.000+0000] {logging_mixin.py:188} INFO - [2026-07-02T17:10:55.999+0000] {dag.py:3947} INFO - Setting next_dagrun for example_branch_labels to 2026-07-01 00:00:00+00:00, run_after=2026-07-02 00:00:00+00:00
[2026-07-02T17:10:56.020+0000] {processor.py:183} INFO - Processing /usr/local/python/3.12.1/lib/python3.12/site-packages/airflow/example_dags/example_branch_labels.py took 0.062 seconds
[2026-07-02T17:12:03.565+0000] {processor.py:161} INFO - Started process (PID=168400) to work on /usr/local/python/3.12.1/lib/python3.12/site-packages/airflow/example_dags/example_branch_labels.py
[2026-07-02T17:12:03.566+0000] {processor.py:830} INFO - Processing file /usr/local/python/3.12.1/lib/python3.12/site-packages/airflow/example_dags/example_branch_labels.py for tasks to queue
[2026-07-02T17:12:03.568+0000] {logging_mixin.py:188} INFO - [2026-07-02T17:12:03.567+0000] {dagbag.py:545} INFO - Filling up the DagBag from /usr/local/python/3.12.1/lib/python3.12/site-packages/airflow/example_dags/example_branch_labels.py
[2026-07-02T17:12:03.574+0000] {processor.py:840} INFO - DAG(s) 'example_branch_labels' retrieved from /usr/local/python/3.12.1/lib/python3.12/site-packages/airflow/example_dags/example_branch_labels.py
[2026-07-02T17:12:03.588+0000] {logging_mixin.py:188} INFO - [2026-07-02T17:12:03.588+0000] {dag.py:3089} INFO - Sync 1 DAGs
[2026-07-02T17:12:03.604+0000] {logging_mixin.py:188} INFO - [2026-07-02T17:12:03.604+0000] {dag.py:3947} INFO - Setting next_dagrun for example_branch_labels to 2026-07-01 00:00:00+00:00, run_after=2026-07-02 00:00:00+00:00
[2026-07-02T17:12:03.620+0000] {processor.py:183} INFO - Processing /usr/local/python/3.12.1/lib/python3.12/site-packages/airflow/example_dags/example_branch_labels.py took 0.061 seconds
[2026-07-02T17:13:05.403+0000] {processor.py:161} INFO - Started process (PID=169052) to work on /usr/local/python/3.12.1/lib/python3.12/site-packages/airflow/example_dags/example_branch_labels.py
[2026-07-02T17:13:05.403+0000] {processor.py:830} INFO - Processing file /usr/local/python/3.12.1/lib/python3.12/site-packages/airflow/example_dags/example_branch_labels.py for tasks to queue
[2026-07-02T17:13:05.405+0000] {logging_mixin.py:188} INFO - [2026-07-02T17:13:05.405+0000] {dagbag.py:545} INFO - Filling up the DagBag from /usr/local/python/3.12.1/lib/python3.12/site-packages/airflow/example_dags/example_branch_labels.py
[2026-07-02T17:13:05.412+0000] {processor.py:840} INFO - DAG(s) 'example_branch_labels' retrieved from /usr/local/python/3.12.1/lib/python3.12/site-packages/airflow/example_dags/example_branch_labels.py
[2026-07-02T17:13:05.425+0000] {logging_mixin.py:188} INFO - [2026-07-02T17:13:05.425+0000] {dag.py:3089} INFO - Sync 1 DAGs
[2026-07-02T17:13:05.449+0000] {logging_mixin.py:188} INFO - [2026-07-02T17:13:05.449+0000] {dag.py:3947} INFO - Setting next_dagrun for example_branch_labels to 2026-07-01 00:00:00+00:00, run_after=2026-07-02 00:00:00+00:00
[2026-07-02T17:13:05.501+0000] {processor.py:183} INFO - Processing /usr/local/python/3.12.1/lib/python3.12/site-packages/airflow/example_dags/example_branch_labels.py took 0.103 seconds
[2026-07-02T17:14:07.660+0000] {processor.py:161} INFO - Started process (PID=169721) to work on /usr/local/python/3.12.1/lib/python3.12/site-packages/airflow/example_dags/example_branch_labels.py
[2026-07-02T17:14:07.661+0000] {processor.py:830} INFO - Processing file /usr/local/python/3.12.1/lib/python3.12/site-packages/airflow/example_dags/example_branch_labels.py for tasks to queue
[2026-07-02T17:14:07.663+0000] {logging_mixin.py:188} INFO - [2026-07-02T17:14:07.662+0000] {dagbag.py:545} INFO - Filling up the DagBag from /usr/local/python/3.12.1/lib/python3.12/site-packages/airflow/example_dags/example_branch_labels.py
[2026-07-02T17:14:07.669+0000] {processor.py:840} INFO - DAG(s) 'example_branch_labels' retrieved from /usr/local/python/3.12.1/lib/python3.12/site-packages/airflow/example_dags/example_branch_labels.py
[2026-07-02T17:14:07.685+0000] {logging_mixin.py:188} INFO - [2026-07-02T17:14:07.685+0000] {dag.py:3089} INFO - Sync 1 DAGs
[2026-07-02T17:14:07.704+0000] {logging_mixin.py:188} INFO - [2026-07-02T17:14:07.703+0000] {dag.py:3947} INFO - Setting next_dagrun for example_branch_labels to 2026-07-01 00:00:00+00:00, run_after=2026-07-02 00:00:00+00:00
[2026-07-02T17:14:07.720+0000] {processor.py:183} INFO - Processing /usr/local/python/3.12.1/lib/python3.12/site-packages/airflow/example_dags/example_branch_labels.py took 0.065 seconds
[2026-07-02T17:15:12.097+0000] {processor.py:161} INFO - Started process (PID=170368) to work on /usr/local/python/3.12.1/lib/python3.12/site-packages/airflow/example_dags/example_branch_labels.py
[2026-07-02T17:15:12.098+0000] {processor.py:830} INFO - Processing file /usr/local/python/3.12.1/lib/python3.12/site-packages/airflow/example_dags/example_branch_labels.py for tasks to queue
[2026-07-02T17:15:12.099+0000] {logging_mixin.py:188} INFO - [2026-07-02T17:15:12.099+0000] {dagbag.py:545} INFO - Filling up the DagBag from /usr/local/python/3.12.1/lib/python3.12/site-packages/airflow/example_dags/example_branch_labels.py
[2026-07-02T17:15:12.105+0000] {processor.py:840} INFO - DAG(s) 'example_branch_labels' retrieved from /usr/local/python/3.12.1/lib/python3.12/site-packages/airflow/example_dags/example_branch_labels.py
[2026-07-02T17:15:12.118+0000] {logging_mixin.py:188} INFO - [2026-07-02T17:15:12.118+0000] {dag.py:3089} INFO - Sync 1 DAGs
[2026-07-02T17:15:12.134+0000] {logging_mixin.py:188} INFO - [2026-07-02T17:15:12.134+0000] {dag.py:3947} INFO - Setting next_dagrun for example_branch_labels to 2026-07-01 00:00:00+00:00, run_after=2026-07-02 00:00:00+00:00
[2026-07-02T17:15:12.150+0000] {processor.py:183} INFO - Processing /usr/local/python/3.12.1/lib/python3.12/site-packages/airflow/example_dags/example_branch_labels.py took 0.059 seconds
[2026-07-02T17:16:09.766+0000] {processor.py:161} INFO - Started process (PID=170985) to work on /usr/local/python/3.12.1/lib/python3.12/site-packages/airflow/example_dags/example_branch_labels.py
[2026-07-02T17:16:09.767+0000] {processor.py:830} INFO - Processing file /usr/local/python/3.12.1/lib/python3.12/site-packages/airflow/example_dags/example_branch_labels.py for tasks to queue
[2026-07-02T17:16:09.768+0000] {logging_mixin.py:188} INFO - [2026-07-02T17:16:09.768+0000] {dagbag.py:545} INFO - Filling up the DagBag from /usr/local/python/3.12.1/lib/python3.12/site-packages/airflow/example_dags/example_branch_labels.py
[2026-07-02T17:16:09.775+0000] {processor.py:840} INFO - DAG(s) 'example_branch_labels' retrieved from /usr/local/python/3.12.1/lib/python3.12/site-packages/airflow/example_dags/example_branch_labels.py
[2026-07-02T17:16:09.793+0000] {logging_mixin.py:188} INFO - [2026-07-02T17:16:09.793+0000] {dag.py:3089} INFO - Sync 1 DAGs
[2026-07-02T17:16:09.809+0000] {logging_mixin.py:188} INFO - [2026-07-02T17:16:09.809+0000] {dag.py:3947} INFO - Setting next_dagrun for example_branch_labels to 2026-07-01 00:00:00+00:00, run_after=2026-07-02 00:00:00+00:00
[2026-07-02T17:16:09.824+0000] {processor.py:183} INFO - Processing /usr/local/python/3.12.1/lib/python3.12/site-packages/airflow/example_dags/example_branch_labels.py took 0.063 seconds
[2026-07-02T17:17:10.956+0000] {processor.py:161} INFO - Started process (PID=171649) to work on /usr/local/python/3.12.1/lib/python3.12/site-packages/airflow/example_dags/example_branch_labels.py
[2026-07-02T17:17:10.956+0000] {processor.py:830} INFO - Processing file /usr/local/python/3.12.1/lib/python3.12/site-packages/airflow/example_dags/example_branch_labels.py for tasks to queue
[2026-07-02T17:17:10.958+0000] {logging_mixin.py:188} INFO - [2026-07-02T17:17:10.957+0000] {dagbag.py:545} INFO - Filling up the DagBag from /usr/local/python/3.12.1/lib/python3.12/site-packages/airflow/example_dags/example_branch_labels.py
[2026-07-02T17:17:10.964+0000] {processor.py:840} INFO - DAG(s) 'example_branch_labels' retrieved from /usr/local/python/3.12.1/lib/python3.12/site-packages/airflow/example_dags/example_branch_labels.py
[2026-07-02T17:17:10.978+0000] {logging_mixin.py:188} INFO - [2026-07-02T17:17:10.978+0000] {dag.py:3089} INFO - Sync 1 DAGs
[2026-07-02T17:17:11.000+0000] {logging_mixin.py:188} INFO - [2026-07-02T17:17:10.999+0000] {dag.py:3947} INFO - Setting next_dagrun for example_branch_labels to 2026-07-01 00:00:00+00:00, run_after=2026-07-02 00:00:00+00:00
[2026-07-02T17:17:11.016+0000] {processor.py:183} INFO - Processing /usr/local/python/3.12.1/lib/python3.12/site-packages/airflow/example_dags/example_branch_labels.py took 0.066 seconds
