[2026-07-02T16:24:48.231+0000] {processor.py:161} INFO - Started process (PID=118056) to work on /usr/local/python/3.12.1/lib/python3.12/site-packages/airflow/example_dags/example_branch_day_of_week_operator.py
[2026-07-02T16:24:48.232+0000] {processor.py:830} INFO - Processing file /usr/local/python/3.12.1/lib/python3.12/site-packages/airflow/example_dags/example_branch_day_of_week_operator.py for tasks to queue
[2026-07-02T16:24:48.233+0000] {logging_mixin.py:188} INFO - [2026-07-02T16:24:48.233+0000] {dagbag.py:545} INFO - Filling up the DagBag from /usr/local/python/3.12.1/lib/python3.12/site-packages/airflow/example_dags/example_branch_day_of_week_operator.py
[2026-07-02T16:24:48.239+0000] {processor.py:840} INFO - DAG(s) 'example_weekday_branch_operator' retrieved from /usr/local/python/3.12.1/lib/python3.12/site-packages/airflow/example_dags/example_branch_day_of_week_operator.py
[2026-07-02T16:24:48.345+0000] {logging_mixin.py:188} INFO - [2026-07-02T16:24:48.344+0000] {override.py:1858} INFO - Created Permission View: can delete on DAG:example_weekday_branch_operator
[2026-07-02T16:24:48.353+0000] {logging_mixin.py:188} INFO - [2026-07-02T16:24:48.353+0000] {override.py:1858} INFO - Created Permission View: can read on DAG:example_weekday_branch_operator
[2026-07-02T16:24:48.359+0000] {logging_mixin.py:188} INFO - [2026-07-02T16:24:48.359+0000] {override.py:1858} INFO - Created Permission View: can edit on DAG:example_weekday_branch_operator
[2026-07-02T16:24:48.360+0000] {logging_mixin.py:188} INFO - [2026-07-02T16:24:48.360+0000] {dag.py:3089} INFO - Sync 1 DAGs
[2026-07-02T16:24:48.368+0000] {logging_mixin.py:188} INFO - [2026-07-02T16:24:48.367+0000] {dag.py:3111} INFO - Creating ORM DAG for example_weekday_branch_operator
[2026-07-02T16:24:48.375+0000] {logging_mixin.py:188} INFO - [2026-07-02T16:24:48.375+0000] {dag.py:3947} INFO - Setting next_dagrun for example_weekday_branch_operator to 2026-07-01 00:00:00+00:00, run_after=2026-07-02 00:00:00+00:00
[2026-07-02T16:24:48.392+0000] {processor.py:183} INFO - Processing /usr/local/python/3.12.1/lib/python3.12/site-packages/airflow/example_dags/example_branch_day_of_week_operator.py took 0.166 seconds
[2026-07-02T16:25:58.216+0000] {processor.py:161} INFO - Started process (PID=122480) to work on /usr/local/python/3.12.1/lib/python3.12/site-packages/airflow/example_dags/example_branch_day_of_week_operator.py
[2026-07-02T16:25:58.218+0000] {processor.py:830} INFO - Processing file /usr/local/python/3.12.1/lib/python3.12/site-packages/airflow/example_dags/example_branch_day_of_week_operator.py for tasks to queue
[2026-07-02T16:25:58.220+0000] {logging_mixin.py:188} INFO - [2026-07-02T16:25:58.220+0000] {dagbag.py:545} INFO - Filling up the DagBag from /usr/local/python/3.12.1/lib/python3.12/site-packages/airflow/example_dags/example_branch_day_of_week_operator.py
[2026-07-02T16:25:58.239+0000] {processor.py:840} INFO - DAG(s) 'example_weekday_branch_operator' retrieved from /usr/local/python/3.12.1/lib/python3.12/site-packages/airflow/example_dags/example_branch_day_of_week_operator.py
[2026-07-02T16:25:58.267+0000] {logging_mixin.py:188} INFO - [2026-07-02T16:25:58.267+0000] {dag.py:3089} INFO - Sync 1 DAGs
[2026-07-02T16:25:58.306+0000] {logging_mixin.py:188} INFO - [2026-07-02T16:25:58.306+0000] {dag.py:3947} INFO - Setting next_dagrun for example_weekday_branch_operator to 2026-07-01 00:00:00+00:00, run_after=2026-07-02 00:00:00+00:00
[2026-07-02T16:25:58.354+0000] {processor.py:183} INFO - Processing /usr/local/python/3.12.1/lib/python3.12/site-packages/airflow/example_dags/example_branch_day_of_week_operator.py took 0.146 seconds
[2026-07-02T16:27:03.900+0000] {processor.py:161} INFO - Started process (PID=126764) to work on /usr/local/python/3.12.1/lib/python3.12/site-packages/airflow/example_dags/example_branch_day_of_week_operator.py
[2026-07-02T16:27:03.901+0000] {processor.py:830} INFO - Processing file /usr/local/python/3.12.1/lib/python3.12/site-packages/airflow/example_dags/example_branch_day_of_week_operator.py for tasks to queue
[2026-07-02T16:27:03.903+0000] {logging_mixin.py:188} INFO - [2026-07-02T16:27:03.902+0000] {dagbag.py:545} INFO - Filling up the DagBag from /usr/local/python/3.12.1/lib/python3.12/site-packages/airflow/example_dags/example_branch_day_of_week_operator.py
[2026-07-02T16:27:03.911+0000] {processor.py:840} INFO - DAG(s) 'example_weekday_branch_operator' retrieved from /usr/local/python/3.12.1/lib/python3.12/site-packages/airflow/example_dags/example_branch_day_of_week_operator.py
[2026-07-02T16:27:03.929+0000] {logging_mixin.py:188} INFO - [2026-07-02T16:27:03.928+0000] {dag.py:3089} INFO - Sync 1 DAGs
[2026-07-02T16:27:04.065+0000] {logging_mixin.py:188} INFO - [2026-07-02T16:27:04.056+0000] {dag.py:3947} INFO - Setting next_dagrun for example_weekday_branch_operator to 2026-07-01 00:00:00+00:00, run_after=2026-07-02 00:00:00+00:00
[2026-07-02T16:27:04.135+0000] {processor.py:183} INFO - Processing /usr/local/python/3.12.1/lib/python3.12/site-packages/airflow/example_dags/example_branch_day_of_week_operator.py took 0.241 seconds
[2026-07-02T16:28:11.204+0000] {processor.py:161} INFO - Started process (PID=128856) to work on /usr/local/python/3.12.1/lib/python3.12/site-packages/airflow/example_dags/example_branch_day_of_week_operator.py
[2026-07-02T16:28:11.208+0000] {processor.py:830} INFO - Processing file /usr/local/python/3.12.1/lib/python3.12/site-packages/airflow/example_dags/example_branch_day_of_week_operator.py for tasks to queue
[2026-07-02T16:28:11.210+0000] {logging_mixin.py:188} INFO - [2026-07-02T16:28:11.210+0000] {dagbag.py:545} INFO - Filling up the DagBag from /usr/local/python/3.12.1/lib/python3.12/site-packages/airflow/example_dags/example_branch_day_of_week_operator.py
[2026-07-02T16:28:11.223+0000] {processor.py:840} INFO - DAG(s) 'example_weekday_branch_operator' retrieved from /usr/local/python/3.12.1/lib/python3.12/site-packages/airflow/example_dags/example_branch_day_of_week_operator.py
[2026-07-02T16:28:11.242+0000] {logging_mixin.py:188} INFO - [2026-07-02T16:28:11.241+0000] {dag.py:3089} INFO - Sync 1 DAGs
[2026-07-02T16:28:11.264+0000] {logging_mixin.py:188} INFO - [2026-07-02T16:28:11.264+0000] {dag.py:3947} INFO - Setting next_dagrun for example_weekday_branch_operator to 2026-07-01 00:00:00+00:00, run_after=2026-07-02 00:00:00+00:00
[2026-07-02T16:28:11.292+0000] {processor.py:183} INFO - Processing /usr/local/python/3.12.1/lib/python3.12/site-packages/airflow/example_dags/example_branch_day_of_week_operator.py took 0.103 seconds
[2026-07-02T16:29:42.914+0000] {processor.py:161} INFO - Started process (PID=130023) to work on /usr/local/python/3.12.1/lib/python3.12/site-packages/airflow/example_dags/example_branch_day_of_week_operator.py
[2026-07-02T16:29:42.915+0000] {processor.py:830} INFO - Processing file /usr/local/python/3.12.1/lib/python3.12/site-packages/airflow/example_dags/example_branch_day_of_week_operator.py for tasks to queue
[2026-07-02T16:29:42.916+0000] {logging_mixin.py:188} INFO - [2026-07-02T16:29:42.916+0000] {dagbag.py:545} INFO - Filling up the DagBag from /usr/local/python/3.12.1/lib/python3.12/site-packages/airflow/example_dags/example_branch_day_of_week_operator.py
[2026-07-02T16:29:42.923+0000] {processor.py:840} INFO - DAG(s) 'example_weekday_branch_operator' retrieved from /usr/local/python/3.12.1/lib/python3.12/site-packages/airflow/example_dags/example_branch_day_of_week_operator.py
[2026-07-02T16:29:42.936+0000] {logging_mixin.py:188} INFO - [2026-07-02T16:29:42.935+0000] {dag.py:3089} INFO - Sync 1 DAGs
[2026-07-02T16:29:42.951+0000] {logging_mixin.py:188} INFO - [2026-07-02T16:29:42.951+0000] {dag.py:3947} INFO - Setting next_dagrun for example_weekday_branch_operator to 2026-07-01 00:00:00+00:00, run_after=2026-07-02 00:00:00+00:00
[2026-07-02T16:29:42.968+0000] {processor.py:183} INFO - Processing /usr/local/python/3.12.1/lib/python3.12/site-packages/airflow/example_dags/example_branch_day_of_week_operator.py took 0.058 seconds
[2026-07-02T16:30:38.498+0000] {processor.py:161} INFO - Started process (PID=130673) to work on /usr/local/python/3.12.1/lib/python3.12/site-packages/airflow/example_dags/example_branch_day_of_week_operator.py
[2026-07-02T16:30:38.499+0000] {processor.py:830} INFO - Processing file /usr/local/python/3.12.1/lib/python3.12/site-packages/airflow/example_dags/example_branch_day_of_week_operator.py for tasks to queue
[2026-07-02T16:30:38.501+0000] {logging_mixin.py:188} INFO - [2026-07-02T16:30:38.500+0000] {dagbag.py:545} INFO - Filling up the DagBag from /usr/local/python/3.12.1/lib/python3.12/site-packages/airflow/example_dags/example_branch_day_of_week_operator.py
[2026-07-02T16:30:38.507+0000] {processor.py:840} INFO - DAG(s) 'example_weekday_branch_operator' retrieved from /usr/local/python/3.12.1/lib/python3.12/site-packages/airflow/example_dags/example_branch_day_of_week_operator.py
[2026-07-02T16:30:38.521+0000] {logging_mixin.py:188} INFO - [2026-07-02T16:30:38.521+0000] {dag.py:3089} INFO - Sync 1 DAGs
[2026-07-02T16:30:38.544+0000] {logging_mixin.py:188} INFO - [2026-07-02T16:30:38.544+0000] {dag.py:3947} INFO - Setting next_dagrun for example_weekday_branch_operator to 2026-07-01 00:00:00+00:00, run_after=2026-07-02 00:00:00+00:00
[2026-07-02T16:30:38.562+0000] {processor.py:183} INFO - Processing /usr/local/python/3.12.1/lib/python3.12/site-packages/airflow/example_dags/example_branch_day_of_week_operator.py took 0.069 seconds
[2026-07-02T16:31:51.515+0000] {processor.py:161} INFO - Started process (PID=131452) to work on /usr/local/python/3.12.1/lib/python3.12/site-packages/airflow/example_dags/example_branch_day_of_week_operator.py
[2026-07-02T16:31:51.516+0000] {processor.py:830} INFO - Processing file /usr/local/python/3.12.1/lib/python3.12/site-packages/airflow/example_dags/example_branch_day_of_week_operator.py for tasks to queue
[2026-07-02T16:31:51.517+0000] {logging_mixin.py:188} INFO - [2026-07-02T16:31:51.517+0000] {dagbag.py:545} INFO - Filling up the DagBag from /usr/local/python/3.12.1/lib/python3.12/site-packages/airflow/example_dags/example_branch_day_of_week_operator.py
[2026-07-02T16:31:51.523+0000] {processor.py:840} INFO - DAG(s) 'example_weekday_branch_operator' retrieved from /usr/local/python/3.12.1/lib/python3.12/site-packages/airflow/example_dags/example_branch_day_of_week_operator.py
[2026-07-02T16:31:51.536+0000] {logging_mixin.py:188} INFO - [2026-07-02T16:31:51.536+0000] {dag.py:3089} INFO - Sync 1 DAGs
[2026-07-02T16:31:51.551+0000] {logging_mixin.py:188} INFO - [2026-07-02T16:31:51.551+0000] {dag.py:3947} INFO - Setting next_dagrun for example_weekday_branch_operator to 2026-07-01 00:00:00+00:00, run_after=2026-07-02 00:00:00+00:00
[2026-07-02T16:31:51.568+0000] {processor.py:183} INFO - Processing /usr/local/python/3.12.1/lib/python3.12/site-packages/airflow/example_dags/example_branch_day_of_week_operator.py took 0.058 seconds
[2026-07-02T16:33:07.862+0000] {processor.py:161} INFO - Started process (PID=133441) to work on /usr/local/python/3.12.1/lib/python3.12/site-packages/airflow/example_dags/example_branch_day_of_week_operator.py
[2026-07-02T16:33:07.863+0000] {processor.py:830} INFO - Processing file /usr/local/python/3.12.1/lib/python3.12/site-packages/airflow/example_dags/example_branch_day_of_week_operator.py for tasks to queue
[2026-07-02T16:33:07.864+0000] {logging_mixin.py:188} INFO - [2026-07-02T16:33:07.864+0000] {dagbag.py:545} INFO - Filling up the DagBag from /usr/local/python/3.12.1/lib/python3.12/site-packages/airflow/example_dags/example_branch_day_of_week_operator.py
[2026-07-02T16:33:07.871+0000] {processor.py:840} INFO - DAG(s) 'example_weekday_branch_operator' retrieved from /usr/local/python/3.12.1/lib/python3.12/site-packages/airflow/example_dags/example_branch_day_of_week_operator.py
[2026-07-02T16:33:07.886+0000] {logging_mixin.py:188} INFO - [2026-07-02T16:33:07.886+0000] {dag.py:3089} INFO - Sync 1 DAGs
[2026-07-02T16:33:07.904+0000] {logging_mixin.py:188} INFO - [2026-07-02T16:33:07.904+0000] {dag.py:3947} INFO - Setting next_dagrun for example_weekday_branch_operator to 2026-07-01 00:00:00+00:00, run_after=2026-07-02 00:00:00+00:00
[2026-07-02T16:33:07.920+0000] {processor.py:183} INFO - Processing /usr/local/python/3.12.1/lib/python3.12/site-packages/airflow/example_dags/example_branch_day_of_week_operator.py took 0.062 seconds
[2026-07-02T16:34:22.469+0000] {processor.py:161} INFO - Started process (PID=134397) to work on /usr/local/python/3.12.1/lib/python3.12/site-packages/airflow/example_dags/example_branch_day_of_week_operator.py
[2026-07-02T16:34:22.480+0000] {processor.py:830} INFO - Processing file /usr/local/python/3.12.1/lib/python3.12/site-packages/airflow/example_dags/example_branch_day_of_week_operator.py for tasks to queue
[2026-07-02T16:34:22.482+0000] {logging_mixin.py:188} INFO - [2026-07-02T16:34:22.481+0000] {dagbag.py:545} INFO - Filling up the DagBag from /usr/local/python/3.12.1/lib/python3.12/site-packages/airflow/example_dags/example_branch_day_of_week_operator.py
[2026-07-02T16:34:22.502+0000] {processor.py:840} INFO - DAG(s) 'example_weekday_branch_operator' retrieved from /usr/local/python/3.12.1/lib/python3.12/site-packages/airflow/example_dags/example_branch_day_of_week_operator.py
[2026-07-02T16:34:22.528+0000] {logging_mixin.py:188} INFO - [2026-07-02T16:34:22.527+0000] {dag.py:3089} INFO - Sync 1 DAGs
[2026-07-02T16:34:22.554+0000] {logging_mixin.py:188} INFO - [2026-07-02T16:34:22.554+0000] {dag.py:3947} INFO - Setting next_dagrun for example_weekday_branch_operator to 2026-07-01 00:00:00+00:00, run_after=2026-07-02 00:00:00+00:00
[2026-07-02T16:34:22.587+0000] {processor.py:183} INFO - Processing /usr/local/python/3.12.1/lib/python3.12/site-packages/airflow/example_dags/example_branch_day_of_week_operator.py took 0.124 seconds
[2026-07-02T16:35:42.751+0000] {processor.py:161} INFO - Started process (PID=136198) to work on /usr/local/python/3.12.1/lib/python3.12/site-packages/airflow/example_dags/example_branch_day_of_week_operator.py
[2026-07-02T16:35:42.752+0000] {processor.py:830} INFO - Processing file /usr/local/python/3.12.1/lib/python3.12/site-packages/airflow/example_dags/example_branch_day_of_week_operator.py for tasks to queue
[2026-07-02T16:35:42.754+0000] {logging_mixin.py:188} INFO - [2026-07-02T16:35:42.754+0000] {dagbag.py:545} INFO - Filling up the DagBag from /usr/local/python/3.12.1/lib/python3.12/site-packages/airflow/example_dags/example_branch_day_of_week_operator.py
[2026-07-02T16:35:42.764+0000] {processor.py:840} INFO - DAG(s) 'example_weekday_branch_operator' retrieved from /usr/local/python/3.12.1/lib/python3.12/site-packages/airflow/example_dags/example_branch_day_of_week_operator.py
[2026-07-02T16:35:42.789+0000] {logging_mixin.py:188} INFO - [2026-07-02T16:35:42.788+0000] {dag.py:3089} INFO - Sync 1 DAGs
[2026-07-02T16:35:42.826+0000] {logging_mixin.py:188} INFO - [2026-07-02T16:35:42.824+0000] {dag.py:3947} INFO - Setting next_dagrun for example_weekday_branch_operator to 2026-07-01 00:00:00+00:00, run_after=2026-07-02 00:00:00+00:00
[2026-07-02T16:35:42.899+0000] {processor.py:183} INFO - Processing /usr/local/python/3.12.1/lib/python3.12/site-packages/airflow/example_dags/example_branch_day_of_week_operator.py took 0.161 seconds
[2026-07-02T16:36:57.191+0000] {processor.py:161} INFO - Started process (PID=137160) to work on /usr/local/python/3.12.1/lib/python3.12/site-packages/airflow/example_dags/example_branch_day_of_week_operator.py
[2026-07-02T16:36:57.202+0000] {processor.py:830} INFO - Processing file /usr/local/python/3.12.1/lib/python3.12/site-packages/airflow/example_dags/example_branch_day_of_week_operator.py for tasks to queue
[2026-07-02T16:36:57.209+0000] {logging_mixin.py:188} INFO - [2026-07-02T16:36:57.204+0000] {dagbag.py:545} INFO - Filling up the DagBag from /usr/local/python/3.12.1/lib/python3.12/site-packages/airflow/example_dags/example_branch_day_of_week_operator.py
[2026-07-02T16:36:57.221+0000] {processor.py:840} INFO - DAG(s) 'example_weekday_branch_operator' retrieved from /usr/local/python/3.12.1/lib/python3.12/site-packages/airflow/example_dags/example_branch_day_of_week_operator.py
[2026-07-02T16:36:57.239+0000] {logging_mixin.py:188} INFO - [2026-07-02T16:36:57.239+0000] {dag.py:3089} INFO - Sync 1 DAGs
[2026-07-02T16:36:57.261+0000] {logging_mixin.py:188} INFO - [2026-07-02T16:36:57.261+0000] {dag.py:3947} INFO - Setting next_dagrun for example_weekday_branch_operator to 2026-07-01 00:00:00+00:00, run_after=2026-07-02 00:00:00+00:00
[2026-07-02T16:36:57.284+0000] {processor.py:183} INFO - Processing /usr/local/python/3.12.1/lib/python3.12/site-packages/airflow/example_dags/example_branch_day_of_week_operator.py took 0.107 seconds
[2026-07-02T16:38:04.129+0000] {processor.py:161} INFO - Started process (PID=138717) to work on /usr/local/python/3.12.1/lib/python3.12/site-packages/airflow/example_dags/example_branch_day_of_week_operator.py
[2026-07-02T16:38:04.130+0000] {processor.py:830} INFO - Processing file /usr/local/python/3.12.1/lib/python3.12/site-packages/airflow/example_dags/example_branch_day_of_week_operator.py for tasks to queue
[2026-07-02T16:38:04.132+0000] {logging_mixin.py:188} INFO - [2026-07-02T16:38:04.132+0000] {dagbag.py:545} INFO - Filling up the DagBag from /usr/local/python/3.12.1/lib/python3.12/site-packages/airflow/example_dags/example_branch_day_of_week_operator.py
[2026-07-02T16:38:04.139+0000] {processor.py:840} INFO - DAG(s) 'example_weekday_branch_operator' retrieved from /usr/local/python/3.12.1/lib/python3.12/site-packages/airflow/example_dags/example_branch_day_of_week_operator.py
[2026-07-02T16:38:04.152+0000] {logging_mixin.py:188} INFO - [2026-07-02T16:38:04.152+0000] {dag.py:3089} INFO - Sync 1 DAGs
[2026-07-02T16:38:04.167+0000] {logging_mixin.py:188} INFO - [2026-07-02T16:38:04.167+0000] {dag.py:3947} INFO - Setting next_dagrun for example_weekday_branch_operator to 2026-07-01 00:00:00+00:00, run_after=2026-07-02 00:00:00+00:00
[2026-07-02T16:38:04.190+0000] {processor.py:183} INFO - Processing /usr/local/python/3.12.1/lib/python3.12/site-packages/airflow/example_dags/example_branch_day_of_week_operator.py took 0.069 seconds
[2026-07-02T16:39:13.269+0000] {processor.py:161} INFO - Started process (PID=140047) to work on /usr/local/python/3.12.1/lib/python3.12/site-packages/airflow/example_dags/example_branch_day_of_week_operator.py
[2026-07-02T16:39:13.270+0000] {processor.py:830} INFO - Processing file /usr/local/python/3.12.1/lib/python3.12/site-packages/airflow/example_dags/example_branch_day_of_week_operator.py for tasks to queue
[2026-07-02T16:39:13.271+0000] {logging_mixin.py:188} INFO - [2026-07-02T16:39:13.271+0000] {dagbag.py:545} INFO - Filling up the DagBag from /usr/local/python/3.12.1/lib/python3.12/site-packages/airflow/example_dags/example_branch_day_of_week_operator.py
[2026-07-02T16:39:13.279+0000] {processor.py:840} INFO - DAG(s) 'example_weekday_branch_operator' retrieved from /usr/local/python/3.12.1/lib/python3.12/site-packages/airflow/example_dags/example_branch_day_of_week_operator.py
[2026-07-02T16:39:13.296+0000] {logging_mixin.py:188} INFO - [2026-07-02T16:39:13.296+0000] {dag.py:3089} INFO - Sync 1 DAGs
[2026-07-02T16:39:13.312+0000] {logging_mixin.py:188} INFO - [2026-07-02T16:39:13.312+0000] {dag.py:3947} INFO - Setting next_dagrun for example_weekday_branch_operator to 2026-07-01 00:00:00+00:00, run_after=2026-07-02 00:00:00+00:00
[2026-07-02T16:39:13.332+0000] {processor.py:183} INFO - Processing /usr/local/python/3.12.1/lib/python3.12/site-packages/airflow/example_dags/example_branch_day_of_week_operator.py took 0.072 seconds
[2026-07-02T16:40:22.328+0000] {processor.py:161} INFO - Started process (PID=141058) to work on /usr/local/python/3.12.1/lib/python3.12/site-packages/airflow/example_dags/example_branch_day_of_week_operator.py
[2026-07-02T16:40:22.333+0000] {processor.py:830} INFO - Processing file /usr/local/python/3.12.1/lib/python3.12/site-packages/airflow/example_dags/example_branch_day_of_week_operator.py for tasks to queue
[2026-07-02T16:40:22.341+0000] {logging_mixin.py:188} INFO - [2026-07-02T16:40:22.339+0000] {dagbag.py:545} INFO - Filling up the DagBag from /usr/local/python/3.12.1/lib/python3.12/site-packages/airflow/example_dags/example_branch_day_of_week_operator.py
[2026-07-02T16:40:22.388+0000] {processor.py:840} INFO - DAG(s) 'example_weekday_branch_operator' retrieved from /usr/local/python/3.12.1/lib/python3.12/site-packages/airflow/example_dags/example_branch_day_of_week_operator.py
[2026-07-02T16:40:22.436+0000] {logging_mixin.py:188} INFO - [2026-07-02T16:40:22.436+0000] {dag.py:3089} INFO - Sync 1 DAGs
[2026-07-02T16:40:22.496+0000] {logging_mixin.py:188} INFO - [2026-07-02T16:40:22.495+0000] {dag.py:3947} INFO - Setting next_dagrun for example_weekday_branch_operator to 2026-07-01 00:00:00+00:00, run_after=2026-07-02 00:00:00+00:00
[2026-07-02T16:40:22.537+0000] {processor.py:183} INFO - Processing /usr/local/python/3.12.1/lib/python3.12/site-packages/airflow/example_dags/example_branch_day_of_week_operator.py took 0.224 seconds
[2026-07-02T16:41:42.154+0000] {processor.py:161} INFO - Started process (PID=142315) to work on /usr/local/python/3.12.1/lib/python3.12/site-packages/airflow/example_dags/example_branch_day_of_week_operator.py
[2026-07-02T16:41:42.155+0000] {processor.py:830} INFO - Processing file /usr/local/python/3.12.1/lib/python3.12/site-packages/airflow/example_dags/example_branch_day_of_week_operator.py for tasks to queue
[2026-07-02T16:41:42.159+0000] {logging_mixin.py:188} INFO - [2026-07-02T16:41:42.158+0000] {dagbag.py:545} INFO - Filling up the DagBag from /usr/local/python/3.12.1/lib/python3.12/site-packages/airflow/example_dags/example_branch_day_of_week_operator.py
[2026-07-02T16:41:42.180+0000] {processor.py:840} INFO - DAG(s) 'example_weekday_branch_operator' retrieved from /usr/local/python/3.12.1/lib/python3.12/site-packages/airflow/example_dags/example_branch_day_of_week_operator.py
[2026-07-02T16:41:42.243+0000] {logging_mixin.py:188} INFO - [2026-07-02T16:41:42.242+0000] {dag.py:3089} INFO - Sync 1 DAGs
[2026-07-02T16:41:42.346+0000] {logging_mixin.py:188} INFO - [2026-07-02T16:41:42.346+0000] {dag.py:3947} INFO - Setting next_dagrun for example_weekday_branch_operator to 2026-07-01 00:00:00+00:00, run_after=2026-07-02 00:00:00+00:00
[2026-07-02T16:41:42.451+0000] {processor.py:183} INFO - Processing /usr/local/python/3.12.1/lib/python3.12/site-packages/airflow/example_dags/example_branch_day_of_week_operator.py took 0.309 seconds
[2026-07-02T16:42:58.196+0000] {processor.py:161} INFO - Started process (PID=143473) to work on /usr/local/python/3.12.1/lib/python3.12/site-packages/airflow/example_dags/example_branch_day_of_week_operator.py
[2026-07-02T16:42:58.200+0000] {processor.py:830} INFO - Processing file /usr/local/python/3.12.1/lib/python3.12/site-packages/airflow/example_dags/example_branch_day_of_week_operator.py for tasks to queue
[2026-07-02T16:42:58.201+0000] {logging_mixin.py:188} INFO - [2026-07-02T16:42:58.201+0000] {dagbag.py:545} INFO - Filling up the DagBag from /usr/local/python/3.12.1/lib/python3.12/site-packages/airflow/example_dags/example_branch_day_of_week_operator.py
[2026-07-02T16:42:58.208+0000] {processor.py:840} INFO - DAG(s) 'example_weekday_branch_operator' retrieved from /usr/local/python/3.12.1/lib/python3.12/site-packages/airflow/example_dags/example_branch_day_of_week_operator.py
[2026-07-02T16:42:58.221+0000] {logging_mixin.py:188} INFO - [2026-07-02T16:42:58.221+0000] {dag.py:3089} INFO - Sync 1 DAGs
[2026-07-02T16:42:58.236+0000] {logging_mixin.py:188} INFO - [2026-07-02T16:42:58.236+0000] {dag.py:3947} INFO - Setting next_dagrun for example_weekday_branch_operator to 2026-07-01 00:00:00+00:00, run_after=2026-07-02 00:00:00+00:00
[2026-07-02T16:42:58.255+0000] {processor.py:183} INFO - Processing /usr/local/python/3.12.1/lib/python3.12/site-packages/airflow/example_dags/example_branch_day_of_week_operator.py took 0.065 seconds
[2026-07-02T16:44:05.486+0000] {processor.py:161} INFO - Started process (PID=145134) to work on /usr/local/python/3.12.1/lib/python3.12/site-packages/airflow/example_dags/example_branch_day_of_week_operator.py
[2026-07-02T16:44:05.487+0000] {processor.py:830} INFO - Processing file /usr/local/python/3.12.1/lib/python3.12/site-packages/airflow/example_dags/example_branch_day_of_week_operator.py for tasks to queue
[2026-07-02T16:44:05.489+0000] {logging_mixin.py:188} INFO - [2026-07-02T16:44:05.488+0000] {dagbag.py:545} INFO - Filling up the DagBag from /usr/local/python/3.12.1/lib/python3.12/site-packages/airflow/example_dags/example_branch_day_of_week_operator.py
[2026-07-02T16:44:05.499+0000] {processor.py:840} INFO - DAG(s) 'example_weekday_branch_operator' retrieved from /usr/local/python/3.12.1/lib/python3.12/site-packages/airflow/example_dags/example_branch_day_of_week_operator.py
[2026-07-02T16:44:05.519+0000] {logging_mixin.py:188} INFO - [2026-07-02T16:44:05.519+0000] {dag.py:3089} INFO - Sync 1 DAGs
[2026-07-02T16:44:05.543+0000] {logging_mixin.py:188} INFO - [2026-07-02T16:44:05.543+0000] {dag.py:3947} INFO - Setting next_dagrun for example_weekday_branch_operator to 2026-07-01 00:00:00+00:00, run_after=2026-07-02 00:00:00+00:00
[2026-07-02T16:44:05.563+0000] {processor.py:183} INFO - Processing /usr/local/python/3.12.1/lib/python3.12/site-packages/airflow/example_dags/example_branch_day_of_week_operator.py took 0.084 seconds
[2026-07-02T16:45:04.912+0000] {processor.py:161} INFO - Started process (PID=146701) to work on /usr/local/python/3.12.1/lib/python3.12/site-packages/airflow/example_dags/example_branch_day_of_week_operator.py
[2026-07-02T16:45:04.982+0000] {processor.py:830} INFO - Processing file /usr/local/python/3.12.1/lib/python3.12/site-packages/airflow/example_dags/example_branch_day_of_week_operator.py for tasks to queue
[2026-07-02T16:45:04.985+0000] {logging_mixin.py:188} INFO - [2026-07-02T16:45:04.984+0000] {dagbag.py:545} INFO - Filling up the DagBag from /usr/local/python/3.12.1/lib/python3.12/site-packages/airflow/example_dags/example_branch_day_of_week_operator.py
[2026-07-02T16:45:05.003+0000] {processor.py:840} INFO - DAG(s) 'example_weekday_branch_operator' retrieved from /usr/local/python/3.12.1/lib/python3.12/site-packages/airflow/example_dags/example_branch_day_of_week_operator.py
[2026-07-02T16:45:05.028+0000] {logging_mixin.py:188} INFO - [2026-07-02T16:45:05.027+0000] {dag.py:3089} INFO - Sync 1 DAGs
[2026-07-02T16:45:05.056+0000] {logging_mixin.py:188} INFO - [2026-07-02T16:45:05.056+0000] {dag.py:3947} INFO - Setting next_dagrun for example_weekday_branch_operator to 2026-07-01 00:00:00+00:00, run_after=2026-07-02 00:00:00+00:00
[2026-07-02T16:45:05.092+0000] {processor.py:183} INFO - Processing /usr/local/python/3.12.1/lib/python3.12/site-packages/airflow/example_dags/example_branch_day_of_week_operator.py took 0.193 seconds
[2026-07-02T16:46:12.957+0000] {processor.py:161} INFO - Started process (PID=149204) to work on /usr/local/python/3.12.1/lib/python3.12/site-packages/airflow/example_dags/example_branch_day_of_week_operator.py
[2026-07-02T16:46:12.970+0000] {processor.py:830} INFO - Processing file /usr/local/python/3.12.1/lib/python3.12/site-packages/airflow/example_dags/example_branch_day_of_week_operator.py for tasks to queue
[2026-07-02T16:46:12.980+0000] {logging_mixin.py:188} INFO - [2026-07-02T16:46:12.979+0000] {dagbag.py:545} INFO - Filling up the DagBag from /usr/local/python/3.12.1/lib/python3.12/site-packages/airflow/example_dags/example_branch_day_of_week_operator.py
[2026-07-02T16:46:12.999+0000] {processor.py:840} INFO - DAG(s) 'example_weekday_branch_operator' retrieved from /usr/local/python/3.12.1/lib/python3.12/site-packages/airflow/example_dags/example_branch_day_of_week_operator.py
[2026-07-02T16:46:13.034+0000] {logging_mixin.py:188} INFO - [2026-07-02T16:46:13.034+0000] {dag.py:3089} INFO - Sync 1 DAGs
[2026-07-02T16:46:13.051+0000] {logging_mixin.py:188} INFO - [2026-07-02T16:46:13.051+0000] {dag.py:3947} INFO - Setting next_dagrun for example_weekday_branch_operator to 2026-07-01 00:00:00+00:00, run_after=2026-07-02 00:00:00+00:00
[2026-07-02T16:46:13.067+0000] {processor.py:183} INFO - Processing /usr/local/python/3.12.1/lib/python3.12/site-packages/airflow/example_dags/example_branch_day_of_week_operator.py took 0.117 seconds
[2026-07-02T16:47:14.008+0000] {processor.py:161} INFO - Started process (PID=151433) to work on /usr/local/python/3.12.1/lib/python3.12/site-packages/airflow/example_dags/example_branch_day_of_week_operator.py
[2026-07-02T16:47:14.011+0000] {processor.py:830} INFO - Processing file /usr/local/python/3.12.1/lib/python3.12/site-packages/airflow/example_dags/example_branch_day_of_week_operator.py for tasks to queue
[2026-07-02T16:47:14.014+0000] {logging_mixin.py:188} INFO - [2026-07-02T16:47:14.013+0000] {dagbag.py:545} INFO - Filling up the DagBag from /usr/local/python/3.12.1/lib/python3.12/site-packages/airflow/example_dags/example_branch_day_of_week_operator.py
[2026-07-02T16:47:14.023+0000] {processor.py:840} INFO - DAG(s) 'example_weekday_branch_operator' retrieved from /usr/local/python/3.12.1/lib/python3.12/site-packages/airflow/example_dags/example_branch_day_of_week_operator.py
[2026-07-02T16:47:14.041+0000] {logging_mixin.py:188} INFO - [2026-07-02T16:47:14.041+0000] {dag.py:3089} INFO - Sync 1 DAGs
[2026-07-02T16:47:14.062+0000] {logging_mixin.py:188} INFO - [2026-07-02T16:47:14.061+0000] {dag.py:3947} INFO - Setting next_dagrun for example_weekday_branch_operator to 2026-07-01 00:00:00+00:00, run_after=2026-07-02 00:00:00+00:00
[2026-07-02T16:47:14.087+0000] {processor.py:183} INFO - Processing /usr/local/python/3.12.1/lib/python3.12/site-packages/airflow/example_dags/example_branch_day_of_week_operator.py took 0.091 seconds
[2026-07-02T16:48:10.210+0000] {processor.py:161} INFO - Started process (PID=152643) to work on /usr/local/python/3.12.1/lib/python3.12/site-packages/airflow/example_dags/example_branch_day_of_week_operator.py
[2026-07-02T16:48:10.212+0000] {processor.py:830} INFO - Processing file /usr/local/python/3.12.1/lib/python3.12/site-packages/airflow/example_dags/example_branch_day_of_week_operator.py for tasks to queue
[2026-07-02T16:48:10.214+0000] {logging_mixin.py:188} INFO - [2026-07-02T16:48:10.214+0000] {dagbag.py:545} INFO - Filling up the DagBag from /usr/local/python/3.12.1/lib/python3.12/site-packages/airflow/example_dags/example_branch_day_of_week_operator.py
[2026-07-02T16:48:10.223+0000] {processor.py:840} INFO - DAG(s) 'example_weekday_branch_operator' retrieved from /usr/local/python/3.12.1/lib/python3.12/site-packages/airflow/example_dags/example_branch_day_of_week_operator.py
[2026-07-02T16:48:10.243+0000] {logging_mixin.py:188} INFO - [2026-07-02T16:48:10.243+0000] {dag.py:3089} INFO - Sync 1 DAGs
[2026-07-02T16:48:10.307+0000] {logging_mixin.py:188} INFO - [2026-07-02T16:48:10.306+0000] {dag.py:3947} INFO - Setting next_dagrun for example_weekday_branch_operator to 2026-07-01 00:00:00+00:00, run_after=2026-07-02 00:00:00+00:00
[2026-07-02T16:48:10.337+0000] {processor.py:183} INFO - Processing /usr/local/python/3.12.1/lib/python3.12/site-packages/airflow/example_dags/example_branch_day_of_week_operator.py took 0.133 seconds
[2026-07-02T16:49:22.692+0000] {processor.py:161} INFO - Started process (PID=153730) to work on /usr/local/python/3.12.1/lib/python3.12/site-packages/airflow/example_dags/example_branch_day_of_week_operator.py
[2026-07-02T16:49:22.695+0000] {processor.py:830} INFO - Processing file /usr/local/python/3.12.1/lib/python3.12/site-packages/airflow/example_dags/example_branch_day_of_week_operator.py for tasks to queue
[2026-07-02T16:49:22.697+0000] {logging_mixin.py:188} INFO - [2026-07-02T16:49:22.696+0000] {dagbag.py:545} INFO - Filling up the DagBag from /usr/local/python/3.12.1/lib/python3.12/site-packages/airflow/example_dags/example_branch_day_of_week_operator.py
[2026-07-02T16:49:22.706+0000] {processor.py:840} INFO - DAG(s) 'example_weekday_branch_operator' retrieved from /usr/local/python/3.12.1/lib/python3.12/site-packages/airflow/example_dags/example_branch_day_of_week_operator.py
[2026-07-02T16:49:22.721+0000] {logging_mixin.py:188} INFO - [2026-07-02T16:49:22.721+0000] {dag.py:3089} INFO - Sync 1 DAGs
[2026-07-02T16:49:22.737+0000] {logging_mixin.py:188} INFO - [2026-07-02T16:49:22.737+0000] {dag.py:3947} INFO - Setting next_dagrun for example_weekday_branch_operator to 2026-07-01 00:00:00+00:00, run_after=2026-07-02 00:00:00+00:00
[2026-07-02T16:49:22.754+0000] {processor.py:183} INFO - Processing /usr/local/python/3.12.1/lib/python3.12/site-packages/airflow/example_dags/example_branch_day_of_week_operator.py took 0.068 seconds
[2026-07-02T16:50:32.868+0000] {processor.py:161} INFO - Started process (PID=154666) to work on /usr/local/python/3.12.1/lib/python3.12/site-packages/airflow/example_dags/example_branch_day_of_week_operator.py
[2026-07-02T16:50:32.869+0000] {processor.py:830} INFO - Processing file /usr/local/python/3.12.1/lib/python3.12/site-packages/airflow/example_dags/example_branch_day_of_week_operator.py for tasks to queue
[2026-07-02T16:50:32.870+0000] {logging_mixin.py:188} INFO - [2026-07-02T16:50:32.870+0000] {dagbag.py:545} INFO - Filling up the DagBag from /usr/local/python/3.12.1/lib/python3.12/site-packages/airflow/example_dags/example_branch_day_of_week_operator.py
[2026-07-02T16:50:32.877+0000] {processor.py:840} INFO - DAG(s) 'example_weekday_branch_operator' retrieved from /usr/local/python/3.12.1/lib/python3.12/site-packages/airflow/example_dags/example_branch_day_of_week_operator.py
[2026-07-02T16:50:32.897+0000] {logging_mixin.py:188} INFO - [2026-07-02T16:50:32.896+0000] {dag.py:3089} INFO - Sync 1 DAGs
[2026-07-02T16:50:32.916+0000] {logging_mixin.py:188} INFO - [2026-07-02T16:50:32.916+0000] {dag.py:3947} INFO - Setting next_dagrun for example_weekday_branch_operator to 2026-07-01 00:00:00+00:00, run_after=2026-07-02 00:00:00+00:00
[2026-07-02T16:50:32.932+0000] {processor.py:183} INFO - Processing /usr/local/python/3.12.1/lib/python3.12/site-packages/airflow/example_dags/example_branch_day_of_week_operator.py took 0.069 seconds
[2026-07-02T16:51:40.891+0000] {processor.py:161} INFO - Started process (PID=155384) to work on /usr/local/python/3.12.1/lib/python3.12/site-packages/airflow/example_dags/example_branch_day_of_week_operator.py
[2026-07-02T16:51:40.892+0000] {processor.py:830} INFO - Processing file /usr/local/python/3.12.1/lib/python3.12/site-packages/airflow/example_dags/example_branch_day_of_week_operator.py for tasks to queue
[2026-07-02T16:51:40.896+0000] {logging_mixin.py:188} INFO - [2026-07-02T16:51:40.894+0000] {dagbag.py:545} INFO - Filling up the DagBag from /usr/local/python/3.12.1/lib/python3.12/site-packages/airflow/example_dags/example_branch_day_of_week_operator.py
[2026-07-02T16:51:40.902+0000] {processor.py:840} INFO - DAG(s) 'example_weekday_branch_operator' retrieved from /usr/local/python/3.12.1/lib/python3.12/site-packages/airflow/example_dags/example_branch_day_of_week_operator.py
[2026-07-02T16:51:40.916+0000] {logging_mixin.py:188} INFO - [2026-07-02T16:51:40.916+0000] {dag.py:3089} INFO - Sync 1 DAGs
[2026-07-02T16:51:40.931+0000] {logging_mixin.py:188} INFO - [2026-07-02T16:51:40.931+0000] {dag.py:3947} INFO - Setting next_dagrun for example_weekday_branch_operator to 2026-07-01 00:00:00+00:00, run_after=2026-07-02 00:00:00+00:00
[2026-07-02T16:51:40.947+0000] {processor.py:183} INFO - Processing /usr/local/python/3.12.1/lib/python3.12/site-packages/airflow/example_dags/example_branch_day_of_week_operator.py took 0.064 seconds
[2026-07-02T16:52:42.563+0000] {processor.py:161} INFO - Started process (PID=156046) to work on /usr/local/python/3.12.1/lib/python3.12/site-packages/airflow/example_dags/example_branch_day_of_week_operator.py
[2026-07-02T16:52:42.564+0000] {processor.py:830} INFO - Processing file /usr/local/python/3.12.1/lib/python3.12/site-packages/airflow/example_dags/example_branch_day_of_week_operator.py for tasks to queue
[2026-07-02T16:52:42.566+0000] {logging_mixin.py:188} INFO - [2026-07-02T16:52:42.565+0000] {dagbag.py:545} INFO - Filling up the DagBag from /usr/local/python/3.12.1/lib/python3.12/site-packages/airflow/example_dags/example_branch_day_of_week_operator.py
[2026-07-02T16:52:42.572+0000] {processor.py:840} INFO - DAG(s) 'example_weekday_branch_operator' retrieved from /usr/local/python/3.12.1/lib/python3.12/site-packages/airflow/example_dags/example_branch_day_of_week_operator.py
[2026-07-02T16:52:42.588+0000] {logging_mixin.py:188} INFO - [2026-07-02T16:52:42.588+0000] {dag.py:3089} INFO - Sync 1 DAGs
[2026-07-02T16:52:42.606+0000] {logging_mixin.py:188} INFO - [2026-07-02T16:52:42.605+0000] {dag.py:3947} INFO - Setting next_dagrun for example_weekday_branch_operator to 2026-07-01 00:00:00+00:00, run_after=2026-07-02 00:00:00+00:00
[2026-07-02T16:52:42.622+0000] {processor.py:183} INFO - Processing /usr/local/python/3.12.1/lib/python3.12/site-packages/airflow/example_dags/example_branch_day_of_week_operator.py took 0.063 seconds
[2026-07-02T16:53:44.635+0000] {processor.py:161} INFO - Started process (PID=156705) to work on /usr/local/python/3.12.1/lib/python3.12/site-packages/airflow/example_dags/example_branch_day_of_week_operator.py
[2026-07-02T16:53:44.636+0000] {processor.py:830} INFO - Processing file /usr/local/python/3.12.1/lib/python3.12/site-packages/airflow/example_dags/example_branch_day_of_week_operator.py for tasks to queue
[2026-07-02T16:53:44.638+0000] {logging_mixin.py:188} INFO - [2026-07-02T16:53:44.637+0000] {dagbag.py:545} INFO - Filling up the DagBag from /usr/local/python/3.12.1/lib/python3.12/site-packages/airflow/example_dags/example_branch_day_of_week_operator.py
[2026-07-02T16:53:44.644+0000] {processor.py:840} INFO - DAG(s) 'example_weekday_branch_operator' retrieved from /usr/local/python/3.12.1/lib/python3.12/site-packages/airflow/example_dags/example_branch_day_of_week_operator.py
[2026-07-02T16:53:44.656+0000] {logging_mixin.py:188} INFO - [2026-07-02T16:53:44.656+0000] {dag.py:3089} INFO - Sync 1 DAGs
[2026-07-02T16:53:44.671+0000] {logging_mixin.py:188} INFO - [2026-07-02T16:53:44.671+0000] {dag.py:3947} INFO - Setting next_dagrun for example_weekday_branch_operator to 2026-07-01 00:00:00+00:00, run_after=2026-07-02 00:00:00+00:00
[2026-07-02T16:53:44.690+0000] {processor.py:183} INFO - Processing /usr/local/python/3.12.1/lib/python3.12/site-packages/airflow/example_dags/example_branch_day_of_week_operator.py took 0.060 seconds
[2026-07-02T16:54:37.465+0000] {processor.py:161} INFO - Started process (PID=157267) to work on /usr/local/python/3.12.1/lib/python3.12/site-packages/airflow/example_dags/example_branch_day_of_week_operator.py
[2026-07-02T16:54:37.466+0000] {processor.py:830} INFO - Processing file /usr/local/python/3.12.1/lib/python3.12/site-packages/airflow/example_dags/example_branch_day_of_week_operator.py for tasks to queue
[2026-07-02T16:54:37.468+0000] {logging_mixin.py:188} INFO - [2026-07-02T16:54:37.467+0000] {dagbag.py:545} INFO - Filling up the DagBag from /usr/local/python/3.12.1/lib/python3.12/site-packages/airflow/example_dags/example_branch_day_of_week_operator.py
[2026-07-02T16:54:37.476+0000] {processor.py:840} INFO - DAG(s) 'example_weekday_branch_operator' retrieved from /usr/local/python/3.12.1/lib/python3.12/site-packages/airflow/example_dags/example_branch_day_of_week_operator.py
[2026-07-02T16:54:37.495+0000] {logging_mixin.py:188} INFO - [2026-07-02T16:54:37.495+0000] {dag.py:3089} INFO - Sync 1 DAGs
[2026-07-02T16:54:37.511+0000] {logging_mixin.py:188} INFO - [2026-07-02T16:54:37.511+0000] {dag.py:3947} INFO - Setting next_dagrun for example_weekday_branch_operator to 2026-07-01 00:00:00+00:00, run_after=2026-07-02 00:00:00+00:00
[2026-07-02T16:54:37.527+0000] {processor.py:183} INFO - Processing /usr/local/python/3.12.1/lib/python3.12/site-packages/airflow/example_dags/example_branch_day_of_week_operator.py took 0.068 seconds
[2026-07-02T16:55:36.559+0000] {processor.py:161} INFO - Started process (PID=157935) to work on /usr/local/python/3.12.1/lib/python3.12/site-packages/airflow/example_dags/example_branch_day_of_week_operator.py
[2026-07-02T16:55:36.560+0000] {processor.py:830} INFO - Processing file /usr/local/python/3.12.1/lib/python3.12/site-packages/airflow/example_dags/example_branch_day_of_week_operator.py for tasks to queue
[2026-07-02T16:55:36.561+0000] {logging_mixin.py:188} INFO - [2026-07-02T16:55:36.561+0000] {dagbag.py:545} INFO - Filling up the DagBag from /usr/local/python/3.12.1/lib/python3.12/site-packages/airflow/example_dags/example_branch_day_of_week_operator.py
[2026-07-02T16:55:36.567+0000] {processor.py:840} INFO - DAG(s) 'example_weekday_branch_operator' retrieved from /usr/local/python/3.12.1/lib/python3.12/site-packages/airflow/example_dags/example_branch_day_of_week_operator.py
[2026-07-02T16:55:36.582+0000] {logging_mixin.py:188} INFO - [2026-07-02T16:55:36.582+0000] {dag.py:3089} INFO - Sync 1 DAGs
[2026-07-02T16:55:36.601+0000] {logging_mixin.py:188} INFO - [2026-07-02T16:55:36.601+0000] {dag.py:3947} INFO - Setting next_dagrun for example_weekday_branch_operator to 2026-07-01 00:00:00+00:00, run_after=2026-07-02 00:00:00+00:00
[2026-07-02T16:55:36.617+0000] {processor.py:183} INFO - Processing /usr/local/python/3.12.1/lib/python3.12/site-packages/airflow/example_dags/example_branch_day_of_week_operator.py took 0.063 seconds
[2026-07-02T16:56:38.359+0000] {processor.py:161} INFO - Started process (PID=158572) to work on /usr/local/python/3.12.1/lib/python3.12/site-packages/airflow/example_dags/example_branch_day_of_week_operator.py
[2026-07-02T16:56:38.361+0000] {processor.py:830} INFO - Processing file /usr/local/python/3.12.1/lib/python3.12/site-packages/airflow/example_dags/example_branch_day_of_week_operator.py for tasks to queue
[2026-07-02T16:56:38.363+0000] {logging_mixin.py:188} INFO - [2026-07-02T16:56:38.362+0000] {dagbag.py:545} INFO - Filling up the DagBag from /usr/local/python/3.12.1/lib/python3.12/site-packages/airflow/example_dags/example_branch_day_of_week_operator.py
[2026-07-02T16:56:38.372+0000] {processor.py:840} INFO - DAG(s) 'example_weekday_branch_operator' retrieved from /usr/local/python/3.12.1/lib/python3.12/site-packages/airflow/example_dags/example_branch_day_of_week_operator.py
[2026-07-02T16:56:38.398+0000] {logging_mixin.py:188} INFO - [2026-07-02T16:56:38.397+0000] {dag.py:3089} INFO - Sync 1 DAGs
[2026-07-02T16:56:38.426+0000] {logging_mixin.py:188} INFO - [2026-07-02T16:56:38.425+0000] {dag.py:3947} INFO - Setting next_dagrun for example_weekday_branch_operator to 2026-07-01 00:00:00+00:00, run_after=2026-07-02 00:00:00+00:00
[2026-07-02T16:56:38.454+0000] {processor.py:183} INFO - Processing /usr/local/python/3.12.1/lib/python3.12/site-packages/airflow/example_dags/example_branch_day_of_week_operator.py took 0.100 seconds
[2026-07-02T16:57:41.044+0000] {processor.py:161} INFO - Started process (PID=159241) to work on /usr/local/python/3.12.1/lib/python3.12/site-packages/airflow/example_dags/example_branch_day_of_week_operator.py
[2026-07-02T16:57:41.044+0000] {processor.py:830} INFO - Processing file /usr/local/python/3.12.1/lib/python3.12/site-packages/airflow/example_dags/example_branch_day_of_week_operator.py for tasks to queue
[2026-07-02T16:57:41.046+0000] {logging_mixin.py:188} INFO - [2026-07-02T16:57:41.046+0000] {dagbag.py:545} INFO - Filling up the DagBag from /usr/local/python/3.12.1/lib/python3.12/site-packages/airflow/example_dags/example_branch_day_of_week_operator.py
[2026-07-02T16:57:41.052+0000] {processor.py:840} INFO - DAG(s) 'example_weekday_branch_operator' retrieved from /usr/local/python/3.12.1/lib/python3.12/site-packages/airflow/example_dags/example_branch_day_of_week_operator.py
[2026-07-02T16:57:41.066+0000] {logging_mixin.py:188} INFO - [2026-07-02T16:57:41.065+0000] {dag.py:3089} INFO - Sync 1 DAGs
[2026-07-02T16:57:41.085+0000] {logging_mixin.py:188} INFO - [2026-07-02T16:57:41.084+0000] {dag.py:3947} INFO - Setting next_dagrun for example_weekday_branch_operator to 2026-07-01 00:00:00+00:00, run_after=2026-07-02 00:00:00+00:00
[2026-07-02T16:57:41.106+0000] {processor.py:183} INFO - Processing /usr/local/python/3.12.1/lib/python3.12/site-packages/airflow/example_dags/example_branch_day_of_week_operator.py took 0.067 seconds
[2026-07-02T16:58:44.883+0000] {processor.py:161} INFO - Started process (PID=159920) to work on /usr/local/python/3.12.1/lib/python3.12/site-packages/airflow/example_dags/example_branch_day_of_week_operator.py
[2026-07-02T16:58:44.884+0000] {processor.py:830} INFO - Processing file /usr/local/python/3.12.1/lib/python3.12/site-packages/airflow/example_dags/example_branch_day_of_week_operator.py for tasks to queue
[2026-07-02T16:58:44.886+0000] {logging_mixin.py:188} INFO - [2026-07-02T16:58:44.885+0000] {dagbag.py:545} INFO - Filling up the DagBag from /usr/local/python/3.12.1/lib/python3.12/site-packages/airflow/example_dags/example_branch_day_of_week_operator.py
[2026-07-02T16:58:44.894+0000] {processor.py:840} INFO - DAG(s) 'example_weekday_branch_operator' retrieved from /usr/local/python/3.12.1/lib/python3.12/site-packages/airflow/example_dags/example_branch_day_of_week_operator.py
[2026-07-02T16:58:44.908+0000] {logging_mixin.py:188} INFO - [2026-07-02T16:58:44.908+0000] {dag.py:3089} INFO - Sync 1 DAGs
[2026-07-02T16:58:44.924+0000] {logging_mixin.py:188} INFO - [2026-07-02T16:58:44.924+0000] {dag.py:3947} INFO - Setting next_dagrun for example_weekday_branch_operator to 2026-07-01 00:00:00+00:00, run_after=2026-07-02 00:00:00+00:00
[2026-07-02T16:58:44.941+0000] {processor.py:183} INFO - Processing /usr/local/python/3.12.1/lib/python3.12/site-packages/airflow/example_dags/example_branch_day_of_week_operator.py took 0.065 seconds
[2026-07-02T16:59:44.488+0000] {processor.py:161} INFO - Started process (PID=160518) to work on /usr/local/python/3.12.1/lib/python3.12/site-packages/airflow/example_dags/example_branch_day_of_week_operator.py
[2026-07-02T16:59:44.489+0000] {processor.py:830} INFO - Processing file /usr/local/python/3.12.1/lib/python3.12/site-packages/airflow/example_dags/example_branch_day_of_week_operator.py for tasks to queue
[2026-07-02T16:59:44.491+0000] {logging_mixin.py:188} INFO - [2026-07-02T16:59:44.490+0000] {dagbag.py:545} INFO - Filling up the DagBag from /usr/local/python/3.12.1/lib/python3.12/site-packages/airflow/example_dags/example_branch_day_of_week_operator.py
[2026-07-02T16:59:44.498+0000] {processor.py:840} INFO - DAG(s) 'example_weekday_branch_operator' retrieved from /usr/local/python/3.12.1/lib/python3.12/site-packages/airflow/example_dags/example_branch_day_of_week_operator.py
[2026-07-02T16:59:44.512+0000] {logging_mixin.py:188} INFO - [2026-07-02T16:59:44.511+0000] {dag.py:3089} INFO - Sync 1 DAGs
[2026-07-02T16:59:44.528+0000] {logging_mixin.py:188} INFO - [2026-07-02T16:59:44.528+0000] {dag.py:3947} INFO - Setting next_dagrun for example_weekday_branch_operator to 2026-07-01 00:00:00+00:00, run_after=2026-07-02 00:00:00+00:00
[2026-07-02T16:59:44.550+0000] {processor.py:183} INFO - Processing /usr/local/python/3.12.1/lib/python3.12/site-packages/airflow/example_dags/example_branch_day_of_week_operator.py took 0.068 seconds
[2026-07-02T17:00:46.181+0000] {processor.py:161} INFO - Started process (PID=161179) to work on /usr/local/python/3.12.1/lib/python3.12/site-packages/airflow/example_dags/example_branch_day_of_week_operator.py
[2026-07-02T17:00:46.182+0000] {processor.py:830} INFO - Processing file /usr/local/python/3.12.1/lib/python3.12/site-packages/airflow/example_dags/example_branch_day_of_week_operator.py for tasks to queue
[2026-07-02T17:00:46.184+0000] {logging_mixin.py:188} INFO - [2026-07-02T17:00:46.184+0000] {dagbag.py:545} INFO - Filling up the DagBag from /usr/local/python/3.12.1/lib/python3.12/site-packages/airflow/example_dags/example_branch_day_of_week_operator.py
[2026-07-02T17:00:46.192+0000] {processor.py:840} INFO - DAG(s) 'example_weekday_branch_operator' retrieved from /usr/local/python/3.12.1/lib/python3.12/site-packages/airflow/example_dags/example_branch_day_of_week_operator.py
[2026-07-02T17:00:46.206+0000] {logging_mixin.py:188} INFO - [2026-07-02T17:00:46.206+0000] {dag.py:3089} INFO - Sync 1 DAGs
[2026-07-02T17:00:46.223+0000] {logging_mixin.py:188} INFO - [2026-07-02T17:00:46.223+0000] {dag.py:3947} INFO - Setting next_dagrun for example_weekday_branch_operator to 2026-07-01 00:00:00+00:00, run_after=2026-07-02 00:00:00+00:00
[2026-07-02T17:00:46.240+0000] {processor.py:183} INFO - Processing /usr/local/python/3.12.1/lib/python3.12/site-packages/airflow/example_dags/example_branch_day_of_week_operator.py took 0.065 seconds
[2026-07-02T17:01:48.740+0000] {processor.py:161} INFO - Started process (PID=161847) to work on /usr/local/python/3.12.1/lib/python3.12/site-packages/airflow/example_dags/example_branch_day_of_week_operator.py
[2026-07-02T17:01:48.740+0000] {processor.py:830} INFO - Processing file /usr/local/python/3.12.1/lib/python3.12/site-packages/airflow/example_dags/example_branch_day_of_week_operator.py for tasks to queue
[2026-07-02T17:01:48.742+0000] {logging_mixin.py:188} INFO - [2026-07-02T17:01:48.742+0000] {dagbag.py:545} INFO - Filling up the DagBag from /usr/local/python/3.12.1/lib/python3.12/site-packages/airflow/example_dags/example_branch_day_of_week_operator.py
[2026-07-02T17:01:48.748+0000] {processor.py:840} INFO - DAG(s) 'example_weekday_branch_operator' retrieved from /usr/local/python/3.12.1/lib/python3.12/site-packages/airflow/example_dags/example_branch_day_of_week_operator.py
[2026-07-02T17:01:48.761+0000] {logging_mixin.py:188} INFO - [2026-07-02T17:01:48.761+0000] {dag.py:3089} INFO - Sync 1 DAGs
[2026-07-02T17:01:48.781+0000] {logging_mixin.py:188} INFO - [2026-07-02T17:01:48.781+0000] {dag.py:3947} INFO - Setting next_dagrun for example_weekday_branch_operator to 2026-07-01 00:00:00+00:00, run_after=2026-07-02 00:00:00+00:00
[2026-07-02T17:01:48.806+0000] {processor.py:183} INFO - Processing /usr/local/python/3.12.1/lib/python3.12/site-packages/airflow/example_dags/example_branch_day_of_week_operator.py took 0.071 seconds
[2026-07-02T17:02:55.957+0000] {processor.py:161} INFO - Started process (PID=162581) to work on /usr/local/python/3.12.1/lib/python3.12/site-packages/airflow/example_dags/example_branch_day_of_week_operator.py
[2026-07-02T17:02:55.958+0000] {processor.py:830} INFO - Processing file /usr/local/python/3.12.1/lib/python3.12/site-packages/airflow/example_dags/example_branch_day_of_week_operator.py for tasks to queue
[2026-07-02T17:02:55.959+0000] {logging_mixin.py:188} INFO - [2026-07-02T17:02:55.959+0000] {dagbag.py:545} INFO - Filling up the DagBag from /usr/local/python/3.12.1/lib/python3.12/site-packages/airflow/example_dags/example_branch_day_of_week_operator.py
[2026-07-02T17:02:55.965+0000] {processor.py:840} INFO - DAG(s) 'example_weekday_branch_operator' retrieved from /usr/local/python/3.12.1/lib/python3.12/site-packages/airflow/example_dags/example_branch_day_of_week_operator.py
[2026-07-02T17:02:55.980+0000] {logging_mixin.py:188} INFO - [2026-07-02T17:02:55.980+0000] {dag.py:3089} INFO - Sync 1 DAGs
[2026-07-02T17:02:56.001+0000] {logging_mixin.py:188} INFO - [2026-07-02T17:02:56.001+0000] {dag.py:3947} INFO - Setting next_dagrun for example_weekday_branch_operator to 2026-07-01 00:00:00+00:00, run_after=2026-07-02 00:00:00+00:00
[2026-07-02T17:02:56.018+0000] {processor.py:183} INFO - Processing /usr/local/python/3.12.1/lib/python3.12/site-packages/airflow/example_dags/example_branch_day_of_week_operator.py took 0.066 seconds
[2026-07-02T17:03:59.544+0000] {processor.py:161} INFO - Started process (PID=163227) to work on /usr/local/python/3.12.1/lib/python3.12/site-packages/airflow/example_dags/example_branch_day_of_week_operator.py
[2026-07-02T17:03:59.545+0000] {processor.py:830} INFO - Processing file /usr/local/python/3.12.1/lib/python3.12/site-packages/airflow/example_dags/example_branch_day_of_week_operator.py for tasks to queue
[2026-07-02T17:03:59.547+0000] {logging_mixin.py:188} INFO - [2026-07-02T17:03:59.546+0000] {dagbag.py:545} INFO - Filling up the DagBag from /usr/local/python/3.12.1/lib/python3.12/site-packages/airflow/example_dags/example_branch_day_of_week_operator.py
[2026-07-02T17:03:59.553+0000] {processor.py:840} INFO - DAG(s) 'example_weekday_branch_operator' retrieved from /usr/local/python/3.12.1/lib/python3.12/site-packages/airflow/example_dags/example_branch_day_of_week_operator.py
[2026-07-02T17:03:59.566+0000] {logging_mixin.py:188} INFO - [2026-07-02T17:03:59.566+0000] {dag.py:3089} INFO - Sync 1 DAGs
[2026-07-02T17:03:59.586+0000] {logging_mixin.py:188} INFO - [2026-07-02T17:03:59.586+0000] {dag.py:3947} INFO - Setting next_dagrun for example_weekday_branch_operator to 2026-07-01 00:00:00+00:00, run_after=2026-07-02 00:00:00+00:00
[2026-07-02T17:03:59.605+0000] {processor.py:183} INFO - Processing /usr/local/python/3.12.1/lib/python3.12/site-packages/airflow/example_dags/example_branch_day_of_week_operator.py took 0.065 seconds
[2026-07-02T17:05:02.837+0000] {processor.py:161} INFO - Started process (PID=163938) to work on /usr/local/python/3.12.1/lib/python3.12/site-packages/airflow/example_dags/example_branch_day_of_week_operator.py
[2026-07-02T17:05:02.838+0000] {processor.py:830} INFO - Processing file /usr/local/python/3.12.1/lib/python3.12/site-packages/airflow/example_dags/example_branch_day_of_week_operator.py for tasks to queue
[2026-07-02T17:05:02.839+0000] {logging_mixin.py:188} INFO - [2026-07-02T17:05:02.839+0000] {dagbag.py:545} INFO - Filling up the DagBag from /usr/local/python/3.12.1/lib/python3.12/site-packages/airflow/example_dags/example_branch_day_of_week_operator.py
[2026-07-02T17:05:02.845+0000] {processor.py:840} INFO - DAG(s) 'example_weekday_branch_operator' retrieved from /usr/local/python/3.12.1/lib/python3.12/site-packages/airflow/example_dags/example_branch_day_of_week_operator.py
[2026-07-02T17:05:02.859+0000] {logging_mixin.py:188} INFO - [2026-07-02T17:05:02.859+0000] {dag.py:3089} INFO - Sync 1 DAGs
[2026-07-02T17:05:02.875+0000] {logging_mixin.py:188} INFO - [2026-07-02T17:05:02.875+0000] {dag.py:3947} INFO - Setting next_dagrun for example_weekday_branch_operator to 2026-07-01 00:00:00+00:00, run_after=2026-07-02 00:00:00+00:00
[2026-07-02T17:05:02.895+0000] {processor.py:183} INFO - Processing /usr/local/python/3.12.1/lib/python3.12/site-packages/airflow/example_dags/example_branch_day_of_week_operator.py took 0.063 seconds
[2026-07-02T17:06:07.644+0000] {processor.py:161} INFO - Started process (PID=164606) to work on /usr/local/python/3.12.1/lib/python3.12/site-packages/airflow/example_dags/example_branch_day_of_week_operator.py
[2026-07-02T17:06:07.645+0000] {processor.py:830} INFO - Processing file /usr/local/python/3.12.1/lib/python3.12/site-packages/airflow/example_dags/example_branch_day_of_week_operator.py for tasks to queue
[2026-07-02T17:06:07.647+0000] {logging_mixin.py:188} INFO - [2026-07-02T17:06:07.647+0000] {dagbag.py:545} INFO - Filling up the DagBag from /usr/local/python/3.12.1/lib/python3.12/site-packages/airflow/example_dags/example_branch_day_of_week_operator.py
[2026-07-02T17:06:07.653+0000] {processor.py:840} INFO - DAG(s) 'example_weekday_branch_operator' retrieved from /usr/local/python/3.12.1/lib/python3.12/site-packages/airflow/example_dags/example_branch_day_of_week_operator.py
[2026-07-02T17:06:07.666+0000] {logging_mixin.py:188} INFO - [2026-07-02T17:06:07.666+0000] {dag.py:3089} INFO - Sync 1 DAGs
[2026-07-02T17:06:07.685+0000] {logging_mixin.py:188} INFO - [2026-07-02T17:06:07.685+0000] {dag.py:3947} INFO - Setting next_dagrun for example_weekday_branch_operator to 2026-07-01 00:00:00+00:00, run_after=2026-07-02 00:00:00+00:00
[2026-07-02T17:06:07.705+0000] {processor.py:183} INFO - Processing /usr/local/python/3.12.1/lib/python3.12/site-packages/airflow/example_dags/example_branch_day_of_week_operator.py took 0.065 seconds
[2026-07-02T17:07:09.355+0000] {processor.py:161} INFO - Started process (PID=165246) to work on /usr/local/python/3.12.1/lib/python3.12/site-packages/airflow/example_dags/example_branch_day_of_week_operator.py
[2026-07-02T17:07:09.356+0000] {processor.py:830} INFO - Processing file /usr/local/python/3.12.1/lib/python3.12/site-packages/airflow/example_dags/example_branch_day_of_week_operator.py for tasks to queue
[2026-07-02T17:07:09.358+0000] {logging_mixin.py:188} INFO - [2026-07-02T17:07:09.357+0000] {dagbag.py:545} INFO - Filling up the DagBag from /usr/local/python/3.12.1/lib/python3.12/site-packages/airflow/example_dags/example_branch_day_of_week_operator.py
[2026-07-02T17:07:09.364+0000] {processor.py:840} INFO - DAG(s) 'example_weekday_branch_operator' retrieved from /usr/local/python/3.12.1/lib/python3.12/site-packages/airflow/example_dags/example_branch_day_of_week_operator.py
[2026-07-02T17:07:09.377+0000] {logging_mixin.py:188} INFO - [2026-07-02T17:07:09.377+0000] {dag.py:3089} INFO - Sync 1 DAGs
[2026-07-02T17:07:09.399+0000] {logging_mixin.py:188} INFO - [2026-07-02T17:07:09.398+0000] {dag.py:3947} INFO - Setting next_dagrun for example_weekday_branch_operator to 2026-07-01 00:00:00+00:00, run_after=2026-07-02 00:00:00+00:00
[2026-07-02T17:07:09.415+0000] {processor.py:183} INFO - Processing /usr/local/python/3.12.1/lib/python3.12/site-packages/airflow/example_dags/example_branch_day_of_week_operator.py took 0.064 seconds
[2026-07-02T17:08:14.636+0000] {processor.py:161} INFO - Started process (PID=165948) to work on /usr/local/python/3.12.1/lib/python3.12/site-packages/airflow/example_dags/example_branch_day_of_week_operator.py
[2026-07-02T17:08:14.637+0000] {processor.py:830} INFO - Processing file /usr/local/python/3.12.1/lib/python3.12/site-packages/airflow/example_dags/example_branch_day_of_week_operator.py for tasks to queue
[2026-07-02T17:08:14.638+0000] {logging_mixin.py:188} INFO - [2026-07-02T17:08:14.638+0000] {dagbag.py:545} INFO - Filling up the DagBag from /usr/local/python/3.12.1/lib/python3.12/site-packages/airflow/example_dags/example_branch_day_of_week_operator.py
[2026-07-02T17:08:14.644+0000] {processor.py:840} INFO - DAG(s) 'example_weekday_branch_operator' retrieved from /usr/local/python/3.12.1/lib/python3.12/site-packages/airflow/example_dags/example_branch_day_of_week_operator.py
[2026-07-02T17:08:14.657+0000] {logging_mixin.py:188} INFO - [2026-07-02T17:08:14.656+0000] {dag.py:3089} INFO - Sync 1 DAGs
[2026-07-02T17:08:14.672+0000] {logging_mixin.py:188} INFO - [2026-07-02T17:08:14.672+0000] {dag.py:3947} INFO - Setting next_dagrun for example_weekday_branch_operator to 2026-07-01 00:00:00+00:00, run_after=2026-07-02 00:00:00+00:00
[2026-07-02T17:08:14.693+0000] {processor.py:183} INFO - Processing /usr/local/python/3.12.1/lib/python3.12/site-packages/airflow/example_dags/example_branch_day_of_week_operator.py took 0.062 seconds
[2026-07-02T17:09:22.390+0000] {processor.py:161} INFO - Started process (PID=166675) to work on /usr/local/python/3.12.1/lib/python3.12/site-packages/airflow/example_dags/example_branch_day_of_week_operator.py
[2026-07-02T17:09:22.391+0000] {processor.py:830} INFO - Processing file /usr/local/python/3.12.1/lib/python3.12/site-packages/airflow/example_dags/example_branch_day_of_week_operator.py for tasks to queue
[2026-07-02T17:09:22.393+0000] {logging_mixin.py:188} INFO - [2026-07-02T17:09:22.392+0000] {dagbag.py:545} INFO - Filling up the DagBag from /usr/local/python/3.12.1/lib/python3.12/site-packages/airflow/example_dags/example_branch_day_of_week_operator.py
[2026-07-02T17:09:22.399+0000] {processor.py:840} INFO - DAG(s) 'example_weekday_branch_operator' retrieved from /usr/local/python/3.12.1/lib/python3.12/site-packages/airflow/example_dags/example_branch_day_of_week_operator.py
[2026-07-02T17:09:22.413+0000] {logging_mixin.py:188} INFO - [2026-07-02T17:09:22.413+0000] {dag.py:3089} INFO - Sync 1 DAGs
[2026-07-02T17:09:22.530+0000] {logging_mixin.py:188} INFO - [2026-07-02T17:09:22.530+0000] {dag.py:3947} INFO - Setting next_dagrun for example_weekday_branch_operator to 2026-07-01 00:00:00+00:00, run_after=2026-07-02 00:00:00+00:00
[2026-07-02T17:09:22.548+0000] {processor.py:183} INFO - Processing /usr/local/python/3.12.1/lib/python3.12/site-packages/airflow/example_dags/example_branch_day_of_week_operator.py took 0.164 seconds
[2026-07-02T17:10:31.852+0000] {processor.py:161} INFO - Started process (PID=167430) to work on /usr/local/python/3.12.1/lib/python3.12/site-packages/airflow/example_dags/example_branch_day_of_week_operator.py
[2026-07-02T17:10:31.853+0000] {processor.py:830} INFO - Processing file /usr/local/python/3.12.1/lib/python3.12/site-packages/airflow/example_dags/example_branch_day_of_week_operator.py for tasks to queue
[2026-07-02T17:10:31.854+0000] {logging_mixin.py:188} INFO - [2026-07-02T17:10:31.854+0000] {dagbag.py:545} INFO - Filling up the DagBag from /usr/local/python/3.12.1/lib/python3.12/site-packages/airflow/example_dags/example_branch_day_of_week_operator.py
[2026-07-02T17:10:31.860+0000] {processor.py:840} INFO - DAG(s) 'example_weekday_branch_operator' retrieved from /usr/local/python/3.12.1/lib/python3.12/site-packages/airflow/example_dags/example_branch_day_of_week_operator.py
[2026-07-02T17:10:31.873+0000] {logging_mixin.py:188} INFO - [2026-07-02T17:10:31.873+0000] {dag.py:3089} INFO - Sync 1 DAGs
[2026-07-02T17:10:31.983+0000] {logging_mixin.py:188} INFO - [2026-07-02T17:10:31.983+0000] {dag.py:3947} INFO - Setting next_dagrun for example_weekday_branch_operator to 2026-07-01 00:00:00+00:00, run_after=2026-07-02 00:00:00+00:00
[2026-07-02T17:10:32.001+0000] {processor.py:183} INFO - Processing /usr/local/python/3.12.1/lib/python3.12/site-packages/airflow/example_dags/example_branch_day_of_week_operator.py took 0.155 seconds
[2026-07-02T17:11:40.116+0000] {processor.py:161} INFO - Started process (PID=168101) to work on /usr/local/python/3.12.1/lib/python3.12/site-packages/airflow/example_dags/example_branch_day_of_week_operator.py
[2026-07-02T17:11:40.116+0000] {processor.py:830} INFO - Processing file /usr/local/python/3.12.1/lib/python3.12/site-packages/airflow/example_dags/example_branch_day_of_week_operator.py for tasks to queue
[2026-07-02T17:11:40.118+0000] {logging_mixin.py:188} INFO - [2026-07-02T17:11:40.118+0000] {dagbag.py:545} INFO - Filling up the DagBag from /usr/local/python/3.12.1/lib/python3.12/site-packages/airflow/example_dags/example_branch_day_of_week_operator.py
[2026-07-02T17:11:40.124+0000] {processor.py:840} INFO - DAG(s) 'example_weekday_branch_operator' retrieved from /usr/local/python/3.12.1/lib/python3.12/site-packages/airflow/example_dags/example_branch_day_of_week_operator.py
[2026-07-02T17:11:40.138+0000] {logging_mixin.py:188} INFO - [2026-07-02T17:11:40.137+0000] {dag.py:3089} INFO - Sync 1 DAGs
[2026-07-02T17:11:40.258+0000] {logging_mixin.py:188} INFO - [2026-07-02T17:11:40.257+0000] {dag.py:3947} INFO - Setting next_dagrun for example_weekday_branch_operator to 2026-07-01 00:00:00+00:00, run_after=2026-07-02 00:00:00+00:00
[2026-07-02T17:11:40.273+0000] {processor.py:183} INFO - Processing /usr/local/python/3.12.1/lib/python3.12/site-packages/airflow/example_dags/example_branch_day_of_week_operator.py took 0.162 seconds
[2026-07-02T17:12:44.802+0000] {processor.py:161} INFO - Started process (PID=168835) to work on /usr/local/python/3.12.1/lib/python3.12/site-packages/airflow/example_dags/example_branch_day_of_week_operator.py
[2026-07-02T17:12:44.803+0000] {processor.py:830} INFO - Processing file /usr/local/python/3.12.1/lib/python3.12/site-packages/airflow/example_dags/example_branch_day_of_week_operator.py for tasks to queue
[2026-07-02T17:12:44.804+0000] {logging_mixin.py:188} INFO - [2026-07-02T17:12:44.804+0000] {dagbag.py:545} INFO - Filling up the DagBag from /usr/local/python/3.12.1/lib/python3.12/site-packages/airflow/example_dags/example_branch_day_of_week_operator.py
[2026-07-02T17:12:44.810+0000] {processor.py:840} INFO - DAG(s) 'example_weekday_branch_operator' retrieved from /usr/local/python/3.12.1/lib/python3.12/site-packages/airflow/example_dags/example_branch_day_of_week_operator.py
[2026-07-02T17:12:44.826+0000] {logging_mixin.py:188} INFO - [2026-07-02T17:12:44.826+0000] {dag.py:3089} INFO - Sync 1 DAGs
[2026-07-02T17:12:44.843+0000] {logging_mixin.py:188} INFO - [2026-07-02T17:12:44.842+0000] {dag.py:3947} INFO - Setting next_dagrun for example_weekday_branch_operator to 2026-07-01 00:00:00+00:00, run_after=2026-07-02 00:00:00+00:00
[2026-07-02T17:12:44.862+0000] {processor.py:183} INFO - Processing /usr/local/python/3.12.1/lib/python3.12/site-packages/airflow/example_dags/example_branch_day_of_week_operator.py took 0.065 seconds
[2026-07-02T17:13:45.093+0000] {processor.py:161} INFO - Started process (PID=169464) to work on /usr/local/python/3.12.1/lib/python3.12/site-packages/airflow/example_dags/example_branch_day_of_week_operator.py
[2026-07-02T17:13:45.094+0000] {processor.py:830} INFO - Processing file /usr/local/python/3.12.1/lib/python3.12/site-packages/airflow/example_dags/example_branch_day_of_week_operator.py for tasks to queue
[2026-07-02T17:13:45.096+0000] {logging_mixin.py:188} INFO - [2026-07-02T17:13:45.096+0000] {dagbag.py:545} INFO - Filling up the DagBag from /usr/local/python/3.12.1/lib/python3.12/site-packages/airflow/example_dags/example_branch_day_of_week_operator.py
[2026-07-02T17:13:45.102+0000] {processor.py:840} INFO - DAG(s) 'example_weekday_branch_operator' retrieved from /usr/local/python/3.12.1/lib/python3.12/site-packages/airflow/example_dags/example_branch_day_of_week_operator.py
[2026-07-02T17:13:45.115+0000] {logging_mixin.py:188} INFO - [2026-07-02T17:13:45.115+0000] {dag.py:3089} INFO - Sync 1 DAGs
[2026-07-02T17:13:45.131+0000] {logging_mixin.py:188} INFO - [2026-07-02T17:13:45.131+0000] {dag.py:3947} INFO - Setting next_dagrun for example_weekday_branch_operator to 2026-07-01 00:00:00+00:00, run_after=2026-07-02 00:00:00+00:00
[2026-07-02T17:13:45.147+0000] {processor.py:183} INFO - Processing /usr/local/python/3.12.1/lib/python3.12/site-packages/airflow/example_dags/example_branch_day_of_week_operator.py took 0.060 seconds
[2026-07-02T17:14:50.144+0000] {processor.py:161} INFO - Started process (PID=170168) to work on /usr/local/python/3.12.1/lib/python3.12/site-packages/airflow/example_dags/example_branch_day_of_week_operator.py
[2026-07-02T17:14:50.145+0000] {processor.py:830} INFO - Processing file /usr/local/python/3.12.1/lib/python3.12/site-packages/airflow/example_dags/example_branch_day_of_week_operator.py for tasks to queue
[2026-07-02T17:14:50.147+0000] {logging_mixin.py:188} INFO - [2026-07-02T17:14:50.146+0000] {dagbag.py:545} INFO - Filling up the DagBag from /usr/local/python/3.12.1/lib/python3.12/site-packages/airflow/example_dags/example_branch_day_of_week_operator.py
[2026-07-02T17:14:50.153+0000] {processor.py:840} INFO - DAG(s) 'example_weekday_branch_operator' retrieved from /usr/local/python/3.12.1/lib/python3.12/site-packages/airflow/example_dags/example_branch_day_of_week_operator.py
[2026-07-02T17:14:50.168+0000] {logging_mixin.py:188} INFO - [2026-07-02T17:14:50.167+0000] {dag.py:3089} INFO - Sync 1 DAGs
[2026-07-02T17:14:50.193+0000] {logging_mixin.py:188} INFO - [2026-07-02T17:14:50.193+0000] {dag.py:3947} INFO - Setting next_dagrun for example_weekday_branch_operator to 2026-07-01 00:00:00+00:00, run_after=2026-07-02 00:00:00+00:00
[2026-07-02T17:14:50.214+0000] {processor.py:183} INFO - Processing /usr/local/python/3.12.1/lib/python3.12/site-packages/airflow/example_dags/example_branch_day_of_week_operator.py took 0.075 seconds
[2026-07-02T17:15:49.851+0000] {processor.py:161} INFO - Started process (PID=170762) to work on /usr/local/python/3.12.1/lib/python3.12/site-packages/airflow/example_dags/example_branch_day_of_week_operator.py
[2026-07-02T17:15:49.852+0000] {processor.py:830} INFO - Processing file /usr/local/python/3.12.1/lib/python3.12/site-packages/airflow/example_dags/example_branch_day_of_week_operator.py for tasks to queue
[2026-07-02T17:15:49.853+0000] {logging_mixin.py:188} INFO - [2026-07-02T17:15:49.853+0000] {dagbag.py:545} INFO - Filling up the DagBag from /usr/local/python/3.12.1/lib/python3.12/site-packages/airflow/example_dags/example_branch_day_of_week_operator.py
[2026-07-02T17:15:49.859+0000] {processor.py:840} INFO - DAG(s) 'example_weekday_branch_operator' retrieved from /usr/local/python/3.12.1/lib/python3.12/site-packages/airflow/example_dags/example_branch_day_of_week_operator.py
[2026-07-02T17:15:49.878+0000] {logging_mixin.py:188} INFO - [2026-07-02T17:15:49.878+0000] {dag.py:3089} INFO - Sync 1 DAGs
[2026-07-02T17:15:49.900+0000] {logging_mixin.py:188} INFO - [2026-07-02T17:15:49.899+0000] {dag.py:3947} INFO - Setting next_dagrun for example_weekday_branch_operator to 2026-07-01 00:00:00+00:00, run_after=2026-07-02 00:00:00+00:00
[2026-07-02T17:15:49.916+0000] {processor.py:183} INFO - Processing /usr/local/python/3.12.1/lib/python3.12/site-packages/airflow/example_dags/example_branch_day_of_week_operator.py took 0.070 seconds
[2026-07-02T17:16:49.165+0000] {processor.py:161} INFO - Started process (PID=171394) to work on /usr/local/python/3.12.1/lib/python3.12/site-packages/airflow/example_dags/example_branch_day_of_week_operator.py
[2026-07-02T17:16:49.166+0000] {processor.py:830} INFO - Processing file /usr/local/python/3.12.1/lib/python3.12/site-packages/airflow/example_dags/example_branch_day_of_week_operator.py for tasks to queue
[2026-07-02T17:16:49.167+0000] {logging_mixin.py:188} INFO - [2026-07-02T17:16:49.167+0000] {dagbag.py:545} INFO - Filling up the DagBag from /usr/local/python/3.12.1/lib/python3.12/site-packages/airflow/example_dags/example_branch_day_of_week_operator.py
[2026-07-02T17:16:49.173+0000] {processor.py:840} INFO - DAG(s) 'example_weekday_branch_operator' retrieved from /usr/local/python/3.12.1/lib/python3.12/site-packages/airflow/example_dags/example_branch_day_of_week_operator.py
[2026-07-02T17:16:49.192+0000] {logging_mixin.py:188} INFO - [2026-07-02T17:16:49.192+0000] {dag.py:3089} INFO - Sync 1 DAGs
[2026-07-02T17:16:49.209+0000] {logging_mixin.py:188} INFO - [2026-07-02T17:16:49.209+0000] {dag.py:3947} INFO - Setting next_dagrun for example_weekday_branch_operator to 2026-07-01 00:00:00+00:00, run_after=2026-07-02 00:00:00+00:00
[2026-07-02T17:16:49.225+0000] {processor.py:183} INFO - Processing /usr/local/python/3.12.1/lib/python3.12/site-packages/airflow/example_dags/example_branch_day_of_week_operator.py took 0.065 seconds
