[2026-07-02T16:24:51.931+0000] {processor.py:161} INFO - Started process (PID=118117) to work on /usr/local/python/3.12.1/lib/python3.12/site-packages/airflow/example_dags/example_bash_operator.py
[2026-07-02T16:24:51.932+0000] {processor.py:830} INFO - Processing file /usr/local/python/3.12.1/lib/python3.12/site-packages/airflow/example_dags/example_bash_operator.py for tasks to queue
[2026-07-02T16:24:51.933+0000] {logging_mixin.py:188} INFO - [2026-07-02T16:24:51.933+0000] {dagbag.py:545} INFO - Filling up the DagBag from /usr/local/python/3.12.1/lib/python3.12/site-packages/airflow/example_dags/example_bash_operator.py
[2026-07-02T16:24:51.942+0000] {processor.py:840} INFO - DAG(s) 'example_bash_operator' retrieved from /usr/local/python/3.12.1/lib/python3.12/site-packages/airflow/example_dags/example_bash_operator.py
[2026-07-02T16:24:52.027+0000] {logging_mixin.py:188} INFO - [2026-07-02T16:24:52.026+0000] {override.py:1858} INFO - Created Permission View: can delete on DAG:example_bash_operator
[2026-07-02T16:24:52.036+0000] {logging_mixin.py:188} INFO - [2026-07-02T16:24:52.035+0000] {override.py:1858} INFO - Created Permission View: can read on DAG:example_bash_operator
[2026-07-02T16:24:52.042+0000] {logging_mixin.py:188} INFO - [2026-07-02T16:24:52.042+0000] {override.py:1858} INFO - Created Permission View: can edit on DAG:example_bash_operator
[2026-07-02T16:24:52.043+0000] {logging_mixin.py:188} INFO - [2026-07-02T16:24:52.043+0000] {dag.py:3089} INFO - Sync 1 DAGs
[2026-07-02T16:24:52.051+0000] {logging_mixin.py:188} INFO - [2026-07-02T16:24:52.051+0000] {dag.py:3111} INFO - Creating ORM DAG for example_bash_operator
[2026-07-02T16:24:52.060+0000] {logging_mixin.py:188} INFO - [2026-07-02T16:24:52.060+0000] {dag.py:3947} INFO - Setting next_dagrun for example_bash_operator to 2026-07-01 00:00:00+00:00, run_after=2026-07-02 00:00:00+00:00
[2026-07-02T16:24:52.077+0000] {processor.py:183} INFO - Processing /usr/local/python/3.12.1/lib/python3.12/site-packages/airflow/example_dags/example_bash_operator.py took 0.150 seconds
[2026-07-02T16:26:01.596+0000] {processor.py:161} INFO - Started process (PID=123633) to work on /usr/local/python/3.12.1/lib/python3.12/site-packages/airflow/example_dags/example_bash_operator.py
[2026-07-02T16:26:01.607+0000] {processor.py:830} INFO - Processing file /usr/local/python/3.12.1/lib/python3.12/site-packages/airflow/example_dags/example_bash_operator.py for tasks to queue
[2026-07-02T16:26:01.614+0000] {logging_mixin.py:188} INFO - [2026-07-02T16:26:01.613+0000] {dagbag.py:545} INFO - Filling up the DagBag from /usr/local/python/3.12.1/lib/python3.12/site-packages/airflow/example_dags/example_bash_operator.py
[2026-07-02T16:26:01.652+0000] {processor.py:840} INFO - DAG(s) 'example_bash_operator' retrieved from /usr/local/python/3.12.1/lib/python3.12/site-packages/airflow/example_dags/example_bash_operator.py
[2026-07-02T16:26:01.778+0000] {logging_mixin.py:188} INFO - [2026-07-02T16:26:01.777+0000] {dag.py:3089} INFO - Sync 1 DAGs
[2026-07-02T16:26:01.824+0000] {logging_mixin.py:188} INFO - [2026-07-02T16:26:01.824+0000] {dag.py:3947} INFO - Setting next_dagrun for example_bash_operator to 2026-07-01 00:00:00+00:00, run_after=2026-07-02 00:00:00+00:00
[2026-07-02T16:26:01.844+0000] {processor.py:183} INFO - Processing /usr/local/python/3.12.1/lib/python3.12/site-packages/airflow/example_dags/example_bash_operator.py took 0.270 seconds
[2026-07-02T16:27:43.106+0000] {processor.py:161} INFO - Started process (PID=128424) to work on /usr/local/python/3.12.1/lib/python3.12/site-packages/airflow/example_dags/example_bash_operator.py
[2026-07-02T16:27:43.192+0000] {processor.py:830} INFO - Processing file /usr/local/python/3.12.1/lib/python3.12/site-packages/airflow/example_dags/example_bash_operator.py for tasks to queue
[2026-07-02T16:27:43.211+0000] {logging_mixin.py:188} INFO - [2026-07-02T16:27:43.194+0000] {dagbag.py:545} INFO - Filling up the DagBag from /usr/local/python/3.12.1/lib/python3.12/site-packages/airflow/example_dags/example_bash_operator.py
[2026-07-02T16:27:43.307+0000] {processor.py:840} INFO - DAG(s) 'example_bash_operator' retrieved from /usr/local/python/3.12.1/lib/python3.12/site-packages/airflow/example_dags/example_bash_operator.py
[2026-07-02T16:27:43.430+0000] {logging_mixin.py:188} INFO - [2026-07-02T16:27:43.429+0000] {dag.py:3089} INFO - Sync 1 DAGs
[2026-07-02T16:27:43.458+0000] {logging_mixin.py:188} INFO - [2026-07-02T16:27:43.457+0000] {dag.py:3947} INFO - Setting next_dagrun for example_bash_operator to 2026-07-01 00:00:00+00:00, run_after=2026-07-02 00:00:00+00:00
[2026-07-02T16:27:43.495+0000] {processor.py:183} INFO - Processing /usr/local/python/3.12.1/lib/python3.12/site-packages/airflow/example_dags/example_bash_operator.py took 0.412 seconds
[2026-07-02T16:29:10.481+0000] {processor.py:161} INFO - Started process (PID=129682) to work on /usr/local/python/3.12.1/lib/python3.12/site-packages/airflow/example_dags/example_bash_operator.py
[2026-07-02T16:29:10.484+0000] {processor.py:830} INFO - Processing file /usr/local/python/3.12.1/lib/python3.12/site-packages/airflow/example_dags/example_bash_operator.py for tasks to queue
[2026-07-02T16:29:10.486+0000] {logging_mixin.py:188} INFO - [2026-07-02T16:29:10.485+0000] {dagbag.py:545} INFO - Filling up the DagBag from /usr/local/python/3.12.1/lib/python3.12/site-packages/airflow/example_dags/example_bash_operator.py
[2026-07-02T16:29:10.496+0000] {processor.py:840} INFO - DAG(s) 'example_bash_operator' retrieved from /usr/local/python/3.12.1/lib/python3.12/site-packages/airflow/example_dags/example_bash_operator.py
[2026-07-02T16:29:10.517+0000] {logging_mixin.py:188} INFO - [2026-07-02T16:29:10.517+0000] {dag.py:3089} INFO - Sync 1 DAGs
[2026-07-02T16:29:10.634+0000] {logging_mixin.py:188} INFO - [2026-07-02T16:29:10.633+0000] {dag.py:3947} INFO - Setting next_dagrun for example_bash_operator to 2026-07-01 00:00:00+00:00, run_after=2026-07-02 00:00:00+00:00
[2026-07-02T16:29:10.649+0000] {processor.py:183} INFO - Processing /usr/local/python/3.12.1/lib/python3.12/site-packages/airflow/example_dags/example_bash_operator.py took 0.174 seconds
[2026-07-02T16:30:11.117+0000] {processor.py:161} INFO - Started process (PID=130355) to work on /usr/local/python/3.12.1/lib/python3.12/site-packages/airflow/example_dags/example_bash_operator.py
[2026-07-02T16:30:11.149+0000] {processor.py:830} INFO - Processing file /usr/local/python/3.12.1/lib/python3.12/site-packages/airflow/example_dags/example_bash_operator.py for tasks to queue
[2026-07-02T16:30:11.150+0000] {logging_mixin.py:188} INFO - [2026-07-02T16:30:11.150+0000] {dagbag.py:545} INFO - Filling up the DagBag from /usr/local/python/3.12.1/lib/python3.12/site-packages/airflow/example_dags/example_bash_operator.py
[2026-07-02T16:30:11.167+0000] {processor.py:840} INFO - DAG(s) 'example_bash_operator' retrieved from /usr/local/python/3.12.1/lib/python3.12/site-packages/airflow/example_dags/example_bash_operator.py
[2026-07-02T16:30:11.208+0000] {logging_mixin.py:188} INFO - [2026-07-02T16:30:11.208+0000] {dag.py:3089} INFO - Sync 1 DAGs
[2026-07-02T16:30:11.238+0000] {logging_mixin.py:188} INFO - [2026-07-02T16:30:11.238+0000] {dag.py:3947} INFO - Setting next_dagrun for example_bash_operator to 2026-07-01 00:00:00+00:00, run_after=2026-07-02 00:00:00+00:00
[2026-07-02T16:30:11.272+0000] {processor.py:183} INFO - Processing /usr/local/python/3.12.1/lib/python3.12/site-packages/airflow/example_dags/example_bash_operator.py took 0.164 seconds
[2026-07-02T16:31:26.097+0000] {processor.py:161} INFO - Started process (PID=131209) to work on /usr/local/python/3.12.1/lib/python3.12/site-packages/airflow/example_dags/example_bash_operator.py
[2026-07-02T16:31:26.098+0000] {processor.py:830} INFO - Processing file /usr/local/python/3.12.1/lib/python3.12/site-packages/airflow/example_dags/example_bash_operator.py for tasks to queue
[2026-07-02T16:31:26.100+0000] {logging_mixin.py:188} INFO - [2026-07-02T16:31:26.099+0000] {dagbag.py:545} INFO - Filling up the DagBag from /usr/local/python/3.12.1/lib/python3.12/site-packages/airflow/example_dags/example_bash_operator.py
[2026-07-02T16:31:26.113+0000] {processor.py:840} INFO - DAG(s) 'example_bash_operator' retrieved from /usr/local/python/3.12.1/lib/python3.12/site-packages/airflow/example_dags/example_bash_operator.py
[2026-07-02T16:31:26.143+0000] {logging_mixin.py:188} INFO - [2026-07-02T16:31:26.142+0000] {dag.py:3089} INFO - Sync 1 DAGs
[2026-07-02T16:31:26.168+0000] {logging_mixin.py:188} INFO - [2026-07-02T16:31:26.168+0000] {dag.py:3947} INFO - Setting next_dagrun for example_bash_operator to 2026-07-01 00:00:00+00:00, run_after=2026-07-02 00:00:00+00:00
[2026-07-02T16:31:26.194+0000] {processor.py:183} INFO - Processing /usr/local/python/3.12.1/lib/python3.12/site-packages/airflow/example_dags/example_bash_operator.py took 0.103 seconds
[2026-07-02T16:32:42.028+0000] {processor.py:161} INFO - Started process (PID=133193) to work on /usr/local/python/3.12.1/lib/python3.12/site-packages/airflow/example_dags/example_bash_operator.py
[2026-07-02T16:32:42.030+0000] {processor.py:830} INFO - Processing file /usr/local/python/3.12.1/lib/python3.12/site-packages/airflow/example_dags/example_bash_operator.py for tasks to queue
[2026-07-02T16:32:42.031+0000] {logging_mixin.py:188} INFO - [2026-07-02T16:32:42.031+0000] {dagbag.py:545} INFO - Filling up the DagBag from /usr/local/python/3.12.1/lib/python3.12/site-packages/airflow/example_dags/example_bash_operator.py
[2026-07-02T16:32:42.041+0000] {processor.py:840} INFO - DAG(s) 'example_bash_operator' retrieved from /usr/local/python/3.12.1/lib/python3.12/site-packages/airflow/example_dags/example_bash_operator.py
[2026-07-02T16:32:42.060+0000] {logging_mixin.py:188} INFO - [2026-07-02T16:32:42.060+0000] {dag.py:3089} INFO - Sync 1 DAGs
[2026-07-02T16:32:42.078+0000] {logging_mixin.py:188} INFO - [2026-07-02T16:32:42.078+0000] {dag.py:3947} INFO - Setting next_dagrun for example_bash_operator to 2026-07-01 00:00:00+00:00, run_after=2026-07-02 00:00:00+00:00
[2026-07-02T16:32:42.099+0000] {processor.py:183} INFO - Processing /usr/local/python/3.12.1/lib/python3.12/site-packages/airflow/example_dags/example_bash_operator.py took 0.076 seconds
[2026-07-02T16:33:56.171+0000] {processor.py:161} INFO - Started process (PID=134056) to work on /usr/local/python/3.12.1/lib/python3.12/site-packages/airflow/example_dags/example_bash_operator.py
[2026-07-02T16:33:56.173+0000] {processor.py:830} INFO - Processing file /usr/local/python/3.12.1/lib/python3.12/site-packages/airflow/example_dags/example_bash_operator.py for tasks to queue
[2026-07-02T16:33:56.175+0000] {logging_mixin.py:188} INFO - [2026-07-02T16:33:56.174+0000] {dagbag.py:545} INFO - Filling up the DagBag from /usr/local/python/3.12.1/lib/python3.12/site-packages/airflow/example_dags/example_bash_operator.py
[2026-07-02T16:33:56.188+0000] {processor.py:840} INFO - DAG(s) 'example_bash_operator' retrieved from /usr/local/python/3.12.1/lib/python3.12/site-packages/airflow/example_dags/example_bash_operator.py
[2026-07-02T16:33:56.221+0000] {logging_mixin.py:188} INFO - [2026-07-02T16:33:56.220+0000] {dag.py:3089} INFO - Sync 1 DAGs
[2026-07-02T16:33:56.244+0000] {logging_mixin.py:188} INFO - [2026-07-02T16:33:56.244+0000] {dag.py:3947} INFO - Setting next_dagrun for example_bash_operator to 2026-07-01 00:00:00+00:00, run_after=2026-07-02 00:00:00+00:00
[2026-07-02T16:33:56.269+0000] {processor.py:183} INFO - Processing /usr/local/python/3.12.1/lib/python3.12/site-packages/airflow/example_dags/example_bash_operator.py took 0.104 seconds
[2026-07-02T16:35:11.128+0000] {processor.py:161} INFO - Started process (PID=135011) to work on /usr/local/python/3.12.1/lib/python3.12/site-packages/airflow/example_dags/example_bash_operator.py
[2026-07-02T16:35:11.132+0000] {processor.py:830} INFO - Processing file /usr/local/python/3.12.1/lib/python3.12/site-packages/airflow/example_dags/example_bash_operator.py for tasks to queue
[2026-07-02T16:35:11.140+0000] {logging_mixin.py:188} INFO - [2026-07-02T16:35:11.138+0000] {dagbag.py:545} INFO - Filling up the DagBag from /usr/local/python/3.12.1/lib/python3.12/site-packages/airflow/example_dags/example_bash_operator.py
[2026-07-02T16:35:11.171+0000] {processor.py:840} INFO - DAG(s) 'example_bash_operator' retrieved from /usr/local/python/3.12.1/lib/python3.12/site-packages/airflow/example_dags/example_bash_operator.py
[2026-07-02T16:35:11.252+0000] {logging_mixin.py:188} INFO - [2026-07-02T16:35:11.250+0000] {dag.py:3089} INFO - Sync 1 DAGs
[2026-07-02T16:35:11.287+0000] {logging_mixin.py:188} INFO - [2026-07-02T16:35:11.286+0000] {dag.py:3947} INFO - Setting next_dagrun for example_bash_operator to 2026-07-01 00:00:00+00:00, run_after=2026-07-02 00:00:00+00:00
[2026-07-02T16:35:11.327+0000] {processor.py:183} INFO - Processing /usr/local/python/3.12.1/lib/python3.12/site-packages/airflow/example_dags/example_bash_operator.py took 0.206 seconds
[2026-07-02T16:36:10.874+0000] {processor.py:161} INFO - Started process (PID=136540) to work on /usr/local/python/3.12.1/lib/python3.12/site-packages/airflow/example_dags/example_bash_operator.py
[2026-07-02T16:36:10.875+0000] {processor.py:830} INFO - Processing file /usr/local/python/3.12.1/lib/python3.12/site-packages/airflow/example_dags/example_bash_operator.py for tasks to queue
[2026-07-02T16:36:10.877+0000] {logging_mixin.py:188} INFO - [2026-07-02T16:36:10.877+0000] {dagbag.py:545} INFO - Filling up the DagBag from /usr/local/python/3.12.1/lib/python3.12/site-packages/airflow/example_dags/example_bash_operator.py
[2026-07-02T16:36:10.909+0000] {processor.py:840} INFO - DAG(s) 'example_bash_operator' retrieved from /usr/local/python/3.12.1/lib/python3.12/site-packages/airflow/example_dags/example_bash_operator.py
[2026-07-02T16:36:10.930+0000] {logging_mixin.py:188} INFO - [2026-07-02T16:36:10.930+0000] {dag.py:3089} INFO - Sync 1 DAGs
[2026-07-02T16:36:10.960+0000] {logging_mixin.py:188} INFO - [2026-07-02T16:36:10.960+0000] {dag.py:3947} INFO - Setting next_dagrun for example_bash_operator to 2026-07-01 00:00:00+00:00, run_after=2026-07-02 00:00:00+00:00
[2026-07-02T16:36:10.987+0000] {processor.py:183} INFO - Processing /usr/local/python/3.12.1/lib/python3.12/site-packages/airflow/example_dags/example_bash_operator.py took 0.121 seconds
[2026-07-02T16:37:19.196+0000] {processor.py:161} INFO - Started process (PID=137429) to work on /usr/local/python/3.12.1/lib/python3.12/site-packages/airflow/example_dags/example_bash_operator.py
[2026-07-02T16:37:19.197+0000] {processor.py:830} INFO - Processing file /usr/local/python/3.12.1/lib/python3.12/site-packages/airflow/example_dags/example_bash_operator.py for tasks to queue
[2026-07-02T16:37:19.199+0000] {logging_mixin.py:188} INFO - [2026-07-02T16:37:19.198+0000] {dagbag.py:545} INFO - Filling up the DagBag from /usr/local/python/3.12.1/lib/python3.12/site-packages/airflow/example_dags/example_bash_operator.py
[2026-07-02T16:37:19.207+0000] {processor.py:840} INFO - DAG(s) 'example_bash_operator' retrieved from /usr/local/python/3.12.1/lib/python3.12/site-packages/airflow/example_dags/example_bash_operator.py
[2026-07-02T16:37:19.225+0000] {logging_mixin.py:188} INFO - [2026-07-02T16:37:19.224+0000] {dag.py:3089} INFO - Sync 1 DAGs
[2026-07-02T16:37:19.240+0000] {logging_mixin.py:188} INFO - [2026-07-02T16:37:19.240+0000] {dag.py:3947} INFO - Setting next_dagrun for example_bash_operator to 2026-07-01 00:00:00+00:00, run_after=2026-07-02 00:00:00+00:00
[2026-07-02T16:37:19.256+0000] {processor.py:183} INFO - Processing /usr/local/python/3.12.1/lib/python3.12/site-packages/airflow/example_dags/example_bash_operator.py took 0.065 seconds
[2026-07-02T16:38:24.888+0000] {processor.py:161} INFO - Started process (PID=139383) to work on /usr/local/python/3.12.1/lib/python3.12/site-packages/airflow/example_dags/example_bash_operator.py
[2026-07-02T16:38:24.889+0000] {processor.py:830} INFO - Processing file /usr/local/python/3.12.1/lib/python3.12/site-packages/airflow/example_dags/example_bash_operator.py for tasks to queue
[2026-07-02T16:38:24.891+0000] {logging_mixin.py:188} INFO - [2026-07-02T16:38:24.890+0000] {dagbag.py:545} INFO - Filling up the DagBag from /usr/local/python/3.12.1/lib/python3.12/site-packages/airflow/example_dags/example_bash_operator.py
[2026-07-02T16:38:24.901+0000] {processor.py:840} INFO - DAG(s) 'example_bash_operator' retrieved from /usr/local/python/3.12.1/lib/python3.12/site-packages/airflow/example_dags/example_bash_operator.py
[2026-07-02T16:38:24.918+0000] {logging_mixin.py:188} INFO - [2026-07-02T16:38:24.918+0000] {dag.py:3089} INFO - Sync 1 DAGs
[2026-07-02T16:38:24.933+0000] {logging_mixin.py:188} INFO - [2026-07-02T16:38:24.933+0000] {dag.py:3947} INFO - Setting next_dagrun for example_bash_operator to 2026-07-01 00:00:00+00:00, run_after=2026-07-02 00:00:00+00:00
[2026-07-02T16:38:24.951+0000] {processor.py:183} INFO - Processing /usr/local/python/3.12.1/lib/python3.12/site-packages/airflow/example_dags/example_bash_operator.py took 0.070 seconds
[2026-07-02T16:39:34.734+0000] {processor.py:161} INFO - Started process (PID=140334) to work on /usr/local/python/3.12.1/lib/python3.12/site-packages/airflow/example_dags/example_bash_operator.py
[2026-07-02T16:39:34.735+0000] {processor.py:830} INFO - Processing file /usr/local/python/3.12.1/lib/python3.12/site-packages/airflow/example_dags/example_bash_operator.py for tasks to queue
[2026-07-02T16:39:34.736+0000] {logging_mixin.py:188} INFO - [2026-07-02T16:39:34.736+0000] {dagbag.py:545} INFO - Filling up the DagBag from /usr/local/python/3.12.1/lib/python3.12/site-packages/airflow/example_dags/example_bash_operator.py
[2026-07-02T16:39:34.745+0000] {processor.py:840} INFO - DAG(s) 'example_bash_operator' retrieved from /usr/local/python/3.12.1/lib/python3.12/site-packages/airflow/example_dags/example_bash_operator.py
[2026-07-02T16:39:34.763+0000] {logging_mixin.py:188} INFO - [2026-07-02T16:39:34.763+0000] {dag.py:3089} INFO - Sync 1 DAGs
[2026-07-02T16:39:34.780+0000] {logging_mixin.py:188} INFO - [2026-07-02T16:39:34.779+0000] {dag.py:3947} INFO - Setting next_dagrun for example_bash_operator to 2026-07-01 00:00:00+00:00, run_after=2026-07-02 00:00:00+00:00
[2026-07-02T16:39:34.801+0000] {processor.py:183} INFO - Processing /usr/local/python/3.12.1/lib/python3.12/site-packages/airflow/example_dags/example_bash_operator.py took 0.072 seconds
[2026-07-02T16:40:50.469+0000] {processor.py:161} INFO - Started process (PID=141451) to work on /usr/local/python/3.12.1/lib/python3.12/site-packages/airflow/example_dags/example_bash_operator.py
[2026-07-02T16:40:50.471+0000] {processor.py:830} INFO - Processing file /usr/local/python/3.12.1/lib/python3.12/site-packages/airflow/example_dags/example_bash_operator.py for tasks to queue
[2026-07-02T16:40:50.472+0000] {logging_mixin.py:188} INFO - [2026-07-02T16:40:50.472+0000] {dagbag.py:545} INFO - Filling up the DagBag from /usr/local/python/3.12.1/lib/python3.12/site-packages/airflow/example_dags/example_bash_operator.py
[2026-07-02T16:40:50.483+0000] {processor.py:840} INFO - DAG(s) 'example_bash_operator' retrieved from /usr/local/python/3.12.1/lib/python3.12/site-packages/airflow/example_dags/example_bash_operator.py
[2026-07-02T16:40:50.503+0000] {logging_mixin.py:188} INFO - [2026-07-02T16:40:50.502+0000] {dag.py:3089} INFO - Sync 1 DAGs
[2026-07-02T16:40:50.522+0000] {logging_mixin.py:188} INFO - [2026-07-02T16:40:50.522+0000] {dag.py:3947} INFO - Setting next_dagrun for example_bash_operator to 2026-07-01 00:00:00+00:00, run_after=2026-07-02 00:00:00+00:00
[2026-07-02T16:40:50.665+0000] {processor.py:183} INFO - Processing /usr/local/python/3.12.1/lib/python3.12/site-packages/airflow/example_dags/example_bash_operator.py took 0.200 seconds
[2026-07-02T16:41:47.760+0000] {processor.py:161} INFO - Started process (PID=142424) to work on /usr/local/python/3.12.1/lib/python3.12/site-packages/airflow/example_dags/example_bash_operator.py
[2026-07-02T16:41:47.778+0000] {processor.py:830} INFO - Processing file /usr/local/python/3.12.1/lib/python3.12/site-packages/airflow/example_dags/example_bash_operator.py for tasks to queue
[2026-07-02T16:41:47.782+0000] {logging_mixin.py:188} INFO - [2026-07-02T16:41:47.782+0000] {dagbag.py:545} INFO - Filling up the DagBag from /usr/local/python/3.12.1/lib/python3.12/site-packages/airflow/example_dags/example_bash_operator.py
[2026-07-02T16:41:47.823+0000] {processor.py:840} INFO - DAG(s) 'example_bash_operator' retrieved from /usr/local/python/3.12.1/lib/python3.12/site-packages/airflow/example_dags/example_bash_operator.py
[2026-07-02T16:41:47.887+0000] {logging_mixin.py:188} INFO - [2026-07-02T16:41:47.887+0000] {dag.py:3089} INFO - Sync 1 DAGs
[2026-07-02T16:41:47.952+0000] {logging_mixin.py:188} INFO - [2026-07-02T16:41:47.950+0000] {dag.py:3947} INFO - Setting next_dagrun for example_bash_operator to 2026-07-01 00:00:00+00:00, run_after=2026-07-02 00:00:00+00:00
[2026-07-02T16:41:48.002+0000] {processor.py:183} INFO - Processing /usr/local/python/3.12.1/lib/python3.12/site-packages/airflow/example_dags/example_bash_operator.py took 0.257 seconds
[2026-07-02T16:43:01.500+0000] {processor.py:161} INFO - Started process (PID=143506) to work on /usr/local/python/3.12.1/lib/python3.12/site-packages/airflow/example_dags/example_bash_operator.py
[2026-07-02T16:43:01.501+0000] {processor.py:830} INFO - Processing file /usr/local/python/3.12.1/lib/python3.12/site-packages/airflow/example_dags/example_bash_operator.py for tasks to queue
[2026-07-02T16:43:01.503+0000] {logging_mixin.py:188} INFO - [2026-07-02T16:43:01.502+0000] {dagbag.py:545} INFO - Filling up the DagBag from /usr/local/python/3.12.1/lib/python3.12/site-packages/airflow/example_dags/example_bash_operator.py
[2026-07-02T16:43:01.512+0000] {processor.py:840} INFO - DAG(s) 'example_bash_operator' retrieved from /usr/local/python/3.12.1/lib/python3.12/site-packages/airflow/example_dags/example_bash_operator.py
[2026-07-02T16:43:01.530+0000] {logging_mixin.py:188} INFO - [2026-07-02T16:43:01.530+0000] {dag.py:3089} INFO - Sync 1 DAGs
[2026-07-02T16:43:01.545+0000] {logging_mixin.py:188} INFO - [2026-07-02T16:43:01.545+0000] {dag.py:3947} INFO - Setting next_dagrun for example_bash_operator to 2026-07-01 00:00:00+00:00, run_after=2026-07-02 00:00:00+00:00
[2026-07-02T16:43:01.562+0000] {processor.py:183} INFO - Processing /usr/local/python/3.12.1/lib/python3.12/site-packages/airflow/example_dags/example_bash_operator.py took 0.066 seconds
[2026-07-02T16:44:08.281+0000] {processor.py:161} INFO - Started process (PID=145164) to work on /usr/local/python/3.12.1/lib/python3.12/site-packages/airflow/example_dags/example_bash_operator.py
[2026-07-02T16:44:08.284+0000] {processor.py:830} INFO - Processing file /usr/local/python/3.12.1/lib/python3.12/site-packages/airflow/example_dags/example_bash_operator.py for tasks to queue
[2026-07-02T16:44:08.286+0000] {logging_mixin.py:188} INFO - [2026-07-02T16:44:08.286+0000] {dagbag.py:545} INFO - Filling up the DagBag from /usr/local/python/3.12.1/lib/python3.12/site-packages/airflow/example_dags/example_bash_operator.py
[2026-07-02T16:44:08.297+0000] {processor.py:840} INFO - DAG(s) 'example_bash_operator' retrieved from /usr/local/python/3.12.1/lib/python3.12/site-packages/airflow/example_dags/example_bash_operator.py
[2026-07-02T16:44:08.318+0000] {logging_mixin.py:188} INFO - [2026-07-02T16:44:08.317+0000] {dag.py:3089} INFO - Sync 1 DAGs
[2026-07-02T16:44:08.333+0000] {logging_mixin.py:188} INFO - [2026-07-02T16:44:08.333+0000] {dag.py:3947} INFO - Setting next_dagrun for example_bash_operator to 2026-07-01 00:00:00+00:00, run_after=2026-07-02 00:00:00+00:00
[2026-07-02T16:44:08.349+0000] {processor.py:183} INFO - Processing /usr/local/python/3.12.1/lib/python3.12/site-packages/airflow/example_dags/example_bash_operator.py took 0.075 seconds
[2026-07-02T16:45:07.867+0000] {processor.py:161} INFO - Started process (PID=146707) to work on /usr/local/python/3.12.1/lib/python3.12/site-packages/airflow/example_dags/example_bash_operator.py
[2026-07-02T16:45:07.870+0000] {processor.py:830} INFO - Processing file /usr/local/python/3.12.1/lib/python3.12/site-packages/airflow/example_dags/example_bash_operator.py for tasks to queue
[2026-07-02T16:45:07.872+0000] {logging_mixin.py:188} INFO - [2026-07-02T16:45:07.872+0000] {dagbag.py:545} INFO - Filling up the DagBag from /usr/local/python/3.12.1/lib/python3.12/site-packages/airflow/example_dags/example_bash_operator.py
[2026-07-02T16:45:07.884+0000] {processor.py:840} INFO - DAG(s) 'example_bash_operator' retrieved from /usr/local/python/3.12.1/lib/python3.12/site-packages/airflow/example_dags/example_bash_operator.py
[2026-07-02T16:45:07.905+0000] {logging_mixin.py:188} INFO - [2026-07-02T16:45:07.905+0000] {dag.py:3089} INFO - Sync 1 DAGs
[2026-07-02T16:45:07.920+0000] {logging_mixin.py:188} INFO - [2026-07-02T16:45:07.920+0000] {dag.py:3947} INFO - Setting next_dagrun for example_bash_operator to 2026-07-01 00:00:00+00:00, run_after=2026-07-02 00:00:00+00:00
[2026-07-02T16:45:07.937+0000] {processor.py:183} INFO - Processing /usr/local/python/3.12.1/lib/python3.12/site-packages/airflow/example_dags/example_bash_operator.py took 0.075 seconds
[2026-07-02T16:46:16.570+0000] {processor.py:161} INFO - Started process (PID=149228) to work on /usr/local/python/3.12.1/lib/python3.12/site-packages/airflow/example_dags/example_bash_operator.py
[2026-07-02T16:46:16.572+0000] {processor.py:830} INFO - Processing file /usr/local/python/3.12.1/lib/python3.12/site-packages/airflow/example_dags/example_bash_operator.py for tasks to queue
[2026-07-02T16:46:16.574+0000] {logging_mixin.py:188} INFO - [2026-07-02T16:46:16.574+0000] {dagbag.py:545} INFO - Filling up the DagBag from /usr/local/python/3.12.1/lib/python3.12/site-packages/airflow/example_dags/example_bash_operator.py
[2026-07-02T16:46:16.606+0000] {processor.py:840} INFO - DAG(s) 'example_bash_operator' retrieved from /usr/local/python/3.12.1/lib/python3.12/site-packages/airflow/example_dags/example_bash_operator.py
[2026-07-02T16:46:16.624+0000] {logging_mixin.py:188} INFO - [2026-07-02T16:46:16.624+0000] {dag.py:3089} INFO - Sync 1 DAGs
[2026-07-02T16:46:16.642+0000] {logging_mixin.py:188} INFO - [2026-07-02T16:46:16.642+0000] {dag.py:3947} INFO - Setting next_dagrun for example_bash_operator to 2026-07-01 00:00:00+00:00, run_after=2026-07-02 00:00:00+00:00
[2026-07-02T16:46:16.659+0000] {processor.py:183} INFO - Processing /usr/local/python/3.12.1/lib/python3.12/site-packages/airflow/example_dags/example_bash_operator.py took 0.096 seconds
[2026-07-02T16:47:43.667+0000] {processor.py:161} INFO - Started process (PID=152026) to work on /usr/local/python/3.12.1/lib/python3.12/site-packages/airflow/example_dags/example_bash_operator.py
[2026-07-02T16:47:43.672+0000] {processor.py:830} INFO - Processing file /usr/local/python/3.12.1/lib/python3.12/site-packages/airflow/example_dags/example_bash_operator.py for tasks to queue
[2026-07-02T16:47:43.699+0000] {logging_mixin.py:188} INFO - [2026-07-02T16:47:43.694+0000] {dagbag.py:545} INFO - Filling up the DagBag from /usr/local/python/3.12.1/lib/python3.12/site-packages/airflow/example_dags/example_bash_operator.py
[2026-07-02T16:47:43.738+0000] {processor.py:840} INFO - DAG(s) 'example_bash_operator' retrieved from /usr/local/python/3.12.1/lib/python3.12/site-packages/airflow/example_dags/example_bash_operator.py
[2026-07-02T16:47:43.785+0000] {logging_mixin.py:188} INFO - [2026-07-02T16:47:43.784+0000] {dag.py:3089} INFO - Sync 1 DAGs
[2026-07-02T16:47:43.874+0000] {logging_mixin.py:188} INFO - [2026-07-02T16:47:43.874+0000] {dag.py:3947} INFO - Setting next_dagrun for example_bash_operator to 2026-07-01 00:00:00+00:00, run_after=2026-07-02 00:00:00+00:00
[2026-07-02T16:47:43.921+0000] {processor.py:183} INFO - Processing /usr/local/python/3.12.1/lib/python3.12/site-packages/airflow/example_dags/example_bash_operator.py took 0.279 seconds
[2026-07-02T16:48:59.306+0000] {processor.py:161} INFO - Started process (PID=153417) to work on /usr/local/python/3.12.1/lib/python3.12/site-packages/airflow/example_dags/example_bash_operator.py
[2026-07-02T16:48:59.307+0000] {processor.py:830} INFO - Processing file /usr/local/python/3.12.1/lib/python3.12/site-packages/airflow/example_dags/example_bash_operator.py for tasks to queue
[2026-07-02T16:48:59.309+0000] {logging_mixin.py:188} INFO - [2026-07-02T16:48:59.309+0000] {dagbag.py:545} INFO - Filling up the DagBag from /usr/local/python/3.12.1/lib/python3.12/site-packages/airflow/example_dags/example_bash_operator.py
[2026-07-02T16:48:59.318+0000] {processor.py:840} INFO - DAG(s) 'example_bash_operator' retrieved from /usr/local/python/3.12.1/lib/python3.12/site-packages/airflow/example_dags/example_bash_operator.py
[2026-07-02T16:48:59.336+0000] {logging_mixin.py:188} INFO - [2026-07-02T16:48:59.335+0000] {dag.py:3089} INFO - Sync 1 DAGs
[2026-07-02T16:48:59.354+0000] {logging_mixin.py:188} INFO - [2026-07-02T16:48:59.354+0000] {dag.py:3947} INFO - Setting next_dagrun for example_bash_operator to 2026-07-01 00:00:00+00:00, run_after=2026-07-02 00:00:00+00:00
[2026-07-02T16:48:59.370+0000] {processor.py:183} INFO - Processing /usr/local/python/3.12.1/lib/python3.12/site-packages/airflow/example_dags/example_bash_operator.py took 0.069 seconds
[2026-07-02T16:50:08.904+0000] {processor.py:161} INFO - Started process (PID=154341) to work on /usr/local/python/3.12.1/lib/python3.12/site-packages/airflow/example_dags/example_bash_operator.py
[2026-07-02T16:50:08.904+0000] {processor.py:830} INFO - Processing file /usr/local/python/3.12.1/lib/python3.12/site-packages/airflow/example_dags/example_bash_operator.py for tasks to queue
[2026-07-02T16:50:08.906+0000] {logging_mixin.py:188} INFO - [2026-07-02T16:50:08.906+0000] {dagbag.py:545} INFO - Filling up the DagBag from /usr/local/python/3.12.1/lib/python3.12/site-packages/airflow/example_dags/example_bash_operator.py
[2026-07-02T16:50:08.915+0000] {processor.py:840} INFO - DAG(s) 'example_bash_operator' retrieved from /usr/local/python/3.12.1/lib/python3.12/site-packages/airflow/example_dags/example_bash_operator.py
[2026-07-02T16:50:08.932+0000] {logging_mixin.py:188} INFO - [2026-07-02T16:50:08.932+0000] {dag.py:3089} INFO - Sync 1 DAGs
[2026-07-02T16:50:08.948+0000] {logging_mixin.py:188} INFO - [2026-07-02T16:50:08.948+0000] {dag.py:3947} INFO - Setting next_dagrun for example_bash_operator to 2026-07-01 00:00:00+00:00, run_after=2026-07-02 00:00:00+00:00
[2026-07-02T16:50:08.967+0000] {processor.py:183} INFO - Processing /usr/local/python/3.12.1/lib/python3.12/site-packages/airflow/example_dags/example_bash_operator.py took 0.068 seconds
[2026-07-02T16:51:18.485+0000] {processor.py:161} INFO - Started process (PID=155153) to work on /usr/local/python/3.12.1/lib/python3.12/site-packages/airflow/example_dags/example_bash_operator.py
[2026-07-02T16:51:18.486+0000] {processor.py:830} INFO - Processing file /usr/local/python/3.12.1/lib/python3.12/site-packages/airflow/example_dags/example_bash_operator.py for tasks to queue
[2026-07-02T16:51:18.488+0000] {logging_mixin.py:188} INFO - [2026-07-02T16:51:18.488+0000] {dagbag.py:545} INFO - Filling up the DagBag from /usr/local/python/3.12.1/lib/python3.12/site-packages/airflow/example_dags/example_bash_operator.py
[2026-07-02T16:51:18.502+0000] {processor.py:840} INFO - DAG(s) 'example_bash_operator' retrieved from /usr/local/python/3.12.1/lib/python3.12/site-packages/airflow/example_dags/example_bash_operator.py
[2026-07-02T16:51:18.541+0000] {logging_mixin.py:188} INFO - [2026-07-02T16:51:18.540+0000] {dag.py:3089} INFO - Sync 1 DAGs
[2026-07-02T16:51:18.570+0000] {logging_mixin.py:188} INFO - [2026-07-02T16:51:18.569+0000] {dag.py:3947} INFO - Setting next_dagrun for example_bash_operator to 2026-07-01 00:00:00+00:00, run_after=2026-07-02 00:00:00+00:00
[2026-07-02T16:51:18.595+0000] {processor.py:183} INFO - Processing /usr/local/python/3.12.1/lib/python3.12/site-packages/airflow/example_dags/example_bash_operator.py took 0.117 seconds
[2026-07-02T16:52:21.869+0000] {processor.py:161} INFO - Started process (PID=155829) to work on /usr/local/python/3.12.1/lib/python3.12/site-packages/airflow/example_dags/example_bash_operator.py
[2026-07-02T16:52:21.870+0000] {processor.py:830} INFO - Processing file /usr/local/python/3.12.1/lib/python3.12/site-packages/airflow/example_dags/example_bash_operator.py for tasks to queue
[2026-07-02T16:52:21.871+0000] {logging_mixin.py:188} INFO - [2026-07-02T16:52:21.871+0000] {dagbag.py:545} INFO - Filling up the DagBag from /usr/local/python/3.12.1/lib/python3.12/site-packages/airflow/example_dags/example_bash_operator.py
[2026-07-02T16:52:21.882+0000] {processor.py:840} INFO - DAG(s) 'example_bash_operator' retrieved from /usr/local/python/3.12.1/lib/python3.12/site-packages/airflow/example_dags/example_bash_operator.py
[2026-07-02T16:52:21.903+0000] {logging_mixin.py:188} INFO - [2026-07-02T16:52:21.903+0000] {dag.py:3089} INFO - Sync 1 DAGs
[2026-07-02T16:52:21.919+0000] {logging_mixin.py:188} INFO - [2026-07-02T16:52:21.919+0000] {dag.py:3947} INFO - Setting next_dagrun for example_bash_operator to 2026-07-01 00:00:00+00:00, run_after=2026-07-02 00:00:00+00:00
[2026-07-02T16:52:21.935+0000] {processor.py:183} INFO - Processing /usr/local/python/3.12.1/lib/python3.12/site-packages/airflow/example_dags/example_bash_operator.py took 0.073 seconds
[2026-07-02T16:53:24.244+0000] {processor.py:161} INFO - Started process (PID=156492) to work on /usr/local/python/3.12.1/lib/python3.12/site-packages/airflow/example_dags/example_bash_operator.py
[2026-07-02T16:53:24.244+0000] {processor.py:830} INFO - Processing file /usr/local/python/3.12.1/lib/python3.12/site-packages/airflow/example_dags/example_bash_operator.py for tasks to queue
[2026-07-02T16:53:24.246+0000] {logging_mixin.py:188} INFO - [2026-07-02T16:53:24.246+0000] {dagbag.py:545} INFO - Filling up the DagBag from /usr/local/python/3.12.1/lib/python3.12/site-packages/airflow/example_dags/example_bash_operator.py
[2026-07-02T16:53:24.255+0000] {processor.py:840} INFO - DAG(s) 'example_bash_operator' retrieved from /usr/local/python/3.12.1/lib/python3.12/site-packages/airflow/example_dags/example_bash_operator.py
[2026-07-02T16:53:24.272+0000] {logging_mixin.py:188} INFO - [2026-07-02T16:53:24.272+0000] {dag.py:3089} INFO - Sync 1 DAGs
[2026-07-02T16:53:24.292+0000] {logging_mixin.py:188} INFO - [2026-07-02T16:53:24.292+0000] {dag.py:3947} INFO - Setting next_dagrun for example_bash_operator to 2026-07-01 00:00:00+00:00, run_after=2026-07-02 00:00:00+00:00
[2026-07-02T16:53:24.308+0000] {processor.py:183} INFO - Processing /usr/local/python/3.12.1/lib/python3.12/site-packages/airflow/example_dags/example_bash_operator.py took 0.069 seconds
[2026-07-02T16:54:20.772+0000] {processor.py:161} INFO - Started process (PID=157083) to work on /usr/local/python/3.12.1/lib/python3.12/site-packages/airflow/example_dags/example_bash_operator.py
[2026-07-02T16:54:20.772+0000] {processor.py:830} INFO - Processing file /usr/local/python/3.12.1/lib/python3.12/site-packages/airflow/example_dags/example_bash_operator.py for tasks to queue
[2026-07-02T16:54:20.774+0000] {logging_mixin.py:188} INFO - [2026-07-02T16:54:20.774+0000] {dagbag.py:545} INFO - Filling up the DagBag from /usr/local/python/3.12.1/lib/python3.12/site-packages/airflow/example_dags/example_bash_operator.py
[2026-07-02T16:54:20.786+0000] {processor.py:840} INFO - DAG(s) 'example_bash_operator' retrieved from /usr/local/python/3.12.1/lib/python3.12/site-packages/airflow/example_dags/example_bash_operator.py
[2026-07-02T16:54:20.806+0000] {logging_mixin.py:188} INFO - [2026-07-02T16:54:20.805+0000] {dag.py:3089} INFO - Sync 1 DAGs
[2026-07-02T16:54:20.821+0000] {logging_mixin.py:188} INFO - [2026-07-02T16:54:20.821+0000] {dag.py:3947} INFO - Setting next_dagrun for example_bash_operator to 2026-07-01 00:00:00+00:00, run_after=2026-07-02 00:00:00+00:00
[2026-07-02T16:54:20.837+0000] {processor.py:183} INFO - Processing /usr/local/python/3.12.1/lib/python3.12/site-packages/airflow/example_dags/example_bash_operator.py took 0.070 seconds
[2026-07-02T16:55:15.452+0000] {processor.py:161} INFO - Started process (PID=157694) to work on /usr/local/python/3.12.1/lib/python3.12/site-packages/airflow/example_dags/example_bash_operator.py
[2026-07-02T16:55:15.453+0000] {processor.py:830} INFO - Processing file /usr/local/python/3.12.1/lib/python3.12/site-packages/airflow/example_dags/example_bash_operator.py for tasks to queue
[2026-07-02T16:55:15.454+0000] {logging_mixin.py:188} INFO - [2026-07-02T16:55:15.454+0000] {dagbag.py:545} INFO - Filling up the DagBag from /usr/local/python/3.12.1/lib/python3.12/site-packages/airflow/example_dags/example_bash_operator.py
[2026-07-02T16:55:15.463+0000] {processor.py:840} INFO - DAG(s) 'example_bash_operator' retrieved from /usr/local/python/3.12.1/lib/python3.12/site-packages/airflow/example_dags/example_bash_operator.py
[2026-07-02T16:55:15.483+0000] {logging_mixin.py:188} INFO - [2026-07-02T16:55:15.482+0000] {dag.py:3089} INFO - Sync 1 DAGs
[2026-07-02T16:55:15.502+0000] {logging_mixin.py:188} INFO - [2026-07-02T16:55:15.502+0000] {dag.py:3947} INFO - Setting next_dagrun for example_bash_operator to 2026-07-01 00:00:00+00:00, run_after=2026-07-02 00:00:00+00:00
[2026-07-02T16:55:15.517+0000] {processor.py:183} INFO - Processing /usr/local/python/3.12.1/lib/python3.12/site-packages/airflow/example_dags/example_bash_operator.py took 0.070 seconds
[2026-07-02T16:56:17.786+0000] {processor.py:161} INFO - Started process (PID=158349) to work on /usr/local/python/3.12.1/lib/python3.12/site-packages/airflow/example_dags/example_bash_operator.py
[2026-07-02T16:56:17.787+0000] {processor.py:830} INFO - Processing file /usr/local/python/3.12.1/lib/python3.12/site-packages/airflow/example_dags/example_bash_operator.py for tasks to queue
[2026-07-02T16:56:17.789+0000] {logging_mixin.py:188} INFO - [2026-07-02T16:56:17.789+0000] {dagbag.py:545} INFO - Filling up the DagBag from /usr/local/python/3.12.1/lib/python3.12/site-packages/airflow/example_dags/example_bash_operator.py
[2026-07-02T16:56:17.800+0000] {processor.py:840} INFO - DAG(s) 'example_bash_operator' retrieved from /usr/local/python/3.12.1/lib/python3.12/site-packages/airflow/example_dags/example_bash_operator.py
[2026-07-02T16:56:17.818+0000] {logging_mixin.py:188} INFO - [2026-07-02T16:56:17.818+0000] {dag.py:3089} INFO - Sync 1 DAGs
[2026-07-02T16:56:17.834+0000] {logging_mixin.py:188} INFO - [2026-07-02T16:56:17.834+0000] {dag.py:3947} INFO - Setting next_dagrun for example_bash_operator to 2026-07-01 00:00:00+00:00, run_after=2026-07-02 00:00:00+00:00
[2026-07-02T16:56:17.851+0000] {processor.py:183} INFO - Processing /usr/local/python/3.12.1/lib/python3.12/site-packages/airflow/example_dags/example_bash_operator.py took 0.071 seconds
[2026-07-02T16:57:20.694+0000] {processor.py:161} INFO - Started process (PID=158995) to work on /usr/local/python/3.12.1/lib/python3.12/site-packages/airflow/example_dags/example_bash_operator.py
[2026-07-02T16:57:20.695+0000] {processor.py:830} INFO - Processing file /usr/local/python/3.12.1/lib/python3.12/site-packages/airflow/example_dags/example_bash_operator.py for tasks to queue
[2026-07-02T16:57:20.696+0000] {logging_mixin.py:188} INFO - [2026-07-02T16:57:20.696+0000] {dagbag.py:545} INFO - Filling up the DagBag from /usr/local/python/3.12.1/lib/python3.12/site-packages/airflow/example_dags/example_bash_operator.py
[2026-07-02T16:57:20.705+0000] {processor.py:840} INFO - DAG(s) 'example_bash_operator' retrieved from /usr/local/python/3.12.1/lib/python3.12/site-packages/airflow/example_dags/example_bash_operator.py
[2026-07-02T16:57:20.722+0000] {logging_mixin.py:188} INFO - [2026-07-02T16:57:20.722+0000] {dag.py:3089} INFO - Sync 1 DAGs
[2026-07-02T16:57:20.738+0000] {logging_mixin.py:188} INFO - [2026-07-02T16:57:20.738+0000] {dag.py:3947} INFO - Setting next_dagrun for example_bash_operator to 2026-07-01 00:00:00+00:00, run_after=2026-07-02 00:00:00+00:00
[2026-07-02T16:57:20.756+0000] {processor.py:183} INFO - Processing /usr/local/python/3.12.1/lib/python3.12/site-packages/airflow/example_dags/example_bash_operator.py took 0.069 seconds
[2026-07-02T16:58:23.917+0000] {processor.py:161} INFO - Started process (PID=159664) to work on /usr/local/python/3.12.1/lib/python3.12/site-packages/airflow/example_dags/example_bash_operator.py
[2026-07-02T16:58:23.919+0000] {processor.py:830} INFO - Processing file /usr/local/python/3.12.1/lib/python3.12/site-packages/airflow/example_dags/example_bash_operator.py for tasks to queue
[2026-07-02T16:58:23.921+0000] {logging_mixin.py:188} INFO - [2026-07-02T16:58:23.920+0000] {dagbag.py:545} INFO - Filling up the DagBag from /usr/local/python/3.12.1/lib/python3.12/site-packages/airflow/example_dags/example_bash_operator.py
[2026-07-02T16:58:23.940+0000] {processor.py:840} INFO - DAG(s) 'example_bash_operator' retrieved from /usr/local/python/3.12.1/lib/python3.12/site-packages/airflow/example_dags/example_bash_operator.py
[2026-07-02T16:58:23.971+0000] {logging_mixin.py:188} INFO - [2026-07-02T16:58:23.971+0000] {dag.py:3089} INFO - Sync 1 DAGs
[2026-07-02T16:58:23.989+0000] {logging_mixin.py:188} INFO - [2026-07-02T16:58:23.989+0000] {dag.py:3947} INFO - Setting next_dagrun for example_bash_operator to 2026-07-01 00:00:00+00:00, run_after=2026-07-02 00:00:00+00:00
[2026-07-02T16:58:24.017+0000] {processor.py:183} INFO - Processing /usr/local/python/3.12.1/lib/python3.12/site-packages/airflow/example_dags/example_bash_operator.py took 0.109 seconds
[2026-07-02T16:59:24.128+0000] {processor.py:161} INFO - Started process (PID=160299) to work on /usr/local/python/3.12.1/lib/python3.12/site-packages/airflow/example_dags/example_bash_operator.py
[2026-07-02T16:59:24.129+0000] {processor.py:830} INFO - Processing file /usr/local/python/3.12.1/lib/python3.12/site-packages/airflow/example_dags/example_bash_operator.py for tasks to queue
[2026-07-02T16:59:24.130+0000] {logging_mixin.py:188} INFO - [2026-07-02T16:59:24.130+0000] {dagbag.py:545} INFO - Filling up the DagBag from /usr/local/python/3.12.1/lib/python3.12/site-packages/airflow/example_dags/example_bash_operator.py
[2026-07-02T16:59:24.139+0000] {processor.py:840} INFO - DAG(s) 'example_bash_operator' retrieved from /usr/local/python/3.12.1/lib/python3.12/site-packages/airflow/example_dags/example_bash_operator.py
[2026-07-02T16:59:24.157+0000] {logging_mixin.py:188} INFO - [2026-07-02T16:59:24.157+0000] {dag.py:3089} INFO - Sync 1 DAGs
[2026-07-02T16:59:24.173+0000] {logging_mixin.py:188} INFO - [2026-07-02T16:59:24.172+0000] {dag.py:3947} INFO - Setting next_dagrun for example_bash_operator to 2026-07-01 00:00:00+00:00, run_after=2026-07-02 00:00:00+00:00
[2026-07-02T16:59:24.194+0000] {processor.py:183} INFO - Processing /usr/local/python/3.12.1/lib/python3.12/site-packages/airflow/example_dags/example_bash_operator.py took 0.071 seconds
[2026-07-02T17:00:26.269+0000] {processor.py:161} INFO - Started process (PID=160963) to work on /usr/local/python/3.12.1/lib/python3.12/site-packages/airflow/example_dags/example_bash_operator.py
[2026-07-02T17:00:26.270+0000] {processor.py:830} INFO - Processing file /usr/local/python/3.12.1/lib/python3.12/site-packages/airflow/example_dags/example_bash_operator.py for tasks to queue
[2026-07-02T17:00:26.271+0000] {logging_mixin.py:188} INFO - [2026-07-02T17:00:26.271+0000] {dagbag.py:545} INFO - Filling up the DagBag from /usr/local/python/3.12.1/lib/python3.12/site-packages/airflow/example_dags/example_bash_operator.py
[2026-07-02T17:00:26.282+0000] {processor.py:840} INFO - DAG(s) 'example_bash_operator' retrieved from /usr/local/python/3.12.1/lib/python3.12/site-packages/airflow/example_dags/example_bash_operator.py
[2026-07-02T17:00:26.304+0000] {logging_mixin.py:188} INFO - [2026-07-02T17:00:26.303+0000] {dag.py:3089} INFO - Sync 1 DAGs
[2026-07-02T17:00:26.321+0000] {logging_mixin.py:188} INFO - [2026-07-02T17:00:26.320+0000] {dag.py:3947} INFO - Setting next_dagrun for example_bash_operator to 2026-07-01 00:00:00+00:00, run_after=2026-07-02 00:00:00+00:00
[2026-07-02T17:00:26.346+0000] {processor.py:183} INFO - Processing /usr/local/python/3.12.1/lib/python3.12/site-packages/airflow/example_dags/example_bash_operator.py took 0.081 seconds
[2026-07-02T17:01:27.343+0000] {processor.py:161} INFO - Started process (PID=161634) to work on /usr/local/python/3.12.1/lib/python3.12/site-packages/airflow/example_dags/example_bash_operator.py
[2026-07-02T17:01:27.346+0000] {processor.py:830} INFO - Processing file /usr/local/python/3.12.1/lib/python3.12/site-packages/airflow/example_dags/example_bash_operator.py for tasks to queue
[2026-07-02T17:01:27.348+0000] {logging_mixin.py:188} INFO - [2026-07-02T17:01:27.348+0000] {dagbag.py:545} INFO - Filling up the DagBag from /usr/local/python/3.12.1/lib/python3.12/site-packages/airflow/example_dags/example_bash_operator.py
[2026-07-02T17:01:27.362+0000] {processor.py:840} INFO - DAG(s) 'example_bash_operator' retrieved from /usr/local/python/3.12.1/lib/python3.12/site-packages/airflow/example_dags/example_bash_operator.py
[2026-07-02T17:01:27.383+0000] {logging_mixin.py:188} INFO - [2026-07-02T17:01:27.383+0000] {dag.py:3089} INFO - Sync 1 DAGs
[2026-07-02T17:01:27.403+0000] {logging_mixin.py:188} INFO - [2026-07-02T17:01:27.403+0000] {dag.py:3947} INFO - Setting next_dagrun for example_bash_operator to 2026-07-01 00:00:00+00:00, run_after=2026-07-02 00:00:00+00:00
[2026-07-02T17:01:27.424+0000] {processor.py:183} INFO - Processing /usr/local/python/3.12.1/lib/python3.12/site-packages/airflow/example_dags/example_bash_operator.py took 0.087 seconds
[2026-07-02T17:02:33.273+0000] {processor.py:161} INFO - Started process (PID=162350) to work on /usr/local/python/3.12.1/lib/python3.12/site-packages/airflow/example_dags/example_bash_operator.py
[2026-07-02T17:02:33.274+0000] {processor.py:830} INFO - Processing file /usr/local/python/3.12.1/lib/python3.12/site-packages/airflow/example_dags/example_bash_operator.py for tasks to queue
[2026-07-02T17:02:33.278+0000] {logging_mixin.py:188} INFO - [2026-07-02T17:02:33.278+0000] {dagbag.py:545} INFO - Filling up the DagBag from /usr/local/python/3.12.1/lib/python3.12/site-packages/airflow/example_dags/example_bash_operator.py
[2026-07-02T17:02:33.291+0000] {processor.py:840} INFO - DAG(s) 'example_bash_operator' retrieved from /usr/local/python/3.12.1/lib/python3.12/site-packages/airflow/example_dags/example_bash_operator.py
[2026-07-02T17:02:33.319+0000] {logging_mixin.py:188} INFO - [2026-07-02T17:02:33.319+0000] {dag.py:3089} INFO - Sync 1 DAGs
[2026-07-02T17:02:33.341+0000] {logging_mixin.py:188} INFO - [2026-07-02T17:02:33.341+0000] {dag.py:3947} INFO - Setting next_dagrun for example_bash_operator to 2026-07-01 00:00:00+00:00, run_after=2026-07-02 00:00:00+00:00
[2026-07-02T17:02:33.362+0000] {processor.py:183} INFO - Processing /usr/local/python/3.12.1/lib/python3.12/site-packages/airflow/example_dags/example_bash_operator.py took 0.096 seconds
[2026-07-02T17:03:38.196+0000] {processor.py:161} INFO - Started process (PID=162990) to work on /usr/local/python/3.12.1/lib/python3.12/site-packages/airflow/example_dags/example_bash_operator.py
[2026-07-02T17:03:38.197+0000] {processor.py:830} INFO - Processing file /usr/local/python/3.12.1/lib/python3.12/site-packages/airflow/example_dags/example_bash_operator.py for tasks to queue
[2026-07-02T17:03:38.199+0000] {logging_mixin.py:188} INFO - [2026-07-02T17:03:38.198+0000] {dagbag.py:545} INFO - Filling up the DagBag from /usr/local/python/3.12.1/lib/python3.12/site-packages/airflow/example_dags/example_bash_operator.py
[2026-07-02T17:03:38.207+0000] {processor.py:840} INFO - DAG(s) 'example_bash_operator' retrieved from /usr/local/python/3.12.1/lib/python3.12/site-packages/airflow/example_dags/example_bash_operator.py
[2026-07-02T17:03:38.225+0000] {logging_mixin.py:188} INFO - [2026-07-02T17:03:38.225+0000] {dag.py:3089} INFO - Sync 1 DAGs
[2026-07-02T17:03:38.241+0000] {logging_mixin.py:188} INFO - [2026-07-02T17:03:38.241+0000] {dag.py:3947} INFO - Setting next_dagrun for example_bash_operator to 2026-07-01 00:00:00+00:00, run_after=2026-07-02 00:00:00+00:00
[2026-07-02T17:03:38.258+0000] {processor.py:183} INFO - Processing /usr/local/python/3.12.1/lib/python3.12/site-packages/airflow/example_dags/example_bash_operator.py took 0.067 seconds
[2026-07-02T17:04:40.396+0000] {processor.py:161} INFO - Started process (PID=163663) to work on /usr/local/python/3.12.1/lib/python3.12/site-packages/airflow/example_dags/example_bash_operator.py
[2026-07-02T17:04:40.396+0000] {processor.py:830} INFO - Processing file /usr/local/python/3.12.1/lib/python3.12/site-packages/airflow/example_dags/example_bash_operator.py for tasks to queue
[2026-07-02T17:04:40.398+0000] {logging_mixin.py:188} INFO - [2026-07-02T17:04:40.398+0000] {dagbag.py:545} INFO - Filling up the DagBag from /usr/local/python/3.12.1/lib/python3.12/site-packages/airflow/example_dags/example_bash_operator.py
[2026-07-02T17:04:40.408+0000] {processor.py:840} INFO - DAG(s) 'example_bash_operator' retrieved from /usr/local/python/3.12.1/lib/python3.12/site-packages/airflow/example_dags/example_bash_operator.py
[2026-07-02T17:04:40.426+0000] {logging_mixin.py:188} INFO - [2026-07-02T17:04:40.426+0000] {dag.py:3089} INFO - Sync 1 DAGs
[2026-07-02T17:04:40.442+0000] {logging_mixin.py:188} INFO - [2026-07-02T17:04:40.442+0000] {dag.py:3947} INFO - Setting next_dagrun for example_bash_operator to 2026-07-01 00:00:00+00:00, run_after=2026-07-02 00:00:00+00:00
[2026-07-02T17:04:40.463+0000] {processor.py:183} INFO - Processing /usr/local/python/3.12.1/lib/python3.12/site-packages/airflow/example_dags/example_bash_operator.py took 0.073 seconds
[2026-07-02T17:05:45.933+0000] {processor.py:161} INFO - Started process (PID=164388) to work on /usr/local/python/3.12.1/lib/python3.12/site-packages/airflow/example_dags/example_bash_operator.py
[2026-07-02T17:05:45.933+0000] {processor.py:830} INFO - Processing file /usr/local/python/3.12.1/lib/python3.12/site-packages/airflow/example_dags/example_bash_operator.py for tasks to queue
[2026-07-02T17:05:45.935+0000] {logging_mixin.py:188} INFO - [2026-07-02T17:05:45.934+0000] {dagbag.py:545} INFO - Filling up the DagBag from /usr/local/python/3.12.1/lib/python3.12/site-packages/airflow/example_dags/example_bash_operator.py
[2026-07-02T17:05:45.944+0000] {processor.py:840} INFO - DAG(s) 'example_bash_operator' retrieved from /usr/local/python/3.12.1/lib/python3.12/site-packages/airflow/example_dags/example_bash_operator.py
[2026-07-02T17:05:45.962+0000] {logging_mixin.py:188} INFO - [2026-07-02T17:05:45.961+0000] {dag.py:3089} INFO - Sync 1 DAGs
[2026-07-02T17:05:45.979+0000] {logging_mixin.py:188} INFO - [2026-07-02T17:05:45.979+0000] {dag.py:3947} INFO - Setting next_dagrun for example_bash_operator to 2026-07-01 00:00:00+00:00, run_after=2026-07-02 00:00:00+00:00
[2026-07-02T17:05:46.001+0000] {processor.py:183} INFO - Processing /usr/local/python/3.12.1/lib/python3.12/site-packages/airflow/example_dags/example_bash_operator.py took 0.073 seconds
[2026-07-02T17:06:48.803+0000] {processor.py:161} INFO - Started process (PID=165053) to work on /usr/local/python/3.12.1/lib/python3.12/site-packages/airflow/example_dags/example_bash_operator.py
[2026-07-02T17:06:48.804+0000] {processor.py:830} INFO - Processing file /usr/local/python/3.12.1/lib/python3.12/site-packages/airflow/example_dags/example_bash_operator.py for tasks to queue
[2026-07-02T17:06:48.805+0000] {logging_mixin.py:188} INFO - [2026-07-02T17:06:48.805+0000] {dagbag.py:545} INFO - Filling up the DagBag from /usr/local/python/3.12.1/lib/python3.12/site-packages/airflow/example_dags/example_bash_operator.py
[2026-07-02T17:06:48.814+0000] {processor.py:840} INFO - DAG(s) 'example_bash_operator' retrieved from /usr/local/python/3.12.1/lib/python3.12/site-packages/airflow/example_dags/example_bash_operator.py
[2026-07-02T17:06:48.831+0000] {logging_mixin.py:188} INFO - [2026-07-02T17:06:48.831+0000] {dag.py:3089} INFO - Sync 1 DAGs
[2026-07-02T17:06:48.847+0000] {logging_mixin.py:188} INFO - [2026-07-02T17:06:48.847+0000] {dag.py:3947} INFO - Setting next_dagrun for example_bash_operator to 2026-07-01 00:00:00+00:00, run_after=2026-07-02 00:00:00+00:00
[2026-07-02T17:06:48.867+0000] {processor.py:183} INFO - Processing /usr/local/python/3.12.1/lib/python3.12/site-packages/airflow/example_dags/example_bash_operator.py took 0.068 seconds
[2026-07-02T17:07:51.518+0000] {processor.py:161} INFO - Started process (PID=165716) to work on /usr/local/python/3.12.1/lib/python3.12/site-packages/airflow/example_dags/example_bash_operator.py
[2026-07-02T17:07:51.518+0000] {processor.py:830} INFO - Processing file /usr/local/python/3.12.1/lib/python3.12/site-packages/airflow/example_dags/example_bash_operator.py for tasks to queue
[2026-07-02T17:07:51.520+0000] {logging_mixin.py:188} INFO - [2026-07-02T17:07:51.519+0000] {dagbag.py:545} INFO - Filling up the DagBag from /usr/local/python/3.12.1/lib/python3.12/site-packages/airflow/example_dags/example_bash_operator.py
[2026-07-02T17:07:51.529+0000] {processor.py:840} INFO - DAG(s) 'example_bash_operator' retrieved from /usr/local/python/3.12.1/lib/python3.12/site-packages/airflow/example_dags/example_bash_operator.py
[2026-07-02T17:07:51.546+0000] {logging_mixin.py:188} INFO - [2026-07-02T17:07:51.546+0000] {dag.py:3089} INFO - Sync 1 DAGs
[2026-07-02T17:07:51.563+0000] {logging_mixin.py:188} INFO - [2026-07-02T17:07:51.563+0000] {dag.py:3947} INFO - Setting next_dagrun for example_bash_operator to 2026-07-01 00:00:00+00:00, run_after=2026-07-02 00:00:00+00:00
[2026-07-02T17:07:51.586+0000] {processor.py:183} INFO - Processing /usr/local/python/3.12.1/lib/python3.12/site-packages/airflow/example_dags/example_bash_operator.py took 0.073 seconds
[2026-07-02T17:08:59.864+0000] {processor.py:161} INFO - Started process (PID=166422) to work on /usr/local/python/3.12.1/lib/python3.12/site-packages/airflow/example_dags/example_bash_operator.py
[2026-07-02T17:08:59.864+0000] {processor.py:830} INFO - Processing file /usr/local/python/3.12.1/lib/python3.12/site-packages/airflow/example_dags/example_bash_operator.py for tasks to queue
[2026-07-02T17:08:59.866+0000] {logging_mixin.py:188} INFO - [2026-07-02T17:08:59.866+0000] {dagbag.py:545} INFO - Filling up the DagBag from /usr/local/python/3.12.1/lib/python3.12/site-packages/airflow/example_dags/example_bash_operator.py
[2026-07-02T17:08:59.875+0000] {processor.py:840} INFO - DAG(s) 'example_bash_operator' retrieved from /usr/local/python/3.12.1/lib/python3.12/site-packages/airflow/example_dags/example_bash_operator.py
[2026-07-02T17:08:59.898+0000] {logging_mixin.py:188} INFO - [2026-07-02T17:08:59.898+0000] {dag.py:3089} INFO - Sync 1 DAGs
[2026-07-02T17:08:59.914+0000] {logging_mixin.py:188} INFO - [2026-07-02T17:08:59.913+0000] {dag.py:3947} INFO - Setting next_dagrun for example_bash_operator to 2026-07-01 00:00:00+00:00, run_after=2026-07-02 00:00:00+00:00
[2026-07-02T17:08:59.931+0000] {processor.py:183} INFO - Processing /usr/local/python/3.12.1/lib/python3.12/site-packages/airflow/example_dags/example_bash_operator.py took 0.072 seconds
[2026-07-02T17:10:07.875+0000] {processor.py:161} INFO - Started process (PID=167149) to work on /usr/local/python/3.12.1/lib/python3.12/site-packages/airflow/example_dags/example_bash_operator.py
[2026-07-02T17:10:07.876+0000] {processor.py:830} INFO - Processing file /usr/local/python/3.12.1/lib/python3.12/site-packages/airflow/example_dags/example_bash_operator.py for tasks to queue
[2026-07-02T17:10:07.878+0000] {logging_mixin.py:188} INFO - [2026-07-02T17:10:07.878+0000] {dagbag.py:545} INFO - Filling up the DagBag from /usr/local/python/3.12.1/lib/python3.12/site-packages/airflow/example_dags/example_bash_operator.py
[2026-07-02T17:10:07.914+0000] {processor.py:840} INFO - DAG(s) 'example_bash_operator' retrieved from /usr/local/python/3.12.1/lib/python3.12/site-packages/airflow/example_dags/example_bash_operator.py
[2026-07-02T17:10:07.948+0000] {logging_mixin.py:188} INFO - [2026-07-02T17:10:07.948+0000] {dag.py:3089} INFO - Sync 1 DAGs
[2026-07-02T17:10:07.976+0000] {logging_mixin.py:188} INFO - [2026-07-02T17:10:07.975+0000] {dag.py:3947} INFO - Setting next_dagrun for example_bash_operator to 2026-07-01 00:00:00+00:00, run_after=2026-07-02 00:00:00+00:00
[2026-07-02T17:10:08.130+0000] {processor.py:183} INFO - Processing /usr/local/python/3.12.1/lib/python3.12/site-packages/airflow/example_dags/example_bash_operator.py took 0.267 seconds
[2026-07-02T17:11:16.232+0000] {processor.py:161} INFO - Started process (PID=167881) to work on /usr/local/python/3.12.1/lib/python3.12/site-packages/airflow/example_dags/example_bash_operator.py
[2026-07-02T17:11:16.232+0000] {processor.py:830} INFO - Processing file /usr/local/python/3.12.1/lib/python3.12/site-packages/airflow/example_dags/example_bash_operator.py for tasks to queue
[2026-07-02T17:11:16.234+0000] {logging_mixin.py:188} INFO - [2026-07-02T17:11:16.234+0000] {dagbag.py:545} INFO - Filling up the DagBag from /usr/local/python/3.12.1/lib/python3.12/site-packages/airflow/example_dags/example_bash_operator.py
[2026-07-02T17:11:16.243+0000] {processor.py:840} INFO - DAG(s) 'example_bash_operator' retrieved from /usr/local/python/3.12.1/lib/python3.12/site-packages/airflow/example_dags/example_bash_operator.py
[2026-07-02T17:11:16.261+0000] {logging_mixin.py:188} INFO - [2026-07-02T17:11:16.260+0000] {dag.py:3089} INFO - Sync 1 DAGs
[2026-07-02T17:11:16.279+0000] {logging_mixin.py:188} INFO - [2026-07-02T17:11:16.279+0000] {dag.py:3947} INFO - Setting next_dagrun for example_bash_operator to 2026-07-01 00:00:00+00:00, run_after=2026-07-02 00:00:00+00:00
[2026-07-02T17:11:16.399+0000] {processor.py:183} INFO - Processing /usr/local/python/3.12.1/lib/python3.12/site-packages/airflow/example_dags/example_bash_operator.py took 0.172 seconds
[2026-07-02T17:12:23.166+0000] {processor.py:161} INFO - Started process (PID=168573) to work on /usr/local/python/3.12.1/lib/python3.12/site-packages/airflow/example_dags/example_bash_operator.py
[2026-07-02T17:12:23.167+0000] {processor.py:830} INFO - Processing file /usr/local/python/3.12.1/lib/python3.12/site-packages/airflow/example_dags/example_bash_operator.py for tasks to queue
[2026-07-02T17:12:23.169+0000] {logging_mixin.py:188} INFO - [2026-07-02T17:12:23.168+0000] {dagbag.py:545} INFO - Filling up the DagBag from /usr/local/python/3.12.1/lib/python3.12/site-packages/airflow/example_dags/example_bash_operator.py
[2026-07-02T17:12:23.179+0000] {processor.py:840} INFO - DAG(s) 'example_bash_operator' retrieved from /usr/local/python/3.12.1/lib/python3.12/site-packages/airflow/example_dags/example_bash_operator.py
[2026-07-02T17:12:23.205+0000] {logging_mixin.py:188} INFO - [2026-07-02T17:12:23.205+0000] {dag.py:3089} INFO - Sync 1 DAGs
[2026-07-02T17:12:23.237+0000] {logging_mixin.py:188} INFO - [2026-07-02T17:12:23.237+0000] {dag.py:3947} INFO - Setting next_dagrun for example_bash_operator to 2026-07-01 00:00:00+00:00, run_after=2026-07-02 00:00:00+00:00
[2026-07-02T17:12:23.257+0000] {processor.py:183} INFO - Processing /usr/local/python/3.12.1/lib/python3.12/site-packages/airflow/example_dags/example_bash_operator.py took 0.096 seconds
[2026-07-02T17:13:23.816+0000] {processor.py:161} INFO - Started process (PID=169247) to work on /usr/local/python/3.12.1/lib/python3.12/site-packages/airflow/example_dags/example_bash_operator.py
[2026-07-02T17:13:23.817+0000] {processor.py:830} INFO - Processing file /usr/local/python/3.12.1/lib/python3.12/site-packages/airflow/example_dags/example_bash_operator.py for tasks to queue
[2026-07-02T17:13:23.818+0000] {logging_mixin.py:188} INFO - [2026-07-02T17:13:23.818+0000] {dagbag.py:545} INFO - Filling up the DagBag from /usr/local/python/3.12.1/lib/python3.12/site-packages/airflow/example_dags/example_bash_operator.py
[2026-07-02T17:13:23.827+0000] {processor.py:840} INFO - DAG(s) 'example_bash_operator' retrieved from /usr/local/python/3.12.1/lib/python3.12/site-packages/airflow/example_dags/example_bash_operator.py
[2026-07-02T17:13:23.855+0000] {logging_mixin.py:188} INFO - [2026-07-02T17:13:23.855+0000] {dag.py:3089} INFO - Sync 1 DAGs
[2026-07-02T17:13:23.888+0000] {logging_mixin.py:188} INFO - [2026-07-02T17:13:23.887+0000] {dag.py:3947} INFO - Setting next_dagrun for example_bash_operator to 2026-07-01 00:00:00+00:00, run_after=2026-07-02 00:00:00+00:00
[2026-07-02T17:13:23.907+0000] {processor.py:183} INFO - Processing /usr/local/python/3.12.1/lib/python3.12/site-packages/airflow/example_dags/example_bash_operator.py took 0.096 seconds
[2026-07-02T17:14:28.334+0000] {processor.py:161} INFO - Started process (PID=169917) to work on /usr/local/python/3.12.1/lib/python3.12/site-packages/airflow/example_dags/example_bash_operator.py
[2026-07-02T17:14:28.334+0000] {processor.py:830} INFO - Processing file /usr/local/python/3.12.1/lib/python3.12/site-packages/airflow/example_dags/example_bash_operator.py for tasks to queue
[2026-07-02T17:14:28.336+0000] {logging_mixin.py:188} INFO - [2026-07-02T17:14:28.336+0000] {dagbag.py:545} INFO - Filling up the DagBag from /usr/local/python/3.12.1/lib/python3.12/site-packages/airflow/example_dags/example_bash_operator.py
[2026-07-02T17:14:28.345+0000] {processor.py:840} INFO - DAG(s) 'example_bash_operator' retrieved from /usr/local/python/3.12.1/lib/python3.12/site-packages/airflow/example_dags/example_bash_operator.py
[2026-07-02T17:14:28.362+0000] {logging_mixin.py:188} INFO - [2026-07-02T17:14:28.362+0000] {dag.py:3089} INFO - Sync 1 DAGs
[2026-07-02T17:14:28.380+0000] {logging_mixin.py:188} INFO - [2026-07-02T17:14:28.380+0000] {dag.py:3947} INFO - Setting next_dagrun for example_bash_operator to 2026-07-01 00:00:00+00:00, run_after=2026-07-02 00:00:00+00:00
[2026-07-02T17:14:28.400+0000] {processor.py:183} INFO - Processing /usr/local/python/3.12.1/lib/python3.12/site-packages/airflow/example_dags/example_bash_operator.py took 0.073 seconds
[2026-07-02T17:15:30.777+0000] {processor.py:161} INFO - Started process (PID=170554) to work on /usr/local/python/3.12.1/lib/python3.12/site-packages/airflow/example_dags/example_bash_operator.py
[2026-07-02T17:15:30.778+0000] {processor.py:830} INFO - Processing file /usr/local/python/3.12.1/lib/python3.12/site-packages/airflow/example_dags/example_bash_operator.py for tasks to queue
[2026-07-02T17:15:30.780+0000] {logging_mixin.py:188} INFO - [2026-07-02T17:15:30.779+0000] {dagbag.py:545} INFO - Filling up the DagBag from /usr/local/python/3.12.1/lib/python3.12/site-packages/airflow/example_dags/example_bash_operator.py
[2026-07-02T17:15:30.792+0000] {processor.py:840} INFO - DAG(s) 'example_bash_operator' retrieved from /usr/local/python/3.12.1/lib/python3.12/site-packages/airflow/example_dags/example_bash_operator.py
[2026-07-02T17:15:30.810+0000] {logging_mixin.py:188} INFO - [2026-07-02T17:15:30.810+0000] {dag.py:3089} INFO - Sync 1 DAGs
[2026-07-02T17:15:30.826+0000] {logging_mixin.py:188} INFO - [2026-07-02T17:15:30.826+0000] {dag.py:3947} INFO - Setting next_dagrun for example_bash_operator to 2026-07-01 00:00:00+00:00, run_after=2026-07-02 00:00:00+00:00
[2026-07-02T17:15:30.846+0000] {processor.py:183} INFO - Processing /usr/local/python/3.12.1/lib/python3.12/site-packages/airflow/example_dags/example_bash_operator.py took 0.075 seconds
[2026-07-02T17:16:28.393+0000] {processor.py:161} INFO - Started process (PID=171181) to work on /usr/local/python/3.12.1/lib/python3.12/site-packages/airflow/example_dags/example_bash_operator.py
[2026-07-02T17:16:28.394+0000] {processor.py:830} INFO - Processing file /usr/local/python/3.12.1/lib/python3.12/site-packages/airflow/example_dags/example_bash_operator.py for tasks to queue
[2026-07-02T17:16:28.396+0000] {logging_mixin.py:188} INFO - [2026-07-02T17:16:28.396+0000] {dagbag.py:545} INFO - Filling up the DagBag from /usr/local/python/3.12.1/lib/python3.12/site-packages/airflow/example_dags/example_bash_operator.py
[2026-07-02T17:16:28.406+0000] {processor.py:840} INFO - DAG(s) 'example_bash_operator' retrieved from /usr/local/python/3.12.1/lib/python3.12/site-packages/airflow/example_dags/example_bash_operator.py
[2026-07-02T17:16:28.433+0000] {logging_mixin.py:188} INFO - [2026-07-02T17:16:28.433+0000] {dag.py:3089} INFO - Sync 1 DAGs
[2026-07-02T17:16:28.458+0000] {logging_mixin.py:188} INFO - [2026-07-02T17:16:28.458+0000] {dag.py:3947} INFO - Setting next_dagrun for example_bash_operator to 2026-07-01 00:00:00+00:00, run_after=2026-07-02 00:00:00+00:00
[2026-07-02T17:16:28.479+0000] {processor.py:183} INFO - Processing /usr/local/python/3.12.1/lib/python3.12/site-packages/airflow/example_dags/example_bash_operator.py took 0.092 seconds
[2026-07-02T17:17:30.450+0000] {processor.py:161} INFO - Started process (PID=171848) to work on /usr/local/python/3.12.1/lib/python3.12/site-packages/airflow/example_dags/example_bash_operator.py
[2026-07-02T17:17:30.451+0000] {processor.py:830} INFO - Processing file /usr/local/python/3.12.1/lib/python3.12/site-packages/airflow/example_dags/example_bash_operator.py for tasks to queue
[2026-07-02T17:17:30.453+0000] {logging_mixin.py:188} INFO - [2026-07-02T17:17:30.452+0000] {dagbag.py:545} INFO - Filling up the DagBag from /usr/local/python/3.12.1/lib/python3.12/site-packages/airflow/example_dags/example_bash_operator.py
[2026-07-02T17:17:30.467+0000] {processor.py:840} INFO - DAG(s) 'example_bash_operator' retrieved from /usr/local/python/3.12.1/lib/python3.12/site-packages/airflow/example_dags/example_bash_operator.py
[2026-07-02T17:17:30.493+0000] {logging_mixin.py:188} INFO - [2026-07-02T17:17:30.493+0000] {dag.py:3089} INFO - Sync 1 DAGs
[2026-07-02T17:17:30.510+0000] {logging_mixin.py:188} INFO - [2026-07-02T17:17:30.510+0000] {dag.py:3947} INFO - Setting next_dagrun for example_bash_operator to 2026-07-01 00:00:00+00:00, run_after=2026-07-02 00:00:00+00:00
[2026-07-02T17:17:30.528+0000] {processor.py:183} INFO - Processing /usr/local/python/3.12.1/lib/python3.12/site-packages/airflow/example_dags/example_bash_operator.py took 0.084 seconds
