[2026-07-02T16:24:28.408+0000] {processor.py:161} INFO - Started process (PID=117778) to work on /usr/local/python/3.12.1/lib/python3.12/site-packages/airflow/example_dags/example_sensor_decorator.py
[2026-07-02T16:24:28.408+0000] {processor.py:830} INFO - Processing file /usr/local/python/3.12.1/lib/python3.12/site-packages/airflow/example_dags/example_sensor_decorator.py for tasks to queue
[2026-07-02T16:24:28.410+0000] {logging_mixin.py:188} INFO - [2026-07-02T16:24:28.410+0000] {dagbag.py:545} INFO - Filling up the DagBag from /usr/local/python/3.12.1/lib/python3.12/site-packages/airflow/example_dags/example_sensor_decorator.py
[2026-07-02T16:24:28.417+0000] {processor.py:840} INFO - DAG(s) 'example_sensor_decorator' retrieved from /usr/local/python/3.12.1/lib/python3.12/site-packages/airflow/example_dags/example_sensor_decorator.py
[2026-07-02T16:24:28.501+0000] {logging_mixin.py:188} INFO - [2026-07-02T16:24:28.500+0000] {override.py:1858} INFO - Created Permission View: can delete on DAG:example_sensor_decorator
[2026-07-02T16:24:28.509+0000] {logging_mixin.py:188} INFO - [2026-07-02T16:24:28.509+0000] {override.py:1858} INFO - Created Permission View: can read on DAG:example_sensor_decorator
[2026-07-02T16:24:28.516+0000] {logging_mixin.py:188} INFO - [2026-07-02T16:24:28.515+0000] {override.py:1858} INFO - Created Permission View: can edit on DAG:example_sensor_decorator
[2026-07-02T16:24:28.516+0000] {logging_mixin.py:188} INFO - [2026-07-02T16:24:28.516+0000] {dag.py:3089} INFO - Sync 1 DAGs
[2026-07-02T16:24:28.524+0000] {logging_mixin.py:188} INFO - [2026-07-02T16:24:28.524+0000] {dag.py:3111} INFO - Creating ORM DAG for example_sensor_decorator
[2026-07-02T16:24:28.524+0000] {logging_mixin.py:188} INFO - [2026-07-02T16:24:28.524+0000] {dag.py:3947} INFO - Setting next_dagrun for example_sensor_decorator to None, run_after=None
[2026-07-02T16:24:28.541+0000] {processor.py:183} INFO - Processing /usr/local/python/3.12.1/lib/python3.12/site-packages/airflow/example_dags/example_sensor_decorator.py took 0.139 seconds
[2026-07-02T16:25:22.799+0000] {processor.py:161} INFO - Started process (PID=118569) to work on /usr/local/python/3.12.1/lib/python3.12/site-packages/airflow/example_dags/example_sensor_decorator.py
[2026-07-02T16:25:22.799+0000] {processor.py:830} INFO - Processing file /usr/local/python/3.12.1/lib/python3.12/site-packages/airflow/example_dags/example_sensor_decorator.py for tasks to queue
[2026-07-02T16:25:22.801+0000] {logging_mixin.py:188} INFO - [2026-07-02T16:25:22.801+0000] {dagbag.py:545} INFO - Filling up the DagBag from /usr/local/python/3.12.1/lib/python3.12/site-packages/airflow/example_dags/example_sensor_decorator.py
[2026-07-02T16:25:22.808+0000] {processor.py:840} INFO - DAG(s) 'example_sensor_decorator' retrieved from /usr/local/python/3.12.1/lib/python3.12/site-packages/airflow/example_dags/example_sensor_decorator.py
[2026-07-02T16:25:22.827+0000] {logging_mixin.py:188} INFO - [2026-07-02T16:25:22.827+0000] {dag.py:3089} INFO - Sync 1 DAGs
[2026-07-02T16:25:22.843+0000] {logging_mixin.py:188} INFO - [2026-07-02T16:25:22.843+0000] {dag.py:3947} INFO - Setting next_dagrun for example_sensor_decorator to None, run_after=None
[2026-07-02T16:25:22.870+0000] {processor.py:183} INFO - Processing /usr/local/python/3.12.1/lib/python3.12/site-packages/airflow/example_dags/example_sensor_decorator.py took 0.078 seconds
[2026-07-02T16:26:18.733+0000] {processor.py:161} INFO - Started process (PID=126130) to work on /usr/local/python/3.12.1/lib/python3.12/site-packages/airflow/example_dags/example_sensor_decorator.py
[2026-07-02T16:26:18.735+0000] {processor.py:830} INFO - Processing file /usr/local/python/3.12.1/lib/python3.12/site-packages/airflow/example_dags/example_sensor_decorator.py for tasks to queue
[2026-07-02T16:26:18.737+0000] {logging_mixin.py:188} INFO - [2026-07-02T16:26:18.736+0000] {dagbag.py:545} INFO - Filling up the DagBag from /usr/local/python/3.12.1/lib/python3.12/site-packages/airflow/example_dags/example_sensor_decorator.py
[2026-07-02T16:26:18.744+0000] {processor.py:840} INFO - DAG(s) 'example_sensor_decorator' retrieved from /usr/local/python/3.12.1/lib/python3.12/site-packages/airflow/example_dags/example_sensor_decorator.py
[2026-07-02T16:26:18.761+0000] {logging_mixin.py:188} INFO - [2026-07-02T16:26:18.761+0000] {dag.py:3089} INFO - Sync 1 DAGs
[2026-07-02T16:26:18.775+0000] {logging_mixin.py:188} INFO - [2026-07-02T16:26:18.775+0000] {dag.py:3947} INFO - Setting next_dagrun for example_sensor_decorator to None, run_after=None
[2026-07-02T16:26:18.802+0000] {processor.py:183} INFO - Processing /usr/local/python/3.12.1/lib/python3.12/site-packages/airflow/example_dags/example_sensor_decorator.py took 0.074 seconds
[2026-07-02T16:27:31.341+0000] {processor.py:161} INFO - Started process (PID=128307) to work on /usr/local/python/3.12.1/lib/python3.12/site-packages/airflow/example_dags/example_sensor_decorator.py
[2026-07-02T16:27:31.342+0000] {processor.py:830} INFO - Processing file /usr/local/python/3.12.1/lib/python3.12/site-packages/airflow/example_dags/example_sensor_decorator.py for tasks to queue
[2026-07-02T16:27:31.344+0000] {logging_mixin.py:188} INFO - [2026-07-02T16:27:31.344+0000] {dagbag.py:545} INFO - Filling up the DagBag from /usr/local/python/3.12.1/lib/python3.12/site-packages/airflow/example_dags/example_sensor_decorator.py
[2026-07-02T16:27:31.351+0000] {processor.py:840} INFO - DAG(s) 'example_sensor_decorator' retrieved from /usr/local/python/3.12.1/lib/python3.12/site-packages/airflow/example_dags/example_sensor_decorator.py
[2026-07-02T16:27:31.368+0000] {logging_mixin.py:188} INFO - [2026-07-02T16:27:31.368+0000] {dag.py:3089} INFO - Sync 1 DAGs
[2026-07-02T16:27:31.382+0000] {logging_mixin.py:188} INFO - [2026-07-02T16:27:31.381+0000] {dag.py:3947} INFO - Setting next_dagrun for example_sensor_decorator to None, run_after=None
[2026-07-02T16:27:31.410+0000] {processor.py:183} INFO - Processing /usr/local/python/3.12.1/lib/python3.12/site-packages/airflow/example_dags/example_sensor_decorator.py took 0.075 seconds
[2026-07-02T16:28:26.813+0000] {processor.py:161} INFO - Started process (PID=129062) to work on /usr/local/python/3.12.1/lib/python3.12/site-packages/airflow/example_dags/example_sensor_decorator.py
[2026-07-02T16:28:26.817+0000] {processor.py:830} INFO - Processing file /usr/local/python/3.12.1/lib/python3.12/site-packages/airflow/example_dags/example_sensor_decorator.py for tasks to queue
[2026-07-02T16:28:26.819+0000] {logging_mixin.py:188} INFO - [2026-07-02T16:28:26.818+0000] {dagbag.py:545} INFO - Filling up the DagBag from /usr/local/python/3.12.1/lib/python3.12/site-packages/airflow/example_dags/example_sensor_decorator.py
[2026-07-02T16:28:26.828+0000] {processor.py:840} INFO - DAG(s) 'example_sensor_decorator' retrieved from /usr/local/python/3.12.1/lib/python3.12/site-packages/airflow/example_dags/example_sensor_decorator.py
[2026-07-02T16:28:26.848+0000] {logging_mixin.py:188} INFO - [2026-07-02T16:28:26.848+0000] {dag.py:3089} INFO - Sync 1 DAGs
[2026-07-02T16:28:26.865+0000] {logging_mixin.py:188} INFO - [2026-07-02T16:28:26.865+0000] {dag.py:3947} INFO - Setting next_dagrun for example_sensor_decorator to None, run_after=None
[2026-07-02T16:28:26.918+0000] {processor.py:183} INFO - Processing /usr/local/python/3.12.1/lib/python3.12/site-packages/airflow/example_dags/example_sensor_decorator.py took 0.112 seconds
[2026-07-02T16:29:31.275+0000] {processor.py:161} INFO - Started process (PID=129941) to work on /usr/local/python/3.12.1/lib/python3.12/site-packages/airflow/example_dags/example_sensor_decorator.py
[2026-07-02T16:29:31.276+0000] {processor.py:830} INFO - Processing file /usr/local/python/3.12.1/lib/python3.12/site-packages/airflow/example_dags/example_sensor_decorator.py for tasks to queue
[2026-07-02T16:29:31.278+0000] {logging_mixin.py:188} INFO - [2026-07-02T16:29:31.278+0000] {dagbag.py:545} INFO - Filling up the DagBag from /usr/local/python/3.12.1/lib/python3.12/site-packages/airflow/example_dags/example_sensor_decorator.py
[2026-07-02T16:29:31.285+0000] {processor.py:840} INFO - DAG(s) 'example_sensor_decorator' retrieved from /usr/local/python/3.12.1/lib/python3.12/site-packages/airflow/example_dags/example_sensor_decorator.py
[2026-07-02T16:29:31.708+0000] {logging_mixin.py:188} INFO - [2026-07-02T16:29:31.707+0000] {dag.py:3089} INFO - Sync 1 DAGs
[2026-07-02T16:29:31.724+0000] {logging_mixin.py:188} INFO - [2026-07-02T16:29:31.724+0000] {dag.py:3947} INFO - Setting next_dagrun for example_sensor_decorator to None, run_after=None
[2026-07-02T16:29:31.743+0000] {processor.py:183} INFO - Processing /usr/local/python/3.12.1/lib/python3.12/site-packages/airflow/example_dags/example_sensor_decorator.py took 0.474 seconds
[2026-07-02T16:30:26.750+0000] {processor.py:161} INFO - Started process (PID=130559) to work on /usr/local/python/3.12.1/lib/python3.12/site-packages/airflow/example_dags/example_sensor_decorator.py
[2026-07-02T16:30:26.751+0000] {processor.py:830} INFO - Processing file /usr/local/python/3.12.1/lib/python3.12/site-packages/airflow/example_dags/example_sensor_decorator.py for tasks to queue
[2026-07-02T16:30:26.753+0000] {logging_mixin.py:188} INFO - [2026-07-02T16:30:26.753+0000] {dagbag.py:545} INFO - Filling up the DagBag from /usr/local/python/3.12.1/lib/python3.12/site-packages/airflow/example_dags/example_sensor_decorator.py
[2026-07-02T16:30:26.758+0000] {processor.py:840} INFO - DAG(s) 'example_sensor_decorator' retrieved from /usr/local/python/3.12.1/lib/python3.12/site-packages/airflow/example_dags/example_sensor_decorator.py
[2026-07-02T16:30:26.770+0000] {logging_mixin.py:188} INFO - [2026-07-02T16:30:26.770+0000] {dag.py:3089} INFO - Sync 1 DAGs
[2026-07-02T16:30:26.781+0000] {logging_mixin.py:188} INFO - [2026-07-02T16:30:26.780+0000] {dag.py:3947} INFO - Setting next_dagrun for example_sensor_decorator to None, run_after=None
[2026-07-02T16:30:26.802+0000] {processor.py:183} INFO - Processing /usr/local/python/3.12.1/lib/python3.12/site-packages/airflow/example_dags/example_sensor_decorator.py took 0.057 seconds
[2026-07-02T16:31:17.932+0000] {processor.py:161} INFO - Started process (PID=131104) to work on /usr/local/python/3.12.1/lib/python3.12/site-packages/airflow/example_dags/example_sensor_decorator.py
[2026-07-02T16:31:17.933+0000] {processor.py:830} INFO - Processing file /usr/local/python/3.12.1/lib/python3.12/site-packages/airflow/example_dags/example_sensor_decorator.py for tasks to queue
[2026-07-02T16:31:17.934+0000] {logging_mixin.py:188} INFO - [2026-07-02T16:31:17.934+0000] {dagbag.py:545} INFO - Filling up the DagBag from /usr/local/python/3.12.1/lib/python3.12/site-packages/airflow/example_dags/example_sensor_decorator.py
[2026-07-02T16:31:17.939+0000] {processor.py:840} INFO - DAG(s) 'example_sensor_decorator' retrieved from /usr/local/python/3.12.1/lib/python3.12/site-packages/airflow/example_dags/example_sensor_decorator.py
[2026-07-02T16:31:17.952+0000] {logging_mixin.py:188} INFO - [2026-07-02T16:31:17.951+0000] {dag.py:3089} INFO - Sync 1 DAGs
[2026-07-02T16:31:17.961+0000] {logging_mixin.py:188} INFO - [2026-07-02T16:31:17.961+0000] {dag.py:3947} INFO - Setting next_dagrun for example_sensor_decorator to None, run_after=None
[2026-07-02T16:31:17.979+0000] {processor.py:183} INFO - Processing /usr/local/python/3.12.1/lib/python3.12/site-packages/airflow/example_dags/example_sensor_decorator.py took 0.052 seconds
[2026-07-02T16:32:06.077+0000] {processor.py:161} INFO - Started process (PID=131625) to work on /usr/local/python/3.12.1/lib/python3.12/site-packages/airflow/example_dags/example_sensor_decorator.py
[2026-07-02T16:32:06.078+0000] {processor.py:830} INFO - Processing file /usr/local/python/3.12.1/lib/python3.12/site-packages/airflow/example_dags/example_sensor_decorator.py for tasks to queue
[2026-07-02T16:32:06.080+0000] {logging_mixin.py:188} INFO - [2026-07-02T16:32:06.080+0000] {dagbag.py:545} INFO - Filling up the DagBag from /usr/local/python/3.12.1/lib/python3.12/site-packages/airflow/example_dags/example_sensor_decorator.py
[2026-07-02T16:32:06.087+0000] {processor.py:840} INFO - DAG(s) 'example_sensor_decorator' retrieved from /usr/local/python/3.12.1/lib/python3.12/site-packages/airflow/example_dags/example_sensor_decorator.py
[2026-07-02T16:32:06.100+0000] {logging_mixin.py:188} INFO - [2026-07-02T16:32:06.100+0000] {dag.py:3089} INFO - Sync 1 DAGs
[2026-07-02T16:32:06.110+0000] {logging_mixin.py:188} INFO - [2026-07-02T16:32:06.110+0000] {dag.py:3947} INFO - Setting next_dagrun for example_sensor_decorator to None, run_after=None
[2026-07-02T16:32:06.126+0000] {processor.py:183} INFO - Processing /usr/local/python/3.12.1/lib/python3.12/site-packages/airflow/example_dags/example_sensor_decorator.py took 0.054 seconds
[2026-07-02T16:32:56.921+0000] {processor.py:161} INFO - Started process (PID=133362) to work on /usr/local/python/3.12.1/lib/python3.12/site-packages/airflow/example_dags/example_sensor_decorator.py
[2026-07-02T16:32:56.921+0000] {processor.py:830} INFO - Processing file /usr/local/python/3.12.1/lib/python3.12/site-packages/airflow/example_dags/example_sensor_decorator.py for tasks to queue
[2026-07-02T16:32:56.923+0000] {logging_mixin.py:188} INFO - [2026-07-02T16:32:56.922+0000] {dagbag.py:545} INFO - Filling up the DagBag from /usr/local/python/3.12.1/lib/python3.12/site-packages/airflow/example_dags/example_sensor_decorator.py
[2026-07-02T16:32:56.928+0000] {processor.py:840} INFO - DAG(s) 'example_sensor_decorator' retrieved from /usr/local/python/3.12.1/lib/python3.12/site-packages/airflow/example_dags/example_sensor_decorator.py
[2026-07-02T16:32:56.939+0000] {logging_mixin.py:188} INFO - [2026-07-02T16:32:56.939+0000] {dag.py:3089} INFO - Sync 1 DAGs
[2026-07-02T16:32:56.950+0000] {logging_mixin.py:188} INFO - [2026-07-02T16:32:56.950+0000] {dag.py:3947} INFO - Setting next_dagrun for example_sensor_decorator to None, run_after=None
[2026-07-02T16:32:56.967+0000] {processor.py:183} INFO - Processing /usr/local/python/3.12.1/lib/python3.12/site-packages/airflow/example_dags/example_sensor_decorator.py took 0.050 seconds
[2026-07-02T16:33:46.698+0000] {processor.py:161} INFO - Started process (PID=133931) to work on /usr/local/python/3.12.1/lib/python3.12/site-packages/airflow/example_dags/example_sensor_decorator.py
[2026-07-02T16:33:46.698+0000] {processor.py:830} INFO - Processing file /usr/local/python/3.12.1/lib/python3.12/site-packages/airflow/example_dags/example_sensor_decorator.py for tasks to queue
[2026-07-02T16:33:46.700+0000] {logging_mixin.py:188} INFO - [2026-07-02T16:33:46.699+0000] {dagbag.py:545} INFO - Filling up the DagBag from /usr/local/python/3.12.1/lib/python3.12/site-packages/airflow/example_dags/example_sensor_decorator.py
[2026-07-02T16:33:46.706+0000] {processor.py:840} INFO - DAG(s) 'example_sensor_decorator' retrieved from /usr/local/python/3.12.1/lib/python3.12/site-packages/airflow/example_dags/example_sensor_decorator.py
[2026-07-02T16:33:46.721+0000] {logging_mixin.py:188} INFO - [2026-07-02T16:33:46.721+0000] {dag.py:3089} INFO - Sync 1 DAGs
[2026-07-02T16:33:46.730+0000] {logging_mixin.py:188} INFO - [2026-07-02T16:33:46.730+0000] {dag.py:3947} INFO - Setting next_dagrun for example_sensor_decorator to None, run_after=None
[2026-07-02T16:33:46.749+0000] {processor.py:183} INFO - Processing /usr/local/python/3.12.1/lib/python3.12/site-packages/airflow/example_dags/example_sensor_decorator.py took 0.057 seconds
[2026-07-02T16:34:35.704+0000] {processor.py:161} INFO - Started process (PID=134594) to work on /usr/local/python/3.12.1/lib/python3.12/site-packages/airflow/example_dags/example_sensor_decorator.py
[2026-07-02T16:34:35.705+0000] {processor.py:830} INFO - Processing file /usr/local/python/3.12.1/lib/python3.12/site-packages/airflow/example_dags/example_sensor_decorator.py for tasks to queue
[2026-07-02T16:34:35.706+0000] {logging_mixin.py:188} INFO - [2026-07-02T16:34:35.706+0000] {dagbag.py:545} INFO - Filling up the DagBag from /usr/local/python/3.12.1/lib/python3.12/site-packages/airflow/example_dags/example_sensor_decorator.py
[2026-07-02T16:34:35.712+0000] {processor.py:840} INFO - DAG(s) 'example_sensor_decorator' retrieved from /usr/local/python/3.12.1/lib/python3.12/site-packages/airflow/example_dags/example_sensor_decorator.py
[2026-07-02T16:34:35.728+0000] {logging_mixin.py:188} INFO - [2026-07-02T16:34:35.728+0000] {dag.py:3089} INFO - Sync 1 DAGs
[2026-07-02T16:34:35.742+0000] {logging_mixin.py:188} INFO - [2026-07-02T16:34:35.742+0000] {dag.py:3947} INFO - Setting next_dagrun for example_sensor_decorator to None, run_after=None
[2026-07-02T16:34:35.787+0000] {processor.py:183} INFO - Processing /usr/local/python/3.12.1/lib/python3.12/site-packages/airflow/example_dags/example_sensor_decorator.py took 0.087 seconds
[2026-07-02T16:35:30.468+0000] {processor.py:161} INFO - Started process (PID=136013) to work on /usr/local/python/3.12.1/lib/python3.12/site-packages/airflow/example_dags/example_sensor_decorator.py
[2026-07-02T16:35:30.481+0000] {processor.py:830} INFO - Processing file /usr/local/python/3.12.1/lib/python3.12/site-packages/airflow/example_dags/example_sensor_decorator.py for tasks to queue
[2026-07-02T16:35:30.486+0000] {logging_mixin.py:188} INFO - [2026-07-02T16:35:30.486+0000] {dagbag.py:545} INFO - Filling up the DagBag from /usr/local/python/3.12.1/lib/python3.12/site-packages/airflow/example_dags/example_sensor_decorator.py
[2026-07-02T16:35:30.548+0000] {processor.py:840} INFO - DAG(s) 'example_sensor_decorator' retrieved from /usr/local/python/3.12.1/lib/python3.12/site-packages/airflow/example_dags/example_sensor_decorator.py
[2026-07-02T16:35:30.674+0000] {logging_mixin.py:188} INFO - [2026-07-02T16:35:30.673+0000] {dag.py:3089} INFO - Sync 1 DAGs
[2026-07-02T16:35:30.744+0000] {logging_mixin.py:188} INFO - [2026-07-02T16:35:30.743+0000] {dag.py:3947} INFO - Setting next_dagrun for example_sensor_decorator to None, run_after=None
[2026-07-02T16:35:30.888+0000] {processor.py:183} INFO - Processing /usr/local/python/3.12.1/lib/python3.12/site-packages/airflow/example_dags/example_sensor_decorator.py took 0.437 seconds
[2026-07-02T16:36:25.317+0000] {processor.py:161} INFO - Started process (PID=136757) to work on /usr/local/python/3.12.1/lib/python3.12/site-packages/airflow/example_dags/example_sensor_decorator.py
[2026-07-02T16:36:25.318+0000] {processor.py:830} INFO - Processing file /usr/local/python/3.12.1/lib/python3.12/site-packages/airflow/example_dags/example_sensor_decorator.py for tasks to queue
[2026-07-02T16:36:25.320+0000] {logging_mixin.py:188} INFO - [2026-07-02T16:36:25.320+0000] {dagbag.py:545} INFO - Filling up the DagBag from /usr/local/python/3.12.1/lib/python3.12/site-packages/airflow/example_dags/example_sensor_decorator.py
[2026-07-02T16:36:25.325+0000] {processor.py:840} INFO - DAG(s) 'example_sensor_decorator' retrieved from /usr/local/python/3.12.1/lib/python3.12/site-packages/airflow/example_dags/example_sensor_decorator.py
[2026-07-02T16:36:25.337+0000] {logging_mixin.py:188} INFO - [2026-07-02T16:36:25.337+0000] {dag.py:3089} INFO - Sync 1 DAGs
[2026-07-02T16:36:25.347+0000] {logging_mixin.py:188} INFO - [2026-07-02T16:36:25.347+0000] {dag.py:3947} INFO - Setting next_dagrun for example_sensor_decorator to None, run_after=None
[2026-07-02T16:36:25.363+0000] {processor.py:183} INFO - Processing /usr/local/python/3.12.1/lib/python3.12/site-packages/airflow/example_dags/example_sensor_decorator.py took 0.051 seconds
[2026-07-02T16:37:09.059+0000] {processor.py:161} INFO - Started process (PID=137307) to work on /usr/local/python/3.12.1/lib/python3.12/site-packages/airflow/example_dags/example_sensor_decorator.py
[2026-07-02T16:37:09.060+0000] {processor.py:830} INFO - Processing file /usr/local/python/3.12.1/lib/python3.12/site-packages/airflow/example_dags/example_sensor_decorator.py for tasks to queue
[2026-07-02T16:37:09.062+0000] {logging_mixin.py:188} INFO - [2026-07-02T16:37:09.062+0000] {dagbag.py:545} INFO - Filling up the DagBag from /usr/local/python/3.12.1/lib/python3.12/site-packages/airflow/example_dags/example_sensor_decorator.py
[2026-07-02T16:37:09.068+0000] {processor.py:840} INFO - DAG(s) 'example_sensor_decorator' retrieved from /usr/local/python/3.12.1/lib/python3.12/site-packages/airflow/example_dags/example_sensor_decorator.py
[2026-07-02T16:37:09.082+0000] {logging_mixin.py:188} INFO - [2026-07-02T16:37:09.081+0000] {dag.py:3089} INFO - Sync 1 DAGs
[2026-07-02T16:37:09.093+0000] {logging_mixin.py:188} INFO - [2026-07-02T16:37:09.093+0000] {dag.py:3947} INFO - Setting next_dagrun for example_sensor_decorator to None, run_after=None
[2026-07-02T16:37:09.114+0000] {processor.py:183} INFO - Processing /usr/local/python/3.12.1/lib/python3.12/site-packages/airflow/example_dags/example_sensor_decorator.py took 0.059 seconds
[2026-07-02T16:37:56.861+0000] {processor.py:161} INFO - Started process (PID=138626) to work on /usr/local/python/3.12.1/lib/python3.12/site-packages/airflow/example_dags/example_sensor_decorator.py
[2026-07-02T16:37:56.862+0000] {processor.py:830} INFO - Processing file /usr/local/python/3.12.1/lib/python3.12/site-packages/airflow/example_dags/example_sensor_decorator.py for tasks to queue
[2026-07-02T16:37:56.863+0000] {logging_mixin.py:188} INFO - [2026-07-02T16:37:56.863+0000] {dagbag.py:545} INFO - Filling up the DagBag from /usr/local/python/3.12.1/lib/python3.12/site-packages/airflow/example_dags/example_sensor_decorator.py
[2026-07-02T16:37:56.868+0000] {processor.py:840} INFO - DAG(s) 'example_sensor_decorator' retrieved from /usr/local/python/3.12.1/lib/python3.12/site-packages/airflow/example_dags/example_sensor_decorator.py
[2026-07-02T16:37:56.882+0000] {logging_mixin.py:188} INFO - [2026-07-02T16:37:56.882+0000] {dag.py:3089} INFO - Sync 1 DAGs
[2026-07-02T16:37:56.894+0000] {logging_mixin.py:188} INFO - [2026-07-02T16:37:56.894+0000] {dag.py:3947} INFO - Setting next_dagrun for example_sensor_decorator to None, run_after=None
[2026-07-02T16:37:56.912+0000] {processor.py:183} INFO - Processing /usr/local/python/3.12.1/lib/python3.12/site-packages/airflow/example_dags/example_sensor_decorator.py took 0.055 seconds
[2026-07-02T16:38:43.562+0000] {processor.py:161} INFO - Started process (PID=139657) to work on /usr/local/python/3.12.1/lib/python3.12/site-packages/airflow/example_dags/example_sensor_decorator.py
[2026-07-02T16:38:43.562+0000] {processor.py:830} INFO - Processing file /usr/local/python/3.12.1/lib/python3.12/site-packages/airflow/example_dags/example_sensor_decorator.py for tasks to queue
[2026-07-02T16:38:43.564+0000] {logging_mixin.py:188} INFO - [2026-07-02T16:38:43.563+0000] {dagbag.py:545} INFO - Filling up the DagBag from /usr/local/python/3.12.1/lib/python3.12/site-packages/airflow/example_dags/example_sensor_decorator.py
[2026-07-02T16:38:43.569+0000] {processor.py:840} INFO - DAG(s) 'example_sensor_decorator' retrieved from /usr/local/python/3.12.1/lib/python3.12/site-packages/airflow/example_dags/example_sensor_decorator.py
[2026-07-02T16:38:43.584+0000] {logging_mixin.py:188} INFO - [2026-07-02T16:38:43.584+0000] {dag.py:3089} INFO - Sync 1 DAGs
[2026-07-02T16:38:43.595+0000] {logging_mixin.py:188} INFO - [2026-07-02T16:38:43.595+0000] {dag.py:3947} INFO - Setting next_dagrun for example_sensor_decorator to None, run_after=None
[2026-07-02T16:38:43.616+0000] {processor.py:183} INFO - Processing /usr/local/python/3.12.1/lib/python3.12/site-packages/airflow/example_dags/example_sensor_decorator.py took 0.059 seconds
[2026-07-02T16:39:31.041+0000] {processor.py:161} INFO - Started process (PID=140314) to work on /usr/local/python/3.12.1/lib/python3.12/site-packages/airflow/example_dags/example_sensor_decorator.py
[2026-07-02T16:39:31.045+0000] {processor.py:830} INFO - Processing file /usr/local/python/3.12.1/lib/python3.12/site-packages/airflow/example_dags/example_sensor_decorator.py for tasks to queue
[2026-07-02T16:39:31.049+0000] {logging_mixin.py:188} INFO - [2026-07-02T16:39:31.048+0000] {dagbag.py:545} INFO - Filling up the DagBag from /usr/local/python/3.12.1/lib/python3.12/site-packages/airflow/example_dags/example_sensor_decorator.py
[2026-07-02T16:39:31.064+0000] {processor.py:840} INFO - DAG(s) 'example_sensor_decorator' retrieved from /usr/local/python/3.12.1/lib/python3.12/site-packages/airflow/example_dags/example_sensor_decorator.py
[2026-07-02T16:39:31.089+0000] {logging_mixin.py:188} INFO - [2026-07-02T16:39:31.089+0000] {dag.py:3089} INFO - Sync 1 DAGs
[2026-07-02T16:39:31.109+0000] {logging_mixin.py:188} INFO - [2026-07-02T16:39:31.109+0000] {dag.py:3947} INFO - Setting next_dagrun for example_sensor_decorator to None, run_after=None
[2026-07-02T16:39:31.159+0000] {processor.py:183} INFO - Processing /usr/local/python/3.12.1/lib/python3.12/site-packages/airflow/example_dags/example_sensor_decorator.py took 0.146 seconds
[2026-07-02T16:40:41.822+0000] {processor.py:161} INFO - Started process (PID=141378) to work on /usr/local/python/3.12.1/lib/python3.12/site-packages/airflow/example_dags/example_sensor_decorator.py
[2026-07-02T16:40:41.824+0000] {processor.py:830} INFO - Processing file /usr/local/python/3.12.1/lib/python3.12/site-packages/airflow/example_dags/example_sensor_decorator.py for tasks to queue
[2026-07-02T16:40:41.826+0000] {logging_mixin.py:188} INFO - [2026-07-02T16:40:41.826+0000] {dagbag.py:545} INFO - Filling up the DagBag from /usr/local/python/3.12.1/lib/python3.12/site-packages/airflow/example_dags/example_sensor_decorator.py
[2026-07-02T16:40:41.836+0000] {processor.py:840} INFO - DAG(s) 'example_sensor_decorator' retrieved from /usr/local/python/3.12.1/lib/python3.12/site-packages/airflow/example_dags/example_sensor_decorator.py
[2026-07-02T16:40:41.855+0000] {logging_mixin.py:188} INFO - [2026-07-02T16:40:41.855+0000] {dag.py:3089} INFO - Sync 1 DAGs
[2026-07-02T16:40:41.869+0000] {logging_mixin.py:188} INFO - [2026-07-02T16:40:41.869+0000] {dag.py:3947} INFO - Setting next_dagrun for example_sensor_decorator to None, run_after=None
[2026-07-02T16:40:41.895+0000] {processor.py:183} INFO - Processing /usr/local/python/3.12.1/lib/python3.12/site-packages/airflow/example_dags/example_sensor_decorator.py took 0.092 seconds
[2026-07-02T16:41:35.661+0000] {processor.py:161} INFO - Started process (PID=142193) to work on /usr/local/python/3.12.1/lib/python3.12/site-packages/airflow/example_dags/example_sensor_decorator.py
[2026-07-02T16:41:35.662+0000] {processor.py:830} INFO - Processing file /usr/local/python/3.12.1/lib/python3.12/site-packages/airflow/example_dags/example_sensor_decorator.py for tasks to queue
[2026-07-02T16:41:35.664+0000] {logging_mixin.py:188} INFO - [2026-07-02T16:41:35.663+0000] {dagbag.py:545} INFO - Filling up the DagBag from /usr/local/python/3.12.1/lib/python3.12/site-packages/airflow/example_dags/example_sensor_decorator.py
[2026-07-02T16:41:35.668+0000] {processor.py:840} INFO - DAG(s) 'example_sensor_decorator' retrieved from /usr/local/python/3.12.1/lib/python3.12/site-packages/airflow/example_dags/example_sensor_decorator.py
[2026-07-02T16:41:35.682+0000] {logging_mixin.py:188} INFO - [2026-07-02T16:41:35.681+0000] {dag.py:3089} INFO - Sync 1 DAGs
[2026-07-02T16:41:35.694+0000] {logging_mixin.py:188} INFO - [2026-07-02T16:41:35.694+0000] {dag.py:3947} INFO - Setting next_dagrun for example_sensor_decorator to None, run_after=None
[2026-07-02T16:41:35.712+0000] {processor.py:183} INFO - Processing /usr/local/python/3.12.1/lib/python3.12/site-packages/airflow/example_dags/example_sensor_decorator.py took 0.055 seconds
[2026-07-02T16:42:49.320+0000] {processor.py:161} INFO - Started process (PID=143286) to work on /usr/local/python/3.12.1/lib/python3.12/site-packages/airflow/example_dags/example_sensor_decorator.py
[2026-07-02T16:42:49.325+0000] {processor.py:830} INFO - Processing file /usr/local/python/3.12.1/lib/python3.12/site-packages/airflow/example_dags/example_sensor_decorator.py for tasks to queue
[2026-07-02T16:42:49.328+0000] {logging_mixin.py:188} INFO - [2026-07-02T16:42:49.327+0000] {dagbag.py:545} INFO - Filling up the DagBag from /usr/local/python/3.12.1/lib/python3.12/site-packages/airflow/example_dags/example_sensor_decorator.py
[2026-07-02T16:42:49.335+0000] {processor.py:840} INFO - DAG(s) 'example_sensor_decorator' retrieved from /usr/local/python/3.12.1/lib/python3.12/site-packages/airflow/example_dags/example_sensor_decorator.py
[2026-07-02T16:42:49.353+0000] {logging_mixin.py:188} INFO - [2026-07-02T16:42:49.353+0000] {dag.py:3089} INFO - Sync 1 DAGs
[2026-07-02T16:42:49.374+0000] {logging_mixin.py:188} INFO - [2026-07-02T16:42:49.374+0000] {dag.py:3947} INFO - Setting next_dagrun for example_sensor_decorator to None, run_after=None
[2026-07-02T16:42:49.635+0000] {processor.py:183} INFO - Processing /usr/local/python/3.12.1/lib/python3.12/site-packages/airflow/example_dags/example_sensor_decorator.py took 0.321 seconds
[2026-07-02T16:43:54.921+0000] {processor.py:161} INFO - Started process (PID=144583) to work on /usr/local/python/3.12.1/lib/python3.12/site-packages/airflow/example_dags/example_sensor_decorator.py
[2026-07-02T16:43:54.935+0000] {processor.py:830} INFO - Processing file /usr/local/python/3.12.1/lib/python3.12/site-packages/airflow/example_dags/example_sensor_decorator.py for tasks to queue
[2026-07-02T16:43:54.950+0000] {logging_mixin.py:188} INFO - [2026-07-02T16:43:54.950+0000] {dagbag.py:545} INFO - Filling up the DagBag from /usr/local/python/3.12.1/lib/python3.12/site-packages/airflow/example_dags/example_sensor_decorator.py
[2026-07-02T16:43:55.021+0000] {processor.py:840} INFO - DAG(s) 'example_sensor_decorator' retrieved from /usr/local/python/3.12.1/lib/python3.12/site-packages/airflow/example_dags/example_sensor_decorator.py
[2026-07-02T16:43:55.136+0000] {logging_mixin.py:188} INFO - [2026-07-02T16:43:55.135+0000] {dag.py:3089} INFO - Sync 1 DAGs
[2026-07-02T16:43:55.210+0000] {logging_mixin.py:188} INFO - [2026-07-02T16:43:55.209+0000] {dag.py:3947} INFO - Setting next_dagrun for example_sensor_decorator to None, run_after=None
[2026-07-02T16:43:55.353+0000] {processor.py:183} INFO - Processing /usr/local/python/3.12.1/lib/python3.12/site-packages/airflow/example_dags/example_sensor_decorator.py took 0.560 seconds
[2026-07-02T16:44:56.489+0000] {processor.py:161} INFO - Started process (PID=146565) to work on /usr/local/python/3.12.1/lib/python3.12/site-packages/airflow/example_dags/example_sensor_decorator.py
[2026-07-02T16:44:56.494+0000] {processor.py:830} INFO - Processing file /usr/local/python/3.12.1/lib/python3.12/site-packages/airflow/example_dags/example_sensor_decorator.py for tasks to queue
[2026-07-02T16:44:56.497+0000] {logging_mixin.py:188} INFO - [2026-07-02T16:44:56.496+0000] {dagbag.py:545} INFO - Filling up the DagBag from /usr/local/python/3.12.1/lib/python3.12/site-packages/airflow/example_dags/example_sensor_decorator.py
[2026-07-02T16:44:56.503+0000] {processor.py:840} INFO - DAG(s) 'example_sensor_decorator' retrieved from /usr/local/python/3.12.1/lib/python3.12/site-packages/airflow/example_dags/example_sensor_decorator.py
[2026-07-02T16:44:56.520+0000] {logging_mixin.py:188} INFO - [2026-07-02T16:44:56.520+0000] {dag.py:3089} INFO - Sync 1 DAGs
[2026-07-02T16:44:56.539+0000] {logging_mixin.py:188} INFO - [2026-07-02T16:44:56.538+0000] {dag.py:3947} INFO - Setting next_dagrun for example_sensor_decorator to None, run_after=None
[2026-07-02T16:44:56.589+0000] {processor.py:183} INFO - Processing /usr/local/python/3.12.1/lib/python3.12/site-packages/airflow/example_dags/example_sensor_decorator.py took 0.107 seconds
[2026-07-02T16:46:04.699+0000] {processor.py:161} INFO - Started process (PID=149048) to work on /usr/local/python/3.12.1/lib/python3.12/site-packages/airflow/example_dags/example_sensor_decorator.py
[2026-07-02T16:46:04.732+0000] {processor.py:830} INFO - Processing file /usr/local/python/3.12.1/lib/python3.12/site-packages/airflow/example_dags/example_sensor_decorator.py for tasks to queue
[2026-07-02T16:46:04.735+0000] {logging_mixin.py:188} INFO - [2026-07-02T16:46:04.733+0000] {dagbag.py:545} INFO - Filling up the DagBag from /usr/local/python/3.12.1/lib/python3.12/site-packages/airflow/example_dags/example_sensor_decorator.py
[2026-07-02T16:46:04.749+0000] {processor.py:840} INFO - DAG(s) 'example_sensor_decorator' retrieved from /usr/local/python/3.12.1/lib/python3.12/site-packages/airflow/example_dags/example_sensor_decorator.py
[2026-07-02T16:46:04.804+0000] {logging_mixin.py:188} INFO - [2026-07-02T16:46:04.801+0000] {dag.py:3089} INFO - Sync 1 DAGs
[2026-07-02T16:46:04.832+0000] {logging_mixin.py:188} INFO - [2026-07-02T16:46:04.831+0000] {dag.py:3947} INFO - Setting next_dagrun for example_sensor_decorator to None, run_after=None
[2026-07-02T16:46:04.905+0000] {processor.py:183} INFO - Processing /usr/local/python/3.12.1/lib/python3.12/site-packages/airflow/example_dags/example_sensor_decorator.py took 0.221 seconds
[2026-07-02T16:47:01.019+0000] {processor.py:161} INFO - Started process (PID=151138) to work on /usr/local/python/3.12.1/lib/python3.12/site-packages/airflow/example_dags/example_sensor_decorator.py
[2026-07-02T16:47:01.021+0000] {processor.py:830} INFO - Processing file /usr/local/python/3.12.1/lib/python3.12/site-packages/airflow/example_dags/example_sensor_decorator.py for tasks to queue
[2026-07-02T16:47:01.028+0000] {logging_mixin.py:188} INFO - [2026-07-02T16:47:01.028+0000] {dagbag.py:545} INFO - Filling up the DagBag from /usr/local/python/3.12.1/lib/python3.12/site-packages/airflow/example_dags/example_sensor_decorator.py
[2026-07-02T16:47:01.050+0000] {processor.py:840} INFO - DAG(s) 'example_sensor_decorator' retrieved from /usr/local/python/3.12.1/lib/python3.12/site-packages/airflow/example_dags/example_sensor_decorator.py
[2026-07-02T16:47:01.113+0000] {logging_mixin.py:188} INFO - [2026-07-02T16:47:01.113+0000] {dag.py:3089} INFO - Sync 1 DAGs
[2026-07-02T16:47:01.186+0000] {logging_mixin.py:188} INFO - [2026-07-02T16:47:01.181+0000] {dag.py:3947} INFO - Setting next_dagrun for example_sensor_decorator to None, run_after=None
[2026-07-02T16:47:01.324+0000] {processor.py:183} INFO - Processing /usr/local/python/3.12.1/lib/python3.12/site-packages/airflow/example_dags/example_sensor_decorator.py took 0.326 seconds
[2026-07-02T16:47:59.778+0000] {processor.py:161} INFO - Started process (PID=152377) to work on /usr/local/python/3.12.1/lib/python3.12/site-packages/airflow/example_dags/example_sensor_decorator.py
[2026-07-02T16:47:59.780+0000] {processor.py:830} INFO - Processing file /usr/local/python/3.12.1/lib/python3.12/site-packages/airflow/example_dags/example_sensor_decorator.py for tasks to queue
[2026-07-02T16:47:59.782+0000] {logging_mixin.py:188} INFO - [2026-07-02T16:47:59.782+0000] {dagbag.py:545} INFO - Filling up the DagBag from /usr/local/python/3.12.1/lib/python3.12/site-packages/airflow/example_dags/example_sensor_decorator.py
[2026-07-02T16:47:59.789+0000] {processor.py:840} INFO - DAG(s) 'example_sensor_decorator' retrieved from /usr/local/python/3.12.1/lib/python3.12/site-packages/airflow/example_dags/example_sensor_decorator.py
[2026-07-02T16:47:59.803+0000] {logging_mixin.py:188} INFO - [2026-07-02T16:47:59.802+0000] {dag.py:3089} INFO - Sync 1 DAGs
[2026-07-02T16:47:59.812+0000] {logging_mixin.py:188} INFO - [2026-07-02T16:47:59.812+0000] {dag.py:3947} INFO - Setting next_dagrun for example_sensor_decorator to None, run_after=None
[2026-07-02T16:47:59.829+0000] {processor.py:183} INFO - Processing /usr/local/python/3.12.1/lib/python3.12/site-packages/airflow/example_dags/example_sensor_decorator.py took 0.056 seconds
[2026-07-02T16:48:51.787+0000] {processor.py:161} INFO - Started process (PID=153270) to work on /usr/local/python/3.12.1/lib/python3.12/site-packages/airflow/example_dags/example_sensor_decorator.py
[2026-07-02T16:48:51.788+0000] {processor.py:830} INFO - Processing file /usr/local/python/3.12.1/lib/python3.12/site-packages/airflow/example_dags/example_sensor_decorator.py for tasks to queue
[2026-07-02T16:48:51.791+0000] {logging_mixin.py:188} INFO - [2026-07-02T16:48:51.790+0000] {dagbag.py:545} INFO - Filling up the DagBag from /usr/local/python/3.12.1/lib/python3.12/site-packages/airflow/example_dags/example_sensor_decorator.py
[2026-07-02T16:48:51.798+0000] {processor.py:840} INFO - DAG(s) 'example_sensor_decorator' retrieved from /usr/local/python/3.12.1/lib/python3.12/site-packages/airflow/example_dags/example_sensor_decorator.py
[2026-07-02T16:48:51.818+0000] {logging_mixin.py:188} INFO - [2026-07-02T16:48:51.818+0000] {dag.py:3089} INFO - Sync 1 DAGs
[2026-07-02T16:48:51.831+0000] {logging_mixin.py:188} INFO - [2026-07-02T16:48:51.830+0000] {dag.py:3947} INFO - Setting next_dagrun for example_sensor_decorator to None, run_after=None
[2026-07-02T16:48:51.864+0000] {processor.py:183} INFO - Processing /usr/local/python/3.12.1/lib/python3.12/site-packages/airflow/example_dags/example_sensor_decorator.py took 0.085 seconds
[2026-07-02T16:49:38.107+0000] {processor.py:161} INFO - Started process (PID=153950) to work on /usr/local/python/3.12.1/lib/python3.12/site-packages/airflow/example_dags/example_sensor_decorator.py
[2026-07-02T16:49:38.107+0000] {processor.py:830} INFO - Processing file /usr/local/python/3.12.1/lib/python3.12/site-packages/airflow/example_dags/example_sensor_decorator.py for tasks to queue
[2026-07-02T16:49:38.109+0000] {logging_mixin.py:188} INFO - [2026-07-02T16:49:38.109+0000] {dagbag.py:545} INFO - Filling up the DagBag from /usr/local/python/3.12.1/lib/python3.12/site-packages/airflow/example_dags/example_sensor_decorator.py
[2026-07-02T16:49:38.114+0000] {processor.py:840} INFO - DAG(s) 'example_sensor_decorator' retrieved from /usr/local/python/3.12.1/lib/python3.12/site-packages/airflow/example_dags/example_sensor_decorator.py
[2026-07-02T16:49:38.126+0000] {logging_mixin.py:188} INFO - [2026-07-02T16:49:38.126+0000] {dag.py:3089} INFO - Sync 1 DAGs
[2026-07-02T16:49:38.135+0000] {logging_mixin.py:188} INFO - [2026-07-02T16:49:38.135+0000] {dag.py:3947} INFO - Setting next_dagrun for example_sensor_decorator to None, run_after=None
[2026-07-02T16:49:38.152+0000] {processor.py:183} INFO - Processing /usr/local/python/3.12.1/lib/python3.12/site-packages/airflow/example_dags/example_sensor_decorator.py took 0.050 seconds
[2026-07-02T16:50:24.322+0000] {processor.py:161} INFO - Started process (PID=154519) to work on /usr/local/python/3.12.1/lib/python3.12/site-packages/airflow/example_dags/example_sensor_decorator.py
[2026-07-02T16:50:24.323+0000] {processor.py:830} INFO - Processing file /usr/local/python/3.12.1/lib/python3.12/site-packages/airflow/example_dags/example_sensor_decorator.py for tasks to queue
[2026-07-02T16:50:24.325+0000] {logging_mixin.py:188} INFO - [2026-07-02T16:50:24.325+0000] {dagbag.py:545} INFO - Filling up the DagBag from /usr/local/python/3.12.1/lib/python3.12/site-packages/airflow/example_dags/example_sensor_decorator.py
[2026-07-02T16:50:24.330+0000] {processor.py:840} INFO - DAG(s) 'example_sensor_decorator' retrieved from /usr/local/python/3.12.1/lib/python3.12/site-packages/airflow/example_dags/example_sensor_decorator.py
[2026-07-02T16:50:24.342+0000] {logging_mixin.py:188} INFO - [2026-07-02T16:50:24.342+0000] {dag.py:3089} INFO - Sync 1 DAGs
[2026-07-02T16:50:24.351+0000] {logging_mixin.py:188} INFO - [2026-07-02T16:50:24.351+0000] {dag.py:3947} INFO - Setting next_dagrun for example_sensor_decorator to None, run_after=None
[2026-07-02T16:50:24.368+0000] {processor.py:183} INFO - Processing /usr/local/python/3.12.1/lib/python3.12/site-packages/airflow/example_dags/example_sensor_decorator.py took 0.050 seconds
[2026-07-02T16:51:10.604+0000] {processor.py:161} INFO - Started process (PID=155066) to work on /usr/local/python/3.12.1/lib/python3.12/site-packages/airflow/example_dags/example_sensor_decorator.py
[2026-07-02T16:51:10.605+0000] {processor.py:830} INFO - Processing file /usr/local/python/3.12.1/lib/python3.12/site-packages/airflow/example_dags/example_sensor_decorator.py for tasks to queue
[2026-07-02T16:51:10.606+0000] {logging_mixin.py:188} INFO - [2026-07-02T16:51:10.606+0000] {dagbag.py:545} INFO - Filling up the DagBag from /usr/local/python/3.12.1/lib/python3.12/site-packages/airflow/example_dags/example_sensor_decorator.py
[2026-07-02T16:51:10.611+0000] {processor.py:840} INFO - DAG(s) 'example_sensor_decorator' retrieved from /usr/local/python/3.12.1/lib/python3.12/site-packages/airflow/example_dags/example_sensor_decorator.py
[2026-07-02T16:51:10.623+0000] {logging_mixin.py:188} INFO - [2026-07-02T16:51:10.623+0000] {dag.py:3089} INFO - Sync 1 DAGs
[2026-07-02T16:51:10.633+0000] {logging_mixin.py:188} INFO - [2026-07-02T16:51:10.632+0000] {dag.py:3947} INFO - Setting next_dagrun for example_sensor_decorator to None, run_after=None
[2026-07-02T16:51:10.650+0000] {processor.py:183} INFO - Processing /usr/local/python/3.12.1/lib/python3.12/site-packages/airflow/example_dags/example_sensor_decorator.py took 0.051 seconds
[2026-07-02T16:51:55.049+0000] {processor.py:161} INFO - Started process (PID=155517) to work on /usr/local/python/3.12.1/lib/python3.12/site-packages/airflow/example_dags/example_sensor_decorator.py
[2026-07-02T16:51:55.050+0000] {processor.py:830} INFO - Processing file /usr/local/python/3.12.1/lib/python3.12/site-packages/airflow/example_dags/example_sensor_decorator.py for tasks to queue
[2026-07-02T16:51:55.053+0000] {logging_mixin.py:188} INFO - [2026-07-02T16:51:55.052+0000] {dagbag.py:545} INFO - Filling up the DagBag from /usr/local/python/3.12.1/lib/python3.12/site-packages/airflow/example_dags/example_sensor_decorator.py
[2026-07-02T16:51:55.060+0000] {processor.py:840} INFO - DAG(s) 'example_sensor_decorator' retrieved from /usr/local/python/3.12.1/lib/python3.12/site-packages/airflow/example_dags/example_sensor_decorator.py
[2026-07-02T16:51:55.082+0000] {logging_mixin.py:188} INFO - [2026-07-02T16:51:55.082+0000] {dag.py:3089} INFO - Sync 1 DAGs
[2026-07-02T16:51:55.095+0000] {logging_mixin.py:188} INFO - [2026-07-02T16:51:55.095+0000] {dag.py:3947} INFO - Setting next_dagrun for example_sensor_decorator to None, run_after=None
[2026-07-02T16:51:55.127+0000] {processor.py:183} INFO - Processing /usr/local/python/3.12.1/lib/python3.12/site-packages/airflow/example_dags/example_sensor_decorator.py took 0.086 seconds
[2026-07-02T16:52:56.573+0000] {processor.py:161} INFO - Started process (PID=156186) to work on /usr/local/python/3.12.1/lib/python3.12/site-packages/airflow/example_dags/example_sensor_decorator.py
[2026-07-02T16:52:56.576+0000] {processor.py:830} INFO - Processing file /usr/local/python/3.12.1/lib/python3.12/site-packages/airflow/example_dags/example_sensor_decorator.py for tasks to queue
[2026-07-02T16:52:56.580+0000] {logging_mixin.py:188} INFO - [2026-07-02T16:52:56.579+0000] {dagbag.py:545} INFO - Filling up the DagBag from /usr/local/python/3.12.1/lib/python3.12/site-packages/airflow/example_dags/example_sensor_decorator.py
[2026-07-02T16:52:56.588+0000] {processor.py:840} INFO - DAG(s) 'example_sensor_decorator' retrieved from /usr/local/python/3.12.1/lib/python3.12/site-packages/airflow/example_dags/example_sensor_decorator.py
[2026-07-02T16:52:56.605+0000] {logging_mixin.py:188} INFO - [2026-07-02T16:52:56.605+0000] {dag.py:3089} INFO - Sync 1 DAGs
[2026-07-02T16:52:56.616+0000] {logging_mixin.py:188} INFO - [2026-07-02T16:52:56.616+0000] {dag.py:3947} INFO - Setting next_dagrun for example_sensor_decorator to None, run_after=None
[2026-07-02T16:52:56.635+0000] {processor.py:183} INFO - Processing /usr/local/python/3.12.1/lib/python3.12/site-packages/airflow/example_dags/example_sensor_decorator.py took 0.073 seconds
[2026-07-02T16:53:57.366+0000] {processor.py:161} INFO - Started process (PID=156823) to work on /usr/local/python/3.12.1/lib/python3.12/site-packages/airflow/example_dags/example_sensor_decorator.py
[2026-07-02T16:53:57.367+0000] {processor.py:830} INFO - Processing file /usr/local/python/3.12.1/lib/python3.12/site-packages/airflow/example_dags/example_sensor_decorator.py for tasks to queue
[2026-07-02T16:53:57.369+0000] {logging_mixin.py:188} INFO - [2026-07-02T16:53:57.368+0000] {dagbag.py:545} INFO - Filling up the DagBag from /usr/local/python/3.12.1/lib/python3.12/site-packages/airflow/example_dags/example_sensor_decorator.py
[2026-07-02T16:53:57.374+0000] {processor.py:840} INFO - DAG(s) 'example_sensor_decorator' retrieved from /usr/local/python/3.12.1/lib/python3.12/site-packages/airflow/example_dags/example_sensor_decorator.py
[2026-07-02T16:53:57.390+0000] {logging_mixin.py:188} INFO - [2026-07-02T16:53:57.389+0000] {dag.py:3089} INFO - Sync 1 DAGs
[2026-07-02T16:53:57.400+0000] {logging_mixin.py:188} INFO - [2026-07-02T16:53:57.400+0000] {dag.py:3947} INFO - Setting next_dagrun for example_sensor_decorator to None, run_after=None
[2026-07-02T16:53:57.418+0000] {processor.py:183} INFO - Processing /usr/local/python/3.12.1/lib/python3.12/site-packages/airflow/example_dags/example_sensor_decorator.py took 0.057 seconds
[2026-07-02T16:54:48.872+0000] {processor.py:161} INFO - Started process (PID=157361) to work on /usr/local/python/3.12.1/lib/python3.12/site-packages/airflow/example_dags/example_sensor_decorator.py
[2026-07-02T16:54:48.872+0000] {processor.py:830} INFO - Processing file /usr/local/python/3.12.1/lib/python3.12/site-packages/airflow/example_dags/example_sensor_decorator.py for tasks to queue
[2026-07-02T16:54:48.874+0000] {logging_mixin.py:188} INFO - [2026-07-02T16:54:48.874+0000] {dagbag.py:545} INFO - Filling up the DagBag from /usr/local/python/3.12.1/lib/python3.12/site-packages/airflow/example_dags/example_sensor_decorator.py
[2026-07-02T16:54:48.882+0000] {processor.py:840} INFO - DAG(s) 'example_sensor_decorator' retrieved from /usr/local/python/3.12.1/lib/python3.12/site-packages/airflow/example_dags/example_sensor_decorator.py
[2026-07-02T16:54:48.898+0000] {logging_mixin.py:188} INFO - [2026-07-02T16:54:48.898+0000] {dag.py:3089} INFO - Sync 1 DAGs
[2026-07-02T16:54:48.911+0000] {logging_mixin.py:188} INFO - [2026-07-02T16:54:48.910+0000] {dag.py:3947} INFO - Setting next_dagrun for example_sensor_decorator to None, run_after=None
[2026-07-02T16:54:48.937+0000] {processor.py:183} INFO - Processing /usr/local/python/3.12.1/lib/python3.12/site-packages/airflow/example_dags/example_sensor_decorator.py took 0.071 seconds
[2026-07-02T16:55:50.831+0000] {processor.py:161} INFO - Started process (PID=158034) to work on /usr/local/python/3.12.1/lib/python3.12/site-packages/airflow/example_dags/example_sensor_decorator.py
[2026-07-02T16:55:50.831+0000] {processor.py:830} INFO - Processing file /usr/local/python/3.12.1/lib/python3.12/site-packages/airflow/example_dags/example_sensor_decorator.py for tasks to queue
[2026-07-02T16:55:50.834+0000] {logging_mixin.py:188} INFO - [2026-07-02T16:55:50.833+0000] {dagbag.py:545} INFO - Filling up the DagBag from /usr/local/python/3.12.1/lib/python3.12/site-packages/airflow/example_dags/example_sensor_decorator.py
[2026-07-02T16:55:50.838+0000] {processor.py:840} INFO - DAG(s) 'example_sensor_decorator' retrieved from /usr/local/python/3.12.1/lib/python3.12/site-packages/airflow/example_dags/example_sensor_decorator.py
[2026-07-02T16:55:50.851+0000] {logging_mixin.py:188} INFO - [2026-07-02T16:55:50.850+0000] {dag.py:3089} INFO - Sync 1 DAGs
[2026-07-02T16:55:50.861+0000] {logging_mixin.py:188} INFO - [2026-07-02T16:55:50.860+0000] {dag.py:3947} INFO - Setting next_dagrun for example_sensor_decorator to None, run_after=None
[2026-07-02T16:55:50.880+0000] {processor.py:183} INFO - Processing /usr/local/python/3.12.1/lib/python3.12/site-packages/airflow/example_dags/example_sensor_decorator.py took 0.054 seconds
[2026-07-02T16:56:53.433+0000] {processor.py:161} INFO - Started process (PID=158687) to work on /usr/local/python/3.12.1/lib/python3.12/site-packages/airflow/example_dags/example_sensor_decorator.py
[2026-07-02T16:56:53.434+0000] {processor.py:830} INFO - Processing file /usr/local/python/3.12.1/lib/python3.12/site-packages/airflow/example_dags/example_sensor_decorator.py for tasks to queue
[2026-07-02T16:56:53.435+0000] {logging_mixin.py:188} INFO - [2026-07-02T16:56:53.435+0000] {dagbag.py:545} INFO - Filling up the DagBag from /usr/local/python/3.12.1/lib/python3.12/site-packages/airflow/example_dags/example_sensor_decorator.py
[2026-07-02T16:56:53.441+0000] {processor.py:840} INFO - DAG(s) 'example_sensor_decorator' retrieved from /usr/local/python/3.12.1/lib/python3.12/site-packages/airflow/example_dags/example_sensor_decorator.py
[2026-07-02T16:56:53.453+0000] {logging_mixin.py:188} INFO - [2026-07-02T16:56:53.452+0000] {dag.py:3089} INFO - Sync 1 DAGs
[2026-07-02T16:56:53.461+0000] {logging_mixin.py:188} INFO - [2026-07-02T16:56:53.461+0000] {dag.py:3947} INFO - Setting next_dagrun for example_sensor_decorator to None, run_after=None
[2026-07-02T16:56:53.478+0000] {processor.py:183} INFO - Processing /usr/local/python/3.12.1/lib/python3.12/site-packages/airflow/example_dags/example_sensor_decorator.py took 0.049 seconds
[2026-07-02T16:57:56.368+0000] {processor.py:161} INFO - Started process (PID=159402) to work on /usr/local/python/3.12.1/lib/python3.12/site-packages/airflow/example_dags/example_sensor_decorator.py
[2026-07-02T16:57:56.369+0000] {processor.py:830} INFO - Processing file /usr/local/python/3.12.1/lib/python3.12/site-packages/airflow/example_dags/example_sensor_decorator.py for tasks to queue
[2026-07-02T16:57:56.371+0000] {logging_mixin.py:188} INFO - [2026-07-02T16:57:56.371+0000] {dagbag.py:545} INFO - Filling up the DagBag from /usr/local/python/3.12.1/lib/python3.12/site-packages/airflow/example_dags/example_sensor_decorator.py
[2026-07-02T16:57:56.377+0000] {processor.py:840} INFO - DAG(s) 'example_sensor_decorator' retrieved from /usr/local/python/3.12.1/lib/python3.12/site-packages/airflow/example_dags/example_sensor_decorator.py
[2026-07-02T16:57:56.394+0000] {logging_mixin.py:188} INFO - [2026-07-02T16:57:56.394+0000] {dag.py:3089} INFO - Sync 1 DAGs
[2026-07-02T16:57:56.404+0000] {logging_mixin.py:188} INFO - [2026-07-02T16:57:56.404+0000] {dag.py:3947} INFO - Setting next_dagrun for example_sensor_decorator to None, run_after=None
[2026-07-02T16:57:56.421+0000] {processor.py:183} INFO - Processing /usr/local/python/3.12.1/lib/python3.12/site-packages/airflow/example_dags/example_sensor_decorator.py took 0.061 seconds
[2026-07-02T16:58:58.720+0000] {processor.py:161} INFO - Started process (PID=160074) to work on /usr/local/python/3.12.1/lib/python3.12/site-packages/airflow/example_dags/example_sensor_decorator.py
[2026-07-02T16:58:58.721+0000] {processor.py:830} INFO - Processing file /usr/local/python/3.12.1/lib/python3.12/site-packages/airflow/example_dags/example_sensor_decorator.py for tasks to queue
[2026-07-02T16:58:58.723+0000] {logging_mixin.py:188} INFO - [2026-07-02T16:58:58.723+0000] {dagbag.py:545} INFO - Filling up the DagBag from /usr/local/python/3.12.1/lib/python3.12/site-packages/airflow/example_dags/example_sensor_decorator.py
[2026-07-02T16:58:58.730+0000] {processor.py:840} INFO - DAG(s) 'example_sensor_decorator' retrieved from /usr/local/python/3.12.1/lib/python3.12/site-packages/airflow/example_dags/example_sensor_decorator.py
[2026-07-02T16:58:58.743+0000] {logging_mixin.py:188} INFO - [2026-07-02T16:58:58.742+0000] {dag.py:3089} INFO - Sync 1 DAGs
[2026-07-02T16:58:58.753+0000] {logging_mixin.py:188} INFO - [2026-07-02T16:58:58.752+0000] {dag.py:3947} INFO - Setting next_dagrun for example_sensor_decorator to None, run_after=None
[2026-07-02T16:58:58.770+0000] {processor.py:183} INFO - Processing /usr/local/python/3.12.1/lib/python3.12/site-packages/airflow/example_dags/example_sensor_decorator.py took 0.057 seconds
[2026-07-02T16:59:59.968+0000] {processor.py:161} INFO - Started process (PID=160700) to work on /usr/local/python/3.12.1/lib/python3.12/site-packages/airflow/example_dags/example_sensor_decorator.py
[2026-07-02T16:59:59.969+0000] {processor.py:830} INFO - Processing file /usr/local/python/3.12.1/lib/python3.12/site-packages/airflow/example_dags/example_sensor_decorator.py for tasks to queue
[2026-07-02T16:59:59.970+0000] {logging_mixin.py:188} INFO - [2026-07-02T16:59:59.970+0000] {dagbag.py:545} INFO - Filling up the DagBag from /usr/local/python/3.12.1/lib/python3.12/site-packages/airflow/example_dags/example_sensor_decorator.py
[2026-07-02T16:59:59.976+0000] {processor.py:840} INFO - DAG(s) 'example_sensor_decorator' retrieved from /usr/local/python/3.12.1/lib/python3.12/site-packages/airflow/example_dags/example_sensor_decorator.py
[2026-07-02T16:59:59.993+0000] {logging_mixin.py:188} INFO - [2026-07-02T16:59:59.993+0000] {dag.py:3089} INFO - Sync 1 DAGs
[2026-07-02T17:00:00.004+0000] {logging_mixin.py:188} INFO - [2026-07-02T17:00:00.004+0000] {dag.py:3947} INFO - Setting next_dagrun for example_sensor_decorator to None, run_after=None
[2026-07-02T17:00:00.022+0000] {processor.py:183} INFO - Processing /usr/local/python/3.12.1/lib/python3.12/site-packages/airflow/example_dags/example_sensor_decorator.py took 0.059 seconds
[2026-07-02T17:01:00.627+0000] {processor.py:161} INFO - Started process (PID=161360) to work on /usr/local/python/3.12.1/lib/python3.12/site-packages/airflow/example_dags/example_sensor_decorator.py
[2026-07-02T17:01:00.628+0000] {processor.py:830} INFO - Processing file /usr/local/python/3.12.1/lib/python3.12/site-packages/airflow/example_dags/example_sensor_decorator.py for tasks to queue
[2026-07-02T17:01:00.630+0000] {logging_mixin.py:188} INFO - [2026-07-02T17:01:00.630+0000] {dagbag.py:545} INFO - Filling up the DagBag from /usr/local/python/3.12.1/lib/python3.12/site-packages/airflow/example_dags/example_sensor_decorator.py
[2026-07-02T17:01:00.635+0000] {processor.py:840} INFO - DAG(s) 'example_sensor_decorator' retrieved from /usr/local/python/3.12.1/lib/python3.12/site-packages/airflow/example_dags/example_sensor_decorator.py
[2026-07-02T17:01:00.650+0000] {logging_mixin.py:188} INFO - [2026-07-02T17:01:00.650+0000] {dag.py:3089} INFO - Sync 1 DAGs
[2026-07-02T17:01:00.660+0000] {logging_mixin.py:188} INFO - [2026-07-02T17:01:00.659+0000] {dag.py:3947} INFO - Setting next_dagrun for example_sensor_decorator to None, run_after=None
[2026-07-02T17:01:00.679+0000] {processor.py:183} INFO - Processing /usr/local/python/3.12.1/lib/python3.12/site-packages/airflow/example_dags/example_sensor_decorator.py took 0.056 seconds
[2026-07-02T17:02:04.099+0000] {processor.py:161} INFO - Started process (PID=162031) to work on /usr/local/python/3.12.1/lib/python3.12/site-packages/airflow/example_dags/example_sensor_decorator.py
[2026-07-02T17:02:04.100+0000] {processor.py:830} INFO - Processing file /usr/local/python/3.12.1/lib/python3.12/site-packages/airflow/example_dags/example_sensor_decorator.py for tasks to queue
[2026-07-02T17:02:04.101+0000] {logging_mixin.py:188} INFO - [2026-07-02T17:02:04.101+0000] {dagbag.py:545} INFO - Filling up the DagBag from /usr/local/python/3.12.1/lib/python3.12/site-packages/airflow/example_dags/example_sensor_decorator.py
[2026-07-02T17:02:04.106+0000] {processor.py:840} INFO - DAG(s) 'example_sensor_decorator' retrieved from /usr/local/python/3.12.1/lib/python3.12/site-packages/airflow/example_dags/example_sensor_decorator.py
[2026-07-02T17:02:04.118+0000] {logging_mixin.py:188} INFO - [2026-07-02T17:02:04.118+0000] {dag.py:3089} INFO - Sync 1 DAGs
[2026-07-02T17:02:04.128+0000] {logging_mixin.py:188} INFO - [2026-07-02T17:02:04.127+0000] {dag.py:3947} INFO - Setting next_dagrun for example_sensor_decorator to None, run_after=None
[2026-07-02T17:02:04.146+0000] {processor.py:183} INFO - Processing /usr/local/python/3.12.1/lib/python3.12/site-packages/airflow/example_dags/example_sensor_decorator.py took 0.051 seconds
[2026-07-02T17:02:50.671+0000] {processor.py:161} INFO - Started process (PID=162509) to work on /usr/local/python/3.12.1/lib/python3.12/site-packages/airflow/example_dags/example_sensor_decorator.py
[2026-07-02T17:02:50.672+0000] {processor.py:830} INFO - Processing file /usr/local/python/3.12.1/lib/python3.12/site-packages/airflow/example_dags/example_sensor_decorator.py for tasks to queue
[2026-07-02T17:02:50.674+0000] {logging_mixin.py:188} INFO - [2026-07-02T17:02:50.673+0000] {dagbag.py:545} INFO - Filling up the DagBag from /usr/local/python/3.12.1/lib/python3.12/site-packages/airflow/example_dags/example_sensor_decorator.py
[2026-07-02T17:02:50.680+0000] {processor.py:840} INFO - DAG(s) 'example_sensor_decorator' retrieved from /usr/local/python/3.12.1/lib/python3.12/site-packages/airflow/example_dags/example_sensor_decorator.py
[2026-07-02T17:02:50.696+0000] {logging_mixin.py:188} INFO - [2026-07-02T17:02:50.695+0000] {dag.py:3089} INFO - Sync 1 DAGs
[2026-07-02T17:02:50.705+0000] {logging_mixin.py:188} INFO - [2026-07-02T17:02:50.704+0000] {dag.py:3947} INFO - Setting next_dagrun for example_sensor_decorator to None, run_after=None
[2026-07-02T17:02:50.722+0000] {processor.py:183} INFO - Processing /usr/local/python/3.12.1/lib/python3.12/site-packages/airflow/example_dags/example_sensor_decorator.py took 0.055 seconds
[2026-07-02T17:03:54.743+0000] {processor.py:161} INFO - Started process (PID=163190) to work on /usr/local/python/3.12.1/lib/python3.12/site-packages/airflow/example_dags/example_sensor_decorator.py
[2026-07-02T17:03:54.744+0000] {processor.py:830} INFO - Processing file /usr/local/python/3.12.1/lib/python3.12/site-packages/airflow/example_dags/example_sensor_decorator.py for tasks to queue
[2026-07-02T17:03:54.746+0000] {logging_mixin.py:188} INFO - [2026-07-02T17:03:54.745+0000] {dagbag.py:545} INFO - Filling up the DagBag from /usr/local/python/3.12.1/lib/python3.12/site-packages/airflow/example_dags/example_sensor_decorator.py
[2026-07-02T17:03:54.750+0000] {processor.py:840} INFO - DAG(s) 'example_sensor_decorator' retrieved from /usr/local/python/3.12.1/lib/python3.12/site-packages/airflow/example_dags/example_sensor_decorator.py
[2026-07-02T17:03:54.762+0000] {logging_mixin.py:188} INFO - [2026-07-02T17:03:54.762+0000] {dag.py:3089} INFO - Sync 1 DAGs
[2026-07-02T17:03:54.771+0000] {logging_mixin.py:188} INFO - [2026-07-02T17:03:54.771+0000] {dag.py:3947} INFO - Setting next_dagrun for example_sensor_decorator to None, run_after=None
[2026-07-02T17:03:54.792+0000] {processor.py:183} INFO - Processing /usr/local/python/3.12.1/lib/python3.12/site-packages/airflow/example_dags/example_sensor_decorator.py took 0.053 seconds
[2026-07-02T17:04:56.731+0000] {processor.py:161} INFO - Started process (PID=163873) to work on /usr/local/python/3.12.1/lib/python3.12/site-packages/airflow/example_dags/example_sensor_decorator.py
[2026-07-02T17:04:56.733+0000] {processor.py:830} INFO - Processing file /usr/local/python/3.12.1/lib/python3.12/site-packages/airflow/example_dags/example_sensor_decorator.py for tasks to queue
[2026-07-02T17:04:56.736+0000] {logging_mixin.py:188} INFO - [2026-07-02T17:04:56.734+0000] {dagbag.py:545} INFO - Filling up the DagBag from /usr/local/python/3.12.1/lib/python3.12/site-packages/airflow/example_dags/example_sensor_decorator.py
[2026-07-02T17:04:56.743+0000] {processor.py:840} INFO - DAG(s) 'example_sensor_decorator' retrieved from /usr/local/python/3.12.1/lib/python3.12/site-packages/airflow/example_dags/example_sensor_decorator.py
[2026-07-02T17:04:56.764+0000] {logging_mixin.py:188} INFO - [2026-07-02T17:04:56.764+0000] {dag.py:3089} INFO - Sync 1 DAGs
[2026-07-02T17:04:56.779+0000] {logging_mixin.py:188} INFO - [2026-07-02T17:04:56.779+0000] {dag.py:3947} INFO - Setting next_dagrun for example_sensor_decorator to None, run_after=None
[2026-07-02T17:04:56.803+0000] {processor.py:183} INFO - Processing /usr/local/python/3.12.1/lib/python3.12/site-packages/airflow/example_dags/example_sensor_decorator.py took 0.084 seconds
[2026-07-02T17:06:01.362+0000] {processor.py:161} INFO - Started process (PID=164544) to work on /usr/local/python/3.12.1/lib/python3.12/site-packages/airflow/example_dags/example_sensor_decorator.py
[2026-07-02T17:06:01.363+0000] {processor.py:830} INFO - Processing file /usr/local/python/3.12.1/lib/python3.12/site-packages/airflow/example_dags/example_sensor_decorator.py for tasks to queue
[2026-07-02T17:06:01.365+0000] {logging_mixin.py:188} INFO - [2026-07-02T17:06:01.364+0000] {dagbag.py:545} INFO - Filling up the DagBag from /usr/local/python/3.12.1/lib/python3.12/site-packages/airflow/example_dags/example_sensor_decorator.py
[2026-07-02T17:06:01.369+0000] {processor.py:840} INFO - DAG(s) 'example_sensor_decorator' retrieved from /usr/local/python/3.12.1/lib/python3.12/site-packages/airflow/example_dags/example_sensor_decorator.py
[2026-07-02T17:06:01.385+0000] {logging_mixin.py:188} INFO - [2026-07-02T17:06:01.384+0000] {dag.py:3089} INFO - Sync 1 DAGs
[2026-07-02T17:06:01.398+0000] {logging_mixin.py:188} INFO - [2026-07-02T17:06:01.398+0000] {dag.py:3947} INFO - Setting next_dagrun for example_sensor_decorator to None, run_after=None
[2026-07-02T17:06:01.418+0000] {processor.py:183} INFO - Processing /usr/local/python/3.12.1/lib/python3.12/site-packages/airflow/example_dags/example_sensor_decorator.py took 0.061 seconds
[2026-07-02T17:07:04.219+0000] {processor.py:161} INFO - Started process (PID=165211) to work on /usr/local/python/3.12.1/lib/python3.12/site-packages/airflow/example_dags/example_sensor_decorator.py
[2026-07-02T17:07:04.220+0000] {processor.py:830} INFO - Processing file /usr/local/python/3.12.1/lib/python3.12/site-packages/airflow/example_dags/example_sensor_decorator.py for tasks to queue
[2026-07-02T17:07:04.222+0000] {logging_mixin.py:188} INFO - [2026-07-02T17:07:04.221+0000] {dagbag.py:545} INFO - Filling up the DagBag from /usr/local/python/3.12.1/lib/python3.12/site-packages/airflow/example_dags/example_sensor_decorator.py
[2026-07-02T17:07:04.226+0000] {processor.py:840} INFO - DAG(s) 'example_sensor_decorator' retrieved from /usr/local/python/3.12.1/lib/python3.12/site-packages/airflow/example_dags/example_sensor_decorator.py
[2026-07-02T17:07:04.243+0000] {logging_mixin.py:188} INFO - [2026-07-02T17:07:04.243+0000] {dag.py:3089} INFO - Sync 1 DAGs
[2026-07-02T17:07:04.252+0000] {logging_mixin.py:188} INFO - [2026-07-02T17:07:04.252+0000] {dag.py:3947} INFO - Setting next_dagrun for example_sensor_decorator to None, run_after=None
[2026-07-02T17:07:04.271+0000] {processor.py:183} INFO - Processing /usr/local/python/3.12.1/lib/python3.12/site-packages/airflow/example_dags/example_sensor_decorator.py took 0.056 seconds
[2026-07-02T17:08:07.784+0000] {processor.py:161} INFO - Started process (PID=165903) to work on /usr/local/python/3.12.1/lib/python3.12/site-packages/airflow/example_dags/example_sensor_decorator.py
[2026-07-02T17:08:07.785+0000] {processor.py:830} INFO - Processing file /usr/local/python/3.12.1/lib/python3.12/site-packages/airflow/example_dags/example_sensor_decorator.py for tasks to queue
[2026-07-02T17:08:07.787+0000] {logging_mixin.py:188} INFO - [2026-07-02T17:08:07.787+0000] {dagbag.py:545} INFO - Filling up the DagBag from /usr/local/python/3.12.1/lib/python3.12/site-packages/airflow/example_dags/example_sensor_decorator.py
[2026-07-02T17:08:07.794+0000] {processor.py:840} INFO - DAG(s) 'example_sensor_decorator' retrieved from /usr/local/python/3.12.1/lib/python3.12/site-packages/airflow/example_dags/example_sensor_decorator.py
[2026-07-02T17:08:07.806+0000] {logging_mixin.py:188} INFO - [2026-07-02T17:08:07.806+0000] {dag.py:3089} INFO - Sync 1 DAGs
[2026-07-02T17:08:07.815+0000] {logging_mixin.py:188} INFO - [2026-07-02T17:08:07.814+0000] {dag.py:3947} INFO - Setting next_dagrun for example_sensor_decorator to None, run_after=None
[2026-07-02T17:08:07.836+0000] {processor.py:183} INFO - Processing /usr/local/python/3.12.1/lib/python3.12/site-packages/airflow/example_dags/example_sensor_decorator.py took 0.058 seconds
[2026-07-02T17:08:53.496+0000] {processor.py:161} INFO - Started process (PID=166367) to work on /usr/local/python/3.12.1/lib/python3.12/site-packages/airflow/example_dags/example_sensor_decorator.py
[2026-07-02T17:08:53.497+0000] {processor.py:830} INFO - Processing file /usr/local/python/3.12.1/lib/python3.12/site-packages/airflow/example_dags/example_sensor_decorator.py for tasks to queue
[2026-07-02T17:08:53.499+0000] {logging_mixin.py:188} INFO - [2026-07-02T17:08:53.498+0000] {dagbag.py:545} INFO - Filling up the DagBag from /usr/local/python/3.12.1/lib/python3.12/site-packages/airflow/example_dags/example_sensor_decorator.py
[2026-07-02T17:08:53.504+0000] {processor.py:840} INFO - DAG(s) 'example_sensor_decorator' retrieved from /usr/local/python/3.12.1/lib/python3.12/site-packages/airflow/example_dags/example_sensor_decorator.py
[2026-07-02T17:08:53.516+0000] {logging_mixin.py:188} INFO - [2026-07-02T17:08:53.516+0000] {dag.py:3089} INFO - Sync 1 DAGs
[2026-07-02T17:08:53.528+0000] {logging_mixin.py:188} INFO - [2026-07-02T17:08:53.527+0000] {dag.py:3947} INFO - Setting next_dagrun for example_sensor_decorator to None, run_after=None
[2026-07-02T17:08:53.544+0000] {processor.py:183} INFO - Processing /usr/local/python/3.12.1/lib/python3.12/site-packages/airflow/example_dags/example_sensor_decorator.py took 0.054 seconds
[2026-07-02T17:09:39.045+0000] {processor.py:161} INFO - Started process (PID=166862) to work on /usr/local/python/3.12.1/lib/python3.12/site-packages/airflow/example_dags/example_sensor_decorator.py
[2026-07-02T17:09:39.045+0000] {processor.py:830} INFO - Processing file /usr/local/python/3.12.1/lib/python3.12/site-packages/airflow/example_dags/example_sensor_decorator.py for tasks to queue
[2026-07-02T17:09:39.047+0000] {logging_mixin.py:188} INFO - [2026-07-02T17:09:39.047+0000] {dagbag.py:545} INFO - Filling up the DagBag from /usr/local/python/3.12.1/lib/python3.12/site-packages/airflow/example_dags/example_sensor_decorator.py
[2026-07-02T17:09:39.052+0000] {processor.py:840} INFO - DAG(s) 'example_sensor_decorator' retrieved from /usr/local/python/3.12.1/lib/python3.12/site-packages/airflow/example_dags/example_sensor_decorator.py
[2026-07-02T17:09:39.065+0000] {logging_mixin.py:188} INFO - [2026-07-02T17:09:39.065+0000] {dag.py:3089} INFO - Sync 1 DAGs
[2026-07-02T17:09:39.074+0000] {logging_mixin.py:188} INFO - [2026-07-02T17:09:39.074+0000] {dag.py:3947} INFO - Setting next_dagrun for example_sensor_decorator to None, run_after=None
[2026-07-02T17:09:39.096+0000] {processor.py:183} INFO - Processing /usr/local/python/3.12.1/lib/python3.12/site-packages/airflow/example_dags/example_sensor_decorator.py took 0.056 seconds
[2026-07-02T17:10:26.701+0000] {processor.py:161} INFO - Started process (PID=167355) to work on /usr/local/python/3.12.1/lib/python3.12/site-packages/airflow/example_dags/example_sensor_decorator.py
[2026-07-02T17:10:26.701+0000] {processor.py:830} INFO - Processing file /usr/local/python/3.12.1/lib/python3.12/site-packages/airflow/example_dags/example_sensor_decorator.py for tasks to queue
[2026-07-02T17:10:26.703+0000] {logging_mixin.py:188} INFO - [2026-07-02T17:10:26.703+0000] {dagbag.py:545} INFO - Filling up the DagBag from /usr/local/python/3.12.1/lib/python3.12/site-packages/airflow/example_dags/example_sensor_decorator.py
[2026-07-02T17:10:26.708+0000] {processor.py:840} INFO - DAG(s) 'example_sensor_decorator' retrieved from /usr/local/python/3.12.1/lib/python3.12/site-packages/airflow/example_dags/example_sensor_decorator.py
[2026-07-02T17:10:26.720+0000] {logging_mixin.py:188} INFO - [2026-07-02T17:10:26.720+0000] {dag.py:3089} INFO - Sync 1 DAGs
[2026-07-02T17:10:26.730+0000] {logging_mixin.py:188} INFO - [2026-07-02T17:10:26.730+0000] {dag.py:3947} INFO - Setting next_dagrun for example_sensor_decorator to None, run_after=None
[2026-07-02T17:10:26.849+0000] {processor.py:183} INFO - Processing /usr/local/python/3.12.1/lib/python3.12/site-packages/airflow/example_dags/example_sensor_decorator.py took 0.153 seconds
[2026-07-02T17:11:11.822+0000] {processor.py:161} INFO - Started process (PID=167847) to work on /usr/local/python/3.12.1/lib/python3.12/site-packages/airflow/example_dags/example_sensor_decorator.py
[2026-07-02T17:11:11.823+0000] {processor.py:830} INFO - Processing file /usr/local/python/3.12.1/lib/python3.12/site-packages/airflow/example_dags/example_sensor_decorator.py for tasks to queue
[2026-07-02T17:11:11.824+0000] {logging_mixin.py:188} INFO - [2026-07-02T17:11:11.824+0000] {dagbag.py:545} INFO - Filling up the DagBag from /usr/local/python/3.12.1/lib/python3.12/site-packages/airflow/example_dags/example_sensor_decorator.py
[2026-07-02T17:11:11.830+0000] {processor.py:840} INFO - DAG(s) 'example_sensor_decorator' retrieved from /usr/local/python/3.12.1/lib/python3.12/site-packages/airflow/example_dags/example_sensor_decorator.py
[2026-07-02T17:11:11.842+0000] {logging_mixin.py:188} INFO - [2026-07-02T17:11:11.841+0000] {dag.py:3089} INFO - Sync 1 DAGs
[2026-07-02T17:11:11.851+0000] {logging_mixin.py:188} INFO - [2026-07-02T17:11:11.850+0000] {dag.py:3947} INFO - Setting next_dagrun for example_sensor_decorator to None, run_after=None
[2026-07-02T17:11:11.875+0000] {processor.py:183} INFO - Processing /usr/local/python/3.12.1/lib/python3.12/site-packages/airflow/example_dags/example_sensor_decorator.py took 0.057 seconds
[2026-07-02T17:12:17.722+0000] {processor.py:161} INFO - Started process (PID=168519) to work on /usr/local/python/3.12.1/lib/python3.12/site-packages/airflow/example_dags/example_sensor_decorator.py
[2026-07-02T17:12:17.723+0000] {processor.py:830} INFO - Processing file /usr/local/python/3.12.1/lib/python3.12/site-packages/airflow/example_dags/example_sensor_decorator.py for tasks to queue
[2026-07-02T17:12:17.725+0000] {logging_mixin.py:188} INFO - [2026-07-02T17:12:17.724+0000] {dagbag.py:545} INFO - Filling up the DagBag from /usr/local/python/3.12.1/lib/python3.12/site-packages/airflow/example_dags/example_sensor_decorator.py
[2026-07-02T17:12:17.730+0000] {processor.py:840} INFO - DAG(s) 'example_sensor_decorator' retrieved from /usr/local/python/3.12.1/lib/python3.12/site-packages/airflow/example_dags/example_sensor_decorator.py
[2026-07-02T17:12:17.743+0000] {logging_mixin.py:188} INFO - [2026-07-02T17:12:17.743+0000] {dag.py:3089} INFO - Sync 1 DAGs
[2026-07-02T17:12:17.752+0000] {logging_mixin.py:188} INFO - [2026-07-02T17:12:17.752+0000] {dag.py:3947} INFO - Setting next_dagrun for example_sensor_decorator to None, run_after=None
[2026-07-02T17:12:17.768+0000] {processor.py:183} INFO - Processing /usr/local/python/3.12.1/lib/python3.12/site-packages/airflow/example_dags/example_sensor_decorator.py took 0.051 seconds
[2026-07-02T17:13:17.926+0000] {processor.py:161} INFO - Started process (PID=169191) to work on /usr/local/python/3.12.1/lib/python3.12/site-packages/airflow/example_dags/example_sensor_decorator.py
[2026-07-02T17:13:17.927+0000] {processor.py:830} INFO - Processing file /usr/local/python/3.12.1/lib/python3.12/site-packages/airflow/example_dags/example_sensor_decorator.py for tasks to queue
[2026-07-02T17:13:17.928+0000] {logging_mixin.py:188} INFO - [2026-07-02T17:13:17.928+0000] {dagbag.py:545} INFO - Filling up the DagBag from /usr/local/python/3.12.1/lib/python3.12/site-packages/airflow/example_dags/example_sensor_decorator.py
[2026-07-02T17:13:17.933+0000] {processor.py:840} INFO - DAG(s) 'example_sensor_decorator' retrieved from /usr/local/python/3.12.1/lib/python3.12/site-packages/airflow/example_dags/example_sensor_decorator.py
[2026-07-02T17:13:17.945+0000] {logging_mixin.py:188} INFO - [2026-07-02T17:13:17.945+0000] {dag.py:3089} INFO - Sync 1 DAGs
[2026-07-02T17:13:17.954+0000] {logging_mixin.py:188} INFO - [2026-07-02T17:13:17.954+0000] {dag.py:3947} INFO - Setting next_dagrun for example_sensor_decorator to None, run_after=None
[2026-07-02T17:13:17.974+0000] {processor.py:183} INFO - Processing /usr/local/python/3.12.1/lib/python3.12/site-packages/airflow/example_dags/example_sensor_decorator.py took 0.053 seconds
[2026-07-02T17:14:22.035+0000] {processor.py:161} INFO - Started process (PID=169861) to work on /usr/local/python/3.12.1/lib/python3.12/site-packages/airflow/example_dags/example_sensor_decorator.py
[2026-07-02T17:14:22.035+0000] {processor.py:830} INFO - Processing file /usr/local/python/3.12.1/lib/python3.12/site-packages/airflow/example_dags/example_sensor_decorator.py for tasks to queue
[2026-07-02T17:14:22.037+0000] {logging_mixin.py:188} INFO - [2026-07-02T17:14:22.037+0000] {dagbag.py:545} INFO - Filling up the DagBag from /usr/local/python/3.12.1/lib/python3.12/site-packages/airflow/example_dags/example_sensor_decorator.py
[2026-07-02T17:14:22.043+0000] {processor.py:840} INFO - DAG(s) 'example_sensor_decorator' retrieved from /usr/local/python/3.12.1/lib/python3.12/site-packages/airflow/example_dags/example_sensor_decorator.py
[2026-07-02T17:14:22.055+0000] {logging_mixin.py:188} INFO - [2026-07-02T17:14:22.055+0000] {dag.py:3089} INFO - Sync 1 DAGs
[2026-07-02T17:14:22.064+0000] {logging_mixin.py:188} INFO - [2026-07-02T17:14:22.064+0000] {dag.py:3947} INFO - Setting next_dagrun for example_sensor_decorator to None, run_after=None
[2026-07-02T17:14:22.083+0000] {processor.py:183} INFO - Processing /usr/local/python/3.12.1/lib/python3.12/site-packages/airflow/example_dags/example_sensor_decorator.py took 0.052 seconds
[2026-07-02T17:15:05.677+0000] {processor.py:161} INFO - Started process (PID=170343) to work on /usr/local/python/3.12.1/lib/python3.12/site-packages/airflow/example_dags/example_sensor_decorator.py
[2026-07-02T17:15:05.678+0000] {processor.py:830} INFO - Processing file /usr/local/python/3.12.1/lib/python3.12/site-packages/airflow/example_dags/example_sensor_decorator.py for tasks to queue
[2026-07-02T17:15:05.680+0000] {logging_mixin.py:188} INFO - [2026-07-02T17:15:05.680+0000] {dagbag.py:545} INFO - Filling up the DagBag from /usr/local/python/3.12.1/lib/python3.12/site-packages/airflow/example_dags/example_sensor_decorator.py
[2026-07-02T17:15:05.686+0000] {processor.py:840} INFO - DAG(s) 'example_sensor_decorator' retrieved from /usr/local/python/3.12.1/lib/python3.12/site-packages/airflow/example_dags/example_sensor_decorator.py
[2026-07-02T17:15:05.698+0000] {logging_mixin.py:188} INFO - [2026-07-02T17:15:05.698+0000] {dag.py:3089} INFO - Sync 1 DAGs
[2026-07-02T17:15:05.708+0000] {logging_mixin.py:188} INFO - [2026-07-02T17:15:05.708+0000] {dag.py:3947} INFO - Setting next_dagrun for example_sensor_decorator to None, run_after=None
[2026-07-02T17:15:05.728+0000] {processor.py:183} INFO - Processing /usr/local/python/3.12.1/lib/python3.12/site-packages/airflow/example_dags/example_sensor_decorator.py took 0.056 seconds
[2026-07-02T17:16:01.531+0000] {processor.py:161} INFO - Started process (PID=170872) to work on /usr/local/python/3.12.1/lib/python3.12/site-packages/airflow/example_dags/example_sensor_decorator.py
[2026-07-02T17:16:01.531+0000] {processor.py:830} INFO - Processing file /usr/local/python/3.12.1/lib/python3.12/site-packages/airflow/example_dags/example_sensor_decorator.py for tasks to queue
[2026-07-02T17:16:01.533+0000] {logging_mixin.py:188} INFO - [2026-07-02T17:16:01.533+0000] {dagbag.py:545} INFO - Filling up the DagBag from /usr/local/python/3.12.1/lib/python3.12/site-packages/airflow/example_dags/example_sensor_decorator.py
[2026-07-02T17:16:01.538+0000] {processor.py:840} INFO - DAG(s) 'example_sensor_decorator' retrieved from /usr/local/python/3.12.1/lib/python3.12/site-packages/airflow/example_dags/example_sensor_decorator.py
[2026-07-02T17:16:01.550+0000] {logging_mixin.py:188} INFO - [2026-07-02T17:16:01.550+0000] {dag.py:3089} INFO - Sync 1 DAGs
[2026-07-02T17:16:01.559+0000] {logging_mixin.py:188} INFO - [2026-07-02T17:16:01.558+0000] {dag.py:3947} INFO - Setting next_dagrun for example_sensor_decorator to None, run_after=None
[2026-07-02T17:16:01.579+0000] {processor.py:183} INFO - Processing /usr/local/python/3.12.1/lib/python3.12/site-packages/airflow/example_dags/example_sensor_decorator.py took 0.053 seconds
[2026-07-02T17:17:02.277+0000] {processor.py:161} INFO - Started process (PID=171553) to work on /usr/local/python/3.12.1/lib/python3.12/site-packages/airflow/example_dags/example_sensor_decorator.py
[2026-07-02T17:17:02.277+0000] {processor.py:830} INFO - Processing file /usr/local/python/3.12.1/lib/python3.12/site-packages/airflow/example_dags/example_sensor_decorator.py for tasks to queue
[2026-07-02T17:17:02.279+0000] {logging_mixin.py:188} INFO - [2026-07-02T17:17:02.279+0000] {dagbag.py:545} INFO - Filling up the DagBag from /usr/local/python/3.12.1/lib/python3.12/site-packages/airflow/example_dags/example_sensor_decorator.py
[2026-07-02T17:17:02.286+0000] {processor.py:840} INFO - DAG(s) 'example_sensor_decorator' retrieved from /usr/local/python/3.12.1/lib/python3.12/site-packages/airflow/example_dags/example_sensor_decorator.py
[2026-07-02T17:17:02.301+0000] {logging_mixin.py:188} INFO - [2026-07-02T17:17:02.301+0000] {dag.py:3089} INFO - Sync 1 DAGs
[2026-07-02T17:17:02.310+0000] {logging_mixin.py:188} INFO - [2026-07-02T17:17:02.310+0000] {dag.py:3947} INFO - Setting next_dagrun for example_sensor_decorator to None, run_after=None
[2026-07-02T17:17:02.329+0000] {processor.py:183} INFO - Processing /usr/local/python/3.12.1/lib/python3.12/site-packages/airflow/example_dags/example_sensor_decorator.py took 0.058 seconds
