[2026-07-02T16:24:15.115+0000] {processor.py:161} INFO - Started process (PID=117597) to work on /usr/local/python/3.12.1/lib/python3.12/site-packages/airflow/example_dags/example_sla_dag.py
[2026-07-02T16:24:15.116+0000] {processor.py:830} INFO - Processing file /usr/local/python/3.12.1/lib/python3.12/site-packages/airflow/example_dags/example_sla_dag.py for tasks to queue
[2026-07-02T16:24:15.118+0000] {logging_mixin.py:188} INFO - [2026-07-02T16:24:15.118+0000] {dagbag.py:545} INFO - Filling up the DagBag from /usr/local/python/3.12.1/lib/python3.12/site-packages/airflow/example_dags/example_sla_dag.py
[2026-07-02T16:24:15.131+0000] {processor.py:840} INFO - DAG(s) 'example_sla_dag' retrieved from /usr/local/python/3.12.1/lib/python3.12/site-packages/airflow/example_dags/example_sla_dag.py
[2026-07-02T16:24:15.211+0000] {logging_mixin.py:188} INFO - [2026-07-02T16:24:15.210+0000] {override.py:1858} INFO - Created Permission View: can delete on DAG:example_sla_dag
[2026-07-02T16:24:15.220+0000] {logging_mixin.py:188} INFO - [2026-07-02T16:24:15.219+0000] {override.py:1858} INFO - Created Permission View: can read on DAG:example_sla_dag
[2026-07-02T16:24:15.230+0000] {logging_mixin.py:188} INFO - [2026-07-02T16:24:15.229+0000] {override.py:1858} INFO - Created Permission View: can edit on DAG:example_sla_dag
[2026-07-02T16:24:15.230+0000] {logging_mixin.py:188} INFO - [2026-07-02T16:24:15.230+0000] {dag.py:3089} INFO - Sync 1 DAGs
[2026-07-02T16:24:15.239+0000] {logging_mixin.py:188} INFO - [2026-07-02T16:24:15.239+0000] {dag.py:3111} INFO - Creating ORM DAG for example_sla_dag
[2026-07-02T16:24:15.255+0000] {logging_mixin.py:188} INFO - [2026-07-02T16:24:15.254+0000] {dag.py:3947} INFO - Setting next_dagrun for example_sla_dag to 2026-07-02 16:22:00+00:00, run_after=2026-07-02 16:24:00+00:00
[2026-07-02T16:24:15.270+0000] {processor.py:183} INFO - Processing /usr/local/python/3.12.1/lib/python3.12/site-packages/airflow/example_dags/example_sla_dag.py took 0.159 seconds
[2026-07-02T16:25:10.137+0000] {processor.py:161} INFO - Started process (PID=118354) to work on /usr/local/python/3.12.1/lib/python3.12/site-packages/airflow/example_dags/example_sla_dag.py
[2026-07-02T16:25:10.138+0000] {processor.py:830} INFO - Processing file /usr/local/python/3.12.1/lib/python3.12/site-packages/airflow/example_dags/example_sla_dag.py for tasks to queue
[2026-07-02T16:25:10.139+0000] {logging_mixin.py:188} INFO - [2026-07-02T16:25:10.139+0000] {dagbag.py:545} INFO - Filling up the DagBag from /usr/local/python/3.12.1/lib/python3.12/site-packages/airflow/example_dags/example_sla_dag.py
[2026-07-02T16:25:10.146+0000] {processor.py:840} INFO - DAG(s) 'example_sla_dag' retrieved from /usr/local/python/3.12.1/lib/python3.12/site-packages/airflow/example_dags/example_sla_dag.py
[2026-07-02T16:25:10.159+0000] {logging_mixin.py:188} INFO - [2026-07-02T16:25:10.159+0000] {dag.py:3089} INFO - Sync 1 DAGs
[2026-07-02T16:25:10.177+0000] {logging_mixin.py:188} INFO - [2026-07-02T16:25:10.177+0000] {dag.py:3947} INFO - Setting next_dagrun for example_sla_dag to 2026-07-02 16:22:00+00:00, run_after=2026-07-02 16:24:00+00:00
[2026-07-02T16:25:10.200+0000] {processor.py:183} INFO - Processing /usr/local/python/3.12.1/lib/python3.12/site-packages/airflow/example_dags/example_sla_dag.py took 0.068 seconds
[2026-07-02T16:26:04.120+0000] {processor.py:161} INFO - Started process (PID=123656) to work on /usr/local/python/3.12.1/lib/python3.12/site-packages/airflow/example_dags/example_sla_dag.py
[2026-07-02T16:26:04.123+0000] {processor.py:830} INFO - Processing file /usr/local/python/3.12.1/lib/python3.12/site-packages/airflow/example_dags/example_sla_dag.py for tasks to queue
[2026-07-02T16:26:04.134+0000] {logging_mixin.py:188} INFO - [2026-07-02T16:26:04.131+0000] {dagbag.py:545} INFO - Filling up the DagBag from /usr/local/python/3.12.1/lib/python3.12/site-packages/airflow/example_dags/example_sla_dag.py
[2026-07-02T16:26:04.158+0000] {processor.py:840} INFO - DAG(s) 'example_sla_dag' retrieved from /usr/local/python/3.12.1/lib/python3.12/site-packages/airflow/example_dags/example_sla_dag.py
[2026-07-02T16:26:04.223+0000] {logging_mixin.py:188} INFO - [2026-07-02T16:26:04.217+0000] {dag.py:3089} INFO - Sync 1 DAGs
[2026-07-02T16:26:04.317+0000] {logging_mixin.py:188} INFO - [2026-07-02T16:26:04.317+0000] {dag.py:3947} INFO - Setting next_dagrun for example_sla_dag to 2026-07-02 16:24:00+00:00, run_after=2026-07-02 16:26:00+00:00
[2026-07-02T16:26:04.387+0000] {processor.py:183} INFO - Processing /usr/local/python/3.12.1/lib/python3.12/site-packages/airflow/example_dags/example_sla_dag.py took 0.296 seconds
[2026-07-02T16:27:16.131+0000] {processor.py:161} INFO - Started process (PID=126934) to work on /usr/local/python/3.12.1/lib/python3.12/site-packages/airflow/example_dags/example_sla_dag.py
[2026-07-02T16:27:16.154+0000] {processor.py:830} INFO - Processing file /usr/local/python/3.12.1/lib/python3.12/site-packages/airflow/example_dags/example_sla_dag.py for tasks to queue
[2026-07-02T16:27:16.157+0000] {logging_mixin.py:188} INFO - [2026-07-02T16:27:16.156+0000] {dagbag.py:545} INFO - Filling up the DagBag from /usr/local/python/3.12.1/lib/python3.12/site-packages/airflow/example_dags/example_sla_dag.py
[2026-07-02T16:27:16.191+0000] {processor.py:840} INFO - DAG(s) 'example_sla_dag' retrieved from /usr/local/python/3.12.1/lib/python3.12/site-packages/airflow/example_dags/example_sla_dag.py
[2026-07-02T16:27:16.356+0000] {logging_mixin.py:188} INFO - [2026-07-02T16:27:16.355+0000] {dag.py:3089} INFO - Sync 1 DAGs
[2026-07-02T16:27:16.437+0000] {logging_mixin.py:188} INFO - [2026-07-02T16:27:16.437+0000] {dag.py:3947} INFO - Setting next_dagrun for example_sla_dag to 2026-07-02 16:24:00+00:00, run_after=2026-07-02 16:26:00+00:00
[2026-07-02T16:27:16.525+0000] {processor.py:183} INFO - Processing /usr/local/python/3.12.1/lib/python3.12/site-packages/airflow/example_dags/example_sla_dag.py took 0.401 seconds
[2026-07-02T16:28:12.810+0000] {processor.py:161} INFO - Started process (PID=128866) to work on /usr/local/python/3.12.1/lib/python3.12/site-packages/airflow/example_dags/example_sla_dag.py
[2026-07-02T16:28:12.811+0000] {processor.py:830} INFO - Processing file /usr/local/python/3.12.1/lib/python3.12/site-packages/airflow/example_dags/example_sla_dag.py for tasks to queue
[2026-07-02T16:28:12.812+0000] {logging_mixin.py:188} INFO - [2026-07-02T16:28:12.812+0000] {dagbag.py:545} INFO - Filling up the DagBag from /usr/local/python/3.12.1/lib/python3.12/site-packages/airflow/example_dags/example_sla_dag.py
[2026-07-02T16:28:12.819+0000] {processor.py:840} INFO - DAG(s) 'example_sla_dag' retrieved from /usr/local/python/3.12.1/lib/python3.12/site-packages/airflow/example_dags/example_sla_dag.py
[2026-07-02T16:28:12.831+0000] {logging_mixin.py:188} INFO - [2026-07-02T16:28:12.831+0000] {dag.py:3089} INFO - Sync 1 DAGs
[2026-07-02T16:28:12.851+0000] {logging_mixin.py:188} INFO - [2026-07-02T16:28:12.851+0000] {dag.py:3947} INFO - Setting next_dagrun for example_sla_dag to 2026-07-02 16:26:00+00:00, run_after=2026-07-02 16:28:00+00:00
[2026-07-02T16:28:12.871+0000] {processor.py:183} INFO - Processing /usr/local/python/3.12.1/lib/python3.12/site-packages/airflow/example_dags/example_sla_dag.py took 0.066 seconds
[2026-07-02T16:29:15.742+0000] {processor.py:161} INFO - Started process (PID=129769) to work on /usr/local/python/3.12.1/lib/python3.12/site-packages/airflow/example_dags/example_sla_dag.py
[2026-07-02T16:29:15.743+0000] {processor.py:830} INFO - Processing file /usr/local/python/3.12.1/lib/python3.12/site-packages/airflow/example_dags/example_sla_dag.py for tasks to queue
[2026-07-02T16:29:15.744+0000] {logging_mixin.py:188} INFO - [2026-07-02T16:29:15.744+0000] {dagbag.py:545} INFO - Filling up the DagBag from /usr/local/python/3.12.1/lib/python3.12/site-packages/airflow/example_dags/example_sla_dag.py
[2026-07-02T16:29:15.751+0000] {processor.py:840} INFO - DAG(s) 'example_sla_dag' retrieved from /usr/local/python/3.12.1/lib/python3.12/site-packages/airflow/example_dags/example_sla_dag.py
[2026-07-02T16:29:15.764+0000] {logging_mixin.py:188} INFO - [2026-07-02T16:29:15.764+0000] {dag.py:3089} INFO - Sync 1 DAGs
[2026-07-02T16:29:15.881+0000] {logging_mixin.py:188} INFO - [2026-07-02T16:29:15.881+0000] {dag.py:3947} INFO - Setting next_dagrun for example_sla_dag to 2026-07-02 16:26:00+00:00, run_after=2026-07-02 16:28:00+00:00
[2026-07-02T16:29:15.897+0000] {processor.py:183} INFO - Processing /usr/local/python/3.12.1/lib/python3.12/site-packages/airflow/example_dags/example_sla_dag.py took 0.159 seconds
[2026-07-02T16:30:13.512+0000] {processor.py:161} INFO - Started process (PID=130368) to work on /usr/local/python/3.12.1/lib/python3.12/site-packages/airflow/example_dags/example_sla_dag.py
[2026-07-02T16:30:13.512+0000] {processor.py:830} INFO - Processing file /usr/local/python/3.12.1/lib/python3.12/site-packages/airflow/example_dags/example_sla_dag.py for tasks to queue
[2026-07-02T16:30:13.514+0000] {logging_mixin.py:188} INFO - [2026-07-02T16:30:13.513+0000] {dagbag.py:545} INFO - Filling up the DagBag from /usr/local/python/3.12.1/lib/python3.12/site-packages/airflow/example_dags/example_sla_dag.py
[2026-07-02T16:30:13.521+0000] {processor.py:840} INFO - DAG(s) 'example_sla_dag' retrieved from /usr/local/python/3.12.1/lib/python3.12/site-packages/airflow/example_dags/example_sla_dag.py
[2026-07-02T16:30:13.534+0000] {logging_mixin.py:188} INFO - [2026-07-02T16:30:13.534+0000] {dag.py:3089} INFO - Sync 1 DAGs
[2026-07-02T16:30:13.556+0000] {logging_mixin.py:188} INFO - [2026-07-02T16:30:13.556+0000] {dag.py:3947} INFO - Setting next_dagrun for example_sla_dag to 2026-07-02 16:28:00+00:00, run_after=2026-07-02 16:30:00+00:00
[2026-07-02T16:30:13.586+0000] {processor.py:183} INFO - Processing /usr/local/python/3.12.1/lib/python3.12/site-packages/airflow/example_dags/example_sla_dag.py took 0.079 seconds
[2026-07-02T16:31:04.028+0000] {processor.py:161} INFO - Started process (PID=130943) to work on /usr/local/python/3.12.1/lib/python3.12/site-packages/airflow/example_dags/example_sla_dag.py
[2026-07-02T16:31:04.029+0000] {processor.py:830} INFO - Processing file /usr/local/python/3.12.1/lib/python3.12/site-packages/airflow/example_dags/example_sla_dag.py for tasks to queue
[2026-07-02T16:31:04.031+0000] {logging_mixin.py:188} INFO - [2026-07-02T16:31:04.031+0000] {dagbag.py:545} INFO - Filling up the DagBag from /usr/local/python/3.12.1/lib/python3.12/site-packages/airflow/example_dags/example_sla_dag.py
[2026-07-02T16:31:04.041+0000] {processor.py:840} INFO - DAG(s) 'example_sla_dag' retrieved from /usr/local/python/3.12.1/lib/python3.12/site-packages/airflow/example_dags/example_sla_dag.py
[2026-07-02T16:31:04.058+0000] {logging_mixin.py:188} INFO - [2026-07-02T16:31:04.058+0000] {dag.py:3089} INFO - Sync 1 DAGs
[2026-07-02T16:31:04.085+0000] {logging_mixin.py:188} INFO - [2026-07-02T16:31:04.084+0000] {dag.py:3947} INFO - Setting next_dagrun for example_sla_dag to 2026-07-02 16:28:00+00:00, run_after=2026-07-02 16:30:00+00:00
[2026-07-02T16:31:04.131+0000] {processor.py:183} INFO - Processing /usr/local/python/3.12.1/lib/python3.12/site-packages/airflow/example_dags/example_sla_dag.py took 0.109 seconds
[2026-07-02T16:31:52.639+0000] {processor.py:161} INFO - Started process (PID=131485) to work on /usr/local/python/3.12.1/lib/python3.12/site-packages/airflow/example_dags/example_sla_dag.py
[2026-07-02T16:31:52.643+0000] {processor.py:830} INFO - Processing file /usr/local/python/3.12.1/lib/python3.12/site-packages/airflow/example_dags/example_sla_dag.py for tasks to queue
[2026-07-02T16:31:52.648+0000] {logging_mixin.py:188} INFO - [2026-07-02T16:31:52.647+0000] {dagbag.py:545} INFO - Filling up the DagBag from /usr/local/python/3.12.1/lib/python3.12/site-packages/airflow/example_dags/example_sla_dag.py
[2026-07-02T16:31:52.671+0000] {processor.py:840} INFO - DAG(s) 'example_sla_dag' retrieved from /usr/local/python/3.12.1/lib/python3.12/site-packages/airflow/example_dags/example_sla_dag.py
[2026-07-02T16:31:52.696+0000] {logging_mixin.py:188} INFO - [2026-07-02T16:31:52.696+0000] {dag.py:3089} INFO - Sync 1 DAGs
[2026-07-02T16:31:52.725+0000] {logging_mixin.py:188} INFO - [2026-07-02T16:31:52.724+0000] {dag.py:3947} INFO - Setting next_dagrun for example_sla_dag to 2026-07-02 16:28:00+00:00, run_after=2026-07-02 16:30:00+00:00
[2026-07-02T16:31:52.789+0000] {processor.py:183} INFO - Processing /usr/local/python/3.12.1/lib/python3.12/site-packages/airflow/example_dags/example_sla_dag.py took 0.172 seconds
[2026-07-02T16:32:43.634+0000] {processor.py:161} INFO - Started process (PID=133200) to work on /usr/local/python/3.12.1/lib/python3.12/site-packages/airflow/example_dags/example_sla_dag.py
[2026-07-02T16:32:43.635+0000] {processor.py:830} INFO - Processing file /usr/local/python/3.12.1/lib/python3.12/site-packages/airflow/example_dags/example_sla_dag.py for tasks to queue
[2026-07-02T16:32:43.637+0000] {logging_mixin.py:188} INFO - [2026-07-02T16:32:43.637+0000] {dagbag.py:545} INFO - Filling up the DagBag from /usr/local/python/3.12.1/lib/python3.12/site-packages/airflow/example_dags/example_sla_dag.py
[2026-07-02T16:32:43.647+0000] {processor.py:840} INFO - DAG(s) 'example_sla_dag' retrieved from /usr/local/python/3.12.1/lib/python3.12/site-packages/airflow/example_dags/example_sla_dag.py
[2026-07-02T16:32:43.669+0000] {logging_mixin.py:188} INFO - [2026-07-02T16:32:43.669+0000] {dag.py:3089} INFO - Sync 1 DAGs
[2026-07-02T16:32:43.698+0000] {logging_mixin.py:188} INFO - [2026-07-02T16:32:43.698+0000] {dag.py:3947} INFO - Setting next_dagrun for example_sla_dag to 2026-07-02 16:30:00+00:00, run_after=2026-07-02 16:32:00+00:00
[2026-07-02T16:32:43.722+0000] {processor.py:183} INFO - Processing /usr/local/python/3.12.1/lib/python3.12/site-packages/airflow/example_dags/example_sla_dag.py took 0.094 seconds
[2026-07-02T16:33:33.549+0000] {processor.py:161} INFO - Started process (PID=133776) to work on /usr/local/python/3.12.1/lib/python3.12/site-packages/airflow/example_dags/example_sla_dag.py
[2026-07-02T16:33:33.550+0000] {processor.py:830} INFO - Processing file /usr/local/python/3.12.1/lib/python3.12/site-packages/airflow/example_dags/example_sla_dag.py for tasks to queue
[2026-07-02T16:33:33.551+0000] {logging_mixin.py:188} INFO - [2026-07-02T16:33:33.551+0000] {dagbag.py:545} INFO - Filling up the DagBag from /usr/local/python/3.12.1/lib/python3.12/site-packages/airflow/example_dags/example_sla_dag.py
[2026-07-02T16:33:33.565+0000] {processor.py:840} INFO - DAG(s) 'example_sla_dag' retrieved from /usr/local/python/3.12.1/lib/python3.12/site-packages/airflow/example_dags/example_sla_dag.py
[2026-07-02T16:33:33.582+0000] {logging_mixin.py:188} INFO - [2026-07-02T16:33:33.582+0000] {dag.py:3089} INFO - Sync 1 DAGs
[2026-07-02T16:33:33.607+0000] {logging_mixin.py:188} INFO - [2026-07-02T16:33:33.607+0000] {dag.py:3947} INFO - Setting next_dagrun for example_sla_dag to 2026-07-02 16:30:00+00:00, run_after=2026-07-02 16:32:00+00:00
[2026-07-02T16:33:33.630+0000] {processor.py:183} INFO - Processing /usr/local/python/3.12.1/lib/python3.12/site-packages/airflow/example_dags/example_sla_dag.py took 0.088 seconds
[2026-07-02T16:34:22.967+0000] {processor.py:161} INFO - Started process (PID=134399) to work on /usr/local/python/3.12.1/lib/python3.12/site-packages/airflow/example_dags/example_sla_dag.py
[2026-07-02T16:34:22.968+0000] {processor.py:830} INFO - Processing file /usr/local/python/3.12.1/lib/python3.12/site-packages/airflow/example_dags/example_sla_dag.py for tasks to queue
[2026-07-02T16:34:22.970+0000] {logging_mixin.py:188} INFO - [2026-07-02T16:34:22.970+0000] {dagbag.py:545} INFO - Filling up the DagBag from /usr/local/python/3.12.1/lib/python3.12/site-packages/airflow/example_dags/example_sla_dag.py
[2026-07-02T16:34:22.979+0000] {processor.py:840} INFO - DAG(s) 'example_sla_dag' retrieved from /usr/local/python/3.12.1/lib/python3.12/site-packages/airflow/example_dags/example_sla_dag.py
[2026-07-02T16:34:22.999+0000] {logging_mixin.py:188} INFO - [2026-07-02T16:34:22.999+0000] {dag.py:3089} INFO - Sync 1 DAGs
[2026-07-02T16:34:23.025+0000] {logging_mixin.py:188} INFO - [2026-07-02T16:34:23.025+0000] {dag.py:3947} INFO - Setting next_dagrun for example_sla_dag to 2026-07-02 16:32:00+00:00, run_after=2026-07-02 16:34:00+00:00
[2026-07-02T16:34:23.054+0000] {processor.py:183} INFO - Processing /usr/local/python/3.12.1/lib/python3.12/site-packages/airflow/example_dags/example_sla_dag.py took 0.095 seconds
[2026-07-02T16:35:13.721+0000] {processor.py:161} INFO - Started process (PID=135053) to work on /usr/local/python/3.12.1/lib/python3.12/site-packages/airflow/example_dags/example_sla_dag.py
[2026-07-02T16:35:13.722+0000] {processor.py:830} INFO - Processing file /usr/local/python/3.12.1/lib/python3.12/site-packages/airflow/example_dags/example_sla_dag.py for tasks to queue
[2026-07-02T16:35:13.724+0000] {logging_mixin.py:188} INFO - [2026-07-02T16:35:13.723+0000] {dagbag.py:545} INFO - Filling up the DagBag from /usr/local/python/3.12.1/lib/python3.12/site-packages/airflow/example_dags/example_sla_dag.py
[2026-07-02T16:35:13.734+0000] {processor.py:840} INFO - DAG(s) 'example_sla_dag' retrieved from /usr/local/python/3.12.1/lib/python3.12/site-packages/airflow/example_dags/example_sla_dag.py
[2026-07-02T16:35:13.751+0000] {logging_mixin.py:188} INFO - [2026-07-02T16:35:13.751+0000] {dag.py:3089} INFO - Sync 1 DAGs
[2026-07-02T16:35:13.776+0000] {logging_mixin.py:188} INFO - [2026-07-02T16:35:13.776+0000] {dag.py:3947} INFO - Setting next_dagrun for example_sla_dag to 2026-07-02 16:32:00+00:00, run_after=2026-07-02 16:34:00+00:00
[2026-07-02T16:35:13.805+0000] {processor.py:183} INFO - Processing /usr/local/python/3.12.1/lib/python3.12/site-packages/airflow/example_dags/example_sla_dag.py took 0.090 seconds
[2026-07-02T16:35:59.145+0000] {processor.py:161} INFO - Started process (PID=136431) to work on /usr/local/python/3.12.1/lib/python3.12/site-packages/airflow/example_dags/example_sla_dag.py
[2026-07-02T16:35:59.145+0000] {processor.py:830} INFO - Processing file /usr/local/python/3.12.1/lib/python3.12/site-packages/airflow/example_dags/example_sla_dag.py for tasks to queue
[2026-07-02T16:35:59.147+0000] {logging_mixin.py:188} INFO - [2026-07-02T16:35:59.147+0000] {dagbag.py:545} INFO - Filling up the DagBag from /usr/local/python/3.12.1/lib/python3.12/site-packages/airflow/example_dags/example_sla_dag.py
[2026-07-02T16:35:59.154+0000] {processor.py:840} INFO - DAG(s) 'example_sla_dag' retrieved from /usr/local/python/3.12.1/lib/python3.12/site-packages/airflow/example_dags/example_sla_dag.py
[2026-07-02T16:35:59.166+0000] {logging_mixin.py:188} INFO - [2026-07-02T16:35:59.166+0000] {dag.py:3089} INFO - Sync 1 DAGs
[2026-07-02T16:35:59.186+0000] {logging_mixin.py:188} INFO - [2026-07-02T16:35:59.186+0000] {dag.py:3947} INFO - Setting next_dagrun for example_sla_dag to 2026-07-02 16:32:00+00:00, run_after=2026-07-02 16:34:00+00:00
[2026-07-02T16:35:59.205+0000] {processor.py:183} INFO - Processing /usr/local/python/3.12.1/lib/python3.12/site-packages/airflow/example_dags/example_sla_dag.py took 0.065 seconds
[2026-07-02T16:36:51.229+0000] {processor.py:161} INFO - Started process (PID=137085) to work on /usr/local/python/3.12.1/lib/python3.12/site-packages/airflow/example_dags/example_sla_dag.py
[2026-07-02T16:36:51.232+0000] {processor.py:830} INFO - Processing file /usr/local/python/3.12.1/lib/python3.12/site-packages/airflow/example_dags/example_sla_dag.py for tasks to queue
[2026-07-02T16:36:51.236+0000] {logging_mixin.py:188} INFO - [2026-07-02T16:36:51.235+0000] {dagbag.py:545} INFO - Filling up the DagBag from /usr/local/python/3.12.1/lib/python3.12/site-packages/airflow/example_dags/example_sla_dag.py
[2026-07-02T16:36:51.255+0000] {processor.py:840} INFO - DAG(s) 'example_sla_dag' retrieved from /usr/local/python/3.12.1/lib/python3.12/site-packages/airflow/example_dags/example_sla_dag.py
[2026-07-02T16:36:51.290+0000] {logging_mixin.py:188} INFO - [2026-07-02T16:36:51.290+0000] {dag.py:3089} INFO - Sync 1 DAGs
[2026-07-02T16:36:51.357+0000] {logging_mixin.py:188} INFO - [2026-07-02T16:36:51.357+0000] {dag.py:3947} INFO - Setting next_dagrun for example_sla_dag to 2026-07-02 16:34:00+00:00, run_after=2026-07-02 16:36:00+00:00
[2026-07-02T16:36:51.526+0000] {processor.py:183} INFO - Processing /usr/local/python/3.12.1/lib/python3.12/site-packages/airflow/example_dags/example_sla_dag.py took 0.310 seconds
[2026-07-02T16:37:42.774+0000] {processor.py:161} INFO - Started process (PID=138424) to work on /usr/local/python/3.12.1/lib/python3.12/site-packages/airflow/example_dags/example_sla_dag.py
[2026-07-02T16:37:42.775+0000] {processor.py:830} INFO - Processing file /usr/local/python/3.12.1/lib/python3.12/site-packages/airflow/example_dags/example_sla_dag.py for tasks to queue
[2026-07-02T16:37:42.777+0000] {logging_mixin.py:188} INFO - [2026-07-02T16:37:42.777+0000] {dagbag.py:545} INFO - Filling up the DagBag from /usr/local/python/3.12.1/lib/python3.12/site-packages/airflow/example_dags/example_sla_dag.py
[2026-07-02T16:37:42.786+0000] {processor.py:840} INFO - DAG(s) 'example_sla_dag' retrieved from /usr/local/python/3.12.1/lib/python3.12/site-packages/airflow/example_dags/example_sla_dag.py
[2026-07-02T16:37:42.800+0000] {logging_mixin.py:188} INFO - [2026-07-02T16:37:42.800+0000] {dag.py:3089} INFO - Sync 1 DAGs
[2026-07-02T16:37:42.817+0000] {logging_mixin.py:188} INFO - [2026-07-02T16:37:42.817+0000] {dag.py:3947} INFO - Setting next_dagrun for example_sla_dag to 2026-07-02 16:34:00+00:00, run_after=2026-07-02 16:36:00+00:00
[2026-07-02T16:37:42.835+0000] {processor.py:183} INFO - Processing /usr/local/python/3.12.1/lib/python3.12/site-packages/airflow/example_dags/example_sla_dag.py took 0.066 seconds
[2026-07-02T16:38:30.042+0000] {processor.py:161} INFO - Started process (PID=139475) to work on /usr/local/python/3.12.1/lib/python3.12/site-packages/airflow/example_dags/example_sla_dag.py
[2026-07-02T16:38:30.043+0000] {processor.py:830} INFO - Processing file /usr/local/python/3.12.1/lib/python3.12/site-packages/airflow/example_dags/example_sla_dag.py for tasks to queue
[2026-07-02T16:38:30.044+0000] {logging_mixin.py:188} INFO - [2026-07-02T16:38:30.044+0000] {dagbag.py:545} INFO - Filling up the DagBag from /usr/local/python/3.12.1/lib/python3.12/site-packages/airflow/example_dags/example_sla_dag.py
[2026-07-02T16:38:30.051+0000] {processor.py:840} INFO - DAG(s) 'example_sla_dag' retrieved from /usr/local/python/3.12.1/lib/python3.12/site-packages/airflow/example_dags/example_sla_dag.py
[2026-07-02T16:38:30.063+0000] {logging_mixin.py:188} INFO - [2026-07-02T16:38:30.063+0000] {dag.py:3089} INFO - Sync 1 DAGs
[2026-07-02T16:38:30.080+0000] {logging_mixin.py:188} INFO - [2026-07-02T16:38:30.080+0000] {dag.py:3947} INFO - Setting next_dagrun for example_sla_dag to 2026-07-02 16:36:00+00:00, run_after=2026-07-02 16:38:00+00:00
[2026-07-02T16:38:30.097+0000] {processor.py:183} INFO - Processing /usr/local/python/3.12.1/lib/python3.12/site-packages/airflow/example_dags/example_sla_dag.py took 0.060 seconds
[2026-07-02T16:39:17.582+0000] {processor.py:161} INFO - Started process (PID=140090) to work on /usr/local/python/3.12.1/lib/python3.12/site-packages/airflow/example_dags/example_sla_dag.py
[2026-07-02T16:39:17.583+0000] {processor.py:830} INFO - Processing file /usr/local/python/3.12.1/lib/python3.12/site-packages/airflow/example_dags/example_sla_dag.py for tasks to queue
[2026-07-02T16:39:17.585+0000] {logging_mixin.py:188} INFO - [2026-07-02T16:39:17.585+0000] {dagbag.py:545} INFO - Filling up the DagBag from /usr/local/python/3.12.1/lib/python3.12/site-packages/airflow/example_dags/example_sla_dag.py
[2026-07-02T16:39:17.594+0000] {processor.py:840} INFO - DAG(s) 'example_sla_dag' retrieved from /usr/local/python/3.12.1/lib/python3.12/site-packages/airflow/example_dags/example_sla_dag.py
[2026-07-02T16:39:17.610+0000] {logging_mixin.py:188} INFO - [2026-07-02T16:39:17.609+0000] {dag.py:3089} INFO - Sync 1 DAGs
[2026-07-02T16:39:17.626+0000] {logging_mixin.py:188} INFO - [2026-07-02T16:39:17.626+0000] {dag.py:3947} INFO - Setting next_dagrun for example_sla_dag to 2026-07-02 16:36:00+00:00, run_after=2026-07-02 16:38:00+00:00
[2026-07-02T16:39:17.643+0000] {processor.py:183} INFO - Processing /usr/local/python/3.12.1/lib/python3.12/site-packages/airflow/example_dags/example_sla_dag.py took 0.069 seconds
[2026-07-02T16:40:02.472+0000] {processor.py:161} INFO - Started process (PID=140724) to work on /usr/local/python/3.12.1/lib/python3.12/site-packages/airflow/example_dags/example_sla_dag.py
[2026-07-02T16:40:02.473+0000] {processor.py:830} INFO - Processing file /usr/local/python/3.12.1/lib/python3.12/site-packages/airflow/example_dags/example_sla_dag.py for tasks to queue
[2026-07-02T16:40:02.475+0000] {logging_mixin.py:188} INFO - [2026-07-02T16:40:02.475+0000] {dagbag.py:545} INFO - Filling up the DagBag from /usr/local/python/3.12.1/lib/python3.12/site-packages/airflow/example_dags/example_sla_dag.py
[2026-07-02T16:40:02.484+0000] {processor.py:840} INFO - DAG(s) 'example_sla_dag' retrieved from /usr/local/python/3.12.1/lib/python3.12/site-packages/airflow/example_dags/example_sla_dag.py
[2026-07-02T16:40:02.512+0000] {logging_mixin.py:188} INFO - [2026-07-02T16:40:02.512+0000] {dag.py:3089} INFO - Sync 1 DAGs
[2026-07-02T16:40:02.538+0000] {logging_mixin.py:188} INFO - [2026-07-02T16:40:02.538+0000] {dag.py:3947} INFO - Setting next_dagrun for example_sla_dag to 2026-07-02 16:38:00+00:00, run_after=2026-07-02 16:40:00+00:00
[2026-07-02T16:40:02.569+0000] {processor.py:183} INFO - Processing /usr/local/python/3.12.1/lib/python3.12/site-packages/airflow/example_dags/example_sla_dag.py took 0.103 seconds
[2026-07-02T16:40:57.362+0000] {processor.py:161} INFO - Started process (PID=141608) to work on /usr/local/python/3.12.1/lib/python3.12/site-packages/airflow/example_dags/example_sla_dag.py
[2026-07-02T16:40:57.366+0000] {processor.py:830} INFO - Processing file /usr/local/python/3.12.1/lib/python3.12/site-packages/airflow/example_dags/example_sla_dag.py for tasks to queue
[2026-07-02T16:40:57.370+0000] {logging_mixin.py:188} INFO - [2026-07-02T16:40:57.370+0000] {dagbag.py:545} INFO - Filling up the DagBag from /usr/local/python/3.12.1/lib/python3.12/site-packages/airflow/example_dags/example_sla_dag.py
[2026-07-02T16:40:57.390+0000] {processor.py:840} INFO - DAG(s) 'example_sla_dag' retrieved from /usr/local/python/3.12.1/lib/python3.12/site-packages/airflow/example_dags/example_sla_dag.py
[2026-07-02T16:40:57.437+0000] {logging_mixin.py:188} INFO - [2026-07-02T16:40:57.437+0000] {dag.py:3089} INFO - Sync 1 DAGs
[2026-07-02T16:40:57.554+0000] {logging_mixin.py:188} INFO - [2026-07-02T16:40:57.552+0000] {dag.py:3947} INFO - Setting next_dagrun for example_sla_dag to 2026-07-02 16:38:00+00:00, run_after=2026-07-02 16:40:00+00:00
[2026-07-02T16:40:57.632+0000] {processor.py:183} INFO - Processing /usr/local/python/3.12.1/lib/python3.12/site-packages/airflow/example_dags/example_sla_dag.py took 0.286 seconds
[2026-07-02T16:41:55.003+0000] {processor.py:161} INFO - Started process (PID=142501) to work on /usr/local/python/3.12.1/lib/python3.12/site-packages/airflow/example_dags/example_sla_dag.py
[2026-07-02T16:41:55.025+0000] {processor.py:830} INFO - Processing file /usr/local/python/3.12.1/lib/python3.12/site-packages/airflow/example_dags/example_sla_dag.py for tasks to queue
[2026-07-02T16:41:55.030+0000] {logging_mixin.py:188} INFO - [2026-07-02T16:41:55.029+0000] {dagbag.py:545} INFO - Filling up the DagBag from /usr/local/python/3.12.1/lib/python3.12/site-packages/airflow/example_dags/example_sla_dag.py
[2026-07-02T16:41:55.049+0000] {processor.py:840} INFO - DAG(s) 'example_sla_dag' retrieved from /usr/local/python/3.12.1/lib/python3.12/site-packages/airflow/example_dags/example_sla_dag.py
[2026-07-02T16:41:55.082+0000] {logging_mixin.py:188} INFO - [2026-07-02T16:41:55.080+0000] {dag.py:3089} INFO - Sync 1 DAGs
[2026-07-02T16:41:55.136+0000] {logging_mixin.py:188} INFO - [2026-07-02T16:41:55.136+0000] {dag.py:3947} INFO - Setting next_dagrun for example_sla_dag to 2026-07-02 16:38:00+00:00, run_after=2026-07-02 16:40:00+00:00
[2026-07-02T16:41:55.181+0000] {processor.py:183} INFO - Processing /usr/local/python/3.12.1/lib/python3.12/site-packages/airflow/example_dags/example_sla_dag.py took 0.191 seconds
[2026-07-02T16:43:11.658+0000] {processor.py:161} INFO - Started process (PID=143660) to work on /usr/local/python/3.12.1/lib/python3.12/site-packages/airflow/example_dags/example_sla_dag.py
[2026-07-02T16:43:11.662+0000] {processor.py:830} INFO - Processing file /usr/local/python/3.12.1/lib/python3.12/site-packages/airflow/example_dags/example_sla_dag.py for tasks to queue
[2026-07-02T16:43:11.664+0000] {logging_mixin.py:188} INFO - [2026-07-02T16:43:11.664+0000] {dagbag.py:545} INFO - Filling up the DagBag from /usr/local/python/3.12.1/lib/python3.12/site-packages/airflow/example_dags/example_sla_dag.py
[2026-07-02T16:43:11.676+0000] {processor.py:840} INFO - DAG(s) 'example_sla_dag' retrieved from /usr/local/python/3.12.1/lib/python3.12/site-packages/airflow/example_dags/example_sla_dag.py
[2026-07-02T16:43:11.696+0000] {logging_mixin.py:188} INFO - [2026-07-02T16:43:11.696+0000] {dag.py:3089} INFO - Sync 1 DAGs
[2026-07-02T16:43:11.724+0000] {logging_mixin.py:188} INFO - [2026-07-02T16:43:11.723+0000] {dag.py:3947} INFO - Setting next_dagrun for example_sla_dag to 2026-07-02 16:40:00+00:00, run_after=2026-07-02 16:42:00+00:00
[2026-07-02T16:43:11.750+0000] {processor.py:183} INFO - Processing /usr/local/python/3.12.1/lib/python3.12/site-packages/airflow/example_dags/example_sla_dag.py took 0.100 seconds
[2026-07-02T16:44:16.747+0000] {processor.py:161} INFO - Started process (PID=145248) to work on /usr/local/python/3.12.1/lib/python3.12/site-packages/airflow/example_dags/example_sla_dag.py
[2026-07-02T16:44:16.750+0000] {processor.py:830} INFO - Processing file /usr/local/python/3.12.1/lib/python3.12/site-packages/airflow/example_dags/example_sla_dag.py for tasks to queue
[2026-07-02T16:44:16.751+0000] {logging_mixin.py:188} INFO - [2026-07-02T16:44:16.751+0000] {dagbag.py:545} INFO - Filling up the DagBag from /usr/local/python/3.12.1/lib/python3.12/site-packages/airflow/example_dags/example_sla_dag.py
[2026-07-02T16:44:16.758+0000] {processor.py:840} INFO - DAG(s) 'example_sla_dag' retrieved from /usr/local/python/3.12.1/lib/python3.12/site-packages/airflow/example_dags/example_sla_dag.py
[2026-07-02T16:44:16.770+0000] {logging_mixin.py:188} INFO - [2026-07-02T16:44:16.770+0000] {dag.py:3089} INFO - Sync 1 DAGs
[2026-07-02T16:44:16.791+0000] {logging_mixin.py:188} INFO - [2026-07-02T16:44:16.791+0000] {dag.py:3947} INFO - Setting next_dagrun for example_sla_dag to 2026-07-02 16:42:00+00:00, run_after=2026-07-02 16:44:00+00:00
[2026-07-02T16:44:16.810+0000] {processor.py:183} INFO - Processing /usr/local/python/3.12.1/lib/python3.12/site-packages/airflow/example_dags/example_sla_dag.py took 0.067 seconds
[2026-07-02T16:45:25.899+0000] {processor.py:161} INFO - Started process (PID=147742) to work on /usr/local/python/3.12.1/lib/python3.12/site-packages/airflow/example_dags/example_sla_dag.py
[2026-07-02T16:45:25.928+0000] {processor.py:830} INFO - Processing file /usr/local/python/3.12.1/lib/python3.12/site-packages/airflow/example_dags/example_sla_dag.py for tasks to queue
[2026-07-02T16:45:25.932+0000] {logging_mixin.py:188} INFO - [2026-07-02T16:45:25.932+0000] {dagbag.py:545} INFO - Filling up the DagBag from /usr/local/python/3.12.1/lib/python3.12/site-packages/airflow/example_dags/example_sla_dag.py
[2026-07-02T16:45:26.067+0000] {processor.py:840} INFO - DAG(s) 'example_sla_dag' retrieved from /usr/local/python/3.12.1/lib/python3.12/site-packages/airflow/example_dags/example_sla_dag.py
[2026-07-02T16:45:26.152+0000] {logging_mixin.py:188} INFO - [2026-07-02T16:45:26.152+0000] {dag.py:3089} INFO - Sync 1 DAGs
[2026-07-02T16:45:26.225+0000] {logging_mixin.py:188} INFO - [2026-07-02T16:45:26.224+0000] {dag.py:3947} INFO - Setting next_dagrun for example_sla_dag to 2026-07-02 16:42:00+00:00, run_after=2026-07-02 16:44:00+00:00
[2026-07-02T16:45:26.402+0000] {processor.py:183} INFO - Processing /usr/local/python/3.12.1/lib/python3.12/site-packages/airflow/example_dags/example_sla_dag.py took 0.542 seconds
[2026-07-02T16:46:22.699+0000] {processor.py:161} INFO - Started process (PID=149290) to work on /usr/local/python/3.12.1/lib/python3.12/site-packages/airflow/example_dags/example_sla_dag.py
[2026-07-02T16:46:22.702+0000] {processor.py:830} INFO - Processing file /usr/local/python/3.12.1/lib/python3.12/site-packages/airflow/example_dags/example_sla_dag.py for tasks to queue
[2026-07-02T16:46:22.704+0000] {logging_mixin.py:188} INFO - [2026-07-02T16:46:22.703+0000] {dagbag.py:545} INFO - Filling up the DagBag from /usr/local/python/3.12.1/lib/python3.12/site-packages/airflow/example_dags/example_sla_dag.py
[2026-07-02T16:46:22.711+0000] {processor.py:840} INFO - DAG(s) 'example_sla_dag' retrieved from /usr/local/python/3.12.1/lib/python3.12/site-packages/airflow/example_dags/example_sla_dag.py
[2026-07-02T16:46:22.723+0000] {logging_mixin.py:188} INFO - [2026-07-02T16:46:22.723+0000] {dag.py:3089} INFO - Sync 1 DAGs
[2026-07-02T16:46:22.745+0000] {logging_mixin.py:188} INFO - [2026-07-02T16:46:22.745+0000] {dag.py:3947} INFO - Setting next_dagrun for example_sla_dag to 2026-07-02 16:44:00+00:00, run_after=2026-07-02 16:46:00+00:00
[2026-07-02T16:46:22.763+0000] {processor.py:183} INFO - Processing /usr/local/python/3.12.1/lib/python3.12/site-packages/airflow/example_dags/example_sla_dag.py took 0.070 seconds
[2026-07-02T16:47:22.303+0000] {processor.py:161} INFO - Started process (PID=151565) to work on /usr/local/python/3.12.1/lib/python3.12/site-packages/airflow/example_dags/example_sla_dag.py
[2026-07-02T16:47:22.304+0000] {processor.py:830} INFO - Processing file /usr/local/python/3.12.1/lib/python3.12/site-packages/airflow/example_dags/example_sla_dag.py for tasks to queue
[2026-07-02T16:47:22.305+0000] {logging_mixin.py:188} INFO - [2026-07-02T16:47:22.305+0000] {dagbag.py:545} INFO - Filling up the DagBag from /usr/local/python/3.12.1/lib/python3.12/site-packages/airflow/example_dags/example_sla_dag.py
[2026-07-02T16:47:22.312+0000] {processor.py:840} INFO - DAG(s) 'example_sla_dag' retrieved from /usr/local/python/3.12.1/lib/python3.12/site-packages/airflow/example_dags/example_sla_dag.py
[2026-07-02T16:47:22.325+0000] {logging_mixin.py:188} INFO - [2026-07-02T16:47:22.324+0000] {dag.py:3089} INFO - Sync 1 DAGs
[2026-07-02T16:47:22.341+0000] {logging_mixin.py:188} INFO - [2026-07-02T16:47:22.341+0000] {dag.py:3947} INFO - Setting next_dagrun for example_sla_dag to 2026-07-02 16:44:00+00:00, run_after=2026-07-02 16:46:00+00:00
[2026-07-02T16:47:22.359+0000] {processor.py:183} INFO - Processing /usr/local/python/3.12.1/lib/python3.12/site-packages/airflow/example_dags/example_sla_dag.py took 0.061 seconds
[2026-07-02T16:48:17.793+0000] {processor.py:161} INFO - Started process (PID=152816) to work on /usr/local/python/3.12.1/lib/python3.12/site-packages/airflow/example_dags/example_sla_dag.py
[2026-07-02T16:48:17.801+0000] {processor.py:830} INFO - Processing file /usr/local/python/3.12.1/lib/python3.12/site-packages/airflow/example_dags/example_sla_dag.py for tasks to queue
[2026-07-02T16:48:17.803+0000] {logging_mixin.py:188} INFO - [2026-07-02T16:48:17.803+0000] {dagbag.py:545} INFO - Filling up the DagBag from /usr/local/python/3.12.1/lib/python3.12/site-packages/airflow/example_dags/example_sla_dag.py
[2026-07-02T16:48:17.812+0000] {processor.py:840} INFO - DAG(s) 'example_sla_dag' retrieved from /usr/local/python/3.12.1/lib/python3.12/site-packages/airflow/example_dags/example_sla_dag.py
[2026-07-02T16:48:17.828+0000] {logging_mixin.py:188} INFO - [2026-07-02T16:48:17.828+0000] {dag.py:3089} INFO - Sync 1 DAGs
[2026-07-02T16:48:17.851+0000] {logging_mixin.py:188} INFO - [2026-07-02T16:48:17.851+0000] {dag.py:3947} INFO - Setting next_dagrun for example_sla_dag to 2026-07-02 16:46:00+00:00, run_after=2026-07-02 16:48:00+00:00
[2026-07-02T16:48:17.879+0000] {processor.py:183} INFO - Processing /usr/local/python/3.12.1/lib/python3.12/site-packages/airflow/example_dags/example_sla_dag.py took 0.091 seconds
[2026-07-02T16:49:05.624+0000] {processor.py:161} INFO - Started process (PID=153466) to work on /usr/local/python/3.12.1/lib/python3.12/site-packages/airflow/example_dags/example_sla_dag.py
[2026-07-02T16:49:05.624+0000] {processor.py:830} INFO - Processing file /usr/local/python/3.12.1/lib/python3.12/site-packages/airflow/example_dags/example_sla_dag.py for tasks to queue
[2026-07-02T16:49:05.626+0000] {logging_mixin.py:188} INFO - [2026-07-02T16:49:05.626+0000] {dagbag.py:545} INFO - Filling up the DagBag from /usr/local/python/3.12.1/lib/python3.12/site-packages/airflow/example_dags/example_sla_dag.py
[2026-07-02T16:49:05.638+0000] {processor.py:840} INFO - DAG(s) 'example_sla_dag' retrieved from /usr/local/python/3.12.1/lib/python3.12/site-packages/airflow/example_dags/example_sla_dag.py
[2026-07-02T16:49:05.691+0000] {logging_mixin.py:188} INFO - [2026-07-02T16:49:05.691+0000] {dag.py:3089} INFO - Sync 1 DAGs
[2026-07-02T16:49:05.753+0000] {logging_mixin.py:188} INFO - [2026-07-02T16:49:05.753+0000] {dag.py:3947} INFO - Setting next_dagrun for example_sla_dag to 2026-07-02 16:46:00+00:00, run_after=2026-07-02 16:48:00+00:00
[2026-07-02T16:49:05.874+0000] {processor.py:183} INFO - Processing /usr/local/python/3.12.1/lib/python3.12/site-packages/airflow/example_dags/example_sla_dag.py took 0.255 seconds
[2026-07-02T16:49:53.272+0000] {processor.py:161} INFO - Started process (PID=154123) to work on /usr/local/python/3.12.1/lib/python3.12/site-packages/airflow/example_dags/example_sla_dag.py
[2026-07-02T16:49:53.273+0000] {processor.py:830} INFO - Processing file /usr/local/python/3.12.1/lib/python3.12/site-packages/airflow/example_dags/example_sla_dag.py for tasks to queue
[2026-07-02T16:49:53.274+0000] {logging_mixin.py:188} INFO - [2026-07-02T16:49:53.274+0000] {dagbag.py:545} INFO - Filling up the DagBag from /usr/local/python/3.12.1/lib/python3.12/site-packages/airflow/example_dags/example_sla_dag.py
[2026-07-02T16:49:53.283+0000] {processor.py:840} INFO - DAG(s) 'example_sla_dag' retrieved from /usr/local/python/3.12.1/lib/python3.12/site-packages/airflow/example_dags/example_sla_dag.py
[2026-07-02T16:49:53.299+0000] {logging_mixin.py:188} INFO - [2026-07-02T16:49:53.299+0000] {dag.py:3089} INFO - Sync 1 DAGs
[2026-07-02T16:49:53.316+0000] {logging_mixin.py:188} INFO - [2026-07-02T16:49:53.316+0000] {dag.py:3947} INFO - Setting next_dagrun for example_sla_dag to 2026-07-02 16:46:00+00:00, run_after=2026-07-02 16:48:00+00:00
[2026-07-02T16:49:53.333+0000] {processor.py:183} INFO - Processing /usr/local/python/3.12.1/lib/python3.12/site-packages/airflow/example_dags/example_sla_dag.py took 0.065 seconds
[2026-07-02T16:50:38.960+0000] {processor.py:161} INFO - Started process (PID=154733) to work on /usr/local/python/3.12.1/lib/python3.12/site-packages/airflow/example_dags/example_sla_dag.py
[2026-07-02T16:50:38.961+0000] {processor.py:830} INFO - Processing file /usr/local/python/3.12.1/lib/python3.12/site-packages/airflow/example_dags/example_sla_dag.py for tasks to queue
[2026-07-02T16:50:38.963+0000] {logging_mixin.py:188} INFO - [2026-07-02T16:50:38.962+0000] {dagbag.py:545} INFO - Filling up the DagBag from /usr/local/python/3.12.1/lib/python3.12/site-packages/airflow/example_dags/example_sla_dag.py
[2026-07-02T16:50:38.971+0000] {processor.py:840} INFO - DAG(s) 'example_sla_dag' retrieved from /usr/local/python/3.12.1/lib/python3.12/site-packages/airflow/example_dags/example_sla_dag.py
[2026-07-02T16:50:38.987+0000] {logging_mixin.py:188} INFO - [2026-07-02T16:50:38.986+0000] {dag.py:3089} INFO - Sync 1 DAGs
[2026-07-02T16:50:39.008+0000] {logging_mixin.py:188} INFO - [2026-07-02T16:50:39.008+0000] {dag.py:3947} INFO - Setting next_dagrun for example_sla_dag to 2026-07-02 16:48:00+00:00, run_after=2026-07-02 16:50:00+00:00
[2026-07-02T16:50:39.042+0000] {processor.py:183} INFO - Processing /usr/local/python/3.12.1/lib/python3.12/site-packages/airflow/example_dags/example_sla_dag.py took 0.089 seconds
[2026-07-02T16:51:25.753+0000] {processor.py:161} INFO - Started process (PID=155205) to work on /usr/local/python/3.12.1/lib/python3.12/site-packages/airflow/example_dags/example_sla_dag.py
[2026-07-02T16:51:25.754+0000] {processor.py:830} INFO - Processing file /usr/local/python/3.12.1/lib/python3.12/site-packages/airflow/example_dags/example_sla_dag.py for tasks to queue
[2026-07-02T16:51:25.756+0000] {logging_mixin.py:188} INFO - [2026-07-02T16:51:25.755+0000] {dagbag.py:545} INFO - Filling up the DagBag from /usr/local/python/3.12.1/lib/python3.12/site-packages/airflow/example_dags/example_sla_dag.py
[2026-07-02T16:51:25.765+0000] {processor.py:840} INFO - DAG(s) 'example_sla_dag' retrieved from /usr/local/python/3.12.1/lib/python3.12/site-packages/airflow/example_dags/example_sla_dag.py
[2026-07-02T16:51:25.783+0000] {logging_mixin.py:188} INFO - [2026-07-02T16:51:25.782+0000] {dag.py:3089} INFO - Sync 1 DAGs
[2026-07-02T16:51:25.808+0000] {logging_mixin.py:188} INFO - [2026-07-02T16:51:25.808+0000] {dag.py:3947} INFO - Setting next_dagrun for example_sla_dag to 2026-07-02 16:48:00+00:00, run_after=2026-07-02 16:50:00+00:00
[2026-07-02T16:51:25.828+0000] {processor.py:183} INFO - Processing /usr/local/python/3.12.1/lib/python3.12/site-packages/airflow/example_dags/example_sla_dag.py took 0.082 seconds
[2026-07-02T16:52:07.083+0000] {processor.py:161} INFO - Started process (PID=155662) to work on /usr/local/python/3.12.1/lib/python3.12/site-packages/airflow/example_dags/example_sla_dag.py
[2026-07-02T16:52:07.086+0000] {processor.py:830} INFO - Processing file /usr/local/python/3.12.1/lib/python3.12/site-packages/airflow/example_dags/example_sla_dag.py for tasks to queue
[2026-07-02T16:52:07.095+0000] {logging_mixin.py:188} INFO - [2026-07-02T16:52:07.094+0000] {dagbag.py:545} INFO - Filling up the DagBag from /usr/local/python/3.12.1/lib/python3.12/site-packages/airflow/example_dags/example_sla_dag.py
[2026-07-02T16:52:07.162+0000] {processor.py:840} INFO - DAG(s) 'example_sla_dag' retrieved from /usr/local/python/3.12.1/lib/python3.12/site-packages/airflow/example_dags/example_sla_dag.py
[2026-07-02T16:52:07.203+0000] {logging_mixin.py:188} INFO - [2026-07-02T16:52:07.203+0000] {dag.py:3089} INFO - Sync 1 DAGs
[2026-07-02T16:52:07.277+0000] {logging_mixin.py:188} INFO - [2026-07-02T16:52:07.276+0000] {dag.py:3947} INFO - Setting next_dagrun for example_sla_dag to 2026-07-02 16:50:00+00:00, run_after=2026-07-02 16:52:00+00:00
[2026-07-02T16:52:07.329+0000] {processor.py:183} INFO - Processing /usr/local/python/3.12.1/lib/python3.12/site-packages/airflow/example_dags/example_sla_dag.py took 0.256 seconds
[2026-07-02T16:52:48.259+0000] {processor.py:161} INFO - Started process (PID=156120) to work on /usr/local/python/3.12.1/lib/python3.12/site-packages/airflow/example_dags/example_sla_dag.py
[2026-07-02T16:52:48.260+0000] {processor.py:830} INFO - Processing file /usr/local/python/3.12.1/lib/python3.12/site-packages/airflow/example_dags/example_sla_dag.py for tasks to queue
[2026-07-02T16:52:48.262+0000] {logging_mixin.py:188} INFO - [2026-07-02T16:52:48.261+0000] {dagbag.py:545} INFO - Filling up the DagBag from /usr/local/python/3.12.1/lib/python3.12/site-packages/airflow/example_dags/example_sla_dag.py
[2026-07-02T16:52:48.268+0000] {processor.py:840} INFO - DAG(s) 'example_sla_dag' retrieved from /usr/local/python/3.12.1/lib/python3.12/site-packages/airflow/example_dags/example_sla_dag.py
[2026-07-02T16:52:48.282+0000] {logging_mixin.py:188} INFO - [2026-07-02T16:52:48.281+0000] {dag.py:3089} INFO - Sync 1 DAGs
[2026-07-02T16:52:48.302+0000] {logging_mixin.py:188} INFO - [2026-07-02T16:52:48.302+0000] {dag.py:3947} INFO - Setting next_dagrun for example_sla_dag to 2026-07-02 16:50:00+00:00, run_after=2026-07-02 16:52:00+00:00
[2026-07-02T16:52:48.318+0000] {processor.py:183} INFO - Processing /usr/local/python/3.12.1/lib/python3.12/site-packages/airflow/example_dags/example_sla_dag.py took 0.064 seconds
[2026-07-02T16:53:30.522+0000] {processor.py:161} INFO - Started process (PID=156552) to work on /usr/local/python/3.12.1/lib/python3.12/site-packages/airflow/example_dags/example_sla_dag.py
[2026-07-02T16:53:30.523+0000] {processor.py:830} INFO - Processing file /usr/local/python/3.12.1/lib/python3.12/site-packages/airflow/example_dags/example_sla_dag.py for tasks to queue
[2026-07-02T16:53:30.524+0000] {logging_mixin.py:188} INFO - [2026-07-02T16:53:30.524+0000] {dagbag.py:545} INFO - Filling up the DagBag from /usr/local/python/3.12.1/lib/python3.12/site-packages/airflow/example_dags/example_sla_dag.py
[2026-07-02T16:53:30.530+0000] {processor.py:840} INFO - DAG(s) 'example_sla_dag' retrieved from /usr/local/python/3.12.1/lib/python3.12/site-packages/airflow/example_dags/example_sla_dag.py
[2026-07-02T16:53:30.543+0000] {logging_mixin.py:188} INFO - [2026-07-02T16:53:30.542+0000] {dag.py:3089} INFO - Sync 1 DAGs
[2026-07-02T16:53:30.559+0000] {logging_mixin.py:188} INFO - [2026-07-02T16:53:30.559+0000] {dag.py:3947} INFO - Setting next_dagrun for example_sla_dag to 2026-07-02 16:50:00+00:00, run_after=2026-07-02 16:52:00+00:00
[2026-07-02T16:53:30.575+0000] {processor.py:183} INFO - Processing /usr/local/python/3.12.1/lib/python3.12/site-packages/airflow/example_dags/example_sla_dag.py took 0.057 seconds
[2026-07-02T16:54:08.877+0000] {processor.py:161} INFO - Started process (PID=156976) to work on /usr/local/python/3.12.1/lib/python3.12/site-packages/airflow/example_dags/example_sla_dag.py
[2026-07-02T16:54:08.878+0000] {processor.py:830} INFO - Processing file /usr/local/python/3.12.1/lib/python3.12/site-packages/airflow/example_dags/example_sla_dag.py for tasks to queue
[2026-07-02T16:54:08.880+0000] {logging_mixin.py:188} INFO - [2026-07-02T16:54:08.879+0000] {dagbag.py:545} INFO - Filling up the DagBag from /usr/local/python/3.12.1/lib/python3.12/site-packages/airflow/example_dags/example_sla_dag.py
[2026-07-02T16:54:08.888+0000] {processor.py:840} INFO - DAG(s) 'example_sla_dag' retrieved from /usr/local/python/3.12.1/lib/python3.12/site-packages/airflow/example_dags/example_sla_dag.py
[2026-07-02T16:54:08.902+0000] {logging_mixin.py:188} INFO - [2026-07-02T16:54:08.902+0000] {dag.py:3089} INFO - Sync 1 DAGs
[2026-07-02T16:54:08.919+0000] {logging_mixin.py:188} INFO - [2026-07-02T16:54:08.919+0000] {dag.py:3947} INFO - Setting next_dagrun for example_sla_dag to 2026-07-02 16:52:00+00:00, run_after=2026-07-02 16:54:00+00:00
[2026-07-02T16:54:08.935+0000] {processor.py:183} INFO - Processing /usr/local/python/3.12.1/lib/python3.12/site-packages/airflow/example_dags/example_sla_dag.py took 0.064 seconds
[2026-07-02T16:54:47.742+0000] {processor.py:161} INFO - Started process (PID=157359) to work on /usr/local/python/3.12.1/lib/python3.12/site-packages/airflow/example_dags/example_sla_dag.py
[2026-07-02T16:54:47.743+0000] {processor.py:830} INFO - Processing file /usr/local/python/3.12.1/lib/python3.12/site-packages/airflow/example_dags/example_sla_dag.py for tasks to queue
[2026-07-02T16:54:47.744+0000] {logging_mixin.py:188} INFO - [2026-07-02T16:54:47.744+0000] {dagbag.py:545} INFO - Filling up the DagBag from /usr/local/python/3.12.1/lib/python3.12/site-packages/airflow/example_dags/example_sla_dag.py
[2026-07-02T16:54:47.751+0000] {processor.py:840} INFO - DAG(s) 'example_sla_dag' retrieved from /usr/local/python/3.12.1/lib/python3.12/site-packages/airflow/example_dags/example_sla_dag.py
[2026-07-02T16:54:47.763+0000] {logging_mixin.py:188} INFO - [2026-07-02T16:54:47.763+0000] {dag.py:3089} INFO - Sync 1 DAGs
[2026-07-02T16:54:47.782+0000] {logging_mixin.py:188} INFO - [2026-07-02T16:54:47.782+0000] {dag.py:3947} INFO - Setting next_dagrun for example_sla_dag to 2026-07-02 16:52:00+00:00, run_after=2026-07-02 16:54:00+00:00
[2026-07-02T16:54:47.801+0000] {processor.py:183} INFO - Processing /usr/local/python/3.12.1/lib/python3.12/site-packages/airflow/example_dags/example_sla_dag.py took 0.064 seconds
[2026-07-02T16:55:44.557+0000] {processor.py:161} INFO - Started process (PID=158016) to work on /usr/local/python/3.12.1/lib/python3.12/site-packages/airflow/example_dags/example_sla_dag.py
[2026-07-02T16:55:44.558+0000] {processor.py:830} INFO - Processing file /usr/local/python/3.12.1/lib/python3.12/site-packages/airflow/example_dags/example_sla_dag.py for tasks to queue
[2026-07-02T16:55:44.560+0000] {logging_mixin.py:188} INFO - [2026-07-02T16:55:44.559+0000] {dagbag.py:545} INFO - Filling up the DagBag from /usr/local/python/3.12.1/lib/python3.12/site-packages/airflow/example_dags/example_sla_dag.py
[2026-07-02T16:55:44.567+0000] {processor.py:840} INFO - DAG(s) 'example_sla_dag' retrieved from /usr/local/python/3.12.1/lib/python3.12/site-packages/airflow/example_dags/example_sla_dag.py
[2026-07-02T16:55:44.579+0000] {logging_mixin.py:188} INFO - [2026-07-02T16:55:44.579+0000] {dag.py:3089} INFO - Sync 1 DAGs
[2026-07-02T16:55:44.597+0000] {logging_mixin.py:188} INFO - [2026-07-02T16:55:44.597+0000] {dag.py:3947} INFO - Setting next_dagrun for example_sla_dag to 2026-07-02 16:52:00+00:00, run_after=2026-07-02 16:54:00+00:00
[2026-07-02T16:55:44.616+0000] {processor.py:183} INFO - Processing /usr/local/python/3.12.1/lib/python3.12/site-packages/airflow/example_dags/example_sla_dag.py took 0.063 seconds
[2026-07-02T16:56:25.811+0000] {processor.py:161} INFO - Started process (PID=158449) to work on /usr/local/python/3.12.1/lib/python3.12/site-packages/airflow/example_dags/example_sla_dag.py
[2026-07-02T16:56:25.811+0000] {processor.py:830} INFO - Processing file /usr/local/python/3.12.1/lib/python3.12/site-packages/airflow/example_dags/example_sla_dag.py for tasks to queue
[2026-07-02T16:56:25.813+0000] {logging_mixin.py:188} INFO - [2026-07-02T16:56:25.813+0000] {dagbag.py:545} INFO - Filling up the DagBag from /usr/local/python/3.12.1/lib/python3.12/site-packages/airflow/example_dags/example_sla_dag.py
[2026-07-02T16:56:25.820+0000] {processor.py:840} INFO - DAG(s) 'example_sla_dag' retrieved from /usr/local/python/3.12.1/lib/python3.12/site-packages/airflow/example_dags/example_sla_dag.py
[2026-07-02T16:56:25.831+0000] {logging_mixin.py:188} INFO - [2026-07-02T16:56:25.831+0000] {dag.py:3089} INFO - Sync 1 DAGs
[2026-07-02T16:56:25.848+0000] {logging_mixin.py:188} INFO - [2026-07-02T16:56:25.848+0000] {dag.py:3947} INFO - Setting next_dagrun for example_sla_dag to 2026-07-02 16:54:00+00:00, run_after=2026-07-02 16:56:00+00:00
[2026-07-02T16:56:25.863+0000] {processor.py:183} INFO - Processing /usr/local/python/3.12.1/lib/python3.12/site-packages/airflow/example_dags/example_sla_dag.py took 0.057 seconds
[2026-07-02T16:57:06.803+0000] {processor.py:161} INFO - Started process (PID=158857) to work on /usr/local/python/3.12.1/lib/python3.12/site-packages/airflow/example_dags/example_sla_dag.py
[2026-07-02T16:57:06.804+0000] {processor.py:830} INFO - Processing file /usr/local/python/3.12.1/lib/python3.12/site-packages/airflow/example_dags/example_sla_dag.py for tasks to queue
[2026-07-02T16:57:06.805+0000] {logging_mixin.py:188} INFO - [2026-07-02T16:57:06.805+0000] {dagbag.py:545} INFO - Filling up the DagBag from /usr/local/python/3.12.1/lib/python3.12/site-packages/airflow/example_dags/example_sla_dag.py
[2026-07-02T16:57:06.812+0000] {processor.py:840} INFO - DAG(s) 'example_sla_dag' retrieved from /usr/local/python/3.12.1/lib/python3.12/site-packages/airflow/example_dags/example_sla_dag.py
[2026-07-02T16:57:06.824+0000] {logging_mixin.py:188} INFO - [2026-07-02T16:57:06.823+0000] {dag.py:3089} INFO - Sync 1 DAGs
[2026-07-02T16:57:06.840+0000] {logging_mixin.py:188} INFO - [2026-07-02T16:57:06.839+0000] {dag.py:3947} INFO - Setting next_dagrun for example_sla_dag to 2026-07-02 16:54:00+00:00, run_after=2026-07-02 16:56:00+00:00
[2026-07-02T16:57:06.855+0000] {processor.py:183} INFO - Processing /usr/local/python/3.12.1/lib/python3.12/site-packages/airflow/example_dags/example_sla_dag.py took 0.057 seconds
[2026-07-02T16:57:49.059+0000] {processor.py:161} INFO - Started process (PID=159308) to work on /usr/local/python/3.12.1/lib/python3.12/site-packages/airflow/example_dags/example_sla_dag.py
[2026-07-02T16:57:49.060+0000] {processor.py:830} INFO - Processing file /usr/local/python/3.12.1/lib/python3.12/site-packages/airflow/example_dags/example_sla_dag.py for tasks to queue
[2026-07-02T16:57:49.062+0000] {logging_mixin.py:188} INFO - [2026-07-02T16:57:49.062+0000] {dagbag.py:545} INFO - Filling up the DagBag from /usr/local/python/3.12.1/lib/python3.12/site-packages/airflow/example_dags/example_sla_dag.py
[2026-07-02T16:57:49.072+0000] {processor.py:840} INFO - DAG(s) 'example_sla_dag' retrieved from /usr/local/python/3.12.1/lib/python3.12/site-packages/airflow/example_dags/example_sla_dag.py
[2026-07-02T16:57:49.090+0000] {logging_mixin.py:188} INFO - [2026-07-02T16:57:49.090+0000] {dag.py:3089} INFO - Sync 1 DAGs
[2026-07-02T16:57:49.117+0000] {logging_mixin.py:188} INFO - [2026-07-02T16:57:49.116+0000] {dag.py:3947} INFO - Setting next_dagrun for example_sla_dag to 2026-07-02 16:54:00+00:00, run_after=2026-07-02 16:56:00+00:00
[2026-07-02T16:57:49.153+0000] {processor.py:183} INFO - Processing /usr/local/python/3.12.1/lib/python3.12/site-packages/airflow/example_dags/example_sla_dag.py took 0.100 seconds
[2026-07-02T16:58:32.293+0000] {processor.py:161} INFO - Started process (PID=159808) to work on /usr/local/python/3.12.1/lib/python3.12/site-packages/airflow/example_dags/example_sla_dag.py
[2026-07-02T16:58:32.294+0000] {processor.py:830} INFO - Processing file /usr/local/python/3.12.1/lib/python3.12/site-packages/airflow/example_dags/example_sla_dag.py for tasks to queue
[2026-07-02T16:58:32.296+0000] {logging_mixin.py:188} INFO - [2026-07-02T16:58:32.295+0000] {dagbag.py:545} INFO - Filling up the DagBag from /usr/local/python/3.12.1/lib/python3.12/site-packages/airflow/example_dags/example_sla_dag.py
[2026-07-02T16:58:32.303+0000] {processor.py:840} INFO - DAG(s) 'example_sla_dag' retrieved from /usr/local/python/3.12.1/lib/python3.12/site-packages/airflow/example_dags/example_sla_dag.py
[2026-07-02T16:58:32.316+0000] {logging_mixin.py:188} INFO - [2026-07-02T16:58:32.315+0000] {dag.py:3089} INFO - Sync 1 DAGs
[2026-07-02T16:58:32.333+0000] {logging_mixin.py:188} INFO - [2026-07-02T16:58:32.333+0000] {dag.py:3947} INFO - Setting next_dagrun for example_sla_dag to 2026-07-02 16:56:00+00:00, run_after=2026-07-02 16:58:00+00:00
[2026-07-02T16:58:32.351+0000] {processor.py:183} INFO - Processing /usr/local/python/3.12.1/lib/python3.12/site-packages/airflow/example_dags/example_sla_dag.py took 0.063 seconds
[2026-07-02T16:59:12.406+0000] {processor.py:161} INFO - Started process (PID=160191) to work on /usr/local/python/3.12.1/lib/python3.12/site-packages/airflow/example_dags/example_sla_dag.py
[2026-07-02T16:59:12.407+0000] {processor.py:830} INFO - Processing file /usr/local/python/3.12.1/lib/python3.12/site-packages/airflow/example_dags/example_sla_dag.py for tasks to queue
[2026-07-02T16:59:12.408+0000] {logging_mixin.py:188} INFO - [2026-07-02T16:59:12.408+0000] {dagbag.py:545} INFO - Filling up the DagBag from /usr/local/python/3.12.1/lib/python3.12/site-packages/airflow/example_dags/example_sla_dag.py
[2026-07-02T16:59:12.415+0000] {processor.py:840} INFO - DAG(s) 'example_sla_dag' retrieved from /usr/local/python/3.12.1/lib/python3.12/site-packages/airflow/example_dags/example_sla_dag.py
[2026-07-02T16:59:12.427+0000] {logging_mixin.py:188} INFO - [2026-07-02T16:59:12.427+0000] {dag.py:3089} INFO - Sync 1 DAGs
[2026-07-02T16:59:12.444+0000] {logging_mixin.py:188} INFO - [2026-07-02T16:59:12.444+0000] {dag.py:3947} INFO - Setting next_dagrun for example_sla_dag to 2026-07-02 16:56:00+00:00, run_after=2026-07-02 16:58:00+00:00
[2026-07-02T16:59:12.461+0000] {processor.py:183} INFO - Processing /usr/local/python/3.12.1/lib/python3.12/site-packages/airflow/example_dags/example_sla_dag.py took 0.060 seconds
[2026-07-02T16:59:52.509+0000] {processor.py:161} INFO - Started process (PID=160616) to work on /usr/local/python/3.12.1/lib/python3.12/site-packages/airflow/example_dags/example_sla_dag.py
[2026-07-02T16:59:52.510+0000] {processor.py:830} INFO - Processing file /usr/local/python/3.12.1/lib/python3.12/site-packages/airflow/example_dags/example_sla_dag.py for tasks to queue
[2026-07-02T16:59:52.511+0000] {logging_mixin.py:188} INFO - [2026-07-02T16:59:52.511+0000] {dagbag.py:545} INFO - Filling up the DagBag from /usr/local/python/3.12.1/lib/python3.12/site-packages/airflow/example_dags/example_sla_dag.py
[2026-07-02T16:59:52.518+0000] {processor.py:840} INFO - DAG(s) 'example_sla_dag' retrieved from /usr/local/python/3.12.1/lib/python3.12/site-packages/airflow/example_dags/example_sla_dag.py
[2026-07-02T16:59:52.531+0000] {logging_mixin.py:188} INFO - [2026-07-02T16:59:52.531+0000] {dag.py:3089} INFO - Sync 1 DAGs
[2026-07-02T16:59:52.550+0000] {logging_mixin.py:188} INFO - [2026-07-02T16:59:52.550+0000] {dag.py:3947} INFO - Setting next_dagrun for example_sla_dag to 2026-07-02 16:56:00+00:00, run_after=2026-07-02 16:58:00+00:00
[2026-07-02T16:59:52.566+0000] {processor.py:183} INFO - Processing /usr/local/python/3.12.1/lib/python3.12/site-packages/airflow/example_dags/example_sla_dag.py took 0.062 seconds
[2026-07-02T17:00:33.682+0000] {processor.py:161} INFO - Started process (PID=161082) to work on /usr/local/python/3.12.1/lib/python3.12/site-packages/airflow/example_dags/example_sla_dag.py
[2026-07-02T17:00:33.683+0000] {processor.py:830} INFO - Processing file /usr/local/python/3.12.1/lib/python3.12/site-packages/airflow/example_dags/example_sla_dag.py for tasks to queue
[2026-07-02T17:00:33.685+0000] {logging_mixin.py:188} INFO - [2026-07-02T17:00:33.684+0000] {dagbag.py:545} INFO - Filling up the DagBag from /usr/local/python/3.12.1/lib/python3.12/site-packages/airflow/example_dags/example_sla_dag.py
[2026-07-02T17:00:33.694+0000] {processor.py:840} INFO - DAG(s) 'example_sla_dag' retrieved from /usr/local/python/3.12.1/lib/python3.12/site-packages/airflow/example_dags/example_sla_dag.py
[2026-07-02T17:00:33.706+0000] {logging_mixin.py:188} INFO - [2026-07-02T17:00:33.706+0000] {dag.py:3089} INFO - Sync 1 DAGs
[2026-07-02T17:00:33.722+0000] {logging_mixin.py:188} INFO - [2026-07-02T17:00:33.722+0000] {dag.py:3947} INFO - Setting next_dagrun for example_sla_dag to 2026-07-02 16:58:00+00:00, run_after=2026-07-02 17:00:00+00:00
[2026-07-02T17:00:33.740+0000] {processor.py:183} INFO - Processing /usr/local/python/3.12.1/lib/python3.12/site-packages/airflow/example_dags/example_sla_dag.py took 0.064 seconds
[2026-07-02T17:01:14.995+0000] {processor.py:161} INFO - Started process (PID=161497) to work on /usr/local/python/3.12.1/lib/python3.12/site-packages/airflow/example_dags/example_sla_dag.py
[2026-07-02T17:01:14.996+0000] {processor.py:830} INFO - Processing file /usr/local/python/3.12.1/lib/python3.12/site-packages/airflow/example_dags/example_sla_dag.py for tasks to queue
[2026-07-02T17:01:14.998+0000] {logging_mixin.py:188} INFO - [2026-07-02T17:01:14.997+0000] {dagbag.py:545} INFO - Filling up the DagBag from /usr/local/python/3.12.1/lib/python3.12/site-packages/airflow/example_dags/example_sla_dag.py
[2026-07-02T17:01:15.005+0000] {processor.py:840} INFO - DAG(s) 'example_sla_dag' retrieved from /usr/local/python/3.12.1/lib/python3.12/site-packages/airflow/example_dags/example_sla_dag.py
[2026-07-02T17:01:15.018+0000] {logging_mixin.py:188} INFO - [2026-07-02T17:01:15.018+0000] {dag.py:3089} INFO - Sync 1 DAGs
[2026-07-02T17:01:15.035+0000] {logging_mixin.py:188} INFO - [2026-07-02T17:01:15.035+0000] {dag.py:3947} INFO - Setting next_dagrun for example_sla_dag to 2026-07-02 16:58:00+00:00, run_after=2026-07-02 17:00:00+00:00
[2026-07-02T17:01:15.052+0000] {processor.py:183} INFO - Processing /usr/local/python/3.12.1/lib/python3.12/site-packages/airflow/example_dags/example_sla_dag.py took 0.062 seconds
[2026-07-02T17:01:57.296+0000] {processor.py:161} INFO - Started process (PID=161950) to work on /usr/local/python/3.12.1/lib/python3.12/site-packages/airflow/example_dags/example_sla_dag.py
[2026-07-02T17:01:57.297+0000] {processor.py:830} INFO - Processing file /usr/local/python/3.12.1/lib/python3.12/site-packages/airflow/example_dags/example_sla_dag.py for tasks to queue
[2026-07-02T17:01:57.298+0000] {logging_mixin.py:188} INFO - [2026-07-02T17:01:57.298+0000] {dagbag.py:545} INFO - Filling up the DagBag from /usr/local/python/3.12.1/lib/python3.12/site-packages/airflow/example_dags/example_sla_dag.py
[2026-07-02T17:01:57.305+0000] {processor.py:840} INFO - DAG(s) 'example_sla_dag' retrieved from /usr/local/python/3.12.1/lib/python3.12/site-packages/airflow/example_dags/example_sla_dag.py
[2026-07-02T17:01:57.318+0000] {logging_mixin.py:188} INFO - [2026-07-02T17:01:57.318+0000] {dag.py:3089} INFO - Sync 1 DAGs
[2026-07-02T17:01:57.335+0000] {logging_mixin.py:188} INFO - [2026-07-02T17:01:57.335+0000] {dag.py:3947} INFO - Setting next_dagrun for example_sla_dag to 2026-07-02 16:58:00+00:00, run_after=2026-07-02 17:00:00+00:00
[2026-07-02T17:01:57.351+0000] {processor.py:183} INFO - Processing /usr/local/python/3.12.1/lib/python3.12/site-packages/airflow/example_dags/example_sla_dag.py took 0.060 seconds
[2026-07-02T17:02:41.679+0000] {processor.py:161} INFO - Started process (PID=162443) to work on /usr/local/python/3.12.1/lib/python3.12/site-packages/airflow/example_dags/example_sla_dag.py
[2026-07-02T17:02:41.680+0000] {processor.py:830} INFO - Processing file /usr/local/python/3.12.1/lib/python3.12/site-packages/airflow/example_dags/example_sla_dag.py for tasks to queue
[2026-07-02T17:02:41.682+0000] {logging_mixin.py:188} INFO - [2026-07-02T17:02:41.681+0000] {dagbag.py:545} INFO - Filling up the DagBag from /usr/local/python/3.12.1/lib/python3.12/site-packages/airflow/example_dags/example_sla_dag.py
[2026-07-02T17:02:41.691+0000] {processor.py:840} INFO - DAG(s) 'example_sla_dag' retrieved from /usr/local/python/3.12.1/lib/python3.12/site-packages/airflow/example_dags/example_sla_dag.py
[2026-07-02T17:02:41.704+0000] {logging_mixin.py:188} INFO - [2026-07-02T17:02:41.703+0000] {dag.py:3089} INFO - Sync 1 DAGs
[2026-07-02T17:02:41.720+0000] {logging_mixin.py:188} INFO - [2026-07-02T17:02:41.720+0000] {dag.py:3947} INFO - Setting next_dagrun for example_sla_dag to 2026-07-02 17:00:00+00:00, run_after=2026-07-02 17:02:00+00:00
[2026-07-02T17:02:41.738+0000] {processor.py:183} INFO - Processing /usr/local/python/3.12.1/lib/python3.12/site-packages/airflow/example_dags/example_sla_dag.py took 0.065 seconds
[2026-07-02T17:03:25.035+0000] {processor.py:161} INFO - Started process (PID=162873) to work on /usr/local/python/3.12.1/lib/python3.12/site-packages/airflow/example_dags/example_sla_dag.py
[2026-07-02T17:03:25.036+0000] {processor.py:830} INFO - Processing file /usr/local/python/3.12.1/lib/python3.12/site-packages/airflow/example_dags/example_sla_dag.py for tasks to queue
[2026-07-02T17:03:25.037+0000] {logging_mixin.py:188} INFO - [2026-07-02T17:03:25.037+0000] {dagbag.py:545} INFO - Filling up the DagBag from /usr/local/python/3.12.1/lib/python3.12/site-packages/airflow/example_dags/example_sla_dag.py
[2026-07-02T17:03:25.045+0000] {processor.py:840} INFO - DAG(s) 'example_sla_dag' retrieved from /usr/local/python/3.12.1/lib/python3.12/site-packages/airflow/example_dags/example_sla_dag.py
[2026-07-02T17:03:25.058+0000] {logging_mixin.py:188} INFO - [2026-07-02T17:03:25.057+0000] {dag.py:3089} INFO - Sync 1 DAGs
[2026-07-02T17:03:25.074+0000] {logging_mixin.py:188} INFO - [2026-07-02T17:03:25.074+0000] {dag.py:3947} INFO - Setting next_dagrun for example_sla_dag to 2026-07-02 17:00:00+00:00, run_after=2026-07-02 17:02:00+00:00
[2026-07-02T17:03:25.095+0000] {processor.py:183} INFO - Processing /usr/local/python/3.12.1/lib/python3.12/site-packages/airflow/example_dags/example_sla_dag.py took 0.065 seconds
[2026-07-02T17:04:06.650+0000] {processor.py:161} INFO - Started process (PID=163313) to work on /usr/local/python/3.12.1/lib/python3.12/site-packages/airflow/example_dags/example_sla_dag.py
[2026-07-02T17:04:06.651+0000] {processor.py:830} INFO - Processing file /usr/local/python/3.12.1/lib/python3.12/site-packages/airflow/example_dags/example_sla_dag.py for tasks to queue
[2026-07-02T17:04:06.653+0000] {logging_mixin.py:188} INFO - [2026-07-02T17:04:06.652+0000] {dagbag.py:545} INFO - Filling up the DagBag from /usr/local/python/3.12.1/lib/python3.12/site-packages/airflow/example_dags/example_sla_dag.py
[2026-07-02T17:04:06.659+0000] {processor.py:840} INFO - DAG(s) 'example_sla_dag' retrieved from /usr/local/python/3.12.1/lib/python3.12/site-packages/airflow/example_dags/example_sla_dag.py
[2026-07-02T17:04:06.671+0000] {logging_mixin.py:188} INFO - [2026-07-02T17:04:06.671+0000] {dag.py:3089} INFO - Sync 1 DAGs
[2026-07-02T17:04:06.694+0000] {logging_mixin.py:188} INFO - [2026-07-02T17:04:06.693+0000] {dag.py:3947} INFO - Setting next_dagrun for example_sla_dag to 2026-07-02 17:02:00+00:00, run_after=2026-07-02 17:04:00+00:00
[2026-07-02T17:04:06.711+0000] {processor.py:183} INFO - Processing /usr/local/python/3.12.1/lib/python3.12/site-packages/airflow/example_dags/example_sla_dag.py took 0.065 seconds
[2026-07-02T17:04:48.434+0000] {processor.py:161} INFO - Started process (PID=163780) to work on /usr/local/python/3.12.1/lib/python3.12/site-packages/airflow/example_dags/example_sla_dag.py
[2026-07-02T17:04:48.435+0000] {processor.py:830} INFO - Processing file /usr/local/python/3.12.1/lib/python3.12/site-packages/airflow/example_dags/example_sla_dag.py for tasks to queue
[2026-07-02T17:04:48.436+0000] {logging_mixin.py:188} INFO - [2026-07-02T17:04:48.436+0000] {dagbag.py:545} INFO - Filling up the DagBag from /usr/local/python/3.12.1/lib/python3.12/site-packages/airflow/example_dags/example_sla_dag.py
[2026-07-02T17:04:48.443+0000] {processor.py:840} INFO - DAG(s) 'example_sla_dag' retrieved from /usr/local/python/3.12.1/lib/python3.12/site-packages/airflow/example_dags/example_sla_dag.py
[2026-07-02T17:04:48.456+0000] {logging_mixin.py:188} INFO - [2026-07-02T17:04:48.456+0000] {dag.py:3089} INFO - Sync 1 DAGs
[2026-07-02T17:04:48.472+0000] {logging_mixin.py:188} INFO - [2026-07-02T17:04:48.472+0000] {dag.py:3947} INFO - Setting next_dagrun for example_sla_dag to 2026-07-02 17:02:00+00:00, run_after=2026-07-02 17:04:00+00:00
[2026-07-02T17:04:48.491+0000] {processor.py:183} INFO - Processing /usr/local/python/3.12.1/lib/python3.12/site-packages/airflow/example_dags/example_sla_dag.py took 0.062 seconds
[2026-07-02T17:05:32.106+0000] {processor.py:161} INFO - Started process (PID=164251) to work on /usr/local/python/3.12.1/lib/python3.12/site-packages/airflow/example_dags/example_sla_dag.py
[2026-07-02T17:05:32.107+0000] {processor.py:830} INFO - Processing file /usr/local/python/3.12.1/lib/python3.12/site-packages/airflow/example_dags/example_sla_dag.py for tasks to queue
[2026-07-02T17:05:32.108+0000] {logging_mixin.py:188} INFO - [2026-07-02T17:05:32.108+0000] {dagbag.py:545} INFO - Filling up the DagBag from /usr/local/python/3.12.1/lib/python3.12/site-packages/airflow/example_dags/example_sla_dag.py
[2026-07-02T17:05:32.115+0000] {processor.py:840} INFO - DAG(s) 'example_sla_dag' retrieved from /usr/local/python/3.12.1/lib/python3.12/site-packages/airflow/example_dags/example_sla_dag.py
[2026-07-02T17:05:32.128+0000] {logging_mixin.py:188} INFO - [2026-07-02T17:05:32.127+0000] {dag.py:3089} INFO - Sync 1 DAGs
[2026-07-02T17:05:32.147+0000] {logging_mixin.py:188} INFO - [2026-07-02T17:05:32.146+0000] {dag.py:3947} INFO - Setting next_dagrun for example_sla_dag to 2026-07-02 17:02:00+00:00, run_after=2026-07-02 17:04:00+00:00
[2026-07-02T17:05:32.165+0000] {processor.py:183} INFO - Processing /usr/local/python/3.12.1/lib/python3.12/site-packages/airflow/example_dags/example_sla_dag.py took 0.064 seconds
[2026-07-02T17:06:15.055+0000] {processor.py:161} INFO - Started process (PID=164689) to work on /usr/local/python/3.12.1/lib/python3.12/site-packages/airflow/example_dags/example_sla_dag.py
[2026-07-02T17:06:15.058+0000] {processor.py:830} INFO - Processing file /usr/local/python/3.12.1/lib/python3.12/site-packages/airflow/example_dags/example_sla_dag.py for tasks to queue
[2026-07-02T17:06:15.060+0000] {logging_mixin.py:188} INFO - [2026-07-02T17:06:15.060+0000] {dagbag.py:545} INFO - Filling up the DagBag from /usr/local/python/3.12.1/lib/python3.12/site-packages/airflow/example_dags/example_sla_dag.py
[2026-07-02T17:06:15.070+0000] {processor.py:840} INFO - DAG(s) 'example_sla_dag' retrieved from /usr/local/python/3.12.1/lib/python3.12/site-packages/airflow/example_dags/example_sla_dag.py
[2026-07-02T17:06:15.100+0000] {logging_mixin.py:188} INFO - [2026-07-02T17:06:15.099+0000] {dag.py:3089} INFO - Sync 1 DAGs
[2026-07-02T17:06:15.143+0000] {logging_mixin.py:188} INFO - [2026-07-02T17:06:15.143+0000] {dag.py:3947} INFO - Setting next_dagrun for example_sla_dag to 2026-07-02 17:04:00+00:00, run_after=2026-07-02 17:06:00+00:00
[2026-07-02T17:06:15.258+0000] {processor.py:183} INFO - Processing /usr/local/python/3.12.1/lib/python3.12/site-packages/airflow/example_dags/example_sla_dag.py took 0.211 seconds
[2026-07-02T17:06:57.359+0000] {processor.py:161} INFO - Started process (PID=165117) to work on /usr/local/python/3.12.1/lib/python3.12/site-packages/airflow/example_dags/example_sla_dag.py
[2026-07-02T17:06:57.360+0000] {processor.py:830} INFO - Processing file /usr/local/python/3.12.1/lib/python3.12/site-packages/airflow/example_dags/example_sla_dag.py for tasks to queue
[2026-07-02T17:06:57.361+0000] {logging_mixin.py:188} INFO - [2026-07-02T17:06:57.361+0000] {dagbag.py:545} INFO - Filling up the DagBag from /usr/local/python/3.12.1/lib/python3.12/site-packages/airflow/example_dags/example_sla_dag.py
[2026-07-02T17:06:57.368+0000] {processor.py:840} INFO - DAG(s) 'example_sla_dag' retrieved from /usr/local/python/3.12.1/lib/python3.12/site-packages/airflow/example_dags/example_sla_dag.py
[2026-07-02T17:06:57.382+0000] {logging_mixin.py:188} INFO - [2026-07-02T17:06:57.382+0000] {dag.py:3089} INFO - Sync 1 DAGs
[2026-07-02T17:06:57.404+0000] {logging_mixin.py:188} INFO - [2026-07-02T17:06:57.404+0000] {dag.py:3947} INFO - Setting next_dagrun for example_sla_dag to 2026-07-02 17:04:00+00:00, run_after=2026-07-02 17:06:00+00:00
[2026-07-02T17:06:57.421+0000] {processor.py:183} INFO - Processing /usr/local/python/3.12.1/lib/python3.12/site-packages/airflow/example_dags/example_sla_dag.py took 0.067 seconds
[2026-07-02T17:07:37.606+0000] {processor.py:161} INFO - Started process (PID=165586) to work on /usr/local/python/3.12.1/lib/python3.12/site-packages/airflow/example_dags/example_sla_dag.py
[2026-07-02T17:07:37.607+0000] {processor.py:830} INFO - Processing file /usr/local/python/3.12.1/lib/python3.12/site-packages/airflow/example_dags/example_sla_dag.py for tasks to queue
[2026-07-02T17:07:37.608+0000] {logging_mixin.py:188} INFO - [2026-07-02T17:07:37.608+0000] {dagbag.py:545} INFO - Filling up the DagBag from /usr/local/python/3.12.1/lib/python3.12/site-packages/airflow/example_dags/example_sla_dag.py
[2026-07-02T17:07:37.615+0000] {processor.py:840} INFO - DAG(s) 'example_sla_dag' retrieved from /usr/local/python/3.12.1/lib/python3.12/site-packages/airflow/example_dags/example_sla_dag.py
[2026-07-02T17:07:37.627+0000] {logging_mixin.py:188} INFO - [2026-07-02T17:07:37.627+0000] {dag.py:3089} INFO - Sync 1 DAGs
[2026-07-02T17:07:37.643+0000] {logging_mixin.py:188} INFO - [2026-07-02T17:07:37.643+0000] {dag.py:3947} INFO - Setting next_dagrun for example_sla_dag to 2026-07-02 17:04:00+00:00, run_after=2026-07-02 17:06:00+00:00
[2026-07-02T17:07:37.659+0000] {processor.py:183} INFO - Processing /usr/local/python/3.12.1/lib/python3.12/site-packages/airflow/example_dags/example_sla_dag.py took 0.058 seconds
[2026-07-02T17:08:21.788+0000] {processor.py:161} INFO - Started process (PID=166041) to work on /usr/local/python/3.12.1/lib/python3.12/site-packages/airflow/example_dags/example_sla_dag.py
[2026-07-02T17:08:21.789+0000] {processor.py:830} INFO - Processing file /usr/local/python/3.12.1/lib/python3.12/site-packages/airflow/example_dags/example_sla_dag.py for tasks to queue
[2026-07-02T17:08:21.791+0000] {logging_mixin.py:188} INFO - [2026-07-02T17:08:21.791+0000] {dagbag.py:545} INFO - Filling up the DagBag from /usr/local/python/3.12.1/lib/python3.12/site-packages/airflow/example_dags/example_sla_dag.py
[2026-07-02T17:08:21.799+0000] {processor.py:840} INFO - DAG(s) 'example_sla_dag' retrieved from /usr/local/python/3.12.1/lib/python3.12/site-packages/airflow/example_dags/example_sla_dag.py
[2026-07-02T17:08:21.811+0000] {logging_mixin.py:188} INFO - [2026-07-02T17:08:21.811+0000] {dag.py:3089} INFO - Sync 1 DAGs
[2026-07-02T17:08:21.828+0000] {logging_mixin.py:188} INFO - [2026-07-02T17:08:21.827+0000] {dag.py:3947} INFO - Setting next_dagrun for example_sla_dag to 2026-07-02 17:06:00+00:00, run_after=2026-07-02 17:08:00+00:00
[2026-07-02T17:08:21.843+0000] {processor.py:183} INFO - Processing /usr/local/python/3.12.1/lib/python3.12/site-packages/airflow/example_dags/example_sla_dag.py took 0.061 seconds
[2026-07-02T17:09:06.877+0000] {processor.py:161} INFO - Started process (PID=166516) to work on /usr/local/python/3.12.1/lib/python3.12/site-packages/airflow/example_dags/example_sla_dag.py
[2026-07-02T17:09:06.878+0000] {processor.py:830} INFO - Processing file /usr/local/python/3.12.1/lib/python3.12/site-packages/airflow/example_dags/example_sla_dag.py for tasks to queue
[2026-07-02T17:09:06.880+0000] {logging_mixin.py:188} INFO - [2026-07-02T17:09:06.880+0000] {dagbag.py:545} INFO - Filling up the DagBag from /usr/local/python/3.12.1/lib/python3.12/site-packages/airflow/example_dags/example_sla_dag.py
[2026-07-02T17:09:06.889+0000] {processor.py:840} INFO - DAG(s) 'example_sla_dag' retrieved from /usr/local/python/3.12.1/lib/python3.12/site-packages/airflow/example_dags/example_sla_dag.py
[2026-07-02T17:09:06.903+0000] {logging_mixin.py:188} INFO - [2026-07-02T17:09:06.903+0000] {dag.py:3089} INFO - Sync 1 DAGs
[2026-07-02T17:09:06.920+0000] {logging_mixin.py:188} INFO - [2026-07-02T17:09:06.920+0000] {dag.py:3947} INFO - Setting next_dagrun for example_sla_dag to 2026-07-02 17:06:00+00:00, run_after=2026-07-02 17:08:00+00:00
[2026-07-02T17:09:07.040+0000] {processor.py:183} INFO - Processing /usr/local/python/3.12.1/lib/python3.12/site-packages/airflow/example_dags/example_sla_dag.py took 0.168 seconds
[2026-07-02T17:09:54.468+0000] {processor.py:161} INFO - Started process (PID=167003) to work on /usr/local/python/3.12.1/lib/python3.12/site-packages/airflow/example_dags/example_sla_dag.py
[2026-07-02T17:09:54.469+0000] {processor.py:830} INFO - Processing file /usr/local/python/3.12.1/lib/python3.12/site-packages/airflow/example_dags/example_sla_dag.py for tasks to queue
[2026-07-02T17:09:54.471+0000] {logging_mixin.py:188} INFO - [2026-07-02T17:09:54.470+0000] {dagbag.py:545} INFO - Filling up the DagBag from /usr/local/python/3.12.1/lib/python3.12/site-packages/airflow/example_dags/example_sla_dag.py
[2026-07-02T17:09:54.478+0000] {processor.py:840} INFO - DAG(s) 'example_sla_dag' retrieved from /usr/local/python/3.12.1/lib/python3.12/site-packages/airflow/example_dags/example_sla_dag.py
[2026-07-02T17:09:54.494+0000] {logging_mixin.py:188} INFO - [2026-07-02T17:09:54.494+0000] {dag.py:3089} INFO - Sync 1 DAGs
[2026-07-02T17:09:54.510+0000] {logging_mixin.py:188} INFO - [2026-07-02T17:09:54.510+0000] {dag.py:3947} INFO - Setting next_dagrun for example_sla_dag to 2026-07-02 17:06:00+00:00, run_after=2026-07-02 17:08:00+00:00
[2026-07-02T17:09:54.527+0000] {processor.py:183} INFO - Processing /usr/local/python/3.12.1/lib/python3.12/site-packages/airflow/example_dags/example_sla_dag.py took 0.063 seconds
[2026-07-02T17:10:39.364+0000] {processor.py:161} INFO - Started process (PID=167506) to work on /usr/local/python/3.12.1/lib/python3.12/site-packages/airflow/example_dags/example_sla_dag.py
[2026-07-02T17:10:39.365+0000] {processor.py:830} INFO - Processing file /usr/local/python/3.12.1/lib/python3.12/site-packages/airflow/example_dags/example_sla_dag.py for tasks to queue
[2026-07-02T17:10:39.366+0000] {logging_mixin.py:188} INFO - [2026-07-02T17:10:39.366+0000] {dagbag.py:545} INFO - Filling up the DagBag from /usr/local/python/3.12.1/lib/python3.12/site-packages/airflow/example_dags/example_sla_dag.py
[2026-07-02T17:10:39.373+0000] {processor.py:840} INFO - DAG(s) 'example_sla_dag' retrieved from /usr/local/python/3.12.1/lib/python3.12/site-packages/airflow/example_dags/example_sla_dag.py
[2026-07-02T17:10:39.388+0000] {logging_mixin.py:188} INFO - [2026-07-02T17:10:39.388+0000] {dag.py:3089} INFO - Sync 1 DAGs
[2026-07-02T17:10:39.407+0000] {logging_mixin.py:188} INFO - [2026-07-02T17:10:39.407+0000] {dag.py:3947} INFO - Setting next_dagrun for example_sla_dag to 2026-07-02 17:08:00+00:00, run_after=2026-07-02 17:10:00+00:00
[2026-07-02T17:10:39.425+0000] {processor.py:183} INFO - Processing /usr/local/python/3.12.1/lib/python3.12/site-packages/airflow/example_dags/example_sla_dag.py took 0.066 seconds
[2026-07-02T17:11:24.778+0000] {processor.py:161} INFO - Started process (PID=167941) to work on /usr/local/python/3.12.1/lib/python3.12/site-packages/airflow/example_dags/example_sla_dag.py
[2026-07-02T17:11:24.779+0000] {processor.py:830} INFO - Processing file /usr/local/python/3.12.1/lib/python3.12/site-packages/airflow/example_dags/example_sla_dag.py for tasks to queue
[2026-07-02T17:11:24.780+0000] {logging_mixin.py:188} INFO - [2026-07-02T17:11:24.780+0000] {dagbag.py:545} INFO - Filling up the DagBag from /usr/local/python/3.12.1/lib/python3.12/site-packages/airflow/example_dags/example_sla_dag.py
[2026-07-02T17:11:24.787+0000] {processor.py:840} INFO - DAG(s) 'example_sla_dag' retrieved from /usr/local/python/3.12.1/lib/python3.12/site-packages/airflow/example_dags/example_sla_dag.py
[2026-07-02T17:11:24.802+0000] {logging_mixin.py:188} INFO - [2026-07-02T17:11:24.802+0000] {dag.py:3089} INFO - Sync 1 DAGs
[2026-07-02T17:11:24.822+0000] {logging_mixin.py:188} INFO - [2026-07-02T17:11:24.822+0000] {dag.py:3947} INFO - Setting next_dagrun for example_sla_dag to 2026-07-02 17:08:00+00:00, run_after=2026-07-02 17:10:00+00:00
[2026-07-02T17:11:24.941+0000] {processor.py:183} INFO - Processing /usr/local/python/3.12.1/lib/python3.12/site-packages/airflow/example_dags/example_sla_dag.py took 0.168 seconds
[2026-07-02T17:12:09.169+0000] {processor.py:161} INFO - Started process (PID=168420) to work on /usr/local/python/3.12.1/lib/python3.12/site-packages/airflow/example_dags/example_sla_dag.py
[2026-07-02T17:12:09.171+0000] {processor.py:830} INFO - Processing file /usr/local/python/3.12.1/lib/python3.12/site-packages/airflow/example_dags/example_sla_dag.py for tasks to queue
[2026-07-02T17:12:09.172+0000] {logging_mixin.py:188} INFO - [2026-07-02T17:12:09.172+0000] {dagbag.py:545} INFO - Filling up the DagBag from /usr/local/python/3.12.1/lib/python3.12/site-packages/airflow/example_dags/example_sla_dag.py
[2026-07-02T17:12:09.179+0000] {processor.py:840} INFO - DAG(s) 'example_sla_dag' retrieved from /usr/local/python/3.12.1/lib/python3.12/site-packages/airflow/example_dags/example_sla_dag.py
[2026-07-02T17:12:09.192+0000] {logging_mixin.py:188} INFO - [2026-07-02T17:12:09.191+0000] {dag.py:3089} INFO - Sync 1 DAGs
[2026-07-02T17:12:09.209+0000] {logging_mixin.py:188} INFO - [2026-07-02T17:12:09.209+0000] {dag.py:3947} INFO - Setting next_dagrun for example_sla_dag to 2026-07-02 17:10:00+00:00, run_after=2026-07-02 17:12:00+00:00
[2026-07-02T17:12:09.225+0000] {processor.py:183} INFO - Processing /usr/local/python/3.12.1/lib/python3.12/site-packages/airflow/example_dags/example_sla_dag.py took 0.061 seconds
[2026-07-02T17:12:52.201+0000] {processor.py:161} INFO - Started process (PID=168895) to work on /usr/local/python/3.12.1/lib/python3.12/site-packages/airflow/example_dags/example_sla_dag.py
[2026-07-02T17:12:52.201+0000] {processor.py:830} INFO - Processing file /usr/local/python/3.12.1/lib/python3.12/site-packages/airflow/example_dags/example_sla_dag.py for tasks to queue
[2026-07-02T17:12:52.203+0000] {logging_mixin.py:188} INFO - [2026-07-02T17:12:52.203+0000] {dagbag.py:545} INFO - Filling up the DagBag from /usr/local/python/3.12.1/lib/python3.12/site-packages/airflow/example_dags/example_sla_dag.py
[2026-07-02T17:12:52.210+0000] {processor.py:840} INFO - DAG(s) 'example_sla_dag' retrieved from /usr/local/python/3.12.1/lib/python3.12/site-packages/airflow/example_dags/example_sla_dag.py
[2026-07-02T17:12:52.222+0000] {logging_mixin.py:188} INFO - [2026-07-02T17:12:52.222+0000] {dag.py:3089} INFO - Sync 1 DAGs
[2026-07-02T17:12:52.239+0000] {logging_mixin.py:188} INFO - [2026-07-02T17:12:52.239+0000] {dag.py:3947} INFO - Setting next_dagrun for example_sla_dag to 2026-07-02 17:10:00+00:00, run_after=2026-07-02 17:12:00+00:00
[2026-07-02T17:12:52.256+0000] {processor.py:183} INFO - Processing /usr/local/python/3.12.1/lib/python3.12/site-packages/airflow/example_dags/example_sla_dag.py took 0.060 seconds
[2026-07-02T17:13:32.517+0000] {processor.py:161} INFO - Started process (PID=169354) to work on /usr/local/python/3.12.1/lib/python3.12/site-packages/airflow/example_dags/example_sla_dag.py
[2026-07-02T17:13:32.517+0000] {processor.py:830} INFO - Processing file /usr/local/python/3.12.1/lib/python3.12/site-packages/airflow/example_dags/example_sla_dag.py for tasks to queue
[2026-07-02T17:13:32.519+0000] {logging_mixin.py:188} INFO - [2026-07-02T17:13:32.519+0000] {dagbag.py:545} INFO - Filling up the DagBag from /usr/local/python/3.12.1/lib/python3.12/site-packages/airflow/example_dags/example_sla_dag.py
[2026-07-02T17:13:32.526+0000] {processor.py:840} INFO - DAG(s) 'example_sla_dag' retrieved from /usr/local/python/3.12.1/lib/python3.12/site-packages/airflow/example_dags/example_sla_dag.py
[2026-07-02T17:13:32.539+0000] {logging_mixin.py:188} INFO - [2026-07-02T17:13:32.539+0000] {dag.py:3089} INFO - Sync 1 DAGs
[2026-07-02T17:13:32.556+0000] {logging_mixin.py:188} INFO - [2026-07-02T17:13:32.556+0000] {dag.py:3947} INFO - Setting next_dagrun for example_sla_dag to 2026-07-02 17:10:00+00:00, run_after=2026-07-02 17:12:00+00:00
[2026-07-02T17:13:32.574+0000] {processor.py:183} INFO - Processing /usr/local/python/3.12.1/lib/python3.12/site-packages/airflow/example_dags/example_sla_dag.py took 0.062 seconds
[2026-07-02T17:14:13.932+0000] {processor.py:161} INFO - Started process (PID=169776) to work on /usr/local/python/3.12.1/lib/python3.12/site-packages/airflow/example_dags/example_sla_dag.py
[2026-07-02T17:14:13.933+0000] {processor.py:830} INFO - Processing file /usr/local/python/3.12.1/lib/python3.12/site-packages/airflow/example_dags/example_sla_dag.py for tasks to queue
[2026-07-02T17:14:13.935+0000] {logging_mixin.py:188} INFO - [2026-07-02T17:14:13.934+0000] {dagbag.py:545} INFO - Filling up the DagBag from /usr/local/python/3.12.1/lib/python3.12/site-packages/airflow/example_dags/example_sla_dag.py
[2026-07-02T17:14:13.942+0000] {processor.py:840} INFO - DAG(s) 'example_sla_dag' retrieved from /usr/local/python/3.12.1/lib/python3.12/site-packages/airflow/example_dags/example_sla_dag.py
[2026-07-02T17:14:13.954+0000] {logging_mixin.py:188} INFO - [2026-07-02T17:14:13.953+0000] {dag.py:3089} INFO - Sync 1 DAGs
[2026-07-02T17:14:13.970+0000] {logging_mixin.py:188} INFO - [2026-07-02T17:14:13.970+0000] {dag.py:3947} INFO - Setting next_dagrun for example_sla_dag to 2026-07-02 17:12:00+00:00, run_after=2026-07-02 17:14:00+00:00
[2026-07-02T17:14:13.991+0000] {processor.py:183} INFO - Processing /usr/local/python/3.12.1/lib/python3.12/site-packages/airflow/example_dags/example_sla_dag.py took 0.063 seconds
[2026-07-02T17:14:57.987+0000] {processor.py:161} INFO - Started process (PID=170209) to work on /usr/local/python/3.12.1/lib/python3.12/site-packages/airflow/example_dags/example_sla_dag.py
[2026-07-02T17:14:57.988+0000] {processor.py:830} INFO - Processing file /usr/local/python/3.12.1/lib/python3.12/site-packages/airflow/example_dags/example_sla_dag.py for tasks to queue
[2026-07-02T17:14:57.989+0000] {logging_mixin.py:188} INFO - [2026-07-02T17:14:57.989+0000] {dagbag.py:545} INFO - Filling up the DagBag from /usr/local/python/3.12.1/lib/python3.12/site-packages/airflow/example_dags/example_sla_dag.py
[2026-07-02T17:14:57.997+0000] {processor.py:840} INFO - DAG(s) 'example_sla_dag' retrieved from /usr/local/python/3.12.1/lib/python3.12/site-packages/airflow/example_dags/example_sla_dag.py
[2026-07-02T17:14:58.013+0000] {logging_mixin.py:188} INFO - [2026-07-02T17:14:58.013+0000] {dag.py:3089} INFO - Sync 1 DAGs
[2026-07-02T17:14:58.030+0000] {logging_mixin.py:188} INFO - [2026-07-02T17:14:58.030+0000] {dag.py:3947} INFO - Setting next_dagrun for example_sla_dag to 2026-07-02 17:12:00+00:00, run_after=2026-07-02 17:14:00+00:00
[2026-07-02T17:14:58.046+0000] {processor.py:183} INFO - Processing /usr/local/python/3.12.1/lib/python3.12/site-packages/airflow/example_dags/example_sla_dag.py took 0.064 seconds
[2026-07-02T17:15:39.226+0000] {processor.py:161} INFO - Started process (PID=170671) to work on /usr/local/python/3.12.1/lib/python3.12/site-packages/airflow/example_dags/example_sla_dag.py
[2026-07-02T17:15:39.227+0000] {processor.py:830} INFO - Processing file /usr/local/python/3.12.1/lib/python3.12/site-packages/airflow/example_dags/example_sla_dag.py for tasks to queue
[2026-07-02T17:15:39.229+0000] {logging_mixin.py:188} INFO - [2026-07-02T17:15:39.228+0000] {dagbag.py:545} INFO - Filling up the DagBag from /usr/local/python/3.12.1/lib/python3.12/site-packages/airflow/example_dags/example_sla_dag.py
[2026-07-02T17:15:39.236+0000] {processor.py:840} INFO - DAG(s) 'example_sla_dag' retrieved from /usr/local/python/3.12.1/lib/python3.12/site-packages/airflow/example_dags/example_sla_dag.py
[2026-07-02T17:15:39.248+0000] {logging_mixin.py:188} INFO - [2026-07-02T17:15:39.248+0000] {dag.py:3089} INFO - Sync 1 DAGs
[2026-07-02T17:15:39.265+0000] {logging_mixin.py:188} INFO - [2026-07-02T17:15:39.264+0000] {dag.py:3947} INFO - Setting next_dagrun for example_sla_dag to 2026-07-02 17:12:00+00:00, run_after=2026-07-02 17:14:00+00:00
[2026-07-02T17:15:39.285+0000] {processor.py:183} INFO - Processing /usr/local/python/3.12.1/lib/python3.12/site-packages/airflow/example_dags/example_sla_dag.py took 0.066 seconds
[2026-07-02T17:16:15.836+0000] {processor.py:161} INFO - Started process (PID=171070) to work on /usr/local/python/3.12.1/lib/python3.12/site-packages/airflow/example_dags/example_sla_dag.py
[2026-07-02T17:16:15.837+0000] {processor.py:830} INFO - Processing file /usr/local/python/3.12.1/lib/python3.12/site-packages/airflow/example_dags/example_sla_dag.py for tasks to queue
[2026-07-02T17:16:15.839+0000] {logging_mixin.py:188} INFO - [2026-07-02T17:16:15.839+0000] {dagbag.py:545} INFO - Filling up the DagBag from /usr/local/python/3.12.1/lib/python3.12/site-packages/airflow/example_dags/example_sla_dag.py
[2026-07-02T17:16:15.847+0000] {processor.py:840} INFO - DAG(s) 'example_sla_dag' retrieved from /usr/local/python/3.12.1/lib/python3.12/site-packages/airflow/example_dags/example_sla_dag.py
[2026-07-02T17:16:15.859+0000] {logging_mixin.py:188} INFO - [2026-07-02T17:16:15.859+0000] {dag.py:3089} INFO - Sync 1 DAGs
[2026-07-02T17:16:15.876+0000] {logging_mixin.py:188} INFO - [2026-07-02T17:16:15.876+0000] {dag.py:3947} INFO - Setting next_dagrun for example_sla_dag to 2026-07-02 17:14:00+00:00, run_after=2026-07-02 17:16:00+00:00
[2026-07-02T17:16:15.897+0000] {processor.py:183} INFO - Processing /usr/local/python/3.12.1/lib/python3.12/site-packages/airflow/example_dags/example_sla_dag.py took 0.066 seconds
[2026-07-02T17:16:57.138+0000] {processor.py:161} INFO - Started process (PID=171496) to work on /usr/local/python/3.12.1/lib/python3.12/site-packages/airflow/example_dags/example_sla_dag.py
[2026-07-02T17:16:57.139+0000] {processor.py:830} INFO - Processing file /usr/local/python/3.12.1/lib/python3.12/site-packages/airflow/example_dags/example_sla_dag.py for tasks to queue
[2026-07-02T17:16:57.141+0000] {logging_mixin.py:188} INFO - [2026-07-02T17:16:57.140+0000] {dagbag.py:545} INFO - Filling up the DagBag from /usr/local/python/3.12.1/lib/python3.12/site-packages/airflow/example_dags/example_sla_dag.py
[2026-07-02T17:16:57.147+0000] {processor.py:840} INFO - DAG(s) 'example_sla_dag' retrieved from /usr/local/python/3.12.1/lib/python3.12/site-packages/airflow/example_dags/example_sla_dag.py
[2026-07-02T17:16:57.159+0000] {logging_mixin.py:188} INFO - [2026-07-02T17:16:57.159+0000] {dag.py:3089} INFO - Sync 1 DAGs
[2026-07-02T17:16:57.176+0000] {logging_mixin.py:188} INFO - [2026-07-02T17:16:57.175+0000] {dag.py:3947} INFO - Setting next_dagrun for example_sla_dag to 2026-07-02 17:14:00+00:00, run_after=2026-07-02 17:16:00+00:00
[2026-07-02T17:16:57.196+0000] {processor.py:183} INFO - Processing /usr/local/python/3.12.1/lib/python3.12/site-packages/airflow/example_dags/example_sla_dag.py took 0.063 seconds
