[2026-07-02T16:24:26.164+0000] {processor.py:161} INFO - Started process (PID=117730) to work on /usr/local/python/3.12.1/lib/python3.12/site-packages/airflow/example_dags/example_python_operator.py
[2026-07-02T16:24:26.165+0000] {processor.py:830} INFO - Processing file /usr/local/python/3.12.1/lib/python3.12/site-packages/airflow/example_dags/example_python_operator.py for tasks to queue
[2026-07-02T16:24:26.166+0000] {logging_mixin.py:188} INFO - [2026-07-02T16:24:26.166+0000] {dagbag.py:545} INFO - Filling up the DagBag from /usr/local/python/3.12.1/lib/python3.12/site-packages/airflow/example_dags/example_python_operator.py
[2026-07-02T16:24:26.174+0000] {processor.py:840} INFO - DAG(s) 'example_python_operator' retrieved from /usr/local/python/3.12.1/lib/python3.12/site-packages/airflow/example_dags/example_python_operator.py
[2026-07-02T16:24:26.273+0000] {logging_mixin.py:188} INFO - [2026-07-02T16:24:26.272+0000] {override.py:1858} INFO - Created Permission View: can delete on DAG:example_python_operator
[2026-07-02T16:24:26.286+0000] {logging_mixin.py:188} INFO - [2026-07-02T16:24:26.286+0000] {override.py:1858} INFO - Created Permission View: can read on DAG:example_python_operator
[2026-07-02T16:24:26.295+0000] {logging_mixin.py:188} INFO - [2026-07-02T16:24:26.295+0000] {override.py:1858} INFO - Created Permission View: can edit on DAG:example_python_operator
[2026-07-02T16:24:26.295+0000] {logging_mixin.py:188} INFO - [2026-07-02T16:24:26.295+0000] {dag.py:3089} INFO - Sync 1 DAGs
[2026-07-02T16:24:26.304+0000] {logging_mixin.py:188} INFO - [2026-07-02T16:24:26.303+0000] {dag.py:3111} INFO - Creating ORM DAG for example_python_operator
[2026-07-02T16:24:26.304+0000] {logging_mixin.py:188} INFO - [2026-07-02T16:24:26.304+0000] {dag.py:3947} INFO - Setting next_dagrun for example_python_operator to None, run_after=None
[2026-07-02T16:24:26.319+0000] {processor.py:183} INFO - Processing /usr/local/python/3.12.1/lib/python3.12/site-packages/airflow/example_dags/example_python_operator.py took 0.160 seconds
[2026-07-02T16:25:19.274+0000] {processor.py:161} INFO - Started process (PID=118494) to work on /usr/local/python/3.12.1/lib/python3.12/site-packages/airflow/example_dags/example_python_operator.py
[2026-07-02T16:25:19.275+0000] {processor.py:830} INFO - Processing file /usr/local/python/3.12.1/lib/python3.12/site-packages/airflow/example_dags/example_python_operator.py for tasks to queue
[2026-07-02T16:25:19.277+0000] {logging_mixin.py:188} INFO - [2026-07-02T16:25:19.277+0000] {dagbag.py:545} INFO - Filling up the DagBag from /usr/local/python/3.12.1/lib/python3.12/site-packages/airflow/example_dags/example_python_operator.py
[2026-07-02T16:25:19.291+0000] {processor.py:840} INFO - DAG(s) 'example_python_operator' retrieved from /usr/local/python/3.12.1/lib/python3.12/site-packages/airflow/example_dags/example_python_operator.py
[2026-07-02T16:25:19.307+0000] {logging_mixin.py:188} INFO - [2026-07-02T16:25:19.307+0000] {dag.py:3089} INFO - Sync 1 DAGs
[2026-07-02T16:25:19.317+0000] {logging_mixin.py:188} INFO - [2026-07-02T16:25:19.317+0000] {dag.py:3947} INFO - Setting next_dagrun for example_python_operator to None, run_after=None
[2026-07-02T16:25:19.334+0000] {processor.py:183} INFO - Processing /usr/local/python/3.12.1/lib/python3.12/site-packages/airflow/example_dags/example_python_operator.py took 0.065 seconds
[2026-07-02T16:26:15.502+0000] {processor.py:161} INFO - Started process (PID=125356) to work on /usr/local/python/3.12.1/lib/python3.12/site-packages/airflow/example_dags/example_python_operator.py
[2026-07-02T16:26:15.504+0000] {processor.py:830} INFO - Processing file /usr/local/python/3.12.1/lib/python3.12/site-packages/airflow/example_dags/example_python_operator.py for tasks to queue
[2026-07-02T16:26:15.509+0000] {logging_mixin.py:188} INFO - [2026-07-02T16:26:15.508+0000] {dagbag.py:545} INFO - Filling up the DagBag from /usr/local/python/3.12.1/lib/python3.12/site-packages/airflow/example_dags/example_python_operator.py
[2026-07-02T16:26:15.537+0000] {processor.py:840} INFO - DAG(s) 'example_python_operator' retrieved from /usr/local/python/3.12.1/lib/python3.12/site-packages/airflow/example_dags/example_python_operator.py
[2026-07-02T16:26:15.594+0000] {logging_mixin.py:188} INFO - [2026-07-02T16:26:15.591+0000] {dag.py:3089} INFO - Sync 1 DAGs
[2026-07-02T16:26:15.639+0000] {logging_mixin.py:188} INFO - [2026-07-02T16:26:15.639+0000] {dag.py:3947} INFO - Setting next_dagrun for example_python_operator to None, run_after=None
[2026-07-02T16:26:15.732+0000] {processor.py:183} INFO - Processing /usr/local/python/3.12.1/lib/python3.12/site-packages/airflow/example_dags/example_python_operator.py took 0.243 seconds
[2026-07-02T16:27:28.569+0000] {processor.py:161} INFO - Started process (PID=128233) to work on /usr/local/python/3.12.1/lib/python3.12/site-packages/airflow/example_dags/example_python_operator.py
[2026-07-02T16:27:28.570+0000] {processor.py:830} INFO - Processing file /usr/local/python/3.12.1/lib/python3.12/site-packages/airflow/example_dags/example_python_operator.py for tasks to queue
[2026-07-02T16:27:28.572+0000] {logging_mixin.py:188} INFO - [2026-07-02T16:27:28.572+0000] {dagbag.py:545} INFO - Filling up the DagBag from /usr/local/python/3.12.1/lib/python3.12/site-packages/airflow/example_dags/example_python_operator.py
[2026-07-02T16:27:28.583+0000] {processor.py:840} INFO - DAG(s) 'example_python_operator' retrieved from /usr/local/python/3.12.1/lib/python3.12/site-packages/airflow/example_dags/example_python_operator.py
[2026-07-02T16:27:28.603+0000] {logging_mixin.py:188} INFO - [2026-07-02T16:27:28.603+0000] {dag.py:3089} INFO - Sync 1 DAGs
[2026-07-02T16:27:28.612+0000] {logging_mixin.py:188} INFO - [2026-07-02T16:27:28.612+0000] {dag.py:3947} INFO - Setting next_dagrun for example_python_operator to None, run_after=None
[2026-07-02T16:27:28.629+0000] {processor.py:183} INFO - Processing /usr/local/python/3.12.1/lib/python3.12/site-packages/airflow/example_dags/example_python_operator.py took 0.065 seconds
[2026-07-02T16:28:23.276+0000] {processor.py:161} INFO - Started process (PID=129042) to work on /usr/local/python/3.12.1/lib/python3.12/site-packages/airflow/example_dags/example_python_operator.py
[2026-07-02T16:28:23.281+0000] {processor.py:830} INFO - Processing file /usr/local/python/3.12.1/lib/python3.12/site-packages/airflow/example_dags/example_python_operator.py for tasks to queue
[2026-07-02T16:28:23.284+0000] {logging_mixin.py:188} INFO - [2026-07-02T16:28:23.284+0000] {dagbag.py:545} INFO - Filling up the DagBag from /usr/local/python/3.12.1/lib/python3.12/site-packages/airflow/example_dags/example_python_operator.py
[2026-07-02T16:28:23.303+0000] {processor.py:840} INFO - DAG(s) 'example_python_operator' retrieved from /usr/local/python/3.12.1/lib/python3.12/site-packages/airflow/example_dags/example_python_operator.py
[2026-07-02T16:28:23.328+0000] {logging_mixin.py:188} INFO - [2026-07-02T16:28:23.327+0000] {dag.py:3089} INFO - Sync 1 DAGs
[2026-07-02T16:28:23.341+0000] {logging_mixin.py:188} INFO - [2026-07-02T16:28:23.341+0000] {dag.py:3947} INFO - Setting next_dagrun for example_python_operator to None, run_after=None
[2026-07-02T16:28:23.384+0000] {processor.py:183} INFO - Processing /usr/local/python/3.12.1/lib/python3.12/site-packages/airflow/example_dags/example_python_operator.py took 0.115 seconds
[2026-07-02T16:29:27.666+0000] {processor.py:161} INFO - Started process (PID=129870) to work on /usr/local/python/3.12.1/lib/python3.12/site-packages/airflow/example_dags/example_python_operator.py
[2026-07-02T16:29:27.667+0000] {processor.py:830} INFO - Processing file /usr/local/python/3.12.1/lib/python3.12/site-packages/airflow/example_dags/example_python_operator.py for tasks to queue
[2026-07-02T16:29:27.668+0000] {logging_mixin.py:188} INFO - [2026-07-02T16:29:27.668+0000] {dagbag.py:545} INFO - Filling up the DagBag from /usr/local/python/3.12.1/lib/python3.12/site-packages/airflow/example_dags/example_python_operator.py
[2026-07-02T16:29:27.678+0000] {processor.py:840} INFO - DAG(s) 'example_python_operator' retrieved from /usr/local/python/3.12.1/lib/python3.12/site-packages/airflow/example_dags/example_python_operator.py
[2026-07-02T16:29:27.827+0000] {logging_mixin.py:188} INFO - [2026-07-02T16:29:27.827+0000] {dag.py:3089} INFO - Sync 1 DAGs
[2026-07-02T16:29:27.840+0000] {logging_mixin.py:188} INFO - [2026-07-02T16:29:27.840+0000] {dag.py:3947} INFO - Setting next_dagrun for example_python_operator to None, run_after=None
[2026-07-02T16:29:27.888+0000] {processor.py:183} INFO - Processing /usr/local/python/3.12.1/lib/python3.12/site-packages/airflow/example_dags/example_python_operator.py took 0.226 seconds
[2026-07-02T16:30:23.890+0000] {processor.py:161} INFO - Started process (PID=130506) to work on /usr/local/python/3.12.1/lib/python3.12/site-packages/airflow/example_dags/example_python_operator.py
[2026-07-02T16:30:23.891+0000] {processor.py:830} INFO - Processing file /usr/local/python/3.12.1/lib/python3.12/site-packages/airflow/example_dags/example_python_operator.py for tasks to queue
[2026-07-02T16:30:23.893+0000] {logging_mixin.py:188} INFO - [2026-07-02T16:30:23.893+0000] {dagbag.py:545} INFO - Filling up the DagBag from /usr/local/python/3.12.1/lib/python3.12/site-packages/airflow/example_dags/example_python_operator.py
[2026-07-02T16:30:23.906+0000] {processor.py:840} INFO - DAG(s) 'example_python_operator' retrieved from /usr/local/python/3.12.1/lib/python3.12/site-packages/airflow/example_dags/example_python_operator.py
[2026-07-02T16:30:23.929+0000] {logging_mixin.py:188} INFO - [2026-07-02T16:30:23.928+0000] {dag.py:3089} INFO - Sync 1 DAGs
[2026-07-02T16:30:23.944+0000] {logging_mixin.py:188} INFO - [2026-07-02T16:30:23.944+0000] {dag.py:3947} INFO - Setting next_dagrun for example_python_operator to None, run_after=None
[2026-07-02T16:30:23.968+0000] {processor.py:183} INFO - Processing /usr/local/python/3.12.1/lib/python3.12/site-packages/airflow/example_dags/example_python_operator.py took 0.084 seconds
[2026-07-02T16:31:14.180+0000] {processor.py:161} INFO - Started process (PID=131051) to work on /usr/local/python/3.12.1/lib/python3.12/site-packages/airflow/example_dags/example_python_operator.py
[2026-07-02T16:31:14.185+0000] {processor.py:830} INFO - Processing file /usr/local/python/3.12.1/lib/python3.12/site-packages/airflow/example_dags/example_python_operator.py for tasks to queue
[2026-07-02T16:31:14.190+0000] {logging_mixin.py:188} INFO - [2026-07-02T16:31:14.190+0000] {dagbag.py:545} INFO - Filling up the DagBag from /usr/local/python/3.12.1/lib/python3.12/site-packages/airflow/example_dags/example_python_operator.py
[2026-07-02T16:31:14.248+0000] {processor.py:840} INFO - DAG(s) 'example_python_operator' retrieved from /usr/local/python/3.12.1/lib/python3.12/site-packages/airflow/example_dags/example_python_operator.py
[2026-07-02T16:31:14.312+0000] {logging_mixin.py:188} INFO - [2026-07-02T16:31:14.312+0000] {dag.py:3089} INFO - Sync 1 DAGs
[2026-07-02T16:31:14.350+0000] {logging_mixin.py:188} INFO - [2026-07-02T16:31:14.349+0000] {dag.py:3947} INFO - Setting next_dagrun for example_python_operator to None, run_after=None
[2026-07-02T16:31:14.389+0000] {processor.py:183} INFO - Processing /usr/local/python/3.12.1/lib/python3.12/site-packages/airflow/example_dags/example_python_operator.py took 0.229 seconds
[2026-07-02T16:32:02.868+0000] {processor.py:161} INFO - Started process (PID=131609) to work on /usr/local/python/3.12.1/lib/python3.12/site-packages/airflow/example_dags/example_python_operator.py
[2026-07-02T16:32:02.868+0000] {processor.py:830} INFO - Processing file /usr/local/python/3.12.1/lib/python3.12/site-packages/airflow/example_dags/example_python_operator.py for tasks to queue
[2026-07-02T16:32:02.870+0000] {logging_mixin.py:188} INFO - [2026-07-02T16:32:02.869+0000] {dagbag.py:545} INFO - Filling up the DagBag from /usr/local/python/3.12.1/lib/python3.12/site-packages/airflow/example_dags/example_python_operator.py
[2026-07-02T16:32:02.880+0000] {processor.py:840} INFO - DAG(s) 'example_python_operator' retrieved from /usr/local/python/3.12.1/lib/python3.12/site-packages/airflow/example_dags/example_python_operator.py
[2026-07-02T16:32:02.897+0000] {logging_mixin.py:188} INFO - [2026-07-02T16:32:02.897+0000] {dag.py:3089} INFO - Sync 1 DAGs
[2026-07-02T16:32:02.906+0000] {logging_mixin.py:188} INFO - [2026-07-02T16:32:02.906+0000] {dag.py:3947} INFO - Setting next_dagrun for example_python_operator to None, run_after=None
[2026-07-02T16:32:02.923+0000] {processor.py:183} INFO - Processing /usr/local/python/3.12.1/lib/python3.12/site-packages/airflow/example_dags/example_python_operator.py took 0.060 seconds
[2026-07-02T16:32:53.798+0000] {processor.py:161} INFO - Started process (PID=133294) to work on /usr/local/python/3.12.1/lib/python3.12/site-packages/airflow/example_dags/example_python_operator.py
[2026-07-02T16:32:53.799+0000] {processor.py:830} INFO - Processing file /usr/local/python/3.12.1/lib/python3.12/site-packages/airflow/example_dags/example_python_operator.py for tasks to queue
[2026-07-02T16:32:53.801+0000] {logging_mixin.py:188} INFO - [2026-07-02T16:32:53.800+0000] {dagbag.py:545} INFO - Filling up the DagBag from /usr/local/python/3.12.1/lib/python3.12/site-packages/airflow/example_dags/example_python_operator.py
[2026-07-02T16:32:53.810+0000] {processor.py:840} INFO - DAG(s) 'example_python_operator' retrieved from /usr/local/python/3.12.1/lib/python3.12/site-packages/airflow/example_dags/example_python_operator.py
[2026-07-02T16:32:53.825+0000] {logging_mixin.py:188} INFO - [2026-07-02T16:32:53.825+0000] {dag.py:3089} INFO - Sync 1 DAGs
[2026-07-02T16:32:53.835+0000] {logging_mixin.py:188} INFO - [2026-07-02T16:32:53.835+0000] {dag.py:3947} INFO - Setting next_dagrun for example_python_operator to None, run_after=None
[2026-07-02T16:32:53.852+0000] {processor.py:183} INFO - Processing /usr/local/python/3.12.1/lib/python3.12/site-packages/airflow/example_dags/example_python_operator.py took 0.059 seconds
[2026-07-02T16:33:44.008+0000] {processor.py:161} INFO - Started process (PID=133913) to work on /usr/local/python/3.12.1/lib/python3.12/site-packages/airflow/example_dags/example_python_operator.py
[2026-07-02T16:33:44.009+0000] {processor.py:830} INFO - Processing file /usr/local/python/3.12.1/lib/python3.12/site-packages/airflow/example_dags/example_python_operator.py for tasks to queue
[2026-07-02T16:33:44.013+0000] {logging_mixin.py:188} INFO - [2026-07-02T16:33:44.013+0000] {dagbag.py:545} INFO - Filling up the DagBag from /usr/local/python/3.12.1/lib/python3.12/site-packages/airflow/example_dags/example_python_operator.py
[2026-07-02T16:33:44.049+0000] {processor.py:840} INFO - DAG(s) 'example_python_operator' retrieved from /usr/local/python/3.12.1/lib/python3.12/site-packages/airflow/example_dags/example_python_operator.py
[2026-07-02T16:33:44.124+0000] {logging_mixin.py:188} INFO - [2026-07-02T16:33:44.123+0000] {dag.py:3089} INFO - Sync 1 DAGs
[2026-07-02T16:33:44.210+0000] {logging_mixin.py:188} INFO - [2026-07-02T16:33:44.209+0000] {dag.py:3947} INFO - Setting next_dagrun for example_python_operator to None, run_after=None
[2026-07-02T16:33:44.284+0000] {processor.py:183} INFO - Processing /usr/local/python/3.12.1/lib/python3.12/site-packages/airflow/example_dags/example_python_operator.py took 0.292 seconds
[2026-07-02T16:34:32.799+0000] {processor.py:161} INFO - Started process (PID=134568) to work on /usr/local/python/3.12.1/lib/python3.12/site-packages/airflow/example_dags/example_python_operator.py
[2026-07-02T16:34:32.803+0000] {processor.py:830} INFO - Processing file /usr/local/python/3.12.1/lib/python3.12/site-packages/airflow/example_dags/example_python_operator.py for tasks to queue
[2026-07-02T16:34:32.805+0000] {logging_mixin.py:188} INFO - [2026-07-02T16:34:32.805+0000] {dagbag.py:545} INFO - Filling up the DagBag from /usr/local/python/3.12.1/lib/python3.12/site-packages/airflow/example_dags/example_python_operator.py
[2026-07-02T16:34:32.821+0000] {processor.py:840} INFO - DAG(s) 'example_python_operator' retrieved from /usr/local/python/3.12.1/lib/python3.12/site-packages/airflow/example_dags/example_python_operator.py
[2026-07-02T16:34:32.849+0000] {logging_mixin.py:188} INFO - [2026-07-02T16:34:32.849+0000] {dag.py:3089} INFO - Sync 1 DAGs
[2026-07-02T16:34:32.865+0000] {logging_mixin.py:188} INFO - [2026-07-02T16:34:32.864+0000] {dag.py:3947} INFO - Setting next_dagrun for example_python_operator to None, run_after=None
[2026-07-02T16:34:32.894+0000] {processor.py:183} INFO - Processing /usr/local/python/3.12.1/lib/python3.12/site-packages/airflow/example_dags/example_python_operator.py took 0.102 seconds
[2026-07-02T16:35:26.285+0000] {processor.py:161} INFO - Started process (PID=135970) to work on /usr/local/python/3.12.1/lib/python3.12/site-packages/airflow/example_dags/example_python_operator.py
[2026-07-02T16:35:26.299+0000] {processor.py:830} INFO - Processing file /usr/local/python/3.12.1/lib/python3.12/site-packages/airflow/example_dags/example_python_operator.py for tasks to queue
[2026-07-02T16:35:26.302+0000] {logging_mixin.py:188} INFO - [2026-07-02T16:35:26.301+0000] {dagbag.py:545} INFO - Filling up the DagBag from /usr/local/python/3.12.1/lib/python3.12/site-packages/airflow/example_dags/example_python_operator.py
[2026-07-02T16:35:26.329+0000] {processor.py:840} INFO - DAG(s) 'example_python_operator' retrieved from /usr/local/python/3.12.1/lib/python3.12/site-packages/airflow/example_dags/example_python_operator.py
[2026-07-02T16:35:26.361+0000] {logging_mixin.py:188} INFO - [2026-07-02T16:35:26.361+0000] {dag.py:3089} INFO - Sync 1 DAGs
[2026-07-02T16:35:26.377+0000] {logging_mixin.py:188} INFO - [2026-07-02T16:35:26.376+0000] {dag.py:3947} INFO - Setting next_dagrun for example_python_operator to None, run_after=None
[2026-07-02T16:35:26.545+0000] {processor.py:183} INFO - Processing /usr/local/python/3.12.1/lib/python3.12/site-packages/airflow/example_dags/example_python_operator.py took 0.275 seconds
[2026-07-02T16:36:22.443+0000] {processor.py:161} INFO - Started process (PID=136702) to work on /usr/local/python/3.12.1/lib/python3.12/site-packages/airflow/example_dags/example_python_operator.py
[2026-07-02T16:36:22.444+0000] {processor.py:830} INFO - Processing file /usr/local/python/3.12.1/lib/python3.12/site-packages/airflow/example_dags/example_python_operator.py for tasks to queue
[2026-07-02T16:36:22.446+0000] {logging_mixin.py:188} INFO - [2026-07-02T16:36:22.445+0000] {dagbag.py:545} INFO - Filling up the DagBag from /usr/local/python/3.12.1/lib/python3.12/site-packages/airflow/example_dags/example_python_operator.py
[2026-07-02T16:36:22.460+0000] {processor.py:840} INFO - DAG(s) 'example_python_operator' retrieved from /usr/local/python/3.12.1/lib/python3.12/site-packages/airflow/example_dags/example_python_operator.py
[2026-07-02T16:36:22.483+0000] {logging_mixin.py:188} INFO - [2026-07-02T16:36:22.483+0000] {dag.py:3089} INFO - Sync 1 DAGs
[2026-07-02T16:36:22.496+0000] {logging_mixin.py:188} INFO - [2026-07-02T16:36:22.496+0000] {dag.py:3947} INFO - Setting next_dagrun for example_python_operator to None, run_after=None
[2026-07-02T16:36:22.512+0000] {processor.py:183} INFO - Processing /usr/local/python/3.12.1/lib/python3.12/site-packages/airflow/example_dags/example_python_operator.py took 0.077 seconds
[2026-07-02T16:37:05.943+0000] {processor.py:161} INFO - Started process (PID=137291) to work on /usr/local/python/3.12.1/lib/python3.12/site-packages/airflow/example_dags/example_python_operator.py
[2026-07-02T16:37:05.944+0000] {processor.py:830} INFO - Processing file /usr/local/python/3.12.1/lib/python3.12/site-packages/airflow/example_dags/example_python_operator.py for tasks to queue
[2026-07-02T16:37:05.949+0000] {logging_mixin.py:188} INFO - [2026-07-02T16:37:05.945+0000] {dagbag.py:545} INFO - Filling up the DagBag from /usr/local/python/3.12.1/lib/python3.12/site-packages/airflow/example_dags/example_python_operator.py
[2026-07-02T16:37:05.979+0000] {processor.py:840} INFO - DAG(s) 'example_python_operator' retrieved from /usr/local/python/3.12.1/lib/python3.12/site-packages/airflow/example_dags/example_python_operator.py
[2026-07-02T16:37:06.022+0000] {logging_mixin.py:188} INFO - [2026-07-02T16:37:06.022+0000] {dag.py:3089} INFO - Sync 1 DAGs
[2026-07-02T16:37:06.046+0000] {logging_mixin.py:188} INFO - [2026-07-02T16:37:06.046+0000] {dag.py:3947} INFO - Setting next_dagrun for example_python_operator to None, run_after=None
[2026-07-02T16:37:06.088+0000] {processor.py:183} INFO - Processing /usr/local/python/3.12.1/lib/python3.12/site-packages/airflow/example_dags/example_python_operator.py took 0.151 seconds
[2026-07-02T16:37:53.800+0000] {processor.py:161} INFO - Started process (PID=138572) to work on /usr/local/python/3.12.1/lib/python3.12/site-packages/airflow/example_dags/example_python_operator.py
[2026-07-02T16:37:53.801+0000] {processor.py:830} INFO - Processing file /usr/local/python/3.12.1/lib/python3.12/site-packages/airflow/example_dags/example_python_operator.py for tasks to queue
[2026-07-02T16:37:53.803+0000] {logging_mixin.py:188} INFO - [2026-07-02T16:37:53.803+0000] {dagbag.py:545} INFO - Filling up the DagBag from /usr/local/python/3.12.1/lib/python3.12/site-packages/airflow/example_dags/example_python_operator.py
[2026-07-02T16:37:53.815+0000] {processor.py:840} INFO - DAG(s) 'example_python_operator' retrieved from /usr/local/python/3.12.1/lib/python3.12/site-packages/airflow/example_dags/example_python_operator.py
[2026-07-02T16:37:53.829+0000] {logging_mixin.py:188} INFO - [2026-07-02T16:37:53.829+0000] {dag.py:3089} INFO - Sync 1 DAGs
[2026-07-02T16:37:53.838+0000] {logging_mixin.py:188} INFO - [2026-07-02T16:37:53.838+0000] {dag.py:3947} INFO - Setting next_dagrun for example_python_operator to None, run_after=None
[2026-07-02T16:37:53.855+0000] {processor.py:183} INFO - Processing /usr/local/python/3.12.1/lib/python3.12/site-packages/airflow/example_dags/example_python_operator.py took 0.061 seconds
[2026-07-02T16:38:40.631+0000] {processor.py:161} INFO - Started process (PID=139621) to work on /usr/local/python/3.12.1/lib/python3.12/site-packages/airflow/example_dags/example_python_operator.py
[2026-07-02T16:38:40.632+0000] {processor.py:830} INFO - Processing file /usr/local/python/3.12.1/lib/python3.12/site-packages/airflow/example_dags/example_python_operator.py for tasks to queue
[2026-07-02T16:38:40.634+0000] {logging_mixin.py:188} INFO - [2026-07-02T16:38:40.633+0000] {dagbag.py:545} INFO - Filling up the DagBag from /usr/local/python/3.12.1/lib/python3.12/site-packages/airflow/example_dags/example_python_operator.py
[2026-07-02T16:38:40.646+0000] {processor.py:840} INFO - DAG(s) 'example_python_operator' retrieved from /usr/local/python/3.12.1/lib/python3.12/site-packages/airflow/example_dags/example_python_operator.py
[2026-07-02T16:38:40.666+0000] {logging_mixin.py:188} INFO - [2026-07-02T16:38:40.666+0000] {dag.py:3089} INFO - Sync 1 DAGs
[2026-07-02T16:38:40.684+0000] {logging_mixin.py:188} INFO - [2026-07-02T16:38:40.684+0000] {dag.py:3947} INFO - Setting next_dagrun for example_python_operator to None, run_after=None
[2026-07-02T16:38:40.708+0000] {processor.py:183} INFO - Processing /usr/local/python/3.12.1/lib/python3.12/site-packages/airflow/example_dags/example_python_operator.py took 0.084 seconds
[2026-07-02T16:39:28.124+0000] {processor.py:161} INFO - Started process (PID=140268) to work on /usr/local/python/3.12.1/lib/python3.12/site-packages/airflow/example_dags/example_python_operator.py
[2026-07-02T16:39:28.125+0000] {processor.py:830} INFO - Processing file /usr/local/python/3.12.1/lib/python3.12/site-packages/airflow/example_dags/example_python_operator.py for tasks to queue
[2026-07-02T16:39:28.129+0000] {logging_mixin.py:188} INFO - [2026-07-02T16:39:28.128+0000] {dagbag.py:545} INFO - Filling up the DagBag from /usr/local/python/3.12.1/lib/python3.12/site-packages/airflow/example_dags/example_python_operator.py
[2026-07-02T16:39:28.143+0000] {processor.py:840} INFO - DAG(s) 'example_python_operator' retrieved from /usr/local/python/3.12.1/lib/python3.12/site-packages/airflow/example_dags/example_python_operator.py
[2026-07-02T16:39:28.157+0000] {logging_mixin.py:188} INFO - [2026-07-02T16:39:28.157+0000] {dag.py:3089} INFO - Sync 1 DAGs
[2026-07-02T16:39:28.166+0000] {logging_mixin.py:188} INFO - [2026-07-02T16:39:28.166+0000] {dag.py:3947} INFO - Setting next_dagrun for example_python_operator to None, run_after=None
[2026-07-02T16:39:28.185+0000] {processor.py:183} INFO - Processing /usr/local/python/3.12.1/lib/python3.12/site-packages/airflow/example_dags/example_python_operator.py took 0.067 seconds
[2026-07-02T16:40:12.863+0000] {processor.py:161} INFO - Started process (PID=140879) to work on /usr/local/python/3.12.1/lib/python3.12/site-packages/airflow/example_dags/example_python_operator.py
[2026-07-02T16:40:12.900+0000] {processor.py:830} INFO - Processing file /usr/local/python/3.12.1/lib/python3.12/site-packages/airflow/example_dags/example_python_operator.py for tasks to queue
[2026-07-02T16:40:12.903+0000] {logging_mixin.py:188} INFO - [2026-07-02T16:40:12.903+0000] {dagbag.py:545} INFO - Filling up the DagBag from /usr/local/python/3.12.1/lib/python3.12/site-packages/airflow/example_dags/example_python_operator.py
[2026-07-02T16:40:12.917+0000] {processor.py:840} INFO - DAG(s) 'example_python_operator' retrieved from /usr/local/python/3.12.1/lib/python3.12/site-packages/airflow/example_dags/example_python_operator.py
[2026-07-02T16:40:12.946+0000] {logging_mixin.py:188} INFO - [2026-07-02T16:40:12.946+0000] {dag.py:3089} INFO - Sync 1 DAGs
[2026-07-02T16:40:12.964+0000] {logging_mixin.py:188} INFO - [2026-07-02T16:40:12.963+0000] {dag.py:3947} INFO - Setting next_dagrun for example_python_operator to None, run_after=None
[2026-07-02T16:40:13.055+0000] {processor.py:183} INFO - Processing /usr/local/python/3.12.1/lib/python3.12/site-packages/airflow/example_dags/example_python_operator.py took 0.197 seconds
[2026-07-02T16:41:07.568+0000] {processor.py:161} INFO - Started process (PID=141749) to work on /usr/local/python/3.12.1/lib/python3.12/site-packages/airflow/example_dags/example_python_operator.py
[2026-07-02T16:41:07.572+0000] {processor.py:830} INFO - Processing file /usr/local/python/3.12.1/lib/python3.12/site-packages/airflow/example_dags/example_python_operator.py for tasks to queue
[2026-07-02T16:41:07.574+0000] {logging_mixin.py:188} INFO - [2026-07-02T16:41:07.573+0000] {dagbag.py:545} INFO - Filling up the DagBag from /usr/local/python/3.12.1/lib/python3.12/site-packages/airflow/example_dags/example_python_operator.py
[2026-07-02T16:41:07.586+0000] {processor.py:840} INFO - DAG(s) 'example_python_operator' retrieved from /usr/local/python/3.12.1/lib/python3.12/site-packages/airflow/example_dags/example_python_operator.py
[2026-07-02T16:41:07.632+0000] {logging_mixin.py:188} INFO - [2026-07-02T16:41:07.631+0000] {dag.py:3089} INFO - Sync 1 DAGs
[2026-07-02T16:41:07.645+0000] {logging_mixin.py:188} INFO - [2026-07-02T16:41:07.645+0000] {dag.py:3947} INFO - Setting next_dagrun for example_python_operator to None, run_after=None
[2026-07-02T16:41:07.671+0000] {processor.py:183} INFO - Processing /usr/local/python/3.12.1/lib/python3.12/site-packages/airflow/example_dags/example_python_operator.py took 0.110 seconds
[2026-07-02T16:42:06.427+0000] {processor.py:161} INFO - Started process (PID=142671) to work on /usr/local/python/3.12.1/lib/python3.12/site-packages/airflow/example_dags/example_python_operator.py
[2026-07-02T16:42:06.487+0000] {processor.py:830} INFO - Processing file /usr/local/python/3.12.1/lib/python3.12/site-packages/airflow/example_dags/example_python_operator.py for tasks to queue
[2026-07-02T16:42:06.492+0000] {logging_mixin.py:188} INFO - [2026-07-02T16:42:06.492+0000] {dagbag.py:545} INFO - Filling up the DagBag from /usr/local/python/3.12.1/lib/python3.12/site-packages/airflow/example_dags/example_python_operator.py
[2026-07-02T16:42:06.506+0000] {processor.py:840} INFO - DAG(s) 'example_python_operator' retrieved from /usr/local/python/3.12.1/lib/python3.12/site-packages/airflow/example_dags/example_python_operator.py
[2026-07-02T16:42:06.527+0000] {logging_mixin.py:188} INFO - [2026-07-02T16:42:06.527+0000] {dag.py:3089} INFO - Sync 1 DAGs
[2026-07-02T16:42:06.540+0000] {logging_mixin.py:188} INFO - [2026-07-02T16:42:06.540+0000] {dag.py:3947} INFO - Setting next_dagrun for example_python_operator to None, run_after=None
[2026-07-02T16:42:06.582+0000] {processor.py:183} INFO - Processing /usr/local/python/3.12.1/lib/python3.12/site-packages/airflow/example_dags/example_python_operator.py took 0.180 seconds
[2026-07-02T16:43:23.619+0000] {processor.py:161} INFO - Started process (PID=143806) to work on /usr/local/python/3.12.1/lib/python3.12/site-packages/airflow/example_dags/example_python_operator.py
[2026-07-02T16:43:23.622+0000] {processor.py:830} INFO - Processing file /usr/local/python/3.12.1/lib/python3.12/site-packages/airflow/example_dags/example_python_operator.py for tasks to queue
[2026-07-02T16:43:23.624+0000] {logging_mixin.py:188} INFO - [2026-07-02T16:43:23.624+0000] {dagbag.py:545} INFO - Filling up the DagBag from /usr/local/python/3.12.1/lib/python3.12/site-packages/airflow/example_dags/example_python_operator.py
[2026-07-02T16:43:23.633+0000] {processor.py:840} INFO - DAG(s) 'example_python_operator' retrieved from /usr/local/python/3.12.1/lib/python3.12/site-packages/airflow/example_dags/example_python_operator.py
[2026-07-02T16:43:23.647+0000] {logging_mixin.py:188} INFO - [2026-07-02T16:43:23.647+0000] {dag.py:3089} INFO - Sync 1 DAGs
[2026-07-02T16:43:23.656+0000] {logging_mixin.py:188} INFO - [2026-07-02T16:43:23.656+0000] {dag.py:3947} INFO - Setting next_dagrun for example_python_operator to None, run_after=None
[2026-07-02T16:43:23.672+0000] {processor.py:183} INFO - Processing /usr/local/python/3.12.1/lib/python3.12/site-packages/airflow/example_dags/example_python_operator.py took 0.058 seconds
[2026-07-02T16:44:26.881+0000] {processor.py:161} INFO - Started process (PID=145350) to work on /usr/local/python/3.12.1/lib/python3.12/site-packages/airflow/example_dags/example_python_operator.py
[2026-07-02T16:44:26.889+0000] {processor.py:830} INFO - Processing file /usr/local/python/3.12.1/lib/python3.12/site-packages/airflow/example_dags/example_python_operator.py for tasks to queue
[2026-07-02T16:44:26.891+0000] {logging_mixin.py:188} INFO - [2026-07-02T16:44:26.890+0000] {dagbag.py:545} INFO - Filling up the DagBag from /usr/local/python/3.12.1/lib/python3.12/site-packages/airflow/example_dags/example_python_operator.py
[2026-07-02T16:44:26.901+0000] {processor.py:840} INFO - DAG(s) 'example_python_operator' retrieved from /usr/local/python/3.12.1/lib/python3.12/site-packages/airflow/example_dags/example_python_operator.py
[2026-07-02T16:44:26.915+0000] {logging_mixin.py:188} INFO - [2026-07-02T16:44:26.914+0000] {dag.py:3089} INFO - Sync 1 DAGs
[2026-07-02T16:44:26.924+0000] {logging_mixin.py:188} INFO - [2026-07-02T16:44:26.923+0000] {dag.py:3947} INFO - Setting next_dagrun for example_python_operator to None, run_after=None
[2026-07-02T16:44:26.947+0000] {processor.py:183} INFO - Processing /usr/local/python/3.12.1/lib/python3.12/site-packages/airflow/example_dags/example_python_operator.py took 0.072 seconds
[2026-07-02T16:45:37.072+0000] {processor.py:161} INFO - Started process (PID=147842) to work on /usr/local/python/3.12.1/lib/python3.12/site-packages/airflow/example_dags/example_python_operator.py
[2026-07-02T16:45:37.079+0000] {processor.py:830} INFO - Processing file /usr/local/python/3.12.1/lib/python3.12/site-packages/airflow/example_dags/example_python_operator.py for tasks to queue
[2026-07-02T16:45:37.081+0000] {logging_mixin.py:188} INFO - [2026-07-02T16:45:37.081+0000] {dagbag.py:545} INFO - Filling up the DagBag from /usr/local/python/3.12.1/lib/python3.12/site-packages/airflow/example_dags/example_python_operator.py
[2026-07-02T16:45:37.095+0000] {processor.py:840} INFO - DAG(s) 'example_python_operator' retrieved from /usr/local/python/3.12.1/lib/python3.12/site-packages/airflow/example_dags/example_python_operator.py
[2026-07-02T16:45:37.123+0000] {logging_mixin.py:188} INFO - [2026-07-02T16:45:37.123+0000] {dag.py:3089} INFO - Sync 1 DAGs
[2026-07-02T16:45:37.140+0000] {logging_mixin.py:188} INFO - [2026-07-02T16:45:37.140+0000] {dag.py:3947} INFO - Setting next_dagrun for example_python_operator to None, run_after=None
[2026-07-02T16:45:37.203+0000] {processor.py:183} INFO - Processing /usr/local/python/3.12.1/lib/python3.12/site-packages/airflow/example_dags/example_python_operator.py took 0.143 seconds
[2026-07-02T16:46:35.609+0000] {processor.py:161} INFO - Started process (PID=150300) to work on /usr/local/python/3.12.1/lib/python3.12/site-packages/airflow/example_dags/example_python_operator.py
[2026-07-02T16:46:35.610+0000] {processor.py:830} INFO - Processing file /usr/local/python/3.12.1/lib/python3.12/site-packages/airflow/example_dags/example_python_operator.py for tasks to queue
[2026-07-02T16:46:35.612+0000] {logging_mixin.py:188} INFO - [2026-07-02T16:46:35.611+0000] {dagbag.py:545} INFO - Filling up the DagBag from /usr/local/python/3.12.1/lib/python3.12/site-packages/airflow/example_dags/example_python_operator.py
[2026-07-02T16:46:35.620+0000] {processor.py:840} INFO - DAG(s) 'example_python_operator' retrieved from /usr/local/python/3.12.1/lib/python3.12/site-packages/airflow/example_dags/example_python_operator.py
[2026-07-02T16:46:35.635+0000] {logging_mixin.py:188} INFO - [2026-07-02T16:46:35.635+0000] {dag.py:3089} INFO - Sync 1 DAGs
[2026-07-02T16:46:35.644+0000] {logging_mixin.py:188} INFO - [2026-07-02T16:46:35.644+0000] {dag.py:3947} INFO - Setting next_dagrun for example_python_operator to None, run_after=None
[2026-07-02T16:46:35.662+0000] {processor.py:183} INFO - Processing /usr/local/python/3.12.1/lib/python3.12/site-packages/airflow/example_dags/example_python_operator.py took 0.057 seconds
[2026-07-02T16:47:32.798+0000] {processor.py:161} INFO - Started process (PID=151868) to work on /usr/local/python/3.12.1/lib/python3.12/site-packages/airflow/example_dags/example_python_operator.py
[2026-07-02T16:47:32.801+0000] {processor.py:830} INFO - Processing file /usr/local/python/3.12.1/lib/python3.12/site-packages/airflow/example_dags/example_python_operator.py for tasks to queue
[2026-07-02T16:47:32.807+0000] {logging_mixin.py:188} INFO - [2026-07-02T16:47:32.807+0000] {dagbag.py:545} INFO - Filling up the DagBag from /usr/local/python/3.12.1/lib/python3.12/site-packages/airflow/example_dags/example_python_operator.py
[2026-07-02T16:47:32.850+0000] {processor.py:840} INFO - DAG(s) 'example_python_operator' retrieved from /usr/local/python/3.12.1/lib/python3.12/site-packages/airflow/example_dags/example_python_operator.py
[2026-07-02T16:47:32.926+0000] {logging_mixin.py:188} INFO - [2026-07-02T16:47:32.926+0000] {dag.py:3089} INFO - Sync 1 DAGs
[2026-07-02T16:47:32.975+0000] {logging_mixin.py:188} INFO - [2026-07-02T16:47:32.974+0000] {dag.py:3947} INFO - Setting next_dagrun for example_python_operator to None, run_after=None
[2026-07-02T16:47:33.067+0000] {processor.py:183} INFO - Processing /usr/local/python/3.12.1/lib/python3.12/site-packages/airflow/example_dags/example_python_operator.py took 0.300 seconds
[2026-07-02T16:48:27.200+0000] {processor.py:161} INFO - Started process (PID=152941) to work on /usr/local/python/3.12.1/lib/python3.12/site-packages/airflow/example_dags/example_python_operator.py
[2026-07-02T16:48:27.202+0000] {processor.py:830} INFO - Processing file /usr/local/python/3.12.1/lib/python3.12/site-packages/airflow/example_dags/example_python_operator.py for tasks to queue
[2026-07-02T16:48:27.204+0000] {logging_mixin.py:188} INFO - [2026-07-02T16:48:27.203+0000] {dagbag.py:545} INFO - Filling up the DagBag from /usr/local/python/3.12.1/lib/python3.12/site-packages/airflow/example_dags/example_python_operator.py
[2026-07-02T16:48:27.213+0000] {processor.py:840} INFO - DAG(s) 'example_python_operator' retrieved from /usr/local/python/3.12.1/lib/python3.12/site-packages/airflow/example_dags/example_python_operator.py
[2026-07-02T16:48:27.227+0000] {logging_mixin.py:188} INFO - [2026-07-02T16:48:27.227+0000] {dag.py:3089} INFO - Sync 1 DAGs
[2026-07-02T16:48:27.236+0000] {logging_mixin.py:188} INFO - [2026-07-02T16:48:27.236+0000] {dag.py:3947} INFO - Setting next_dagrun for example_python_operator to None, run_after=None
[2026-07-02T16:48:27.253+0000] {processor.py:183} INFO - Processing /usr/local/python/3.12.1/lib/python3.12/site-packages/airflow/example_dags/example_python_operator.py took 0.057 seconds
[2026-07-02T16:49:15.817+0000] {processor.py:161} INFO - Started process (PID=153662) to work on /usr/local/python/3.12.1/lib/python3.12/site-packages/airflow/example_dags/example_python_operator.py
[2026-07-02T16:49:15.818+0000] {processor.py:830} INFO - Processing file /usr/local/python/3.12.1/lib/python3.12/site-packages/airflow/example_dags/example_python_operator.py for tasks to queue
[2026-07-02T16:49:15.819+0000] {logging_mixin.py:188} INFO - [2026-07-02T16:49:15.819+0000] {dagbag.py:545} INFO - Filling up the DagBag from /usr/local/python/3.12.1/lib/python3.12/site-packages/airflow/example_dags/example_python_operator.py
[2026-07-02T16:49:15.828+0000] {processor.py:840} INFO - DAG(s) 'example_python_operator' retrieved from /usr/local/python/3.12.1/lib/python3.12/site-packages/airflow/example_dags/example_python_operator.py
[2026-07-02T16:49:15.842+0000] {logging_mixin.py:188} INFO - [2026-07-02T16:49:15.842+0000] {dag.py:3089} INFO - Sync 1 DAGs
[2026-07-02T16:49:15.851+0000] {logging_mixin.py:188} INFO - [2026-07-02T16:49:15.851+0000] {dag.py:3947} INFO - Setting next_dagrun for example_python_operator to None, run_after=None
[2026-07-02T16:49:15.867+0000] {processor.py:183} INFO - Processing /usr/local/python/3.12.1/lib/python3.12/site-packages/airflow/example_dags/example_python_operator.py took 0.054 seconds
[2026-07-02T16:50:02.138+0000] {processor.py:161} INFO - Started process (PID=154264) to work on /usr/local/python/3.12.1/lib/python3.12/site-packages/airflow/example_dags/example_python_operator.py
[2026-07-02T16:50:02.139+0000] {processor.py:830} INFO - Processing file /usr/local/python/3.12.1/lib/python3.12/site-packages/airflow/example_dags/example_python_operator.py for tasks to queue
[2026-07-02T16:50:02.141+0000] {logging_mixin.py:188} INFO - [2026-07-02T16:50:02.140+0000] {dagbag.py:545} INFO - Filling up the DagBag from /usr/local/python/3.12.1/lib/python3.12/site-packages/airflow/example_dags/example_python_operator.py
[2026-07-02T16:50:02.149+0000] {processor.py:840} INFO - DAG(s) 'example_python_operator' retrieved from /usr/local/python/3.12.1/lib/python3.12/site-packages/airflow/example_dags/example_python_operator.py
[2026-07-02T16:50:02.163+0000] {logging_mixin.py:188} INFO - [2026-07-02T16:50:02.162+0000] {dag.py:3089} INFO - Sync 1 DAGs
[2026-07-02T16:50:02.172+0000] {logging_mixin.py:188} INFO - [2026-07-02T16:50:02.172+0000] {dag.py:3947} INFO - Setting next_dagrun for example_python_operator to None, run_after=None
[2026-07-02T16:50:02.191+0000] {processor.py:183} INFO - Processing /usr/local/python/3.12.1/lib/python3.12/site-packages/airflow/example_dags/example_python_operator.py took 0.057 seconds
[2026-07-02T16:50:49.103+0000] {processor.py:161} INFO - Started process (PID=154851) to work on /usr/local/python/3.12.1/lib/python3.12/site-packages/airflow/example_dags/example_python_operator.py
[2026-07-02T16:50:49.104+0000] {processor.py:830} INFO - Processing file /usr/local/python/3.12.1/lib/python3.12/site-packages/airflow/example_dags/example_python_operator.py for tasks to queue
[2026-07-02T16:50:49.106+0000] {logging_mixin.py:188} INFO - [2026-07-02T16:50:49.105+0000] {dagbag.py:545} INFO - Filling up the DagBag from /usr/local/python/3.12.1/lib/python3.12/site-packages/airflow/example_dags/example_python_operator.py
[2026-07-02T16:50:49.114+0000] {processor.py:840} INFO - DAG(s) 'example_python_operator' retrieved from /usr/local/python/3.12.1/lib/python3.12/site-packages/airflow/example_dags/example_python_operator.py
[2026-07-02T16:50:49.128+0000] {logging_mixin.py:188} INFO - [2026-07-02T16:50:49.128+0000] {dag.py:3089} INFO - Sync 1 DAGs
[2026-07-02T16:50:49.137+0000] {logging_mixin.py:188} INFO - [2026-07-02T16:50:49.137+0000] {dag.py:3947} INFO - Setting next_dagrun for example_python_operator to None, run_after=None
[2026-07-02T16:50:49.153+0000] {processor.py:183} INFO - Processing /usr/local/python/3.12.1/lib/python3.12/site-packages/airflow/example_dags/example_python_operator.py took 0.055 seconds
[2026-07-02T16:51:35.623+0000] {processor.py:161} INFO - Started process (PID=155327) to work on /usr/local/python/3.12.1/lib/python3.12/site-packages/airflow/example_dags/example_python_operator.py
[2026-07-02T16:51:35.624+0000] {processor.py:830} INFO - Processing file /usr/local/python/3.12.1/lib/python3.12/site-packages/airflow/example_dags/example_python_operator.py for tasks to queue
[2026-07-02T16:51:35.625+0000] {logging_mixin.py:188} INFO - [2026-07-02T16:51:35.625+0000] {dagbag.py:545} INFO - Filling up the DagBag from /usr/local/python/3.12.1/lib/python3.12/site-packages/airflow/example_dags/example_python_operator.py
[2026-07-02T16:51:35.634+0000] {processor.py:840} INFO - DAG(s) 'example_python_operator' retrieved from /usr/local/python/3.12.1/lib/python3.12/site-packages/airflow/example_dags/example_python_operator.py
[2026-07-02T16:51:35.648+0000] {logging_mixin.py:188} INFO - [2026-07-02T16:51:35.647+0000] {dag.py:3089} INFO - Sync 1 DAGs
[2026-07-02T16:51:35.656+0000] {logging_mixin.py:188} INFO - [2026-07-02T16:51:35.656+0000] {dag.py:3947} INFO - Setting next_dagrun for example_python_operator to None, run_after=None
[2026-07-02T16:51:35.672+0000] {processor.py:183} INFO - Processing /usr/local/python/3.12.1/lib/python3.12/site-packages/airflow/example_dags/example_python_operator.py took 0.054 seconds
[2026-07-02T16:52:37.389+0000] {processor.py:161} INFO - Started process (PID=155991) to work on /usr/local/python/3.12.1/lib/python3.12/site-packages/airflow/example_dags/example_python_operator.py
[2026-07-02T16:52:37.390+0000] {processor.py:830} INFO - Processing file /usr/local/python/3.12.1/lib/python3.12/site-packages/airflow/example_dags/example_python_operator.py for tasks to queue
[2026-07-02T16:52:37.392+0000] {logging_mixin.py:188} INFO - [2026-07-02T16:52:37.392+0000] {dagbag.py:545} INFO - Filling up the DagBag from /usr/local/python/3.12.1/lib/python3.12/site-packages/airflow/example_dags/example_python_operator.py
[2026-07-02T16:52:37.402+0000] {processor.py:840} INFO - DAG(s) 'example_python_operator' retrieved from /usr/local/python/3.12.1/lib/python3.12/site-packages/airflow/example_dags/example_python_operator.py
[2026-07-02T16:52:37.416+0000] {logging_mixin.py:188} INFO - [2026-07-02T16:52:37.416+0000] {dag.py:3089} INFO - Sync 1 DAGs
[2026-07-02T16:52:37.425+0000] {logging_mixin.py:188} INFO - [2026-07-02T16:52:37.424+0000] {dag.py:3947} INFO - Setting next_dagrun for example_python_operator to None, run_after=None
[2026-07-02T16:52:37.441+0000] {processor.py:183} INFO - Processing /usr/local/python/3.12.1/lib/python3.12/site-packages/airflow/example_dags/example_python_operator.py took 0.057 seconds
[2026-07-02T16:53:37.928+0000] {processor.py:161} INFO - Started process (PID=156628) to work on /usr/local/python/3.12.1/lib/python3.12/site-packages/airflow/example_dags/example_python_operator.py
[2026-07-02T16:53:37.929+0000] {processor.py:830} INFO - Processing file /usr/local/python/3.12.1/lib/python3.12/site-packages/airflow/example_dags/example_python_operator.py for tasks to queue
[2026-07-02T16:53:37.931+0000] {logging_mixin.py:188} INFO - [2026-07-02T16:53:37.930+0000] {dagbag.py:545} INFO - Filling up the DagBag from /usr/local/python/3.12.1/lib/python3.12/site-packages/airflow/example_dags/example_python_operator.py
[2026-07-02T16:53:37.939+0000] {processor.py:840} INFO - DAG(s) 'example_python_operator' retrieved from /usr/local/python/3.12.1/lib/python3.12/site-packages/airflow/example_dags/example_python_operator.py
[2026-07-02T16:53:37.954+0000] {logging_mixin.py:188} INFO - [2026-07-02T16:53:37.954+0000] {dag.py:3089} INFO - Sync 1 DAGs
[2026-07-02T16:53:37.963+0000] {logging_mixin.py:188} INFO - [2026-07-02T16:53:37.963+0000] {dag.py:3947} INFO - Setting next_dagrun for example_python_operator to None, run_after=None
[2026-07-02T16:53:37.983+0000] {processor.py:183} INFO - Processing /usr/local/python/3.12.1/lib/python3.12/site-packages/airflow/example_dags/example_python_operator.py took 0.059 seconds
[2026-07-02T16:54:31.187+0000] {processor.py:161} INFO - Started process (PID=157197) to work on /usr/local/python/3.12.1/lib/python3.12/site-packages/airflow/example_dags/example_python_operator.py
[2026-07-02T16:54:31.188+0000] {processor.py:830} INFO - Processing file /usr/local/python/3.12.1/lib/python3.12/site-packages/airflow/example_dags/example_python_operator.py for tasks to queue
[2026-07-02T16:54:31.190+0000] {logging_mixin.py:188} INFO - [2026-07-02T16:54:31.189+0000] {dagbag.py:545} INFO - Filling up the DagBag from /usr/local/python/3.12.1/lib/python3.12/site-packages/airflow/example_dags/example_python_operator.py
[2026-07-02T16:54:31.201+0000] {processor.py:840} INFO - DAG(s) 'example_python_operator' retrieved from /usr/local/python/3.12.1/lib/python3.12/site-packages/airflow/example_dags/example_python_operator.py
[2026-07-02T16:54:31.216+0000] {logging_mixin.py:188} INFO - [2026-07-02T16:54:31.216+0000] {dag.py:3089} INFO - Sync 1 DAGs
[2026-07-02T16:54:31.225+0000] {logging_mixin.py:188} INFO - [2026-07-02T16:54:31.225+0000] {dag.py:3947} INFO - Setting next_dagrun for example_python_operator to None, run_after=None
[2026-07-02T16:54:31.243+0000] {processor.py:183} INFO - Processing /usr/local/python/3.12.1/lib/python3.12/site-packages/airflow/example_dags/example_python_operator.py took 0.062 seconds
[2026-07-02T16:55:29.456+0000] {processor.py:161} INFO - Started process (PID=157850) to work on /usr/local/python/3.12.1/lib/python3.12/site-packages/airflow/example_dags/example_python_operator.py
[2026-07-02T16:55:29.457+0000] {processor.py:830} INFO - Processing file /usr/local/python/3.12.1/lib/python3.12/site-packages/airflow/example_dags/example_python_operator.py for tasks to queue
[2026-07-02T16:55:29.459+0000] {logging_mixin.py:188} INFO - [2026-07-02T16:55:29.458+0000] {dagbag.py:545} INFO - Filling up the DagBag from /usr/local/python/3.12.1/lib/python3.12/site-packages/airflow/example_dags/example_python_operator.py
[2026-07-02T16:55:29.467+0000] {processor.py:840} INFO - DAG(s) 'example_python_operator' retrieved from /usr/local/python/3.12.1/lib/python3.12/site-packages/airflow/example_dags/example_python_operator.py
[2026-07-02T16:55:29.484+0000] {logging_mixin.py:188} INFO - [2026-07-02T16:55:29.484+0000] {dag.py:3089} INFO - Sync 1 DAGs
[2026-07-02T16:55:29.496+0000] {logging_mixin.py:188} INFO - [2026-07-02T16:55:29.496+0000] {dag.py:3947} INFO - Setting next_dagrun for example_python_operator to None, run_after=None
[2026-07-02T16:55:29.513+0000] {processor.py:183} INFO - Processing /usr/local/python/3.12.1/lib/python3.12/site-packages/airflow/example_dags/example_python_operator.py took 0.061 seconds
[2026-07-02T16:56:30.958+0000] {processor.py:161} INFO - Started process (PID=158504) to work on /usr/local/python/3.12.1/lib/python3.12/site-packages/airflow/example_dags/example_python_operator.py
[2026-07-02T16:56:30.959+0000] {processor.py:830} INFO - Processing file /usr/local/python/3.12.1/lib/python3.12/site-packages/airflow/example_dags/example_python_operator.py for tasks to queue
[2026-07-02T16:56:30.960+0000] {logging_mixin.py:188} INFO - [2026-07-02T16:56:30.960+0000] {dagbag.py:545} INFO - Filling up the DagBag from /usr/local/python/3.12.1/lib/python3.12/site-packages/airflow/example_dags/example_python_operator.py
[2026-07-02T16:56:30.968+0000] {processor.py:840} INFO - DAG(s) 'example_python_operator' retrieved from /usr/local/python/3.12.1/lib/python3.12/site-packages/airflow/example_dags/example_python_operator.py
[2026-07-02T16:56:30.985+0000] {logging_mixin.py:188} INFO - [2026-07-02T16:56:30.985+0000] {dag.py:3089} INFO - Sync 1 DAGs
[2026-07-02T16:56:30.997+0000] {logging_mixin.py:188} INFO - [2026-07-02T16:56:30.997+0000] {dag.py:3947} INFO - Setting next_dagrun for example_python_operator to None, run_after=None
[2026-07-02T16:56:31.015+0000] {processor.py:183} INFO - Processing /usr/local/python/3.12.1/lib/python3.12/site-packages/airflow/example_dags/example_python_operator.py took 0.062 seconds
[2026-07-02T16:57:13.701+0000] {processor.py:161} INFO - Started process (PID=158931) to work on /usr/local/python/3.12.1/lib/python3.12/site-packages/airflow/example_dags/example_python_operator.py
[2026-07-02T16:57:13.702+0000] {processor.py:830} INFO - Processing file /usr/local/python/3.12.1/lib/python3.12/site-packages/airflow/example_dags/example_python_operator.py for tasks to queue
[2026-07-02T16:57:13.703+0000] {logging_mixin.py:188} INFO - [2026-07-02T16:57:13.703+0000] {dagbag.py:545} INFO - Filling up the DagBag from /usr/local/python/3.12.1/lib/python3.12/site-packages/airflow/example_dags/example_python_operator.py
[2026-07-02T16:57:13.712+0000] {processor.py:840} INFO - DAG(s) 'example_python_operator' retrieved from /usr/local/python/3.12.1/lib/python3.12/site-packages/airflow/example_dags/example_python_operator.py
[2026-07-02T16:57:13.726+0000] {logging_mixin.py:188} INFO - [2026-07-02T16:57:13.725+0000] {dag.py:3089} INFO - Sync 1 DAGs
[2026-07-02T16:57:13.735+0000] {logging_mixin.py:188} INFO - [2026-07-02T16:57:13.734+0000] {dag.py:3947} INFO - Setting next_dagrun for example_python_operator to None, run_after=None
[2026-07-02T16:57:13.751+0000] {processor.py:183} INFO - Processing /usr/local/python/3.12.1/lib/python3.12/site-packages/airflow/example_dags/example_python_operator.py took 0.055 seconds
[2026-07-02T16:58:17.157+0000] {processor.py:161} INFO - Started process (PID=159643) to work on /usr/local/python/3.12.1/lib/python3.12/site-packages/airflow/example_dags/example_python_operator.py
[2026-07-02T16:58:17.158+0000] {processor.py:830} INFO - Processing file /usr/local/python/3.12.1/lib/python3.12/site-packages/airflow/example_dags/example_python_operator.py for tasks to queue
[2026-07-02T16:58:17.160+0000] {logging_mixin.py:188} INFO - [2026-07-02T16:58:17.159+0000] {dagbag.py:545} INFO - Filling up the DagBag from /usr/local/python/3.12.1/lib/python3.12/site-packages/airflow/example_dags/example_python_operator.py
[2026-07-02T16:58:17.168+0000] {processor.py:840} INFO - DAG(s) 'example_python_operator' retrieved from /usr/local/python/3.12.1/lib/python3.12/site-packages/airflow/example_dags/example_python_operator.py
[2026-07-02T16:58:17.187+0000] {logging_mixin.py:188} INFO - [2026-07-02T16:58:17.187+0000] {dag.py:3089} INFO - Sync 1 DAGs
[2026-07-02T16:58:17.199+0000] {logging_mixin.py:188} INFO - [2026-07-02T16:58:17.199+0000] {dag.py:3947} INFO - Setting next_dagrun for example_python_operator to None, run_after=None
[2026-07-02T16:58:17.217+0000] {processor.py:183} INFO - Processing /usr/local/python/3.12.1/lib/python3.12/site-packages/airflow/example_dags/example_python_operator.py took 0.064 seconds
[2026-07-02T16:59:16.671+0000] {processor.py:161} INFO - Started process (PID=160279) to work on /usr/local/python/3.12.1/lib/python3.12/site-packages/airflow/example_dags/example_python_operator.py
[2026-07-02T16:59:16.672+0000] {processor.py:830} INFO - Processing file /usr/local/python/3.12.1/lib/python3.12/site-packages/airflow/example_dags/example_python_operator.py for tasks to queue
[2026-07-02T16:59:16.674+0000] {logging_mixin.py:188} INFO - [2026-07-02T16:59:16.673+0000] {dagbag.py:545} INFO - Filling up the DagBag from /usr/local/python/3.12.1/lib/python3.12/site-packages/airflow/example_dags/example_python_operator.py
[2026-07-02T16:59:16.684+0000] {processor.py:840} INFO - DAG(s) 'example_python_operator' retrieved from /usr/local/python/3.12.1/lib/python3.12/site-packages/airflow/example_dags/example_python_operator.py
[2026-07-02T16:59:16.701+0000] {logging_mixin.py:188} INFO - [2026-07-02T16:59:16.701+0000] {dag.py:3089} INFO - Sync 1 DAGs
[2026-07-02T16:59:16.710+0000] {logging_mixin.py:188} INFO - [2026-07-02T16:59:16.710+0000] {dag.py:3947} INFO - Setting next_dagrun for example_python_operator to None, run_after=None
[2026-07-02T16:59:16.726+0000] {processor.py:183} INFO - Processing /usr/local/python/3.12.1/lib/python3.12/site-packages/airflow/example_dags/example_python_operator.py took 0.060 seconds
[2026-07-02T17:00:19.728+0000] {processor.py:161} INFO - Started process (PID=160924) to work on /usr/local/python/3.12.1/lib/python3.12/site-packages/airflow/example_dags/example_python_operator.py
[2026-07-02T17:00:19.729+0000] {processor.py:830} INFO - Processing file /usr/local/python/3.12.1/lib/python3.12/site-packages/airflow/example_dags/example_python_operator.py for tasks to queue
[2026-07-02T17:00:19.730+0000] {logging_mixin.py:188} INFO - [2026-07-02T17:00:19.730+0000] {dagbag.py:545} INFO - Filling up the DagBag from /usr/local/python/3.12.1/lib/python3.12/site-packages/airflow/example_dags/example_python_operator.py
[2026-07-02T17:00:19.739+0000] {processor.py:840} INFO - DAG(s) 'example_python_operator' retrieved from /usr/local/python/3.12.1/lib/python3.12/site-packages/airflow/example_dags/example_python_operator.py
[2026-07-02T17:00:19.753+0000] {logging_mixin.py:188} INFO - [2026-07-02T17:00:19.753+0000] {dag.py:3089} INFO - Sync 1 DAGs
[2026-07-02T17:00:19.762+0000] {logging_mixin.py:188} INFO - [2026-07-02T17:00:19.762+0000] {dag.py:3947} INFO - Setting next_dagrun for example_python_operator to None, run_after=None
[2026-07-02T17:00:19.788+0000] {processor.py:183} INFO - Processing /usr/local/python/3.12.1/lib/python3.12/site-packages/airflow/example_dags/example_python_operator.py took 0.065 seconds
[2026-07-02T17:01:20.240+0000] {processor.py:161} INFO - Started process (PID=161588) to work on /usr/local/python/3.12.1/lib/python3.12/site-packages/airflow/example_dags/example_python_operator.py
[2026-07-02T17:01:20.241+0000] {processor.py:830} INFO - Processing file /usr/local/python/3.12.1/lib/python3.12/site-packages/airflow/example_dags/example_python_operator.py for tasks to queue
[2026-07-02T17:01:20.242+0000] {logging_mixin.py:188} INFO - [2026-07-02T17:01:20.242+0000] {dagbag.py:545} INFO - Filling up the DagBag from /usr/local/python/3.12.1/lib/python3.12/site-packages/airflow/example_dags/example_python_operator.py
[2026-07-02T17:01:20.250+0000] {processor.py:840} INFO - DAG(s) 'example_python_operator' retrieved from /usr/local/python/3.12.1/lib/python3.12/site-packages/airflow/example_dags/example_python_operator.py
[2026-07-02T17:01:20.265+0000] {logging_mixin.py:188} INFO - [2026-07-02T17:01:20.264+0000] {dag.py:3089} INFO - Sync 1 DAGs
[2026-07-02T17:01:20.274+0000] {logging_mixin.py:188} INFO - [2026-07-02T17:01:20.273+0000] {dag.py:3947} INFO - Setting next_dagrun for example_python_operator to None, run_after=None
[2026-07-02T17:01:20.294+0000] {processor.py:183} INFO - Processing /usr/local/python/3.12.1/lib/python3.12/site-packages/airflow/example_dags/example_python_operator.py took 0.058 seconds
[2026-07-02T17:02:02.998+0000] {processor.py:161} INFO - Started process (PID=162029) to work on /usr/local/python/3.12.1/lib/python3.12/site-packages/airflow/example_dags/example_python_operator.py
[2026-07-02T17:02:02.999+0000] {processor.py:830} INFO - Processing file /usr/local/python/3.12.1/lib/python3.12/site-packages/airflow/example_dags/example_python_operator.py for tasks to queue
[2026-07-02T17:02:03.001+0000] {logging_mixin.py:188} INFO - [2026-07-02T17:02:03.001+0000] {dagbag.py:545} INFO - Filling up the DagBag from /usr/local/python/3.12.1/lib/python3.12/site-packages/airflow/example_dags/example_python_operator.py
[2026-07-02T17:02:03.010+0000] {processor.py:840} INFO - DAG(s) 'example_python_operator' retrieved from /usr/local/python/3.12.1/lib/python3.12/site-packages/airflow/example_dags/example_python_operator.py
[2026-07-02T17:02:03.025+0000] {logging_mixin.py:188} INFO - [2026-07-02T17:02:03.024+0000] {dag.py:3089} INFO - Sync 1 DAGs
[2026-07-02T17:02:03.034+0000] {logging_mixin.py:188} INFO - [2026-07-02T17:02:03.034+0000] {dag.py:3947} INFO - Setting next_dagrun for example_python_operator to None, run_after=None
[2026-07-02T17:02:03.052+0000] {processor.py:183} INFO - Processing /usr/local/python/3.12.1/lib/python3.12/site-packages/airflow/example_dags/example_python_operator.py took 0.059 seconds
[2026-07-02T17:02:48.405+0000] {processor.py:161} INFO - Started process (PID=162482) to work on /usr/local/python/3.12.1/lib/python3.12/site-packages/airflow/example_dags/example_python_operator.py
[2026-07-02T17:02:48.405+0000] {processor.py:830} INFO - Processing file /usr/local/python/3.12.1/lib/python3.12/site-packages/airflow/example_dags/example_python_operator.py for tasks to queue
[2026-07-02T17:02:48.407+0000] {logging_mixin.py:188} INFO - [2026-07-02T17:02:48.407+0000] {dagbag.py:545} INFO - Filling up the DagBag from /usr/local/python/3.12.1/lib/python3.12/site-packages/airflow/example_dags/example_python_operator.py
[2026-07-02T17:02:48.416+0000] {processor.py:840} INFO - DAG(s) 'example_python_operator' retrieved from /usr/local/python/3.12.1/lib/python3.12/site-packages/airflow/example_dags/example_python_operator.py
[2026-07-02T17:02:48.430+0000] {logging_mixin.py:188} INFO - [2026-07-02T17:02:48.429+0000] {dag.py:3089} INFO - Sync 1 DAGs
[2026-07-02T17:02:48.438+0000] {logging_mixin.py:188} INFO - [2026-07-02T17:02:48.438+0000] {dag.py:3947} INFO - Setting next_dagrun for example_python_operator to None, run_after=None
[2026-07-02T17:02:48.458+0000] {processor.py:183} INFO - Processing /usr/local/python/3.12.1/lib/python3.12/site-packages/airflow/example_dags/example_python_operator.py took 0.058 seconds
[2026-07-02T17:03:31.917+0000] {processor.py:161} INFO - Started process (PID=162971) to work on /usr/local/python/3.12.1/lib/python3.12/site-packages/airflow/example_dags/example_python_operator.py
[2026-07-02T17:03:31.918+0000] {processor.py:830} INFO - Processing file /usr/local/python/3.12.1/lib/python3.12/site-packages/airflow/example_dags/example_python_operator.py for tasks to queue
[2026-07-02T17:03:31.919+0000] {logging_mixin.py:188} INFO - [2026-07-02T17:03:31.919+0000] {dagbag.py:545} INFO - Filling up the DagBag from /usr/local/python/3.12.1/lib/python3.12/site-packages/airflow/example_dags/example_python_operator.py
[2026-07-02T17:03:31.928+0000] {processor.py:840} INFO - DAG(s) 'example_python_operator' retrieved from /usr/local/python/3.12.1/lib/python3.12/site-packages/airflow/example_dags/example_python_operator.py
[2026-07-02T17:03:31.948+0000] {logging_mixin.py:188} INFO - [2026-07-02T17:03:31.947+0000] {dag.py:3089} INFO - Sync 1 DAGs
[2026-07-02T17:03:31.957+0000] {logging_mixin.py:188} INFO - [2026-07-02T17:03:31.957+0000] {dag.py:3947} INFO - Setting next_dagrun for example_python_operator to None, run_after=None
[2026-07-02T17:03:31.976+0000] {processor.py:183} INFO - Processing /usr/local/python/3.12.1/lib/python3.12/site-packages/airflow/example_dags/example_python_operator.py took 0.064 seconds
[2026-07-02T17:04:35.018+0000] {processor.py:161} INFO - Started process (PID=163646) to work on /usr/local/python/3.12.1/lib/python3.12/site-packages/airflow/example_dags/example_python_operator.py
[2026-07-02T17:04:35.018+0000] {processor.py:830} INFO - Processing file /usr/local/python/3.12.1/lib/python3.12/site-packages/airflow/example_dags/example_python_operator.py for tasks to queue
[2026-07-02T17:04:35.020+0000] {logging_mixin.py:188} INFO - [2026-07-02T17:04:35.020+0000] {dagbag.py:545} INFO - Filling up the DagBag from /usr/local/python/3.12.1/lib/python3.12/site-packages/airflow/example_dags/example_python_operator.py
[2026-07-02T17:04:35.029+0000] {processor.py:840} INFO - DAG(s) 'example_python_operator' retrieved from /usr/local/python/3.12.1/lib/python3.12/site-packages/airflow/example_dags/example_python_operator.py
[2026-07-02T17:04:35.043+0000] {logging_mixin.py:188} INFO - [2026-07-02T17:04:35.043+0000] {dag.py:3089} INFO - Sync 1 DAGs
[2026-07-02T17:04:35.052+0000] {logging_mixin.py:188} INFO - [2026-07-02T17:04:35.051+0000] {dag.py:3947} INFO - Setting next_dagrun for example_python_operator to None, run_after=None
[2026-07-02T17:04:35.069+0000] {processor.py:183} INFO - Processing /usr/local/python/3.12.1/lib/python3.12/site-packages/airflow/example_dags/example_python_operator.py took 0.056 seconds
[2026-07-02T17:05:38.017+0000] {processor.py:161} INFO - Started process (PID=164287) to work on /usr/local/python/3.12.1/lib/python3.12/site-packages/airflow/example_dags/example_python_operator.py
[2026-07-02T17:05:38.018+0000] {processor.py:830} INFO - Processing file /usr/local/python/3.12.1/lib/python3.12/site-packages/airflow/example_dags/example_python_operator.py for tasks to queue
[2026-07-02T17:05:38.019+0000] {logging_mixin.py:188} INFO - [2026-07-02T17:05:38.019+0000] {dagbag.py:545} INFO - Filling up the DagBag from /usr/local/python/3.12.1/lib/python3.12/site-packages/airflow/example_dags/example_python_operator.py
[2026-07-02T17:05:38.028+0000] {processor.py:840} INFO - DAG(s) 'example_python_operator' retrieved from /usr/local/python/3.12.1/lib/python3.12/site-packages/airflow/example_dags/example_python_operator.py
[2026-07-02T17:05:38.042+0000] {logging_mixin.py:188} INFO - [2026-07-02T17:05:38.041+0000] {dag.py:3089} INFO - Sync 1 DAGs
[2026-07-02T17:05:38.051+0000] {logging_mixin.py:188} INFO - [2026-07-02T17:05:38.051+0000] {dag.py:3947} INFO - Setting next_dagrun for example_python_operator to None, run_after=None
[2026-07-02T17:05:38.068+0000] {processor.py:183} INFO - Processing /usr/local/python/3.12.1/lib/python3.12/site-packages/airflow/example_dags/example_python_operator.py took 0.055 seconds
[2026-07-02T17:06:20.839+0000] {processor.py:161} INFO - Started process (PID=164738) to work on /usr/local/python/3.12.1/lib/python3.12/site-packages/airflow/example_dags/example_python_operator.py
[2026-07-02T17:06:20.839+0000] {processor.py:830} INFO - Processing file /usr/local/python/3.12.1/lib/python3.12/site-packages/airflow/example_dags/example_python_operator.py for tasks to queue
[2026-07-02T17:06:20.841+0000] {logging_mixin.py:188} INFO - [2026-07-02T17:06:20.841+0000] {dagbag.py:545} INFO - Filling up the DagBag from /usr/local/python/3.12.1/lib/python3.12/site-packages/airflow/example_dags/example_python_operator.py
[2026-07-02T17:06:20.849+0000] {processor.py:840} INFO - DAG(s) 'example_python_operator' retrieved from /usr/local/python/3.12.1/lib/python3.12/site-packages/airflow/example_dags/example_python_operator.py
[2026-07-02T17:06:20.865+0000] {logging_mixin.py:188} INFO - [2026-07-02T17:06:20.865+0000] {dag.py:3089} INFO - Sync 1 DAGs
[2026-07-02T17:06:20.876+0000] {logging_mixin.py:188} INFO - [2026-07-02T17:06:20.876+0000] {dag.py:3947} INFO - Setting next_dagrun for example_python_operator to None, run_after=None
[2026-07-02T17:06:20.899+0000] {processor.py:183} INFO - Processing /usr/local/python/3.12.1/lib/python3.12/site-packages/airflow/example_dags/example_python_operator.py took 0.065 seconds
[2026-07-02T17:07:03.081+0000] {processor.py:161} INFO - Started process (PID=165209) to work on /usr/local/python/3.12.1/lib/python3.12/site-packages/airflow/example_dags/example_python_operator.py
[2026-07-02T17:07:03.082+0000] {processor.py:830} INFO - Processing file /usr/local/python/3.12.1/lib/python3.12/site-packages/airflow/example_dags/example_python_operator.py for tasks to queue
[2026-07-02T17:07:03.084+0000] {logging_mixin.py:188} INFO - [2026-07-02T17:07:03.083+0000] {dagbag.py:545} INFO - Filling up the DagBag from /usr/local/python/3.12.1/lib/python3.12/site-packages/airflow/example_dags/example_python_operator.py
[2026-07-02T17:07:03.092+0000] {processor.py:840} INFO - DAG(s) 'example_python_operator' retrieved from /usr/local/python/3.12.1/lib/python3.12/site-packages/airflow/example_dags/example_python_operator.py
[2026-07-02T17:07:03.111+0000] {logging_mixin.py:188} INFO - [2026-07-02T17:07:03.110+0000] {dag.py:3089} INFO - Sync 1 DAGs
[2026-07-02T17:07:03.120+0000] {logging_mixin.py:188} INFO - [2026-07-02T17:07:03.119+0000] {dag.py:3947} INFO - Setting next_dagrun for example_python_operator to None, run_after=None
[2026-07-02T17:07:03.137+0000] {processor.py:183} INFO - Processing /usr/local/python/3.12.1/lib/python3.12/site-packages/airflow/example_dags/example_python_operator.py took 0.063 seconds
[2026-07-02T17:08:05.519+0000] {processor.py:161} INFO - Started process (PID=165879) to work on /usr/local/python/3.12.1/lib/python3.12/site-packages/airflow/example_dags/example_python_operator.py
[2026-07-02T17:08:05.520+0000] {processor.py:830} INFO - Processing file /usr/local/python/3.12.1/lib/python3.12/site-packages/airflow/example_dags/example_python_operator.py for tasks to queue
[2026-07-02T17:08:05.521+0000] {logging_mixin.py:188} INFO - [2026-07-02T17:08:05.521+0000] {dagbag.py:545} INFO - Filling up the DagBag from /usr/local/python/3.12.1/lib/python3.12/site-packages/airflow/example_dags/example_python_operator.py
[2026-07-02T17:08:05.529+0000] {processor.py:840} INFO - DAG(s) 'example_python_operator' retrieved from /usr/local/python/3.12.1/lib/python3.12/site-packages/airflow/example_dags/example_python_operator.py
[2026-07-02T17:08:05.543+0000] {logging_mixin.py:188} INFO - [2026-07-02T17:08:05.543+0000] {dag.py:3089} INFO - Sync 1 DAGs
[2026-07-02T17:08:05.552+0000] {logging_mixin.py:188} INFO - [2026-07-02T17:08:05.552+0000] {dag.py:3947} INFO - Setting next_dagrun for example_python_operator to None, run_after=None
[2026-07-02T17:08:05.569+0000] {processor.py:183} INFO - Processing /usr/local/python/3.12.1/lib/python3.12/site-packages/airflow/example_dags/example_python_operator.py took 0.055 seconds
[2026-07-02T17:08:51.217+0000] {processor.py:161} INFO - Started process (PID=166357) to work on /usr/local/python/3.12.1/lib/python3.12/site-packages/airflow/example_dags/example_python_operator.py
[2026-07-02T17:08:51.218+0000] {processor.py:830} INFO - Processing file /usr/local/python/3.12.1/lib/python3.12/site-packages/airflow/example_dags/example_python_operator.py for tasks to queue
[2026-07-02T17:08:51.219+0000] {logging_mixin.py:188} INFO - [2026-07-02T17:08:51.219+0000] {dagbag.py:545} INFO - Filling up the DagBag from /usr/local/python/3.12.1/lib/python3.12/site-packages/airflow/example_dags/example_python_operator.py
[2026-07-02T17:08:51.228+0000] {processor.py:840} INFO - DAG(s) 'example_python_operator' retrieved from /usr/local/python/3.12.1/lib/python3.12/site-packages/airflow/example_dags/example_python_operator.py
[2026-07-02T17:08:51.242+0000] {logging_mixin.py:188} INFO - [2026-07-02T17:08:51.242+0000] {dag.py:3089} INFO - Sync 1 DAGs
[2026-07-02T17:08:51.251+0000] {logging_mixin.py:188} INFO - [2026-07-02T17:08:51.251+0000] {dag.py:3947} INFO - Setting next_dagrun for example_python_operator to None, run_after=None
[2026-07-02T17:08:51.268+0000] {processor.py:183} INFO - Processing /usr/local/python/3.12.1/lib/python3.12/site-packages/airflow/example_dags/example_python_operator.py took 0.056 seconds
[2026-07-02T17:09:37.699+0000] {processor.py:161} INFO - Started process (PID=166838) to work on /usr/local/python/3.12.1/lib/python3.12/site-packages/airflow/example_dags/example_python_operator.py
[2026-07-02T17:09:37.700+0000] {processor.py:830} INFO - Processing file /usr/local/python/3.12.1/lib/python3.12/site-packages/airflow/example_dags/example_python_operator.py for tasks to queue
[2026-07-02T17:09:37.701+0000] {logging_mixin.py:188} INFO - [2026-07-02T17:09:37.701+0000] {dagbag.py:545} INFO - Filling up the DagBag from /usr/local/python/3.12.1/lib/python3.12/site-packages/airflow/example_dags/example_python_operator.py
[2026-07-02T17:09:37.710+0000] {processor.py:840} INFO - DAG(s) 'example_python_operator' retrieved from /usr/local/python/3.12.1/lib/python3.12/site-packages/airflow/example_dags/example_python_operator.py
[2026-07-02T17:09:37.724+0000] {logging_mixin.py:188} INFO - [2026-07-02T17:09:37.724+0000] {dag.py:3089} INFO - Sync 1 DAGs
[2026-07-02T17:09:37.733+0000] {logging_mixin.py:188} INFO - [2026-07-02T17:09:37.733+0000] {dag.py:3947} INFO - Setting next_dagrun for example_python_operator to None, run_after=None
[2026-07-02T17:09:37.754+0000] {processor.py:183} INFO - Processing /usr/local/python/3.12.1/lib/python3.12/site-packages/airflow/example_dags/example_python_operator.py took 0.060 seconds
[2026-07-02T17:10:24.123+0000] {processor.py:161} INFO - Started process (PID=167345) to work on /usr/local/python/3.12.1/lib/python3.12/site-packages/airflow/example_dags/example_python_operator.py
[2026-07-02T17:10:24.124+0000] {processor.py:830} INFO - Processing file /usr/local/python/3.12.1/lib/python3.12/site-packages/airflow/example_dags/example_python_operator.py for tasks to queue
[2026-07-02T17:10:24.125+0000] {logging_mixin.py:188} INFO - [2026-07-02T17:10:24.125+0000] {dagbag.py:545} INFO - Filling up the DagBag from /usr/local/python/3.12.1/lib/python3.12/site-packages/airflow/example_dags/example_python_operator.py
[2026-07-02T17:10:24.134+0000] {processor.py:840} INFO - DAG(s) 'example_python_operator' retrieved from /usr/local/python/3.12.1/lib/python3.12/site-packages/airflow/example_dags/example_python_operator.py
[2026-07-02T17:10:24.148+0000] {logging_mixin.py:188} INFO - [2026-07-02T17:10:24.147+0000] {dag.py:3089} INFO - Sync 1 DAGs
[2026-07-02T17:10:24.256+0000] {logging_mixin.py:188} INFO - [2026-07-02T17:10:24.255+0000] {dag.py:3947} INFO - Setting next_dagrun for example_python_operator to None, run_after=None
[2026-07-02T17:10:24.276+0000] {processor.py:183} INFO - Processing /usr/local/python/3.12.1/lib/python3.12/site-packages/airflow/example_dags/example_python_operator.py took 0.158 seconds
[2026-07-02T17:11:09.645+0000] {processor.py:161} INFO - Started process (PID=167788) to work on /usr/local/python/3.12.1/lib/python3.12/site-packages/airflow/example_dags/example_python_operator.py
[2026-07-02T17:11:09.646+0000] {processor.py:830} INFO - Processing file /usr/local/python/3.12.1/lib/python3.12/site-packages/airflow/example_dags/example_python_operator.py for tasks to queue
[2026-07-02T17:11:09.648+0000] {logging_mixin.py:188} INFO - [2026-07-02T17:11:09.647+0000] {dagbag.py:545} INFO - Filling up the DagBag from /usr/local/python/3.12.1/lib/python3.12/site-packages/airflow/example_dags/example_python_operator.py
[2026-07-02T17:11:09.656+0000] {processor.py:840} INFO - DAG(s) 'example_python_operator' retrieved from /usr/local/python/3.12.1/lib/python3.12/site-packages/airflow/example_dags/example_python_operator.py
[2026-07-02T17:11:09.670+0000] {logging_mixin.py:188} INFO - [2026-07-02T17:11:09.670+0000] {dag.py:3089} INFO - Sync 1 DAGs
[2026-07-02T17:11:09.681+0000] {logging_mixin.py:188} INFO - [2026-07-02T17:11:09.681+0000] {dag.py:3947} INFO - Setting next_dagrun for example_python_operator to None, run_after=None
[2026-07-02T17:11:09.702+0000] {processor.py:183} INFO - Processing /usr/local/python/3.12.1/lib/python3.12/site-packages/airflow/example_dags/example_python_operator.py took 0.061 seconds
[2026-07-02T17:11:55.162+0000] {processor.py:161} INFO - Started process (PID=168266) to work on /usr/local/python/3.12.1/lib/python3.12/site-packages/airflow/example_dags/example_python_operator.py
[2026-07-02T17:11:55.162+0000] {processor.py:830} INFO - Processing file /usr/local/python/3.12.1/lib/python3.12/site-packages/airflow/example_dags/example_python_operator.py for tasks to queue
[2026-07-02T17:11:55.164+0000] {logging_mixin.py:188} INFO - [2026-07-02T17:11:55.164+0000] {dagbag.py:545} INFO - Filling up the DagBag from /usr/local/python/3.12.1/lib/python3.12/site-packages/airflow/example_dags/example_python_operator.py
[2026-07-02T17:11:55.173+0000] {processor.py:840} INFO - DAG(s) 'example_python_operator' retrieved from /usr/local/python/3.12.1/lib/python3.12/site-packages/airflow/example_dags/example_python_operator.py
[2026-07-02T17:11:55.192+0000] {logging_mixin.py:188} INFO - [2026-07-02T17:11:55.192+0000] {dag.py:3089} INFO - Sync 1 DAGs
[2026-07-02T17:11:55.202+0000] {logging_mixin.py:188} INFO - [2026-07-02T17:11:55.202+0000] {dag.py:3947} INFO - Setting next_dagrun for example_python_operator to None, run_after=None
[2026-07-02T17:11:55.219+0000] {processor.py:183} INFO - Processing /usr/local/python/3.12.1/lib/python3.12/site-packages/airflow/example_dags/example_python_operator.py took 0.062 seconds
[2026-07-02T17:12:38.303+0000] {processor.py:161} INFO - Started process (PID=168742) to work on /usr/local/python/3.12.1/lib/python3.12/site-packages/airflow/example_dags/example_python_operator.py
[2026-07-02T17:12:38.304+0000] {processor.py:830} INFO - Processing file /usr/local/python/3.12.1/lib/python3.12/site-packages/airflow/example_dags/example_python_operator.py for tasks to queue
[2026-07-02T17:12:38.306+0000] {logging_mixin.py:188} INFO - [2026-07-02T17:12:38.305+0000] {dagbag.py:545} INFO - Filling up the DagBag from /usr/local/python/3.12.1/lib/python3.12/site-packages/airflow/example_dags/example_python_operator.py
[2026-07-02T17:12:38.315+0000] {processor.py:840} INFO - DAG(s) 'example_python_operator' retrieved from /usr/local/python/3.12.1/lib/python3.12/site-packages/airflow/example_dags/example_python_operator.py
[2026-07-02T17:12:38.328+0000] {logging_mixin.py:188} INFO - [2026-07-02T17:12:38.328+0000] {dag.py:3089} INFO - Sync 1 DAGs
[2026-07-02T17:12:38.344+0000] {logging_mixin.py:188} INFO - [2026-07-02T17:12:38.343+0000] {dag.py:3947} INFO - Setting next_dagrun for example_python_operator to None, run_after=None
[2026-07-02T17:12:38.417+0000] {processor.py:183} INFO - Processing /usr/local/python/3.12.1/lib/python3.12/site-packages/airflow/example_dags/example_python_operator.py took 0.118 seconds
[2026-07-02T17:13:38.953+0000] {processor.py:161} INFO - Started process (PID=169412) to work on /usr/local/python/3.12.1/lib/python3.12/site-packages/airflow/example_dags/example_python_operator.py
[2026-07-02T17:13:38.955+0000] {processor.py:830} INFO - Processing file /usr/local/python/3.12.1/lib/python3.12/site-packages/airflow/example_dags/example_python_operator.py for tasks to queue
[2026-07-02T17:13:38.957+0000] {logging_mixin.py:188} INFO - [2026-07-02T17:13:38.957+0000] {dagbag.py:545} INFO - Filling up the DagBag from /usr/local/python/3.12.1/lib/python3.12/site-packages/airflow/example_dags/example_python_operator.py
[2026-07-02T17:13:38.972+0000] {processor.py:840} INFO - DAG(s) 'example_python_operator' retrieved from /usr/local/python/3.12.1/lib/python3.12/site-packages/airflow/example_dags/example_python_operator.py
[2026-07-02T17:13:39.007+0000] {logging_mixin.py:188} INFO - [2026-07-02T17:13:39.007+0000] {dag.py:3089} INFO - Sync 1 DAGs
[2026-07-02T17:13:39.019+0000] {logging_mixin.py:188} INFO - [2026-07-02T17:13:39.018+0000] {dag.py:3947} INFO - Setting next_dagrun for example_python_operator to None, run_after=None
[2026-07-02T17:13:39.035+0000] {processor.py:183} INFO - Processing /usr/local/python/3.12.1/lib/python3.12/site-packages/airflow/example_dags/example_python_operator.py took 0.089 seconds
[2026-07-02T17:14:42.623+0000] {processor.py:161} INFO - Started process (PID=170051) to work on /usr/local/python/3.12.1/lib/python3.12/site-packages/airflow/example_dags/example_python_operator.py
[2026-07-02T17:14:42.624+0000] {processor.py:830} INFO - Processing file /usr/local/python/3.12.1/lib/python3.12/site-packages/airflow/example_dags/example_python_operator.py for tasks to queue
[2026-07-02T17:14:42.626+0000] {logging_mixin.py:188} INFO - [2026-07-02T17:14:42.625+0000] {dagbag.py:545} INFO - Filling up the DagBag from /usr/local/python/3.12.1/lib/python3.12/site-packages/airflow/example_dags/example_python_operator.py
[2026-07-02T17:14:42.634+0000] {processor.py:840} INFO - DAG(s) 'example_python_operator' retrieved from /usr/local/python/3.12.1/lib/python3.12/site-packages/airflow/example_dags/example_python_operator.py
[2026-07-02T17:14:42.649+0000] {logging_mixin.py:188} INFO - [2026-07-02T17:14:42.648+0000] {dag.py:3089} INFO - Sync 1 DAGs
[2026-07-02T17:14:42.658+0000] {logging_mixin.py:188} INFO - [2026-07-02T17:14:42.657+0000] {dag.py:3947} INFO - Setting next_dagrun for example_python_operator to None, run_after=None
[2026-07-02T17:14:42.674+0000] {processor.py:183} INFO - Processing /usr/local/python/3.12.1/lib/python3.12/site-packages/airflow/example_dags/example_python_operator.py took 0.055 seconds
[2026-07-02T17:15:24.862+0000] {processor.py:161} INFO - Started process (PID=170518) to work on /usr/local/python/3.12.1/lib/python3.12/site-packages/airflow/example_dags/example_python_operator.py
[2026-07-02T17:15:24.863+0000] {processor.py:830} INFO - Processing file /usr/local/python/3.12.1/lib/python3.12/site-packages/airflow/example_dags/example_python_operator.py for tasks to queue
[2026-07-02T17:15:24.865+0000] {logging_mixin.py:188} INFO - [2026-07-02T17:15:24.865+0000] {dagbag.py:545} INFO - Filling up the DagBag from /usr/local/python/3.12.1/lib/python3.12/site-packages/airflow/example_dags/example_python_operator.py
[2026-07-02T17:15:24.880+0000] {processor.py:840} INFO - DAG(s) 'example_python_operator' retrieved from /usr/local/python/3.12.1/lib/python3.12/site-packages/airflow/example_dags/example_python_operator.py
[2026-07-02T17:15:24.910+0000] {logging_mixin.py:188} INFO - [2026-07-02T17:15:24.909+0000] {dag.py:3089} INFO - Sync 1 DAGs
[2026-07-02T17:15:24.926+0000] {logging_mixin.py:188} INFO - [2026-07-02T17:15:24.926+0000] {dag.py:3947} INFO - Setting next_dagrun for example_python_operator to None, run_after=None
[2026-07-02T17:15:24.948+0000] {processor.py:183} INFO - Processing /usr/local/python/3.12.1/lib/python3.12/site-packages/airflow/example_dags/example_python_operator.py took 0.090 seconds
[2026-07-02T17:16:22.120+0000] {processor.py:161} INFO - Started process (PID=171140) to work on /usr/local/python/3.12.1/lib/python3.12/site-packages/airflow/example_dags/example_python_operator.py
[2026-07-02T17:16:22.121+0000] {processor.py:830} INFO - Processing file /usr/local/python/3.12.1/lib/python3.12/site-packages/airflow/example_dags/example_python_operator.py for tasks to queue
[2026-07-02T17:16:22.123+0000] {logging_mixin.py:188} INFO - [2026-07-02T17:16:22.122+0000] {dagbag.py:545} INFO - Filling up the DagBag from /usr/local/python/3.12.1/lib/python3.12/site-packages/airflow/example_dags/example_python_operator.py
[2026-07-02T17:16:22.132+0000] {processor.py:840} INFO - DAG(s) 'example_python_operator' retrieved from /usr/local/python/3.12.1/lib/python3.12/site-packages/airflow/example_dags/example_python_operator.py
[2026-07-02T17:16:22.146+0000] {logging_mixin.py:188} INFO - [2026-07-02T17:16:22.146+0000] {dag.py:3089} INFO - Sync 1 DAGs
[2026-07-02T17:16:22.155+0000] {logging_mixin.py:188} INFO - [2026-07-02T17:16:22.155+0000] {dag.py:3947} INFO - Setting next_dagrun for example_python_operator to None, run_after=None
[2026-07-02T17:16:22.173+0000] {processor.py:183} INFO - Processing /usr/local/python/3.12.1/lib/python3.12/site-packages/airflow/example_dags/example_python_operator.py took 0.058 seconds
[2026-07-02T17:17:24.172+0000] {processor.py:161} INFO - Started process (PID=171792) to work on /usr/local/python/3.12.1/lib/python3.12/site-packages/airflow/example_dags/example_python_operator.py
[2026-07-02T17:17:24.173+0000] {processor.py:830} INFO - Processing file /usr/local/python/3.12.1/lib/python3.12/site-packages/airflow/example_dags/example_python_operator.py for tasks to queue
[2026-07-02T17:17:24.174+0000] {logging_mixin.py:188} INFO - [2026-07-02T17:17:24.174+0000] {dagbag.py:545} INFO - Filling up the DagBag from /usr/local/python/3.12.1/lib/python3.12/site-packages/airflow/example_dags/example_python_operator.py
[2026-07-02T17:17:24.186+0000] {processor.py:840} INFO - DAG(s) 'example_python_operator' retrieved from /usr/local/python/3.12.1/lib/python3.12/site-packages/airflow/example_dags/example_python_operator.py
[2026-07-02T17:17:24.203+0000] {logging_mixin.py:188} INFO - [2026-07-02T17:17:24.203+0000] {dag.py:3089} INFO - Sync 1 DAGs
[2026-07-02T17:17:24.212+0000] {logging_mixin.py:188} INFO - [2026-07-02T17:17:24.212+0000] {dag.py:3947} INFO - Setting next_dagrun for example_python_operator to None, run_after=None
[2026-07-02T17:17:24.231+0000] {processor.py:183} INFO - Processing /usr/local/python/3.12.1/lib/python3.12/site-packages/airflow/example_dags/example_python_operator.py took 0.064 seconds
