[2026-07-02T16:24:44.231+0000] {processor.py:161} INFO - Started process (PID=117972) to work on /usr/local/python/3.12.1/lib/python3.12/site-packages/airflow/example_dags/example_branch_python_dop_operator_3.py
[2026-07-02T16:24:44.232+0000] {processor.py:830} INFO - Processing file /usr/local/python/3.12.1/lib/python3.12/site-packages/airflow/example_dags/example_branch_python_dop_operator_3.py for tasks to queue
[2026-07-02T16:24:44.233+0000] {logging_mixin.py:188} INFO - [2026-07-02T16:24:44.233+0000] {dagbag.py:545} INFO - Filling up the DagBag from /usr/local/python/3.12.1/lib/python3.12/site-packages/airflow/example_dags/example_branch_python_dop_operator_3.py
[2026-07-02T16:24:44.240+0000] {processor.py:840} INFO - DAG(s) 'example_branch_dop_operator_v3' retrieved from /usr/local/python/3.12.1/lib/python3.12/site-packages/airflow/example_dags/example_branch_python_dop_operator_3.py
[2026-07-02T16:24:44.320+0000] {logging_mixin.py:188} INFO - [2026-07-02T16:24:44.319+0000] {override.py:1858} INFO - Created Permission View: can delete on DAG:example_branch_dop_operator_v3
[2026-07-02T16:24:44.328+0000] {logging_mixin.py:188} INFO - [2026-07-02T16:24:44.328+0000] {override.py:1858} INFO - Created Permission View: can read on DAG:example_branch_dop_operator_v3
[2026-07-02T16:24:44.337+0000] {logging_mixin.py:188} INFO - [2026-07-02T16:24:44.336+0000] {override.py:1858} INFO - Created Permission View: can edit on DAG:example_branch_dop_operator_v3
[2026-07-02T16:24:44.337+0000] {logging_mixin.py:188} INFO - [2026-07-02T16:24:44.337+0000] {dag.py:3089} INFO - Sync 1 DAGs
[2026-07-02T16:24:44.345+0000] {logging_mixin.py:188} INFO - [2026-07-02T16:24:44.344+0000] {dag.py:3111} INFO - Creating ORM DAG for example_branch_dop_operator_v3
[2026-07-02T16:24:44.354+0000] {logging_mixin.py:188} INFO - [2026-07-02T16:24:44.353+0000] {dag.py:3947} INFO - Setting next_dagrun for example_branch_dop_operator_v3 to 2026-07-02 16:23:00+00:00, run_after=2026-07-02 16:24:00+00:00
[2026-07-02T16:24:44.370+0000] {processor.py:183} INFO - Processing /usr/local/python/3.12.1/lib/python3.12/site-packages/airflow/example_dags/example_branch_python_dop_operator_3.py took 0.143 seconds
[2026-07-02T16:25:37.285+0000] {processor.py:161} INFO - Started process (PID=118775) to work on /usr/local/python/3.12.1/lib/python3.12/site-packages/airflow/example_dags/example_branch_python_dop_operator_3.py
[2026-07-02T16:25:37.330+0000] {processor.py:830} INFO - Processing file /usr/local/python/3.12.1/lib/python3.12/site-packages/airflow/example_dags/example_branch_python_dop_operator_3.py for tasks to queue
[2026-07-02T16:25:37.334+0000] {logging_mixin.py:188} INFO - [2026-07-02T16:25:37.334+0000] {dagbag.py:545} INFO - Filling up the DagBag from /usr/local/python/3.12.1/lib/python3.12/site-packages/airflow/example_dags/example_branch_python_dop_operator_3.py
[2026-07-02T16:25:37.349+0000] {processor.py:840} INFO - DAG(s) 'example_branch_dop_operator_v3' retrieved from /usr/local/python/3.12.1/lib/python3.12/site-packages/airflow/example_dags/example_branch_python_dop_operator_3.py
[2026-07-02T16:25:37.380+0000] {logging_mixin.py:188} INFO - [2026-07-02T16:25:37.379+0000] {dag.py:3089} INFO - Sync 1 DAGs
[2026-07-02T16:25:37.416+0000] {logging_mixin.py:188} INFO - [2026-07-02T16:25:37.416+0000] {dag.py:3947} INFO - Setting next_dagrun for example_branch_dop_operator_v3 to 2026-07-02 16:24:00+00:00, run_after=2026-07-02 16:25:00+00:00
[2026-07-02T16:25:37.455+0000] {processor.py:183} INFO - Processing /usr/local/python/3.12.1/lib/python3.12/site-packages/airflow/example_dags/example_branch_python_dop_operator_3.py took 0.179 seconds
[2026-07-02T16:26:56.154+0000] {processor.py:161} INFO - Started process (PID=126677) to work on /usr/local/python/3.12.1/lib/python3.12/site-packages/airflow/example_dags/example_branch_python_dop_operator_3.py
[2026-07-02T16:26:56.163+0000] {processor.py:830} INFO - Processing file /usr/local/python/3.12.1/lib/python3.12/site-packages/airflow/example_dags/example_branch_python_dop_operator_3.py for tasks to queue
[2026-07-02T16:26:56.170+0000] {logging_mixin.py:188} INFO - [2026-07-02T16:26:56.170+0000] {dagbag.py:545} INFO - Filling up the DagBag from /usr/local/python/3.12.1/lib/python3.12/site-packages/airflow/example_dags/example_branch_python_dop_operator_3.py
[2026-07-02T16:26:56.232+0000] {processor.py:840} INFO - DAG(s) 'example_branch_dop_operator_v3' retrieved from /usr/local/python/3.12.1/lib/python3.12/site-packages/airflow/example_dags/example_branch_python_dop_operator_3.py
[2026-07-02T16:26:56.300+0000] {logging_mixin.py:188} INFO - [2026-07-02T16:26:56.299+0000] {dag.py:3089} INFO - Sync 1 DAGs
[2026-07-02T16:26:56.362+0000] {logging_mixin.py:188} INFO - [2026-07-02T16:26:56.361+0000] {dag.py:3947} INFO - Setting next_dagrun for example_branch_dop_operator_v3 to 2026-07-02 16:25:00+00:00, run_after=2026-07-02 16:26:00+00:00
[2026-07-02T16:26:56.438+0000] {processor.py:183} INFO - Processing /usr/local/python/3.12.1/lib/python3.12/site-packages/airflow/example_dags/example_branch_python_dop_operator_3.py took 0.307 seconds
[2026-07-02T16:28:06.510+0000] {processor.py:161} INFO - Started process (PID=128782) to work on /usr/local/python/3.12.1/lib/python3.12/site-packages/airflow/example_dags/example_branch_python_dop_operator_3.py
[2026-07-02T16:28:06.510+0000] {processor.py:830} INFO - Processing file /usr/local/python/3.12.1/lib/python3.12/site-packages/airflow/example_dags/example_branch_python_dop_operator_3.py for tasks to queue
[2026-07-02T16:28:06.512+0000] {logging_mixin.py:188} INFO - [2026-07-02T16:28:06.512+0000] {dagbag.py:545} INFO - Filling up the DagBag from /usr/local/python/3.12.1/lib/python3.12/site-packages/airflow/example_dags/example_branch_python_dop_operator_3.py
[2026-07-02T16:28:06.520+0000] {processor.py:840} INFO - DAG(s) 'example_branch_dop_operator_v3' retrieved from /usr/local/python/3.12.1/lib/python3.12/site-packages/airflow/example_dags/example_branch_python_dop_operator_3.py
[2026-07-02T16:28:06.532+0000] {logging_mixin.py:188} INFO - [2026-07-02T16:28:06.532+0000] {dag.py:3089} INFO - Sync 1 DAGs
[2026-07-02T16:28:06.551+0000] {logging_mixin.py:188} INFO - [2026-07-02T16:28:06.551+0000] {dag.py:3947} INFO - Setting next_dagrun for example_branch_dop_operator_v3 to 2026-07-02 16:27:00+00:00, run_after=2026-07-02 16:28:00+00:00
[2026-07-02T16:28:06.572+0000] {processor.py:183} INFO - Processing /usr/local/python/3.12.1/lib/python3.12/site-packages/airflow/example_dags/example_branch_python_dop_operator_3.py took 0.067 seconds
[2026-07-02T16:29:05.391+0000] {processor.py:161} INFO - Started process (PID=129646) to work on /usr/local/python/3.12.1/lib/python3.12/site-packages/airflow/example_dags/example_branch_python_dop_operator_3.py
[2026-07-02T16:29:05.392+0000] {processor.py:830} INFO - Processing file /usr/local/python/3.12.1/lib/python3.12/site-packages/airflow/example_dags/example_branch_python_dop_operator_3.py for tasks to queue
[2026-07-02T16:29:05.394+0000] {logging_mixin.py:188} INFO - [2026-07-02T16:29:05.393+0000] {dagbag.py:545} INFO - Filling up the DagBag from /usr/local/python/3.12.1/lib/python3.12/site-packages/airflow/example_dags/example_branch_python_dop_operator_3.py
[2026-07-02T16:29:05.403+0000] {processor.py:840} INFO - DAG(s) 'example_branch_dop_operator_v3' retrieved from /usr/local/python/3.12.1/lib/python3.12/site-packages/airflow/example_dags/example_branch_python_dop_operator_3.py
[2026-07-02T16:29:05.417+0000] {logging_mixin.py:188} INFO - [2026-07-02T16:29:05.417+0000] {dag.py:3089} INFO - Sync 1 DAGs
[2026-07-02T16:29:05.540+0000] {logging_mixin.py:188} INFO - [2026-07-02T16:29:05.540+0000] {dag.py:3947} INFO - Setting next_dagrun for example_branch_dop_operator_v3 to 2026-07-02 16:28:00+00:00, run_after=2026-07-02 16:29:00+00:00
[2026-07-02T16:29:05.556+0000] {processor.py:183} INFO - Processing /usr/local/python/3.12.1/lib/python3.12/site-packages/airflow/example_dags/example_branch_python_dop_operator_3.py took 0.171 seconds
[2026-07-02T16:30:06.202+0000] {processor.py:161} INFO - Started process (PID=130315) to work on /usr/local/python/3.12.1/lib/python3.12/site-packages/airflow/example_dags/example_branch_python_dop_operator_3.py
[2026-07-02T16:30:06.203+0000] {processor.py:830} INFO - Processing file /usr/local/python/3.12.1/lib/python3.12/site-packages/airflow/example_dags/example_branch_python_dop_operator_3.py for tasks to queue
[2026-07-02T16:30:06.205+0000] {logging_mixin.py:188} INFO - [2026-07-02T16:30:06.205+0000] {dagbag.py:545} INFO - Filling up the DagBag from /usr/local/python/3.12.1/lib/python3.12/site-packages/airflow/example_dags/example_branch_python_dop_operator_3.py
[2026-07-02T16:30:06.214+0000] {processor.py:840} INFO - DAG(s) 'example_branch_dop_operator_v3' retrieved from /usr/local/python/3.12.1/lib/python3.12/site-packages/airflow/example_dags/example_branch_python_dop_operator_3.py
[2026-07-02T16:30:06.226+0000] {logging_mixin.py:188} INFO - [2026-07-02T16:30:06.226+0000] {dag.py:3089} INFO - Sync 1 DAGs
[2026-07-02T16:30:06.246+0000] {logging_mixin.py:188} INFO - [2026-07-02T16:30:06.245+0000] {dag.py:3947} INFO - Setting next_dagrun for example_branch_dop_operator_v3 to 2026-07-02 16:29:00+00:00, run_after=2026-07-02 16:30:00+00:00
[2026-07-02T16:30:06.264+0000] {processor.py:183} INFO - Processing /usr/local/python/3.12.1/lib/python3.12/site-packages/airflow/example_dags/example_branch_python_dop_operator_3.py took 0.066 seconds
[2026-07-02T16:30:58.999+0000] {processor.py:161} INFO - Started process (PID=130902) to work on /usr/local/python/3.12.1/lib/python3.12/site-packages/airflow/example_dags/example_branch_python_dop_operator_3.py
[2026-07-02T16:30:59.009+0000] {processor.py:830} INFO - Processing file /usr/local/python/3.12.1/lib/python3.12/site-packages/airflow/example_dags/example_branch_python_dop_operator_3.py for tasks to queue
[2026-07-02T16:30:59.015+0000] {logging_mixin.py:188} INFO - [2026-07-02T16:30:59.014+0000] {dagbag.py:545} INFO - Filling up the DagBag from /usr/local/python/3.12.1/lib/python3.12/site-packages/airflow/example_dags/example_branch_python_dop_operator_3.py
[2026-07-02T16:30:59.035+0000] {processor.py:840} INFO - DAG(s) 'example_branch_dop_operator_v3' retrieved from /usr/local/python/3.12.1/lib/python3.12/site-packages/airflow/example_dags/example_branch_python_dop_operator_3.py
[2026-07-02T16:30:59.100+0000] {logging_mixin.py:188} INFO - [2026-07-02T16:30:59.099+0000] {dag.py:3089} INFO - Sync 1 DAGs
[2026-07-02T16:30:59.188+0000] {logging_mixin.py:188} INFO - [2026-07-02T16:30:59.188+0000] {dag.py:3947} INFO - Setting next_dagrun for example_branch_dop_operator_v3 to 2026-07-02 16:29:00+00:00, run_after=2026-07-02 16:30:00+00:00
[2026-07-02T16:30:59.215+0000] {processor.py:183} INFO - Processing /usr/local/python/3.12.1/lib/python3.12/site-packages/airflow/example_dags/example_branch_python_dop_operator_3.py took 0.232 seconds
[2026-07-02T16:32:13.070+0000] {processor.py:161} INFO - Started process (PID=132856) to work on /usr/local/python/3.12.1/lib/python3.12/site-packages/airflow/example_dags/example_branch_python_dop_operator_3.py
[2026-07-02T16:32:13.087+0000] {processor.py:830} INFO - Processing file /usr/local/python/3.12.1/lib/python3.12/site-packages/airflow/example_dags/example_branch_python_dop_operator_3.py for tasks to queue
[2026-07-02T16:32:13.100+0000] {logging_mixin.py:188} INFO - [2026-07-02T16:32:13.099+0000] {dagbag.py:545} INFO - Filling up the DagBag from /usr/local/python/3.12.1/lib/python3.12/site-packages/airflow/example_dags/example_branch_python_dop_operator_3.py
[2026-07-02T16:32:13.185+0000] {processor.py:840} INFO - DAG(s) 'example_branch_dop_operator_v3' retrieved from /usr/local/python/3.12.1/lib/python3.12/site-packages/airflow/example_dags/example_branch_python_dop_operator_3.py
[2026-07-02T16:32:13.219+0000] {logging_mixin.py:188} INFO - [2026-07-02T16:32:13.219+0000] {dag.py:3089} INFO - Sync 1 DAGs
[2026-07-02T16:32:13.250+0000] {logging_mixin.py:188} INFO - [2026-07-02T16:32:13.249+0000] {dag.py:3947} INFO - Setting next_dagrun for example_branch_dop_operator_v3 to 2026-07-02 16:31:00+00:00, run_after=2026-07-02 16:32:00+00:00
[2026-07-02T16:32:13.327+0000] {processor.py:183} INFO - Processing /usr/local/python/3.12.1/lib/python3.12/site-packages/airflow/example_dags/example_branch_python_dop_operator_3.py took 0.291 seconds
[2026-07-02T16:33:06.735+0000] {processor.py:161} INFO - Started process (PID=133433) to work on /usr/local/python/3.12.1/lib/python3.12/site-packages/airflow/example_dags/example_branch_python_dop_operator_3.py
[2026-07-02T16:33:06.735+0000] {processor.py:830} INFO - Processing file /usr/local/python/3.12.1/lib/python3.12/site-packages/airflow/example_dags/example_branch_python_dop_operator_3.py for tasks to queue
[2026-07-02T16:33:06.737+0000] {logging_mixin.py:188} INFO - [2026-07-02T16:33:06.737+0000] {dagbag.py:545} INFO - Filling up the DagBag from /usr/local/python/3.12.1/lib/python3.12/site-packages/airflow/example_dags/example_branch_python_dop_operator_3.py
[2026-07-02T16:33:06.750+0000] {processor.py:840} INFO - DAG(s) 'example_branch_dop_operator_v3' retrieved from /usr/local/python/3.12.1/lib/python3.12/site-packages/airflow/example_dags/example_branch_python_dop_operator_3.py
[2026-07-02T16:33:06.762+0000] {logging_mixin.py:188} INFO - [2026-07-02T16:33:06.762+0000] {dag.py:3089} INFO - Sync 1 DAGs
[2026-07-02T16:33:06.782+0000] {logging_mixin.py:188} INFO - [2026-07-02T16:33:06.781+0000] {dag.py:3947} INFO - Setting next_dagrun for example_branch_dop_operator_v3 to 2026-07-02 16:32:00+00:00, run_after=2026-07-02 16:33:00+00:00
[2026-07-02T16:33:06.804+0000] {processor.py:183} INFO - Processing /usr/local/python/3.12.1/lib/python3.12/site-packages/airflow/example_dags/example_branch_python_dop_operator_3.py took 0.075 seconds
[2026-07-02T16:34:21.224+0000] {processor.py:161} INFO - Started process (PID=134389) to work on /usr/local/python/3.12.1/lib/python3.12/site-packages/airflow/example_dags/example_branch_python_dop_operator_3.py
[2026-07-02T16:34:21.228+0000] {processor.py:830} INFO - Processing file /usr/local/python/3.12.1/lib/python3.12/site-packages/airflow/example_dags/example_branch_python_dop_operator_3.py for tasks to queue
[2026-07-02T16:34:21.232+0000] {logging_mixin.py:188} INFO - [2026-07-02T16:34:21.231+0000] {dagbag.py:545} INFO - Filling up the DagBag from /usr/local/python/3.12.1/lib/python3.12/site-packages/airflow/example_dags/example_branch_python_dop_operator_3.py
[2026-07-02T16:34:21.247+0000] {processor.py:840} INFO - DAG(s) 'example_branch_dop_operator_v3' retrieved from /usr/local/python/3.12.1/lib/python3.12/site-packages/airflow/example_dags/example_branch_python_dop_operator_3.py
[2026-07-02T16:34:21.272+0000] {logging_mixin.py:188} INFO - [2026-07-02T16:34:21.271+0000] {dag.py:3089} INFO - Sync 1 DAGs
[2026-07-02T16:34:21.305+0000] {logging_mixin.py:188} INFO - [2026-07-02T16:34:21.305+0000] {dag.py:3947} INFO - Setting next_dagrun for example_branch_dop_operator_v3 to 2026-07-02 16:33:00+00:00, run_after=2026-07-02 16:34:00+00:00
[2026-07-02T16:34:21.345+0000] {processor.py:183} INFO - Processing /usr/local/python/3.12.1/lib/python3.12/site-packages/airflow/example_dags/example_branch_python_dop_operator_3.py took 0.129 seconds
[2026-07-02T16:35:42.173+0000] {processor.py:161} INFO - Started process (PID=136176) to work on /usr/local/python/3.12.1/lib/python3.12/site-packages/airflow/example_dags/example_branch_python_dop_operator_3.py
[2026-07-02T16:35:42.175+0000] {processor.py:830} INFO - Processing file /usr/local/python/3.12.1/lib/python3.12/site-packages/airflow/example_dags/example_branch_python_dop_operator_3.py for tasks to queue
[2026-07-02T16:35:42.177+0000] {logging_mixin.py:188} INFO - [2026-07-02T16:35:42.177+0000] {dagbag.py:545} INFO - Filling up the DagBag from /usr/local/python/3.12.1/lib/python3.12/site-packages/airflow/example_dags/example_branch_python_dop_operator_3.py
[2026-07-02T16:35:42.187+0000] {processor.py:840} INFO - DAG(s) 'example_branch_dop_operator_v3' retrieved from /usr/local/python/3.12.1/lib/python3.12/site-packages/airflow/example_dags/example_branch_python_dop_operator_3.py
[2026-07-02T16:35:42.200+0000] {logging_mixin.py:188} INFO - [2026-07-02T16:35:42.200+0000] {dag.py:3089} INFO - Sync 1 DAGs
[2026-07-02T16:35:42.220+0000] {logging_mixin.py:188} INFO - [2026-07-02T16:35:42.219+0000] {dag.py:3947} INFO - Setting next_dagrun for example_branch_dop_operator_v3 to 2026-07-02 16:34:00+00:00, run_after=2026-07-02 16:35:00+00:00
[2026-07-02T16:35:42.238+0000] {processor.py:183} INFO - Processing /usr/local/python/3.12.1/lib/python3.12/site-packages/airflow/example_dags/example_branch_python_dop_operator_3.py took 0.070 seconds
[2026-07-02T16:36:34.113+0000] {processor.py:161} INFO - Started process (PID=136889) to work on /usr/local/python/3.12.1/lib/python3.12/site-packages/airflow/example_dags/example_branch_python_dop_operator_3.py
[2026-07-02T16:36:34.118+0000] {processor.py:830} INFO - Processing file /usr/local/python/3.12.1/lib/python3.12/site-packages/airflow/example_dags/example_branch_python_dop_operator_3.py for tasks to queue
[2026-07-02T16:36:34.125+0000] {logging_mixin.py:188} INFO - [2026-07-02T16:36:34.124+0000] {dagbag.py:545} INFO - Filling up the DagBag from /usr/local/python/3.12.1/lib/python3.12/site-packages/airflow/example_dags/example_branch_python_dop_operator_3.py
[2026-07-02T16:36:34.137+0000] {processor.py:840} INFO - DAG(s) 'example_branch_dop_operator_v3' retrieved from /usr/local/python/3.12.1/lib/python3.12/site-packages/airflow/example_dags/example_branch_python_dop_operator_3.py
[2026-07-02T16:36:34.149+0000] {logging_mixin.py:188} INFO - [2026-07-02T16:36:34.149+0000] {dag.py:3089} INFO - Sync 1 DAGs
[2026-07-02T16:36:34.171+0000] {logging_mixin.py:188} INFO - [2026-07-02T16:36:34.171+0000] {dag.py:3947} INFO - Setting next_dagrun for example_branch_dop_operator_v3 to 2026-07-02 16:35:00+00:00, run_after=2026-07-02 16:36:00+00:00
[2026-07-02T16:36:34.208+0000] {processor.py:183} INFO - Processing /usr/local/python/3.12.1/lib/python3.12/site-packages/airflow/example_dags/example_branch_python_dop_operator_3.py took 0.119 seconds
[2026-07-02T16:37:42.257+0000] {processor.py:161} INFO - Started process (PID=138422) to work on /usr/local/python/3.12.1/lib/python3.12/site-packages/airflow/example_dags/example_branch_python_dop_operator_3.py
[2026-07-02T16:37:42.258+0000] {processor.py:830} INFO - Processing file /usr/local/python/3.12.1/lib/python3.12/site-packages/airflow/example_dags/example_branch_python_dop_operator_3.py for tasks to queue
[2026-07-02T16:37:42.259+0000] {logging_mixin.py:188} INFO - [2026-07-02T16:37:42.259+0000] {dagbag.py:545} INFO - Filling up the DagBag from /usr/local/python/3.12.1/lib/python3.12/site-packages/airflow/example_dags/example_branch_python_dop_operator_3.py
[2026-07-02T16:37:42.267+0000] {processor.py:840} INFO - DAG(s) 'example_branch_dop_operator_v3' retrieved from /usr/local/python/3.12.1/lib/python3.12/site-packages/airflow/example_dags/example_branch_python_dop_operator_3.py
[2026-07-02T16:37:42.282+0000] {logging_mixin.py:188} INFO - [2026-07-02T16:37:42.281+0000] {dag.py:3089} INFO - Sync 1 DAGs
[2026-07-02T16:37:42.302+0000] {logging_mixin.py:188} INFO - [2026-07-02T16:37:42.302+0000] {dag.py:3947} INFO - Setting next_dagrun for example_branch_dop_operator_v3 to 2026-07-02 16:36:00+00:00, run_after=2026-07-02 16:37:00+00:00
[2026-07-02T16:37:42.319+0000] {processor.py:183} INFO - Processing /usr/local/python/3.12.1/lib/python3.12/site-packages/airflow/example_dags/example_branch_python_dop_operator_3.py took 0.066 seconds
[2026-07-02T16:38:50.382+0000] {processor.py:161} INFO - Started process (PID=139768) to work on /usr/local/python/3.12.1/lib/python3.12/site-packages/airflow/example_dags/example_branch_python_dop_operator_3.py
[2026-07-02T16:38:50.386+0000] {processor.py:830} INFO - Processing file /usr/local/python/3.12.1/lib/python3.12/site-packages/airflow/example_dags/example_branch_python_dop_operator_3.py for tasks to queue
[2026-07-02T16:38:50.391+0000] {logging_mixin.py:188} INFO - [2026-07-02T16:38:50.390+0000] {dagbag.py:545} INFO - Filling up the DagBag from /usr/local/python/3.12.1/lib/python3.12/site-packages/airflow/example_dags/example_branch_python_dop_operator_3.py
[2026-07-02T16:38:50.447+0000] {processor.py:840} INFO - DAG(s) 'example_branch_dop_operator_v3' retrieved from /usr/local/python/3.12.1/lib/python3.12/site-packages/airflow/example_dags/example_branch_python_dop_operator_3.py
[2026-07-02T16:38:50.496+0000] {logging_mixin.py:188} INFO - [2026-07-02T16:38:50.496+0000] {dag.py:3089} INFO - Sync 1 DAGs
[2026-07-02T16:38:50.536+0000] {logging_mixin.py:188} INFO - [2026-07-02T16:38:50.535+0000] {dag.py:3947} INFO - Setting next_dagrun for example_branch_dop_operator_v3 to 2026-07-02 16:37:00+00:00, run_after=2026-07-02 16:38:00+00:00
[2026-07-02T16:38:50.564+0000] {processor.py:183} INFO - Processing /usr/local/python/3.12.1/lib/python3.12/site-packages/airflow/example_dags/example_branch_python_dop_operator_3.py took 0.188 seconds
[2026-07-02T16:39:58.481+0000] {processor.py:161} INFO - Started process (PID=140663) to work on /usr/local/python/3.12.1/lib/python3.12/site-packages/airflow/example_dags/example_branch_python_dop_operator_3.py
[2026-07-02T16:39:58.482+0000] {processor.py:830} INFO - Processing file /usr/local/python/3.12.1/lib/python3.12/site-packages/airflow/example_dags/example_branch_python_dop_operator_3.py for tasks to queue
[2026-07-02T16:39:58.484+0000] {logging_mixin.py:188} INFO - [2026-07-02T16:39:58.483+0000] {dagbag.py:545} INFO - Filling up the DagBag from /usr/local/python/3.12.1/lib/python3.12/site-packages/airflow/example_dags/example_branch_python_dop_operator_3.py
[2026-07-02T16:39:58.494+0000] {processor.py:840} INFO - DAG(s) 'example_branch_dop_operator_v3' retrieved from /usr/local/python/3.12.1/lib/python3.12/site-packages/airflow/example_dags/example_branch_python_dop_operator_3.py
[2026-07-02T16:39:58.512+0000] {logging_mixin.py:188} INFO - [2026-07-02T16:39:58.512+0000] {dag.py:3089} INFO - Sync 1 DAGs
[2026-07-02T16:39:58.556+0000] {logging_mixin.py:188} INFO - [2026-07-02T16:39:58.554+0000] {dag.py:3947} INFO - Setting next_dagrun for example_branch_dop_operator_v3 to 2026-07-02 16:38:00+00:00, run_after=2026-07-02 16:39:00+00:00
[2026-07-02T16:39:58.627+0000] {processor.py:183} INFO - Processing /usr/local/python/3.12.1/lib/python3.12/site-packages/airflow/example_dags/example_branch_python_dop_operator_3.py took 0.148 seconds
[2026-07-02T16:41:18.999+0000] {processor.py:161} INFO - Started process (PID=141913) to work on /usr/local/python/3.12.1/lib/python3.12/site-packages/airflow/example_dags/example_branch_python_dop_operator_3.py
[2026-07-02T16:41:19.001+0000] {processor.py:830} INFO - Processing file /usr/local/python/3.12.1/lib/python3.12/site-packages/airflow/example_dags/example_branch_python_dop_operator_3.py for tasks to queue
[2026-07-02T16:41:19.006+0000] {logging_mixin.py:188} INFO - [2026-07-02T16:41:19.006+0000] {dagbag.py:545} INFO - Filling up the DagBag from /usr/local/python/3.12.1/lib/python3.12/site-packages/airflow/example_dags/example_branch_python_dop_operator_3.py
[2026-07-02T16:41:19.014+0000] {processor.py:840} INFO - DAG(s) 'example_branch_dop_operator_v3' retrieved from /usr/local/python/3.12.1/lib/python3.12/site-packages/airflow/example_dags/example_branch_python_dop_operator_3.py
[2026-07-02T16:41:19.027+0000] {logging_mixin.py:188} INFO - [2026-07-02T16:41:19.027+0000] {dag.py:3089} INFO - Sync 1 DAGs
[2026-07-02T16:41:19.045+0000] {logging_mixin.py:188} INFO - [2026-07-02T16:41:19.045+0000] {dag.py:3947} INFO - Setting next_dagrun for example_branch_dop_operator_v3 to 2026-07-02 16:40:00+00:00, run_after=2026-07-02 16:41:00+00:00
[2026-07-02T16:41:19.062+0000] {processor.py:183} INFO - Processing /usr/local/python/3.12.1/lib/python3.12/site-packages/airflow/example_dags/example_branch_python_dop_operator_3.py took 0.069 seconds
[2026-07-02T16:42:21.976+0000] {processor.py:161} INFO - Started process (PID=142882) to work on /usr/local/python/3.12.1/lib/python3.12/site-packages/airflow/example_dags/example_branch_python_dop_operator_3.py
[2026-07-02T16:42:22.033+0000] {processor.py:830} INFO - Processing file /usr/local/python/3.12.1/lib/python3.12/site-packages/airflow/example_dags/example_branch_python_dop_operator_3.py for tasks to queue
[2026-07-02T16:42:22.039+0000] {logging_mixin.py:188} INFO - [2026-07-02T16:42:22.039+0000] {dagbag.py:545} INFO - Filling up the DagBag from /usr/local/python/3.12.1/lib/python3.12/site-packages/airflow/example_dags/example_branch_python_dop_operator_3.py
[2026-07-02T16:42:22.151+0000] {processor.py:840} INFO - DAG(s) 'example_branch_dop_operator_v3' retrieved from /usr/local/python/3.12.1/lib/python3.12/site-packages/airflow/example_dags/example_branch_python_dop_operator_3.py
[2026-07-02T16:42:22.168+0000] {logging_mixin.py:188} INFO - [2026-07-02T16:42:22.168+0000] {dag.py:3089} INFO - Sync 1 DAGs
[2026-07-02T16:42:22.203+0000] {logging_mixin.py:188} INFO - [2026-07-02T16:42:22.203+0000] {dag.py:3947} INFO - Setting next_dagrun for example_branch_dop_operator_v3 to 2026-07-02 16:41:00+00:00, run_after=2026-07-02 16:42:00+00:00
[2026-07-02T16:42:22.228+0000] {processor.py:183} INFO - Processing /usr/local/python/3.12.1/lib/python3.12/site-packages/airflow/example_dags/example_branch_python_dop_operator_3.py took 0.269 seconds
[2026-07-02T16:43:35.197+0000] {processor.py:161} INFO - Started process (PID=143983) to work on /usr/local/python/3.12.1/lib/python3.12/site-packages/airflow/example_dags/example_branch_python_dop_operator_3.py
[2026-07-02T16:43:35.198+0000] {processor.py:830} INFO - Processing file /usr/local/python/3.12.1/lib/python3.12/site-packages/airflow/example_dags/example_branch_python_dop_operator_3.py for tasks to queue
[2026-07-02T16:43:35.200+0000] {logging_mixin.py:188} INFO - [2026-07-02T16:43:35.199+0000] {dagbag.py:545} INFO - Filling up the DagBag from /usr/local/python/3.12.1/lib/python3.12/site-packages/airflow/example_dags/example_branch_python_dop_operator_3.py
[2026-07-02T16:43:35.206+0000] {processor.py:840} INFO - DAG(s) 'example_branch_dop_operator_v3' retrieved from /usr/local/python/3.12.1/lib/python3.12/site-packages/airflow/example_dags/example_branch_python_dop_operator_3.py
[2026-07-02T16:43:35.218+0000] {logging_mixin.py:188} INFO - [2026-07-02T16:43:35.218+0000] {dag.py:3089} INFO - Sync 1 DAGs
[2026-07-02T16:43:35.235+0000] {logging_mixin.py:188} INFO - [2026-07-02T16:43:35.235+0000] {dag.py:3947} INFO - Setting next_dagrun for example_branch_dop_operator_v3 to 2026-07-02 16:42:00+00:00, run_after=2026-07-02 16:43:00+00:00
[2026-07-02T16:43:35.252+0000] {processor.py:183} INFO - Processing /usr/local/python/3.12.1/lib/python3.12/site-packages/airflow/example_dags/example_branch_python_dop_operator_3.py took 0.061 seconds
[2026-07-02T16:44:39.588+0000] {processor.py:161} INFO - Started process (PID=146303) to work on /usr/local/python/3.12.1/lib/python3.12/site-packages/airflow/example_dags/example_branch_python_dop_operator_3.py
[2026-07-02T16:44:39.599+0000] {processor.py:830} INFO - Processing file /usr/local/python/3.12.1/lib/python3.12/site-packages/airflow/example_dags/example_branch_python_dop_operator_3.py for tasks to queue
[2026-07-02T16:44:39.600+0000] {logging_mixin.py:188} INFO - [2026-07-02T16:44:39.600+0000] {dagbag.py:545} INFO - Filling up the DagBag from /usr/local/python/3.12.1/lib/python3.12/site-packages/airflow/example_dags/example_branch_python_dop_operator_3.py
[2026-07-02T16:44:39.611+0000] {processor.py:840} INFO - DAG(s) 'example_branch_dop_operator_v3' retrieved from /usr/local/python/3.12.1/lib/python3.12/site-packages/airflow/example_dags/example_branch_python_dop_operator_3.py
[2026-07-02T16:44:39.628+0000] {logging_mixin.py:188} INFO - [2026-07-02T16:44:39.628+0000] {dag.py:3089} INFO - Sync 1 DAGs
[2026-07-02T16:44:39.656+0000] {logging_mixin.py:188} INFO - [2026-07-02T16:44:39.656+0000] {dag.py:3947} INFO - Setting next_dagrun for example_branch_dop_operator_v3 to 2026-07-02 16:43:00+00:00, run_after=2026-07-02 16:44:00+00:00
[2026-07-02T16:44:39.681+0000] {processor.py:183} INFO - Processing /usr/local/python/3.12.1/lib/python3.12/site-packages/airflow/example_dags/example_branch_python_dop_operator_3.py took 0.100 seconds
[2026-07-02T16:45:50.053+0000] {processor.py:161} INFO - Started process (PID=148811) to work on /usr/local/python/3.12.1/lib/python3.12/site-packages/airflow/example_dags/example_branch_python_dop_operator_3.py
[2026-07-02T16:45:50.059+0000] {processor.py:830} INFO - Processing file /usr/local/python/3.12.1/lib/python3.12/site-packages/airflow/example_dags/example_branch_python_dop_operator_3.py for tasks to queue
[2026-07-02T16:45:50.060+0000] {logging_mixin.py:188} INFO - [2026-07-02T16:45:50.060+0000] {dagbag.py:545} INFO - Filling up the DagBag from /usr/local/python/3.12.1/lib/python3.12/site-packages/airflow/example_dags/example_branch_python_dop_operator_3.py
[2026-07-02T16:45:50.075+0000] {processor.py:840} INFO - DAG(s) 'example_branch_dop_operator_v3' retrieved from /usr/local/python/3.12.1/lib/python3.12/site-packages/airflow/example_dags/example_branch_python_dop_operator_3.py
[2026-07-02T16:45:50.097+0000] {logging_mixin.py:188} INFO - [2026-07-02T16:45:50.097+0000] {dag.py:3089} INFO - Sync 1 DAGs
[2026-07-02T16:45:50.134+0000] {logging_mixin.py:188} INFO - [2026-07-02T16:45:50.133+0000] {dag.py:3947} INFO - Setting next_dagrun for example_branch_dop_operator_v3 to 2026-07-02 16:44:00+00:00, run_after=2026-07-02 16:45:00+00:00
[2026-07-02T16:45:50.165+0000] {processor.py:183} INFO - Processing /usr/local/python/3.12.1/lib/python3.12/site-packages/airflow/example_dags/example_branch_python_dop_operator_3.py took 0.120 seconds
[2026-07-02T16:47:09.757+0000] {processor.py:161} INFO - Started process (PID=151364) to work on /usr/local/python/3.12.1/lib/python3.12/site-packages/airflow/example_dags/example_branch_python_dop_operator_3.py
[2026-07-02T16:47:09.758+0000] {processor.py:830} INFO - Processing file /usr/local/python/3.12.1/lib/python3.12/site-packages/airflow/example_dags/example_branch_python_dop_operator_3.py for tasks to queue
[2026-07-02T16:47:09.760+0000] {logging_mixin.py:188} INFO - [2026-07-02T16:47:09.759+0000] {dagbag.py:545} INFO - Filling up the DagBag from /usr/local/python/3.12.1/lib/python3.12/site-packages/airflow/example_dags/example_branch_python_dop_operator_3.py
[2026-07-02T16:47:09.770+0000] {processor.py:840} INFO - DAG(s) 'example_branch_dop_operator_v3' retrieved from /usr/local/python/3.12.1/lib/python3.12/site-packages/airflow/example_dags/example_branch_python_dop_operator_3.py
[2026-07-02T16:47:09.791+0000] {logging_mixin.py:188} INFO - [2026-07-02T16:47:09.790+0000] {dag.py:3089} INFO - Sync 1 DAGs
[2026-07-02T16:47:09.814+0000] {logging_mixin.py:188} INFO - [2026-07-02T16:47:09.814+0000] {dag.py:3947} INFO - Setting next_dagrun for example_branch_dop_operator_v3 to 2026-07-02 16:46:00+00:00, run_after=2026-07-02 16:47:00+00:00
[2026-07-02T16:47:09.838+0000] {processor.py:183} INFO - Processing /usr/local/python/3.12.1/lib/python3.12/site-packages/airflow/example_dags/example_branch_python_dop_operator_3.py took 0.088 seconds
[2026-07-02T16:48:06.439+0000] {processor.py:161} INFO - Started process (PID=152514) to work on /usr/local/python/3.12.1/lib/python3.12/site-packages/airflow/example_dags/example_branch_python_dop_operator_3.py
[2026-07-02T16:48:06.439+0000] {processor.py:830} INFO - Processing file /usr/local/python/3.12.1/lib/python3.12/site-packages/airflow/example_dags/example_branch_python_dop_operator_3.py for tasks to queue
[2026-07-02T16:48:06.441+0000] {logging_mixin.py:188} INFO - [2026-07-02T16:48:06.441+0000] {dagbag.py:545} INFO - Filling up the DagBag from /usr/local/python/3.12.1/lib/python3.12/site-packages/airflow/example_dags/example_branch_python_dop_operator_3.py
[2026-07-02T16:48:06.448+0000] {processor.py:840} INFO - DAG(s) 'example_branch_dop_operator_v3' retrieved from /usr/local/python/3.12.1/lib/python3.12/site-packages/airflow/example_dags/example_branch_python_dop_operator_3.py
[2026-07-02T16:48:06.461+0000] {logging_mixin.py:188} INFO - [2026-07-02T16:48:06.461+0000] {dag.py:3089} INFO - Sync 1 DAGs
[2026-07-02T16:48:06.483+0000] {logging_mixin.py:188} INFO - [2026-07-02T16:48:06.483+0000] {dag.py:3947} INFO - Setting next_dagrun for example_branch_dop_operator_v3 to 2026-07-02 16:47:00+00:00, run_after=2026-07-02 16:48:00+00:00
[2026-07-02T16:48:06.502+0000] {processor.py:183} INFO - Processing /usr/local/python/3.12.1/lib/python3.12/site-packages/airflow/example_dags/example_branch_python_dop_operator_3.py took 0.068 seconds
[2026-07-02T16:48:56.935+0000] {processor.py:161} INFO - Started process (PID=153342) to work on /usr/local/python/3.12.1/lib/python3.12/site-packages/airflow/example_dags/example_branch_python_dop_operator_3.py
[2026-07-02T16:48:56.936+0000] {processor.py:830} INFO - Processing file /usr/local/python/3.12.1/lib/python3.12/site-packages/airflow/example_dags/example_branch_python_dop_operator_3.py for tasks to queue
[2026-07-02T16:48:56.938+0000] {logging_mixin.py:188} INFO - [2026-07-02T16:48:56.937+0000] {dagbag.py:545} INFO - Filling up the DagBag from /usr/local/python/3.12.1/lib/python3.12/site-packages/airflow/example_dags/example_branch_python_dop_operator_3.py
[2026-07-02T16:48:56.945+0000] {processor.py:840} INFO - DAG(s) 'example_branch_dop_operator_v3' retrieved from /usr/local/python/3.12.1/lib/python3.12/site-packages/airflow/example_dags/example_branch_python_dop_operator_3.py
[2026-07-02T16:48:56.958+0000] {logging_mixin.py:188} INFO - [2026-07-02T16:48:56.958+0000] {dag.py:3089} INFO - Sync 1 DAGs
[2026-07-02T16:48:56.975+0000] {logging_mixin.py:188} INFO - [2026-07-02T16:48:56.975+0000] {dag.py:3947} INFO - Setting next_dagrun for example_branch_dop_operator_v3 to 2026-07-02 16:47:00+00:00, run_after=2026-07-02 16:48:00+00:00
[2026-07-02T16:48:56.999+0000] {processor.py:183} INFO - Processing /usr/local/python/3.12.1/lib/python3.12/site-packages/airflow/example_dags/example_branch_python_dop_operator_3.py took 0.068 seconds
[2026-07-02T16:50:07.283+0000] {processor.py:161} INFO - Started process (PID=154311) to work on /usr/local/python/3.12.1/lib/python3.12/site-packages/airflow/example_dags/example_branch_python_dop_operator_3.py
[2026-07-02T16:50:07.284+0000] {processor.py:830} INFO - Processing file /usr/local/python/3.12.1/lib/python3.12/site-packages/airflow/example_dags/example_branch_python_dop_operator_3.py for tasks to queue
[2026-07-02T16:50:07.286+0000] {logging_mixin.py:188} INFO - [2026-07-02T16:50:07.285+0000] {dagbag.py:545} INFO - Filling up the DagBag from /usr/local/python/3.12.1/lib/python3.12/site-packages/airflow/example_dags/example_branch_python_dop_operator_3.py
[2026-07-02T16:50:07.295+0000] {processor.py:840} INFO - DAG(s) 'example_branch_dop_operator_v3' retrieved from /usr/local/python/3.12.1/lib/python3.12/site-packages/airflow/example_dags/example_branch_python_dop_operator_3.py
[2026-07-02T16:50:07.307+0000] {logging_mixin.py:188} INFO - [2026-07-02T16:50:07.307+0000] {dag.py:3089} INFO - Sync 1 DAGs
[2026-07-02T16:50:07.325+0000] {logging_mixin.py:188} INFO - [2026-07-02T16:50:07.325+0000] {dag.py:3947} INFO - Setting next_dagrun for example_branch_dop_operator_v3 to 2026-07-02 16:49:00+00:00, run_after=2026-07-02 16:50:00+00:00
[2026-07-02T16:50:07.347+0000] {processor.py:183} INFO - Processing /usr/local/python/3.12.1/lib/python3.12/site-packages/airflow/example_dags/example_branch_python_dop_operator_3.py took 0.070 seconds
[2026-07-02T16:51:16.978+0000] {processor.py:161} INFO - Started process (PID=155145) to work on /usr/local/python/3.12.1/lib/python3.12/site-packages/airflow/example_dags/example_branch_python_dop_operator_3.py
[2026-07-02T16:51:16.979+0000] {processor.py:830} INFO - Processing file /usr/local/python/3.12.1/lib/python3.12/site-packages/airflow/example_dags/example_branch_python_dop_operator_3.py for tasks to queue
[2026-07-02T16:51:16.981+0000] {logging_mixin.py:188} INFO - [2026-07-02T16:51:16.980+0000] {dagbag.py:545} INFO - Filling up the DagBag from /usr/local/python/3.12.1/lib/python3.12/site-packages/airflow/example_dags/example_branch_python_dop_operator_3.py
[2026-07-02T16:51:16.990+0000] {processor.py:840} INFO - DAG(s) 'example_branch_dop_operator_v3' retrieved from /usr/local/python/3.12.1/lib/python3.12/site-packages/airflow/example_dags/example_branch_python_dop_operator_3.py
[2026-07-02T16:51:17.005+0000] {logging_mixin.py:188} INFO - [2026-07-02T16:51:17.004+0000] {dag.py:3089} INFO - Sync 1 DAGs
[2026-07-02T16:51:17.022+0000] {logging_mixin.py:188} INFO - [2026-07-02T16:51:17.022+0000] {dag.py:3947} INFO - Setting next_dagrun for example_branch_dop_operator_v3 to 2026-07-02 16:50:00+00:00, run_after=2026-07-02 16:51:00+00:00
[2026-07-02T16:51:17.040+0000] {processor.py:183} INFO - Processing /usr/local/python/3.12.1/lib/python3.12/site-packages/airflow/example_dags/example_branch_python_dop_operator_3.py took 0.067 seconds
[2026-07-02T16:52:19.600+0000] {processor.py:161} INFO - Started process (PID=155824) to work on /usr/local/python/3.12.1/lib/python3.12/site-packages/airflow/example_dags/example_branch_python_dop_operator_3.py
[2026-07-02T16:52:19.601+0000] {processor.py:830} INFO - Processing file /usr/local/python/3.12.1/lib/python3.12/site-packages/airflow/example_dags/example_branch_python_dop_operator_3.py for tasks to queue
[2026-07-02T16:52:19.603+0000] {logging_mixin.py:188} INFO - [2026-07-02T16:52:19.603+0000] {dagbag.py:545} INFO - Filling up the DagBag from /usr/local/python/3.12.1/lib/python3.12/site-packages/airflow/example_dags/example_branch_python_dop_operator_3.py
[2026-07-02T16:52:19.612+0000] {processor.py:840} INFO - DAG(s) 'example_branch_dop_operator_v3' retrieved from /usr/local/python/3.12.1/lib/python3.12/site-packages/airflow/example_dags/example_branch_python_dop_operator_3.py
[2026-07-02T16:52:19.625+0000] {logging_mixin.py:188} INFO - [2026-07-02T16:52:19.624+0000] {dag.py:3089} INFO - Sync 1 DAGs
[2026-07-02T16:52:19.644+0000] {logging_mixin.py:188} INFO - [2026-07-02T16:52:19.644+0000] {dag.py:3947} INFO - Setting next_dagrun for example_branch_dop_operator_v3 to 2026-07-02 16:51:00+00:00, run_after=2026-07-02 16:52:00+00:00
[2026-07-02T16:52:19.660+0000] {processor.py:183} INFO - Processing /usr/local/python/3.12.1/lib/python3.12/site-packages/airflow/example_dags/example_branch_python_dop_operator_3.py took 0.066 seconds
[2026-07-02T16:53:22.940+0000] {processor.py:161} INFO - Started process (PID=156465) to work on /usr/local/python/3.12.1/lib/python3.12/site-packages/airflow/example_dags/example_branch_python_dop_operator_3.py
[2026-07-02T16:53:22.941+0000] {processor.py:830} INFO - Processing file /usr/local/python/3.12.1/lib/python3.12/site-packages/airflow/example_dags/example_branch_python_dop_operator_3.py for tasks to queue
[2026-07-02T16:53:22.943+0000] {logging_mixin.py:188} INFO - [2026-07-02T16:53:22.942+0000] {dagbag.py:545} INFO - Filling up the DagBag from /usr/local/python/3.12.1/lib/python3.12/site-packages/airflow/example_dags/example_branch_python_dop_operator_3.py
[2026-07-02T16:53:22.950+0000] {processor.py:840} INFO - DAG(s) 'example_branch_dop_operator_v3' retrieved from /usr/local/python/3.12.1/lib/python3.12/site-packages/airflow/example_dags/example_branch_python_dop_operator_3.py
[2026-07-02T16:53:22.962+0000] {logging_mixin.py:188} INFO - [2026-07-02T16:53:22.961+0000] {dag.py:3089} INFO - Sync 1 DAGs
[2026-07-02T16:53:22.980+0000] {logging_mixin.py:188} INFO - [2026-07-02T16:53:22.980+0000] {dag.py:3947} INFO - Setting next_dagrun for example_branch_dop_operator_v3 to 2026-07-02 16:52:00+00:00, run_after=2026-07-02 16:53:00+00:00
[2026-07-02T16:53:22.998+0000] {processor.py:183} INFO - Processing /usr/local/python/3.12.1/lib/python3.12/site-packages/airflow/example_dags/example_branch_python_dop_operator_3.py took 0.063 seconds
[2026-07-02T16:54:18.308+0000] {processor.py:161} INFO - Started process (PID=157067) to work on /usr/local/python/3.12.1/lib/python3.12/site-packages/airflow/example_dags/example_branch_python_dop_operator_3.py
[2026-07-02T16:54:18.312+0000] {processor.py:830} INFO - Processing file /usr/local/python/3.12.1/lib/python3.12/site-packages/airflow/example_dags/example_branch_python_dop_operator_3.py for tasks to queue
[2026-07-02T16:54:18.317+0000] {logging_mixin.py:188} INFO - [2026-07-02T16:54:18.314+0000] {dagbag.py:545} INFO - Filling up the DagBag from /usr/local/python/3.12.1/lib/python3.12/site-packages/airflow/example_dags/example_branch_python_dop_operator_3.py
[2026-07-02T16:54:18.357+0000] {processor.py:840} INFO - DAG(s) 'example_branch_dop_operator_v3' retrieved from /usr/local/python/3.12.1/lib/python3.12/site-packages/airflow/example_dags/example_branch_python_dop_operator_3.py
[2026-07-02T16:54:18.406+0000] {logging_mixin.py:188} INFO - [2026-07-02T16:54:18.405+0000] {dag.py:3089} INFO - Sync 1 DAGs
[2026-07-02T16:54:18.481+0000] {logging_mixin.py:188} INFO - [2026-07-02T16:54:18.481+0000] {dag.py:3947} INFO - Setting next_dagrun for example_branch_dop_operator_v3 to 2026-07-02 16:53:00+00:00, run_after=2026-07-02 16:54:00+00:00
[2026-07-02T16:54:18.564+0000] {processor.py:183} INFO - Processing /usr/local/python/3.12.1/lib/python3.12/site-packages/airflow/example_dags/example_branch_python_dop_operator_3.py took 0.272 seconds
[2026-07-02T16:55:13.175+0000] {processor.py:161} INFO - Started process (PID=157671) to work on /usr/local/python/3.12.1/lib/python3.12/site-packages/airflow/example_dags/example_branch_python_dop_operator_3.py
[2026-07-02T16:55:13.176+0000] {processor.py:830} INFO - Processing file /usr/local/python/3.12.1/lib/python3.12/site-packages/airflow/example_dags/example_branch_python_dop_operator_3.py for tasks to queue
[2026-07-02T16:55:13.178+0000] {logging_mixin.py:188} INFO - [2026-07-02T16:55:13.177+0000] {dagbag.py:545} INFO - Filling up the DagBag from /usr/local/python/3.12.1/lib/python3.12/site-packages/airflow/example_dags/example_branch_python_dop_operator_3.py
[2026-07-02T16:55:13.187+0000] {processor.py:840} INFO - DAG(s) 'example_branch_dop_operator_v3' retrieved from /usr/local/python/3.12.1/lib/python3.12/site-packages/airflow/example_dags/example_branch_python_dop_operator_3.py
[2026-07-02T16:55:13.200+0000] {logging_mixin.py:188} INFO - [2026-07-02T16:55:13.200+0000] {dag.py:3089} INFO - Sync 1 DAGs
[2026-07-02T16:55:13.217+0000] {logging_mixin.py:188} INFO - [2026-07-02T16:55:13.217+0000] {dag.py:3947} INFO - Setting next_dagrun for example_branch_dop_operator_v3 to 2026-07-02 16:54:00+00:00, run_after=2026-07-02 16:55:00+00:00
[2026-07-02T16:55:13.233+0000] {processor.py:183} INFO - Processing /usr/local/python/3.12.1/lib/python3.12/site-packages/airflow/example_dags/example_branch_python_dop_operator_3.py took 0.063 seconds
[2026-07-02T16:56:15.519+0000] {processor.py:161} INFO - Started process (PID=158345) to work on /usr/local/python/3.12.1/lib/python3.12/site-packages/airflow/example_dags/example_branch_python_dop_operator_3.py
[2026-07-02T16:56:15.520+0000] {processor.py:830} INFO - Processing file /usr/local/python/3.12.1/lib/python3.12/site-packages/airflow/example_dags/example_branch_python_dop_operator_3.py for tasks to queue
[2026-07-02T16:56:15.522+0000] {logging_mixin.py:188} INFO - [2026-07-02T16:56:15.521+0000] {dagbag.py:545} INFO - Filling up the DagBag from /usr/local/python/3.12.1/lib/python3.12/site-packages/airflow/example_dags/example_branch_python_dop_operator_3.py
[2026-07-02T16:56:15.529+0000] {processor.py:840} INFO - DAG(s) 'example_branch_dop_operator_v3' retrieved from /usr/local/python/3.12.1/lib/python3.12/site-packages/airflow/example_dags/example_branch_python_dop_operator_3.py
[2026-07-02T16:56:15.541+0000] {logging_mixin.py:188} INFO - [2026-07-02T16:56:15.541+0000] {dag.py:3089} INFO - Sync 1 DAGs
[2026-07-02T16:56:15.557+0000] {logging_mixin.py:188} INFO - [2026-07-02T16:56:15.557+0000] {dag.py:3947} INFO - Setting next_dagrun for example_branch_dop_operator_v3 to 2026-07-02 16:55:00+00:00, run_after=2026-07-02 16:56:00+00:00
[2026-07-02T16:56:15.576+0000] {processor.py:183} INFO - Processing /usr/local/python/3.12.1/lib/python3.12/site-packages/airflow/example_dags/example_branch_python_dop_operator_3.py took 0.062 seconds
[2026-07-02T16:57:18.413+0000] {processor.py:161} INFO - Started process (PID=158985) to work on /usr/local/python/3.12.1/lib/python3.12/site-packages/airflow/example_dags/example_branch_python_dop_operator_3.py
[2026-07-02T16:57:18.413+0000] {processor.py:830} INFO - Processing file /usr/local/python/3.12.1/lib/python3.12/site-packages/airflow/example_dags/example_branch_python_dop_operator_3.py for tasks to queue
[2026-07-02T16:57:18.415+0000] {logging_mixin.py:188} INFO - [2026-07-02T16:57:18.415+0000] {dagbag.py:545} INFO - Filling up the DagBag from /usr/local/python/3.12.1/lib/python3.12/site-packages/airflow/example_dags/example_branch_python_dop_operator_3.py
[2026-07-02T16:57:18.422+0000] {processor.py:840} INFO - DAG(s) 'example_branch_dop_operator_v3' retrieved from /usr/local/python/3.12.1/lib/python3.12/site-packages/airflow/example_dags/example_branch_python_dop_operator_3.py
[2026-07-02T16:57:18.434+0000] {logging_mixin.py:188} INFO - [2026-07-02T16:57:18.434+0000] {dag.py:3089} INFO - Sync 1 DAGs
[2026-07-02T16:57:18.451+0000] {logging_mixin.py:188} INFO - [2026-07-02T16:57:18.451+0000] {dag.py:3947} INFO - Setting next_dagrun for example_branch_dop_operator_v3 to 2026-07-02 16:56:00+00:00, run_after=2026-07-02 16:57:00+00:00
[2026-07-02T16:57:18.466+0000] {processor.py:183} INFO - Processing /usr/local/python/3.12.1/lib/python3.12/site-packages/airflow/example_dags/example_branch_python_dop_operator_3.py took 0.058 seconds
[2026-07-02T16:58:22.365+0000] {processor.py:161} INFO - Started process (PID=159661) to work on /usr/local/python/3.12.1/lib/python3.12/site-packages/airflow/example_dags/example_branch_python_dop_operator_3.py
[2026-07-02T16:58:22.366+0000] {processor.py:830} INFO - Processing file /usr/local/python/3.12.1/lib/python3.12/site-packages/airflow/example_dags/example_branch_python_dop_operator_3.py for tasks to queue
[2026-07-02T16:58:22.367+0000] {logging_mixin.py:188} INFO - [2026-07-02T16:58:22.367+0000] {dagbag.py:545} INFO - Filling up the DagBag from /usr/local/python/3.12.1/lib/python3.12/site-packages/airflow/example_dags/example_branch_python_dop_operator_3.py
[2026-07-02T16:58:22.374+0000] {processor.py:840} INFO - DAG(s) 'example_branch_dop_operator_v3' retrieved from /usr/local/python/3.12.1/lib/python3.12/site-packages/airflow/example_dags/example_branch_python_dop_operator_3.py
[2026-07-02T16:58:22.388+0000] {logging_mixin.py:188} INFO - [2026-07-02T16:58:22.388+0000] {dag.py:3089} INFO - Sync 1 DAGs
[2026-07-02T16:58:22.408+0000] {logging_mixin.py:188} INFO - [2026-07-02T16:58:22.407+0000] {dag.py:3947} INFO - Setting next_dagrun for example_branch_dop_operator_v3 to 2026-07-02 16:57:00+00:00, run_after=2026-07-02 16:58:00+00:00
[2026-07-02T16:58:22.427+0000] {processor.py:183} INFO - Processing /usr/local/python/3.12.1/lib/python3.12/site-packages/airflow/example_dags/example_branch_python_dop_operator_3.py took 0.067 seconds
[2026-07-02T16:59:21.859+0000] {processor.py:161} INFO - Started process (PID=160295) to work on /usr/local/python/3.12.1/lib/python3.12/site-packages/airflow/example_dags/example_branch_python_dop_operator_3.py
[2026-07-02T16:59:21.859+0000] {processor.py:830} INFO - Processing file /usr/local/python/3.12.1/lib/python3.12/site-packages/airflow/example_dags/example_branch_python_dop_operator_3.py for tasks to queue
[2026-07-02T16:59:21.861+0000] {logging_mixin.py:188} INFO - [2026-07-02T16:59:21.861+0000] {dagbag.py:545} INFO - Filling up the DagBag from /usr/local/python/3.12.1/lib/python3.12/site-packages/airflow/example_dags/example_branch_python_dop_operator_3.py
[2026-07-02T16:59:21.868+0000] {processor.py:840} INFO - DAG(s) 'example_branch_dop_operator_v3' retrieved from /usr/local/python/3.12.1/lib/python3.12/site-packages/airflow/example_dags/example_branch_python_dop_operator_3.py
[2026-07-02T16:59:21.883+0000] {logging_mixin.py:188} INFO - [2026-07-02T16:59:21.882+0000] {dag.py:3089} INFO - Sync 1 DAGs
[2026-07-02T16:59:21.903+0000] {logging_mixin.py:188} INFO - [2026-07-02T16:59:21.903+0000] {dag.py:3947} INFO - Setting next_dagrun for example_branch_dop_operator_v3 to 2026-07-02 16:58:00+00:00, run_after=2026-07-02 16:59:00+00:00
[2026-07-02T16:59:21.920+0000] {processor.py:183} INFO - Processing /usr/local/python/3.12.1/lib/python3.12/site-packages/airflow/example_dags/example_branch_python_dop_operator_3.py took 0.066 seconds
[2026-07-02T17:00:24.731+0000] {processor.py:161} INFO - Started process (PID=160940) to work on /usr/local/python/3.12.1/lib/python3.12/site-packages/airflow/example_dags/example_branch_python_dop_operator_3.py
[2026-07-02T17:00:24.731+0000] {processor.py:830} INFO - Processing file /usr/local/python/3.12.1/lib/python3.12/site-packages/airflow/example_dags/example_branch_python_dop_operator_3.py for tasks to queue
[2026-07-02T17:00:24.733+0000] {logging_mixin.py:188} INFO - [2026-07-02T17:00:24.733+0000] {dagbag.py:545} INFO - Filling up the DagBag from /usr/local/python/3.12.1/lib/python3.12/site-packages/airflow/example_dags/example_branch_python_dop_operator_3.py
[2026-07-02T17:00:24.740+0000] {processor.py:840} INFO - DAG(s) 'example_branch_dop_operator_v3' retrieved from /usr/local/python/3.12.1/lib/python3.12/site-packages/airflow/example_dags/example_branch_python_dop_operator_3.py
[2026-07-02T17:00:24.752+0000] {logging_mixin.py:188} INFO - [2026-07-02T17:00:24.752+0000] {dag.py:3089} INFO - Sync 1 DAGs
[2026-07-02T17:00:24.770+0000] {logging_mixin.py:188} INFO - [2026-07-02T17:00:24.770+0000] {dag.py:3947} INFO - Setting next_dagrun for example_branch_dop_operator_v3 to 2026-07-02 16:59:00+00:00, run_after=2026-07-02 17:00:00+00:00
[2026-07-02T17:00:24.813+0000] {processor.py:183} INFO - Processing /usr/local/python/3.12.1/lib/python3.12/site-packages/airflow/example_dags/example_branch_python_dop_operator_3.py took 0.087 seconds
[2026-07-02T17:01:25.577+0000] {processor.py:161} INFO - Started process (PID=161624) to work on /usr/local/python/3.12.1/lib/python3.12/site-packages/airflow/example_dags/example_branch_python_dop_operator_3.py
[2026-07-02T17:01:25.578+0000] {processor.py:830} INFO - Processing file /usr/local/python/3.12.1/lib/python3.12/site-packages/airflow/example_dags/example_branch_python_dop_operator_3.py for tasks to queue
[2026-07-02T17:01:25.579+0000] {logging_mixin.py:188} INFO - [2026-07-02T17:01:25.579+0000] {dagbag.py:545} INFO - Filling up the DagBag from /usr/local/python/3.12.1/lib/python3.12/site-packages/airflow/example_dags/example_branch_python_dop_operator_3.py
[2026-07-02T17:01:25.589+0000] {processor.py:840} INFO - DAG(s) 'example_branch_dop_operator_v3' retrieved from /usr/local/python/3.12.1/lib/python3.12/site-packages/airflow/example_dags/example_branch_python_dop_operator_3.py
[2026-07-02T17:01:25.602+0000] {logging_mixin.py:188} INFO - [2026-07-02T17:01:25.602+0000] {dag.py:3089} INFO - Sync 1 DAGs
[2026-07-02T17:01:25.621+0000] {logging_mixin.py:188} INFO - [2026-07-02T17:01:25.620+0000] {dag.py:3947} INFO - Setting next_dagrun for example_branch_dop_operator_v3 to 2026-07-02 17:00:00+00:00, run_after=2026-07-02 17:01:00+00:00
[2026-07-02T17:01:25.638+0000] {processor.py:183} INFO - Processing /usr/local/python/3.12.1/lib/python3.12/site-packages/airflow/example_dags/example_branch_python_dop_operator_3.py took 0.066 seconds
[2026-07-02T17:02:31.455+0000] {processor.py:161} INFO - Started process (PID=162340) to work on /usr/local/python/3.12.1/lib/python3.12/site-packages/airflow/example_dags/example_branch_python_dop_operator_3.py
[2026-07-02T17:02:31.456+0000] {processor.py:830} INFO - Processing file /usr/local/python/3.12.1/lib/python3.12/site-packages/airflow/example_dags/example_branch_python_dop_operator_3.py for tasks to queue
[2026-07-02T17:02:31.457+0000] {logging_mixin.py:188} INFO - [2026-07-02T17:02:31.457+0000] {dagbag.py:545} INFO - Filling up the DagBag from /usr/local/python/3.12.1/lib/python3.12/site-packages/airflow/example_dags/example_branch_python_dop_operator_3.py
[2026-07-02T17:02:31.464+0000] {processor.py:840} INFO - DAG(s) 'example_branch_dop_operator_v3' retrieved from /usr/local/python/3.12.1/lib/python3.12/site-packages/airflow/example_dags/example_branch_python_dop_operator_3.py
[2026-07-02T17:02:31.477+0000] {logging_mixin.py:188} INFO - [2026-07-02T17:02:31.477+0000] {dag.py:3089} INFO - Sync 1 DAGs
[2026-07-02T17:02:31.499+0000] {logging_mixin.py:188} INFO - [2026-07-02T17:02:31.499+0000] {dag.py:3947} INFO - Setting next_dagrun for example_branch_dop_operator_v3 to 2026-07-02 17:01:00+00:00, run_after=2026-07-02 17:02:00+00:00
[2026-07-02T17:02:31.515+0000] {processor.py:183} INFO - Processing /usr/local/python/3.12.1/lib/python3.12/site-packages/airflow/example_dags/example_branch_python_dop_operator_3.py took 0.065 seconds
[2026-07-02T17:03:36.263+0000] {processor.py:161} INFO - Started process (PID=162986) to work on /usr/local/python/3.12.1/lib/python3.12/site-packages/airflow/example_dags/example_branch_python_dop_operator_3.py
[2026-07-02T17:03:36.263+0000] {processor.py:830} INFO - Processing file /usr/local/python/3.12.1/lib/python3.12/site-packages/airflow/example_dags/example_branch_python_dop_operator_3.py for tasks to queue
[2026-07-02T17:03:36.265+0000] {logging_mixin.py:188} INFO - [2026-07-02T17:03:36.265+0000] {dagbag.py:545} INFO - Filling up the DagBag from /usr/local/python/3.12.1/lib/python3.12/site-packages/airflow/example_dags/example_branch_python_dop_operator_3.py
[2026-07-02T17:03:36.272+0000] {processor.py:840} INFO - DAG(s) 'example_branch_dop_operator_v3' retrieved from /usr/local/python/3.12.1/lib/python3.12/site-packages/airflow/example_dags/example_branch_python_dop_operator_3.py
[2026-07-02T17:03:36.287+0000] {logging_mixin.py:188} INFO - [2026-07-02T17:03:36.287+0000] {dag.py:3089} INFO - Sync 1 DAGs
[2026-07-02T17:03:36.306+0000] {logging_mixin.py:188} INFO - [2026-07-02T17:03:36.306+0000] {dag.py:3947} INFO - Setting next_dagrun for example_branch_dop_operator_v3 to 2026-07-02 17:02:00+00:00, run_after=2026-07-02 17:03:00+00:00
[2026-07-02T17:03:36.322+0000] {processor.py:183} INFO - Processing /usr/local/python/3.12.1/lib/python3.12/site-packages/airflow/example_dags/example_branch_python_dop_operator_3.py took 0.064 seconds
[2026-07-02T17:04:39.017+0000] {processor.py:161} INFO - Started process (PID=163654) to work on /usr/local/python/3.12.1/lib/python3.12/site-packages/airflow/example_dags/example_branch_python_dop_operator_3.py
[2026-07-02T17:04:39.018+0000] {processor.py:830} INFO - Processing file /usr/local/python/3.12.1/lib/python3.12/site-packages/airflow/example_dags/example_branch_python_dop_operator_3.py for tasks to queue
[2026-07-02T17:04:39.020+0000] {logging_mixin.py:188} INFO - [2026-07-02T17:04:39.019+0000] {dagbag.py:545} INFO - Filling up the DagBag from /usr/local/python/3.12.1/lib/python3.12/site-packages/airflow/example_dags/example_branch_python_dop_operator_3.py
[2026-07-02T17:04:39.028+0000] {processor.py:840} INFO - DAG(s) 'example_branch_dop_operator_v3' retrieved from /usr/local/python/3.12.1/lib/python3.12/site-packages/airflow/example_dags/example_branch_python_dop_operator_3.py
[2026-07-02T17:04:39.041+0000] {logging_mixin.py:188} INFO - [2026-07-02T17:04:39.040+0000] {dag.py:3089} INFO - Sync 1 DAGs
[2026-07-02T17:04:39.062+0000] {logging_mixin.py:188} INFO - [2026-07-02T17:04:39.062+0000] {dag.py:3947} INFO - Setting next_dagrun for example_branch_dop_operator_v3 to 2026-07-02 17:03:00+00:00, run_after=2026-07-02 17:04:00+00:00
[2026-07-02T17:04:39.087+0000] {processor.py:183} INFO - Processing /usr/local/python/3.12.1/lib/python3.12/site-packages/airflow/example_dags/example_branch_python_dop_operator_3.py took 0.074 seconds
[2026-07-02T17:05:43.669+0000] {processor.py:161} INFO - Started process (PID=164361) to work on /usr/local/python/3.12.1/lib/python3.12/site-packages/airflow/example_dags/example_branch_python_dop_operator_3.py
[2026-07-02T17:05:43.670+0000] {processor.py:830} INFO - Processing file /usr/local/python/3.12.1/lib/python3.12/site-packages/airflow/example_dags/example_branch_python_dop_operator_3.py for tasks to queue
[2026-07-02T17:05:43.671+0000] {logging_mixin.py:188} INFO - [2026-07-02T17:05:43.671+0000] {dagbag.py:545} INFO - Filling up the DagBag from /usr/local/python/3.12.1/lib/python3.12/site-packages/airflow/example_dags/example_branch_python_dop_operator_3.py
[2026-07-02T17:05:43.679+0000] {processor.py:840} INFO - DAG(s) 'example_branch_dop_operator_v3' retrieved from /usr/local/python/3.12.1/lib/python3.12/site-packages/airflow/example_dags/example_branch_python_dop_operator_3.py
[2026-07-02T17:05:43.696+0000] {logging_mixin.py:188} INFO - [2026-07-02T17:05:43.696+0000] {dag.py:3089} INFO - Sync 1 DAGs
[2026-07-02T17:05:43.715+0000] {logging_mixin.py:188} INFO - [2026-07-02T17:05:43.715+0000] {dag.py:3947} INFO - Setting next_dagrun for example_branch_dop_operator_v3 to 2026-07-02 17:04:00+00:00, run_after=2026-07-02 17:05:00+00:00
[2026-07-02T17:05:43.733+0000] {processor.py:183} INFO - Processing /usr/local/python/3.12.1/lib/python3.12/site-packages/airflow/example_dags/example_branch_python_dop_operator_3.py took 0.069 seconds
[2026-07-02T17:06:47.438+0000] {processor.py:161} INFO - Started process (PID=165050) to work on /usr/local/python/3.12.1/lib/python3.12/site-packages/airflow/example_dags/example_branch_python_dop_operator_3.py
[2026-07-02T17:06:47.439+0000] {processor.py:830} INFO - Processing file /usr/local/python/3.12.1/lib/python3.12/site-packages/airflow/example_dags/example_branch_python_dop_operator_3.py for tasks to queue
[2026-07-02T17:06:47.441+0000] {logging_mixin.py:188} INFO - [2026-07-02T17:06:47.440+0000] {dagbag.py:545} INFO - Filling up the DagBag from /usr/local/python/3.12.1/lib/python3.12/site-packages/airflow/example_dags/example_branch_python_dop_operator_3.py
[2026-07-02T17:06:47.447+0000] {processor.py:840} INFO - DAG(s) 'example_branch_dop_operator_v3' retrieved from /usr/local/python/3.12.1/lib/python3.12/site-packages/airflow/example_dags/example_branch_python_dop_operator_3.py
[2026-07-02T17:06:47.460+0000] {logging_mixin.py:188} INFO - [2026-07-02T17:06:47.460+0000] {dag.py:3089} INFO - Sync 1 DAGs
[2026-07-02T17:06:47.478+0000] {logging_mixin.py:188} INFO - [2026-07-02T17:06:47.478+0000] {dag.py:3947} INFO - Setting next_dagrun for example_branch_dop_operator_v3 to 2026-07-02 17:05:00+00:00, run_after=2026-07-02 17:06:00+00:00
[2026-07-02T17:06:47.500+0000] {processor.py:183} INFO - Processing /usr/local/python/3.12.1/lib/python3.12/site-packages/airflow/example_dags/example_branch_python_dop_operator_3.py took 0.067 seconds
[2026-07-02T17:07:49.244+0000] {processor.py:161} INFO - Started process (PID=165712) to work on /usr/local/python/3.12.1/lib/python3.12/site-packages/airflow/example_dags/example_branch_python_dop_operator_3.py
[2026-07-02T17:07:49.245+0000] {processor.py:830} INFO - Processing file /usr/local/python/3.12.1/lib/python3.12/site-packages/airflow/example_dags/example_branch_python_dop_operator_3.py for tasks to queue
[2026-07-02T17:07:49.246+0000] {logging_mixin.py:188} INFO - [2026-07-02T17:07:49.246+0000] {dagbag.py:545} INFO - Filling up the DagBag from /usr/local/python/3.12.1/lib/python3.12/site-packages/airflow/example_dags/example_branch_python_dop_operator_3.py
[2026-07-02T17:07:49.255+0000] {processor.py:840} INFO - DAG(s) 'example_branch_dop_operator_v3' retrieved from /usr/local/python/3.12.1/lib/python3.12/site-packages/airflow/example_dags/example_branch_python_dop_operator_3.py
[2026-07-02T17:07:49.267+0000] {logging_mixin.py:188} INFO - [2026-07-02T17:07:49.267+0000] {dag.py:3089} INFO - Sync 1 DAGs
[2026-07-02T17:07:49.289+0000] {logging_mixin.py:188} INFO - [2026-07-02T17:07:49.288+0000] {dag.py:3947} INFO - Setting next_dagrun for example_branch_dop_operator_v3 to 2026-07-02 17:06:00+00:00, run_after=2026-07-02 17:07:00+00:00
[2026-07-02T17:07:49.308+0000] {processor.py:183} INFO - Processing /usr/local/python/3.12.1/lib/python3.12/site-packages/airflow/example_dags/example_branch_python_dop_operator_3.py took 0.068 seconds
[2026-07-02T17:08:57.746+0000] {processor.py:161} INFO - Started process (PID=166401) to work on /usr/local/python/3.12.1/lib/python3.12/site-packages/airflow/example_dags/example_branch_python_dop_operator_3.py
[2026-07-02T17:08:57.747+0000] {processor.py:830} INFO - Processing file /usr/local/python/3.12.1/lib/python3.12/site-packages/airflow/example_dags/example_branch_python_dop_operator_3.py for tasks to queue
[2026-07-02T17:08:57.749+0000] {logging_mixin.py:188} INFO - [2026-07-02T17:08:57.749+0000] {dagbag.py:545} INFO - Filling up the DagBag from /usr/local/python/3.12.1/lib/python3.12/site-packages/airflow/example_dags/example_branch_python_dop_operator_3.py
[2026-07-02T17:08:57.759+0000] {processor.py:840} INFO - DAG(s) 'example_branch_dop_operator_v3' retrieved from /usr/local/python/3.12.1/lib/python3.12/site-packages/airflow/example_dags/example_branch_python_dop_operator_3.py
[2026-07-02T17:08:57.777+0000] {logging_mixin.py:188} INFO - [2026-07-02T17:08:57.777+0000] {dag.py:3089} INFO - Sync 1 DAGs
[2026-07-02T17:08:57.800+0000] {logging_mixin.py:188} INFO - [2026-07-02T17:08:57.800+0000] {dag.py:3947} INFO - Setting next_dagrun for example_branch_dop_operator_v3 to 2026-07-02 17:07:00+00:00, run_after=2026-07-02 17:08:00+00:00
[2026-07-02T17:08:57.817+0000] {processor.py:183} INFO - Processing /usr/local/python/3.12.1/lib/python3.12/site-packages/airflow/example_dags/example_branch_python_dop_operator_3.py took 0.077 seconds
[2026-07-02T17:10:06.445+0000] {processor.py:161} INFO - Started process (PID=167116) to work on /usr/local/python/3.12.1/lib/python3.12/site-packages/airflow/example_dags/example_branch_python_dop_operator_3.py
[2026-07-02T17:10:06.445+0000] {processor.py:830} INFO - Processing file /usr/local/python/3.12.1/lib/python3.12/site-packages/airflow/example_dags/example_branch_python_dop_operator_3.py for tasks to queue
[2026-07-02T17:10:06.447+0000] {logging_mixin.py:188} INFO - [2026-07-02T17:10:06.447+0000] {dagbag.py:545} INFO - Filling up the DagBag from /usr/local/python/3.12.1/lib/python3.12/site-packages/airflow/example_dags/example_branch_python_dop_operator_3.py
[2026-07-02T17:10:06.454+0000] {processor.py:840} INFO - DAG(s) 'example_branch_dop_operator_v3' retrieved from /usr/local/python/3.12.1/lib/python3.12/site-packages/airflow/example_dags/example_branch_python_dop_operator_3.py
[2026-07-02T17:10:06.467+0000] {logging_mixin.py:188} INFO - [2026-07-02T17:10:06.467+0000] {dag.py:3089} INFO - Sync 1 DAGs
[2026-07-02T17:10:06.484+0000] {logging_mixin.py:188} INFO - [2026-07-02T17:10:06.484+0000] {dag.py:3947} INFO - Setting next_dagrun for example_branch_dop_operator_v3 to 2026-07-02 17:09:00+00:00, run_after=2026-07-02 17:10:00+00:00
[2026-07-02T17:10:06.500+0000] {processor.py:183} INFO - Processing /usr/local/python/3.12.1/lib/python3.12/site-packages/airflow/example_dags/example_branch_python_dop_operator_3.py took 0.060 seconds
[2026-07-02T17:11:15.536+0000] {processor.py:161} INFO - Started process (PID=167878) to work on /usr/local/python/3.12.1/lib/python3.12/site-packages/airflow/example_dags/example_branch_python_dop_operator_3.py
[2026-07-02T17:11:15.537+0000] {processor.py:830} INFO - Processing file /usr/local/python/3.12.1/lib/python3.12/site-packages/airflow/example_dags/example_branch_python_dop_operator_3.py for tasks to queue
[2026-07-02T17:11:15.539+0000] {logging_mixin.py:188} INFO - [2026-07-02T17:11:15.538+0000] {dagbag.py:545} INFO - Filling up the DagBag from /usr/local/python/3.12.1/lib/python3.12/site-packages/airflow/example_dags/example_branch_python_dop_operator_3.py
[2026-07-02T17:11:15.546+0000] {processor.py:840} INFO - DAG(s) 'example_branch_dop_operator_v3' retrieved from /usr/local/python/3.12.1/lib/python3.12/site-packages/airflow/example_dags/example_branch_python_dop_operator_3.py
[2026-07-02T17:11:15.558+0000] {logging_mixin.py:188} INFO - [2026-07-02T17:11:15.558+0000] {dag.py:3089} INFO - Sync 1 DAGs
[2026-07-02T17:11:15.575+0000] {logging_mixin.py:188} INFO - [2026-07-02T17:11:15.575+0000] {dag.py:3947} INFO - Setting next_dagrun for example_branch_dop_operator_v3 to 2026-07-02 17:10:00+00:00, run_after=2026-07-02 17:11:00+00:00
[2026-07-02T17:11:15.598+0000] {processor.py:183} INFO - Processing /usr/local/python/3.12.1/lib/python3.12/site-packages/airflow/example_dags/example_branch_python_dop_operator_3.py took 0.066 seconds
[2026-07-02T17:12:22.354+0000] {processor.py:161} INFO - Started process (PID=168570) to work on /usr/local/python/3.12.1/lib/python3.12/site-packages/airflow/example_dags/example_branch_python_dop_operator_3.py
[2026-07-02T17:12:22.355+0000] {processor.py:830} INFO - Processing file /usr/local/python/3.12.1/lib/python3.12/site-packages/airflow/example_dags/example_branch_python_dop_operator_3.py for tasks to queue
[2026-07-02T17:12:22.356+0000] {logging_mixin.py:188} INFO - [2026-07-02T17:12:22.356+0000] {dagbag.py:545} INFO - Filling up the DagBag from /usr/local/python/3.12.1/lib/python3.12/site-packages/airflow/example_dags/example_branch_python_dop_operator_3.py
[2026-07-02T17:12:22.364+0000] {processor.py:840} INFO - DAG(s) 'example_branch_dop_operator_v3' retrieved from /usr/local/python/3.12.1/lib/python3.12/site-packages/airflow/example_dags/example_branch_python_dop_operator_3.py
[2026-07-02T17:12:22.376+0000] {logging_mixin.py:188} INFO - [2026-07-02T17:12:22.376+0000] {dag.py:3089} INFO - Sync 1 DAGs
[2026-07-02T17:12:22.399+0000] {logging_mixin.py:188} INFO - [2026-07-02T17:12:22.398+0000] {dag.py:3947} INFO - Setting next_dagrun for example_branch_dop_operator_v3 to 2026-07-02 17:11:00+00:00, run_after=2026-07-02 17:12:00+00:00
[2026-07-02T17:12:22.417+0000] {processor.py:183} INFO - Processing /usr/local/python/3.12.1/lib/python3.12/site-packages/airflow/example_dags/example_branch_python_dop_operator_3.py took 0.068 seconds
[2026-07-02T17:13:22.304+0000] {processor.py:161} INFO - Started process (PID=169227) to work on /usr/local/python/3.12.1/lib/python3.12/site-packages/airflow/example_dags/example_branch_python_dop_operator_3.py
[2026-07-02T17:13:22.304+0000] {processor.py:830} INFO - Processing file /usr/local/python/3.12.1/lib/python3.12/site-packages/airflow/example_dags/example_branch_python_dop_operator_3.py for tasks to queue
[2026-07-02T17:13:22.306+0000] {logging_mixin.py:188} INFO - [2026-07-02T17:13:22.306+0000] {dagbag.py:545} INFO - Filling up the DagBag from /usr/local/python/3.12.1/lib/python3.12/site-packages/airflow/example_dags/example_branch_python_dop_operator_3.py
[2026-07-02T17:13:22.313+0000] {processor.py:840} INFO - DAG(s) 'example_branch_dop_operator_v3' retrieved from /usr/local/python/3.12.1/lib/python3.12/site-packages/airflow/example_dags/example_branch_python_dop_operator_3.py
[2026-07-02T17:13:22.325+0000] {logging_mixin.py:188} INFO - [2026-07-02T17:13:22.325+0000] {dag.py:3089} INFO - Sync 1 DAGs
[2026-07-02T17:13:22.343+0000] {logging_mixin.py:188} INFO - [2026-07-02T17:13:22.342+0000] {dag.py:3947} INFO - Setting next_dagrun for example_branch_dop_operator_v3 to 2026-07-02 17:12:00+00:00, run_after=2026-07-02 17:13:00+00:00
[2026-07-02T17:13:22.360+0000] {processor.py:183} INFO - Processing /usr/local/python/3.12.1/lib/python3.12/site-packages/airflow/example_dags/example_branch_python_dop_operator_3.py took 0.061 seconds
[2026-07-02T17:14:26.689+0000] {processor.py:161} INFO - Started process (PID=169890) to work on /usr/local/python/3.12.1/lib/python3.12/site-packages/airflow/example_dags/example_branch_python_dop_operator_3.py
[2026-07-02T17:14:26.690+0000] {processor.py:830} INFO - Processing file /usr/local/python/3.12.1/lib/python3.12/site-packages/airflow/example_dags/example_branch_python_dop_operator_3.py for tasks to queue
[2026-07-02T17:14:26.693+0000] {logging_mixin.py:188} INFO - [2026-07-02T17:14:26.692+0000] {dagbag.py:545} INFO - Filling up the DagBag from /usr/local/python/3.12.1/lib/python3.12/site-packages/airflow/example_dags/example_branch_python_dop_operator_3.py
[2026-07-02T17:14:26.700+0000] {processor.py:840} INFO - DAG(s) 'example_branch_dop_operator_v3' retrieved from /usr/local/python/3.12.1/lib/python3.12/site-packages/airflow/example_dags/example_branch_python_dop_operator_3.py
[2026-07-02T17:14:26.712+0000] {logging_mixin.py:188} INFO - [2026-07-02T17:14:26.712+0000] {dag.py:3089} INFO - Sync 1 DAGs
[2026-07-02T17:14:26.729+0000] {logging_mixin.py:188} INFO - [2026-07-02T17:14:26.729+0000] {dag.py:3947} INFO - Setting next_dagrun for example_branch_dop_operator_v3 to 2026-07-02 17:13:00+00:00, run_after=2026-07-02 17:14:00+00:00
[2026-07-02T17:14:26.746+0000] {processor.py:183} INFO - Processing /usr/local/python/3.12.1/lib/python3.12/site-packages/airflow/example_dags/example_branch_python_dop_operator_3.py took 0.063 seconds
[2026-07-02T17:15:29.422+0000] {processor.py:161} INFO - Started process (PID=170550) to work on /usr/local/python/3.12.1/lib/python3.12/site-packages/airflow/example_dags/example_branch_python_dop_operator_3.py
[2026-07-02T17:15:29.423+0000] {processor.py:830} INFO - Processing file /usr/local/python/3.12.1/lib/python3.12/site-packages/airflow/example_dags/example_branch_python_dop_operator_3.py for tasks to queue
[2026-07-02T17:15:29.424+0000] {logging_mixin.py:188} INFO - [2026-07-02T17:15:29.424+0000] {dagbag.py:545} INFO - Filling up the DagBag from /usr/local/python/3.12.1/lib/python3.12/site-packages/airflow/example_dags/example_branch_python_dop_operator_3.py
[2026-07-02T17:15:29.431+0000] {processor.py:840} INFO - DAG(s) 'example_branch_dop_operator_v3' retrieved from /usr/local/python/3.12.1/lib/python3.12/site-packages/airflow/example_dags/example_branch_python_dop_operator_3.py
[2026-07-02T17:15:29.445+0000] {logging_mixin.py:188} INFO - [2026-07-02T17:15:29.444+0000] {dag.py:3089} INFO - Sync 1 DAGs
[2026-07-02T17:15:29.463+0000] {logging_mixin.py:188} INFO - [2026-07-02T17:15:29.462+0000] {dag.py:3947} INFO - Setting next_dagrun for example_branch_dop_operator_v3 to 2026-07-02 17:14:00+00:00, run_after=2026-07-02 17:15:00+00:00
[2026-07-02T17:15:29.481+0000] {processor.py:183} INFO - Processing /usr/local/python/3.12.1/lib/python3.12/site-packages/airflow/example_dags/example_branch_python_dop_operator_3.py took 0.064 seconds
[2026-07-02T17:16:26.120+0000] {processor.py:161} INFO - Started process (PID=171172) to work on /usr/local/python/3.12.1/lib/python3.12/site-packages/airflow/example_dags/example_branch_python_dop_operator_3.py
[2026-07-02T17:16:26.121+0000] {processor.py:830} INFO - Processing file /usr/local/python/3.12.1/lib/python3.12/site-packages/airflow/example_dags/example_branch_python_dop_operator_3.py for tasks to queue
[2026-07-02T17:16:26.122+0000] {logging_mixin.py:188} INFO - [2026-07-02T17:16:26.122+0000] {dagbag.py:545} INFO - Filling up the DagBag from /usr/local/python/3.12.1/lib/python3.12/site-packages/airflow/example_dags/example_branch_python_dop_operator_3.py
[2026-07-02T17:16:26.129+0000] {processor.py:840} INFO - DAG(s) 'example_branch_dop_operator_v3' retrieved from /usr/local/python/3.12.1/lib/python3.12/site-packages/airflow/example_dags/example_branch_python_dop_operator_3.py
[2026-07-02T17:16:26.141+0000] {logging_mixin.py:188} INFO - [2026-07-02T17:16:26.141+0000] {dag.py:3089} INFO - Sync 1 DAGs
[2026-07-02T17:16:26.158+0000] {logging_mixin.py:188} INFO - [2026-07-02T17:16:26.158+0000] {dag.py:3947} INFO - Setting next_dagrun for example_branch_dop_operator_v3 to 2026-07-02 17:15:00+00:00, run_after=2026-07-02 17:16:00+00:00
[2026-07-02T17:16:26.176+0000] {processor.py:183} INFO - Processing /usr/local/python/3.12.1/lib/python3.12/site-packages/airflow/example_dags/example_branch_python_dop_operator_3.py took 0.061 seconds
[2026-07-02T17:17:28.171+0000] {processor.py:161} INFO - Started process (PID=171819) to work on /usr/local/python/3.12.1/lib/python3.12/site-packages/airflow/example_dags/example_branch_python_dop_operator_3.py
[2026-07-02T17:17:28.172+0000] {processor.py:830} INFO - Processing file /usr/local/python/3.12.1/lib/python3.12/site-packages/airflow/example_dags/example_branch_python_dop_operator_3.py for tasks to queue
[2026-07-02T17:17:28.175+0000] {logging_mixin.py:188} INFO - [2026-07-02T17:17:28.174+0000] {dagbag.py:545} INFO - Filling up the DagBag from /usr/local/python/3.12.1/lib/python3.12/site-packages/airflow/example_dags/example_branch_python_dop_operator_3.py
[2026-07-02T17:17:28.185+0000] {processor.py:840} INFO - DAG(s) 'example_branch_dop_operator_v3' retrieved from /usr/local/python/3.12.1/lib/python3.12/site-packages/airflow/example_dags/example_branch_python_dop_operator_3.py
[2026-07-02T17:17:28.200+0000] {logging_mixin.py:188} INFO - [2026-07-02T17:17:28.199+0000] {dag.py:3089} INFO - Sync 1 DAGs
[2026-07-02T17:17:28.217+0000] {logging_mixin.py:188} INFO - [2026-07-02T17:17:28.217+0000] {dag.py:3947} INFO - Setting next_dagrun for example_branch_dop_operator_v3 to 2026-07-02 17:16:00+00:00, run_after=2026-07-02 17:17:00+00:00
[2026-07-02T17:17:28.233+0000] {processor.py:183} INFO - Processing /usr/local/python/3.12.1/lib/python3.12/site-packages/airflow/example_dags/example_branch_python_dop_operator_3.py took 0.067 seconds
