[2026-07-02T16:24:27.055+0000] {processor.py:161} INFO - Started process (PID=117764) to work on /usr/local/python/3.12.1/lib/python3.12/site-packages/airflow/example_dags/example_sensors.py
[2026-07-02T16:24:27.056+0000] {processor.py:830} INFO - Processing file /usr/local/python/3.12.1/lib/python3.12/site-packages/airflow/example_dags/example_sensors.py for tasks to queue
[2026-07-02T16:24:27.059+0000] {logging_mixin.py:188} INFO - [2026-07-02T16:24:27.059+0000] {dagbag.py:545} INFO - Filling up the DagBag from /usr/local/python/3.12.1/lib/python3.12/site-packages/airflow/example_dags/example_sensors.py
[2026-07-02T16:24:27.075+0000] {processor.py:840} INFO - DAG(s) 'example_sensors' retrieved from /usr/local/python/3.12.1/lib/python3.12/site-packages/airflow/example_dags/example_sensors.py
[2026-07-02T16:24:27.258+0000] {logging_mixin.py:188} INFO - [2026-07-02T16:24:27.257+0000] {override.py:1858} INFO - Created Permission View: can delete on DAG:example_sensors
[2026-07-02T16:24:27.275+0000] {logging_mixin.py:188} INFO - [2026-07-02T16:24:27.274+0000] {override.py:1858} INFO - Created Permission View: can read on DAG:example_sensors
[2026-07-02T16:24:27.286+0000] {logging_mixin.py:188} INFO - [2026-07-02T16:24:27.286+0000] {override.py:1858} INFO - Created Permission View: can edit on DAG:example_sensors
[2026-07-02T16:24:27.287+0000] {logging_mixin.py:188} INFO - [2026-07-02T16:24:27.287+0000] {dag.py:3089} INFO - Sync 1 DAGs
[2026-07-02T16:24:27.302+0000] {logging_mixin.py:188} INFO - [2026-07-02T16:24:27.302+0000] {dag.py:3111} INFO - Creating ORM DAG for example_sensors
[2026-07-02T16:24:27.303+0000] {logging_mixin.py:188} INFO - [2026-07-02T16:24:27.303+0000] {dag.py:3947} INFO - Setting next_dagrun for example_sensors to None, run_after=None
[2026-07-02T16:24:27.332+0000] {processor.py:183} INFO - Processing /usr/local/python/3.12.1/lib/python3.12/site-packages/airflow/example_dags/example_sensors.py took 0.285 seconds
[2026-07-02T16:25:21.659+0000] {processor.py:161} INFO - Started process (PID=118561) to work on /usr/local/python/3.12.1/lib/python3.12/site-packages/airflow/example_dags/example_sensors.py
[2026-07-02T16:25:21.660+0000] {processor.py:830} INFO - Processing file /usr/local/python/3.12.1/lib/python3.12/site-packages/airflow/example_dags/example_sensors.py for tasks to queue
[2026-07-02T16:25:21.661+0000] {logging_mixin.py:188} INFO - [2026-07-02T16:25:21.661+0000] {dagbag.py:545} INFO - Filling up the DagBag from /usr/local/python/3.12.1/lib/python3.12/site-packages/airflow/example_dags/example_sensors.py
[2026-07-02T16:25:21.668+0000] {processor.py:840} INFO - DAG(s) 'example_sensors' retrieved from /usr/local/python/3.12.1/lib/python3.12/site-packages/airflow/example_dags/example_sensors.py
[2026-07-02T16:25:21.690+0000] {logging_mixin.py:188} INFO - [2026-07-02T16:25:21.690+0000] {dag.py:3089} INFO - Sync 1 DAGs
[2026-07-02T16:25:21.701+0000] {logging_mixin.py:188} INFO - [2026-07-02T16:25:21.701+0000] {dag.py:3947} INFO - Setting next_dagrun for example_sensors to None, run_after=None
[2026-07-02T16:25:21.718+0000] {processor.py:183} INFO - Processing /usr/local/python/3.12.1/lib/python3.12/site-packages/airflow/example_dags/example_sensors.py took 0.064 seconds
[2026-07-02T16:26:17.447+0000] {processor.py:161} INFO - Started process (PID=126121) to work on /usr/local/python/3.12.1/lib/python3.12/site-packages/airflow/example_dags/example_sensors.py
[2026-07-02T16:26:17.451+0000] {processor.py:830} INFO - Processing file /usr/local/python/3.12.1/lib/python3.12/site-packages/airflow/example_dags/example_sensors.py for tasks to queue
[2026-07-02T16:26:17.455+0000] {logging_mixin.py:188} INFO - [2026-07-02T16:26:17.455+0000] {dagbag.py:545} INFO - Filling up the DagBag from /usr/local/python/3.12.1/lib/python3.12/site-packages/airflow/example_dags/example_sensors.py
[2026-07-02T16:26:17.484+0000] {processor.py:840} INFO - DAG(s) 'example_sensors' retrieved from /usr/local/python/3.12.1/lib/python3.12/site-packages/airflow/example_dags/example_sensors.py
[2026-07-02T16:26:17.528+0000] {logging_mixin.py:188} INFO - [2026-07-02T16:26:17.528+0000] {dag.py:3089} INFO - Sync 1 DAGs
[2026-07-02T16:26:17.544+0000] {logging_mixin.py:188} INFO - [2026-07-02T16:26:17.544+0000] {dag.py:3947} INFO - Setting next_dagrun for example_sensors to None, run_after=None
[2026-07-02T16:26:17.624+0000] {processor.py:183} INFO - Processing /usr/local/python/3.12.1/lib/python3.12/site-packages/airflow/example_dags/example_sensors.py took 0.185 seconds
[2026-07-02T16:27:30.970+0000] {processor.py:161} INFO - Started process (PID=128299) to work on /usr/local/python/3.12.1/lib/python3.12/site-packages/airflow/example_dags/example_sensors.py
[2026-07-02T16:27:30.971+0000] {processor.py:830} INFO - Processing file /usr/local/python/3.12.1/lib/python3.12/site-packages/airflow/example_dags/example_sensors.py for tasks to queue
[2026-07-02T16:27:30.973+0000] {logging_mixin.py:188} INFO - [2026-07-02T16:27:30.973+0000] {dagbag.py:545} INFO - Filling up the DagBag from /usr/local/python/3.12.1/lib/python3.12/site-packages/airflow/example_dags/example_sensors.py
[2026-07-02T16:27:30.983+0000] {processor.py:840} INFO - DAG(s) 'example_sensors' retrieved from /usr/local/python/3.12.1/lib/python3.12/site-packages/airflow/example_dags/example_sensors.py
[2026-07-02T16:27:31.011+0000] {logging_mixin.py:188} INFO - [2026-07-02T16:27:31.011+0000] {dag.py:3089} INFO - Sync 1 DAGs
[2026-07-02T16:27:31.034+0000] {logging_mixin.py:188} INFO - [2026-07-02T16:27:31.034+0000] {dag.py:3947} INFO - Setting next_dagrun for example_sensors to None, run_after=None
[2026-07-02T16:27:31.074+0000] {processor.py:183} INFO - Processing /usr/local/python/3.12.1/lib/python3.12/site-packages/airflow/example_dags/example_sensors.py took 0.112 seconds
[2026-07-02T16:28:25.960+0000] {processor.py:161} INFO - Started process (PID=129054) to work on /usr/local/python/3.12.1/lib/python3.12/site-packages/airflow/example_dags/example_sensors.py
[2026-07-02T16:28:25.962+0000] {processor.py:830} INFO - Processing file /usr/local/python/3.12.1/lib/python3.12/site-packages/airflow/example_dags/example_sensors.py for tasks to queue
[2026-07-02T16:28:25.965+0000] {logging_mixin.py:188} INFO - [2026-07-02T16:28:25.964+0000] {dagbag.py:545} INFO - Filling up the DagBag from /usr/local/python/3.12.1/lib/python3.12/site-packages/airflow/example_dags/example_sensors.py
[2026-07-02T16:28:25.984+0000] {processor.py:840} INFO - DAG(s) 'example_sensors' retrieved from /usr/local/python/3.12.1/lib/python3.12/site-packages/airflow/example_dags/example_sensors.py
[2026-07-02T16:28:26.041+0000] {logging_mixin.py:188} INFO - [2026-07-02T16:28:26.040+0000] {dag.py:3089} INFO - Sync 1 DAGs
[2026-07-02T16:28:26.080+0000] {logging_mixin.py:188} INFO - [2026-07-02T16:28:26.080+0000] {dag.py:3947} INFO - Setting next_dagrun for example_sensors to None, run_after=None
[2026-07-02T16:28:26.171+0000] {processor.py:183} INFO - Processing /usr/local/python/3.12.1/lib/python3.12/site-packages/airflow/example_dags/example_sensors.py took 0.222 seconds
[2026-07-02T16:29:29.621+0000] {processor.py:161} INFO - Started process (PID=129880) to work on /usr/local/python/3.12.1/lib/python3.12/site-packages/airflow/example_dags/example_sensors.py
[2026-07-02T16:29:29.623+0000] {processor.py:830} INFO - Processing file /usr/local/python/3.12.1/lib/python3.12/site-packages/airflow/example_dags/example_sensors.py for tasks to queue
[2026-07-02T16:29:29.624+0000] {logging_mixin.py:188} INFO - [2026-07-02T16:29:29.624+0000] {dagbag.py:545} INFO - Filling up the DagBag from /usr/local/python/3.12.1/lib/python3.12/site-packages/airflow/example_dags/example_sensors.py
[2026-07-02T16:29:29.633+0000] {processor.py:840} INFO - DAG(s) 'example_sensors' retrieved from /usr/local/python/3.12.1/lib/python3.12/site-packages/airflow/example_dags/example_sensors.py
[2026-07-02T16:29:29.760+0000] {logging_mixin.py:188} INFO - [2026-07-02T16:29:29.760+0000] {dag.py:3089} INFO - Sync 1 DAGs
[2026-07-02T16:29:29.776+0000] {logging_mixin.py:188} INFO - [2026-07-02T16:29:29.776+0000] {dag.py:3947} INFO - Setting next_dagrun for example_sensors to None, run_after=None
[2026-07-02T16:29:30.047+0000] {processor.py:183} INFO - Processing /usr/local/python/3.12.1/lib/python3.12/site-packages/airflow/example_dags/example_sensors.py took 0.431 seconds
[2026-07-02T16:30:26.411+0000] {processor.py:161} INFO - Started process (PID=130557) to work on /usr/local/python/3.12.1/lib/python3.12/site-packages/airflow/example_dags/example_sensors.py
[2026-07-02T16:30:26.412+0000] {processor.py:830} INFO - Processing file /usr/local/python/3.12.1/lib/python3.12/site-packages/airflow/example_dags/example_sensors.py for tasks to queue
[2026-07-02T16:30:26.414+0000] {logging_mixin.py:188} INFO - [2026-07-02T16:30:26.414+0000] {dagbag.py:545} INFO - Filling up the DagBag from /usr/local/python/3.12.1/lib/python3.12/site-packages/airflow/example_dags/example_sensors.py
[2026-07-02T16:30:26.425+0000] {processor.py:840} INFO - DAG(s) 'example_sensors' retrieved from /usr/local/python/3.12.1/lib/python3.12/site-packages/airflow/example_dags/example_sensors.py
[2026-07-02T16:30:26.449+0000] {logging_mixin.py:188} INFO - [2026-07-02T16:30:26.449+0000] {dag.py:3089} INFO - Sync 1 DAGs
[2026-07-02T16:30:26.458+0000] {logging_mixin.py:188} INFO - [2026-07-02T16:30:26.458+0000] {dag.py:3947} INFO - Setting next_dagrun for example_sensors to None, run_after=None
[2026-07-02T16:30:26.476+0000] {processor.py:183} INFO - Processing /usr/local/python/3.12.1/lib/python3.12/site-packages/airflow/example_dags/example_sensors.py took 0.074 seconds
[2026-07-02T16:31:16.803+0000] {processor.py:161} INFO - Started process (PID=131102) to work on /usr/local/python/3.12.1/lib/python3.12/site-packages/airflow/example_dags/example_sensors.py
[2026-07-02T16:31:16.803+0000] {processor.py:830} INFO - Processing file /usr/local/python/3.12.1/lib/python3.12/site-packages/airflow/example_dags/example_sensors.py for tasks to queue
[2026-07-02T16:31:16.805+0000] {logging_mixin.py:188} INFO - [2026-07-02T16:31:16.805+0000] {dagbag.py:545} INFO - Filling up the DagBag from /usr/local/python/3.12.1/lib/python3.12/site-packages/airflow/example_dags/example_sensors.py
[2026-07-02T16:31:16.813+0000] {processor.py:840} INFO - DAG(s) 'example_sensors' retrieved from /usr/local/python/3.12.1/lib/python3.12/site-packages/airflow/example_dags/example_sensors.py
[2026-07-02T16:31:16.829+0000] {logging_mixin.py:188} INFO - [2026-07-02T16:31:16.829+0000] {dag.py:3089} INFO - Sync 1 DAGs
[2026-07-02T16:31:16.838+0000] {logging_mixin.py:188} INFO - [2026-07-02T16:31:16.838+0000] {dag.py:3947} INFO - Setting next_dagrun for example_sensors to None, run_after=None
[2026-07-02T16:31:16.855+0000] {processor.py:183} INFO - Processing /usr/local/python/3.12.1/lib/python3.12/site-packages/airflow/example_dags/example_sensors.py took 0.056 seconds
[2026-07-02T16:32:05.162+0000] {processor.py:161} INFO - Started process (PID=131617) to work on /usr/local/python/3.12.1/lib/python3.12/site-packages/airflow/example_dags/example_sensors.py
[2026-07-02T16:32:05.163+0000] {processor.py:830} INFO - Processing file /usr/local/python/3.12.1/lib/python3.12/site-packages/airflow/example_dags/example_sensors.py for tasks to queue
[2026-07-02T16:32:05.165+0000] {logging_mixin.py:188} INFO - [2026-07-02T16:32:05.165+0000] {dagbag.py:545} INFO - Filling up the DagBag from /usr/local/python/3.12.1/lib/python3.12/site-packages/airflow/example_dags/example_sensors.py
[2026-07-02T16:32:05.177+0000] {processor.py:840} INFO - DAG(s) 'example_sensors' retrieved from /usr/local/python/3.12.1/lib/python3.12/site-packages/airflow/example_dags/example_sensors.py
[2026-07-02T16:32:05.203+0000] {logging_mixin.py:188} INFO - [2026-07-02T16:32:05.203+0000] {dag.py:3089} INFO - Sync 1 DAGs
[2026-07-02T16:32:05.220+0000] {logging_mixin.py:188} INFO - [2026-07-02T16:32:05.220+0000] {dag.py:3947} INFO - Setting next_dagrun for example_sensors to None, run_after=None
[2026-07-02T16:32:05.254+0000] {processor.py:183} INFO - Processing /usr/local/python/3.12.1/lib/python3.12/site-packages/airflow/example_dags/example_sensors.py took 0.099 seconds
[2026-07-02T16:32:55.787+0000] {processor.py:161} INFO - Started process (PID=133360) to work on /usr/local/python/3.12.1/lib/python3.12/site-packages/airflow/example_dags/example_sensors.py
[2026-07-02T16:32:55.788+0000] {processor.py:830} INFO - Processing file /usr/local/python/3.12.1/lib/python3.12/site-packages/airflow/example_dags/example_sensors.py for tasks to queue
[2026-07-02T16:32:55.790+0000] {logging_mixin.py:188} INFO - [2026-07-02T16:32:55.789+0000] {dagbag.py:545} INFO - Filling up the DagBag from /usr/local/python/3.12.1/lib/python3.12/site-packages/airflow/example_dags/example_sensors.py
[2026-07-02T16:32:55.800+0000] {processor.py:840} INFO - DAG(s) 'example_sensors' retrieved from /usr/local/python/3.12.1/lib/python3.12/site-packages/airflow/example_dags/example_sensors.py
[2026-07-02T16:32:55.825+0000] {logging_mixin.py:188} INFO - [2026-07-02T16:32:55.825+0000] {dag.py:3089} INFO - Sync 1 DAGs
[2026-07-02T16:32:55.839+0000] {logging_mixin.py:188} INFO - [2026-07-02T16:32:55.839+0000] {dag.py:3947} INFO - Setting next_dagrun for example_sensors to None, run_after=None
[2026-07-02T16:32:55.866+0000] {processor.py:183} INFO - Processing /usr/local/python/3.12.1/lib/python3.12/site-packages/airflow/example_dags/example_sensors.py took 0.085 seconds
[2026-07-02T16:33:45.833+0000] {processor.py:161} INFO - Started process (PID=133929) to work on /usr/local/python/3.12.1/lib/python3.12/site-packages/airflow/example_dags/example_sensors.py
[2026-07-02T16:33:45.834+0000] {processor.py:830} INFO - Processing file /usr/local/python/3.12.1/lib/python3.12/site-packages/airflow/example_dags/example_sensors.py for tasks to queue
[2026-07-02T16:33:45.835+0000] {logging_mixin.py:188} INFO - [2026-07-02T16:33:45.835+0000] {dagbag.py:545} INFO - Filling up the DagBag from /usr/local/python/3.12.1/lib/python3.12/site-packages/airflow/example_dags/example_sensors.py
[2026-07-02T16:33:45.842+0000] {processor.py:840} INFO - DAG(s) 'example_sensors' retrieved from /usr/local/python/3.12.1/lib/python3.12/site-packages/airflow/example_dags/example_sensors.py
[2026-07-02T16:33:45.859+0000] {logging_mixin.py:188} INFO - [2026-07-02T16:33:45.859+0000] {dag.py:3089} INFO - Sync 1 DAGs
[2026-07-02T16:33:45.868+0000] {logging_mixin.py:188} INFO - [2026-07-02T16:33:45.868+0000] {dag.py:3947} INFO - Setting next_dagrun for example_sensors to None, run_after=None
[2026-07-02T16:33:45.888+0000] {processor.py:183} INFO - Processing /usr/local/python/3.12.1/lib/python3.12/site-packages/airflow/example_dags/example_sensors.py took 0.059 seconds
[2026-07-02T16:34:34.652+0000] {processor.py:161} INFO - Started process (PID=134580) to work on /usr/local/python/3.12.1/lib/python3.12/site-packages/airflow/example_dags/example_sensors.py
[2026-07-02T16:34:34.656+0000] {processor.py:830} INFO - Processing file /usr/local/python/3.12.1/lib/python3.12/site-packages/airflow/example_dags/example_sensors.py for tasks to queue
[2026-07-02T16:34:34.657+0000] {logging_mixin.py:188} INFO - [2026-07-02T16:34:34.657+0000] {dagbag.py:545} INFO - Filling up the DagBag from /usr/local/python/3.12.1/lib/python3.12/site-packages/airflow/example_dags/example_sensors.py
[2026-07-02T16:34:34.665+0000] {processor.py:840} INFO - DAG(s) 'example_sensors' retrieved from /usr/local/python/3.12.1/lib/python3.12/site-packages/airflow/example_dags/example_sensors.py
[2026-07-02T16:34:34.686+0000] {logging_mixin.py:188} INFO - [2026-07-02T16:34:34.685+0000] {dag.py:3089} INFO - Sync 1 DAGs
[2026-07-02T16:34:34.697+0000] {logging_mixin.py:188} INFO - [2026-07-02T16:34:34.697+0000] {dag.py:3947} INFO - Setting next_dagrun for example_sensors to None, run_after=None
[2026-07-02T16:34:34.715+0000] {processor.py:183} INFO - Processing /usr/local/python/3.12.1/lib/python3.12/site-packages/airflow/example_dags/example_sensors.py took 0.067 seconds
[2026-07-02T16:35:29.133+0000] {processor.py:161} INFO - Started process (PID=136008) to work on /usr/local/python/3.12.1/lib/python3.12/site-packages/airflow/example_dags/example_sensors.py
[2026-07-02T16:35:29.137+0000] {processor.py:830} INFO - Processing file /usr/local/python/3.12.1/lib/python3.12/site-packages/airflow/example_dags/example_sensors.py for tasks to queue
[2026-07-02T16:35:29.139+0000] {logging_mixin.py:188} INFO - [2026-07-02T16:35:29.139+0000] {dagbag.py:545} INFO - Filling up the DagBag from /usr/local/python/3.12.1/lib/python3.12/site-packages/airflow/example_dags/example_sensors.py
[2026-07-02T16:35:29.158+0000] {processor.py:840} INFO - DAG(s) 'example_sensors' retrieved from /usr/local/python/3.12.1/lib/python3.12/site-packages/airflow/example_dags/example_sensors.py
[2026-07-02T16:35:29.197+0000] {logging_mixin.py:188} INFO - [2026-07-02T16:35:29.196+0000] {dag.py:3089} INFO - Sync 1 DAGs
[2026-07-02T16:35:29.215+0000] {logging_mixin.py:188} INFO - [2026-07-02T16:35:29.215+0000] {dag.py:3947} INFO - Setting next_dagrun for example_sensors to None, run_after=None
[2026-07-02T16:35:29.256+0000] {processor.py:183} INFO - Processing /usr/local/python/3.12.1/lib/python3.12/site-packages/airflow/example_dags/example_sensors.py took 0.160 seconds
[2026-07-02T16:36:24.167+0000] {processor.py:161} INFO - Started process (PID=136728) to work on /usr/local/python/3.12.1/lib/python3.12/site-packages/airflow/example_dags/example_sensors.py
[2026-07-02T16:36:24.168+0000] {processor.py:830} INFO - Processing file /usr/local/python/3.12.1/lib/python3.12/site-packages/airflow/example_dags/example_sensors.py for tasks to queue
[2026-07-02T16:36:24.170+0000] {logging_mixin.py:188} INFO - [2026-07-02T16:36:24.169+0000] {dagbag.py:545} INFO - Filling up the DagBag from /usr/local/python/3.12.1/lib/python3.12/site-packages/airflow/example_dags/example_sensors.py
[2026-07-02T16:36:24.182+0000] {processor.py:840} INFO - DAG(s) 'example_sensors' retrieved from /usr/local/python/3.12.1/lib/python3.12/site-packages/airflow/example_dags/example_sensors.py
[2026-07-02T16:36:24.207+0000] {logging_mixin.py:188} INFO - [2026-07-02T16:36:24.207+0000] {dag.py:3089} INFO - Sync 1 DAGs
[2026-07-02T16:36:24.221+0000] {logging_mixin.py:188} INFO - [2026-07-02T16:36:24.221+0000] {dag.py:3947} INFO - Setting next_dagrun for example_sensors to None, run_after=None
[2026-07-02T16:36:24.250+0000] {processor.py:183} INFO - Processing /usr/local/python/3.12.1/lib/python3.12/site-packages/airflow/example_dags/example_sensors.py took 0.090 seconds
[2026-07-02T16:37:08.362+0000] {processor.py:161} INFO - Started process (PID=137305) to work on /usr/local/python/3.12.1/lib/python3.12/site-packages/airflow/example_dags/example_sensors.py
[2026-07-02T16:37:08.363+0000] {processor.py:830} INFO - Processing file /usr/local/python/3.12.1/lib/python3.12/site-packages/airflow/example_dags/example_sensors.py for tasks to queue
[2026-07-02T16:37:08.365+0000] {logging_mixin.py:188} INFO - [2026-07-02T16:37:08.364+0000] {dagbag.py:545} INFO - Filling up the DagBag from /usr/local/python/3.12.1/lib/python3.12/site-packages/airflow/example_dags/example_sensors.py
[2026-07-02T16:37:08.372+0000] {processor.py:840} INFO - DAG(s) 'example_sensors' retrieved from /usr/local/python/3.12.1/lib/python3.12/site-packages/airflow/example_dags/example_sensors.py
[2026-07-02T16:37:08.394+0000] {logging_mixin.py:188} INFO - [2026-07-02T16:37:08.393+0000] {dag.py:3089} INFO - Sync 1 DAGs
[2026-07-02T16:37:08.404+0000] {logging_mixin.py:188} INFO - [2026-07-02T16:37:08.403+0000] {dag.py:3947} INFO - Setting next_dagrun for example_sensors to None, run_after=None
[2026-07-02T16:37:08.424+0000] {processor.py:183} INFO - Processing /usr/local/python/3.12.1/lib/python3.12/site-packages/airflow/example_dags/example_sensors.py took 0.067 seconds
[2026-07-02T16:37:56.334+0000] {processor.py:161} INFO - Started process (PID=138618) to work on /usr/local/python/3.12.1/lib/python3.12/site-packages/airflow/example_dags/example_sensors.py
[2026-07-02T16:37:56.335+0000] {processor.py:830} INFO - Processing file /usr/local/python/3.12.1/lib/python3.12/site-packages/airflow/example_dags/example_sensors.py for tasks to queue
[2026-07-02T16:37:56.337+0000] {logging_mixin.py:188} INFO - [2026-07-02T16:37:56.336+0000] {dagbag.py:545} INFO - Filling up the DagBag from /usr/local/python/3.12.1/lib/python3.12/site-packages/airflow/example_dags/example_sensors.py
[2026-07-02T16:37:56.347+0000] {processor.py:840} INFO - DAG(s) 'example_sensors' retrieved from /usr/local/python/3.12.1/lib/python3.12/site-packages/airflow/example_dags/example_sensors.py
[2026-07-02T16:37:56.371+0000] {logging_mixin.py:188} INFO - [2026-07-02T16:37:56.371+0000] {dag.py:3089} INFO - Sync 1 DAGs
[2026-07-02T16:37:56.386+0000] {logging_mixin.py:188} INFO - [2026-07-02T16:37:56.386+0000] {dag.py:3947} INFO - Setting next_dagrun for example_sensors to None, run_after=None
[2026-07-02T16:37:56.410+0000] {processor.py:183} INFO - Processing /usr/local/python/3.12.1/lib/python3.12/site-packages/airflow/example_dags/example_sensors.py took 0.083 seconds
[2026-07-02T16:38:43.025+0000] {processor.py:161} INFO - Started process (PID=139636) to work on /usr/local/python/3.12.1/lib/python3.12/site-packages/airflow/example_dags/example_sensors.py
[2026-07-02T16:38:43.025+0000] {processor.py:830} INFO - Processing file /usr/local/python/3.12.1/lib/python3.12/site-packages/airflow/example_dags/example_sensors.py for tasks to queue
[2026-07-02T16:38:43.027+0000] {logging_mixin.py:188} INFO - [2026-07-02T16:38:43.027+0000] {dagbag.py:545} INFO - Filling up the DagBag from /usr/local/python/3.12.1/lib/python3.12/site-packages/airflow/example_dags/example_sensors.py
[2026-07-02T16:38:43.034+0000] {processor.py:840} INFO - DAG(s) 'example_sensors' retrieved from /usr/local/python/3.12.1/lib/python3.12/site-packages/airflow/example_dags/example_sensors.py
[2026-07-02T16:38:43.050+0000] {logging_mixin.py:188} INFO - [2026-07-02T16:38:43.050+0000] {dag.py:3089} INFO - Sync 1 DAGs
[2026-07-02T16:38:43.059+0000] {logging_mixin.py:188} INFO - [2026-07-02T16:38:43.059+0000] {dag.py:3947} INFO - Setting next_dagrun for example_sensors to None, run_after=None
[2026-07-02T16:38:43.083+0000] {processor.py:183} INFO - Processing /usr/local/python/3.12.1/lib/python3.12/site-packages/airflow/example_dags/example_sensors.py took 0.064 seconds
[2026-07-02T16:39:30.412+0000] {processor.py:161} INFO - Started process (PID=140309) to work on /usr/local/python/3.12.1/lib/python3.12/site-packages/airflow/example_dags/example_sensors.py
[2026-07-02T16:39:30.413+0000] {processor.py:830} INFO - Processing file /usr/local/python/3.12.1/lib/python3.12/site-packages/airflow/example_dags/example_sensors.py for tasks to queue
[2026-07-02T16:39:30.415+0000] {logging_mixin.py:188} INFO - [2026-07-02T16:39:30.414+0000] {dagbag.py:545} INFO - Filling up the DagBag from /usr/local/python/3.12.1/lib/python3.12/site-packages/airflow/example_dags/example_sensors.py
[2026-07-02T16:39:30.422+0000] {processor.py:840} INFO - DAG(s) 'example_sensors' retrieved from /usr/local/python/3.12.1/lib/python3.12/site-packages/airflow/example_dags/example_sensors.py
[2026-07-02T16:39:30.438+0000] {logging_mixin.py:188} INFO - [2026-07-02T16:39:30.438+0000] {dag.py:3089} INFO - Sync 1 DAGs
[2026-07-02T16:39:30.447+0000] {logging_mixin.py:188} INFO - [2026-07-02T16:39:30.446+0000] {dag.py:3947} INFO - Setting next_dagrun for example_sensors to None, run_after=None
[2026-07-02T16:39:30.464+0000] {processor.py:183} INFO - Processing /usr/local/python/3.12.1/lib/python3.12/site-packages/airflow/example_dags/example_sensors.py took 0.056 seconds
[2026-07-02T16:40:39.339+0000] {processor.py:161} INFO - Started process (PID=141309) to work on /usr/local/python/3.12.1/lib/python3.12/site-packages/airflow/example_dags/example_sensors.py
[2026-07-02T16:40:39.349+0000] {processor.py:830} INFO - Processing file /usr/local/python/3.12.1/lib/python3.12/site-packages/airflow/example_dags/example_sensors.py for tasks to queue
[2026-07-02T16:40:39.351+0000] {logging_mixin.py:188} INFO - [2026-07-02T16:40:39.351+0000] {dagbag.py:545} INFO - Filling up the DagBag from /usr/local/python/3.12.1/lib/python3.12/site-packages/airflow/example_dags/example_sensors.py
[2026-07-02T16:40:39.392+0000] {processor.py:840} INFO - DAG(s) 'example_sensors' retrieved from /usr/local/python/3.12.1/lib/python3.12/site-packages/airflow/example_dags/example_sensors.py
[2026-07-02T16:40:39.624+0000] {logging_mixin.py:188} INFO - [2026-07-02T16:40:39.623+0000] {dag.py:3089} INFO - Sync 1 DAGs
[2026-07-02T16:40:39.722+0000] {logging_mixin.py:188} INFO - [2026-07-02T16:40:39.722+0000] {dag.py:3947} INFO - Setting next_dagrun for example_sensors to None, run_after=None
[2026-07-02T16:40:40.156+0000] {processor.py:183} INFO - Processing /usr/local/python/3.12.1/lib/python3.12/site-packages/airflow/example_dags/example_sensors.py took 0.832 seconds
[2026-07-02T16:41:35.462+0000] {processor.py:161} INFO - Started process (PID=142191) to work on /usr/local/python/3.12.1/lib/python3.12/site-packages/airflow/example_dags/example_sensors.py
[2026-07-02T16:41:35.463+0000] {processor.py:830} INFO - Processing file /usr/local/python/3.12.1/lib/python3.12/site-packages/airflow/example_dags/example_sensors.py for tasks to queue
[2026-07-02T16:41:35.464+0000] {logging_mixin.py:188} INFO - [2026-07-02T16:41:35.464+0000] {dagbag.py:545} INFO - Filling up the DagBag from /usr/local/python/3.12.1/lib/python3.12/site-packages/airflow/example_dags/example_sensors.py
[2026-07-02T16:41:35.472+0000] {processor.py:840} INFO - DAG(s) 'example_sensors' retrieved from /usr/local/python/3.12.1/lib/python3.12/site-packages/airflow/example_dags/example_sensors.py
[2026-07-02T16:41:35.495+0000] {logging_mixin.py:188} INFO - [2026-07-02T16:41:35.494+0000] {dag.py:3089} INFO - Sync 1 DAGs
[2026-07-02T16:41:35.504+0000] {logging_mixin.py:188} INFO - [2026-07-02T16:41:35.503+0000] {dag.py:3947} INFO - Setting next_dagrun for example_sensors to None, run_after=None
[2026-07-02T16:41:35.522+0000] {processor.py:183} INFO - Processing /usr/local/python/3.12.1/lib/python3.12/site-packages/airflow/example_dags/example_sensors.py took 0.065 seconds
[2026-07-02T16:42:47.960+0000] {processor.py:161} INFO - Started process (PID=143275) to work on /usr/local/python/3.12.1/lib/python3.12/site-packages/airflow/example_dags/example_sensors.py
[2026-07-02T16:42:47.967+0000] {processor.py:830} INFO - Processing file /usr/local/python/3.12.1/lib/python3.12/site-packages/airflow/example_dags/example_sensors.py for tasks to queue
[2026-07-02T16:42:47.970+0000] {logging_mixin.py:188} INFO - [2026-07-02T16:42:47.969+0000] {dagbag.py:545} INFO - Filling up the DagBag from /usr/local/python/3.12.1/lib/python3.12/site-packages/airflow/example_dags/example_sensors.py
[2026-07-02T16:42:47.985+0000] {processor.py:840} INFO - DAG(s) 'example_sensors' retrieved from /usr/local/python/3.12.1/lib/python3.12/site-packages/airflow/example_dags/example_sensors.py
[2026-07-02T16:42:48.012+0000] {logging_mixin.py:188} INFO - [2026-07-02T16:42:48.012+0000] {dag.py:3089} INFO - Sync 1 DAGs
[2026-07-02T16:42:48.022+0000] {logging_mixin.py:188} INFO - [2026-07-02T16:42:48.021+0000] {dag.py:3947} INFO - Setting next_dagrun for example_sensors to None, run_after=None
[2026-07-02T16:42:48.202+0000] {processor.py:183} INFO - Processing /usr/local/python/3.12.1/lib/python3.12/site-packages/airflow/example_dags/example_sensors.py took 0.255 seconds
[2026-07-02T16:43:53.306+0000] {processor.py:161} INFO - Started process (PID=144414) to work on /usr/local/python/3.12.1/lib/python3.12/site-packages/airflow/example_dags/example_sensors.py
[2026-07-02T16:43:53.365+0000] {processor.py:830} INFO - Processing file /usr/local/python/3.12.1/lib/python3.12/site-packages/airflow/example_dags/example_sensors.py for tasks to queue
[2026-07-02T16:43:53.381+0000] {logging_mixin.py:188} INFO - [2026-07-02T16:43:53.378+0000] {dagbag.py:545} INFO - Filling up the DagBag from /usr/local/python/3.12.1/lib/python3.12/site-packages/airflow/example_dags/example_sensors.py
[2026-07-02T16:43:53.440+0000] {processor.py:840} INFO - DAG(s) 'example_sensors' retrieved from /usr/local/python/3.12.1/lib/python3.12/site-packages/airflow/example_dags/example_sensors.py
[2026-07-02T16:43:53.559+0000] {logging_mixin.py:188} INFO - [2026-07-02T16:43:53.559+0000] {dag.py:3089} INFO - Sync 1 DAGs
[2026-07-02T16:43:53.625+0000] {logging_mixin.py:188} INFO - [2026-07-02T16:43:53.624+0000] {dag.py:3947} INFO - Setting next_dagrun for example_sensors to None, run_after=None
[2026-07-02T16:43:53.911+0000] {processor.py:183} INFO - Processing /usr/local/python/3.12.1/lib/python3.12/site-packages/airflow/example_dags/example_sensors.py took 0.632 seconds
[2026-07-02T16:44:55.438+0000] {processor.py:161} INFO - Started process (PID=146539) to work on /usr/local/python/3.12.1/lib/python3.12/site-packages/airflow/example_dags/example_sensors.py
[2026-07-02T16:44:55.446+0000] {processor.py:830} INFO - Processing file /usr/local/python/3.12.1/lib/python3.12/site-packages/airflow/example_dags/example_sensors.py for tasks to queue
[2026-07-02T16:44:55.451+0000] {logging_mixin.py:188} INFO - [2026-07-02T16:44:55.450+0000] {dagbag.py:545} INFO - Filling up the DagBag from /usr/local/python/3.12.1/lib/python3.12/site-packages/airflow/example_dags/example_sensors.py
[2026-07-02T16:44:55.532+0000] {processor.py:840} INFO - DAG(s) 'example_sensors' retrieved from /usr/local/python/3.12.1/lib/python3.12/site-packages/airflow/example_dags/example_sensors.py
[2026-07-02T16:44:55.637+0000] {logging_mixin.py:188} INFO - [2026-07-02T16:44:55.636+0000] {dag.py:3089} INFO - Sync 1 DAGs
[2026-07-02T16:44:55.703+0000] {logging_mixin.py:188} INFO - [2026-07-02T16:44:55.699+0000] {dag.py:3947} INFO - Setting next_dagrun for example_sensors to None, run_after=None
[2026-07-02T16:44:55.818+0000] {processor.py:183} INFO - Processing /usr/local/python/3.12.1/lib/python3.12/site-packages/airflow/example_dags/example_sensors.py took 0.398 seconds
[2026-07-02T16:46:03.986+0000] {processor.py:161} INFO - Started process (PID=149046) to work on /usr/local/python/3.12.1/lib/python3.12/site-packages/airflow/example_dags/example_sensors.py
[2026-07-02T16:46:03.998+0000] {processor.py:830} INFO - Processing file /usr/local/python/3.12.1/lib/python3.12/site-packages/airflow/example_dags/example_sensors.py for tasks to queue
[2026-07-02T16:46:04.007+0000] {logging_mixin.py:188} INFO - [2026-07-02T16:46:04.003+0000] {dagbag.py:545} INFO - Filling up the DagBag from /usr/local/python/3.12.1/lib/python3.12/site-packages/airflow/example_dags/example_sensors.py
[2026-07-02T16:46:04.031+0000] {processor.py:840} INFO - DAG(s) 'example_sensors' retrieved from /usr/local/python/3.12.1/lib/python3.12/site-packages/airflow/example_dags/example_sensors.py
[2026-07-02T16:46:04.079+0000] {logging_mixin.py:188} INFO - [2026-07-02T16:46:04.079+0000] {dag.py:3089} INFO - Sync 1 DAGs
[2026-07-02T16:46:04.101+0000] {logging_mixin.py:188} INFO - [2026-07-02T16:46:04.100+0000] {dag.py:3947} INFO - Setting next_dagrun for example_sensors to None, run_after=None
[2026-07-02T16:46:04.161+0000] {processor.py:183} INFO - Processing /usr/local/python/3.12.1/lib/python3.12/site-packages/airflow/example_dags/example_sensors.py took 0.191 seconds
[2026-07-02T16:46:59.830+0000] {processor.py:161} INFO - Started process (PID=151098) to work on /usr/local/python/3.12.1/lib/python3.12/site-packages/airflow/example_dags/example_sensors.py
[2026-07-02T16:46:59.832+0000] {processor.py:830} INFO - Processing file /usr/local/python/3.12.1/lib/python3.12/site-packages/airflow/example_dags/example_sensors.py for tasks to queue
[2026-07-02T16:46:59.835+0000] {logging_mixin.py:188} INFO - [2026-07-02T16:46:59.834+0000] {dagbag.py:545} INFO - Filling up the DagBag from /usr/local/python/3.12.1/lib/python3.12/site-packages/airflow/example_dags/example_sensors.py
[2026-07-02T16:46:59.846+0000] {processor.py:840} INFO - DAG(s) 'example_sensors' retrieved from /usr/local/python/3.12.1/lib/python3.12/site-packages/airflow/example_dags/example_sensors.py
[2026-07-02T16:46:59.870+0000] {logging_mixin.py:188} INFO - [2026-07-02T16:46:59.870+0000] {dag.py:3089} INFO - Sync 1 DAGs
[2026-07-02T16:46:59.884+0000] {logging_mixin.py:188} INFO - [2026-07-02T16:46:59.884+0000] {dag.py:3947} INFO - Setting next_dagrun for example_sensors to None, run_after=None
[2026-07-02T16:46:59.906+0000] {processor.py:183} INFO - Processing /usr/local/python/3.12.1/lib/python3.12/site-packages/airflow/example_dags/example_sensors.py took 0.090 seconds
[2026-07-02T16:47:59.188+0000] {processor.py:161} INFO - Started process (PID=152376) to work on /usr/local/python/3.12.1/lib/python3.12/site-packages/airflow/example_dags/example_sensors.py
[2026-07-02T16:47:59.189+0000] {processor.py:830} INFO - Processing file /usr/local/python/3.12.1/lib/python3.12/site-packages/airflow/example_dags/example_sensors.py for tasks to queue
[2026-07-02T16:47:59.190+0000] {logging_mixin.py:188} INFO - [2026-07-02T16:47:59.190+0000] {dagbag.py:545} INFO - Filling up the DagBag from /usr/local/python/3.12.1/lib/python3.12/site-packages/airflow/example_dags/example_sensors.py
[2026-07-02T16:47:59.198+0000] {processor.py:840} INFO - DAG(s) 'example_sensors' retrieved from /usr/local/python/3.12.1/lib/python3.12/site-packages/airflow/example_dags/example_sensors.py
[2026-07-02T16:47:59.217+0000] {logging_mixin.py:188} INFO - [2026-07-02T16:47:59.217+0000] {dag.py:3089} INFO - Sync 1 DAGs
[2026-07-02T16:47:59.226+0000] {logging_mixin.py:188} INFO - [2026-07-02T16:47:59.226+0000] {dag.py:3947} INFO - Setting next_dagrun for example_sensors to None, run_after=None
[2026-07-02T16:47:59.244+0000] {processor.py:183} INFO - Processing /usr/local/python/3.12.1/lib/python3.12/site-packages/airflow/example_dags/example_sensors.py took 0.061 seconds
[2026-07-02T16:48:51.190+0000] {processor.py:161} INFO - Started process (PID=153241) to work on /usr/local/python/3.12.1/lib/python3.12/site-packages/airflow/example_dags/example_sensors.py
[2026-07-02T16:48:51.192+0000] {processor.py:830} INFO - Processing file /usr/local/python/3.12.1/lib/python3.12/site-packages/airflow/example_dags/example_sensors.py for tasks to queue
[2026-07-02T16:48:51.195+0000] {logging_mixin.py:188} INFO - [2026-07-02T16:48:51.195+0000] {dagbag.py:545} INFO - Filling up the DagBag from /usr/local/python/3.12.1/lib/python3.12/site-packages/airflow/example_dags/example_sensors.py
[2026-07-02T16:48:51.212+0000] {processor.py:840} INFO - DAG(s) 'example_sensors' retrieved from /usr/local/python/3.12.1/lib/python3.12/site-packages/airflow/example_dags/example_sensors.py
[2026-07-02T16:48:51.284+0000] {logging_mixin.py:188} INFO - [2026-07-02T16:48:51.284+0000] {dag.py:3089} INFO - Sync 1 DAGs
[2026-07-02T16:48:51.315+0000] {logging_mixin.py:188} INFO - [2026-07-02T16:48:51.315+0000] {dag.py:3947} INFO - Setting next_dagrun for example_sensors to None, run_after=None
[2026-07-02T16:48:51.339+0000] {processor.py:183} INFO - Processing /usr/local/python/3.12.1/lib/python3.12/site-packages/airflow/example_dags/example_sensors.py took 0.159 seconds
[2026-07-02T16:49:37.068+0000] {processor.py:161} INFO - Started process (PID=153919) to work on /usr/local/python/3.12.1/lib/python3.12/site-packages/airflow/example_dags/example_sensors.py
[2026-07-02T16:49:37.069+0000] {processor.py:830} INFO - Processing file /usr/local/python/3.12.1/lib/python3.12/site-packages/airflow/example_dags/example_sensors.py for tasks to queue
[2026-07-02T16:49:37.071+0000] {logging_mixin.py:188} INFO - [2026-07-02T16:49:37.070+0000] {dagbag.py:545} INFO - Filling up the DagBag from /usr/local/python/3.12.1/lib/python3.12/site-packages/airflow/example_dags/example_sensors.py
[2026-07-02T16:49:37.079+0000] {processor.py:840} INFO - DAG(s) 'example_sensors' retrieved from /usr/local/python/3.12.1/lib/python3.12/site-packages/airflow/example_dags/example_sensors.py
[2026-07-02T16:49:37.101+0000] {logging_mixin.py:188} INFO - [2026-07-02T16:49:37.101+0000] {dag.py:3089} INFO - Sync 1 DAGs
[2026-07-02T16:49:37.111+0000] {logging_mixin.py:188} INFO - [2026-07-02T16:49:37.110+0000] {dag.py:3947} INFO - Setting next_dagrun for example_sensors to None, run_after=None
[2026-07-02T16:49:37.128+0000] {processor.py:183} INFO - Processing /usr/local/python/3.12.1/lib/python3.12/site-packages/airflow/example_dags/example_sensors.py took 0.064 seconds
[2026-07-02T16:50:23.726+0000] {processor.py:161} INFO - Started process (PID=154518) to work on /usr/local/python/3.12.1/lib/python3.12/site-packages/airflow/example_dags/example_sensors.py
[2026-07-02T16:50:23.727+0000] {processor.py:830} INFO - Processing file /usr/local/python/3.12.1/lib/python3.12/site-packages/airflow/example_dags/example_sensors.py for tasks to queue
[2026-07-02T16:50:23.728+0000] {logging_mixin.py:188} INFO - [2026-07-02T16:50:23.728+0000] {dagbag.py:545} INFO - Filling up the DagBag from /usr/local/python/3.12.1/lib/python3.12/site-packages/airflow/example_dags/example_sensors.py
[2026-07-02T16:50:23.735+0000] {processor.py:840} INFO - DAG(s) 'example_sensors' retrieved from /usr/local/python/3.12.1/lib/python3.12/site-packages/airflow/example_dags/example_sensors.py
[2026-07-02T16:50:23.751+0000] {logging_mixin.py:188} INFO - [2026-07-02T16:50:23.751+0000] {dag.py:3089} INFO - Sync 1 DAGs
[2026-07-02T16:50:23.760+0000] {logging_mixin.py:188} INFO - [2026-07-02T16:50:23.760+0000] {dag.py:3947} INFO - Setting next_dagrun for example_sensors to None, run_after=None
[2026-07-02T16:50:23.780+0000] {processor.py:183} INFO - Processing /usr/local/python/3.12.1/lib/python3.12/site-packages/airflow/example_dags/example_sensors.py took 0.059 seconds
[2026-07-02T16:51:09.478+0000] {processor.py:161} INFO - Started process (PID=155063) to work on /usr/local/python/3.12.1/lib/python3.12/site-packages/airflow/example_dags/example_sensors.py
[2026-07-02T16:51:09.478+0000] {processor.py:830} INFO - Processing file /usr/local/python/3.12.1/lib/python3.12/site-packages/airflow/example_dags/example_sensors.py for tasks to queue
[2026-07-02T16:51:09.481+0000] {logging_mixin.py:188} INFO - [2026-07-02T16:51:09.480+0000] {dagbag.py:545} INFO - Filling up the DagBag from /usr/local/python/3.12.1/lib/python3.12/site-packages/airflow/example_dags/example_sensors.py
[2026-07-02T16:51:09.490+0000] {processor.py:840} INFO - DAG(s) 'example_sensors' retrieved from /usr/local/python/3.12.1/lib/python3.12/site-packages/airflow/example_dags/example_sensors.py
[2026-07-02T16:51:09.508+0000] {logging_mixin.py:188} INFO - [2026-07-02T16:51:09.508+0000] {dag.py:3089} INFO - Sync 1 DAGs
[2026-07-02T16:51:09.518+0000] {logging_mixin.py:188} INFO - [2026-07-02T16:51:09.518+0000] {dag.py:3947} INFO - Setting next_dagrun for example_sensors to None, run_after=None
[2026-07-02T16:51:09.534+0000] {processor.py:183} INFO - Processing /usr/local/python/3.12.1/lib/python3.12/site-packages/airflow/example_dags/example_sensors.py took 0.062 seconds
[2026-07-02T16:51:53.914+0000] {processor.py:161} INFO - Started process (PID=155515) to work on /usr/local/python/3.12.1/lib/python3.12/site-packages/airflow/example_dags/example_sensors.py
[2026-07-02T16:51:53.915+0000] {processor.py:830} INFO - Processing file /usr/local/python/3.12.1/lib/python3.12/site-packages/airflow/example_dags/example_sensors.py for tasks to queue
[2026-07-02T16:51:53.916+0000] {logging_mixin.py:188} INFO - [2026-07-02T16:51:53.916+0000] {dagbag.py:545} INFO - Filling up the DagBag from /usr/local/python/3.12.1/lib/python3.12/site-packages/airflow/example_dags/example_sensors.py
[2026-07-02T16:51:53.924+0000] {processor.py:840} INFO - DAG(s) 'example_sensors' retrieved from /usr/local/python/3.12.1/lib/python3.12/site-packages/airflow/example_dags/example_sensors.py
[2026-07-02T16:51:53.940+0000] {logging_mixin.py:188} INFO - [2026-07-02T16:51:53.939+0000] {dag.py:3089} INFO - Sync 1 DAGs
[2026-07-02T16:51:53.949+0000] {logging_mixin.py:188} INFO - [2026-07-02T16:51:53.949+0000] {dag.py:3947} INFO - Setting next_dagrun for example_sensors to None, run_after=None
[2026-07-02T16:51:53.967+0000] {processor.py:183} INFO - Processing /usr/local/python/3.12.1/lib/python3.12/site-packages/airflow/example_dags/example_sensors.py took 0.057 seconds
[2026-07-02T16:52:55.769+0000] {processor.py:161} INFO - Started process (PID=156185) to work on /usr/local/python/3.12.1/lib/python3.12/site-packages/airflow/example_dags/example_sensors.py
[2026-07-02T16:52:55.769+0000] {processor.py:830} INFO - Processing file /usr/local/python/3.12.1/lib/python3.12/site-packages/airflow/example_dags/example_sensors.py for tasks to queue
[2026-07-02T16:52:55.771+0000] {logging_mixin.py:188} INFO - [2026-07-02T16:52:55.771+0000] {dagbag.py:545} INFO - Filling up the DagBag from /usr/local/python/3.12.1/lib/python3.12/site-packages/airflow/example_dags/example_sensors.py
[2026-07-02T16:52:55.780+0000] {processor.py:840} INFO - DAG(s) 'example_sensors' retrieved from /usr/local/python/3.12.1/lib/python3.12/site-packages/airflow/example_dags/example_sensors.py
[2026-07-02T16:52:55.801+0000] {logging_mixin.py:188} INFO - [2026-07-02T16:52:55.801+0000] {dag.py:3089} INFO - Sync 1 DAGs
[2026-07-02T16:52:55.810+0000] {logging_mixin.py:188} INFO - [2026-07-02T16:52:55.810+0000] {dag.py:3947} INFO - Setting next_dagrun for example_sensors to None, run_after=None
[2026-07-02T16:52:55.825+0000] {processor.py:183} INFO - Processing /usr/local/python/3.12.1/lib/python3.12/site-packages/airflow/example_dags/example_sensors.py took 0.061 seconds
[2026-07-02T16:53:39.666+0000] {processor.py:161} INFO - Started process (PID=156658) to work on /usr/local/python/3.12.1/lib/python3.12/site-packages/airflow/example_dags/example_sensors.py
[2026-07-02T16:53:39.667+0000] {processor.py:830} INFO - Processing file /usr/local/python/3.12.1/lib/python3.12/site-packages/airflow/example_dags/example_sensors.py for tasks to queue
[2026-07-02T16:53:39.669+0000] {logging_mixin.py:188} INFO - [2026-07-02T16:53:39.668+0000] {dagbag.py:545} INFO - Filling up the DagBag from /usr/local/python/3.12.1/lib/python3.12/site-packages/airflow/example_dags/example_sensors.py
[2026-07-02T16:53:39.677+0000] {processor.py:840} INFO - DAG(s) 'example_sensors' retrieved from /usr/local/python/3.12.1/lib/python3.12/site-packages/airflow/example_dags/example_sensors.py
[2026-07-02T16:53:39.699+0000] {logging_mixin.py:188} INFO - [2026-07-02T16:53:39.699+0000] {dag.py:3089} INFO - Sync 1 DAGs
[2026-07-02T16:53:39.708+0000] {logging_mixin.py:188} INFO - [2026-07-02T16:53:39.707+0000] {dag.py:3947} INFO - Setting next_dagrun for example_sensors to None, run_after=None
[2026-07-02T16:53:39.725+0000] {processor.py:183} INFO - Processing /usr/local/python/3.12.1/lib/python3.12/site-packages/airflow/example_dags/example_sensors.py took 0.063 seconds
[2026-07-02T16:54:32.638+0000] {processor.py:161} INFO - Started process (PID=157217) to work on /usr/local/python/3.12.1/lib/python3.12/site-packages/airflow/example_dags/example_sensors.py
[2026-07-02T16:54:32.638+0000] {processor.py:830} INFO - Processing file /usr/local/python/3.12.1/lib/python3.12/site-packages/airflow/example_dags/example_sensors.py for tasks to queue
[2026-07-02T16:54:32.640+0000] {logging_mixin.py:188} INFO - [2026-07-02T16:54:32.640+0000] {dagbag.py:545} INFO - Filling up the DagBag from /usr/local/python/3.12.1/lib/python3.12/site-packages/airflow/example_dags/example_sensors.py
[2026-07-02T16:54:32.649+0000] {processor.py:840} INFO - DAG(s) 'example_sensors' retrieved from /usr/local/python/3.12.1/lib/python3.12/site-packages/airflow/example_dags/example_sensors.py
[2026-07-02T16:54:32.665+0000] {logging_mixin.py:188} INFO - [2026-07-02T16:54:32.665+0000] {dag.py:3089} INFO - Sync 1 DAGs
[2026-07-02T16:54:32.674+0000] {logging_mixin.py:188} INFO - [2026-07-02T16:54:32.674+0000] {dag.py:3947} INFO - Setting next_dagrun for example_sensors to None, run_after=None
[2026-07-02T16:54:32.696+0000] {processor.py:183} INFO - Processing /usr/local/python/3.12.1/lib/python3.12/site-packages/airflow/example_dags/example_sensors.py took 0.064 seconds
[2026-07-02T16:55:31.727+0000] {processor.py:161} INFO - Started process (PID=157860) to work on /usr/local/python/3.12.1/lib/python3.12/site-packages/airflow/example_dags/example_sensors.py
[2026-07-02T16:55:31.728+0000] {processor.py:830} INFO - Processing file /usr/local/python/3.12.1/lib/python3.12/site-packages/airflow/example_dags/example_sensors.py for tasks to queue
[2026-07-02T16:55:31.729+0000] {logging_mixin.py:188} INFO - [2026-07-02T16:55:31.729+0000] {dagbag.py:545} INFO - Filling up the DagBag from /usr/local/python/3.12.1/lib/python3.12/site-packages/airflow/example_dags/example_sensors.py
[2026-07-02T16:55:31.737+0000] {processor.py:840} INFO - DAG(s) 'example_sensors' retrieved from /usr/local/python/3.12.1/lib/python3.12/site-packages/airflow/example_dags/example_sensors.py
[2026-07-02T16:55:31.753+0000] {logging_mixin.py:188} INFO - [2026-07-02T16:55:31.753+0000] {dag.py:3089} INFO - Sync 1 DAGs
[2026-07-02T16:55:31.762+0000] {logging_mixin.py:188} INFO - [2026-07-02T16:55:31.762+0000] {dag.py:3947} INFO - Setting next_dagrun for example_sensors to None, run_after=None
[2026-07-02T16:55:31.780+0000] {processor.py:183} INFO - Processing /usr/local/python/3.12.1/lib/python3.12/site-packages/airflow/example_dags/example_sensors.py took 0.057 seconds
[2026-07-02T16:56:33.162+0000] {processor.py:161} INFO - Started process (PID=158509) to work on /usr/local/python/3.12.1/lib/python3.12/site-packages/airflow/example_dags/example_sensors.py
[2026-07-02T16:56:33.163+0000] {processor.py:830} INFO - Processing file /usr/local/python/3.12.1/lib/python3.12/site-packages/airflow/example_dags/example_sensors.py for tasks to queue
[2026-07-02T16:56:33.164+0000] {logging_mixin.py:188} INFO - [2026-07-02T16:56:33.164+0000] {dagbag.py:545} INFO - Filling up the DagBag from /usr/local/python/3.12.1/lib/python3.12/site-packages/airflow/example_dags/example_sensors.py
[2026-07-02T16:56:33.171+0000] {processor.py:840} INFO - DAG(s) 'example_sensors' retrieved from /usr/local/python/3.12.1/lib/python3.12/site-packages/airflow/example_dags/example_sensors.py
[2026-07-02T16:56:33.194+0000] {logging_mixin.py:188} INFO - [2026-07-02T16:56:33.193+0000] {dag.py:3089} INFO - Sync 1 DAGs
[2026-07-02T16:56:33.203+0000] {logging_mixin.py:188} INFO - [2026-07-02T16:56:33.203+0000] {dag.py:3947} INFO - Setting next_dagrun for example_sensors to None, run_after=None
[2026-07-02T16:56:33.220+0000] {processor.py:183} INFO - Processing /usr/local/python/3.12.1/lib/python3.12/site-packages/airflow/example_dags/example_sensors.py took 0.063 seconds
[2026-07-02T16:57:36.112+0000] {processor.py:161} INFO - Started process (PID=159176) to work on /usr/local/python/3.12.1/lib/python3.12/site-packages/airflow/example_dags/example_sensors.py
[2026-07-02T16:57:36.112+0000] {processor.py:830} INFO - Processing file /usr/local/python/3.12.1/lib/python3.12/site-packages/airflow/example_dags/example_sensors.py for tasks to queue
[2026-07-02T16:57:36.114+0000] {logging_mixin.py:188} INFO - [2026-07-02T16:57:36.114+0000] {dagbag.py:545} INFO - Filling up the DagBag from /usr/local/python/3.12.1/lib/python3.12/site-packages/airflow/example_dags/example_sensors.py
[2026-07-02T16:57:36.121+0000] {processor.py:840} INFO - DAG(s) 'example_sensors' retrieved from /usr/local/python/3.12.1/lib/python3.12/site-packages/airflow/example_dags/example_sensors.py
[2026-07-02T16:57:36.137+0000] {logging_mixin.py:188} INFO - [2026-07-02T16:57:36.137+0000] {dag.py:3089} INFO - Sync 1 DAGs
[2026-07-02T16:57:36.147+0000] {logging_mixin.py:188} INFO - [2026-07-02T16:57:36.146+0000] {dag.py:3947} INFO - Setting next_dagrun for example_sensors to None, run_after=None
[2026-07-02T16:57:36.167+0000] {processor.py:183} INFO - Processing /usr/local/python/3.12.1/lib/python3.12/site-packages/airflow/example_dags/example_sensors.py took 0.061 seconds
[2026-07-02T16:58:40.438+0000] {processor.py:161} INFO - Started process (PID=159869) to work on /usr/local/python/3.12.1/lib/python3.12/site-packages/airflow/example_dags/example_sensors.py
[2026-07-02T16:58:40.439+0000] {processor.py:830} INFO - Processing file /usr/local/python/3.12.1/lib/python3.12/site-packages/airflow/example_dags/example_sensors.py for tasks to queue
[2026-07-02T16:58:40.441+0000] {logging_mixin.py:188} INFO - [2026-07-02T16:58:40.440+0000] {dagbag.py:545} INFO - Filling up the DagBag from /usr/local/python/3.12.1/lib/python3.12/site-packages/airflow/example_dags/example_sensors.py
[2026-07-02T16:58:40.448+0000] {processor.py:840} INFO - DAG(s) 'example_sensors' retrieved from /usr/local/python/3.12.1/lib/python3.12/site-packages/airflow/example_dags/example_sensors.py
[2026-07-02T16:58:40.465+0000] {logging_mixin.py:188} INFO - [2026-07-02T16:58:40.465+0000] {dag.py:3089} INFO - Sync 1 DAGs
[2026-07-02T16:58:40.474+0000] {logging_mixin.py:188} INFO - [2026-07-02T16:58:40.474+0000] {dag.py:3947} INFO - Setting next_dagrun for example_sensors to None, run_after=None
[2026-07-02T16:58:40.500+0000] {processor.py:183} INFO - Processing /usr/local/python/3.12.1/lib/python3.12/site-packages/airflow/example_dags/example_sensors.py took 0.067 seconds
[2026-07-02T16:59:38.965+0000] {processor.py:161} INFO - Started process (PID=160482) to work on /usr/local/python/3.12.1/lib/python3.12/site-packages/airflow/example_dags/example_sensors.py
[2026-07-02T16:59:38.966+0000] {processor.py:830} INFO - Processing file /usr/local/python/3.12.1/lib/python3.12/site-packages/airflow/example_dags/example_sensors.py for tasks to queue
[2026-07-02T16:59:38.967+0000] {logging_mixin.py:188} INFO - [2026-07-02T16:59:38.967+0000] {dagbag.py:545} INFO - Filling up the DagBag from /usr/local/python/3.12.1/lib/python3.12/site-packages/airflow/example_dags/example_sensors.py
[2026-07-02T16:59:38.975+0000] {processor.py:840} INFO - DAG(s) 'example_sensors' retrieved from /usr/local/python/3.12.1/lib/python3.12/site-packages/airflow/example_dags/example_sensors.py
[2026-07-02T16:59:38.997+0000] {logging_mixin.py:188} INFO - [2026-07-02T16:59:38.997+0000] {dag.py:3089} INFO - Sync 1 DAGs
[2026-07-02T16:59:39.008+0000] {logging_mixin.py:188} INFO - [2026-07-02T16:59:39.008+0000] {dag.py:3947} INFO - Setting next_dagrun for example_sensors to None, run_after=None
[2026-07-02T16:59:39.029+0000] {processor.py:183} INFO - Processing /usr/local/python/3.12.1/lib/python3.12/site-packages/airflow/example_dags/example_sensors.py took 0.070 seconds
[2026-07-02T17:00:41.093+0000] {processor.py:161} INFO - Started process (PID=161141) to work on /usr/local/python/3.12.1/lib/python3.12/site-packages/airflow/example_dags/example_sensors.py
[2026-07-02T17:00:41.094+0000] {processor.py:830} INFO - Processing file /usr/local/python/3.12.1/lib/python3.12/site-packages/airflow/example_dags/example_sensors.py for tasks to queue
[2026-07-02T17:00:41.095+0000] {logging_mixin.py:188} INFO - [2026-07-02T17:00:41.095+0000] {dagbag.py:545} INFO - Filling up the DagBag from /usr/local/python/3.12.1/lib/python3.12/site-packages/airflow/example_dags/example_sensors.py
[2026-07-02T17:00:41.103+0000] {processor.py:840} INFO - DAG(s) 'example_sensors' retrieved from /usr/local/python/3.12.1/lib/python3.12/site-packages/airflow/example_dags/example_sensors.py
[2026-07-02T17:00:41.119+0000] {logging_mixin.py:188} INFO - [2026-07-02T17:00:41.119+0000] {dag.py:3089} INFO - Sync 1 DAGs
[2026-07-02T17:00:41.128+0000] {logging_mixin.py:188} INFO - [2026-07-02T17:00:41.128+0000] {dag.py:3947} INFO - Setting next_dagrun for example_sensors to None, run_after=None
[2026-07-02T17:00:41.147+0000] {processor.py:183} INFO - Processing /usr/local/python/3.12.1/lib/python3.12/site-packages/airflow/example_dags/example_sensors.py took 0.060 seconds
[2026-07-02T17:01:43.671+0000] {processor.py:161} INFO - Started process (PID=161817) to work on /usr/local/python/3.12.1/lib/python3.12/site-packages/airflow/example_dags/example_sensors.py
[2026-07-02T17:01:43.672+0000] {processor.py:830} INFO - Processing file /usr/local/python/3.12.1/lib/python3.12/site-packages/airflow/example_dags/example_sensors.py for tasks to queue
[2026-07-02T17:01:43.674+0000] {logging_mixin.py:188} INFO - [2026-07-02T17:01:43.673+0000] {dagbag.py:545} INFO - Filling up the DagBag from /usr/local/python/3.12.1/lib/python3.12/site-packages/airflow/example_dags/example_sensors.py
[2026-07-02T17:01:43.683+0000] {processor.py:840} INFO - DAG(s) 'example_sensors' retrieved from /usr/local/python/3.12.1/lib/python3.12/site-packages/airflow/example_dags/example_sensors.py
[2026-07-02T17:01:43.701+0000] {logging_mixin.py:188} INFO - [2026-07-02T17:01:43.701+0000] {dag.py:3089} INFO - Sync 1 DAGs
[2026-07-02T17:01:43.711+0000] {logging_mixin.py:188} INFO - [2026-07-02T17:01:43.710+0000] {dag.py:3947} INFO - Setting next_dagrun for example_sensors to None, run_after=None
[2026-07-02T17:01:43.728+0000] {processor.py:183} INFO - Processing /usr/local/python/3.12.1/lib/python3.12/site-packages/airflow/example_dags/example_sensors.py took 0.061 seconds
[2026-07-02T17:02:49.544+0000] {processor.py:161} INFO - Started process (PID=162489) to work on /usr/local/python/3.12.1/lib/python3.12/site-packages/airflow/example_dags/example_sensors.py
[2026-07-02T17:02:49.545+0000] {processor.py:830} INFO - Processing file /usr/local/python/3.12.1/lib/python3.12/site-packages/airflow/example_dags/example_sensors.py for tasks to queue
[2026-07-02T17:02:49.547+0000] {logging_mixin.py:188} INFO - [2026-07-02T17:02:49.547+0000] {dagbag.py:545} INFO - Filling up the DagBag from /usr/local/python/3.12.1/lib/python3.12/site-packages/airflow/example_dags/example_sensors.py
[2026-07-02T17:02:49.560+0000] {processor.py:840} INFO - DAG(s) 'example_sensors' retrieved from /usr/local/python/3.12.1/lib/python3.12/site-packages/airflow/example_dags/example_sensors.py
[2026-07-02T17:02:49.588+0000] {logging_mixin.py:188} INFO - [2026-07-02T17:02:49.588+0000] {dag.py:3089} INFO - Sync 1 DAGs
[2026-07-02T17:02:49.600+0000] {logging_mixin.py:188} INFO - [2026-07-02T17:02:49.600+0000] {dag.py:3947} INFO - Setting next_dagrun for example_sensors to None, run_after=None
[2026-07-02T17:02:49.619+0000] {processor.py:183} INFO - Processing /usr/local/python/3.12.1/lib/python3.12/site-packages/airflow/example_dags/example_sensors.py took 0.082 seconds
[2026-07-02T17:03:53.614+0000] {processor.py:161} INFO - Started process (PID=163153) to work on /usr/local/python/3.12.1/lib/python3.12/site-packages/airflow/example_dags/example_sensors.py
[2026-07-02T17:03:53.615+0000] {processor.py:830} INFO - Processing file /usr/local/python/3.12.1/lib/python3.12/site-packages/airflow/example_dags/example_sensors.py for tasks to queue
[2026-07-02T17:03:53.617+0000] {logging_mixin.py:188} INFO - [2026-07-02T17:03:53.616+0000] {dagbag.py:545} INFO - Filling up the DagBag from /usr/local/python/3.12.1/lib/python3.12/site-packages/airflow/example_dags/example_sensors.py
[2026-07-02T17:03:53.624+0000] {processor.py:840} INFO - DAG(s) 'example_sensors' retrieved from /usr/local/python/3.12.1/lib/python3.12/site-packages/airflow/example_dags/example_sensors.py
[2026-07-02T17:03:53.640+0000] {logging_mixin.py:188} INFO - [2026-07-02T17:03:53.639+0000] {dag.py:3089} INFO - Sync 1 DAGs
[2026-07-02T17:03:53.649+0000] {logging_mixin.py:188} INFO - [2026-07-02T17:03:53.648+0000] {dag.py:3947} INFO - Setting next_dagrun for example_sensors to None, run_after=None
[2026-07-02T17:03:53.666+0000] {processor.py:183} INFO - Processing /usr/local/python/3.12.1/lib/python3.12/site-packages/airflow/example_dags/example_sensors.py took 0.056 seconds
[2026-07-02T17:04:55.584+0000] {processor.py:161} INFO - Started process (PID=163817) to work on /usr/local/python/3.12.1/lib/python3.12/site-packages/airflow/example_dags/example_sensors.py
[2026-07-02T17:04:55.585+0000] {processor.py:830} INFO - Processing file /usr/local/python/3.12.1/lib/python3.12/site-packages/airflow/example_dags/example_sensors.py for tasks to queue
[2026-07-02T17:04:55.587+0000] {logging_mixin.py:188} INFO - [2026-07-02T17:04:55.587+0000] {dagbag.py:545} INFO - Filling up the DagBag from /usr/local/python/3.12.1/lib/python3.12/site-packages/airflow/example_dags/example_sensors.py
[2026-07-02T17:04:55.601+0000] {processor.py:840} INFO - DAG(s) 'example_sensors' retrieved from /usr/local/python/3.12.1/lib/python3.12/site-packages/airflow/example_dags/example_sensors.py
[2026-07-02T17:04:55.618+0000] {logging_mixin.py:188} INFO - [2026-07-02T17:04:55.618+0000] {dag.py:3089} INFO - Sync 1 DAGs
[2026-07-02T17:04:55.627+0000] {logging_mixin.py:188} INFO - [2026-07-02T17:04:55.627+0000] {dag.py:3947} INFO - Setting next_dagrun for example_sensors to None, run_after=None
[2026-07-02T17:04:55.644+0000] {processor.py:183} INFO - Processing /usr/local/python/3.12.1/lib/python3.12/site-packages/airflow/example_dags/example_sensors.py took 0.067 seconds
[2026-07-02T17:05:40.280+0000] {processor.py:161} INFO - Started process (PID=164297) to work on /usr/local/python/3.12.1/lib/python3.12/site-packages/airflow/example_dags/example_sensors.py
[2026-07-02T17:05:40.282+0000] {processor.py:830} INFO - Processing file /usr/local/python/3.12.1/lib/python3.12/site-packages/airflow/example_dags/example_sensors.py for tasks to queue
[2026-07-02T17:05:40.284+0000] {logging_mixin.py:188} INFO - [2026-07-02T17:05:40.284+0000] {dagbag.py:545} INFO - Filling up the DagBag from /usr/local/python/3.12.1/lib/python3.12/site-packages/airflow/example_dags/example_sensors.py
[2026-07-02T17:05:40.299+0000] {processor.py:840} INFO - DAG(s) 'example_sensors' retrieved from /usr/local/python/3.12.1/lib/python3.12/site-packages/airflow/example_dags/example_sensors.py
[2026-07-02T17:05:40.322+0000] {logging_mixin.py:188} INFO - [2026-07-02T17:05:40.322+0000] {dag.py:3089} INFO - Sync 1 DAGs
[2026-07-02T17:05:40.331+0000] {logging_mixin.py:188} INFO - [2026-07-02T17:05:40.331+0000] {dag.py:3947} INFO - Setting next_dagrun for example_sensors to None, run_after=None
[2026-07-02T17:05:40.348+0000] {processor.py:183} INFO - Processing /usr/local/python/3.12.1/lib/python3.12/site-packages/airflow/example_dags/example_sensors.py took 0.076 seconds
[2026-07-02T17:06:42.483+0000] {processor.py:161} INFO - Started process (PID=164962) to work on /usr/local/python/3.12.1/lib/python3.12/site-packages/airflow/example_dags/example_sensors.py
[2026-07-02T17:06:42.484+0000] {processor.py:830} INFO - Processing file /usr/local/python/3.12.1/lib/python3.12/site-packages/airflow/example_dags/example_sensors.py for tasks to queue
[2026-07-02T17:06:42.486+0000] {logging_mixin.py:188} INFO - [2026-07-02T17:06:42.486+0000] {dagbag.py:545} INFO - Filling up the DagBag from /usr/local/python/3.12.1/lib/python3.12/site-packages/airflow/example_dags/example_sensors.py
[2026-07-02T17:06:42.496+0000] {processor.py:840} INFO - DAG(s) 'example_sensors' retrieved from /usr/local/python/3.12.1/lib/python3.12/site-packages/airflow/example_dags/example_sensors.py
[2026-07-02T17:06:42.512+0000] {logging_mixin.py:188} INFO - [2026-07-02T17:06:42.512+0000] {dag.py:3089} INFO - Sync 1 DAGs
[2026-07-02T17:06:42.522+0000] {logging_mixin.py:188} INFO - [2026-07-02T17:06:42.521+0000] {dag.py:3947} INFO - Setting next_dagrun for example_sensors to None, run_after=None
[2026-07-02T17:06:42.538+0000] {processor.py:183} INFO - Processing /usr/local/python/3.12.1/lib/python3.12/site-packages/airflow/example_dags/example_sensors.py took 0.061 seconds
[2026-07-02T17:07:44.204+0000] {processor.py:161} INFO - Started process (PID=165624) to work on /usr/local/python/3.12.1/lib/python3.12/site-packages/airflow/example_dags/example_sensors.py
[2026-07-02T17:07:44.205+0000] {processor.py:830} INFO - Processing file /usr/local/python/3.12.1/lib/python3.12/site-packages/airflow/example_dags/example_sensors.py for tasks to queue
[2026-07-02T17:07:44.206+0000] {logging_mixin.py:188} INFO - [2026-07-02T17:07:44.206+0000] {dagbag.py:545} INFO - Filling up the DagBag from /usr/local/python/3.12.1/lib/python3.12/site-packages/airflow/example_dags/example_sensors.py
[2026-07-02T17:07:44.213+0000] {processor.py:840} INFO - DAG(s) 'example_sensors' retrieved from /usr/local/python/3.12.1/lib/python3.12/site-packages/airflow/example_dags/example_sensors.py
[2026-07-02T17:07:44.231+0000] {logging_mixin.py:188} INFO - [2026-07-02T17:07:44.230+0000] {dag.py:3089} INFO - Sync 1 DAGs
[2026-07-02T17:07:44.240+0000] {logging_mixin.py:188} INFO - [2026-07-02T17:07:44.240+0000] {dag.py:3947} INFO - Setting next_dagrun for example_sensors to None, run_after=None
[2026-07-02T17:07:44.258+0000] {processor.py:183} INFO - Processing /usr/local/python/3.12.1/lib/python3.12/site-packages/airflow/example_dags/example_sensors.py took 0.059 seconds
[2026-07-02T17:08:28.999+0000] {processor.py:161} INFO - Started process (PID=166098) to work on /usr/local/python/3.12.1/lib/python3.12/site-packages/airflow/example_dags/example_sensors.py
[2026-07-02T17:08:29.000+0000] {processor.py:830} INFO - Processing file /usr/local/python/3.12.1/lib/python3.12/site-packages/airflow/example_dags/example_sensors.py for tasks to queue
[2026-07-02T17:08:29.002+0000] {logging_mixin.py:188} INFO - [2026-07-02T17:08:29.001+0000] {dagbag.py:545} INFO - Filling up the DagBag from /usr/local/python/3.12.1/lib/python3.12/site-packages/airflow/example_dags/example_sensors.py
[2026-07-02T17:08:29.010+0000] {processor.py:840} INFO - DAG(s) 'example_sensors' retrieved from /usr/local/python/3.12.1/lib/python3.12/site-packages/airflow/example_dags/example_sensors.py
[2026-07-02T17:08:29.026+0000] {logging_mixin.py:188} INFO - [2026-07-02T17:08:29.026+0000] {dag.py:3089} INFO - Sync 1 DAGs
[2026-07-02T17:08:29.035+0000] {logging_mixin.py:188} INFO - [2026-07-02T17:08:29.035+0000] {dag.py:3947} INFO - Setting next_dagrun for example_sensors to None, run_after=None
[2026-07-02T17:08:29.053+0000] {processor.py:183} INFO - Processing /usr/local/python/3.12.1/lib/python3.12/site-packages/airflow/example_dags/example_sensors.py took 0.059 seconds
[2026-07-02T17:09:15.623+0000] {processor.py:161} INFO - Started process (PID=166580) to work on /usr/local/python/3.12.1/lib/python3.12/site-packages/airflow/example_dags/example_sensors.py
[2026-07-02T17:09:15.624+0000] {processor.py:830} INFO - Processing file /usr/local/python/3.12.1/lib/python3.12/site-packages/airflow/example_dags/example_sensors.py for tasks to queue
[2026-07-02T17:09:15.626+0000] {logging_mixin.py:188} INFO - [2026-07-02T17:09:15.626+0000] {dagbag.py:545} INFO - Filling up the DagBag from /usr/local/python/3.12.1/lib/python3.12/site-packages/airflow/example_dags/example_sensors.py
[2026-07-02T17:09:15.633+0000] {processor.py:840} INFO - DAG(s) 'example_sensors' retrieved from /usr/local/python/3.12.1/lib/python3.12/site-packages/airflow/example_dags/example_sensors.py
[2026-07-02T17:09:15.649+0000] {logging_mixin.py:188} INFO - [2026-07-02T17:09:15.649+0000] {dag.py:3089} INFO - Sync 1 DAGs
[2026-07-02T17:09:15.658+0000] {logging_mixin.py:188} INFO - [2026-07-02T17:09:15.658+0000] {dag.py:3947} INFO - Setting next_dagrun for example_sensors to None, run_after=None
[2026-07-02T17:09:15.774+0000] {processor.py:183} INFO - Processing /usr/local/python/3.12.1/lib/python3.12/site-packages/airflow/example_dags/example_sensors.py took 0.157 seconds
[2026-07-02T17:10:01.777+0000] {processor.py:161} INFO - Started process (PID=167084) to work on /usr/local/python/3.12.1/lib/python3.12/site-packages/airflow/example_dags/example_sensors.py
[2026-07-02T17:10:01.778+0000] {processor.py:830} INFO - Processing file /usr/local/python/3.12.1/lib/python3.12/site-packages/airflow/example_dags/example_sensors.py for tasks to queue
[2026-07-02T17:10:01.780+0000] {logging_mixin.py:188} INFO - [2026-07-02T17:10:01.780+0000] {dagbag.py:545} INFO - Filling up the DagBag from /usr/local/python/3.12.1/lib/python3.12/site-packages/airflow/example_dags/example_sensors.py
[2026-07-02T17:10:01.790+0000] {processor.py:840} INFO - DAG(s) 'example_sensors' retrieved from /usr/local/python/3.12.1/lib/python3.12/site-packages/airflow/example_dags/example_sensors.py
[2026-07-02T17:10:01.810+0000] {logging_mixin.py:188} INFO - [2026-07-02T17:10:01.810+0000] {dag.py:3089} INFO - Sync 1 DAGs
[2026-07-02T17:10:01.820+0000] {logging_mixin.py:188} INFO - [2026-07-02T17:10:01.819+0000] {dag.py:3947} INFO - Setting next_dagrun for example_sensors to None, run_after=None
[2026-07-02T17:10:01.838+0000] {processor.py:183} INFO - Processing /usr/local/python/3.12.1/lib/python3.12/site-packages/airflow/example_dags/example_sensors.py took 0.066 seconds
[2026-07-02T17:10:45.830+0000] {processor.py:161} INFO - Started process (PID=167561) to work on /usr/local/python/3.12.1/lib/python3.12/site-packages/airflow/example_dags/example_sensors.py
[2026-07-02T17:10:45.831+0000] {processor.py:830} INFO - Processing file /usr/local/python/3.12.1/lib/python3.12/site-packages/airflow/example_dags/example_sensors.py for tasks to queue
[2026-07-02T17:10:45.833+0000] {logging_mixin.py:188} INFO - [2026-07-02T17:10:45.832+0000] {dagbag.py:545} INFO - Filling up the DagBag from /usr/local/python/3.12.1/lib/python3.12/site-packages/airflow/example_dags/example_sensors.py
[2026-07-02T17:10:45.840+0000] {processor.py:840} INFO - DAG(s) 'example_sensors' retrieved from /usr/local/python/3.12.1/lib/python3.12/site-packages/airflow/example_dags/example_sensors.py
[2026-07-02T17:10:45.856+0000] {logging_mixin.py:188} INFO - [2026-07-02T17:10:45.856+0000] {dag.py:3089} INFO - Sync 1 DAGs
[2026-07-02T17:10:45.865+0000] {logging_mixin.py:188} INFO - [2026-07-02T17:10:45.865+0000] {dag.py:3947} INFO - Setting next_dagrun for example_sensors to None, run_after=None
[2026-07-02T17:10:45.886+0000] {processor.py:183} INFO - Processing /usr/local/python/3.12.1/lib/python3.12/site-packages/airflow/example_dags/example_sensors.py took 0.060 seconds
[2026-07-02T17:11:32.641+0000] {processor.py:161} INFO - Started process (PID=168061) to work on /usr/local/python/3.12.1/lib/python3.12/site-packages/airflow/example_dags/example_sensors.py
[2026-07-02T17:11:32.642+0000] {processor.py:830} INFO - Processing file /usr/local/python/3.12.1/lib/python3.12/site-packages/airflow/example_dags/example_sensors.py for tasks to queue
[2026-07-02T17:11:32.645+0000] {logging_mixin.py:188} INFO - [2026-07-02T17:11:32.644+0000] {dagbag.py:545} INFO - Filling up the DagBag from /usr/local/python/3.12.1/lib/python3.12/site-packages/airflow/example_dags/example_sensors.py
[2026-07-02T17:11:32.662+0000] {processor.py:840} INFO - DAG(s) 'example_sensors' retrieved from /usr/local/python/3.12.1/lib/python3.12/site-packages/airflow/example_dags/example_sensors.py
[2026-07-02T17:11:32.696+0000] {logging_mixin.py:188} INFO - [2026-07-02T17:11:32.695+0000] {dag.py:3089} INFO - Sync 1 DAGs
[2026-07-02T17:11:32.714+0000] {logging_mixin.py:188} INFO - [2026-07-02T17:11:32.713+0000] {dag.py:3947} INFO - Setting next_dagrun for example_sensors to None, run_after=None
[2026-07-02T17:11:32.838+0000] {processor.py:183} INFO - Processing /usr/local/python/3.12.1/lib/python3.12/site-packages/airflow/example_dags/example_sensors.py took 0.208 seconds
[2026-07-02T17:12:17.118+0000] {processor.py:161} INFO - Started process (PID=168518) to work on /usr/local/python/3.12.1/lib/python3.12/site-packages/airflow/example_dags/example_sensors.py
[2026-07-02T17:12:17.119+0000] {processor.py:830} INFO - Processing file /usr/local/python/3.12.1/lib/python3.12/site-packages/airflow/example_dags/example_sensors.py for tasks to queue
[2026-07-02T17:12:17.121+0000] {logging_mixin.py:188} INFO - [2026-07-02T17:12:17.120+0000] {dagbag.py:545} INFO - Filling up the DagBag from /usr/local/python/3.12.1/lib/python3.12/site-packages/airflow/example_dags/example_sensors.py
[2026-07-02T17:12:17.128+0000] {processor.py:840} INFO - DAG(s) 'example_sensors' retrieved from /usr/local/python/3.12.1/lib/python3.12/site-packages/airflow/example_dags/example_sensors.py
[2026-07-02T17:12:17.144+0000] {logging_mixin.py:188} INFO - [2026-07-02T17:12:17.144+0000] {dag.py:3089} INFO - Sync 1 DAGs
[2026-07-02T17:12:17.153+0000] {logging_mixin.py:188} INFO - [2026-07-02T17:12:17.153+0000] {dag.py:3947} INFO - Setting next_dagrun for example_sensors to None, run_after=None
[2026-07-02T17:12:17.171+0000] {processor.py:183} INFO - Processing /usr/local/python/3.12.1/lib/python3.12/site-packages/airflow/example_dags/example_sensors.py took 0.057 seconds
[2026-07-02T17:13:17.070+0000] {processor.py:161} INFO - Started process (PID=169189) to work on /usr/local/python/3.12.1/lib/python3.12/site-packages/airflow/example_dags/example_sensors.py
[2026-07-02T17:13:17.072+0000] {processor.py:830} INFO - Processing file /usr/local/python/3.12.1/lib/python3.12/site-packages/airflow/example_dags/example_sensors.py for tasks to queue
[2026-07-02T17:13:17.074+0000] {logging_mixin.py:188} INFO - [2026-07-02T17:13:17.073+0000] {dagbag.py:545} INFO - Filling up the DagBag from /usr/local/python/3.12.1/lib/python3.12/site-packages/airflow/example_dags/example_sensors.py
[2026-07-02T17:13:17.084+0000] {processor.py:840} INFO - DAG(s) 'example_sensors' retrieved from /usr/local/python/3.12.1/lib/python3.12/site-packages/airflow/example_dags/example_sensors.py
[2026-07-02T17:13:17.103+0000] {logging_mixin.py:188} INFO - [2026-07-02T17:13:17.102+0000] {dag.py:3089} INFO - Sync 1 DAGs
[2026-07-02T17:13:17.111+0000] {logging_mixin.py:188} INFO - [2026-07-02T17:13:17.111+0000] {dag.py:3947} INFO - Setting next_dagrun for example_sensors to None, run_after=None
[2026-07-02T17:13:17.128+0000] {processor.py:183} INFO - Processing /usr/local/python/3.12.1/lib/python3.12/site-packages/airflow/example_dags/example_sensors.py took 0.063 seconds
[2026-07-02T17:14:20.906+0000] {processor.py:161} INFO - Started process (PID=169853) to work on /usr/local/python/3.12.1/lib/python3.12/site-packages/airflow/example_dags/example_sensors.py
[2026-07-02T17:14:20.907+0000] {processor.py:830} INFO - Processing file /usr/local/python/3.12.1/lib/python3.12/site-packages/airflow/example_dags/example_sensors.py for tasks to queue
[2026-07-02T17:14:20.909+0000] {logging_mixin.py:188} INFO - [2026-07-02T17:14:20.909+0000] {dagbag.py:545} INFO - Filling up the DagBag from /usr/local/python/3.12.1/lib/python3.12/site-packages/airflow/example_dags/example_sensors.py
[2026-07-02T17:14:20.916+0000] {processor.py:840} INFO - DAG(s) 'example_sensors' retrieved from /usr/local/python/3.12.1/lib/python3.12/site-packages/airflow/example_dags/example_sensors.py
[2026-07-02T17:14:20.932+0000] {logging_mixin.py:188} INFO - [2026-07-02T17:14:20.932+0000] {dag.py:3089} INFO - Sync 1 DAGs
[2026-07-02T17:14:20.941+0000] {logging_mixin.py:188} INFO - [2026-07-02T17:14:20.940+0000] {dag.py:3947} INFO - Setting next_dagrun for example_sensors to None, run_after=None
[2026-07-02T17:14:20.957+0000] {processor.py:183} INFO - Processing /usr/local/python/3.12.1/lib/python3.12/site-packages/airflow/example_dags/example_sensors.py took 0.058 seconds
[2026-07-02T17:15:04.547+0000] {processor.py:161} INFO - Started process (PID=170341) to work on /usr/local/python/3.12.1/lib/python3.12/site-packages/airflow/example_dags/example_sensors.py
[2026-07-02T17:15:04.548+0000] {processor.py:830} INFO - Processing file /usr/local/python/3.12.1/lib/python3.12/site-packages/airflow/example_dags/example_sensors.py for tasks to queue
[2026-07-02T17:15:04.549+0000] {logging_mixin.py:188} INFO - [2026-07-02T17:15:04.549+0000] {dagbag.py:545} INFO - Filling up the DagBag from /usr/local/python/3.12.1/lib/python3.12/site-packages/airflow/example_dags/example_sensors.py
[2026-07-02T17:15:04.556+0000] {processor.py:840} INFO - DAG(s) 'example_sensors' retrieved from /usr/local/python/3.12.1/lib/python3.12/site-packages/airflow/example_dags/example_sensors.py
[2026-07-02T17:15:04.572+0000] {logging_mixin.py:188} INFO - [2026-07-02T17:15:04.572+0000] {dag.py:3089} INFO - Sync 1 DAGs
[2026-07-02T17:15:04.584+0000] {logging_mixin.py:188} INFO - [2026-07-02T17:15:04.583+0000] {dag.py:3947} INFO - Setting next_dagrun for example_sensors to None, run_after=None
[2026-07-02T17:15:04.604+0000] {processor.py:183} INFO - Processing /usr/local/python/3.12.1/lib/python3.12/site-packages/airflow/example_dags/example_sensors.py took 0.061 seconds
[2026-07-02T17:16:00.386+0000] {processor.py:161} INFO - Started process (PID=170863) to work on /usr/local/python/3.12.1/lib/python3.12/site-packages/airflow/example_dags/example_sensors.py
[2026-07-02T17:16:00.387+0000] {processor.py:830} INFO - Processing file /usr/local/python/3.12.1/lib/python3.12/site-packages/airflow/example_dags/example_sensors.py for tasks to queue
[2026-07-02T17:16:00.388+0000] {logging_mixin.py:188} INFO - [2026-07-02T17:16:00.388+0000] {dagbag.py:545} INFO - Filling up the DagBag from /usr/local/python/3.12.1/lib/python3.12/site-packages/airflow/example_dags/example_sensors.py
[2026-07-02T17:16:00.395+0000] {processor.py:840} INFO - DAG(s) 'example_sensors' retrieved from /usr/local/python/3.12.1/lib/python3.12/site-packages/airflow/example_dags/example_sensors.py
[2026-07-02T17:16:00.412+0000] {logging_mixin.py:188} INFO - [2026-07-02T17:16:00.412+0000] {dag.py:3089} INFO - Sync 1 DAGs
[2026-07-02T17:16:00.425+0000] {logging_mixin.py:188} INFO - [2026-07-02T17:16:00.425+0000] {dag.py:3947} INFO - Setting next_dagrun for example_sensors to None, run_after=None
[2026-07-02T17:16:00.443+0000] {processor.py:183} INFO - Processing /usr/local/python/3.12.1/lib/python3.12/site-packages/airflow/example_dags/example_sensors.py took 0.062 seconds
[2026-07-02T17:17:01.957+0000] {processor.py:161} INFO - Started process (PID=171532) to work on /usr/local/python/3.12.1/lib/python3.12/site-packages/airflow/example_dags/example_sensors.py
[2026-07-02T17:17:01.957+0000] {processor.py:830} INFO - Processing file /usr/local/python/3.12.1/lib/python3.12/site-packages/airflow/example_dags/example_sensors.py for tasks to queue
[2026-07-02T17:17:01.959+0000] {logging_mixin.py:188} INFO - [2026-07-02T17:17:01.959+0000] {dagbag.py:545} INFO - Filling up the DagBag from /usr/local/python/3.12.1/lib/python3.12/site-packages/airflow/example_dags/example_sensors.py
[2026-07-02T17:17:01.966+0000] {processor.py:840} INFO - DAG(s) 'example_sensors' retrieved from /usr/local/python/3.12.1/lib/python3.12/site-packages/airflow/example_dags/example_sensors.py
[2026-07-02T17:17:01.988+0000] {logging_mixin.py:188} INFO - [2026-07-02T17:17:01.988+0000] {dag.py:3089} INFO - Sync 1 DAGs
[2026-07-02T17:17:02.000+0000] {logging_mixin.py:188} INFO - [2026-07-02T17:17:02.000+0000] {dag.py:3947} INFO - Setting next_dagrun for example_sensors to None, run_after=None
[2026-07-02T17:17:02.019+0000] {processor.py:183} INFO - Processing /usr/local/python/3.12.1/lib/python3.12/site-packages/airflow/example_dags/example_sensors.py took 0.067 seconds
