[2026-07-02T16:24:41.864+0000] {processor.py:161} INFO - Started process (PID=117956) to work on /usr/local/python/3.12.1/lib/python3.12/site-packages/airflow/example_dags/example_dynamic_task_mapping.py
[2026-07-02T16:24:41.865+0000] {processor.py:830} INFO - Processing file /usr/local/python/3.12.1/lib/python3.12/site-packages/airflow/example_dags/example_dynamic_task_mapping.py for tasks to queue
[2026-07-02T16:24:41.867+0000] {logging_mixin.py:188} INFO - [2026-07-02T16:24:41.867+0000] {dagbag.py:545} INFO - Filling up the DagBag from /usr/local/python/3.12.1/lib/python3.12/site-packages/airflow/example_dags/example_dynamic_task_mapping.py
[2026-07-02T16:24:41.877+0000] {processor.py:840} INFO - DAG(s) 'example_dynamic_task_mapping' retrieved from /usr/local/python/3.12.1/lib/python3.12/site-packages/airflow/example_dags/example_dynamic_task_mapping.py
[2026-07-02T16:24:41.959+0000] {logging_mixin.py:188} INFO - [2026-07-02T16:24:41.959+0000] {override.py:1858} INFO - Created Permission View: can delete on DAG:example_dynamic_task_mapping
[2026-07-02T16:24:41.968+0000] {logging_mixin.py:188} INFO - [2026-07-02T16:24:41.968+0000] {override.py:1858} INFO - Created Permission View: can read on DAG:example_dynamic_task_mapping
[2026-07-02T16:24:41.974+0000] {logging_mixin.py:188} INFO - [2026-07-02T16:24:41.974+0000] {override.py:1858} INFO - Created Permission View: can edit on DAG:example_dynamic_task_mapping
[2026-07-02T16:24:41.974+0000] {logging_mixin.py:188} INFO - [2026-07-02T16:24:41.974+0000] {dag.py:3089} INFO - Sync 1 DAGs
[2026-07-02T16:24:41.982+0000] {logging_mixin.py:188} INFO - [2026-07-02T16:24:41.982+0000] {dag.py:3111} INFO - Creating ORM DAG for example_dynamic_task_mapping
[2026-07-02T16:24:41.989+0000] {logging_mixin.py:188} INFO - [2026-07-02T16:24:41.989+0000] {dag.py:3947} INFO - Setting next_dagrun for example_dynamic_task_mapping to 2022-03-04 00:00:00+00:00, run_after=2022-03-05 00:00:00+00:00
[2026-07-02T16:24:42.004+0000] {processor.py:183} INFO - Processing /usr/local/python/3.12.1/lib/python3.12/site-packages/airflow/example_dags/example_dynamic_task_mapping.py took 0.147 seconds
[2026-07-02T16:25:34.700+0000] {processor.py:161} INFO - Started process (PID=118724) to work on /usr/local/python/3.12.1/lib/python3.12/site-packages/airflow/example_dags/example_dynamic_task_mapping.py
[2026-07-02T16:25:34.700+0000] {processor.py:830} INFO - Processing file /usr/local/python/3.12.1/lib/python3.12/site-packages/airflow/example_dags/example_dynamic_task_mapping.py for tasks to queue
[2026-07-02T16:25:34.702+0000] {logging_mixin.py:188} INFO - [2026-07-02T16:25:34.702+0000] {dagbag.py:545} INFO - Filling up the DagBag from /usr/local/python/3.12.1/lib/python3.12/site-packages/airflow/example_dags/example_dynamic_task_mapping.py
[2026-07-02T16:25:34.709+0000] {processor.py:840} INFO - DAG(s) 'example_dynamic_task_mapping' retrieved from /usr/local/python/3.12.1/lib/python3.12/site-packages/airflow/example_dags/example_dynamic_task_mapping.py
[2026-07-02T16:25:34.721+0000] {logging_mixin.py:188} INFO - [2026-07-02T16:25:34.721+0000] {dag.py:3089} INFO - Sync 1 DAGs
[2026-07-02T16:25:34.736+0000] {logging_mixin.py:188} INFO - [2026-07-02T16:25:34.736+0000] {dag.py:3947} INFO - Setting next_dagrun for example_dynamic_task_mapping to 2022-03-04 00:00:00+00:00, run_after=2022-03-05 00:00:00+00:00
[2026-07-02T16:25:34.752+0000] {processor.py:183} INFO - Processing /usr/local/python/3.12.1/lib/python3.12/site-packages/airflow/example_dags/example_dynamic_task_mapping.py took 0.057 seconds
[2026-07-02T16:26:50.177+0000] {processor.py:161} INFO - Started process (PID=126575) to work on /usr/local/python/3.12.1/lib/python3.12/site-packages/airflow/example_dags/example_dynamic_task_mapping.py
[2026-07-02T16:26:50.188+0000] {processor.py:830} INFO - Processing file /usr/local/python/3.12.1/lib/python3.12/site-packages/airflow/example_dags/example_dynamic_task_mapping.py for tasks to queue
[2026-07-02T16:26:50.195+0000] {logging_mixin.py:188} INFO - [2026-07-02T16:26:50.194+0000] {dagbag.py:545} INFO - Filling up the DagBag from /usr/local/python/3.12.1/lib/python3.12/site-packages/airflow/example_dags/example_dynamic_task_mapping.py
[2026-07-02T16:26:50.226+0000] {processor.py:840} INFO - DAG(s) 'example_dynamic_task_mapping' retrieved from /usr/local/python/3.12.1/lib/python3.12/site-packages/airflow/example_dags/example_dynamic_task_mapping.py
[2026-07-02T16:26:50.286+0000] {logging_mixin.py:188} INFO - [2026-07-02T16:26:50.286+0000] {dag.py:3089} INFO - Sync 1 DAGs
[2026-07-02T16:26:50.384+0000] {logging_mixin.py:188} INFO - [2026-07-02T16:26:50.383+0000] {dag.py:3947} INFO - Setting next_dagrun for example_dynamic_task_mapping to 2022-03-04 00:00:00+00:00, run_after=2022-03-05 00:00:00+00:00
[2026-07-02T16:26:50.481+0000] {processor.py:183} INFO - Processing /usr/local/python/3.12.1/lib/python3.12/site-packages/airflow/example_dags/example_dynamic_task_mapping.py took 0.323 seconds
[2026-07-02T16:28:03.760+0000] {processor.py:161} INFO - Started process (PID=128763) to work on /usr/local/python/3.12.1/lib/python3.12/site-packages/airflow/example_dags/example_dynamic_task_mapping.py
[2026-07-02T16:28:03.764+0000] {processor.py:830} INFO - Processing file /usr/local/python/3.12.1/lib/python3.12/site-packages/airflow/example_dags/example_dynamic_task_mapping.py for tasks to queue
[2026-07-02T16:28:03.777+0000] {logging_mixin.py:188} INFO - [2026-07-02T16:28:03.776+0000] {dagbag.py:545} INFO - Filling up the DagBag from /usr/local/python/3.12.1/lib/python3.12/site-packages/airflow/example_dags/example_dynamic_task_mapping.py
[2026-07-02T16:28:03.795+0000] {processor.py:840} INFO - DAG(s) 'example_dynamic_task_mapping' retrieved from /usr/local/python/3.12.1/lib/python3.12/site-packages/airflow/example_dags/example_dynamic_task_mapping.py
[2026-07-02T16:28:03.831+0000] {logging_mixin.py:188} INFO - [2026-07-02T16:28:03.831+0000] {dag.py:3089} INFO - Sync 1 DAGs
[2026-07-02T16:28:03.863+0000] {logging_mixin.py:188} INFO - [2026-07-02T16:28:03.863+0000] {dag.py:3947} INFO - Setting next_dagrun for example_dynamic_task_mapping to 2022-03-04 00:00:00+00:00, run_after=2022-03-05 00:00:00+00:00
[2026-07-02T16:28:03.908+0000] {processor.py:183} INFO - Processing /usr/local/python/3.12.1/lib/python3.12/site-packages/airflow/example_dags/example_dynamic_task_mapping.py took 0.167 seconds
[2026-07-02T16:29:03.152+0000] {processor.py:161} INFO - Started process (PID=129629) to work on /usr/local/python/3.12.1/lib/python3.12/site-packages/airflow/example_dags/example_dynamic_task_mapping.py
[2026-07-02T16:29:03.155+0000] {processor.py:830} INFO - Processing file /usr/local/python/3.12.1/lib/python3.12/site-packages/airflow/example_dags/example_dynamic_task_mapping.py for tasks to queue
[2026-07-02T16:29:03.158+0000] {logging_mixin.py:188} INFO - [2026-07-02T16:29:03.157+0000] {dagbag.py:545} INFO - Filling up the DagBag from /usr/local/python/3.12.1/lib/python3.12/site-packages/airflow/example_dags/example_dynamic_task_mapping.py
[2026-07-02T16:29:03.172+0000] {processor.py:840} INFO - DAG(s) 'example_dynamic_task_mapping' retrieved from /usr/local/python/3.12.1/lib/python3.12/site-packages/airflow/example_dags/example_dynamic_task_mapping.py
[2026-07-02T16:29:03.211+0000] {logging_mixin.py:188} INFO - [2026-07-02T16:29:03.210+0000] {dag.py:3089} INFO - Sync 1 DAGs
[2026-07-02T16:29:03.401+0000] {logging_mixin.py:188} INFO - [2026-07-02T16:29:03.401+0000] {dag.py:3947} INFO - Setting next_dagrun for example_dynamic_task_mapping to 2022-03-04 00:00:00+00:00, run_after=2022-03-05 00:00:00+00:00
[2026-07-02T16:29:03.431+0000] {processor.py:183} INFO - Processing /usr/local/python/3.12.1/lib/python3.12/site-packages/airflow/example_dags/example_dynamic_task_mapping.py took 0.285 seconds
[2026-07-02T16:30:03.363+0000] {processor.py:161} INFO - Started process (PID=130292) to work on /usr/local/python/3.12.1/lib/python3.12/site-packages/airflow/example_dags/example_dynamic_task_mapping.py
[2026-07-02T16:30:03.365+0000] {processor.py:830} INFO - Processing file /usr/local/python/3.12.1/lib/python3.12/site-packages/airflow/example_dags/example_dynamic_task_mapping.py for tasks to queue
[2026-07-02T16:30:03.368+0000] {logging_mixin.py:188} INFO - [2026-07-02T16:30:03.367+0000] {dagbag.py:545} INFO - Filling up the DagBag from /usr/local/python/3.12.1/lib/python3.12/site-packages/airflow/example_dags/example_dynamic_task_mapping.py
[2026-07-02T16:30:03.383+0000] {processor.py:840} INFO - DAG(s) 'example_dynamic_task_mapping' retrieved from /usr/local/python/3.12.1/lib/python3.12/site-packages/airflow/example_dags/example_dynamic_task_mapping.py
[2026-07-02T16:30:03.405+0000] {logging_mixin.py:188} INFO - [2026-07-02T16:30:03.404+0000] {dag.py:3089} INFO - Sync 1 DAGs
[2026-07-02T16:30:03.432+0000] {logging_mixin.py:188} INFO - [2026-07-02T16:30:03.431+0000] {dag.py:3947} INFO - Setting next_dagrun for example_dynamic_task_mapping to 2022-03-04 00:00:00+00:00, run_after=2022-03-05 00:00:00+00:00
[2026-07-02T16:30:03.474+0000] {processor.py:183} INFO - Processing /usr/local/python/3.12.1/lib/python3.12/site-packages/airflow/example_dags/example_dynamic_task_mapping.py took 0.123 seconds
[2026-07-02T16:30:57.240+0000] {processor.py:161} INFO - Started process (PID=130894) to work on /usr/local/python/3.12.1/lib/python3.12/site-packages/airflow/example_dags/example_dynamic_task_mapping.py
[2026-07-02T16:30:57.241+0000] {processor.py:830} INFO - Processing file /usr/local/python/3.12.1/lib/python3.12/site-packages/airflow/example_dags/example_dynamic_task_mapping.py for tasks to queue
[2026-07-02T16:30:57.243+0000] {logging_mixin.py:188} INFO - [2026-07-02T16:30:57.243+0000] {dagbag.py:545} INFO - Filling up the DagBag from /usr/local/python/3.12.1/lib/python3.12/site-packages/airflow/example_dags/example_dynamic_task_mapping.py
[2026-07-02T16:30:57.249+0000] {processor.py:840} INFO - DAG(s) 'example_dynamic_task_mapping' retrieved from /usr/local/python/3.12.1/lib/python3.12/site-packages/airflow/example_dags/example_dynamic_task_mapping.py
[2026-07-02T16:30:57.262+0000] {logging_mixin.py:188} INFO - [2026-07-02T16:30:57.261+0000] {dag.py:3089} INFO - Sync 1 DAGs
[2026-07-02T16:30:57.277+0000] {logging_mixin.py:188} INFO - [2026-07-02T16:30:57.277+0000] {dag.py:3947} INFO - Setting next_dagrun for example_dynamic_task_mapping to 2022-03-04 00:00:00+00:00, run_after=2022-03-05 00:00:00+00:00
[2026-07-02T16:30:57.298+0000] {processor.py:183} INFO - Processing /usr/local/python/3.12.1/lib/python3.12/site-packages/airflow/example_dags/example_dynamic_task_mapping.py took 0.062 seconds
[2026-07-02T16:31:50.755+0000] {processor.py:161} INFO - Started process (PID=131451) to work on /usr/local/python/3.12.1/lib/python3.12/site-packages/airflow/example_dags/example_dynamic_task_mapping.py
[2026-07-02T16:31:50.756+0000] {processor.py:830} INFO - Processing file /usr/local/python/3.12.1/lib/python3.12/site-packages/airflow/example_dags/example_dynamic_task_mapping.py for tasks to queue
[2026-07-02T16:31:50.757+0000] {logging_mixin.py:188} INFO - [2026-07-02T16:31:50.757+0000] {dagbag.py:545} INFO - Filling up the DagBag from /usr/local/python/3.12.1/lib/python3.12/site-packages/airflow/example_dags/example_dynamic_task_mapping.py
[2026-07-02T16:31:50.764+0000] {processor.py:840} INFO - DAG(s) 'example_dynamic_task_mapping' retrieved from /usr/local/python/3.12.1/lib/python3.12/site-packages/airflow/example_dags/example_dynamic_task_mapping.py
[2026-07-02T16:31:50.779+0000] {logging_mixin.py:188} INFO - [2026-07-02T16:31:50.779+0000] {dag.py:3089} INFO - Sync 1 DAGs
[2026-07-02T16:31:50.799+0000] {logging_mixin.py:188} INFO - [2026-07-02T16:31:50.799+0000] {dag.py:3947} INFO - Setting next_dagrun for example_dynamic_task_mapping to 2022-03-04 00:00:00+00:00, run_after=2022-03-05 00:00:00+00:00
[2026-07-02T16:31:50.814+0000] {processor.py:183} INFO - Processing /usr/local/python/3.12.1/lib/python3.12/site-packages/airflow/example_dags/example_dynamic_task_mapping.py took 0.064 seconds
[2026-07-02T16:33:03.929+0000] {processor.py:161} INFO - Started process (PID=133424) to work on /usr/local/python/3.12.1/lib/python3.12/site-packages/airflow/example_dags/example_dynamic_task_mapping.py
[2026-07-02T16:33:03.930+0000] {processor.py:830} INFO - Processing file /usr/local/python/3.12.1/lib/python3.12/site-packages/airflow/example_dags/example_dynamic_task_mapping.py for tasks to queue
[2026-07-02T16:33:03.931+0000] {logging_mixin.py:188} INFO - [2026-07-02T16:33:03.931+0000] {dagbag.py:545} INFO - Filling up the DagBag from /usr/local/python/3.12.1/lib/python3.12/site-packages/airflow/example_dags/example_dynamic_task_mapping.py
[2026-07-02T16:33:03.937+0000] {processor.py:840} INFO - DAG(s) 'example_dynamic_task_mapping' retrieved from /usr/local/python/3.12.1/lib/python3.12/site-packages/airflow/example_dags/example_dynamic_task_mapping.py
[2026-07-02T16:33:03.949+0000] {logging_mixin.py:188} INFO - [2026-07-02T16:33:03.949+0000] {dag.py:3089} INFO - Sync 1 DAGs
[2026-07-02T16:33:03.963+0000] {logging_mixin.py:188} INFO - [2026-07-02T16:33:03.963+0000] {dag.py:3947} INFO - Setting next_dagrun for example_dynamic_task_mapping to 2022-03-04 00:00:00+00:00, run_after=2022-03-05 00:00:00+00:00
[2026-07-02T16:33:03.982+0000] {processor.py:183} INFO - Processing /usr/local/python/3.12.1/lib/python3.12/site-packages/airflow/example_dags/example_dynamic_task_mapping.py took 0.057 seconds
[2026-07-02T16:34:17.819+0000] {processor.py:161} INFO - Started process (PID=134351) to work on /usr/local/python/3.12.1/lib/python3.12/site-packages/airflow/example_dags/example_dynamic_task_mapping.py
[2026-07-02T16:34:17.823+0000] {processor.py:830} INFO - Processing file /usr/local/python/3.12.1/lib/python3.12/site-packages/airflow/example_dags/example_dynamic_task_mapping.py for tasks to queue
[2026-07-02T16:34:17.826+0000] {logging_mixin.py:188} INFO - [2026-07-02T16:34:17.825+0000] {dagbag.py:545} INFO - Filling up the DagBag from /usr/local/python/3.12.1/lib/python3.12/site-packages/airflow/example_dags/example_dynamic_task_mapping.py
[2026-07-02T16:34:17.832+0000] {processor.py:840} INFO - DAG(s) 'example_dynamic_task_mapping' retrieved from /usr/local/python/3.12.1/lib/python3.12/site-packages/airflow/example_dags/example_dynamic_task_mapping.py
[2026-07-02T16:34:17.845+0000] {logging_mixin.py:188} INFO - [2026-07-02T16:34:17.845+0000] {dag.py:3089} INFO - Sync 1 DAGs
[2026-07-02T16:34:17.874+0000] {logging_mixin.py:188} INFO - [2026-07-02T16:34:17.874+0000] {dag.py:3947} INFO - Setting next_dagrun for example_dynamic_task_mapping to 2022-03-04 00:00:00+00:00, run_after=2022-03-05 00:00:00+00:00
[2026-07-02T16:34:17.898+0000] {processor.py:183} INFO - Processing /usr/local/python/3.12.1/lib/python3.12/site-packages/airflow/example_dags/example_dynamic_task_mapping.py took 0.085 seconds
[2026-07-02T16:35:09.598+0000] {processor.py:161} INFO - Started process (PID=135001) to work on /usr/local/python/3.12.1/lib/python3.12/site-packages/airflow/example_dags/example_dynamic_task_mapping.py
[2026-07-02T16:35:09.600+0000] {processor.py:830} INFO - Processing file /usr/local/python/3.12.1/lib/python3.12/site-packages/airflow/example_dags/example_dynamic_task_mapping.py for tasks to queue
[2026-07-02T16:35:09.603+0000] {logging_mixin.py:188} INFO - [2026-07-02T16:35:09.602+0000] {dagbag.py:545} INFO - Filling up the DagBag from /usr/local/python/3.12.1/lib/python3.12/site-packages/airflow/example_dags/example_dynamic_task_mapping.py
[2026-07-02T16:35:09.615+0000] {processor.py:840} INFO - DAG(s) 'example_dynamic_task_mapping' retrieved from /usr/local/python/3.12.1/lib/python3.12/site-packages/airflow/example_dags/example_dynamic_task_mapping.py
[2026-07-02T16:35:09.637+0000] {logging_mixin.py:188} INFO - [2026-07-02T16:35:09.637+0000] {dag.py:3089} INFO - Sync 1 DAGs
[2026-07-02T16:35:09.666+0000] {logging_mixin.py:188} INFO - [2026-07-02T16:35:09.665+0000] {dag.py:3947} INFO - Setting next_dagrun for example_dynamic_task_mapping to 2022-03-04 00:00:00+00:00, run_after=2022-03-05 00:00:00+00:00
[2026-07-02T16:35:09.696+0000] {processor.py:183} INFO - Processing /usr/local/python/3.12.1/lib/python3.12/site-packages/airflow/example_dags/example_dynamic_task_mapping.py took 0.107 seconds
[2026-07-02T16:36:04.600+0000] {processor.py:161} INFO - Started process (PID=136500) to work on /usr/local/python/3.12.1/lib/python3.12/site-packages/airflow/example_dags/example_dynamic_task_mapping.py
[2026-07-02T16:36:04.601+0000] {processor.py:830} INFO - Processing file /usr/local/python/3.12.1/lib/python3.12/site-packages/airflow/example_dags/example_dynamic_task_mapping.py for tasks to queue
[2026-07-02T16:36:04.603+0000] {logging_mixin.py:188} INFO - [2026-07-02T16:36:04.603+0000] {dagbag.py:545} INFO - Filling up the DagBag from /usr/local/python/3.12.1/lib/python3.12/site-packages/airflow/example_dags/example_dynamic_task_mapping.py
[2026-07-02T16:36:04.611+0000] {processor.py:840} INFO - DAG(s) 'example_dynamic_task_mapping' retrieved from /usr/local/python/3.12.1/lib/python3.12/site-packages/airflow/example_dags/example_dynamic_task_mapping.py
[2026-07-02T16:36:04.624+0000] {logging_mixin.py:188} INFO - [2026-07-02T16:36:04.624+0000] {dag.py:3089} INFO - Sync 1 DAGs
[2026-07-02T16:36:04.642+0000] {logging_mixin.py:188} INFO - [2026-07-02T16:36:04.641+0000] {dag.py:3947} INFO - Setting next_dagrun for example_dynamic_task_mapping to 2022-03-04 00:00:00+00:00, run_after=2022-03-05 00:00:00+00:00
[2026-07-02T16:36:04.663+0000] {processor.py:183} INFO - Processing /usr/local/python/3.12.1/lib/python3.12/site-packages/airflow/example_dags/example_dynamic_task_mapping.py took 0.077 seconds
[2026-07-02T16:37:13.637+0000] {processor.py:161} INFO - Started process (PID=137350) to work on /usr/local/python/3.12.1/lib/python3.12/site-packages/airflow/example_dags/example_dynamic_task_mapping.py
[2026-07-02T16:37:13.638+0000] {processor.py:830} INFO - Processing file /usr/local/python/3.12.1/lib/python3.12/site-packages/airflow/example_dags/example_dynamic_task_mapping.py for tasks to queue
[2026-07-02T16:37:13.640+0000] {logging_mixin.py:188} INFO - [2026-07-02T16:37:13.639+0000] {dagbag.py:545} INFO - Filling up the DagBag from /usr/local/python/3.12.1/lib/python3.12/site-packages/airflow/example_dags/example_dynamic_task_mapping.py
[2026-07-02T16:37:13.645+0000] {processor.py:840} INFO - DAG(s) 'example_dynamic_task_mapping' retrieved from /usr/local/python/3.12.1/lib/python3.12/site-packages/airflow/example_dags/example_dynamic_task_mapping.py
[2026-07-02T16:37:13.657+0000] {logging_mixin.py:188} INFO - [2026-07-02T16:37:13.656+0000] {dag.py:3089} INFO - Sync 1 DAGs
[2026-07-02T16:37:13.678+0000] {logging_mixin.py:188} INFO - [2026-07-02T16:37:13.678+0000] {dag.py:3947} INFO - Setting next_dagrun for example_dynamic_task_mapping to 2022-03-04 00:00:00+00:00, run_after=2022-03-05 00:00:00+00:00
[2026-07-02T16:37:13.728+0000] {processor.py:183} INFO - Processing /usr/local/python/3.12.1/lib/python3.12/site-packages/airflow/example_dags/example_dynamic_task_mapping.py took 0.095 seconds
[2026-07-02T16:38:18.498+0000] {processor.py:161} INFO - Started process (PID=139334) to work on /usr/local/python/3.12.1/lib/python3.12/site-packages/airflow/example_dags/example_dynamic_task_mapping.py
[2026-07-02T16:38:18.501+0000] {processor.py:830} INFO - Processing file /usr/local/python/3.12.1/lib/python3.12/site-packages/airflow/example_dags/example_dynamic_task_mapping.py for tasks to queue
[2026-07-02T16:38:18.503+0000] {logging_mixin.py:188} INFO - [2026-07-02T16:38:18.503+0000] {dagbag.py:545} INFO - Filling up the DagBag from /usr/local/python/3.12.1/lib/python3.12/site-packages/airflow/example_dags/example_dynamic_task_mapping.py
[2026-07-02T16:38:18.513+0000] {processor.py:840} INFO - DAG(s) 'example_dynamic_task_mapping' retrieved from /usr/local/python/3.12.1/lib/python3.12/site-packages/airflow/example_dags/example_dynamic_task_mapping.py
[2026-07-02T16:38:18.537+0000] {logging_mixin.py:188} INFO - [2026-07-02T16:38:18.537+0000] {dag.py:3089} INFO - Sync 1 DAGs
[2026-07-02T16:38:18.564+0000] {logging_mixin.py:188} INFO - [2026-07-02T16:38:18.564+0000] {dag.py:3947} INFO - Setting next_dagrun for example_dynamic_task_mapping to 2022-03-04 00:00:00+00:00, run_after=2022-03-05 00:00:00+00:00
[2026-07-02T16:38:18.603+0000] {processor.py:183} INFO - Processing /usr/local/python/3.12.1/lib/python3.12/site-packages/airflow/example_dags/example_dynamic_task_mapping.py took 0.114 seconds
[2026-07-02T16:39:10.028+0000] {processor.py:161} INFO - Started process (PID=140032) to work on /usr/local/python/3.12.1/lib/python3.12/site-packages/airflow/example_dags/example_dynamic_task_mapping.py
[2026-07-02T16:39:10.029+0000] {processor.py:830} INFO - Processing file /usr/local/python/3.12.1/lib/python3.12/site-packages/airflow/example_dags/example_dynamic_task_mapping.py for tasks to queue
[2026-07-02T16:39:10.036+0000] {logging_mixin.py:188} INFO - [2026-07-02T16:39:10.035+0000] {dagbag.py:545} INFO - Filling up the DagBag from /usr/local/python/3.12.1/lib/python3.12/site-packages/airflow/example_dags/example_dynamic_task_mapping.py
[2026-07-02T16:39:10.052+0000] {processor.py:840} INFO - DAG(s) 'example_dynamic_task_mapping' retrieved from /usr/local/python/3.12.1/lib/python3.12/site-packages/airflow/example_dags/example_dynamic_task_mapping.py
[2026-07-02T16:39:10.089+0000] {logging_mixin.py:188} INFO - [2026-07-02T16:39:10.089+0000] {dag.py:3089} INFO - Sync 1 DAGs
[2026-07-02T16:39:10.128+0000] {logging_mixin.py:188} INFO - [2026-07-02T16:39:10.128+0000] {dag.py:3947} INFO - Setting next_dagrun for example_dynamic_task_mapping to 2022-03-04 00:00:00+00:00, run_after=2022-03-05 00:00:00+00:00
[2026-07-02T16:39:10.150+0000] {processor.py:183} INFO - Processing /usr/local/python/3.12.1/lib/python3.12/site-packages/airflow/example_dags/example_dynamic_task_mapping.py took 0.134 seconds
[2026-07-02T16:40:18.177+0000] {processor.py:161} INFO - Started process (PID=140946) to work on /usr/local/python/3.12.1/lib/python3.12/site-packages/airflow/example_dags/example_dynamic_task_mapping.py
[2026-07-02T16:40:18.180+0000] {processor.py:830} INFO - Processing file /usr/local/python/3.12.1/lib/python3.12/site-packages/airflow/example_dags/example_dynamic_task_mapping.py for tasks to queue
[2026-07-02T16:40:18.184+0000] {logging_mixin.py:188} INFO - [2026-07-02T16:40:18.183+0000] {dagbag.py:545} INFO - Filling up the DagBag from /usr/local/python/3.12.1/lib/python3.12/site-packages/airflow/example_dags/example_dynamic_task_mapping.py
[2026-07-02T16:40:18.199+0000] {processor.py:840} INFO - DAG(s) 'example_dynamic_task_mapping' retrieved from /usr/local/python/3.12.1/lib/python3.12/site-packages/airflow/example_dags/example_dynamic_task_mapping.py
[2026-07-02T16:40:18.221+0000] {logging_mixin.py:188} INFO - [2026-07-02T16:40:18.221+0000] {dag.py:3089} INFO - Sync 1 DAGs
[2026-07-02T16:40:18.249+0000] {logging_mixin.py:188} INFO - [2026-07-02T16:40:18.249+0000] {dag.py:3947} INFO - Setting next_dagrun for example_dynamic_task_mapping to 2022-03-04 00:00:00+00:00, run_after=2022-03-05 00:00:00+00:00
[2026-07-02T16:40:18.336+0000] {processor.py:183} INFO - Processing /usr/local/python/3.12.1/lib/python3.12/site-packages/airflow/example_dags/example_dynamic_task_mapping.py took 0.166 seconds
[2026-07-02T16:41:16.513+0000] {processor.py:161} INFO - Started process (PID=141898) to work on /usr/local/python/3.12.1/lib/python3.12/site-packages/airflow/example_dags/example_dynamic_task_mapping.py
[2026-07-02T16:41:16.543+0000] {processor.py:830} INFO - Processing file /usr/local/python/3.12.1/lib/python3.12/site-packages/airflow/example_dags/example_dynamic_task_mapping.py for tasks to queue
[2026-07-02T16:41:16.545+0000] {logging_mixin.py:188} INFO - [2026-07-02T16:41:16.545+0000] {dagbag.py:545} INFO - Filling up the DagBag from /usr/local/python/3.12.1/lib/python3.12/site-packages/airflow/example_dags/example_dynamic_task_mapping.py
[2026-07-02T16:41:16.555+0000] {processor.py:840} INFO - DAG(s) 'example_dynamic_task_mapping' retrieved from /usr/local/python/3.12.1/lib/python3.12/site-packages/airflow/example_dags/example_dynamic_task_mapping.py
[2026-07-02T16:41:16.573+0000] {logging_mixin.py:188} INFO - [2026-07-02T16:41:16.573+0000] {dag.py:3089} INFO - Sync 1 DAGs
[2026-07-02T16:41:16.597+0000] {logging_mixin.py:188} INFO - [2026-07-02T16:41:16.597+0000] {dag.py:3947} INFO - Setting next_dagrun for example_dynamic_task_mapping to 2022-03-04 00:00:00+00:00, run_after=2022-03-05 00:00:00+00:00
[2026-07-02T16:41:16.619+0000] {processor.py:183} INFO - Processing /usr/local/python/3.12.1/lib/python3.12/site-packages/airflow/example_dags/example_dynamic_task_mapping.py took 0.116 seconds
[2026-07-02T16:42:16.872+0000] {processor.py:161} INFO - Started process (PID=142820) to work on /usr/local/python/3.12.1/lib/python3.12/site-packages/airflow/example_dags/example_dynamic_task_mapping.py
[2026-07-02T16:42:16.917+0000] {processor.py:830} INFO - Processing file /usr/local/python/3.12.1/lib/python3.12/site-packages/airflow/example_dags/example_dynamic_task_mapping.py for tasks to queue
[2026-07-02T16:42:16.925+0000] {logging_mixin.py:188} INFO - [2026-07-02T16:42:16.924+0000] {dagbag.py:545} INFO - Filling up the DagBag from /usr/local/python/3.12.1/lib/python3.12/site-packages/airflow/example_dags/example_dynamic_task_mapping.py
[2026-07-02T16:42:16.990+0000] {processor.py:840} INFO - DAG(s) 'example_dynamic_task_mapping' retrieved from /usr/local/python/3.12.1/lib/python3.12/site-packages/airflow/example_dags/example_dynamic_task_mapping.py
[2026-07-02T16:42:17.091+0000] {logging_mixin.py:188} INFO - [2026-07-02T16:42:17.089+0000] {dag.py:3089} INFO - Sync 1 DAGs
[2026-07-02T16:42:17.134+0000] {logging_mixin.py:188} INFO - [2026-07-02T16:42:17.134+0000] {dag.py:3947} INFO - Setting next_dagrun for example_dynamic_task_mapping to 2022-03-04 00:00:00+00:00, run_after=2022-03-05 00:00:00+00:00
[2026-07-02T16:42:17.257+0000] {processor.py:183} INFO - Processing /usr/local/python/3.12.1/lib/python3.12/site-packages/airflow/example_dags/example_dynamic_task_mapping.py took 0.405 seconds
[2026-07-02T16:43:33.504+0000] {processor.py:161} INFO - Started process (PID=143979) to work on /usr/local/python/3.12.1/lib/python3.12/site-packages/airflow/example_dags/example_dynamic_task_mapping.py
[2026-07-02T16:43:33.508+0000] {processor.py:830} INFO - Processing file /usr/local/python/3.12.1/lib/python3.12/site-packages/airflow/example_dags/example_dynamic_task_mapping.py for tasks to queue
[2026-07-02T16:43:33.510+0000] {logging_mixin.py:188} INFO - [2026-07-02T16:43:33.509+0000] {dagbag.py:545} INFO - Filling up the DagBag from /usr/local/python/3.12.1/lib/python3.12/site-packages/airflow/example_dags/example_dynamic_task_mapping.py
[2026-07-02T16:43:33.517+0000] {processor.py:840} INFO - DAG(s) 'example_dynamic_task_mapping' retrieved from /usr/local/python/3.12.1/lib/python3.12/site-packages/airflow/example_dags/example_dynamic_task_mapping.py
[2026-07-02T16:43:33.532+0000] {logging_mixin.py:188} INFO - [2026-07-02T16:43:33.532+0000] {dag.py:3089} INFO - Sync 1 DAGs
[2026-07-02T16:43:33.547+0000] {logging_mixin.py:188} INFO - [2026-07-02T16:43:33.547+0000] {dag.py:3947} INFO - Setting next_dagrun for example_dynamic_task_mapping to 2022-03-04 00:00:00+00:00, run_after=2022-03-05 00:00:00+00:00
[2026-07-02T16:43:33.564+0000] {processor.py:183} INFO - Processing /usr/local/python/3.12.1/lib/python3.12/site-packages/airflow/example_dags/example_dynamic_task_mapping.py took 0.064 seconds
[2026-07-02T16:44:36.982+0000] {processor.py:161} INFO - Started process (PID=146262) to work on /usr/local/python/3.12.1/lib/python3.12/site-packages/airflow/example_dags/example_dynamic_task_mapping.py
[2026-07-02T16:44:36.986+0000] {processor.py:830} INFO - Processing file /usr/local/python/3.12.1/lib/python3.12/site-packages/airflow/example_dags/example_dynamic_task_mapping.py for tasks to queue
[2026-07-02T16:44:36.988+0000] {logging_mixin.py:188} INFO - [2026-07-02T16:44:36.988+0000] {dagbag.py:545} INFO - Filling up the DagBag from /usr/local/python/3.12.1/lib/python3.12/site-packages/airflow/example_dags/example_dynamic_task_mapping.py
[2026-07-02T16:44:36.996+0000] {processor.py:840} INFO - DAG(s) 'example_dynamic_task_mapping' retrieved from /usr/local/python/3.12.1/lib/python3.12/site-packages/airflow/example_dags/example_dynamic_task_mapping.py
[2026-07-02T16:44:37.008+0000] {logging_mixin.py:188} INFO - [2026-07-02T16:44:37.008+0000] {dag.py:3089} INFO - Sync 1 DAGs
[2026-07-02T16:44:37.024+0000] {logging_mixin.py:188} INFO - [2026-07-02T16:44:37.024+0000] {dag.py:3947} INFO - Setting next_dagrun for example_dynamic_task_mapping to 2022-03-04 00:00:00+00:00, run_after=2022-03-05 00:00:00+00:00
[2026-07-02T16:44:37.040+0000] {processor.py:183} INFO - Processing /usr/local/python/3.12.1/lib/python3.12/site-packages/airflow/example_dags/example_dynamic_task_mapping.py took 0.065 seconds
[2026-07-02T16:45:46.951+0000] {processor.py:161} INFO - Started process (PID=148787) to work on /usr/local/python/3.12.1/lib/python3.12/site-packages/airflow/example_dags/example_dynamic_task_mapping.py
[2026-07-02T16:45:46.965+0000] {processor.py:830} INFO - Processing file /usr/local/python/3.12.1/lib/python3.12/site-packages/airflow/example_dags/example_dynamic_task_mapping.py for tasks to queue
[2026-07-02T16:45:46.969+0000] {logging_mixin.py:188} INFO - [2026-07-02T16:45:46.968+0000] {dagbag.py:545} INFO - Filling up the DagBag from /usr/local/python/3.12.1/lib/python3.12/site-packages/airflow/example_dags/example_dynamic_task_mapping.py
[2026-07-02T16:45:46.982+0000] {processor.py:840} INFO - DAG(s) 'example_dynamic_task_mapping' retrieved from /usr/local/python/3.12.1/lib/python3.12/site-packages/airflow/example_dags/example_dynamic_task_mapping.py
[2026-07-02T16:45:47.002+0000] {logging_mixin.py:188} INFO - [2026-07-02T16:45:47.001+0000] {dag.py:3089} INFO - Sync 1 DAGs
[2026-07-02T16:45:47.032+0000] {logging_mixin.py:188} INFO - [2026-07-02T16:45:47.031+0000] {dag.py:3947} INFO - Setting next_dagrun for example_dynamic_task_mapping to 2022-03-04 00:00:00+00:00, run_after=2022-03-05 00:00:00+00:00
[2026-07-02T16:45:47.061+0000] {processor.py:183} INFO - Processing /usr/local/python/3.12.1/lib/python3.12/site-packages/airflow/example_dags/example_dynamic_task_mapping.py took 0.117 seconds
[2026-07-02T16:46:44.734+0000] {processor.py:161} INFO - Started process (PID=150850) to work on /usr/local/python/3.12.1/lib/python3.12/site-packages/airflow/example_dags/example_dynamic_task_mapping.py
[2026-07-02T16:46:44.735+0000] {processor.py:830} INFO - Processing file /usr/local/python/3.12.1/lib/python3.12/site-packages/airflow/example_dags/example_dynamic_task_mapping.py for tasks to queue
[2026-07-02T16:46:44.736+0000] {logging_mixin.py:188} INFO - [2026-07-02T16:46:44.736+0000] {dagbag.py:545} INFO - Filling up the DagBag from /usr/local/python/3.12.1/lib/python3.12/site-packages/airflow/example_dags/example_dynamic_task_mapping.py
[2026-07-02T16:46:44.742+0000] {processor.py:840} INFO - DAG(s) 'example_dynamic_task_mapping' retrieved from /usr/local/python/3.12.1/lib/python3.12/site-packages/airflow/example_dags/example_dynamic_task_mapping.py
[2026-07-02T16:46:44.754+0000] {logging_mixin.py:188} INFO - [2026-07-02T16:46:44.754+0000] {dag.py:3089} INFO - Sync 1 DAGs
[2026-07-02T16:46:44.769+0000] {logging_mixin.py:188} INFO - [2026-07-02T16:46:44.769+0000] {dag.py:3947} INFO - Setting next_dagrun for example_dynamic_task_mapping to 2022-03-04 00:00:00+00:00, run_after=2022-03-05 00:00:00+00:00
[2026-07-02T16:46:44.792+0000] {processor.py:183} INFO - Processing /usr/local/python/3.12.1/lib/python3.12/site-packages/airflow/example_dags/example_dynamic_task_mapping.py took 0.063 seconds
[2026-07-02T16:47:42.406+0000] {processor.py:161} INFO - Started process (PID=152005) to work on /usr/local/python/3.12.1/lib/python3.12/site-packages/airflow/example_dags/example_dynamic_task_mapping.py
[2026-07-02T16:47:42.407+0000] {processor.py:830} INFO - Processing file /usr/local/python/3.12.1/lib/python3.12/site-packages/airflow/example_dags/example_dynamic_task_mapping.py for tasks to queue
[2026-07-02T16:47:42.409+0000] {logging_mixin.py:188} INFO - [2026-07-02T16:47:42.408+0000] {dagbag.py:545} INFO - Filling up the DagBag from /usr/local/python/3.12.1/lib/python3.12/site-packages/airflow/example_dags/example_dynamic_task_mapping.py
[2026-07-02T16:47:42.414+0000] {processor.py:840} INFO - DAG(s) 'example_dynamic_task_mapping' retrieved from /usr/local/python/3.12.1/lib/python3.12/site-packages/airflow/example_dags/example_dynamic_task_mapping.py
[2026-07-02T16:47:42.429+0000] {logging_mixin.py:188} INFO - [2026-07-02T16:47:42.429+0000] {dag.py:3089} INFO - Sync 1 DAGs
[2026-07-02T16:47:42.452+0000] {logging_mixin.py:188} INFO - [2026-07-02T16:47:42.452+0000] {dag.py:3947} INFO - Setting next_dagrun for example_dynamic_task_mapping to 2022-03-04 00:00:00+00:00, run_after=2022-03-05 00:00:00+00:00
[2026-07-02T16:47:42.495+0000] {processor.py:183} INFO - Processing /usr/local/python/3.12.1/lib/python3.12/site-packages/airflow/example_dags/example_dynamic_task_mapping.py took 0.094 seconds
[2026-07-02T16:48:36.341+0000] {processor.py:161} INFO - Started process (PID=153083) to work on /usr/local/python/3.12.1/lib/python3.12/site-packages/airflow/example_dags/example_dynamic_task_mapping.py
[2026-07-02T16:48:36.342+0000] {processor.py:830} INFO - Processing file /usr/local/python/3.12.1/lib/python3.12/site-packages/airflow/example_dags/example_dynamic_task_mapping.py for tasks to queue
[2026-07-02T16:48:36.344+0000] {logging_mixin.py:188} INFO - [2026-07-02T16:48:36.344+0000] {dagbag.py:545} INFO - Filling up the DagBag from /usr/local/python/3.12.1/lib/python3.12/site-packages/airflow/example_dags/example_dynamic_task_mapping.py
[2026-07-02T16:48:36.352+0000] {processor.py:840} INFO - DAG(s) 'example_dynamic_task_mapping' retrieved from /usr/local/python/3.12.1/lib/python3.12/site-packages/airflow/example_dags/example_dynamic_task_mapping.py
[2026-07-02T16:48:36.369+0000] {logging_mixin.py:188} INFO - [2026-07-02T16:48:36.368+0000] {dag.py:3089} INFO - Sync 1 DAGs
[2026-07-02T16:48:36.395+0000] {logging_mixin.py:188} INFO - [2026-07-02T16:48:36.394+0000] {dag.py:3947} INFO - Setting next_dagrun for example_dynamic_task_mapping to 2022-03-04 00:00:00+00:00, run_after=2022-03-05 00:00:00+00:00
[2026-07-02T16:48:36.423+0000] {processor.py:183} INFO - Processing /usr/local/python/3.12.1/lib/python3.12/site-packages/airflow/example_dags/example_dynamic_task_mapping.py took 0.089 seconds
[2026-07-02T16:49:46.727+0000] {processor.py:161} INFO - Started process (PID=154048) to work on /usr/local/python/3.12.1/lib/python3.12/site-packages/airflow/example_dags/example_dynamic_task_mapping.py
[2026-07-02T16:49:46.728+0000] {processor.py:830} INFO - Processing file /usr/local/python/3.12.1/lib/python3.12/site-packages/airflow/example_dags/example_dynamic_task_mapping.py for tasks to queue
[2026-07-02T16:49:46.731+0000] {logging_mixin.py:188} INFO - [2026-07-02T16:49:46.730+0000] {dagbag.py:545} INFO - Filling up the DagBag from /usr/local/python/3.12.1/lib/python3.12/site-packages/airflow/example_dags/example_dynamic_task_mapping.py
[2026-07-02T16:49:46.740+0000] {processor.py:840} INFO - DAG(s) 'example_dynamic_task_mapping' retrieved from /usr/local/python/3.12.1/lib/python3.12/site-packages/airflow/example_dags/example_dynamic_task_mapping.py
[2026-07-02T16:49:46.758+0000] {logging_mixin.py:188} INFO - [2026-07-02T16:49:46.758+0000] {dag.py:3089} INFO - Sync 1 DAGs
[2026-07-02T16:49:46.778+0000] {logging_mixin.py:188} INFO - [2026-07-02T16:49:46.778+0000] {dag.py:3947} INFO - Setting next_dagrun for example_dynamic_task_mapping to 2022-03-04 00:00:00+00:00, run_after=2022-03-05 00:00:00+00:00
[2026-07-02T16:49:46.812+0000] {processor.py:183} INFO - Processing /usr/local/python/3.12.1/lib/python3.12/site-packages/airflow/example_dags/example_dynamic_task_mapping.py took 0.092 seconds
[2026-07-02T16:50:55.593+0000] {processor.py:161} INFO - Started process (PID=154897) to work on /usr/local/python/3.12.1/lib/python3.12/site-packages/airflow/example_dags/example_dynamic_task_mapping.py
[2026-07-02T16:50:55.594+0000] {processor.py:830} INFO - Processing file /usr/local/python/3.12.1/lib/python3.12/site-packages/airflow/example_dags/example_dynamic_task_mapping.py for tasks to queue
[2026-07-02T16:50:55.596+0000] {logging_mixin.py:188} INFO - [2026-07-02T16:50:55.595+0000] {dagbag.py:545} INFO - Filling up the DagBag from /usr/local/python/3.12.1/lib/python3.12/site-packages/airflow/example_dags/example_dynamic_task_mapping.py
[2026-07-02T16:50:55.601+0000] {processor.py:840} INFO - DAG(s) 'example_dynamic_task_mapping' retrieved from /usr/local/python/3.12.1/lib/python3.12/site-packages/airflow/example_dags/example_dynamic_task_mapping.py
[2026-07-02T16:50:55.613+0000] {logging_mixin.py:188} INFO - [2026-07-02T16:50:55.613+0000] {dag.py:3089} INFO - Sync 1 DAGs
[2026-07-02T16:50:55.627+0000] {logging_mixin.py:188} INFO - [2026-07-02T16:50:55.627+0000] {dag.py:3947} INFO - Setting next_dagrun for example_dynamic_task_mapping to 2022-03-04 00:00:00+00:00, run_after=2022-03-05 00:00:00+00:00
[2026-07-02T16:50:55.644+0000] {processor.py:183} INFO - Processing /usr/local/python/3.12.1/lib/python3.12/site-packages/airflow/example_dags/example_dynamic_task_mapping.py took 0.058 seconds
[2026-07-02T16:52:01.597+0000] {processor.py:161} INFO - Started process (PID=155634) to work on /usr/local/python/3.12.1/lib/python3.12/site-packages/airflow/example_dags/example_dynamic_task_mapping.py
[2026-07-02T16:52:01.598+0000] {processor.py:830} INFO - Processing file /usr/local/python/3.12.1/lib/python3.12/site-packages/airflow/example_dags/example_dynamic_task_mapping.py for tasks to queue
[2026-07-02T16:52:01.600+0000] {logging_mixin.py:188} INFO - [2026-07-02T16:52:01.599+0000] {dagbag.py:545} INFO - Filling up the DagBag from /usr/local/python/3.12.1/lib/python3.12/site-packages/airflow/example_dags/example_dynamic_task_mapping.py
[2026-07-02T16:52:01.607+0000] {processor.py:840} INFO - DAG(s) 'example_dynamic_task_mapping' retrieved from /usr/local/python/3.12.1/lib/python3.12/site-packages/airflow/example_dags/example_dynamic_task_mapping.py
[2026-07-02T16:52:01.620+0000] {logging_mixin.py:188} INFO - [2026-07-02T16:52:01.620+0000] {dag.py:3089} INFO - Sync 1 DAGs
[2026-07-02T16:52:01.636+0000] {logging_mixin.py:188} INFO - [2026-07-02T16:52:01.635+0000] {dag.py:3947} INFO - Setting next_dagrun for example_dynamic_task_mapping to 2022-03-04 00:00:00+00:00, run_after=2022-03-05 00:00:00+00:00
[2026-07-02T16:52:01.653+0000] {processor.py:183} INFO - Processing /usr/local/python/3.12.1/lib/python3.12/site-packages/airflow/example_dags/example_dynamic_task_mapping.py took 0.061 seconds
[2026-07-02T16:53:03.677+0000] {processor.py:161} INFO - Started process (PID=156299) to work on /usr/local/python/3.12.1/lib/python3.12/site-packages/airflow/example_dags/example_dynamic_task_mapping.py
[2026-07-02T16:53:03.678+0000] {processor.py:830} INFO - Processing file /usr/local/python/3.12.1/lib/python3.12/site-packages/airflow/example_dags/example_dynamic_task_mapping.py for tasks to queue
[2026-07-02T16:53:03.680+0000] {logging_mixin.py:188} INFO - [2026-07-02T16:53:03.679+0000] {dagbag.py:545} INFO - Filling up the DagBag from /usr/local/python/3.12.1/lib/python3.12/site-packages/airflow/example_dags/example_dynamic_task_mapping.py
[2026-07-02T16:53:03.687+0000] {processor.py:840} INFO - DAG(s) 'example_dynamic_task_mapping' retrieved from /usr/local/python/3.12.1/lib/python3.12/site-packages/airflow/example_dags/example_dynamic_task_mapping.py
[2026-07-02T16:53:03.701+0000] {logging_mixin.py:188} INFO - [2026-07-02T16:53:03.700+0000] {dag.py:3089} INFO - Sync 1 DAGs
[2026-07-02T16:53:03.715+0000] {logging_mixin.py:188} INFO - [2026-07-02T16:53:03.715+0000] {dag.py:3947} INFO - Setting next_dagrun for example_dynamic_task_mapping to 2022-03-04 00:00:00+00:00, run_after=2022-03-05 00:00:00+00:00
[2026-07-02T16:53:03.732+0000] {processor.py:183} INFO - Processing /usr/local/python/3.12.1/lib/python3.12/site-packages/airflow/example_dags/example_dynamic_task_mapping.py took 0.061 seconds
[2026-07-02T16:54:02.235+0000] {processor.py:161} INFO - Started process (PID=156902) to work on /usr/local/python/3.12.1/lib/python3.12/site-packages/airflow/example_dags/example_dynamic_task_mapping.py
[2026-07-02T16:54:02.236+0000] {processor.py:830} INFO - Processing file /usr/local/python/3.12.1/lib/python3.12/site-packages/airflow/example_dags/example_dynamic_task_mapping.py for tasks to queue
[2026-07-02T16:54:02.237+0000] {logging_mixin.py:188} INFO - [2026-07-02T16:54:02.237+0000] {dagbag.py:545} INFO - Filling up the DagBag from /usr/local/python/3.12.1/lib/python3.12/site-packages/airflow/example_dags/example_dynamic_task_mapping.py
[2026-07-02T16:54:02.243+0000] {processor.py:840} INFO - DAG(s) 'example_dynamic_task_mapping' retrieved from /usr/local/python/3.12.1/lib/python3.12/site-packages/airflow/example_dags/example_dynamic_task_mapping.py
[2026-07-02T16:54:02.255+0000] {logging_mixin.py:188} INFO - [2026-07-02T16:54:02.254+0000] {dag.py:3089} INFO - Sync 1 DAGs
[2026-07-02T16:54:02.269+0000] {logging_mixin.py:188} INFO - [2026-07-02T16:54:02.269+0000] {dag.py:3947} INFO - Setting next_dagrun for example_dynamic_task_mapping to 2022-03-04 00:00:00+00:00, run_after=2022-03-05 00:00:00+00:00
[2026-07-02T16:54:02.288+0000] {processor.py:183} INFO - Processing /usr/local/python/3.12.1/lib/python3.12/site-packages/airflow/example_dags/example_dynamic_task_mapping.py took 0.058 seconds
[2026-07-02T16:54:56.377+0000] {processor.py:161} INFO - Started process (PID=157453) to work on /usr/local/python/3.12.1/lib/python3.12/site-packages/airflow/example_dags/example_dynamic_task_mapping.py
[2026-07-02T16:54:56.378+0000] {processor.py:830} INFO - Processing file /usr/local/python/3.12.1/lib/python3.12/site-packages/airflow/example_dags/example_dynamic_task_mapping.py for tasks to queue
[2026-07-02T16:54:56.379+0000] {logging_mixin.py:188} INFO - [2026-07-02T16:54:56.379+0000] {dagbag.py:545} INFO - Filling up the DagBag from /usr/local/python/3.12.1/lib/python3.12/site-packages/airflow/example_dags/example_dynamic_task_mapping.py
[2026-07-02T16:54:56.387+0000] {processor.py:840} INFO - DAG(s) 'example_dynamic_task_mapping' retrieved from /usr/local/python/3.12.1/lib/python3.12/site-packages/airflow/example_dags/example_dynamic_task_mapping.py
[2026-07-02T16:54:56.401+0000] {logging_mixin.py:188} INFO - [2026-07-02T16:54:56.401+0000] {dag.py:3089} INFO - Sync 1 DAGs
[2026-07-02T16:54:56.417+0000] {logging_mixin.py:188} INFO - [2026-07-02T16:54:56.416+0000] {dag.py:3947} INFO - Setting next_dagrun for example_dynamic_task_mapping to 2022-03-04 00:00:00+00:00, run_after=2022-03-05 00:00:00+00:00
[2026-07-02T16:54:56.434+0000] {processor.py:183} INFO - Processing /usr/local/python/3.12.1/lib/python3.12/site-packages/airflow/example_dags/example_dynamic_task_mapping.py took 0.062 seconds
[2026-07-02T16:55:58.333+0000] {processor.py:161} INFO - Started process (PID=158135) to work on /usr/local/python/3.12.1/lib/python3.12/site-packages/airflow/example_dags/example_dynamic_task_mapping.py
[2026-07-02T16:55:58.333+0000] {processor.py:830} INFO - Processing file /usr/local/python/3.12.1/lib/python3.12/site-packages/airflow/example_dags/example_dynamic_task_mapping.py for tasks to queue
[2026-07-02T16:55:58.335+0000] {logging_mixin.py:188} INFO - [2026-07-02T16:55:58.335+0000] {dagbag.py:545} INFO - Filling up the DagBag from /usr/local/python/3.12.1/lib/python3.12/site-packages/airflow/example_dags/example_dynamic_task_mapping.py
[2026-07-02T16:55:58.340+0000] {processor.py:840} INFO - DAG(s) 'example_dynamic_task_mapping' retrieved from /usr/local/python/3.12.1/lib/python3.12/site-packages/airflow/example_dags/example_dynamic_task_mapping.py
[2026-07-02T16:55:58.352+0000] {logging_mixin.py:188} INFO - [2026-07-02T16:55:58.352+0000] {dag.py:3089} INFO - Sync 1 DAGs
[2026-07-02T16:55:58.367+0000] {logging_mixin.py:188} INFO - [2026-07-02T16:55:58.367+0000] {dag.py:3947} INFO - Setting next_dagrun for example_dynamic_task_mapping to 2022-03-04 00:00:00+00:00, run_after=2022-03-05 00:00:00+00:00
[2026-07-02T16:55:58.386+0000] {processor.py:183} INFO - Processing /usr/local/python/3.12.1/lib/python3.12/site-packages/airflow/example_dags/example_dynamic_task_mapping.py took 0.058 seconds
[2026-07-02T16:57:00.242+0000] {processor.py:161} INFO - Started process (PID=158818) to work on /usr/local/python/3.12.1/lib/python3.12/site-packages/airflow/example_dags/example_dynamic_task_mapping.py
[2026-07-02T16:57:00.243+0000] {processor.py:830} INFO - Processing file /usr/local/python/3.12.1/lib/python3.12/site-packages/airflow/example_dags/example_dynamic_task_mapping.py for tasks to queue
[2026-07-02T16:57:00.245+0000] {logging_mixin.py:188} INFO - [2026-07-02T16:57:00.244+0000] {dagbag.py:545} INFO - Filling up the DagBag from /usr/local/python/3.12.1/lib/python3.12/site-packages/airflow/example_dags/example_dynamic_task_mapping.py
[2026-07-02T16:57:00.250+0000] {processor.py:840} INFO - DAG(s) 'example_dynamic_task_mapping' retrieved from /usr/local/python/3.12.1/lib/python3.12/site-packages/airflow/example_dags/example_dynamic_task_mapping.py
[2026-07-02T16:57:00.264+0000] {logging_mixin.py:188} INFO - [2026-07-02T16:57:00.264+0000] {dag.py:3089} INFO - Sync 1 DAGs
[2026-07-02T16:57:00.280+0000] {logging_mixin.py:188} INFO - [2026-07-02T16:57:00.279+0000] {dag.py:3947} INFO - Setting next_dagrun for example_dynamic_task_mapping to 2022-03-04 00:00:00+00:00, run_after=2022-03-05 00:00:00+00:00
[2026-07-02T16:57:00.299+0000] {processor.py:183} INFO - Processing /usr/local/python/3.12.1/lib/python3.12/site-packages/airflow/example_dags/example_dynamic_task_mapping.py took 0.062 seconds
[2026-07-02T16:58:02.201+0000] {processor.py:161} INFO - Started process (PID=159460) to work on /usr/local/python/3.12.1/lib/python3.12/site-packages/airflow/example_dags/example_dynamic_task_mapping.py
[2026-07-02T16:58:02.201+0000] {processor.py:830} INFO - Processing file /usr/local/python/3.12.1/lib/python3.12/site-packages/airflow/example_dags/example_dynamic_task_mapping.py for tasks to queue
[2026-07-02T16:58:02.203+0000] {logging_mixin.py:188} INFO - [2026-07-02T16:58:02.202+0000] {dagbag.py:545} INFO - Filling up the DagBag from /usr/local/python/3.12.1/lib/python3.12/site-packages/airflow/example_dags/example_dynamic_task_mapping.py
[2026-07-02T16:58:02.209+0000] {processor.py:840} INFO - DAG(s) 'example_dynamic_task_mapping' retrieved from /usr/local/python/3.12.1/lib/python3.12/site-packages/airflow/example_dags/example_dynamic_task_mapping.py
[2026-07-02T16:58:02.221+0000] {logging_mixin.py:188} INFO - [2026-07-02T16:58:02.221+0000] {dag.py:3089} INFO - Sync 1 DAGs
[2026-07-02T16:58:02.236+0000] {logging_mixin.py:188} INFO - [2026-07-02T16:58:02.236+0000] {dag.py:3947} INFO - Setting next_dagrun for example_dynamic_task_mapping to 2022-03-04 00:00:00+00:00, run_after=2022-03-05 00:00:00+00:00
[2026-07-02T16:58:02.252+0000] {processor.py:183} INFO - Processing /usr/local/python/3.12.1/lib/python3.12/site-packages/airflow/example_dags/example_dynamic_task_mapping.py took 0.057 seconds
[2026-07-02T16:59:05.006+0000] {processor.py:161} INFO - Started process (PID=160133) to work on /usr/local/python/3.12.1/lib/python3.12/site-packages/airflow/example_dags/example_dynamic_task_mapping.py
[2026-07-02T16:59:05.007+0000] {processor.py:830} INFO - Processing file /usr/local/python/3.12.1/lib/python3.12/site-packages/airflow/example_dags/example_dynamic_task_mapping.py for tasks to queue
[2026-07-02T16:59:05.009+0000] {logging_mixin.py:188} INFO - [2026-07-02T16:59:05.008+0000] {dagbag.py:545} INFO - Filling up the DagBag from /usr/local/python/3.12.1/lib/python3.12/site-packages/airflow/example_dags/example_dynamic_task_mapping.py
[2026-07-02T16:59:05.014+0000] {processor.py:840} INFO - DAG(s) 'example_dynamic_task_mapping' retrieved from /usr/local/python/3.12.1/lib/python3.12/site-packages/airflow/example_dags/example_dynamic_task_mapping.py
[2026-07-02T16:59:05.026+0000] {logging_mixin.py:188} INFO - [2026-07-02T16:59:05.026+0000] {dag.py:3089} INFO - Sync 1 DAGs
[2026-07-02T16:59:05.041+0000] {logging_mixin.py:188} INFO - [2026-07-02T16:59:05.041+0000] {dag.py:3947} INFO - Setting next_dagrun for example_dynamic_task_mapping to 2022-03-04 00:00:00+00:00, run_after=2022-03-05 00:00:00+00:00
[2026-07-02T16:59:05.058+0000] {processor.py:183} INFO - Processing /usr/local/python/3.12.1/lib/python3.12/site-packages/airflow/example_dags/example_dynamic_task_mapping.py took 0.057 seconds
[2026-07-02T17:00:05.773+0000] {processor.py:161} INFO - Started process (PID=160775) to work on /usr/local/python/3.12.1/lib/python3.12/site-packages/airflow/example_dags/example_dynamic_task_mapping.py
[2026-07-02T17:00:05.773+0000] {processor.py:830} INFO - Processing file /usr/local/python/3.12.1/lib/python3.12/site-packages/airflow/example_dags/example_dynamic_task_mapping.py for tasks to queue
[2026-07-02T17:00:05.775+0000] {logging_mixin.py:188} INFO - [2026-07-02T17:00:05.775+0000] {dagbag.py:545} INFO - Filling up the DagBag from /usr/local/python/3.12.1/lib/python3.12/site-packages/airflow/example_dags/example_dynamic_task_mapping.py
[2026-07-02T17:00:05.783+0000] {processor.py:840} INFO - DAG(s) 'example_dynamic_task_mapping' retrieved from /usr/local/python/3.12.1/lib/python3.12/site-packages/airflow/example_dags/example_dynamic_task_mapping.py
[2026-07-02T17:00:05.798+0000] {logging_mixin.py:188} INFO - [2026-07-02T17:00:05.798+0000] {dag.py:3089} INFO - Sync 1 DAGs
[2026-07-02T17:00:05.814+0000] {logging_mixin.py:188} INFO - [2026-07-02T17:00:05.813+0000] {dag.py:3947} INFO - Setting next_dagrun for example_dynamic_task_mapping to 2022-03-04 00:00:00+00:00, run_after=2022-03-05 00:00:00+00:00
[2026-07-02T17:00:05.831+0000] {processor.py:183} INFO - Processing /usr/local/python/3.12.1/lib/python3.12/site-packages/airflow/example_dags/example_dynamic_task_mapping.py took 0.063 seconds
[2026-07-02T17:01:07.070+0000] {processor.py:161} INFO - Started process (PID=161413) to work on /usr/local/python/3.12.1/lib/python3.12/site-packages/airflow/example_dags/example_dynamic_task_mapping.py
[2026-07-02T17:01:07.071+0000] {processor.py:830} INFO - Processing file /usr/local/python/3.12.1/lib/python3.12/site-packages/airflow/example_dags/example_dynamic_task_mapping.py for tasks to queue
[2026-07-02T17:01:07.073+0000] {logging_mixin.py:188} INFO - [2026-07-02T17:01:07.072+0000] {dagbag.py:545} INFO - Filling up the DagBag from /usr/local/python/3.12.1/lib/python3.12/site-packages/airflow/example_dags/example_dynamic_task_mapping.py
[2026-07-02T17:01:07.080+0000] {processor.py:840} INFO - DAG(s) 'example_dynamic_task_mapping' retrieved from /usr/local/python/3.12.1/lib/python3.12/site-packages/airflow/example_dags/example_dynamic_task_mapping.py
[2026-07-02T17:01:07.097+0000] {logging_mixin.py:188} INFO - [2026-07-02T17:01:07.097+0000] {dag.py:3089} INFO - Sync 1 DAGs
[2026-07-02T17:01:07.112+0000] {logging_mixin.py:188} INFO - [2026-07-02T17:01:07.112+0000] {dag.py:3947} INFO - Setting next_dagrun for example_dynamic_task_mapping to 2022-03-04 00:00:00+00:00, run_after=2022-03-05 00:00:00+00:00
[2026-07-02T17:01:07.129+0000] {processor.py:183} INFO - Processing /usr/local/python/3.12.1/lib/python3.12/site-packages/airflow/example_dags/example_dynamic_task_mapping.py took 0.063 seconds
[2026-07-02T17:02:11.387+0000] {processor.py:161} INFO - Started process (PID=162130) to work on /usr/local/python/3.12.1/lib/python3.12/site-packages/airflow/example_dags/example_dynamic_task_mapping.py
[2026-07-02T17:02:11.388+0000] {processor.py:830} INFO - Processing file /usr/local/python/3.12.1/lib/python3.12/site-packages/airflow/example_dags/example_dynamic_task_mapping.py for tasks to queue
[2026-07-02T17:02:11.390+0000] {logging_mixin.py:188} INFO - [2026-07-02T17:02:11.390+0000] {dagbag.py:545} INFO - Filling up the DagBag from /usr/local/python/3.12.1/lib/python3.12/site-packages/airflow/example_dags/example_dynamic_task_mapping.py
[2026-07-02T17:02:11.397+0000] {processor.py:840} INFO - DAG(s) 'example_dynamic_task_mapping' retrieved from /usr/local/python/3.12.1/lib/python3.12/site-packages/airflow/example_dags/example_dynamic_task_mapping.py
[2026-07-02T17:02:11.411+0000] {logging_mixin.py:188} INFO - [2026-07-02T17:02:11.410+0000] {dag.py:3089} INFO - Sync 1 DAGs
[2026-07-02T17:02:11.425+0000] {logging_mixin.py:188} INFO - [2026-07-02T17:02:11.425+0000] {dag.py:3947} INFO - Setting next_dagrun for example_dynamic_task_mapping to 2022-03-04 00:00:00+00:00, run_after=2022-03-05 00:00:00+00:00
[2026-07-02T17:02:11.442+0000] {processor.py:183} INFO - Processing /usr/local/python/3.12.1/lib/python3.12/site-packages/airflow/example_dags/example_dynamic_task_mapping.py took 0.061 seconds
[2026-07-02T17:03:17.536+0000] {processor.py:161} INFO - Started process (PID=162799) to work on /usr/local/python/3.12.1/lib/python3.12/site-packages/airflow/example_dags/example_dynamic_task_mapping.py
[2026-07-02T17:03:17.537+0000] {processor.py:830} INFO - Processing file /usr/local/python/3.12.1/lib/python3.12/site-packages/airflow/example_dags/example_dynamic_task_mapping.py for tasks to queue
[2026-07-02T17:03:17.538+0000] {logging_mixin.py:188} INFO - [2026-07-02T17:03:17.538+0000] {dagbag.py:545} INFO - Filling up the DagBag from /usr/local/python/3.12.1/lib/python3.12/site-packages/airflow/example_dags/example_dynamic_task_mapping.py
[2026-07-02T17:03:17.544+0000] {processor.py:840} INFO - DAG(s) 'example_dynamic_task_mapping' retrieved from /usr/local/python/3.12.1/lib/python3.12/site-packages/airflow/example_dags/example_dynamic_task_mapping.py
[2026-07-02T17:03:17.556+0000] {logging_mixin.py:188} INFO - [2026-07-02T17:03:17.556+0000] {dag.py:3089} INFO - Sync 1 DAGs
[2026-07-02T17:03:17.570+0000] {logging_mixin.py:188} INFO - [2026-07-02T17:03:17.570+0000] {dag.py:3947} INFO - Setting next_dagrun for example_dynamic_task_mapping to 2022-03-04 00:00:00+00:00, run_after=2022-03-05 00:00:00+00:00
[2026-07-02T17:03:17.589+0000] {processor.py:183} INFO - Processing /usr/local/python/3.12.1/lib/python3.12/site-packages/airflow/example_dags/example_dynamic_task_mapping.py took 0.057 seconds
[2026-07-02T17:04:20.123+0000] {processor.py:161} INFO - Started process (PID=163467) to work on /usr/local/python/3.12.1/lib/python3.12/site-packages/airflow/example_dags/example_dynamic_task_mapping.py
[2026-07-02T17:04:20.124+0000] {processor.py:830} INFO - Processing file /usr/local/python/3.12.1/lib/python3.12/site-packages/airflow/example_dags/example_dynamic_task_mapping.py for tasks to queue
[2026-07-02T17:04:20.125+0000] {logging_mixin.py:188} INFO - [2026-07-02T17:04:20.125+0000] {dagbag.py:545} INFO - Filling up the DagBag from /usr/local/python/3.12.1/lib/python3.12/site-packages/airflow/example_dags/example_dynamic_task_mapping.py
[2026-07-02T17:04:20.132+0000] {processor.py:840} INFO - DAG(s) 'example_dynamic_task_mapping' retrieved from /usr/local/python/3.12.1/lib/python3.12/site-packages/airflow/example_dags/example_dynamic_task_mapping.py
[2026-07-02T17:04:20.148+0000] {logging_mixin.py:188} INFO - [2026-07-02T17:04:20.148+0000] {dag.py:3089} INFO - Sync 1 DAGs
[2026-07-02T17:04:20.163+0000] {logging_mixin.py:188} INFO - [2026-07-02T17:04:20.163+0000] {dag.py:3947} INFO - Setting next_dagrun for example_dynamic_task_mapping to 2022-03-04 00:00:00+00:00, run_after=2022-03-05 00:00:00+00:00
[2026-07-02T17:04:20.184+0000] {processor.py:183} INFO - Processing /usr/local/python/3.12.1/lib/python3.12/site-packages/airflow/example_dags/example_dynamic_task_mapping.py took 0.065 seconds
[2026-07-02T17:05:24.335+0000] {processor.py:161} INFO - Started process (PID=164135) to work on /usr/local/python/3.12.1/lib/python3.12/site-packages/airflow/example_dags/example_dynamic_task_mapping.py
[2026-07-02T17:05:24.336+0000] {processor.py:830} INFO - Processing file /usr/local/python/3.12.1/lib/python3.12/site-packages/airflow/example_dags/example_dynamic_task_mapping.py for tasks to queue
[2026-07-02T17:05:24.338+0000] {logging_mixin.py:188} INFO - [2026-07-02T17:05:24.337+0000] {dagbag.py:545} INFO - Filling up the DagBag from /usr/local/python/3.12.1/lib/python3.12/site-packages/airflow/example_dags/example_dynamic_task_mapping.py
[2026-07-02T17:05:24.343+0000] {processor.py:840} INFO - DAG(s) 'example_dynamic_task_mapping' retrieved from /usr/local/python/3.12.1/lib/python3.12/site-packages/airflow/example_dags/example_dynamic_task_mapping.py
[2026-07-02T17:05:24.355+0000] {logging_mixin.py:188} INFO - [2026-07-02T17:05:24.355+0000] {dag.py:3089} INFO - Sync 1 DAGs
[2026-07-02T17:05:24.370+0000] {logging_mixin.py:188} INFO - [2026-07-02T17:05:24.370+0000] {dag.py:3947} INFO - Setting next_dagrun for example_dynamic_task_mapping to 2022-03-04 00:00:00+00:00, run_after=2022-03-05 00:00:00+00:00
[2026-07-02T17:05:24.390+0000] {processor.py:183} INFO - Processing /usr/local/python/3.12.1/lib/python3.12/site-packages/airflow/example_dags/example_dynamic_task_mapping.py took 0.060 seconds
[2026-07-02T17:06:28.204+0000] {processor.py:161} INFO - Started process (PID=164798) to work on /usr/local/python/3.12.1/lib/python3.12/site-packages/airflow/example_dags/example_dynamic_task_mapping.py
[2026-07-02T17:06:28.204+0000] {processor.py:830} INFO - Processing file /usr/local/python/3.12.1/lib/python3.12/site-packages/airflow/example_dags/example_dynamic_task_mapping.py for tasks to queue
[2026-07-02T17:06:28.206+0000] {logging_mixin.py:188} INFO - [2026-07-02T17:06:28.206+0000] {dagbag.py:545} INFO - Filling up the DagBag from /usr/local/python/3.12.1/lib/python3.12/site-packages/airflow/example_dags/example_dynamic_task_mapping.py
[2026-07-02T17:06:28.211+0000] {processor.py:840} INFO - DAG(s) 'example_dynamic_task_mapping' retrieved from /usr/local/python/3.12.1/lib/python3.12/site-packages/airflow/example_dags/example_dynamic_task_mapping.py
[2026-07-02T17:06:28.224+0000] {logging_mixin.py:188} INFO - [2026-07-02T17:06:28.223+0000] {dag.py:3089} INFO - Sync 1 DAGs
[2026-07-02T17:06:28.238+0000] {logging_mixin.py:188} INFO - [2026-07-02T17:06:28.238+0000] {dag.py:3947} INFO - Setting next_dagrun for example_dynamic_task_mapping to 2022-03-04 00:00:00+00:00, run_after=2022-03-05 00:00:00+00:00
[2026-07-02T17:06:28.255+0000] {processor.py:183} INFO - Processing /usr/local/python/3.12.1/lib/python3.12/site-packages/airflow/example_dags/example_dynamic_task_mapping.py took 0.056 seconds
[2026-07-02T17:07:29.925+0000] {processor.py:161} INFO - Started process (PID=165470) to work on /usr/local/python/3.12.1/lib/python3.12/site-packages/airflow/example_dags/example_dynamic_task_mapping.py
[2026-07-02T17:07:29.926+0000] {processor.py:830} INFO - Processing file /usr/local/python/3.12.1/lib/python3.12/site-packages/airflow/example_dags/example_dynamic_task_mapping.py for tasks to queue
[2026-07-02T17:07:29.927+0000] {logging_mixin.py:188} INFO - [2026-07-02T17:07:29.927+0000] {dagbag.py:545} INFO - Filling up the DagBag from /usr/local/python/3.12.1/lib/python3.12/site-packages/airflow/example_dags/example_dynamic_task_mapping.py
[2026-07-02T17:07:29.933+0000] {processor.py:840} INFO - DAG(s) 'example_dynamic_task_mapping' retrieved from /usr/local/python/3.12.1/lib/python3.12/site-packages/airflow/example_dags/example_dynamic_task_mapping.py
[2026-07-02T17:07:29.945+0000] {logging_mixin.py:188} INFO - [2026-07-02T17:07:29.944+0000] {dag.py:3089} INFO - Sync 1 DAGs
[2026-07-02T17:07:29.959+0000] {logging_mixin.py:188} INFO - [2026-07-02T17:07:29.959+0000] {dag.py:3947} INFO - Setting next_dagrun for example_dynamic_task_mapping to 2022-03-04 00:00:00+00:00, run_after=2022-03-05 00:00:00+00:00
[2026-07-02T17:07:29.976+0000] {processor.py:183} INFO - Processing /usr/local/python/3.12.1/lib/python3.12/site-packages/airflow/example_dags/example_dynamic_task_mapping.py took 0.056 seconds
[2026-07-02T17:08:36.929+0000] {processor.py:161} INFO - Started process (PID=166203) to work on /usr/local/python/3.12.1/lib/python3.12/site-packages/airflow/example_dags/example_dynamic_task_mapping.py
[2026-07-02T17:08:36.930+0000] {processor.py:830} INFO - Processing file /usr/local/python/3.12.1/lib/python3.12/site-packages/airflow/example_dags/example_dynamic_task_mapping.py for tasks to queue
[2026-07-02T17:08:36.931+0000] {logging_mixin.py:188} INFO - [2026-07-02T17:08:36.931+0000] {dagbag.py:545} INFO - Filling up the DagBag from /usr/local/python/3.12.1/lib/python3.12/site-packages/airflow/example_dags/example_dynamic_task_mapping.py
[2026-07-02T17:08:36.937+0000] {processor.py:840} INFO - DAG(s) 'example_dynamic_task_mapping' retrieved from /usr/local/python/3.12.1/lib/python3.12/site-packages/airflow/example_dags/example_dynamic_task_mapping.py
[2026-07-02T17:08:36.949+0000] {logging_mixin.py:188} INFO - [2026-07-02T17:08:36.949+0000] {dag.py:3089} INFO - Sync 1 DAGs
[2026-07-02T17:08:36.963+0000] {logging_mixin.py:188} INFO - [2026-07-02T17:08:36.963+0000] {dag.py:3947} INFO - Setting next_dagrun for example_dynamic_task_mapping to 2022-03-04 00:00:00+00:00, run_after=2022-03-05 00:00:00+00:00
[2026-07-02T17:08:36.982+0000] {processor.py:183} INFO - Processing /usr/local/python/3.12.1/lib/python3.12/site-packages/airflow/example_dags/example_dynamic_task_mapping.py took 0.058 seconds
[2026-07-02T17:09:46.029+0000] {processor.py:161} INFO - Started process (PID=166902) to work on /usr/local/python/3.12.1/lib/python3.12/site-packages/airflow/example_dags/example_dynamic_task_mapping.py
[2026-07-02T17:09:46.029+0000] {processor.py:830} INFO - Processing file /usr/local/python/3.12.1/lib/python3.12/site-packages/airflow/example_dags/example_dynamic_task_mapping.py for tasks to queue
[2026-07-02T17:09:46.031+0000] {logging_mixin.py:188} INFO - [2026-07-02T17:09:46.031+0000] {dagbag.py:545} INFO - Filling up the DagBag from /usr/local/python/3.12.1/lib/python3.12/site-packages/airflow/example_dags/example_dynamic_task_mapping.py
[2026-07-02T17:09:46.037+0000] {processor.py:840} INFO - DAG(s) 'example_dynamic_task_mapping' retrieved from /usr/local/python/3.12.1/lib/python3.12/site-packages/airflow/example_dags/example_dynamic_task_mapping.py
[2026-07-02T17:09:46.049+0000] {logging_mixin.py:188} INFO - [2026-07-02T17:09:46.049+0000] {dag.py:3089} INFO - Sync 1 DAGs
[2026-07-02T17:09:46.064+0000] {logging_mixin.py:188} INFO - [2026-07-02T17:09:46.064+0000] {dag.py:3947} INFO - Setting next_dagrun for example_dynamic_task_mapping to 2022-03-04 00:00:00+00:00, run_after=2022-03-05 00:00:00+00:00
[2026-07-02T17:09:46.083+0000] {processor.py:183} INFO - Processing /usr/local/python/3.12.1/lib/python3.12/site-packages/airflow/example_dags/example_dynamic_task_mapping.py took 0.059 seconds
[2026-07-02T17:10:55.272+0000] {processor.py:161} INFO - Started process (PID=167662) to work on /usr/local/python/3.12.1/lib/python3.12/site-packages/airflow/example_dags/example_dynamic_task_mapping.py
[2026-07-02T17:10:55.272+0000] {processor.py:830} INFO - Processing file /usr/local/python/3.12.1/lib/python3.12/site-packages/airflow/example_dags/example_dynamic_task_mapping.py for tasks to queue
[2026-07-02T17:10:55.274+0000] {logging_mixin.py:188} INFO - [2026-07-02T17:10:55.274+0000] {dagbag.py:545} INFO - Filling up the DagBag from /usr/local/python/3.12.1/lib/python3.12/site-packages/airflow/example_dags/example_dynamic_task_mapping.py
[2026-07-02T17:10:55.281+0000] {processor.py:840} INFO - DAG(s) 'example_dynamic_task_mapping' retrieved from /usr/local/python/3.12.1/lib/python3.12/site-packages/airflow/example_dags/example_dynamic_task_mapping.py
[2026-07-02T17:10:55.298+0000] {logging_mixin.py:188} INFO - [2026-07-02T17:10:55.298+0000] {dag.py:3089} INFO - Sync 1 DAGs
[2026-07-02T17:10:55.314+0000] {logging_mixin.py:188} INFO - [2026-07-02T17:10:55.314+0000] {dag.py:3947} INFO - Setting next_dagrun for example_dynamic_task_mapping to 2022-03-04 00:00:00+00:00, run_after=2022-03-05 00:00:00+00:00
[2026-07-02T17:10:55.330+0000] {processor.py:183} INFO - Processing /usr/local/python/3.12.1/lib/python3.12/site-packages/airflow/example_dags/example_dynamic_task_mapping.py took 0.063 seconds
[2026-07-02T17:12:02.425+0000] {processor.py:161} INFO - Started process (PID=168379) to work on /usr/local/python/3.12.1/lib/python3.12/site-packages/airflow/example_dags/example_dynamic_task_mapping.py
[2026-07-02T17:12:02.426+0000] {processor.py:830} INFO - Processing file /usr/local/python/3.12.1/lib/python3.12/site-packages/airflow/example_dags/example_dynamic_task_mapping.py for tasks to queue
[2026-07-02T17:12:02.428+0000] {logging_mixin.py:188} INFO - [2026-07-02T17:12:02.427+0000] {dagbag.py:545} INFO - Filling up the DagBag from /usr/local/python/3.12.1/lib/python3.12/site-packages/airflow/example_dags/example_dynamic_task_mapping.py
[2026-07-02T17:12:02.433+0000] {processor.py:840} INFO - DAG(s) 'example_dynamic_task_mapping' retrieved from /usr/local/python/3.12.1/lib/python3.12/site-packages/airflow/example_dags/example_dynamic_task_mapping.py
[2026-07-02T17:12:02.446+0000] {logging_mixin.py:188} INFO - [2026-07-02T17:12:02.445+0000] {dag.py:3089} INFO - Sync 1 DAGs
[2026-07-02T17:12:02.461+0000] {logging_mixin.py:188} INFO - [2026-07-02T17:12:02.461+0000] {dag.py:3947} INFO - Setting next_dagrun for example_dynamic_task_mapping to 2022-03-04 00:00:00+00:00, run_after=2022-03-05 00:00:00+00:00
[2026-07-02T17:12:02.479+0000] {processor.py:183} INFO - Processing /usr/local/python/3.12.1/lib/python3.12/site-packages/airflow/example_dags/example_dynamic_task_mapping.py took 0.059 seconds
[2026-07-02T17:13:04.255+0000] {processor.py:161} INFO - Started process (PID=169044) to work on /usr/local/python/3.12.1/lib/python3.12/site-packages/airflow/example_dags/example_dynamic_task_mapping.py
[2026-07-02T17:13:04.256+0000] {processor.py:830} INFO - Processing file /usr/local/python/3.12.1/lib/python3.12/site-packages/airflow/example_dags/example_dynamic_task_mapping.py for tasks to queue
[2026-07-02T17:13:04.257+0000] {logging_mixin.py:188} INFO - [2026-07-02T17:13:04.257+0000] {dagbag.py:545} INFO - Filling up the DagBag from /usr/local/python/3.12.1/lib/python3.12/site-packages/airflow/example_dags/example_dynamic_task_mapping.py
[2026-07-02T17:13:04.263+0000] {processor.py:840} INFO - DAG(s) 'example_dynamic_task_mapping' retrieved from /usr/local/python/3.12.1/lib/python3.12/site-packages/airflow/example_dags/example_dynamic_task_mapping.py
[2026-07-02T17:13:04.275+0000] {logging_mixin.py:188} INFO - [2026-07-02T17:13:04.275+0000] {dag.py:3089} INFO - Sync 1 DAGs
[2026-07-02T17:13:04.297+0000] {logging_mixin.py:188} INFO - [2026-07-02T17:13:04.297+0000] {dag.py:3947} INFO - Setting next_dagrun for example_dynamic_task_mapping to 2022-03-04 00:00:00+00:00, run_after=2022-03-05 00:00:00+00:00
[2026-07-02T17:13:04.314+0000] {processor.py:183} INFO - Processing /usr/local/python/3.12.1/lib/python3.12/site-packages/airflow/example_dags/example_dynamic_task_mapping.py took 0.063 seconds
[2026-07-02T17:14:06.523+0000] {processor.py:161} INFO - Started process (PID=169719) to work on /usr/local/python/3.12.1/lib/python3.12/site-packages/airflow/example_dags/example_dynamic_task_mapping.py
[2026-07-02T17:14:06.523+0000] {processor.py:830} INFO - Processing file /usr/local/python/3.12.1/lib/python3.12/site-packages/airflow/example_dags/example_dynamic_task_mapping.py for tasks to queue
[2026-07-02T17:14:06.525+0000] {logging_mixin.py:188} INFO - [2026-07-02T17:14:06.525+0000] {dagbag.py:545} INFO - Filling up the DagBag from /usr/local/python/3.12.1/lib/python3.12/site-packages/airflow/example_dags/example_dynamic_task_mapping.py
[2026-07-02T17:14:06.530+0000] {processor.py:840} INFO - DAG(s) 'example_dynamic_task_mapping' retrieved from /usr/local/python/3.12.1/lib/python3.12/site-packages/airflow/example_dags/example_dynamic_task_mapping.py
[2026-07-02T17:14:06.542+0000] {logging_mixin.py:188} INFO - [2026-07-02T17:14:06.542+0000] {dag.py:3089} INFO - Sync 1 DAGs
[2026-07-02T17:14:06.557+0000] {logging_mixin.py:188} INFO - [2026-07-02T17:14:06.557+0000] {dag.py:3947} INFO - Setting next_dagrun for example_dynamic_task_mapping to 2022-03-04 00:00:00+00:00, run_after=2022-03-05 00:00:00+00:00
[2026-07-02T17:14:06.573+0000] {processor.py:183} INFO - Processing /usr/local/python/3.12.1/lib/python3.12/site-packages/airflow/example_dags/example_dynamic_task_mapping.py took 0.056 seconds
[2026-07-02T17:15:10.861+0000] {processor.py:161} INFO - Started process (PID=170360) to work on /usr/local/python/3.12.1/lib/python3.12/site-packages/airflow/example_dags/example_dynamic_task_mapping.py
[2026-07-02T17:15:10.862+0000] {processor.py:830} INFO - Processing file /usr/local/python/3.12.1/lib/python3.12/site-packages/airflow/example_dags/example_dynamic_task_mapping.py for tasks to queue
[2026-07-02T17:15:10.863+0000] {logging_mixin.py:188} INFO - [2026-07-02T17:15:10.863+0000] {dagbag.py:545} INFO - Filling up the DagBag from /usr/local/python/3.12.1/lib/python3.12/site-packages/airflow/example_dags/example_dynamic_task_mapping.py
[2026-07-02T17:15:10.872+0000] {processor.py:840} INFO - DAG(s) 'example_dynamic_task_mapping' retrieved from /usr/local/python/3.12.1/lib/python3.12/site-packages/airflow/example_dags/example_dynamic_task_mapping.py
[2026-07-02T17:15:10.892+0000] {logging_mixin.py:188} INFO - [2026-07-02T17:15:10.891+0000] {dag.py:3089} INFO - Sync 1 DAGs
[2026-07-02T17:15:10.923+0000] {logging_mixin.py:188} INFO - [2026-07-02T17:15:10.923+0000] {dag.py:3947} INFO - Setting next_dagrun for example_dynamic_task_mapping to 2022-03-04 00:00:00+00:00, run_after=2022-03-05 00:00:00+00:00
[2026-07-02T17:15:10.977+0000] {processor.py:183} INFO - Processing /usr/local/python/3.12.1/lib/python3.12/site-packages/airflow/example_dags/example_dynamic_task_mapping.py took 0.121 seconds
[2026-07-02T17:16:08.525+0000] {processor.py:161} INFO - Started process (PID=170982) to work on /usr/local/python/3.12.1/lib/python3.12/site-packages/airflow/example_dags/example_dynamic_task_mapping.py
[2026-07-02T17:16:08.527+0000] {processor.py:830} INFO - Processing file /usr/local/python/3.12.1/lib/python3.12/site-packages/airflow/example_dags/example_dynamic_task_mapping.py for tasks to queue
[2026-07-02T17:16:08.529+0000] {logging_mixin.py:188} INFO - [2026-07-02T17:16:08.528+0000] {dagbag.py:545} INFO - Filling up the DagBag from /usr/local/python/3.12.1/lib/python3.12/site-packages/airflow/example_dags/example_dynamic_task_mapping.py
[2026-07-02T17:16:08.540+0000] {processor.py:840} INFO - DAG(s) 'example_dynamic_task_mapping' retrieved from /usr/local/python/3.12.1/lib/python3.12/site-packages/airflow/example_dags/example_dynamic_task_mapping.py
[2026-07-02T17:16:08.559+0000] {logging_mixin.py:188} INFO - [2026-07-02T17:16:08.559+0000] {dag.py:3089} INFO - Sync 1 DAGs
[2026-07-02T17:16:08.582+0000] {logging_mixin.py:188} INFO - [2026-07-02T17:16:08.582+0000] {dag.py:3947} INFO - Setting next_dagrun for example_dynamic_task_mapping to 2022-03-04 00:00:00+00:00, run_after=2022-03-05 00:00:00+00:00
[2026-07-02T17:16:08.650+0000] {processor.py:183} INFO - Processing /usr/local/python/3.12.1/lib/python3.12/site-packages/airflow/example_dags/example_dynamic_task_mapping.py took 0.135 seconds
[2026-07-02T17:17:09.868+0000] {processor.py:161} INFO - Started process (PID=171647) to work on /usr/local/python/3.12.1/lib/python3.12/site-packages/airflow/example_dags/example_dynamic_task_mapping.py
[2026-07-02T17:17:09.869+0000] {processor.py:830} INFO - Processing file /usr/local/python/3.12.1/lib/python3.12/site-packages/airflow/example_dags/example_dynamic_task_mapping.py for tasks to queue
[2026-07-02T17:17:09.871+0000] {logging_mixin.py:188} INFO - [2026-07-02T17:17:09.871+0000] {dagbag.py:545} INFO - Filling up the DagBag from /usr/local/python/3.12.1/lib/python3.12/site-packages/airflow/example_dags/example_dynamic_task_mapping.py
[2026-07-02T17:17:09.880+0000] {processor.py:840} INFO - DAG(s) 'example_dynamic_task_mapping' retrieved from /usr/local/python/3.12.1/lib/python3.12/site-packages/airflow/example_dags/example_dynamic_task_mapping.py
[2026-07-02T17:17:09.900+0000] {logging_mixin.py:188} INFO - [2026-07-02T17:17:09.899+0000] {dag.py:3089} INFO - Sync 1 DAGs
[2026-07-02T17:17:09.936+0000] {logging_mixin.py:188} INFO - [2026-07-02T17:17:09.936+0000] {dag.py:3947} INFO - Setting next_dagrun for example_dynamic_task_mapping to 2022-03-04 00:00:00+00:00, run_after=2022-03-05 00:00:00+00:00
[2026-07-02T17:17:10.021+0000] {processor.py:183} INFO - Processing /usr/local/python/3.12.1/lib/python3.12/site-packages/airflow/example_dags/example_dynamic_task_mapping.py took 0.159 seconds
