[2026-07-02T16:24:19.214+0000] {processor.py:161} INFO - Started process (PID=117635) to work on /usr/local/python/3.12.1/lib/python3.12/site-packages/airflow/example_dags/example_task_group.py
[2026-07-02T16:24:19.215+0000] {processor.py:830} INFO - Processing file /usr/local/python/3.12.1/lib/python3.12/site-packages/airflow/example_dags/example_task_group.py for tasks to queue
[2026-07-02T16:24:19.218+0000] {logging_mixin.py:188} INFO - [2026-07-02T16:24:19.217+0000] {dagbag.py:545} INFO - Filling up the DagBag from /usr/local/python/3.12.1/lib/python3.12/site-packages/airflow/example_dags/example_task_group.py
[2026-07-02T16:24:19.228+0000] {processor.py:840} INFO - DAG(s) 'example_task_group' retrieved from /usr/local/python/3.12.1/lib/python3.12/site-packages/airflow/example_dags/example_task_group.py
[2026-07-02T16:24:19.408+0000] {logging_mixin.py:188} INFO - [2026-07-02T16:24:19.407+0000] {override.py:1858} INFO - Created Permission View: can delete on DAG:example_task_group
[2026-07-02T16:24:19.416+0000] {logging_mixin.py:188} INFO - [2026-07-02T16:24:19.416+0000] {override.py:1858} INFO - Created Permission View: can read on DAG:example_task_group
[2026-07-02T16:24:19.423+0000] {logging_mixin.py:188} INFO - [2026-07-02T16:24:19.423+0000] {override.py:1858} INFO - Created Permission View: can edit on DAG:example_task_group
[2026-07-02T16:24:19.424+0000] {logging_mixin.py:188} INFO - [2026-07-02T16:24:19.424+0000] {dag.py:3089} INFO - Sync 1 DAGs
[2026-07-02T16:24:19.432+0000] {logging_mixin.py:188} INFO - [2026-07-02T16:24:19.432+0000] {dag.py:3111} INFO - Creating ORM DAG for example_task_group
[2026-07-02T16:24:19.439+0000] {logging_mixin.py:188} INFO - [2026-07-02T16:24:19.439+0000] {dag.py:3947} INFO - Setting next_dagrun for example_task_group to 2026-07-01 00:00:00+00:00, run_after=2026-07-02 00:00:00+00:00
[2026-07-02T16:24:19.455+0000] {processor.py:183} INFO - Processing /usr/local/python/3.12.1/lib/python3.12/site-packages/airflow/example_dags/example_task_group.py took 0.250 seconds
[2026-07-02T16:25:13.858+0000] {processor.py:161} INFO - Started process (PID=118411) to work on /usr/local/python/3.12.1/lib/python3.12/site-packages/airflow/example_dags/example_task_group.py
[2026-07-02T16:25:13.858+0000] {processor.py:830} INFO - Processing file /usr/local/python/3.12.1/lib/python3.12/site-packages/airflow/example_dags/example_task_group.py for tasks to queue
[2026-07-02T16:25:13.860+0000] {logging_mixin.py:188} INFO - [2026-07-02T16:25:13.859+0000] {dagbag.py:545} INFO - Filling up the DagBag from /usr/local/python/3.12.1/lib/python3.12/site-packages/airflow/example_dags/example_task_group.py
[2026-07-02T16:25:13.866+0000] {processor.py:840} INFO - DAG(s) 'example_task_group' retrieved from /usr/local/python/3.12.1/lib/python3.12/site-packages/airflow/example_dags/example_task_group.py
[2026-07-02T16:25:13.885+0000] {logging_mixin.py:188} INFO - [2026-07-02T16:25:13.884+0000] {dag.py:3089} INFO - Sync 1 DAGs
[2026-07-02T16:25:13.907+0000] {logging_mixin.py:188} INFO - [2026-07-02T16:25:13.907+0000] {dag.py:3947} INFO - Setting next_dagrun for example_task_group to 2026-07-01 00:00:00+00:00, run_after=2026-07-02 00:00:00+00:00
[2026-07-02T16:25:13.927+0000] {processor.py:183} INFO - Processing /usr/local/python/3.12.1/lib/python3.12/site-packages/airflow/example_dags/example_task_group.py took 0.074 seconds
[2026-07-02T16:26:09.092+0000] {processor.py:161} INFO - Started process (PID=124895) to work on /usr/local/python/3.12.1/lib/python3.12/site-packages/airflow/example_dags/example_task_group.py
[2026-07-02T16:26:09.142+0000] {processor.py:830} INFO - Processing file /usr/local/python/3.12.1/lib/python3.12/site-packages/airflow/example_dags/example_task_group.py for tasks to queue
[2026-07-02T16:26:09.144+0000] {logging_mixin.py:188} INFO - [2026-07-02T16:26:09.143+0000] {dagbag.py:545} INFO - Filling up the DagBag from /usr/local/python/3.12.1/lib/python3.12/site-packages/airflow/example_dags/example_task_group.py
[2026-07-02T16:26:09.158+0000] {processor.py:840} INFO - DAG(s) 'example_task_group' retrieved from /usr/local/python/3.12.1/lib/python3.12/site-packages/airflow/example_dags/example_task_group.py
[2026-07-02T16:26:09.181+0000] {logging_mixin.py:188} INFO - [2026-07-02T16:26:09.181+0000] {dag.py:3089} INFO - Sync 1 DAGs
[2026-07-02T16:26:09.217+0000] {logging_mixin.py:188} INFO - [2026-07-02T16:26:09.217+0000] {dag.py:3947} INFO - Setting next_dagrun for example_task_group to 2026-07-01 00:00:00+00:00, run_after=2026-07-02 00:00:00+00:00
[2026-07-02T16:26:09.246+0000] {processor.py:183} INFO - Processing /usr/local/python/3.12.1/lib/python3.12/site-packages/airflow/example_dags/example_task_group.py took 0.160 seconds
[2026-07-02T16:27:21.938+0000] {processor.py:161} INFO - Started process (PID=127805) to work on /usr/local/python/3.12.1/lib/python3.12/site-packages/airflow/example_dags/example_task_group.py
[2026-07-02T16:27:21.940+0000] {processor.py:830} INFO - Processing file /usr/local/python/3.12.1/lib/python3.12/site-packages/airflow/example_dags/example_task_group.py for tasks to queue
[2026-07-02T16:27:21.942+0000] {logging_mixin.py:188} INFO - [2026-07-02T16:27:21.942+0000] {dagbag.py:545} INFO - Filling up the DagBag from /usr/local/python/3.12.1/lib/python3.12/site-packages/airflow/example_dags/example_task_group.py
[2026-07-02T16:27:21.969+0000] {processor.py:840} INFO - DAG(s) 'example_task_group' retrieved from /usr/local/python/3.12.1/lib/python3.12/site-packages/airflow/example_dags/example_task_group.py
[2026-07-02T16:27:22.046+0000] {logging_mixin.py:188} INFO - [2026-07-02T16:27:22.046+0000] {dag.py:3089} INFO - Sync 1 DAGs
[2026-07-02T16:27:22.118+0000] {logging_mixin.py:188} INFO - [2026-07-02T16:27:22.117+0000] {dag.py:3947} INFO - Setting next_dagrun for example_task_group to 2026-07-01 00:00:00+00:00, run_after=2026-07-02 00:00:00+00:00
[2026-07-02T16:27:22.308+0000] {processor.py:183} INFO - Processing /usr/local/python/3.12.1/lib/python3.12/site-packages/airflow/example_dags/example_task_group.py took 0.387 seconds
[2026-07-02T16:28:16.653+0000] {processor.py:161} INFO - Started process (PID=128914) to work on /usr/local/python/3.12.1/lib/python3.12/site-packages/airflow/example_dags/example_task_group.py
[2026-07-02T16:28:16.654+0000] {processor.py:830} INFO - Processing file /usr/local/python/3.12.1/lib/python3.12/site-packages/airflow/example_dags/example_task_group.py for tasks to queue
[2026-07-02T16:28:16.655+0000] {logging_mixin.py:188} INFO - [2026-07-02T16:28:16.655+0000] {dagbag.py:545} INFO - Filling up the DagBag from /usr/local/python/3.12.1/lib/python3.12/site-packages/airflow/example_dags/example_task_group.py
[2026-07-02T16:28:16.661+0000] {processor.py:840} INFO - DAG(s) 'example_task_group' retrieved from /usr/local/python/3.12.1/lib/python3.12/site-packages/airflow/example_dags/example_task_group.py
[2026-07-02T16:28:16.674+0000] {logging_mixin.py:188} INFO - [2026-07-02T16:28:16.673+0000] {dag.py:3089} INFO - Sync 1 DAGs
[2026-07-02T16:28:16.694+0000] {logging_mixin.py:188} INFO - [2026-07-02T16:28:16.694+0000] {dag.py:3947} INFO - Setting next_dagrun for example_task_group to 2026-07-01 00:00:00+00:00, run_after=2026-07-02 00:00:00+00:00
[2026-07-02T16:28:16.712+0000] {processor.py:183} INFO - Processing /usr/local/python/3.12.1/lib/python3.12/site-packages/airflow/example_dags/example_task_group.py took 0.063 seconds
[2026-07-02T16:29:19.756+0000] {processor.py:161} INFO - Started process (PID=129787) to work on /usr/local/python/3.12.1/lib/python3.12/site-packages/airflow/example_dags/example_task_group.py
[2026-07-02T16:29:19.756+0000] {processor.py:830} INFO - Processing file /usr/local/python/3.12.1/lib/python3.12/site-packages/airflow/example_dags/example_task_group.py for tasks to queue
[2026-07-02T16:29:19.758+0000] {logging_mixin.py:188} INFO - [2026-07-02T16:29:19.758+0000] {dagbag.py:545} INFO - Filling up the DagBag from /usr/local/python/3.12.1/lib/python3.12/site-packages/airflow/example_dags/example_task_group.py
[2026-07-02T16:29:19.768+0000] {processor.py:840} INFO - DAG(s) 'example_task_group' retrieved from /usr/local/python/3.12.1/lib/python3.12/site-packages/airflow/example_dags/example_task_group.py
[2026-07-02T16:29:19.911+0000] {logging_mixin.py:188} INFO - [2026-07-02T16:29:19.911+0000] {dag.py:3089} INFO - Sync 1 DAGs
[2026-07-02T16:29:19.931+0000] {logging_mixin.py:188} INFO - [2026-07-02T16:29:19.930+0000] {dag.py:3947} INFO - Setting next_dagrun for example_task_group to 2026-07-01 00:00:00+00:00, run_after=2026-07-02 00:00:00+00:00
[2026-07-02T16:29:19.952+0000] {processor.py:183} INFO - Processing /usr/local/python/3.12.1/lib/python3.12/site-packages/airflow/example_dags/example_task_group.py took 0.203 seconds
[2026-07-02T16:30:17.513+0000] {processor.py:161} INFO - Started process (PID=130429) to work on /usr/local/python/3.12.1/lib/python3.12/site-packages/airflow/example_dags/example_task_group.py
[2026-07-02T16:30:17.513+0000] {processor.py:830} INFO - Processing file /usr/local/python/3.12.1/lib/python3.12/site-packages/airflow/example_dags/example_task_group.py for tasks to queue
[2026-07-02T16:30:17.515+0000] {logging_mixin.py:188} INFO - [2026-07-02T16:30:17.515+0000] {dagbag.py:545} INFO - Filling up the DagBag from /usr/local/python/3.12.1/lib/python3.12/site-packages/airflow/example_dags/example_task_group.py
[2026-07-02T16:30:17.522+0000] {processor.py:840} INFO - DAG(s) 'example_task_group' retrieved from /usr/local/python/3.12.1/lib/python3.12/site-packages/airflow/example_dags/example_task_group.py
[2026-07-02T16:30:17.538+0000] {logging_mixin.py:188} INFO - [2026-07-02T16:30:17.537+0000] {dag.py:3089} INFO - Sync 1 DAGs
[2026-07-02T16:30:17.560+0000] {logging_mixin.py:188} INFO - [2026-07-02T16:30:17.560+0000] {dag.py:3947} INFO - Setting next_dagrun for example_task_group to 2026-07-01 00:00:00+00:00, run_after=2026-07-02 00:00:00+00:00
[2026-07-02T16:30:17.594+0000] {processor.py:183} INFO - Processing /usr/local/python/3.12.1/lib/python3.12/site-packages/airflow/example_dags/example_task_group.py took 0.086 seconds
[2026-07-02T16:31:08.076+0000] {processor.py:161} INFO - Started process (PID=131008) to work on /usr/local/python/3.12.1/lib/python3.12/site-packages/airflow/example_dags/example_task_group.py
[2026-07-02T16:31:08.077+0000] {processor.py:830} INFO - Processing file /usr/local/python/3.12.1/lib/python3.12/site-packages/airflow/example_dags/example_task_group.py for tasks to queue
[2026-07-02T16:31:08.078+0000] {logging_mixin.py:188} INFO - [2026-07-02T16:31:08.078+0000] {dagbag.py:545} INFO - Filling up the DagBag from /usr/local/python/3.12.1/lib/python3.12/site-packages/airflow/example_dags/example_task_group.py
[2026-07-02T16:31:08.086+0000] {processor.py:840} INFO - DAG(s) 'example_task_group' retrieved from /usr/local/python/3.12.1/lib/python3.12/site-packages/airflow/example_dags/example_task_group.py
[2026-07-02T16:31:08.101+0000] {logging_mixin.py:188} INFO - [2026-07-02T16:31:08.101+0000] {dag.py:3089} INFO - Sync 1 DAGs
[2026-07-02T16:31:08.116+0000] {logging_mixin.py:188} INFO - [2026-07-02T16:31:08.116+0000] {dag.py:3947} INFO - Setting next_dagrun for example_task_group to 2026-07-01 00:00:00+00:00, run_after=2026-07-02 00:00:00+00:00
[2026-07-02T16:31:08.134+0000] {processor.py:183} INFO - Processing /usr/local/python/3.12.1/lib/python3.12/site-packages/airflow/example_dags/example_task_group.py took 0.064 seconds
[2026-07-02T16:31:56.444+0000] {processor.py:161} INFO - Started process (PID=131547) to work on /usr/local/python/3.12.1/lib/python3.12/site-packages/airflow/example_dags/example_task_group.py
[2026-07-02T16:31:56.445+0000] {processor.py:830} INFO - Processing file /usr/local/python/3.12.1/lib/python3.12/site-packages/airflow/example_dags/example_task_group.py for tasks to queue
[2026-07-02T16:31:56.447+0000] {logging_mixin.py:188} INFO - [2026-07-02T16:31:56.446+0000] {dagbag.py:545} INFO - Filling up the DagBag from /usr/local/python/3.12.1/lib/python3.12/site-packages/airflow/example_dags/example_task_group.py
[2026-07-02T16:31:56.453+0000] {processor.py:840} INFO - DAG(s) 'example_task_group' retrieved from /usr/local/python/3.12.1/lib/python3.12/site-packages/airflow/example_dags/example_task_group.py
[2026-07-02T16:31:56.466+0000] {logging_mixin.py:188} INFO - [2026-07-02T16:31:56.466+0000] {dag.py:3089} INFO - Sync 1 DAGs
[2026-07-02T16:31:56.484+0000] {logging_mixin.py:188} INFO - [2026-07-02T16:31:56.483+0000] {dag.py:3947} INFO - Setting next_dagrun for example_task_group to 2026-07-01 00:00:00+00:00, run_after=2026-07-02 00:00:00+00:00
[2026-07-02T16:31:56.503+0000] {processor.py:183} INFO - Processing /usr/local/python/3.12.1/lib/python3.12/site-packages/airflow/example_dags/example_task_group.py took 0.063 seconds
[2026-07-02T16:32:48.188+0000] {processor.py:161} INFO - Started process (PID=133235) to work on /usr/local/python/3.12.1/lib/python3.12/site-packages/airflow/example_dags/example_task_group.py
[2026-07-02T16:32:48.189+0000] {processor.py:830} INFO - Processing file /usr/local/python/3.12.1/lib/python3.12/site-packages/airflow/example_dags/example_task_group.py for tasks to queue
[2026-07-02T16:32:48.191+0000] {logging_mixin.py:188} INFO - [2026-07-02T16:32:48.190+0000] {dagbag.py:545} INFO - Filling up the DagBag from /usr/local/python/3.12.1/lib/python3.12/site-packages/airflow/example_dags/example_task_group.py
[2026-07-02T16:32:48.198+0000] {processor.py:840} INFO - DAG(s) 'example_task_group' retrieved from /usr/local/python/3.12.1/lib/python3.12/site-packages/airflow/example_dags/example_task_group.py
[2026-07-02T16:32:48.211+0000] {logging_mixin.py:188} INFO - [2026-07-02T16:32:48.211+0000] {dag.py:3089} INFO - Sync 1 DAGs
[2026-07-02T16:32:48.227+0000] {logging_mixin.py:188} INFO - [2026-07-02T16:32:48.227+0000] {dag.py:3947} INFO - Setting next_dagrun for example_task_group to 2026-07-01 00:00:00+00:00, run_after=2026-07-02 00:00:00+00:00
[2026-07-02T16:32:48.243+0000] {processor.py:183} INFO - Processing /usr/local/python/3.12.1/lib/python3.12/site-packages/airflow/example_dags/example_task_group.py took 0.062 seconds
[2026-07-02T16:33:37.558+0000] {processor.py:161} INFO - Started process (PID=133802) to work on /usr/local/python/3.12.1/lib/python3.12/site-packages/airflow/example_dags/example_task_group.py
[2026-07-02T16:33:37.559+0000] {processor.py:830} INFO - Processing file /usr/local/python/3.12.1/lib/python3.12/site-packages/airflow/example_dags/example_task_group.py for tasks to queue
[2026-07-02T16:33:37.561+0000] {logging_mixin.py:188} INFO - [2026-07-02T16:33:37.560+0000] {dagbag.py:545} INFO - Filling up the DagBag from /usr/local/python/3.12.1/lib/python3.12/site-packages/airflow/example_dags/example_task_group.py
[2026-07-02T16:33:37.566+0000] {processor.py:840} INFO - DAG(s) 'example_task_group' retrieved from /usr/local/python/3.12.1/lib/python3.12/site-packages/airflow/example_dags/example_task_group.py
[2026-07-02T16:33:37.582+0000] {logging_mixin.py:188} INFO - [2026-07-02T16:33:37.582+0000] {dag.py:3089} INFO - Sync 1 DAGs
[2026-07-02T16:33:37.600+0000] {logging_mixin.py:188} INFO - [2026-07-02T16:33:37.600+0000] {dag.py:3947} INFO - Setting next_dagrun for example_task_group to 2026-07-01 00:00:00+00:00, run_after=2026-07-02 00:00:00+00:00
[2026-07-02T16:33:37.618+0000] {processor.py:183} INFO - Processing /usr/local/python/3.12.1/lib/python3.12/site-packages/airflow/example_dags/example_task_group.py took 0.064 seconds
[2026-07-02T16:34:26.704+0000] {processor.py:161} INFO - Started process (PID=134458) to work on /usr/local/python/3.12.1/lib/python3.12/site-packages/airflow/example_dags/example_task_group.py
[2026-07-02T16:34:26.705+0000] {processor.py:830} INFO - Processing file /usr/local/python/3.12.1/lib/python3.12/site-packages/airflow/example_dags/example_task_group.py for tasks to queue
[2026-07-02T16:34:26.707+0000] {logging_mixin.py:188} INFO - [2026-07-02T16:34:26.706+0000] {dagbag.py:545} INFO - Filling up the DagBag from /usr/local/python/3.12.1/lib/python3.12/site-packages/airflow/example_dags/example_task_group.py
[2026-07-02T16:34:26.713+0000] {processor.py:840} INFO - DAG(s) 'example_task_group' retrieved from /usr/local/python/3.12.1/lib/python3.12/site-packages/airflow/example_dags/example_task_group.py
[2026-07-02T16:34:26.726+0000] {logging_mixin.py:188} INFO - [2026-07-02T16:34:26.726+0000] {dag.py:3089} INFO - Sync 1 DAGs
[2026-07-02T16:34:26.743+0000] {logging_mixin.py:188} INFO - [2026-07-02T16:34:26.743+0000] {dag.py:3947} INFO - Setting next_dagrun for example_task_group to 2026-07-01 00:00:00+00:00, run_after=2026-07-02 00:00:00+00:00
[2026-07-02T16:34:26.761+0000] {processor.py:183} INFO - Processing /usr/local/python/3.12.1/lib/python3.12/site-packages/airflow/example_dags/example_task_group.py took 0.062 seconds
[2026-07-02T16:35:17.408+0000] {processor.py:161} INFO - Started process (PID=135391) to work on /usr/local/python/3.12.1/lib/python3.12/site-packages/airflow/example_dags/example_task_group.py
[2026-07-02T16:35:17.414+0000] {processor.py:830} INFO - Processing file /usr/local/python/3.12.1/lib/python3.12/site-packages/airflow/example_dags/example_task_group.py for tasks to queue
[2026-07-02T16:35:17.418+0000] {logging_mixin.py:188} INFO - [2026-07-02T16:35:17.417+0000] {dagbag.py:545} INFO - Filling up the DagBag from /usr/local/python/3.12.1/lib/python3.12/site-packages/airflow/example_dags/example_task_group.py
[2026-07-02T16:35:17.452+0000] {processor.py:840} INFO - DAG(s) 'example_task_group' retrieved from /usr/local/python/3.12.1/lib/python3.12/site-packages/airflow/example_dags/example_task_group.py
[2026-07-02T16:35:17.520+0000] {logging_mixin.py:188} INFO - [2026-07-02T16:35:17.520+0000] {dag.py:3089} INFO - Sync 1 DAGs
[2026-07-02T16:35:17.575+0000] {logging_mixin.py:188} INFO - [2026-07-02T16:35:17.575+0000] {dag.py:3947} INFO - Setting next_dagrun for example_task_group to 2026-07-01 00:00:00+00:00, run_after=2026-07-02 00:00:00+00:00
[2026-07-02T16:35:17.643+0000] {processor.py:183} INFO - Processing /usr/local/python/3.12.1/lib/python3.12/site-packages/airflow/example_dags/example_task_group.py took 0.251 seconds
[2026-07-02T16:36:16.147+0000] {processor.py:161} INFO - Started process (PID=136641) to work on /usr/local/python/3.12.1/lib/python3.12/site-packages/airflow/example_dags/example_task_group.py
[2026-07-02T16:36:16.147+0000] {processor.py:830} INFO - Processing file /usr/local/python/3.12.1/lib/python3.12/site-packages/airflow/example_dags/example_task_group.py for tasks to queue
[2026-07-02T16:36:16.149+0000] {logging_mixin.py:188} INFO - [2026-07-02T16:36:16.148+0000] {dagbag.py:545} INFO - Filling up the DagBag from /usr/local/python/3.12.1/lib/python3.12/site-packages/airflow/example_dags/example_task_group.py
[2026-07-02T16:36:16.155+0000] {processor.py:840} INFO - DAG(s) 'example_task_group' retrieved from /usr/local/python/3.12.1/lib/python3.12/site-packages/airflow/example_dags/example_task_group.py
[2026-07-02T16:36:16.168+0000] {logging_mixin.py:188} INFO - [2026-07-02T16:36:16.168+0000] {dag.py:3089} INFO - Sync 1 DAGs
[2026-07-02T16:36:16.186+0000] {logging_mixin.py:188} INFO - [2026-07-02T16:36:16.186+0000] {dag.py:3947} INFO - Setting next_dagrun for example_task_group to 2026-07-01 00:00:00+00:00, run_after=2026-07-02 00:00:00+00:00
[2026-07-02T16:36:16.210+0000] {processor.py:183} INFO - Processing /usr/local/python/3.12.1/lib/python3.12/site-packages/airflow/example_dags/example_task_group.py took 0.068 seconds
[2026-07-02T16:37:00.411+0000] {processor.py:161} INFO - Started process (PID=137226) to work on /usr/local/python/3.12.1/lib/python3.12/site-packages/airflow/example_dags/example_task_group.py
[2026-07-02T16:37:00.412+0000] {processor.py:830} INFO - Processing file /usr/local/python/3.12.1/lib/python3.12/site-packages/airflow/example_dags/example_task_group.py for tasks to queue
[2026-07-02T16:37:00.413+0000] {logging_mixin.py:188} INFO - [2026-07-02T16:37:00.413+0000] {dagbag.py:545} INFO - Filling up the DagBag from /usr/local/python/3.12.1/lib/python3.12/site-packages/airflow/example_dags/example_task_group.py
[2026-07-02T16:37:00.419+0000] {processor.py:840} INFO - DAG(s) 'example_task_group' retrieved from /usr/local/python/3.12.1/lib/python3.12/site-packages/airflow/example_dags/example_task_group.py
[2026-07-02T16:37:00.432+0000] {logging_mixin.py:188} INFO - [2026-07-02T16:37:00.432+0000] {dag.py:3089} INFO - Sync 1 DAGs
[2026-07-02T16:37:00.451+0000] {logging_mixin.py:188} INFO - [2026-07-02T16:37:00.450+0000] {dag.py:3947} INFO - Setting next_dagrun for example_task_group to 2026-07-01 00:00:00+00:00, run_after=2026-07-02 00:00:00+00:00
[2026-07-02T16:37:00.498+0000] {processor.py:183} INFO - Processing /usr/local/python/3.12.1/lib/python3.12/site-packages/airflow/example_dags/example_task_group.py took 0.092 seconds
[2026-07-02T16:37:47.409+0000] {processor.py:161} INFO - Started process (PID=138520) to work on /usr/local/python/3.12.1/lib/python3.12/site-packages/airflow/example_dags/example_task_group.py
[2026-07-02T16:37:47.410+0000] {processor.py:830} INFO - Processing file /usr/local/python/3.12.1/lib/python3.12/site-packages/airflow/example_dags/example_task_group.py for tasks to queue
[2026-07-02T16:37:47.414+0000] {logging_mixin.py:188} INFO - [2026-07-02T16:37:47.413+0000] {dagbag.py:545} INFO - Filling up the DagBag from /usr/local/python/3.12.1/lib/python3.12/site-packages/airflow/example_dags/example_task_group.py
[2026-07-02T16:37:47.430+0000] {processor.py:840} INFO - DAG(s) 'example_task_group' retrieved from /usr/local/python/3.12.1/lib/python3.12/site-packages/airflow/example_dags/example_task_group.py
[2026-07-02T16:37:47.466+0000] {logging_mixin.py:188} INFO - [2026-07-02T16:37:47.466+0000] {dag.py:3089} INFO - Sync 1 DAGs
[2026-07-02T16:37:47.504+0000] {logging_mixin.py:188} INFO - [2026-07-02T16:37:47.504+0000] {dag.py:3947} INFO - Setting next_dagrun for example_task_group to 2026-07-01 00:00:00+00:00, run_after=2026-07-02 00:00:00+00:00
[2026-07-02T16:37:47.532+0000] {processor.py:183} INFO - Processing /usr/local/python/3.12.1/lib/python3.12/site-packages/airflow/example_dags/example_task_group.py took 0.129 seconds
[2026-07-02T16:38:33.999+0000] {processor.py:161} INFO - Started process (PID=139528) to work on /usr/local/python/3.12.1/lib/python3.12/site-packages/airflow/example_dags/example_task_group.py
[2026-07-02T16:38:34.000+0000] {processor.py:830} INFO - Processing file /usr/local/python/3.12.1/lib/python3.12/site-packages/airflow/example_dags/example_task_group.py for tasks to queue
[2026-07-02T16:38:34.005+0000] {logging_mixin.py:188} INFO - [2026-07-02T16:38:34.004+0000] {dagbag.py:545} INFO - Filling up the DagBag from /usr/local/python/3.12.1/lib/python3.12/site-packages/airflow/example_dags/example_task_group.py
[2026-07-02T16:38:34.014+0000] {processor.py:840} INFO - DAG(s) 'example_task_group' retrieved from /usr/local/python/3.12.1/lib/python3.12/site-packages/airflow/example_dags/example_task_group.py
[2026-07-02T16:38:34.027+0000] {logging_mixin.py:188} INFO - [2026-07-02T16:38:34.027+0000] {dag.py:3089} INFO - Sync 1 DAGs
[2026-07-02T16:38:34.042+0000] {logging_mixin.py:188} INFO - [2026-07-02T16:38:34.042+0000] {dag.py:3947} INFO - Setting next_dagrun for example_task_group to 2026-07-01 00:00:00+00:00, run_after=2026-07-02 00:00:00+00:00
[2026-07-02T16:38:34.060+0000] {processor.py:183} INFO - Processing /usr/local/python/3.12.1/lib/python3.12/site-packages/airflow/example_dags/example_task_group.py took 0.065 seconds
[2026-07-02T16:39:21.135+0000] {processor.py:161} INFO - Started process (PID=140187) to work on /usr/local/python/3.12.1/lib/python3.12/site-packages/airflow/example_dags/example_task_group.py
[2026-07-02T16:39:21.136+0000] {processor.py:830} INFO - Processing file /usr/local/python/3.12.1/lib/python3.12/site-packages/airflow/example_dags/example_task_group.py for tasks to queue
[2026-07-02T16:39:21.137+0000] {logging_mixin.py:188} INFO - [2026-07-02T16:39:21.137+0000] {dagbag.py:545} INFO - Filling up the DagBag from /usr/local/python/3.12.1/lib/python3.12/site-packages/airflow/example_dags/example_task_group.py
[2026-07-02T16:39:21.146+0000] {processor.py:840} INFO - DAG(s) 'example_task_group' retrieved from /usr/local/python/3.12.1/lib/python3.12/site-packages/airflow/example_dags/example_task_group.py
[2026-07-02T16:39:21.166+0000] {logging_mixin.py:188} INFO - [2026-07-02T16:39:21.165+0000] {dag.py:3089} INFO - Sync 1 DAGs
[2026-07-02T16:39:21.192+0000] {logging_mixin.py:188} INFO - [2026-07-02T16:39:21.192+0000] {dag.py:3947} INFO - Setting next_dagrun for example_task_group to 2026-07-01 00:00:00+00:00, run_after=2026-07-02 00:00:00+00:00
[2026-07-02T16:39:21.219+0000] {processor.py:183} INFO - Processing /usr/local/python/3.12.1/lib/python3.12/site-packages/airflow/example_dags/example_task_group.py took 0.091 seconds
[2026-07-02T16:40:07.257+0000] {processor.py:161} INFO - Started process (PID=140799) to work on /usr/local/python/3.12.1/lib/python3.12/site-packages/airflow/example_dags/example_task_group.py
[2026-07-02T16:40:07.258+0000] {processor.py:830} INFO - Processing file /usr/local/python/3.12.1/lib/python3.12/site-packages/airflow/example_dags/example_task_group.py for tasks to queue
[2026-07-02T16:40:07.260+0000] {logging_mixin.py:188} INFO - [2026-07-02T16:40:07.260+0000] {dagbag.py:545} INFO - Filling up the DagBag from /usr/local/python/3.12.1/lib/python3.12/site-packages/airflow/example_dags/example_task_group.py
[2026-07-02T16:40:07.283+0000] {processor.py:840} INFO - DAG(s) 'example_task_group' retrieved from /usr/local/python/3.12.1/lib/python3.12/site-packages/airflow/example_dags/example_task_group.py
[2026-07-02T16:40:07.303+0000] {logging_mixin.py:188} INFO - [2026-07-02T16:40:07.303+0000] {dag.py:3089} INFO - Sync 1 DAGs
[2026-07-02T16:40:07.327+0000] {logging_mixin.py:188} INFO - [2026-07-02T16:40:07.326+0000] {dag.py:3947} INFO - Setting next_dagrun for example_task_group to 2026-07-01 00:00:00+00:00, run_after=2026-07-02 00:00:00+00:00
[2026-07-02T16:40:07.354+0000] {processor.py:183} INFO - Processing /usr/local/python/3.12.1/lib/python3.12/site-packages/airflow/example_dags/example_task_group.py took 0.103 seconds
[2026-07-02T16:41:01.285+0000] {processor.py:161} INFO - Started process (PID=141676) to work on /usr/local/python/3.12.1/lib/python3.12/site-packages/airflow/example_dags/example_task_group.py
[2026-07-02T16:41:01.286+0000] {processor.py:830} INFO - Processing file /usr/local/python/3.12.1/lib/python3.12/site-packages/airflow/example_dags/example_task_group.py for tasks to queue
[2026-07-02T16:41:01.288+0000] {logging_mixin.py:188} INFO - [2026-07-02T16:41:01.288+0000] {dagbag.py:545} INFO - Filling up the DagBag from /usr/local/python/3.12.1/lib/python3.12/site-packages/airflow/example_dags/example_task_group.py
[2026-07-02T16:41:01.295+0000] {processor.py:840} INFO - DAG(s) 'example_task_group' retrieved from /usr/local/python/3.12.1/lib/python3.12/site-packages/airflow/example_dags/example_task_group.py
[2026-07-02T16:41:01.308+0000] {logging_mixin.py:188} INFO - [2026-07-02T16:41:01.308+0000] {dag.py:3089} INFO - Sync 1 DAGs
[2026-07-02T16:41:01.323+0000] {logging_mixin.py:188} INFO - [2026-07-02T16:41:01.323+0000] {dag.py:3947} INFO - Setting next_dagrun for example_task_group to 2026-07-01 00:00:00+00:00, run_after=2026-07-02 00:00:00+00:00
[2026-07-02T16:41:01.340+0000] {processor.py:183} INFO - Processing /usr/local/python/3.12.1/lib/python3.12/site-packages/airflow/example_dags/example_task_group.py took 0.061 seconds
[2026-07-02T16:41:58.362+0000] {processor.py:161} INFO - Started process (PID=142558) to work on /usr/local/python/3.12.1/lib/python3.12/site-packages/airflow/example_dags/example_task_group.py
[2026-07-02T16:41:58.422+0000] {processor.py:830} INFO - Processing file /usr/local/python/3.12.1/lib/python3.12/site-packages/airflow/example_dags/example_task_group.py for tasks to queue
[2026-07-02T16:41:58.428+0000] {logging_mixin.py:188} INFO - [2026-07-02T16:41:58.427+0000] {dagbag.py:545} INFO - Filling up the DagBag from /usr/local/python/3.12.1/lib/python3.12/site-packages/airflow/example_dags/example_task_group.py
[2026-07-02T16:41:58.454+0000] {processor.py:840} INFO - DAG(s) 'example_task_group' retrieved from /usr/local/python/3.12.1/lib/python3.12/site-packages/airflow/example_dags/example_task_group.py
[2026-07-02T16:41:58.477+0000] {logging_mixin.py:188} INFO - [2026-07-02T16:41:58.476+0000] {dag.py:3089} INFO - Sync 1 DAGs
[2026-07-02T16:41:58.498+0000] {logging_mixin.py:188} INFO - [2026-07-02T16:41:58.498+0000] {dag.py:3947} INFO - Setting next_dagrun for example_task_group to 2026-07-01 00:00:00+00:00, run_after=2026-07-02 00:00:00+00:00
[2026-07-02T16:41:58.540+0000] {processor.py:183} INFO - Processing /usr/local/python/3.12.1/lib/python3.12/site-packages/airflow/example_dags/example_task_group.py took 0.201 seconds
[2026-07-02T16:43:15.889+0000] {processor.py:161} INFO - Started process (PID=143711) to work on /usr/local/python/3.12.1/lib/python3.12/site-packages/airflow/example_dags/example_task_group.py
[2026-07-02T16:43:15.892+0000] {processor.py:830} INFO - Processing file /usr/local/python/3.12.1/lib/python3.12/site-packages/airflow/example_dags/example_task_group.py for tasks to queue
[2026-07-02T16:43:15.893+0000] {logging_mixin.py:188} INFO - [2026-07-02T16:43:15.893+0000] {dagbag.py:545} INFO - Filling up the DagBag from /usr/local/python/3.12.1/lib/python3.12/site-packages/airflow/example_dags/example_task_group.py
[2026-07-02T16:43:15.901+0000] {processor.py:840} INFO - DAG(s) 'example_task_group' retrieved from /usr/local/python/3.12.1/lib/python3.12/site-packages/airflow/example_dags/example_task_group.py
[2026-07-02T16:43:15.920+0000] {logging_mixin.py:188} INFO - [2026-07-02T16:43:15.920+0000] {dag.py:3089} INFO - Sync 1 DAGs
[2026-07-02T16:43:15.943+0000] {logging_mixin.py:188} INFO - [2026-07-02T16:43:15.943+0000] {dag.py:3947} INFO - Setting next_dagrun for example_task_group to 2026-07-01 00:00:00+00:00, run_after=2026-07-02 00:00:00+00:00
[2026-07-02T16:43:15.967+0000] {processor.py:183} INFO - Processing /usr/local/python/3.12.1/lib/python3.12/site-packages/airflow/example_dags/example_task_group.py took 0.085 seconds
[2026-07-02T16:44:20.604+0000] {processor.py:161} INFO - Started process (PID=145306) to work on /usr/local/python/3.12.1/lib/python3.12/site-packages/airflow/example_dags/example_task_group.py
[2026-07-02T16:44:20.607+0000] {processor.py:830} INFO - Processing file /usr/local/python/3.12.1/lib/python3.12/site-packages/airflow/example_dags/example_task_group.py for tasks to queue
[2026-07-02T16:44:20.608+0000] {logging_mixin.py:188} INFO - [2026-07-02T16:44:20.608+0000] {dagbag.py:545} INFO - Filling up the DagBag from /usr/local/python/3.12.1/lib/python3.12/site-packages/airflow/example_dags/example_task_group.py
[2026-07-02T16:44:20.614+0000] {processor.py:840} INFO - DAG(s) 'example_task_group' retrieved from /usr/local/python/3.12.1/lib/python3.12/site-packages/airflow/example_dags/example_task_group.py
[2026-07-02T16:44:20.628+0000] {logging_mixin.py:188} INFO - [2026-07-02T16:44:20.627+0000] {dag.py:3089} INFO - Sync 1 DAGs
[2026-07-02T16:44:20.643+0000] {logging_mixin.py:188} INFO - [2026-07-02T16:44:20.642+0000] {dag.py:3947} INFO - Setting next_dagrun for example_task_group to 2026-07-01 00:00:00+00:00, run_after=2026-07-02 00:00:00+00:00
[2026-07-02T16:44:20.660+0000] {processor.py:183} INFO - Processing /usr/local/python/3.12.1/lib/python3.12/site-packages/airflow/example_dags/example_task_group.py took 0.060 seconds
[2026-07-02T16:45:30.806+0000] {processor.py:161} INFO - Started process (PID=147792) to work on /usr/local/python/3.12.1/lib/python3.12/site-packages/airflow/example_dags/example_task_group.py
[2026-07-02T16:45:30.809+0000] {processor.py:830} INFO - Processing file /usr/local/python/3.12.1/lib/python3.12/site-packages/airflow/example_dags/example_task_group.py for tasks to queue
[2026-07-02T16:45:30.811+0000] {logging_mixin.py:188} INFO - [2026-07-02T16:45:30.810+0000] {dagbag.py:545} INFO - Filling up the DagBag from /usr/local/python/3.12.1/lib/python3.12/site-packages/airflow/example_dags/example_task_group.py
[2026-07-02T16:45:30.818+0000] {processor.py:840} INFO - DAG(s) 'example_task_group' retrieved from /usr/local/python/3.12.1/lib/python3.12/site-packages/airflow/example_dags/example_task_group.py
[2026-07-02T16:45:30.840+0000] {logging_mixin.py:188} INFO - [2026-07-02T16:45:30.840+0000] {dag.py:3089} INFO - Sync 1 DAGs
[2026-07-02T16:45:30.861+0000] {logging_mixin.py:188} INFO - [2026-07-02T16:45:30.861+0000] {dag.py:3947} INFO - Setting next_dagrun for example_task_group to 2026-07-01 00:00:00+00:00, run_after=2026-07-02 00:00:00+00:00
[2026-07-02T16:45:30.880+0000] {processor.py:183} INFO - Processing /usr/local/python/3.12.1/lib/python3.12/site-packages/airflow/example_dags/example_task_group.py took 0.079 seconds
[2026-07-02T16:46:26.785+0000] {processor.py:161} INFO - Started process (PID=149485) to work on /usr/local/python/3.12.1/lib/python3.12/site-packages/airflow/example_dags/example_task_group.py
[2026-07-02T16:46:26.787+0000] {processor.py:830} INFO - Processing file /usr/local/python/3.12.1/lib/python3.12/site-packages/airflow/example_dags/example_task_group.py for tasks to queue
[2026-07-02T16:46:26.790+0000] {logging_mixin.py:188} INFO - [2026-07-02T16:46:26.789+0000] {dagbag.py:545} INFO - Filling up the DagBag from /usr/local/python/3.12.1/lib/python3.12/site-packages/airflow/example_dags/example_task_group.py
[2026-07-02T16:46:26.804+0000] {processor.py:840} INFO - DAG(s) 'example_task_group' retrieved from /usr/local/python/3.12.1/lib/python3.12/site-packages/airflow/example_dags/example_task_group.py
[2026-07-02T16:46:26.835+0000] {logging_mixin.py:188} INFO - [2026-07-02T16:46:26.834+0000] {dag.py:3089} INFO - Sync 1 DAGs
[2026-07-02T16:46:26.906+0000] {logging_mixin.py:188} INFO - [2026-07-02T16:46:26.906+0000] {dag.py:3947} INFO - Setting next_dagrun for example_task_group to 2026-07-01 00:00:00+00:00, run_after=2026-07-02 00:00:00+00:00
[2026-07-02T16:46:26.978+0000] {processor.py:183} INFO - Processing /usr/local/python/3.12.1/lib/python3.12/site-packages/airflow/example_dags/example_task_group.py took 0.204 seconds
[2026-07-02T16:47:25.423+0000] {processor.py:161} INFO - Started process (PID=151637) to work on /usr/local/python/3.12.1/lib/python3.12/site-packages/airflow/example_dags/example_task_group.py
[2026-07-02T16:47:25.424+0000] {processor.py:830} INFO - Processing file /usr/local/python/3.12.1/lib/python3.12/site-packages/airflow/example_dags/example_task_group.py for tasks to queue
[2026-07-02T16:47:25.425+0000] {logging_mixin.py:188} INFO - [2026-07-02T16:47:25.425+0000] {dagbag.py:545} INFO - Filling up the DagBag from /usr/local/python/3.12.1/lib/python3.12/site-packages/airflow/example_dags/example_task_group.py
[2026-07-02T16:47:25.431+0000] {processor.py:840} INFO - DAG(s) 'example_task_group' retrieved from /usr/local/python/3.12.1/lib/python3.12/site-packages/airflow/example_dags/example_task_group.py
[2026-07-02T16:47:25.445+0000] {logging_mixin.py:188} INFO - [2026-07-02T16:47:25.445+0000] {dag.py:3089} INFO - Sync 1 DAGs
[2026-07-02T16:47:25.460+0000] {logging_mixin.py:188} INFO - [2026-07-02T16:47:25.460+0000] {dag.py:3947} INFO - Setting next_dagrun for example_task_group to 2026-07-01 00:00:00+00:00, run_after=2026-07-02 00:00:00+00:00
[2026-07-02T16:47:25.492+0000] {processor.py:183} INFO - Processing /usr/local/python/3.12.1/lib/python3.12/site-packages/airflow/example_dags/example_task_group.py took 0.074 seconds
[2026-07-02T16:48:22.054+0000] {processor.py:161} INFO - Started process (PID=152893) to work on /usr/local/python/3.12.1/lib/python3.12/site-packages/airflow/example_dags/example_task_group.py
[2026-07-02T16:48:22.056+0000] {processor.py:830} INFO - Processing file /usr/local/python/3.12.1/lib/python3.12/site-packages/airflow/example_dags/example_task_group.py for tasks to queue
[2026-07-02T16:48:22.057+0000] {logging_mixin.py:188} INFO - [2026-07-02T16:48:22.057+0000] {dagbag.py:545} INFO - Filling up the DagBag from /usr/local/python/3.12.1/lib/python3.12/site-packages/airflow/example_dags/example_task_group.py
[2026-07-02T16:48:22.064+0000] {processor.py:840} INFO - DAG(s) 'example_task_group' retrieved from /usr/local/python/3.12.1/lib/python3.12/site-packages/airflow/example_dags/example_task_group.py
[2026-07-02T16:48:22.080+0000] {logging_mixin.py:188} INFO - [2026-07-02T16:48:22.080+0000] {dag.py:3089} INFO - Sync 1 DAGs
[2026-07-02T16:48:22.102+0000] {logging_mixin.py:188} INFO - [2026-07-02T16:48:22.102+0000] {dag.py:3947} INFO - Setting next_dagrun for example_task_group to 2026-07-01 00:00:00+00:00, run_after=2026-07-02 00:00:00+00:00
[2026-07-02T16:48:22.120+0000] {processor.py:183} INFO - Processing /usr/local/python/3.12.1/lib/python3.12/site-packages/airflow/example_dags/example_task_group.py took 0.070 seconds
[2026-07-02T16:49:09.539+0000] {processor.py:161} INFO - Started process (PID=153606) to work on /usr/local/python/3.12.1/lib/python3.12/site-packages/airflow/example_dags/example_task_group.py
[2026-07-02T16:49:09.540+0000] {processor.py:830} INFO - Processing file /usr/local/python/3.12.1/lib/python3.12/site-packages/airflow/example_dags/example_task_group.py for tasks to queue
[2026-07-02T16:49:09.541+0000] {logging_mixin.py:188} INFO - [2026-07-02T16:49:09.541+0000] {dagbag.py:545} INFO - Filling up the DagBag from /usr/local/python/3.12.1/lib/python3.12/site-packages/airflow/example_dags/example_task_group.py
[2026-07-02T16:49:09.547+0000] {processor.py:840} INFO - DAG(s) 'example_task_group' retrieved from /usr/local/python/3.12.1/lib/python3.12/site-packages/airflow/example_dags/example_task_group.py
[2026-07-02T16:49:09.560+0000] {logging_mixin.py:188} INFO - [2026-07-02T16:49:09.560+0000] {dag.py:3089} INFO - Sync 1 DAGs
[2026-07-02T16:49:09.575+0000] {logging_mixin.py:188} INFO - [2026-07-02T16:49:09.575+0000] {dag.py:3947} INFO - Setting next_dagrun for example_task_group to 2026-07-01 00:00:00+00:00, run_after=2026-07-02 00:00:00+00:00
[2026-07-02T16:49:09.597+0000] {processor.py:183} INFO - Processing /usr/local/python/3.12.1/lib/python3.12/site-packages/airflow/example_dags/example_task_group.py took 0.063 seconds
[2026-07-02T16:49:56.078+0000] {processor.py:161} INFO - Started process (PID=154176) to work on /usr/local/python/3.12.1/lib/python3.12/site-packages/airflow/example_dags/example_task_group.py
[2026-07-02T16:49:56.079+0000] {processor.py:830} INFO - Processing file /usr/local/python/3.12.1/lib/python3.12/site-packages/airflow/example_dags/example_task_group.py for tasks to queue
[2026-07-02T16:49:56.081+0000] {logging_mixin.py:188} INFO - [2026-07-02T16:49:56.080+0000] {dagbag.py:545} INFO - Filling up the DagBag from /usr/local/python/3.12.1/lib/python3.12/site-packages/airflow/example_dags/example_task_group.py
[2026-07-02T16:49:56.089+0000] {processor.py:840} INFO - DAG(s) 'example_task_group' retrieved from /usr/local/python/3.12.1/lib/python3.12/site-packages/airflow/example_dags/example_task_group.py
[2026-07-02T16:49:56.104+0000] {logging_mixin.py:188} INFO - [2026-07-02T16:49:56.104+0000] {dag.py:3089} INFO - Sync 1 DAGs
[2026-07-02T16:49:56.119+0000] {logging_mixin.py:188} INFO - [2026-07-02T16:49:56.119+0000] {dag.py:3947} INFO - Setting next_dagrun for example_task_group to 2026-07-01 00:00:00+00:00, run_after=2026-07-02 00:00:00+00:00
[2026-07-02T16:49:56.136+0000] {processor.py:183} INFO - Processing /usr/local/python/3.12.1/lib/python3.12/site-packages/airflow/example_dags/example_task_group.py took 0.063 seconds
[2026-07-02T16:50:42.722+0000] {processor.py:161} INFO - Started process (PID=154789) to work on /usr/local/python/3.12.1/lib/python3.12/site-packages/airflow/example_dags/example_task_group.py
[2026-07-02T16:50:42.723+0000] {processor.py:830} INFO - Processing file /usr/local/python/3.12.1/lib/python3.12/site-packages/airflow/example_dags/example_task_group.py for tasks to queue
[2026-07-02T16:50:42.724+0000] {logging_mixin.py:188} INFO - [2026-07-02T16:50:42.724+0000] {dagbag.py:545} INFO - Filling up the DagBag from /usr/local/python/3.12.1/lib/python3.12/site-packages/airflow/example_dags/example_task_group.py
[2026-07-02T16:50:42.730+0000] {processor.py:840} INFO - DAG(s) 'example_task_group' retrieved from /usr/local/python/3.12.1/lib/python3.12/site-packages/airflow/example_dags/example_task_group.py
[2026-07-02T16:50:42.743+0000] {logging_mixin.py:188} INFO - [2026-07-02T16:50:42.743+0000] {dag.py:3089} INFO - Sync 1 DAGs
[2026-07-02T16:50:42.758+0000] {logging_mixin.py:188} INFO - [2026-07-02T16:50:42.758+0000] {dag.py:3947} INFO - Setting next_dagrun for example_task_group to 2026-07-01 00:00:00+00:00, run_after=2026-07-02 00:00:00+00:00
[2026-07-02T16:50:42.775+0000] {processor.py:183} INFO - Processing /usr/local/python/3.12.1/lib/python3.12/site-packages/airflow/example_dags/example_task_group.py took 0.057 seconds
[2026-07-02T16:51:28.723+0000] {processor.py:161} INFO - Started process (PID=155281) to work on /usr/local/python/3.12.1/lib/python3.12/site-packages/airflow/example_dags/example_task_group.py
[2026-07-02T16:51:28.724+0000] {processor.py:830} INFO - Processing file /usr/local/python/3.12.1/lib/python3.12/site-packages/airflow/example_dags/example_task_group.py for tasks to queue
[2026-07-02T16:51:28.727+0000] {logging_mixin.py:188} INFO - [2026-07-02T16:51:28.727+0000] {dagbag.py:545} INFO - Filling up the DagBag from /usr/local/python/3.12.1/lib/python3.12/site-packages/airflow/example_dags/example_task_group.py
[2026-07-02T16:51:28.745+0000] {processor.py:840} INFO - DAG(s) 'example_task_group' retrieved from /usr/local/python/3.12.1/lib/python3.12/site-packages/airflow/example_dags/example_task_group.py
[2026-07-02T16:51:28.772+0000] {logging_mixin.py:188} INFO - [2026-07-02T16:51:28.771+0000] {dag.py:3089} INFO - Sync 1 DAGs
[2026-07-02T16:51:28.796+0000] {logging_mixin.py:188} INFO - [2026-07-02T16:51:28.796+0000] {dag.py:3947} INFO - Setting next_dagrun for example_task_group to 2026-07-01 00:00:00+00:00, run_after=2026-07-02 00:00:00+00:00
[2026-07-02T16:51:28.822+0000] {processor.py:183} INFO - Processing /usr/local/python/3.12.1/lib/python3.12/site-packages/airflow/example_dags/example_task_group.py took 0.106 seconds
[2026-07-02T16:52:11.156+0000] {processor.py:161} INFO - Started process (PID=155723) to work on /usr/local/python/3.12.1/lib/python3.12/site-packages/airflow/example_dags/example_task_group.py
[2026-07-02T16:52:11.157+0000] {processor.py:830} INFO - Processing file /usr/local/python/3.12.1/lib/python3.12/site-packages/airflow/example_dags/example_task_group.py for tasks to queue
[2026-07-02T16:52:11.158+0000] {logging_mixin.py:188} INFO - [2026-07-02T16:52:11.158+0000] {dagbag.py:545} INFO - Filling up the DagBag from /usr/local/python/3.12.1/lib/python3.12/site-packages/airflow/example_dags/example_task_group.py
[2026-07-02T16:52:11.164+0000] {processor.py:840} INFO - DAG(s) 'example_task_group' retrieved from /usr/local/python/3.12.1/lib/python3.12/site-packages/airflow/example_dags/example_task_group.py
[2026-07-02T16:52:11.178+0000] {logging_mixin.py:188} INFO - [2026-07-02T16:52:11.177+0000] {dag.py:3089} INFO - Sync 1 DAGs
[2026-07-02T16:52:11.198+0000] {logging_mixin.py:188} INFO - [2026-07-02T16:52:11.198+0000] {dag.py:3947} INFO - Setting next_dagrun for example_task_group to 2026-07-01 00:00:00+00:00, run_after=2026-07-02 00:00:00+00:00
[2026-07-02T16:52:11.214+0000] {processor.py:183} INFO - Processing /usr/local/python/3.12.1/lib/python3.12/site-packages/airflow/example_dags/example_task_group.py took 0.062 seconds
[2026-07-02T16:52:52.406+0000] {processor.py:161} INFO - Started process (PID=156152) to work on /usr/local/python/3.12.1/lib/python3.12/site-packages/airflow/example_dags/example_task_group.py
[2026-07-02T16:52:52.406+0000] {processor.py:830} INFO - Processing file /usr/local/python/3.12.1/lib/python3.12/site-packages/airflow/example_dags/example_task_group.py for tasks to queue
[2026-07-02T16:52:52.408+0000] {logging_mixin.py:188} INFO - [2026-07-02T16:52:52.408+0000] {dagbag.py:545} INFO - Filling up the DagBag from /usr/local/python/3.12.1/lib/python3.12/site-packages/airflow/example_dags/example_task_group.py
[2026-07-02T16:52:52.414+0000] {processor.py:840} INFO - DAG(s) 'example_task_group' retrieved from /usr/local/python/3.12.1/lib/python3.12/site-packages/airflow/example_dags/example_task_group.py
[2026-07-02T16:52:52.428+0000] {logging_mixin.py:188} INFO - [2026-07-02T16:52:52.428+0000] {dag.py:3089} INFO - Sync 1 DAGs
[2026-07-02T16:52:52.443+0000] {logging_mixin.py:188} INFO - [2026-07-02T16:52:52.443+0000] {dag.py:3947} INFO - Setting next_dagrun for example_task_group to 2026-07-01 00:00:00+00:00, run_after=2026-07-02 00:00:00+00:00
[2026-07-02T16:52:52.460+0000] {processor.py:183} INFO - Processing /usr/local/python/3.12.1/lib/python3.12/site-packages/airflow/example_dags/example_task_group.py took 0.059 seconds
[2026-07-02T16:53:34.219+0000] {processor.py:161} INFO - Started process (PID=156620) to work on /usr/local/python/3.12.1/lib/python3.12/site-packages/airflow/example_dags/example_task_group.py
[2026-07-02T16:53:34.220+0000] {processor.py:830} INFO - Processing file /usr/local/python/3.12.1/lib/python3.12/site-packages/airflow/example_dags/example_task_group.py for tasks to queue
[2026-07-02T16:53:34.222+0000] {logging_mixin.py:188} INFO - [2026-07-02T16:53:34.221+0000] {dagbag.py:545} INFO - Filling up the DagBag from /usr/local/python/3.12.1/lib/python3.12/site-packages/airflow/example_dags/example_task_group.py
[2026-07-02T16:53:34.227+0000] {processor.py:840} INFO - DAG(s) 'example_task_group' retrieved from /usr/local/python/3.12.1/lib/python3.12/site-packages/airflow/example_dags/example_task_group.py
[2026-07-02T16:53:34.246+0000] {logging_mixin.py:188} INFO - [2026-07-02T16:53:34.246+0000] {dag.py:3089} INFO - Sync 1 DAGs
[2026-07-02T16:53:34.269+0000] {logging_mixin.py:188} INFO - [2026-07-02T16:53:34.269+0000] {dag.py:3947} INFO - Setting next_dagrun for example_task_group to 2026-07-01 00:00:00+00:00, run_after=2026-07-02 00:00:00+00:00
[2026-07-02T16:53:34.314+0000] {processor.py:183} INFO - Processing /usr/local/python/3.12.1/lib/python3.12/site-packages/airflow/example_dags/example_task_group.py took 0.099 seconds
[2026-07-02T16:54:27.312+0000] {processor.py:161} INFO - Started process (PID=157141) to work on /usr/local/python/3.12.1/lib/python3.12/site-packages/airflow/example_dags/example_task_group.py
[2026-07-02T16:54:27.313+0000] {processor.py:830} INFO - Processing file /usr/local/python/3.12.1/lib/python3.12/site-packages/airflow/example_dags/example_task_group.py for tasks to queue
[2026-07-02T16:54:27.315+0000] {logging_mixin.py:188} INFO - [2026-07-02T16:54:27.314+0000] {dagbag.py:545} INFO - Filling up the DagBag from /usr/local/python/3.12.1/lib/python3.12/site-packages/airflow/example_dags/example_task_group.py
[2026-07-02T16:54:27.321+0000] {processor.py:840} INFO - DAG(s) 'example_task_group' retrieved from /usr/local/python/3.12.1/lib/python3.12/site-packages/airflow/example_dags/example_task_group.py
[2026-07-02T16:54:27.334+0000] {logging_mixin.py:188} INFO - [2026-07-02T16:54:27.334+0000] {dag.py:3089} INFO - Sync 1 DAGs
[2026-07-02T16:54:27.349+0000] {logging_mixin.py:188} INFO - [2026-07-02T16:54:27.349+0000] {dag.py:3947} INFO - Setting next_dagrun for example_task_group to 2026-07-01 00:00:00+00:00, run_after=2026-07-02 00:00:00+00:00
[2026-07-02T16:54:27.365+0000] {processor.py:183} INFO - Processing /usr/local/python/3.12.1/lib/python3.12/site-packages/airflow/example_dags/example_task_group.py took 0.057 seconds
[2026-07-02T16:55:06.325+0000] {processor.py:161} INFO - Started process (PID=157580) to work on /usr/local/python/3.12.1/lib/python3.12/site-packages/airflow/example_dags/example_task_group.py
[2026-07-02T16:55:06.326+0000] {processor.py:830} INFO - Processing file /usr/local/python/3.12.1/lib/python3.12/site-packages/airflow/example_dags/example_task_group.py for tasks to queue
[2026-07-02T16:55:06.328+0000] {logging_mixin.py:188} INFO - [2026-07-02T16:55:06.327+0000] {dagbag.py:545} INFO - Filling up the DagBag from /usr/local/python/3.12.1/lib/python3.12/site-packages/airflow/example_dags/example_task_group.py
[2026-07-02T16:55:06.334+0000] {processor.py:840} INFO - DAG(s) 'example_task_group' retrieved from /usr/local/python/3.12.1/lib/python3.12/site-packages/airflow/example_dags/example_task_group.py
[2026-07-02T16:55:06.347+0000] {logging_mixin.py:188} INFO - [2026-07-02T16:55:06.347+0000] {dag.py:3089} INFO - Sync 1 DAGs
[2026-07-02T16:55:06.362+0000] {logging_mixin.py:188} INFO - [2026-07-02T16:55:06.362+0000] {dag.py:3947} INFO - Setting next_dagrun for example_task_group to 2026-07-01 00:00:00+00:00, run_after=2026-07-02 00:00:00+00:00
[2026-07-02T16:55:06.378+0000] {processor.py:183} INFO - Processing /usr/local/python/3.12.1/lib/python3.12/site-packages/airflow/example_dags/example_task_group.py took 0.058 seconds
[2026-07-02T16:55:48.555+0000] {processor.py:161} INFO - Started process (PID=158030) to work on /usr/local/python/3.12.1/lib/python3.12/site-packages/airflow/example_dags/example_task_group.py
[2026-07-02T16:55:48.556+0000] {processor.py:830} INFO - Processing file /usr/local/python/3.12.1/lib/python3.12/site-packages/airflow/example_dags/example_task_group.py for tasks to queue
[2026-07-02T16:55:48.558+0000] {logging_mixin.py:188} INFO - [2026-07-02T16:55:48.557+0000] {dagbag.py:545} INFO - Filling up the DagBag from /usr/local/python/3.12.1/lib/python3.12/site-packages/airflow/example_dags/example_task_group.py
[2026-07-02T16:55:48.563+0000] {processor.py:840} INFO - DAG(s) 'example_task_group' retrieved from /usr/local/python/3.12.1/lib/python3.12/site-packages/airflow/example_dags/example_task_group.py
[2026-07-02T16:55:48.577+0000] {logging_mixin.py:188} INFO - [2026-07-02T16:55:48.577+0000] {dag.py:3089} INFO - Sync 1 DAGs
[2026-07-02T16:55:48.596+0000] {logging_mixin.py:188} INFO - [2026-07-02T16:55:48.596+0000] {dag.py:3947} INFO - Setting next_dagrun for example_task_group to 2026-07-01 00:00:00+00:00, run_after=2026-07-02 00:00:00+00:00
[2026-07-02T16:55:48.613+0000] {processor.py:183} INFO - Processing /usr/local/python/3.12.1/lib/python3.12/site-packages/airflow/example_dags/example_task_group.py took 0.062 seconds
[2026-07-02T16:56:29.811+0000] {processor.py:161} INFO - Started process (PID=158496) to work on /usr/local/python/3.12.1/lib/python3.12/site-packages/airflow/example_dags/example_task_group.py
[2026-07-02T16:56:29.811+0000] {processor.py:830} INFO - Processing file /usr/local/python/3.12.1/lib/python3.12/site-packages/airflow/example_dags/example_task_group.py for tasks to queue
[2026-07-02T16:56:29.813+0000] {logging_mixin.py:188} INFO - [2026-07-02T16:56:29.813+0000] {dagbag.py:545} INFO - Filling up the DagBag from /usr/local/python/3.12.1/lib/python3.12/site-packages/airflow/example_dags/example_task_group.py
[2026-07-02T16:56:29.819+0000] {processor.py:840} INFO - DAG(s) 'example_task_group' retrieved from /usr/local/python/3.12.1/lib/python3.12/site-packages/airflow/example_dags/example_task_group.py
[2026-07-02T16:56:29.832+0000] {logging_mixin.py:188} INFO - [2026-07-02T16:56:29.832+0000] {dag.py:3089} INFO - Sync 1 DAGs
[2026-07-02T16:56:29.847+0000] {logging_mixin.py:188} INFO - [2026-07-02T16:56:29.847+0000] {dag.py:3947} INFO - Setting next_dagrun for example_task_group to 2026-07-01 00:00:00+00:00, run_after=2026-07-02 00:00:00+00:00
[2026-07-02T16:56:29.863+0000] {processor.py:183} INFO - Processing /usr/local/python/3.12.1/lib/python3.12/site-packages/airflow/example_dags/example_task_group.py took 0.057 seconds
[2026-07-02T16:57:10.802+0000] {processor.py:161} INFO - Started process (PID=158925) to work on /usr/local/python/3.12.1/lib/python3.12/site-packages/airflow/example_dags/example_task_group.py
[2026-07-02T16:57:10.803+0000] {processor.py:830} INFO - Processing file /usr/local/python/3.12.1/lib/python3.12/site-packages/airflow/example_dags/example_task_group.py for tasks to queue
[2026-07-02T16:57:10.805+0000] {logging_mixin.py:188} INFO - [2026-07-02T16:57:10.805+0000] {dagbag.py:545} INFO - Filling up the DagBag from /usr/local/python/3.12.1/lib/python3.12/site-packages/airflow/example_dags/example_task_group.py
[2026-07-02T16:57:10.810+0000] {processor.py:840} INFO - DAG(s) 'example_task_group' retrieved from /usr/local/python/3.12.1/lib/python3.12/site-packages/airflow/example_dags/example_task_group.py
[2026-07-02T16:57:10.823+0000] {logging_mixin.py:188} INFO - [2026-07-02T16:57:10.823+0000] {dag.py:3089} INFO - Sync 1 DAGs
[2026-07-02T16:57:10.838+0000] {logging_mixin.py:188} INFO - [2026-07-02T16:57:10.838+0000] {dag.py:3947} INFO - Setting next_dagrun for example_task_group to 2026-07-01 00:00:00+00:00, run_after=2026-07-02 00:00:00+00:00
[2026-07-02T16:57:10.854+0000] {processor.py:183} INFO - Processing /usr/local/python/3.12.1/lib/python3.12/site-packages/airflow/example_dags/example_task_group.py took 0.056 seconds
[2026-07-02T16:57:53.066+0000] {processor.py:161} INFO - Started process (PID=159321) to work on /usr/local/python/3.12.1/lib/python3.12/site-packages/airflow/example_dags/example_task_group.py
[2026-07-02T16:57:53.067+0000] {processor.py:830} INFO - Processing file /usr/local/python/3.12.1/lib/python3.12/site-packages/airflow/example_dags/example_task_group.py for tasks to queue
[2026-07-02T16:57:53.069+0000] {logging_mixin.py:188} INFO - [2026-07-02T16:57:53.069+0000] {dagbag.py:545} INFO - Filling up the DagBag from /usr/local/python/3.12.1/lib/python3.12/site-packages/airflow/example_dags/example_task_group.py
[2026-07-02T16:57:53.078+0000] {processor.py:840} INFO - DAG(s) 'example_task_group' retrieved from /usr/local/python/3.12.1/lib/python3.12/site-packages/airflow/example_dags/example_task_group.py
[2026-07-02T16:57:53.098+0000] {logging_mixin.py:188} INFO - [2026-07-02T16:57:53.097+0000] {dag.py:3089} INFO - Sync 1 DAGs
[2026-07-02T16:57:53.121+0000] {logging_mixin.py:188} INFO - [2026-07-02T16:57:53.120+0000] {dag.py:3947} INFO - Setting next_dagrun for example_task_group to 2026-07-01 00:00:00+00:00, run_after=2026-07-02 00:00:00+00:00
[2026-07-02T16:57:53.146+0000] {processor.py:183} INFO - Processing /usr/local/python/3.12.1/lib/python3.12/site-packages/airflow/example_dags/example_task_group.py took 0.086 seconds
[2026-07-02T16:58:35.893+0000] {processor.py:161} INFO - Started process (PID=159828) to work on /usr/local/python/3.12.1/lib/python3.12/site-packages/airflow/example_dags/example_task_group.py
[2026-07-02T16:58:35.895+0000] {processor.py:830} INFO - Processing file /usr/local/python/3.12.1/lib/python3.12/site-packages/airflow/example_dags/example_task_group.py for tasks to queue
[2026-07-02T16:58:35.897+0000] {logging_mixin.py:188} INFO - [2026-07-02T16:58:35.896+0000] {dagbag.py:545} INFO - Filling up the DagBag from /usr/local/python/3.12.1/lib/python3.12/site-packages/airflow/example_dags/example_task_group.py
[2026-07-02T16:58:35.909+0000] {processor.py:840} INFO - DAG(s) 'example_task_group' retrieved from /usr/local/python/3.12.1/lib/python3.12/site-packages/airflow/example_dags/example_task_group.py
[2026-07-02T16:58:35.932+0000] {logging_mixin.py:188} INFO - [2026-07-02T16:58:35.932+0000] {dag.py:3089} INFO - Sync 1 DAGs
[2026-07-02T16:58:35.953+0000] {logging_mixin.py:188} INFO - [2026-07-02T16:58:35.952+0000] {dag.py:3947} INFO - Setting next_dagrun for example_task_group to 2026-07-01 00:00:00+00:00, run_after=2026-07-02 00:00:00+00:00
[2026-07-02T16:58:35.971+0000] {processor.py:183} INFO - Processing /usr/local/python/3.12.1/lib/python3.12/site-packages/airflow/example_dags/example_task_group.py took 0.086 seconds
[2026-07-02T16:59:15.444+0000] {processor.py:161} INFO - Started process (PID=160258) to work on /usr/local/python/3.12.1/lib/python3.12/site-packages/airflow/example_dags/example_task_group.py
[2026-07-02T16:59:15.445+0000] {processor.py:830} INFO - Processing file /usr/local/python/3.12.1/lib/python3.12/site-packages/airflow/example_dags/example_task_group.py for tasks to queue
[2026-07-02T16:59:15.448+0000] {logging_mixin.py:188} INFO - [2026-07-02T16:59:15.447+0000] {dagbag.py:545} INFO - Filling up the DagBag from /usr/local/python/3.12.1/lib/python3.12/site-packages/airflow/example_dags/example_task_group.py
[2026-07-02T16:59:15.456+0000] {processor.py:840} INFO - DAG(s) 'example_task_group' retrieved from /usr/local/python/3.12.1/lib/python3.12/site-packages/airflow/example_dags/example_task_group.py
[2026-07-02T16:59:15.481+0000] {logging_mixin.py:188} INFO - [2026-07-02T16:59:15.481+0000] {dag.py:3089} INFO - Sync 1 DAGs
[2026-07-02T16:59:15.505+0000] {logging_mixin.py:188} INFO - [2026-07-02T16:59:15.505+0000] {dag.py:3947} INFO - Setting next_dagrun for example_task_group to 2026-07-01 00:00:00+00:00, run_after=2026-07-02 00:00:00+00:00
[2026-07-02T16:59:15.536+0000] {processor.py:183} INFO - Processing /usr/local/python/3.12.1/lib/python3.12/site-packages/airflow/example_dags/example_task_group.py took 0.101 seconds
[2026-07-02T16:59:55.853+0000] {processor.py:161} INFO - Started process (PID=160649) to work on /usr/local/python/3.12.1/lib/python3.12/site-packages/airflow/example_dags/example_task_group.py
[2026-07-02T16:59:55.854+0000] {processor.py:830} INFO - Processing file /usr/local/python/3.12.1/lib/python3.12/site-packages/airflow/example_dags/example_task_group.py for tasks to queue
[2026-07-02T16:59:55.856+0000] {logging_mixin.py:188} INFO - [2026-07-02T16:59:55.855+0000] {dagbag.py:545} INFO - Filling up the DagBag from /usr/local/python/3.12.1/lib/python3.12/site-packages/airflow/example_dags/example_task_group.py
[2026-07-02T16:59:55.864+0000] {processor.py:840} INFO - DAG(s) 'example_task_group' retrieved from /usr/local/python/3.12.1/lib/python3.12/site-packages/airflow/example_dags/example_task_group.py
[2026-07-02T16:59:55.884+0000] {logging_mixin.py:188} INFO - [2026-07-02T16:59:55.883+0000] {dag.py:3089} INFO - Sync 1 DAGs
[2026-07-02T16:59:55.905+0000] {logging_mixin.py:188} INFO - [2026-07-02T16:59:55.905+0000] {dag.py:3947} INFO - Setting next_dagrun for example_task_group to 2026-07-01 00:00:00+00:00, run_after=2026-07-02 00:00:00+00:00
[2026-07-02T16:59:55.936+0000] {processor.py:183} INFO - Processing /usr/local/python/3.12.1/lib/python3.12/site-packages/airflow/example_dags/example_task_group.py took 0.089 seconds
[2026-07-02T17:00:37.703+0000] {processor.py:161} INFO - Started process (PID=161096) to work on /usr/local/python/3.12.1/lib/python3.12/site-packages/airflow/example_dags/example_task_group.py
[2026-07-02T17:00:37.704+0000] {processor.py:830} INFO - Processing file /usr/local/python/3.12.1/lib/python3.12/site-packages/airflow/example_dags/example_task_group.py for tasks to queue
[2026-07-02T17:00:37.706+0000] {logging_mixin.py:188} INFO - [2026-07-02T17:00:37.706+0000] {dagbag.py:545} INFO - Filling up the DagBag from /usr/local/python/3.12.1/lib/python3.12/site-packages/airflow/example_dags/example_task_group.py
[2026-07-02T17:00:37.715+0000] {processor.py:840} INFO - DAG(s) 'example_task_group' retrieved from /usr/local/python/3.12.1/lib/python3.12/site-packages/airflow/example_dags/example_task_group.py
[2026-07-02T17:00:37.736+0000] {logging_mixin.py:188} INFO - [2026-07-02T17:00:37.736+0000] {dag.py:3089} INFO - Sync 1 DAGs
[2026-07-02T17:00:37.752+0000] {logging_mixin.py:188} INFO - [2026-07-02T17:00:37.752+0000] {dag.py:3947} INFO - Setting next_dagrun for example_task_group to 2026-07-01 00:00:00+00:00, run_after=2026-07-02 00:00:00+00:00
[2026-07-02T17:00:37.770+0000] {processor.py:183} INFO - Processing /usr/local/python/3.12.1/lib/python3.12/site-packages/airflow/example_dags/example_task_group.py took 0.076 seconds
[2026-07-02T17:01:17.877+0000] {processor.py:161} INFO - Started process (PID=161530) to work on /usr/local/python/3.12.1/lib/python3.12/site-packages/airflow/example_dags/example_task_group.py
[2026-07-02T17:01:17.879+0000] {processor.py:830} INFO - Processing file /usr/local/python/3.12.1/lib/python3.12/site-packages/airflow/example_dags/example_task_group.py for tasks to queue
[2026-07-02T17:01:17.884+0000] {logging_mixin.py:188} INFO - [2026-07-02T17:01:17.883+0000] {dagbag.py:545} INFO - Filling up the DagBag from /usr/local/python/3.12.1/lib/python3.12/site-packages/airflow/example_dags/example_task_group.py
[2026-07-02T17:01:17.897+0000] {processor.py:840} INFO - DAG(s) 'example_task_group' retrieved from /usr/local/python/3.12.1/lib/python3.12/site-packages/airflow/example_dags/example_task_group.py
[2026-07-02T17:01:17.930+0000] {logging_mixin.py:188} INFO - [2026-07-02T17:01:17.929+0000] {dag.py:3089} INFO - Sync 1 DAGs
[2026-07-02T17:01:17.966+0000] {logging_mixin.py:188} INFO - [2026-07-02T17:01:17.966+0000] {dag.py:3947} INFO - Setting next_dagrun for example_task_group to 2026-07-01 00:00:00+00:00, run_after=2026-07-02 00:00:00+00:00
[2026-07-02T17:01:18.031+0000] {processor.py:183} INFO - Processing /usr/local/python/3.12.1/lib/python3.12/site-packages/airflow/example_dags/example_task_group.py took 0.164 seconds
[2026-07-02T17:02:00.162+0000] {processor.py:161} INFO - Started process (PID=162003) to work on /usr/local/python/3.12.1/lib/python3.12/site-packages/airflow/example_dags/example_task_group.py
[2026-07-02T17:02:00.163+0000] {processor.py:830} INFO - Processing file /usr/local/python/3.12.1/lib/python3.12/site-packages/airflow/example_dags/example_task_group.py for tasks to queue
[2026-07-02T17:02:00.164+0000] {logging_mixin.py:188} INFO - [2026-07-02T17:02:00.164+0000] {dagbag.py:545} INFO - Filling up the DagBag from /usr/local/python/3.12.1/lib/python3.12/site-packages/airflow/example_dags/example_task_group.py
[2026-07-02T17:02:00.170+0000] {processor.py:840} INFO - DAG(s) 'example_task_group' retrieved from /usr/local/python/3.12.1/lib/python3.12/site-packages/airflow/example_dags/example_task_group.py
[2026-07-02T17:02:00.188+0000] {logging_mixin.py:188} INFO - [2026-07-02T17:02:00.188+0000] {dag.py:3089} INFO - Sync 1 DAGs
[2026-07-02T17:02:00.205+0000] {logging_mixin.py:188} INFO - [2026-07-02T17:02:00.205+0000] {dag.py:3947} INFO - Setting next_dagrun for example_task_group to 2026-07-01 00:00:00+00:00, run_after=2026-07-02 00:00:00+00:00
[2026-07-02T17:02:00.222+0000] {processor.py:183} INFO - Processing /usr/local/python/3.12.1/lib/python3.12/site-packages/airflow/example_dags/example_task_group.py took 0.064 seconds
[2026-07-02T17:02:45.679+0000] {processor.py:161} INFO - Started process (PID=162457) to work on /usr/local/python/3.12.1/lib/python3.12/site-packages/airflow/example_dags/example_task_group.py
[2026-07-02T17:02:45.680+0000] {processor.py:830} INFO - Processing file /usr/local/python/3.12.1/lib/python3.12/site-packages/airflow/example_dags/example_task_group.py for tasks to queue
[2026-07-02T17:02:45.683+0000] {logging_mixin.py:188} INFO - [2026-07-02T17:02:45.681+0000] {dagbag.py:545} INFO - Filling up the DagBag from /usr/local/python/3.12.1/lib/python3.12/site-packages/airflow/example_dags/example_task_group.py
[2026-07-02T17:02:45.693+0000] {processor.py:840} INFO - DAG(s) 'example_task_group' retrieved from /usr/local/python/3.12.1/lib/python3.12/site-packages/airflow/example_dags/example_task_group.py
[2026-07-02T17:02:45.708+0000] {logging_mixin.py:188} INFO - [2026-07-02T17:02:45.707+0000] {dag.py:3089} INFO - Sync 1 DAGs
[2026-07-02T17:02:45.722+0000] {logging_mixin.py:188} INFO - [2026-07-02T17:02:45.722+0000] {dag.py:3947} INFO - Setting next_dagrun for example_task_group to 2026-07-01 00:00:00+00:00, run_after=2026-07-02 00:00:00+00:00
[2026-07-02T17:02:45.739+0000] {processor.py:183} INFO - Processing /usr/local/python/3.12.1/lib/python3.12/site-packages/airflow/example_dags/example_task_group.py took 0.066 seconds
[2026-07-02T17:03:29.146+0000] {processor.py:161} INFO - Started process (PID=162907) to work on /usr/local/python/3.12.1/lib/python3.12/site-packages/airflow/example_dags/example_task_group.py
[2026-07-02T17:03:29.147+0000] {processor.py:830} INFO - Processing file /usr/local/python/3.12.1/lib/python3.12/site-packages/airflow/example_dags/example_task_group.py for tasks to queue
[2026-07-02T17:03:29.149+0000] {logging_mixin.py:188} INFO - [2026-07-02T17:03:29.149+0000] {dagbag.py:545} INFO - Filling up the DagBag from /usr/local/python/3.12.1/lib/python3.12/site-packages/airflow/example_dags/example_task_group.py
[2026-07-02T17:03:29.154+0000] {processor.py:840} INFO - DAG(s) 'example_task_group' retrieved from /usr/local/python/3.12.1/lib/python3.12/site-packages/airflow/example_dags/example_task_group.py
[2026-07-02T17:03:29.167+0000] {logging_mixin.py:188} INFO - [2026-07-02T17:03:29.167+0000] {dag.py:3089} INFO - Sync 1 DAGs
[2026-07-02T17:03:29.184+0000] {logging_mixin.py:188} INFO - [2026-07-02T17:03:29.184+0000] {dag.py:3947} INFO - Setting next_dagrun for example_task_group to 2026-07-01 00:00:00+00:00, run_after=2026-07-02 00:00:00+00:00
[2026-07-02T17:03:29.204+0000] {processor.py:183} INFO - Processing /usr/local/python/3.12.1/lib/python3.12/site-packages/airflow/example_dags/example_task_group.py took 0.062 seconds
[2026-07-02T17:04:11.125+0000] {processor.py:161} INFO - Started process (PID=163401) to work on /usr/local/python/3.12.1/lib/python3.12/site-packages/airflow/example_dags/example_task_group.py
[2026-07-02T17:04:11.126+0000] {processor.py:830} INFO - Processing file /usr/local/python/3.12.1/lib/python3.12/site-packages/airflow/example_dags/example_task_group.py for tasks to queue
[2026-07-02T17:04:11.127+0000] {logging_mixin.py:188} INFO - [2026-07-02T17:04:11.127+0000] {dagbag.py:545} INFO - Filling up the DagBag from /usr/local/python/3.12.1/lib/python3.12/site-packages/airflow/example_dags/example_task_group.py
[2026-07-02T17:04:11.133+0000] {processor.py:840} INFO - DAG(s) 'example_task_group' retrieved from /usr/local/python/3.12.1/lib/python3.12/site-packages/airflow/example_dags/example_task_group.py
[2026-07-02T17:04:11.147+0000] {logging_mixin.py:188} INFO - [2026-07-02T17:04:11.147+0000] {dag.py:3089} INFO - Sync 1 DAGs
[2026-07-02T17:04:11.162+0000] {logging_mixin.py:188} INFO - [2026-07-02T17:04:11.162+0000] {dag.py:3947} INFO - Setting next_dagrun for example_task_group to 2026-07-01 00:00:00+00:00, run_after=2026-07-02 00:00:00+00:00
[2026-07-02T17:04:11.180+0000] {processor.py:183} INFO - Processing /usr/local/python/3.12.1/lib/python3.12/site-packages/airflow/example_dags/example_task_group.py took 0.060 seconds
[2026-07-02T17:04:52.713+0000] {processor.py:161} INFO - Started process (PID=163794) to work on /usr/local/python/3.12.1/lib/python3.12/site-packages/airflow/example_dags/example_task_group.py
[2026-07-02T17:04:52.714+0000] {processor.py:830} INFO - Processing file /usr/local/python/3.12.1/lib/python3.12/site-packages/airflow/example_dags/example_task_group.py for tasks to queue
[2026-07-02T17:04:52.716+0000] {logging_mixin.py:188} INFO - [2026-07-02T17:04:52.716+0000] {dagbag.py:545} INFO - Filling up the DagBag from /usr/local/python/3.12.1/lib/python3.12/site-packages/airflow/example_dags/example_task_group.py
[2026-07-02T17:04:52.724+0000] {processor.py:840} INFO - DAG(s) 'example_task_group' retrieved from /usr/local/python/3.12.1/lib/python3.12/site-packages/airflow/example_dags/example_task_group.py
[2026-07-02T17:04:52.746+0000] {logging_mixin.py:188} INFO - [2026-07-02T17:04:52.746+0000] {dag.py:3089} INFO - Sync 1 DAGs
[2026-07-02T17:04:52.777+0000] {logging_mixin.py:188} INFO - [2026-07-02T17:04:52.776+0000] {dag.py:3947} INFO - Setting next_dagrun for example_task_group to 2026-07-01 00:00:00+00:00, run_after=2026-07-02 00:00:00+00:00
[2026-07-02T17:04:52.828+0000] {processor.py:183} INFO - Processing /usr/local/python/3.12.1/lib/python3.12/site-packages/airflow/example_dags/example_task_group.py took 0.122 seconds
[2026-07-02T17:05:35.745+0000] {processor.py:161} INFO - Started process (PID=164283) to work on /usr/local/python/3.12.1/lib/python3.12/site-packages/airflow/example_dags/example_task_group.py
[2026-07-02T17:05:35.747+0000] {processor.py:830} INFO - Processing file /usr/local/python/3.12.1/lib/python3.12/site-packages/airflow/example_dags/example_task_group.py for tasks to queue
[2026-07-02T17:05:35.749+0000] {logging_mixin.py:188} INFO - [2026-07-02T17:05:35.748+0000] {dagbag.py:545} INFO - Filling up the DagBag from /usr/local/python/3.12.1/lib/python3.12/site-packages/airflow/example_dags/example_task_group.py
[2026-07-02T17:05:35.754+0000] {processor.py:840} INFO - DAG(s) 'example_task_group' retrieved from /usr/local/python/3.12.1/lib/python3.12/site-packages/airflow/example_dags/example_task_group.py
[2026-07-02T17:05:35.767+0000] {logging_mixin.py:188} INFO - [2026-07-02T17:05:35.767+0000] {dag.py:3089} INFO - Sync 1 DAGs
[2026-07-02T17:05:35.785+0000] {logging_mixin.py:188} INFO - [2026-07-02T17:05:35.785+0000] {dag.py:3947} INFO - Setting next_dagrun for example_task_group to 2026-07-01 00:00:00+00:00, run_after=2026-07-02 00:00:00+00:00
[2026-07-02T17:05:35.803+0000] {processor.py:183} INFO - Processing /usr/local/python/3.12.1/lib/python3.12/site-packages/airflow/example_dags/example_task_group.py took 0.062 seconds
[2026-07-02T17:06:19.057+0000] {processor.py:161} INFO - Started process (PID=164734) to work on /usr/local/python/3.12.1/lib/python3.12/site-packages/airflow/example_dags/example_task_group.py
[2026-07-02T17:06:19.058+0000] {processor.py:830} INFO - Processing file /usr/local/python/3.12.1/lib/python3.12/site-packages/airflow/example_dags/example_task_group.py for tasks to queue
[2026-07-02T17:06:19.059+0000] {logging_mixin.py:188} INFO - [2026-07-02T17:06:19.059+0000] {dagbag.py:545} INFO - Filling up the DagBag from /usr/local/python/3.12.1/lib/python3.12/site-packages/airflow/example_dags/example_task_group.py
[2026-07-02T17:06:19.065+0000] {processor.py:840} INFO - DAG(s) 'example_task_group' retrieved from /usr/local/python/3.12.1/lib/python3.12/site-packages/airflow/example_dags/example_task_group.py
[2026-07-02T17:06:19.080+0000] {logging_mixin.py:188} INFO - [2026-07-02T17:06:19.080+0000] {dag.py:3089} INFO - Sync 1 DAGs
[2026-07-02T17:06:19.099+0000] {logging_mixin.py:188} INFO - [2026-07-02T17:06:19.099+0000] {dag.py:3947} INFO - Setting next_dagrun for example_task_group to 2026-07-01 00:00:00+00:00, run_after=2026-07-02 00:00:00+00:00
[2026-07-02T17:06:19.116+0000] {processor.py:183} INFO - Processing /usr/local/python/3.12.1/lib/python3.12/site-packages/airflow/example_dags/example_task_group.py took 0.064 seconds
[2026-07-02T17:07:01.343+0000] {processor.py:161} INFO - Started process (PID=165180) to work on /usr/local/python/3.12.1/lib/python3.12/site-packages/airflow/example_dags/example_task_group.py
[2026-07-02T17:07:01.343+0000] {processor.py:830} INFO - Processing file /usr/local/python/3.12.1/lib/python3.12/site-packages/airflow/example_dags/example_task_group.py for tasks to queue
[2026-07-02T17:07:01.345+0000] {logging_mixin.py:188} INFO - [2026-07-02T17:07:01.345+0000] {dagbag.py:545} INFO - Filling up the DagBag from /usr/local/python/3.12.1/lib/python3.12/site-packages/airflow/example_dags/example_task_group.py
[2026-07-02T17:07:01.351+0000] {processor.py:840} INFO - DAG(s) 'example_task_group' retrieved from /usr/local/python/3.12.1/lib/python3.12/site-packages/airflow/example_dags/example_task_group.py
[2026-07-02T17:07:01.364+0000] {logging_mixin.py:188} INFO - [2026-07-02T17:07:01.364+0000] {dag.py:3089} INFO - Sync 1 DAGs
[2026-07-02T17:07:01.380+0000] {logging_mixin.py:188} INFO - [2026-07-02T17:07:01.380+0000] {dag.py:3947} INFO - Setting next_dagrun for example_task_group to 2026-07-01 00:00:00+00:00, run_after=2026-07-02 00:00:00+00:00
[2026-07-02T17:07:01.401+0000] {processor.py:183} INFO - Processing /usr/local/python/3.12.1/lib/python3.12/site-packages/airflow/example_dags/example_task_group.py took 0.063 seconds
[2026-07-02T17:07:41.334+0000] {processor.py:161} INFO - Started process (PID=165599) to work on /usr/local/python/3.12.1/lib/python3.12/site-packages/airflow/example_dags/example_task_group.py
[2026-07-02T17:07:41.334+0000] {processor.py:830} INFO - Processing file /usr/local/python/3.12.1/lib/python3.12/site-packages/airflow/example_dags/example_task_group.py for tasks to queue
[2026-07-02T17:07:41.336+0000] {logging_mixin.py:188} INFO - [2026-07-02T17:07:41.336+0000] {dagbag.py:545} INFO - Filling up the DagBag from /usr/local/python/3.12.1/lib/python3.12/site-packages/airflow/example_dags/example_task_group.py
[2026-07-02T17:07:41.342+0000] {processor.py:840} INFO - DAG(s) 'example_task_group' retrieved from /usr/local/python/3.12.1/lib/python3.12/site-packages/airflow/example_dags/example_task_group.py
[2026-07-02T17:07:41.359+0000] {logging_mixin.py:188} INFO - [2026-07-02T17:07:41.359+0000] {dag.py:3089} INFO - Sync 1 DAGs
[2026-07-02T17:07:41.376+0000] {logging_mixin.py:188} INFO - [2026-07-02T17:07:41.376+0000] {dag.py:3947} INFO - Setting next_dagrun for example_task_group to 2026-07-01 00:00:00+00:00, run_after=2026-07-02 00:00:00+00:00
[2026-07-02T17:07:41.392+0000] {processor.py:183} INFO - Processing /usr/local/python/3.12.1/lib/python3.12/site-packages/airflow/example_dags/example_task_group.py took 0.063 seconds
[2026-07-02T17:08:25.591+0000] {processor.py:161} INFO - Started process (PID=166054) to work on /usr/local/python/3.12.1/lib/python3.12/site-packages/airflow/example_dags/example_task_group.py
[2026-07-02T17:08:25.592+0000] {processor.py:830} INFO - Processing file /usr/local/python/3.12.1/lib/python3.12/site-packages/airflow/example_dags/example_task_group.py for tasks to queue
[2026-07-02T17:08:25.594+0000] {logging_mixin.py:188} INFO - [2026-07-02T17:08:25.594+0000] {dagbag.py:545} INFO - Filling up the DagBag from /usr/local/python/3.12.1/lib/python3.12/site-packages/airflow/example_dags/example_task_group.py
[2026-07-02T17:08:25.600+0000] {processor.py:840} INFO - DAG(s) 'example_task_group' retrieved from /usr/local/python/3.12.1/lib/python3.12/site-packages/airflow/example_dags/example_task_group.py
[2026-07-02T17:08:25.616+0000] {logging_mixin.py:188} INFO - [2026-07-02T17:08:25.616+0000] {dag.py:3089} INFO - Sync 1 DAGs
[2026-07-02T17:08:25.631+0000] {logging_mixin.py:188} INFO - [2026-07-02T17:08:25.631+0000] {dag.py:3947} INFO - Setting next_dagrun for example_task_group to 2026-07-01 00:00:00+00:00, run_after=2026-07-02 00:00:00+00:00
[2026-07-02T17:08:25.647+0000] {processor.py:183} INFO - Processing /usr/local/python/3.12.1/lib/python3.12/site-packages/airflow/example_dags/example_task_group.py took 0.062 seconds
[2026-07-02T17:09:11.910+0000] {processor.py:161} INFO - Started process (PID=166569) to work on /usr/local/python/3.12.1/lib/python3.12/site-packages/airflow/example_dags/example_task_group.py
[2026-07-02T17:09:11.911+0000] {processor.py:830} INFO - Processing file /usr/local/python/3.12.1/lib/python3.12/site-packages/airflow/example_dags/example_task_group.py for tasks to queue
[2026-07-02T17:09:11.912+0000] {logging_mixin.py:188} INFO - [2026-07-02T17:09:11.912+0000] {dagbag.py:545} INFO - Filling up the DagBag from /usr/local/python/3.12.1/lib/python3.12/site-packages/airflow/example_dags/example_task_group.py
[2026-07-02T17:09:11.918+0000] {processor.py:840} INFO - DAG(s) 'example_task_group' retrieved from /usr/local/python/3.12.1/lib/python3.12/site-packages/airflow/example_dags/example_task_group.py
[2026-07-02T17:09:11.931+0000] {logging_mixin.py:188} INFO - [2026-07-02T17:09:11.931+0000] {dag.py:3089} INFO - Sync 1 DAGs
[2026-07-02T17:09:11.946+0000] {logging_mixin.py:188} INFO - [2026-07-02T17:09:11.946+0000] {dag.py:3947} INFO - Setting next_dagrun for example_task_group to 2026-07-01 00:00:00+00:00, run_after=2026-07-02 00:00:00+00:00
[2026-07-02T17:09:12.062+0000] {processor.py:183} INFO - Processing /usr/local/python/3.12.1/lib/python3.12/site-packages/airflow/example_dags/example_task_group.py took 0.157 seconds
[2026-07-02T17:09:58.425+0000] {processor.py:161} INFO - Started process (PID=167039) to work on /usr/local/python/3.12.1/lib/python3.12/site-packages/airflow/example_dags/example_task_group.py
[2026-07-02T17:09:58.425+0000] {processor.py:830} INFO - Processing file /usr/local/python/3.12.1/lib/python3.12/site-packages/airflow/example_dags/example_task_group.py for tasks to queue
[2026-07-02T17:09:58.427+0000] {logging_mixin.py:188} INFO - [2026-07-02T17:09:58.427+0000] {dagbag.py:545} INFO - Filling up the DagBag from /usr/local/python/3.12.1/lib/python3.12/site-packages/airflow/example_dags/example_task_group.py
[2026-07-02T17:09:58.433+0000] {processor.py:840} INFO - DAG(s) 'example_task_group' retrieved from /usr/local/python/3.12.1/lib/python3.12/site-packages/airflow/example_dags/example_task_group.py
[2026-07-02T17:09:58.446+0000] {logging_mixin.py:188} INFO - [2026-07-02T17:09:58.446+0000] {dag.py:3089} INFO - Sync 1 DAGs
[2026-07-02T17:09:58.462+0000] {logging_mixin.py:188} INFO - [2026-07-02T17:09:58.462+0000] {dag.py:3947} INFO - Setting next_dagrun for example_task_group to 2026-07-01 00:00:00+00:00, run_after=2026-07-02 00:00:00+00:00
[2026-07-02T17:09:58.482+0000] {processor.py:183} INFO - Processing /usr/local/python/3.12.1/lib/python3.12/site-packages/airflow/example_dags/example_task_group.py took 0.062 seconds
[2026-07-02T17:10:43.372+0000] {processor.py:161} INFO - Started process (PID=167556) to work on /usr/local/python/3.12.1/lib/python3.12/site-packages/airflow/example_dags/example_task_group.py
[2026-07-02T17:10:43.372+0000] {processor.py:830} INFO - Processing file /usr/local/python/3.12.1/lib/python3.12/site-packages/airflow/example_dags/example_task_group.py for tasks to queue
[2026-07-02T17:10:43.374+0000] {logging_mixin.py:188} INFO - [2026-07-02T17:10:43.374+0000] {dagbag.py:545} INFO - Filling up the DagBag from /usr/local/python/3.12.1/lib/python3.12/site-packages/airflow/example_dags/example_task_group.py
[2026-07-02T17:10:43.382+0000] {processor.py:840} INFO - DAG(s) 'example_task_group' retrieved from /usr/local/python/3.12.1/lib/python3.12/site-packages/airflow/example_dags/example_task_group.py
[2026-07-02T17:10:43.399+0000] {logging_mixin.py:188} INFO - [2026-07-02T17:10:43.399+0000] {dag.py:3089} INFO - Sync 1 DAGs
[2026-07-02T17:10:43.415+0000] {logging_mixin.py:188} INFO - [2026-07-02T17:10:43.415+0000] {dag.py:3947} INFO - Setting next_dagrun for example_task_group to 2026-07-01 00:00:00+00:00, run_after=2026-07-02 00:00:00+00:00
[2026-07-02T17:10:43.433+0000] {processor.py:183} INFO - Processing /usr/local/python/3.12.1/lib/python3.12/site-packages/airflow/example_dags/example_task_group.py took 0.066 seconds
[2026-07-02T17:11:28.930+0000] {processor.py:161} INFO - Started process (PID=168010) to work on /usr/local/python/3.12.1/lib/python3.12/site-packages/airflow/example_dags/example_task_group.py
[2026-07-02T17:11:28.931+0000] {processor.py:830} INFO - Processing file /usr/local/python/3.12.1/lib/python3.12/site-packages/airflow/example_dags/example_task_group.py for tasks to queue
[2026-07-02T17:11:28.933+0000] {logging_mixin.py:188} INFO - [2026-07-02T17:11:28.933+0000] {dagbag.py:545} INFO - Filling up the DagBag from /usr/local/python/3.12.1/lib/python3.12/site-packages/airflow/example_dags/example_task_group.py
[2026-07-02T17:11:28.939+0000] {processor.py:840} INFO - DAG(s) 'example_task_group' retrieved from /usr/local/python/3.12.1/lib/python3.12/site-packages/airflow/example_dags/example_task_group.py
[2026-07-02T17:11:28.954+0000] {logging_mixin.py:188} INFO - [2026-07-02T17:11:28.954+0000] {dag.py:3089} INFO - Sync 1 DAGs
[2026-07-02T17:11:28.971+0000] {logging_mixin.py:188} INFO - [2026-07-02T17:11:28.971+0000] {dag.py:3947} INFO - Setting next_dagrun for example_task_group to 2026-07-01 00:00:00+00:00, run_after=2026-07-02 00:00:00+00:00
[2026-07-02T17:11:29.102+0000] {processor.py:183} INFO - Processing /usr/local/python/3.12.1/lib/python3.12/site-packages/airflow/example_dags/example_task_group.py took 0.176 seconds
[2026-07-02T17:12:13.723+0000] {processor.py:161} INFO - Started process (PID=168506) to work on /usr/local/python/3.12.1/lib/python3.12/site-packages/airflow/example_dags/example_task_group.py
[2026-07-02T17:12:13.724+0000] {processor.py:830} INFO - Processing file /usr/local/python/3.12.1/lib/python3.12/site-packages/airflow/example_dags/example_task_group.py for tasks to queue
[2026-07-02T17:12:13.725+0000] {logging_mixin.py:188} INFO - [2026-07-02T17:12:13.725+0000] {dagbag.py:545} INFO - Filling up the DagBag from /usr/local/python/3.12.1/lib/python3.12/site-packages/airflow/example_dags/example_task_group.py
[2026-07-02T17:12:13.731+0000] {processor.py:840} INFO - DAG(s) 'example_task_group' retrieved from /usr/local/python/3.12.1/lib/python3.12/site-packages/airflow/example_dags/example_task_group.py
[2026-07-02T17:12:13.744+0000] {logging_mixin.py:188} INFO - [2026-07-02T17:12:13.744+0000] {dag.py:3089} INFO - Sync 1 DAGs
[2026-07-02T17:12:13.760+0000] {logging_mixin.py:188} INFO - [2026-07-02T17:12:13.760+0000] {dag.py:3947} INFO - Setting next_dagrun for example_task_group to 2026-07-01 00:00:00+00:00, run_after=2026-07-02 00:00:00+00:00
[2026-07-02T17:12:13.778+0000] {processor.py:183} INFO - Processing /usr/local/python/3.12.1/lib/python3.12/site-packages/airflow/example_dags/example_task_group.py took 0.059 seconds
[2026-07-02T17:12:55.092+0000] {processor.py:161} INFO - Started process (PID=168907) to work on /usr/local/python/3.12.1/lib/python3.12/site-packages/airflow/example_dags/example_task_group.py
[2026-07-02T17:12:55.092+0000] {processor.py:830} INFO - Processing file /usr/local/python/3.12.1/lib/python3.12/site-packages/airflow/example_dags/example_task_group.py for tasks to queue
[2026-07-02T17:12:55.095+0000] {logging_mixin.py:188} INFO - [2026-07-02T17:12:55.095+0000] {dagbag.py:545} INFO - Filling up the DagBag from /usr/local/python/3.12.1/lib/python3.12/site-packages/airflow/example_dags/example_task_group.py
[2026-07-02T17:12:55.101+0000] {processor.py:840} INFO - DAG(s) 'example_task_group' retrieved from /usr/local/python/3.12.1/lib/python3.12/site-packages/airflow/example_dags/example_task_group.py
[2026-07-02T17:12:55.115+0000] {logging_mixin.py:188} INFO - [2026-07-02T17:12:55.115+0000] {dag.py:3089} INFO - Sync 1 DAGs
[2026-07-02T17:12:55.130+0000] {logging_mixin.py:188} INFO - [2026-07-02T17:12:55.129+0000] {dag.py:3947} INFO - Setting next_dagrun for example_task_group to 2026-07-01 00:00:00+00:00, run_after=2026-07-02 00:00:00+00:00
[2026-07-02T17:12:55.147+0000] {processor.py:183} INFO - Processing /usr/local/python/3.12.1/lib/python3.12/site-packages/airflow/example_dags/example_task_group.py took 0.061 seconds
[2026-07-02T17:13:36.536+0000] {processor.py:161} INFO - Started process (PID=169401) to work on /usr/local/python/3.12.1/lib/python3.12/site-packages/airflow/example_dags/example_task_group.py
[2026-07-02T17:13:36.536+0000] {processor.py:830} INFO - Processing file /usr/local/python/3.12.1/lib/python3.12/site-packages/airflow/example_dags/example_task_group.py for tasks to queue
[2026-07-02T17:13:36.539+0000] {logging_mixin.py:188} INFO - [2026-07-02T17:13:36.538+0000] {dagbag.py:545} INFO - Filling up the DagBag from /usr/local/python/3.12.1/lib/python3.12/site-packages/airflow/example_dags/example_task_group.py
[2026-07-02T17:13:36.544+0000] {processor.py:840} INFO - DAG(s) 'example_task_group' retrieved from /usr/local/python/3.12.1/lib/python3.12/site-packages/airflow/example_dags/example_task_group.py
[2026-07-02T17:13:36.557+0000] {logging_mixin.py:188} INFO - [2026-07-02T17:13:36.557+0000] {dag.py:3089} INFO - Sync 1 DAGs
[2026-07-02T17:13:36.572+0000] {logging_mixin.py:188} INFO - [2026-07-02T17:13:36.572+0000] {dag.py:3947} INFO - Setting next_dagrun for example_task_group to 2026-07-01 00:00:00+00:00, run_after=2026-07-02 00:00:00+00:00
[2026-07-02T17:13:36.592+0000] {processor.py:183} INFO - Processing /usr/local/python/3.12.1/lib/python3.12/site-packages/airflow/example_dags/example_task_group.py took 0.061 seconds
[2026-07-02T17:14:18.062+0000] {processor.py:161} INFO - Started process (PID=169826) to work on /usr/local/python/3.12.1/lib/python3.12/site-packages/airflow/example_dags/example_task_group.py
[2026-07-02T17:14:18.063+0000] {processor.py:830} INFO - Processing file /usr/local/python/3.12.1/lib/python3.12/site-packages/airflow/example_dags/example_task_group.py for tasks to queue
[2026-07-02T17:14:18.065+0000] {logging_mixin.py:188} INFO - [2026-07-02T17:14:18.065+0000] {dagbag.py:545} INFO - Filling up the DagBag from /usr/local/python/3.12.1/lib/python3.12/site-packages/airflow/example_dags/example_task_group.py
[2026-07-02T17:14:18.071+0000] {processor.py:840} INFO - DAG(s) 'example_task_group' retrieved from /usr/local/python/3.12.1/lib/python3.12/site-packages/airflow/example_dags/example_task_group.py
[2026-07-02T17:14:18.088+0000] {logging_mixin.py:188} INFO - [2026-07-02T17:14:18.088+0000] {dag.py:3089} INFO - Sync 1 DAGs
[2026-07-02T17:14:18.105+0000] {logging_mixin.py:188} INFO - [2026-07-02T17:14:18.105+0000] {dag.py:3947} INFO - Setting next_dagrun for example_task_group to 2026-07-01 00:00:00+00:00, run_after=2026-07-02 00:00:00+00:00
[2026-07-02T17:14:18.122+0000] {processor.py:183} INFO - Processing /usr/local/python/3.12.1/lib/python3.12/site-packages/airflow/example_dags/example_task_group.py took 0.064 seconds
[2026-07-02T17:15:01.511+0000] {processor.py:161} INFO - Started process (PID=170242) to work on /usr/local/python/3.12.1/lib/python3.12/site-packages/airflow/example_dags/example_task_group.py
[2026-07-02T17:15:01.512+0000] {processor.py:830} INFO - Processing file /usr/local/python/3.12.1/lib/python3.12/site-packages/airflow/example_dags/example_task_group.py for tasks to queue
[2026-07-02T17:15:01.514+0000] {logging_mixin.py:188} INFO - [2026-07-02T17:15:01.513+0000] {dagbag.py:545} INFO - Filling up the DagBag from /usr/local/python/3.12.1/lib/python3.12/site-packages/airflow/example_dags/example_task_group.py
[2026-07-02T17:15:01.520+0000] {processor.py:840} INFO - DAG(s) 'example_task_group' retrieved from /usr/local/python/3.12.1/lib/python3.12/site-packages/airflow/example_dags/example_task_group.py
[2026-07-02T17:15:01.534+0000] {logging_mixin.py:188} INFO - [2026-07-02T17:15:01.534+0000] {dag.py:3089} INFO - Sync 1 DAGs
[2026-07-02T17:15:01.548+0000] {logging_mixin.py:188} INFO - [2026-07-02T17:15:01.548+0000] {dag.py:3947} INFO - Setting next_dagrun for example_task_group to 2026-07-01 00:00:00+00:00, run_after=2026-07-02 00:00:00+00:00
[2026-07-02T17:15:01.565+0000] {processor.py:183} INFO - Processing /usr/local/python/3.12.1/lib/python3.12/site-packages/airflow/example_dags/example_task_group.py took 0.060 seconds
[2026-07-02T17:15:42.263+0000] {processor.py:161} INFO - Started process (PID=170678) to work on /usr/local/python/3.12.1/lib/python3.12/site-packages/airflow/example_dags/example_task_group.py
[2026-07-02T17:15:42.264+0000] {processor.py:830} INFO - Processing file /usr/local/python/3.12.1/lib/python3.12/site-packages/airflow/example_dags/example_task_group.py for tasks to queue
[2026-07-02T17:15:42.266+0000] {logging_mixin.py:188} INFO - [2026-07-02T17:15:42.265+0000] {dagbag.py:545} INFO - Filling up the DagBag from /usr/local/python/3.12.1/lib/python3.12/site-packages/airflow/example_dags/example_task_group.py
[2026-07-02T17:15:42.271+0000] {processor.py:840} INFO - DAG(s) 'example_task_group' retrieved from /usr/local/python/3.12.1/lib/python3.12/site-packages/airflow/example_dags/example_task_group.py
[2026-07-02T17:15:42.289+0000] {logging_mixin.py:188} INFO - [2026-07-02T17:15:42.288+0000] {dag.py:3089} INFO - Sync 1 DAGs
[2026-07-02T17:15:42.305+0000] {logging_mixin.py:188} INFO - [2026-07-02T17:15:42.305+0000] {dag.py:3947} INFO - Setting next_dagrun for example_task_group to 2026-07-01 00:00:00+00:00, run_after=2026-07-02 00:00:00+00:00
[2026-07-02T17:15:42.322+0000] {processor.py:183} INFO - Processing /usr/local/python/3.12.1/lib/python3.12/site-packages/airflow/example_dags/example_task_group.py took 0.064 seconds
[2026-07-02T17:16:40.533+0000] {processor.py:161} INFO - Started process (PID=171332) to work on /usr/local/python/3.12.1/lib/python3.12/site-packages/airflow/example_dags/example_task_group.py
[2026-07-02T17:16:40.534+0000] {processor.py:830} INFO - Processing file /usr/local/python/3.12.1/lib/python3.12/site-packages/airflow/example_dags/example_task_group.py for tasks to queue
[2026-07-02T17:16:40.535+0000] {logging_mixin.py:188} INFO - [2026-07-02T17:16:40.535+0000] {dagbag.py:545} INFO - Filling up the DagBag from /usr/local/python/3.12.1/lib/python3.12/site-packages/airflow/example_dags/example_task_group.py
[2026-07-02T17:16:40.541+0000] {processor.py:840} INFO - DAG(s) 'example_task_group' retrieved from /usr/local/python/3.12.1/lib/python3.12/site-packages/airflow/example_dags/example_task_group.py
[2026-07-02T17:16:40.554+0000] {logging_mixin.py:188} INFO - [2026-07-02T17:16:40.553+0000] {dag.py:3089} INFO - Sync 1 DAGs
[2026-07-02T17:16:40.569+0000] {logging_mixin.py:188} INFO - [2026-07-02T17:16:40.568+0000] {dag.py:3947} INFO - Setting next_dagrun for example_task_group to 2026-07-01 00:00:00+00:00, run_after=2026-07-02 00:00:00+00:00
[2026-07-02T17:16:40.591+0000] {processor.py:183} INFO - Processing /usr/local/python/3.12.1/lib/python3.12/site-packages/airflow/example_dags/example_task_group.py took 0.062 seconds
[2026-07-02T17:17:21.096+0000] {processor.py:161} INFO - Started process (PID=171742) to work on /usr/local/python/3.12.1/lib/python3.12/site-packages/airflow/example_dags/example_task_group.py
[2026-07-02T17:17:21.097+0000] {processor.py:830} INFO - Processing file /usr/local/python/3.12.1/lib/python3.12/site-packages/airflow/example_dags/example_task_group.py for tasks to queue
[2026-07-02T17:17:21.098+0000] {logging_mixin.py:188} INFO - [2026-07-02T17:17:21.098+0000] {dagbag.py:545} INFO - Filling up the DagBag from /usr/local/python/3.12.1/lib/python3.12/site-packages/airflow/example_dags/example_task_group.py
[2026-07-02T17:17:21.104+0000] {processor.py:840} INFO - DAG(s) 'example_task_group' retrieved from /usr/local/python/3.12.1/lib/python3.12/site-packages/airflow/example_dags/example_task_group.py
[2026-07-02T17:17:21.118+0000] {logging_mixin.py:188} INFO - [2026-07-02T17:17:21.118+0000] {dag.py:3089} INFO - Sync 1 DAGs
[2026-07-02T17:17:21.134+0000] {logging_mixin.py:188} INFO - [2026-07-02T17:17:21.133+0000] {dag.py:3947} INFO - Setting next_dagrun for example_task_group to 2026-07-01 00:00:00+00:00, run_after=2026-07-02 00:00:00+00:00
[2026-07-02T17:17:21.150+0000] {processor.py:183} INFO - Processing /usr/local/python/3.12.1/lib/python3.12/site-packages/airflow/example_dags/example_task_group.py took 0.060 seconds
