[2026-07-02T16:24:10.845+0000] {processor.py:161} INFO - Started process (PID=117505) to work on /usr/local/python/3.12.1/lib/python3.12/site-packages/airflow/example_dags/example_time_delta_sensor_async.py
[2026-07-02T16:24:10.848+0000] {processor.py:830} INFO - Processing file /usr/local/python/3.12.1/lib/python3.12/site-packages/airflow/example_dags/example_time_delta_sensor_async.py for tasks to queue
[2026-07-02T16:24:10.853+0000] {logging_mixin.py:188} INFO - [2026-07-02T16:24:10.853+0000] {dagbag.py:545} INFO - Filling up the DagBag from /usr/local/python/3.12.1/lib/python3.12/site-packages/airflow/example_dags/example_time_delta_sensor_async.py
[2026-07-02T16:24:10.873+0000] {processor.py:840} INFO - DAG(s) 'example_time_delta_sensor_async' retrieved from /usr/local/python/3.12.1/lib/python3.12/site-packages/airflow/example_dags/example_time_delta_sensor_async.py
[2026-07-02T16:24:11.411+0000] {logging_mixin.py:188} INFO - [2026-07-02T16:24:11.410+0000] {override.py:1858} INFO - Created Permission View: can delete on DAG:example_time_delta_sensor_async
[2026-07-02T16:24:11.424+0000] {logging_mixin.py:188} INFO - [2026-07-02T16:24:11.422+0000] {override.py:1858} INFO - Created Permission View: can read on DAG:example_time_delta_sensor_async
[2026-07-02T16:24:11.447+0000] {logging_mixin.py:188} INFO - [2026-07-02T16:24:11.446+0000] {override.py:1858} INFO - Created Permission View: can edit on DAG:example_time_delta_sensor_async
[2026-07-02T16:24:11.447+0000] {logging_mixin.py:188} INFO - [2026-07-02T16:24:11.447+0000] {dag.py:3089} INFO - Sync 1 DAGs
[2026-07-02T16:24:11.461+0000] {logging_mixin.py:188} INFO - [2026-07-02T16:24:11.460+0000] {dag.py:3111} INFO - Creating ORM DAG for example_time_delta_sensor_async
[2026-07-02T16:24:11.461+0000] {logging_mixin.py:188} INFO - [2026-07-02T16:24:11.461+0000] {dag.py:3947} INFO - Setting next_dagrun for example_time_delta_sensor_async to None, run_after=None
[2026-07-02T16:24:11.492+0000] {processor.py:183} INFO - Processing /usr/local/python/3.12.1/lib/python3.12/site-packages/airflow/example_dags/example_time_delta_sensor_async.py took 0.660 seconds
[2026-07-02T16:25:07.713+0000] {processor.py:161} INFO - Started process (PID=118342) to work on /usr/local/python/3.12.1/lib/python3.12/site-packages/airflow/example_dags/example_time_delta_sensor_async.py
[2026-07-02T16:25:07.714+0000] {processor.py:830} INFO - Processing file /usr/local/python/3.12.1/lib/python3.12/site-packages/airflow/example_dags/example_time_delta_sensor_async.py for tasks to queue
[2026-07-02T16:25:07.715+0000] {logging_mixin.py:188} INFO - [2026-07-02T16:25:07.715+0000] {dagbag.py:545} INFO - Filling up the DagBag from /usr/local/python/3.12.1/lib/python3.12/site-packages/airflow/example_dags/example_time_delta_sensor_async.py
[2026-07-02T16:25:07.720+0000] {processor.py:840} INFO - DAG(s) 'example_time_delta_sensor_async' retrieved from /usr/local/python/3.12.1/lib/python3.12/site-packages/airflow/example_dags/example_time_delta_sensor_async.py
[2026-07-02T16:25:07.732+0000] {logging_mixin.py:188} INFO - [2026-07-02T16:25:07.732+0000] {dag.py:3089} INFO - Sync 1 DAGs
[2026-07-02T16:25:07.741+0000] {logging_mixin.py:188} INFO - [2026-07-02T16:25:07.741+0000] {dag.py:3947} INFO - Setting next_dagrun for example_time_delta_sensor_async to None, run_after=None
[2026-07-02T16:25:07.760+0000] {processor.py:183} INFO - Processing /usr/local/python/3.12.1/lib/python3.12/site-packages/airflow/example_dags/example_time_delta_sensor_async.py took 0.051 seconds
[2026-07-02T16:25:53.800+0000] {processor.py:161} INFO - Started process (PID=122398) to work on /usr/local/python/3.12.1/lib/python3.12/site-packages/airflow/example_dags/example_time_delta_sensor_async.py
[2026-07-02T16:25:53.803+0000] {processor.py:830} INFO - Processing file /usr/local/python/3.12.1/lib/python3.12/site-packages/airflow/example_dags/example_time_delta_sensor_async.py for tasks to queue
[2026-07-02T16:25:53.807+0000] {logging_mixin.py:188} INFO - [2026-07-02T16:25:53.806+0000] {dagbag.py:545} INFO - Filling up the DagBag from /usr/local/python/3.12.1/lib/python3.12/site-packages/airflow/example_dags/example_time_delta_sensor_async.py
[2026-07-02T16:25:53.813+0000] {processor.py:840} INFO - DAG(s) 'example_time_delta_sensor_async' retrieved from /usr/local/python/3.12.1/lib/python3.12/site-packages/airflow/example_dags/example_time_delta_sensor_async.py
[2026-07-02T16:25:53.859+0000] {logging_mixin.py:188} INFO - [2026-07-02T16:25:53.858+0000] {dag.py:3089} INFO - Sync 1 DAGs
[2026-07-02T16:25:53.877+0000] {logging_mixin.py:188} INFO - [2026-07-02T16:25:53.877+0000] {dag.py:3947} INFO - Setting next_dagrun for example_time_delta_sensor_async to None, run_after=None
[2026-07-02T16:25:53.913+0000] {processor.py:183} INFO - Processing /usr/local/python/3.12.1/lib/python3.12/site-packages/airflow/example_dags/example_time_delta_sensor_async.py took 0.119 seconds
[2026-07-02T16:26:45.830+0000] {processor.py:161} INFO - Started process (PID=126528) to work on /usr/local/python/3.12.1/lib/python3.12/site-packages/airflow/example_dags/example_time_delta_sensor_async.py
[2026-07-02T16:26:45.831+0000] {processor.py:830} INFO - Processing file /usr/local/python/3.12.1/lib/python3.12/site-packages/airflow/example_dags/example_time_delta_sensor_async.py for tasks to queue
[2026-07-02T16:26:45.836+0000] {logging_mixin.py:188} INFO - [2026-07-02T16:26:45.835+0000] {dagbag.py:545} INFO - Filling up the DagBag from /usr/local/python/3.12.1/lib/python3.12/site-packages/airflow/example_dags/example_time_delta_sensor_async.py
[2026-07-02T16:26:45.853+0000] {processor.py:840} INFO - DAG(s) 'example_time_delta_sensor_async' retrieved from /usr/local/python/3.12.1/lib/python3.12/site-packages/airflow/example_dags/example_time_delta_sensor_async.py
[2026-07-02T16:26:45.881+0000] {logging_mixin.py:188} INFO - [2026-07-02T16:26:45.881+0000] {dag.py:3089} INFO - Sync 1 DAGs
[2026-07-02T16:26:45.894+0000] {logging_mixin.py:188} INFO - [2026-07-02T16:26:45.894+0000] {dag.py:3947} INFO - Setting next_dagrun for example_time_delta_sensor_async to None, run_after=None
[2026-07-02T16:26:45.917+0000] {processor.py:183} INFO - Processing /usr/local/python/3.12.1/lib/python3.12/site-packages/airflow/example_dags/example_time_delta_sensor_async.py took 0.093 seconds
[2026-07-02T16:27:59.859+0000] {processor.py:161} INFO - Started process (PID=128682) to work on /usr/local/python/3.12.1/lib/python3.12/site-packages/airflow/example_dags/example_time_delta_sensor_async.py
[2026-07-02T16:27:59.860+0000] {processor.py:830} INFO - Processing file /usr/local/python/3.12.1/lib/python3.12/site-packages/airflow/example_dags/example_time_delta_sensor_async.py for tasks to queue
[2026-07-02T16:27:59.862+0000] {logging_mixin.py:188} INFO - [2026-07-02T16:27:59.862+0000] {dagbag.py:545} INFO - Filling up the DagBag from /usr/local/python/3.12.1/lib/python3.12/site-packages/airflow/example_dags/example_time_delta_sensor_async.py
[2026-07-02T16:27:59.866+0000] {processor.py:840} INFO - DAG(s) 'example_time_delta_sensor_async' retrieved from /usr/local/python/3.12.1/lib/python3.12/site-packages/airflow/example_dags/example_time_delta_sensor_async.py
[2026-07-02T16:27:59.881+0000] {logging_mixin.py:188} INFO - [2026-07-02T16:27:59.881+0000] {dag.py:3089} INFO - Sync 1 DAGs
[2026-07-02T16:27:59.894+0000] {logging_mixin.py:188} INFO - [2026-07-02T16:27:59.894+0000] {dag.py:3947} INFO - Setting next_dagrun for example_time_delta_sensor_async to None, run_after=None
[2026-07-02T16:27:59.913+0000] {processor.py:183} INFO - Processing /usr/local/python/3.12.1/lib/python3.12/site-packages/airflow/example_dags/example_time_delta_sensor_async.py took 0.058 seconds
[2026-07-02T16:28:57.882+0000] {processor.py:161} INFO - Started process (PID=129583) to work on /usr/local/python/3.12.1/lib/python3.12/site-packages/airflow/example_dags/example_time_delta_sensor_async.py
[2026-07-02T16:28:57.887+0000] {processor.py:830} INFO - Processing file /usr/local/python/3.12.1/lib/python3.12/site-packages/airflow/example_dags/example_time_delta_sensor_async.py for tasks to queue
[2026-07-02T16:28:57.890+0000] {logging_mixin.py:188} INFO - [2026-07-02T16:28:57.890+0000] {dagbag.py:545} INFO - Filling up the DagBag from /usr/local/python/3.12.1/lib/python3.12/site-packages/airflow/example_dags/example_time_delta_sensor_async.py
[2026-07-02T16:28:57.897+0000] {processor.py:840} INFO - DAG(s) 'example_time_delta_sensor_async' retrieved from /usr/local/python/3.12.1/lib/python3.12/site-packages/airflow/example_dags/example_time_delta_sensor_async.py
[2026-07-02T16:28:57.933+0000] {logging_mixin.py:188} INFO - [2026-07-02T16:28:57.933+0000] {dag.py:3089} INFO - Sync 1 DAGs
[2026-07-02T16:28:58.040+0000] {logging_mixin.py:188} INFO - [2026-07-02T16:28:58.039+0000] {dag.py:3947} INFO - Setting next_dagrun for example_time_delta_sensor_async to None, run_after=None
[2026-07-02T16:28:58.362+0000] {processor.py:183} INFO - Processing /usr/local/python/3.12.1/lib/python3.12/site-packages/airflow/example_dags/example_time_delta_sensor_async.py took 0.487 seconds
[2026-07-02T16:29:59.592+0000] {processor.py:161} INFO - Started process (PID=130220) to work on /usr/local/python/3.12.1/lib/python3.12/site-packages/airflow/example_dags/example_time_delta_sensor_async.py
[2026-07-02T16:29:59.593+0000] {processor.py:830} INFO - Processing file /usr/local/python/3.12.1/lib/python3.12/site-packages/airflow/example_dags/example_time_delta_sensor_async.py for tasks to queue
[2026-07-02T16:29:59.595+0000] {logging_mixin.py:188} INFO - [2026-07-02T16:29:59.595+0000] {dagbag.py:545} INFO - Filling up the DagBag from /usr/local/python/3.12.1/lib/python3.12/site-packages/airflow/example_dags/example_time_delta_sensor_async.py
[2026-07-02T16:29:59.599+0000] {processor.py:840} INFO - DAG(s) 'example_time_delta_sensor_async' retrieved from /usr/local/python/3.12.1/lib/python3.12/site-packages/airflow/example_dags/example_time_delta_sensor_async.py
[2026-07-02T16:29:59.613+0000] {logging_mixin.py:188} INFO - [2026-07-02T16:29:59.613+0000] {dag.py:3089} INFO - Sync 1 DAGs
[2026-07-02T16:29:59.624+0000] {logging_mixin.py:188} INFO - [2026-07-02T16:29:59.624+0000] {dag.py:3947} INFO - Setting next_dagrun for example_time_delta_sensor_async to None, run_after=None
[2026-07-02T16:29:59.642+0000] {processor.py:183} INFO - Processing /usr/local/python/3.12.1/lib/python3.12/site-packages/airflow/example_dags/example_time_delta_sensor_async.py took 0.055 seconds
[2026-07-02T16:30:52.946+0000] {processor.py:161} INFO - Started process (PID=130842) to work on /usr/local/python/3.12.1/lib/python3.12/site-packages/airflow/example_dags/example_time_delta_sensor_async.py
[2026-07-02T16:30:52.948+0000] {processor.py:830} INFO - Processing file /usr/local/python/3.12.1/lib/python3.12/site-packages/airflow/example_dags/example_time_delta_sensor_async.py for tasks to queue
[2026-07-02T16:30:52.950+0000] {logging_mixin.py:188} INFO - [2026-07-02T16:30:52.949+0000] {dagbag.py:545} INFO - Filling up the DagBag from /usr/local/python/3.12.1/lib/python3.12/site-packages/airflow/example_dags/example_time_delta_sensor_async.py
[2026-07-02T16:30:52.957+0000] {processor.py:840} INFO - DAG(s) 'example_time_delta_sensor_async' retrieved from /usr/local/python/3.12.1/lib/python3.12/site-packages/airflow/example_dags/example_time_delta_sensor_async.py
[2026-07-02T16:30:52.975+0000] {logging_mixin.py:188} INFO - [2026-07-02T16:30:52.975+0000] {dag.py:3089} INFO - Sync 1 DAGs
[2026-07-02T16:30:52.989+0000] {logging_mixin.py:188} INFO - [2026-07-02T16:30:52.988+0000] {dag.py:3947} INFO - Setting next_dagrun for example_time_delta_sensor_async to None, run_after=None
[2026-07-02T16:30:53.015+0000] {processor.py:183} INFO - Processing /usr/local/python/3.12.1/lib/python3.12/site-packages/airflow/example_dags/example_time_delta_sensor_async.py took 0.075 seconds
[2026-07-02T16:31:42.370+0000] {processor.py:161} INFO - Started process (PID=131380) to work on /usr/local/python/3.12.1/lib/python3.12/site-packages/airflow/example_dags/example_time_delta_sensor_async.py
[2026-07-02T16:31:42.373+0000] {processor.py:830} INFO - Processing file /usr/local/python/3.12.1/lib/python3.12/site-packages/airflow/example_dags/example_time_delta_sensor_async.py for tasks to queue
[2026-07-02T16:31:42.377+0000] {logging_mixin.py:188} INFO - [2026-07-02T16:31:42.376+0000] {dagbag.py:545} INFO - Filling up the DagBag from /usr/local/python/3.12.1/lib/python3.12/site-packages/airflow/example_dags/example_time_delta_sensor_async.py
[2026-07-02T16:31:42.390+0000] {processor.py:840} INFO - DAG(s) 'example_time_delta_sensor_async' retrieved from /usr/local/python/3.12.1/lib/python3.12/site-packages/airflow/example_dags/example_time_delta_sensor_async.py
[2026-07-02T16:31:42.437+0000] {logging_mixin.py:188} INFO - [2026-07-02T16:31:42.436+0000] {dag.py:3089} INFO - Sync 1 DAGs
[2026-07-02T16:31:42.454+0000] {logging_mixin.py:188} INFO - [2026-07-02T16:31:42.454+0000] {dag.py:3947} INFO - Setting next_dagrun for example_time_delta_sensor_async to None, run_after=None
[2026-07-02T16:31:42.479+0000] {processor.py:183} INFO - Processing /usr/local/python/3.12.1/lib/python3.12/site-packages/airflow/example_dags/example_time_delta_sensor_async.py took 0.131 seconds
[2026-07-02T16:32:33.210+0000] {processor.py:161} INFO - Started process (PID=133087) to work on /usr/local/python/3.12.1/lib/python3.12/site-packages/airflow/example_dags/example_time_delta_sensor_async.py
[2026-07-02T16:32:33.210+0000] {processor.py:830} INFO - Processing file /usr/local/python/3.12.1/lib/python3.12/site-packages/airflow/example_dags/example_time_delta_sensor_async.py for tasks to queue
[2026-07-02T16:32:33.212+0000] {logging_mixin.py:188} INFO - [2026-07-02T16:32:33.212+0000] {dagbag.py:545} INFO - Filling up the DagBag from /usr/local/python/3.12.1/lib/python3.12/site-packages/airflow/example_dags/example_time_delta_sensor_async.py
[2026-07-02T16:32:33.218+0000] {processor.py:840} INFO - DAG(s) 'example_time_delta_sensor_async' retrieved from /usr/local/python/3.12.1/lib/python3.12/site-packages/airflow/example_dags/example_time_delta_sensor_async.py
[2026-07-02T16:32:33.236+0000] {logging_mixin.py:188} INFO - [2026-07-02T16:32:33.235+0000] {dag.py:3089} INFO - Sync 1 DAGs
[2026-07-02T16:32:33.255+0000] {logging_mixin.py:188} INFO - [2026-07-02T16:32:33.254+0000] {dag.py:3947} INFO - Setting next_dagrun for example_time_delta_sensor_async to None, run_after=None
[2026-07-02T16:32:33.280+0000] {processor.py:183} INFO - Processing /usr/local/python/3.12.1/lib/python3.12/site-packages/airflow/example_dags/example_time_delta_sensor_async.py took 0.076 seconds
[2026-07-02T16:33:23.520+0000] {processor.py:161} INFO - Started process (PID=133642) to work on /usr/local/python/3.12.1/lib/python3.12/site-packages/airflow/example_dags/example_time_delta_sensor_async.py
[2026-07-02T16:33:23.521+0000] {processor.py:830} INFO - Processing file /usr/local/python/3.12.1/lib/python3.12/site-packages/airflow/example_dags/example_time_delta_sensor_async.py for tasks to queue
[2026-07-02T16:33:23.523+0000] {logging_mixin.py:188} INFO - [2026-07-02T16:33:23.523+0000] {dagbag.py:545} INFO - Filling up the DagBag from /usr/local/python/3.12.1/lib/python3.12/site-packages/airflow/example_dags/example_time_delta_sensor_async.py
[2026-07-02T16:33:23.530+0000] {processor.py:840} INFO - DAG(s) 'example_time_delta_sensor_async' retrieved from /usr/local/python/3.12.1/lib/python3.12/site-packages/airflow/example_dags/example_time_delta_sensor_async.py
[2026-07-02T16:33:23.548+0000] {logging_mixin.py:188} INFO - [2026-07-02T16:33:23.548+0000] {dag.py:3089} INFO - Sync 1 DAGs
[2026-07-02T16:33:23.562+0000] {logging_mixin.py:188} INFO - [2026-07-02T16:33:23.562+0000] {dag.py:3947} INFO - Setting next_dagrun for example_time_delta_sensor_async to None, run_after=None
[2026-07-02T16:33:23.592+0000] {processor.py:183} INFO - Processing /usr/local/python/3.12.1/lib/python3.12/site-packages/airflow/example_dags/example_time_delta_sensor_async.py took 0.082 seconds
[2026-07-02T16:34:11.578+0000] {processor.py:161} INFO - Started process (PID=134259) to work on /usr/local/python/3.12.1/lib/python3.12/site-packages/airflow/example_dags/example_time_delta_sensor_async.py
[2026-07-02T16:34:11.579+0000] {processor.py:830} INFO - Processing file /usr/local/python/3.12.1/lib/python3.12/site-packages/airflow/example_dags/example_time_delta_sensor_async.py for tasks to queue
[2026-07-02T16:34:11.581+0000] {logging_mixin.py:188} INFO - [2026-07-02T16:34:11.580+0000] {dagbag.py:545} INFO - Filling up the DagBag from /usr/local/python/3.12.1/lib/python3.12/site-packages/airflow/example_dags/example_time_delta_sensor_async.py
[2026-07-02T16:34:11.586+0000] {processor.py:840} INFO - DAG(s) 'example_time_delta_sensor_async' retrieved from /usr/local/python/3.12.1/lib/python3.12/site-packages/airflow/example_dags/example_time_delta_sensor_async.py
[2026-07-02T16:34:11.603+0000] {logging_mixin.py:188} INFO - [2026-07-02T16:34:11.603+0000] {dag.py:3089} INFO - Sync 1 DAGs
[2026-07-02T16:34:11.612+0000] {logging_mixin.py:188} INFO - [2026-07-02T16:34:11.611+0000] {dag.py:3947} INFO - Setting next_dagrun for example_time_delta_sensor_async to None, run_after=None
[2026-07-02T16:34:11.630+0000] {processor.py:183} INFO - Processing /usr/local/python/3.12.1/lib/python3.12/site-packages/airflow/example_dags/example_time_delta_sensor_async.py took 0.057 seconds
[2026-07-02T16:35:01.892+0000] {processor.py:161} INFO - Started process (PID=134900) to work on /usr/local/python/3.12.1/lib/python3.12/site-packages/airflow/example_dags/example_time_delta_sensor_async.py
[2026-07-02T16:35:01.893+0000] {processor.py:830} INFO - Processing file /usr/local/python/3.12.1/lib/python3.12/site-packages/airflow/example_dags/example_time_delta_sensor_async.py for tasks to queue
[2026-07-02T16:35:01.895+0000] {logging_mixin.py:188} INFO - [2026-07-02T16:35:01.895+0000] {dagbag.py:545} INFO - Filling up the DagBag from /usr/local/python/3.12.1/lib/python3.12/site-packages/airflow/example_dags/example_time_delta_sensor_async.py
[2026-07-02T16:35:01.899+0000] {processor.py:840} INFO - DAG(s) 'example_time_delta_sensor_async' retrieved from /usr/local/python/3.12.1/lib/python3.12/site-packages/airflow/example_dags/example_time_delta_sensor_async.py
[2026-07-02T16:35:01.913+0000] {logging_mixin.py:188} INFO - [2026-07-02T16:35:01.912+0000] {dag.py:3089} INFO - Sync 1 DAGs
[2026-07-02T16:35:01.922+0000] {logging_mixin.py:188} INFO - [2026-07-02T16:35:01.922+0000] {dag.py:3947} INFO - Setting next_dagrun for example_time_delta_sensor_async to None, run_after=None
[2026-07-02T16:35:01.938+0000] {processor.py:183} INFO - Processing /usr/local/python/3.12.1/lib/python3.12/site-packages/airflow/example_dags/example_time_delta_sensor_async.py took 0.052 seconds
[2026-07-02T16:35:56.733+0000] {processor.py:161} INFO - Started process (PID=136401) to work on /usr/local/python/3.12.1/lib/python3.12/site-packages/airflow/example_dags/example_time_delta_sensor_async.py
[2026-07-02T16:35:56.737+0000] {processor.py:830} INFO - Processing file /usr/local/python/3.12.1/lib/python3.12/site-packages/airflow/example_dags/example_time_delta_sensor_async.py for tasks to queue
[2026-07-02T16:35:56.739+0000] {logging_mixin.py:188} INFO - [2026-07-02T16:35:56.738+0000] {dagbag.py:545} INFO - Filling up the DagBag from /usr/local/python/3.12.1/lib/python3.12/site-packages/airflow/example_dags/example_time_delta_sensor_async.py
[2026-07-02T16:35:56.744+0000] {processor.py:840} INFO - DAG(s) 'example_time_delta_sensor_async' retrieved from /usr/local/python/3.12.1/lib/python3.12/site-packages/airflow/example_dags/example_time_delta_sensor_async.py
[2026-07-02T16:35:56.765+0000] {logging_mixin.py:188} INFO - [2026-07-02T16:35:56.765+0000] {dag.py:3089} INFO - Sync 1 DAGs
[2026-07-02T16:35:56.778+0000] {logging_mixin.py:188} INFO - [2026-07-02T16:35:56.778+0000] {dag.py:3947} INFO - Setting next_dagrun for example_time_delta_sensor_async to None, run_after=None
[2026-07-02T16:35:56.813+0000] {processor.py:183} INFO - Processing /usr/local/python/3.12.1/lib/python3.12/site-packages/airflow/example_dags/example_time_delta_sensor_async.py took 0.086 seconds
[2026-07-02T16:36:48.284+0000] {processor.py:161} INFO - Started process (PID=137056) to work on /usr/local/python/3.12.1/lib/python3.12/site-packages/airflow/example_dags/example_time_delta_sensor_async.py
[2026-07-02T16:36:48.285+0000] {processor.py:830} INFO - Processing file /usr/local/python/3.12.1/lib/python3.12/site-packages/airflow/example_dags/example_time_delta_sensor_async.py for tasks to queue
[2026-07-02T16:36:48.287+0000] {logging_mixin.py:188} INFO - [2026-07-02T16:36:48.287+0000] {dagbag.py:545} INFO - Filling up the DagBag from /usr/local/python/3.12.1/lib/python3.12/site-packages/airflow/example_dags/example_time_delta_sensor_async.py
[2026-07-02T16:36:48.292+0000] {processor.py:840} INFO - DAG(s) 'example_time_delta_sensor_async' retrieved from /usr/local/python/3.12.1/lib/python3.12/site-packages/airflow/example_dags/example_time_delta_sensor_async.py
[2026-07-02T16:36:48.312+0000] {logging_mixin.py:188} INFO - [2026-07-02T16:36:48.311+0000] {dag.py:3089} INFO - Sync 1 DAGs
[2026-07-02T16:36:48.338+0000] {logging_mixin.py:188} INFO - [2026-07-02T16:36:48.335+0000] {dag.py:3947} INFO - Setting next_dagrun for example_time_delta_sensor_async to None, run_after=None
[2026-07-02T16:36:48.376+0000] {processor.py:183} INFO - Processing /usr/local/python/3.12.1/lib/python3.12/site-packages/airflow/example_dags/example_time_delta_sensor_async.py took 0.099 seconds
[2026-07-02T16:37:35.487+0000] {processor.py:161} INFO - Started process (PID=138391) to work on /usr/local/python/3.12.1/lib/python3.12/site-packages/airflow/example_dags/example_time_delta_sensor_async.py
[2026-07-02T16:37:35.488+0000] {processor.py:830} INFO - Processing file /usr/local/python/3.12.1/lib/python3.12/site-packages/airflow/example_dags/example_time_delta_sensor_async.py for tasks to queue
[2026-07-02T16:37:35.490+0000] {logging_mixin.py:188} INFO - [2026-07-02T16:37:35.490+0000] {dagbag.py:545} INFO - Filling up the DagBag from /usr/local/python/3.12.1/lib/python3.12/site-packages/airflow/example_dags/example_time_delta_sensor_async.py
[2026-07-02T16:37:35.495+0000] {processor.py:840} INFO - DAG(s) 'example_time_delta_sensor_async' retrieved from /usr/local/python/3.12.1/lib/python3.12/site-packages/airflow/example_dags/example_time_delta_sensor_async.py
[2026-07-02T16:37:35.509+0000] {logging_mixin.py:188} INFO - [2026-07-02T16:37:35.508+0000] {dag.py:3089} INFO - Sync 1 DAGs
[2026-07-02T16:37:35.518+0000] {logging_mixin.py:188} INFO - [2026-07-02T16:37:35.518+0000] {dag.py:3947} INFO - Setting next_dagrun for example_time_delta_sensor_async to None, run_after=None
[2026-07-02T16:37:35.536+0000] {processor.py:183} INFO - Processing /usr/local/python/3.12.1/lib/python3.12/site-packages/airflow/example_dags/example_time_delta_sensor_async.py took 0.054 seconds
[2026-07-02T16:38:27.144+0000] {processor.py:161} INFO - Started process (PID=139431) to work on /usr/local/python/3.12.1/lib/python3.12/site-packages/airflow/example_dags/example_time_delta_sensor_async.py
[2026-07-02T16:38:27.145+0000] {processor.py:830} INFO - Processing file /usr/local/python/3.12.1/lib/python3.12/site-packages/airflow/example_dags/example_time_delta_sensor_async.py for tasks to queue
[2026-07-02T16:38:27.146+0000] {logging_mixin.py:188} INFO - [2026-07-02T16:38:27.146+0000] {dagbag.py:545} INFO - Filling up the DagBag from /usr/local/python/3.12.1/lib/python3.12/site-packages/airflow/example_dags/example_time_delta_sensor_async.py
[2026-07-02T16:38:27.150+0000] {processor.py:840} INFO - DAG(s) 'example_time_delta_sensor_async' retrieved from /usr/local/python/3.12.1/lib/python3.12/site-packages/airflow/example_dags/example_time_delta_sensor_async.py
[2026-07-02T16:38:27.162+0000] {logging_mixin.py:188} INFO - [2026-07-02T16:38:27.162+0000] {dag.py:3089} INFO - Sync 1 DAGs
[2026-07-02T16:38:27.171+0000] {logging_mixin.py:188} INFO - [2026-07-02T16:38:27.171+0000] {dag.py:3947} INFO - Setting next_dagrun for example_time_delta_sensor_async to None, run_after=None
[2026-07-02T16:38:27.190+0000] {processor.py:183} INFO - Processing /usr/local/python/3.12.1/lib/python3.12/site-packages/airflow/example_dags/example_time_delta_sensor_async.py took 0.051 seconds
[2026-07-02T16:39:14.042+0000] {processor.py:161} INFO - Started process (PID=140072) to work on /usr/local/python/3.12.1/lib/python3.12/site-packages/airflow/example_dags/example_time_delta_sensor_async.py
[2026-07-02T16:39:14.047+0000] {processor.py:830} INFO - Processing file /usr/local/python/3.12.1/lib/python3.12/site-packages/airflow/example_dags/example_time_delta_sensor_async.py for tasks to queue
[2026-07-02T16:39:14.055+0000] {logging_mixin.py:188} INFO - [2026-07-02T16:39:14.054+0000] {dagbag.py:545} INFO - Filling up the DagBag from /usr/local/python/3.12.1/lib/python3.12/site-packages/airflow/example_dags/example_time_delta_sensor_async.py
[2026-07-02T16:39:14.073+0000] {processor.py:840} INFO - DAG(s) 'example_time_delta_sensor_async' retrieved from /usr/local/python/3.12.1/lib/python3.12/site-packages/airflow/example_dags/example_time_delta_sensor_async.py
[2026-07-02T16:39:14.096+0000] {logging_mixin.py:188} INFO - [2026-07-02T16:39:14.095+0000] {dag.py:3089} INFO - Sync 1 DAGs
[2026-07-02T16:39:14.113+0000] {logging_mixin.py:188} INFO - [2026-07-02T16:39:14.113+0000] {dag.py:3947} INFO - Setting next_dagrun for example_time_delta_sensor_async to None, run_after=None
[2026-07-02T16:39:14.171+0000] {processor.py:183} INFO - Processing /usr/local/python/3.12.1/lib/python3.12/site-packages/airflow/example_dags/example_time_delta_sensor_async.py took 0.147 seconds
[2026-07-02T16:39:59.548+0000] {processor.py:161} INFO - Started process (PID=140706) to work on /usr/local/python/3.12.1/lib/python3.12/site-packages/airflow/example_dags/example_time_delta_sensor_async.py
[2026-07-02T16:39:59.549+0000] {processor.py:830} INFO - Processing file /usr/local/python/3.12.1/lib/python3.12/site-packages/airflow/example_dags/example_time_delta_sensor_async.py for tasks to queue
[2026-07-02T16:39:59.551+0000] {logging_mixin.py:188} INFO - [2026-07-02T16:39:59.551+0000] {dagbag.py:545} INFO - Filling up the DagBag from /usr/local/python/3.12.1/lib/python3.12/site-packages/airflow/example_dags/example_time_delta_sensor_async.py
[2026-07-02T16:39:59.556+0000] {processor.py:840} INFO - DAG(s) 'example_time_delta_sensor_async' retrieved from /usr/local/python/3.12.1/lib/python3.12/site-packages/airflow/example_dags/example_time_delta_sensor_async.py
[2026-07-02T16:39:59.575+0000] {logging_mixin.py:188} INFO - [2026-07-02T16:39:59.575+0000] {dag.py:3089} INFO - Sync 1 DAGs
[2026-07-02T16:39:59.591+0000] {logging_mixin.py:188} INFO - [2026-07-02T16:39:59.591+0000] {dag.py:3947} INFO - Setting next_dagrun for example_time_delta_sensor_async to None, run_after=None
[2026-07-02T16:39:59.616+0000] {processor.py:183} INFO - Processing /usr/local/python/3.12.1/lib/python3.12/site-packages/airflow/example_dags/example_time_delta_sensor_async.py took 0.074 seconds
[2026-07-02T16:40:52.179+0000] {processor.py:161} INFO - Started process (PID=141522) to work on /usr/local/python/3.12.1/lib/python3.12/site-packages/airflow/example_dags/example_time_delta_sensor_async.py
[2026-07-02T16:40:52.181+0000] {processor.py:830} INFO - Processing file /usr/local/python/3.12.1/lib/python3.12/site-packages/airflow/example_dags/example_time_delta_sensor_async.py for tasks to queue
[2026-07-02T16:40:52.186+0000] {logging_mixin.py:188} INFO - [2026-07-02T16:40:52.185+0000] {dagbag.py:545} INFO - Filling up the DagBag from /usr/local/python/3.12.1/lib/python3.12/site-packages/airflow/example_dags/example_time_delta_sensor_async.py
[2026-07-02T16:40:52.197+0000] {processor.py:840} INFO - DAG(s) 'example_time_delta_sensor_async' retrieved from /usr/local/python/3.12.1/lib/python3.12/site-packages/airflow/example_dags/example_time_delta_sensor_async.py
[2026-07-02T16:40:52.216+0000] {logging_mixin.py:188} INFO - [2026-07-02T16:40:52.216+0000] {dag.py:3089} INFO - Sync 1 DAGs
[2026-07-02T16:40:52.236+0000] {logging_mixin.py:188} INFO - [2026-07-02T16:40:52.236+0000] {dag.py:3947} INFO - Setting next_dagrun for example_time_delta_sensor_async to None, run_after=None
[2026-07-02T16:40:54.000+0000] {processor.py:183} INFO - Processing /usr/local/python/3.12.1/lib/python3.12/site-packages/airflow/example_dags/example_time_delta_sensor_async.py took 1.833 seconds
[2026-07-02T16:41:50.566+0000] {processor.py:161} INFO - Started process (PID=142431) to work on /usr/local/python/3.12.1/lib/python3.12/site-packages/airflow/example_dags/example_time_delta_sensor_async.py
[2026-07-02T16:41:50.571+0000] {processor.py:830} INFO - Processing file /usr/local/python/3.12.1/lib/python3.12/site-packages/airflow/example_dags/example_time_delta_sensor_async.py for tasks to queue
[2026-07-02T16:41:50.573+0000] {logging_mixin.py:188} INFO - [2026-07-02T16:41:50.573+0000] {dagbag.py:545} INFO - Filling up the DagBag from /usr/local/python/3.12.1/lib/python3.12/site-packages/airflow/example_dags/example_time_delta_sensor_async.py
[2026-07-02T16:41:50.588+0000] {processor.py:840} INFO - DAG(s) 'example_time_delta_sensor_async' retrieved from /usr/local/python/3.12.1/lib/python3.12/site-packages/airflow/example_dags/example_time_delta_sensor_async.py
[2026-07-02T16:41:50.607+0000] {logging_mixin.py:188} INFO - [2026-07-02T16:41:50.607+0000] {dag.py:3089} INFO - Sync 1 DAGs
[2026-07-02T16:41:50.626+0000] {logging_mixin.py:188} INFO - [2026-07-02T16:41:50.625+0000] {dag.py:3947} INFO - Setting next_dagrun for example_time_delta_sensor_async to None, run_after=None
[2026-07-02T16:41:50.691+0000] {processor.py:183} INFO - Processing /usr/local/python/3.12.1/lib/python3.12/site-packages/airflow/example_dags/example_time_delta_sensor_async.py took 0.137 seconds
[2026-07-02T16:42:45.447+0000] {processor.py:161} INFO - Started process (PID=143224) to work on /usr/local/python/3.12.1/lib/python3.12/site-packages/airflow/example_dags/example_time_delta_sensor_async.py
[2026-07-02T16:42:45.464+0000] {processor.py:830} INFO - Processing file /usr/local/python/3.12.1/lib/python3.12/site-packages/airflow/example_dags/example_time_delta_sensor_async.py for tasks to queue
[2026-07-02T16:42:45.468+0000] {logging_mixin.py:188} INFO - [2026-07-02T16:42:45.468+0000] {dagbag.py:545} INFO - Filling up the DagBag from /usr/local/python/3.12.1/lib/python3.12/site-packages/airflow/example_dags/example_time_delta_sensor_async.py
[2026-07-02T16:42:45.487+0000] {processor.py:840} INFO - DAG(s) 'example_time_delta_sensor_async' retrieved from /usr/local/python/3.12.1/lib/python3.12/site-packages/airflow/example_dags/example_time_delta_sensor_async.py
[2026-07-02T16:42:45.540+0000] {logging_mixin.py:188} INFO - [2026-07-02T16:42:45.539+0000] {dag.py:3089} INFO - Sync 1 DAGs
[2026-07-02T16:42:45.588+0000] {logging_mixin.py:188} INFO - [2026-07-02T16:42:45.587+0000] {dag.py:3947} INFO - Setting next_dagrun for example_time_delta_sensor_async to None, run_after=None
[2026-07-02T16:42:45.640+0000] {processor.py:183} INFO - Processing /usr/local/python/3.12.1/lib/python3.12/site-packages/airflow/example_dags/example_time_delta_sensor_async.py took 0.211 seconds
[2026-07-02T16:43:48.739+0000] {processor.py:161} INFO - Started process (PID=144203) to work on /usr/local/python/3.12.1/lib/python3.12/site-packages/airflow/example_dags/example_time_delta_sensor_async.py
[2026-07-02T16:43:48.762+0000] {processor.py:830} INFO - Processing file /usr/local/python/3.12.1/lib/python3.12/site-packages/airflow/example_dags/example_time_delta_sensor_async.py for tasks to queue
[2026-07-02T16:43:48.770+0000] {logging_mixin.py:188} INFO - [2026-07-02T16:43:48.769+0000] {dagbag.py:545} INFO - Filling up the DagBag from /usr/local/python/3.12.1/lib/python3.12/site-packages/airflow/example_dags/example_time_delta_sensor_async.py
[2026-07-02T16:43:48.793+0000] {processor.py:840} INFO - DAG(s) 'example_time_delta_sensor_async' retrieved from /usr/local/python/3.12.1/lib/python3.12/site-packages/airflow/example_dags/example_time_delta_sensor_async.py
[2026-07-02T16:43:48.872+0000] {logging_mixin.py:188} INFO - [2026-07-02T16:43:48.872+0000] {dag.py:3089} INFO - Sync 1 DAGs
[2026-07-02T16:43:48.886+0000] {logging_mixin.py:188} INFO - [2026-07-02T16:43:48.886+0000] {dag.py:3947} INFO - Setting next_dagrun for example_time_delta_sensor_async to None, run_after=None
[2026-07-02T16:43:48.933+0000] {processor.py:183} INFO - Processing /usr/local/python/3.12.1/lib/python3.12/site-packages/airflow/example_dags/example_time_delta_sensor_async.py took 0.216 seconds
[2026-07-02T16:44:51.396+0000] {processor.py:161} INFO - Started process (PID=146459) to work on /usr/local/python/3.12.1/lib/python3.12/site-packages/airflow/example_dags/example_time_delta_sensor_async.py
[2026-07-02T16:44:51.397+0000] {processor.py:830} INFO - Processing file /usr/local/python/3.12.1/lib/python3.12/site-packages/airflow/example_dags/example_time_delta_sensor_async.py for tasks to queue
[2026-07-02T16:44:51.399+0000] {logging_mixin.py:188} INFO - [2026-07-02T16:44:51.399+0000] {dagbag.py:545} INFO - Filling up the DagBag from /usr/local/python/3.12.1/lib/python3.12/site-packages/airflow/example_dags/example_time_delta_sensor_async.py
[2026-07-02T16:44:51.410+0000] {processor.py:840} INFO - DAG(s) 'example_time_delta_sensor_async' retrieved from /usr/local/python/3.12.1/lib/python3.12/site-packages/airflow/example_dags/example_time_delta_sensor_async.py
[2026-07-02T16:44:51.430+0000] {logging_mixin.py:188} INFO - [2026-07-02T16:44:51.429+0000] {dag.py:3089} INFO - Sync 1 DAGs
[2026-07-02T16:44:51.443+0000] {logging_mixin.py:188} INFO - [2026-07-02T16:44:51.443+0000] {dag.py:3947} INFO - Setting next_dagrun for example_time_delta_sensor_async to None, run_after=None
[2026-07-02T16:44:51.468+0000] {processor.py:183} INFO - Processing /usr/local/python/3.12.1/lib/python3.12/site-packages/airflow/example_dags/example_time_delta_sensor_async.py took 0.080 seconds
[2026-07-02T16:46:00.782+0000] {processor.py:161} INFO - Started process (PID=149001) to work on /usr/local/python/3.12.1/lib/python3.12/site-packages/airflow/example_dags/example_time_delta_sensor_async.py
[2026-07-02T16:46:00.837+0000] {processor.py:830} INFO - Processing file /usr/local/python/3.12.1/lib/python3.12/site-packages/airflow/example_dags/example_time_delta_sensor_async.py for tasks to queue
[2026-07-02T16:46:00.845+0000] {logging_mixin.py:188} INFO - [2026-07-02T16:46:00.843+0000] {dagbag.py:545} INFO - Filling up the DagBag from /usr/local/python/3.12.1/lib/python3.12/site-packages/airflow/example_dags/example_time_delta_sensor_async.py
[2026-07-02T16:46:00.911+0000] {processor.py:840} INFO - DAG(s) 'example_time_delta_sensor_async' retrieved from /usr/local/python/3.12.1/lib/python3.12/site-packages/airflow/example_dags/example_time_delta_sensor_async.py
[2026-07-02T16:46:01.057+0000] {logging_mixin.py:188} INFO - [2026-07-02T16:46:01.054+0000] {dag.py:3089} INFO - Sync 1 DAGs
[2026-07-02T16:46:01.086+0000] {logging_mixin.py:188} INFO - [2026-07-02T16:46:01.086+0000] {dag.py:3947} INFO - Setting next_dagrun for example_time_delta_sensor_async to None, run_after=None
[2026-07-02T16:46:01.146+0000] {processor.py:183} INFO - Processing /usr/local/python/3.12.1/lib/python3.12/site-packages/airflow/example_dags/example_time_delta_sensor_async.py took 0.371 seconds
[2026-07-02T16:46:56.124+0000] {processor.py:161} INFO - Started process (PID=151019) to work on /usr/local/python/3.12.1/lib/python3.12/site-packages/airflow/example_dags/example_time_delta_sensor_async.py
[2026-07-02T16:46:56.126+0000] {processor.py:830} INFO - Processing file /usr/local/python/3.12.1/lib/python3.12/site-packages/airflow/example_dags/example_time_delta_sensor_async.py for tasks to queue
[2026-07-02T16:46:56.129+0000] {logging_mixin.py:188} INFO - [2026-07-02T16:46:56.128+0000] {dagbag.py:545} INFO - Filling up the DagBag from /usr/local/python/3.12.1/lib/python3.12/site-packages/airflow/example_dags/example_time_delta_sensor_async.py
[2026-07-02T16:46:56.139+0000] {processor.py:840} INFO - DAG(s) 'example_time_delta_sensor_async' retrieved from /usr/local/python/3.12.1/lib/python3.12/site-packages/airflow/example_dags/example_time_delta_sensor_async.py
[2026-07-02T16:46:56.158+0000] {logging_mixin.py:188} INFO - [2026-07-02T16:46:56.158+0000] {dag.py:3089} INFO - Sync 1 DAGs
[2026-07-02T16:46:56.177+0000] {logging_mixin.py:188} INFO - [2026-07-02T16:46:56.177+0000] {dag.py:3947} INFO - Setting next_dagrun for example_time_delta_sensor_async to None, run_after=None
[2026-07-02T16:46:56.228+0000] {processor.py:183} INFO - Processing /usr/local/python/3.12.1/lib/python3.12/site-packages/airflow/example_dags/example_time_delta_sensor_async.py took 0.116 seconds
[2026-07-02T16:47:55.782+0000] {processor.py:161} INFO - Started process (PID=152291) to work on /usr/local/python/3.12.1/lib/python3.12/site-packages/airflow/example_dags/example_time_delta_sensor_async.py
[2026-07-02T16:47:55.783+0000] {processor.py:830} INFO - Processing file /usr/local/python/3.12.1/lib/python3.12/site-packages/airflow/example_dags/example_time_delta_sensor_async.py for tasks to queue
[2026-07-02T16:47:55.785+0000] {logging_mixin.py:188} INFO - [2026-07-02T16:47:55.785+0000] {dagbag.py:545} INFO - Filling up the DagBag from /usr/local/python/3.12.1/lib/python3.12/site-packages/airflow/example_dags/example_time_delta_sensor_async.py
[2026-07-02T16:47:55.790+0000] {processor.py:840} INFO - DAG(s) 'example_time_delta_sensor_async' retrieved from /usr/local/python/3.12.1/lib/python3.12/site-packages/airflow/example_dags/example_time_delta_sensor_async.py
[2026-07-02T16:47:55.803+0000] {logging_mixin.py:188} INFO - [2026-07-02T16:47:55.803+0000] {dag.py:3089} INFO - Sync 1 DAGs
[2026-07-02T16:47:55.812+0000] {logging_mixin.py:188} INFO - [2026-07-02T16:47:55.812+0000] {dag.py:3947} INFO - Setting next_dagrun for example_time_delta_sensor_async to None, run_after=None
[2026-07-02T16:47:55.828+0000] {processor.py:183} INFO - Processing /usr/local/python/3.12.1/lib/python3.12/site-packages/airflow/example_dags/example_time_delta_sensor_async.py took 0.053 seconds
[2026-07-02T16:48:47.775+0000] {processor.py:161} INFO - Started process (PID=153222) to work on /usr/local/python/3.12.1/lib/python3.12/site-packages/airflow/example_dags/example_time_delta_sensor_async.py
[2026-07-02T16:48:47.776+0000] {processor.py:830} INFO - Processing file /usr/local/python/3.12.1/lib/python3.12/site-packages/airflow/example_dags/example_time_delta_sensor_async.py for tasks to queue
[2026-07-02T16:48:47.778+0000] {logging_mixin.py:188} INFO - [2026-07-02T16:48:47.777+0000] {dagbag.py:545} INFO - Filling up the DagBag from /usr/local/python/3.12.1/lib/python3.12/site-packages/airflow/example_dags/example_time_delta_sensor_async.py
[2026-07-02T16:48:47.783+0000] {processor.py:840} INFO - DAG(s) 'example_time_delta_sensor_async' retrieved from /usr/local/python/3.12.1/lib/python3.12/site-packages/airflow/example_dags/example_time_delta_sensor_async.py
[2026-07-02T16:48:47.797+0000] {logging_mixin.py:188} INFO - [2026-07-02T16:48:47.797+0000] {dag.py:3089} INFO - Sync 1 DAGs
[2026-07-02T16:48:47.806+0000] {logging_mixin.py:188} INFO - [2026-07-02T16:48:47.806+0000] {dag.py:3947} INFO - Setting next_dagrun for example_time_delta_sensor_async to None, run_after=None
[2026-07-02T16:48:47.826+0000] {processor.py:183} INFO - Processing /usr/local/python/3.12.1/lib/python3.12/site-packages/airflow/example_dags/example_time_delta_sensor_async.py took 0.056 seconds
[2026-07-02T16:49:34.107+0000] {processor.py:161} INFO - Started process (PID=153888) to work on /usr/local/python/3.12.1/lib/python3.12/site-packages/airflow/example_dags/example_time_delta_sensor_async.py
[2026-07-02T16:49:34.108+0000] {processor.py:830} INFO - Processing file /usr/local/python/3.12.1/lib/python3.12/site-packages/airflow/example_dags/example_time_delta_sensor_async.py for tasks to queue
[2026-07-02T16:49:34.109+0000] {logging_mixin.py:188} INFO - [2026-07-02T16:49:34.109+0000] {dagbag.py:545} INFO - Filling up the DagBag from /usr/local/python/3.12.1/lib/python3.12/site-packages/airflow/example_dags/example_time_delta_sensor_async.py
[2026-07-02T16:49:34.114+0000] {processor.py:840} INFO - DAG(s) 'example_time_delta_sensor_async' retrieved from /usr/local/python/3.12.1/lib/python3.12/site-packages/airflow/example_dags/example_time_delta_sensor_async.py
[2026-07-02T16:49:34.126+0000] {logging_mixin.py:188} INFO - [2026-07-02T16:49:34.126+0000] {dag.py:3089} INFO - Sync 1 DAGs
[2026-07-02T16:49:34.135+0000] {logging_mixin.py:188} INFO - [2026-07-02T16:49:34.135+0000] {dag.py:3947} INFO - Setting next_dagrun for example_time_delta_sensor_async to None, run_after=None
[2026-07-02T16:49:34.154+0000] {processor.py:183} INFO - Processing /usr/local/python/3.12.1/lib/python3.12/site-packages/airflow/example_dags/example_time_delta_sensor_async.py took 0.052 seconds
[2026-07-02T16:50:20.322+0000] {processor.py:161} INFO - Started process (PID=154479) to work on /usr/local/python/3.12.1/lib/python3.12/site-packages/airflow/example_dags/example_time_delta_sensor_async.py
[2026-07-02T16:50:20.323+0000] {processor.py:830} INFO - Processing file /usr/local/python/3.12.1/lib/python3.12/site-packages/airflow/example_dags/example_time_delta_sensor_async.py for tasks to queue
[2026-07-02T16:50:20.324+0000] {logging_mixin.py:188} INFO - [2026-07-02T16:50:20.324+0000] {dagbag.py:545} INFO - Filling up the DagBag from /usr/local/python/3.12.1/lib/python3.12/site-packages/airflow/example_dags/example_time_delta_sensor_async.py
[2026-07-02T16:50:20.328+0000] {processor.py:840} INFO - DAG(s) 'example_time_delta_sensor_async' retrieved from /usr/local/python/3.12.1/lib/python3.12/site-packages/airflow/example_dags/example_time_delta_sensor_async.py
[2026-07-02T16:50:20.340+0000] {logging_mixin.py:188} INFO - [2026-07-02T16:50:20.340+0000] {dag.py:3089} INFO - Sync 1 DAGs
[2026-07-02T16:50:20.349+0000] {logging_mixin.py:188} INFO - [2026-07-02T16:50:20.349+0000] {dag.py:3947} INFO - Setting next_dagrun for example_time_delta_sensor_async to None, run_after=None
[2026-07-02T16:50:20.366+0000] {processor.py:183} INFO - Processing /usr/local/python/3.12.1/lib/python3.12/site-packages/airflow/example_dags/example_time_delta_sensor_async.py took 0.049 seconds
[2026-07-02T16:51:06.604+0000] {processor.py:161} INFO - Started process (PID=155020) to work on /usr/local/python/3.12.1/lib/python3.12/site-packages/airflow/example_dags/example_time_delta_sensor_async.py
[2026-07-02T16:51:06.605+0000] {processor.py:830} INFO - Processing file /usr/local/python/3.12.1/lib/python3.12/site-packages/airflow/example_dags/example_time_delta_sensor_async.py for tasks to queue
[2026-07-02T16:51:06.606+0000] {logging_mixin.py:188} INFO - [2026-07-02T16:51:06.606+0000] {dagbag.py:545} INFO - Filling up the DagBag from /usr/local/python/3.12.1/lib/python3.12/site-packages/airflow/example_dags/example_time_delta_sensor_async.py
[2026-07-02T16:51:06.610+0000] {processor.py:840} INFO - DAG(s) 'example_time_delta_sensor_async' retrieved from /usr/local/python/3.12.1/lib/python3.12/site-packages/airflow/example_dags/example_time_delta_sensor_async.py
[2026-07-02T16:51:06.623+0000] {logging_mixin.py:188} INFO - [2026-07-02T16:51:06.623+0000] {dag.py:3089} INFO - Sync 1 DAGs
[2026-07-02T16:51:06.632+0000] {logging_mixin.py:188} INFO - [2026-07-02T16:51:06.632+0000] {dag.py:3947} INFO - Setting next_dagrun for example_time_delta_sensor_async to None, run_after=None
[2026-07-02T16:51:06.649+0000] {processor.py:183} INFO - Processing /usr/local/python/3.12.1/lib/python3.12/site-packages/airflow/example_dags/example_time_delta_sensor_async.py took 0.049 seconds
[2026-07-02T16:51:51.355+0000] {processor.py:161} INFO - Started process (PID=155490) to work on /usr/local/python/3.12.1/lib/python3.12/site-packages/airflow/example_dags/example_time_delta_sensor_async.py
[2026-07-02T16:51:51.356+0000] {processor.py:830} INFO - Processing file /usr/local/python/3.12.1/lib/python3.12/site-packages/airflow/example_dags/example_time_delta_sensor_async.py for tasks to queue
[2026-07-02T16:51:51.358+0000] {logging_mixin.py:188} INFO - [2026-07-02T16:51:51.357+0000] {dagbag.py:545} INFO - Filling up the DagBag from /usr/local/python/3.12.1/lib/python3.12/site-packages/airflow/example_dags/example_time_delta_sensor_async.py
[2026-07-02T16:51:51.362+0000] {processor.py:840} INFO - DAG(s) 'example_time_delta_sensor_async' retrieved from /usr/local/python/3.12.1/lib/python3.12/site-packages/airflow/example_dags/example_time_delta_sensor_async.py
[2026-07-02T16:51:51.374+0000] {logging_mixin.py:188} INFO - [2026-07-02T16:51:51.374+0000] {dag.py:3089} INFO - Sync 1 DAGs
[2026-07-02T16:51:51.386+0000] {logging_mixin.py:188} INFO - [2026-07-02T16:51:51.386+0000] {dag.py:3947} INFO - Setting next_dagrun for example_time_delta_sensor_async to None, run_after=None
[2026-07-02T16:51:51.405+0000] {processor.py:183} INFO - Processing /usr/local/python/3.12.1/lib/python3.12/site-packages/airflow/example_dags/example_time_delta_sensor_async.py took 0.054 seconds
[2026-07-02T16:52:32.126+0000] {processor.py:161} INFO - Started process (PID=155975) to work on /usr/local/python/3.12.1/lib/python3.12/site-packages/airflow/example_dags/example_time_delta_sensor_async.py
[2026-07-02T16:52:32.127+0000] {processor.py:830} INFO - Processing file /usr/local/python/3.12.1/lib/python3.12/site-packages/airflow/example_dags/example_time_delta_sensor_async.py for tasks to queue
[2026-07-02T16:52:32.129+0000] {logging_mixin.py:188} INFO - [2026-07-02T16:52:32.128+0000] {dagbag.py:545} INFO - Filling up the DagBag from /usr/local/python/3.12.1/lib/python3.12/site-packages/airflow/example_dags/example_time_delta_sensor_async.py
[2026-07-02T16:52:32.134+0000] {processor.py:840} INFO - DAG(s) 'example_time_delta_sensor_async' retrieved from /usr/local/python/3.12.1/lib/python3.12/site-packages/airflow/example_dags/example_time_delta_sensor_async.py
[2026-07-02T16:52:32.148+0000] {logging_mixin.py:188} INFO - [2026-07-02T16:52:32.147+0000] {dag.py:3089} INFO - Sync 1 DAGs
[2026-07-02T16:52:32.161+0000] {logging_mixin.py:188} INFO - [2026-07-02T16:52:32.160+0000] {dag.py:3947} INFO - Setting next_dagrun for example_time_delta_sensor_async to None, run_after=None
[2026-07-02T16:52:32.180+0000] {processor.py:183} INFO - Processing /usr/local/python/3.12.1/lib/python3.12/site-packages/airflow/example_dags/example_time_delta_sensor_async.py took 0.061 seconds
[2026-07-02T16:53:13.950+0000] {processor.py:161} INFO - Started process (PID=156390) to work on /usr/local/python/3.12.1/lib/python3.12/site-packages/airflow/example_dags/example_time_delta_sensor_async.py
[2026-07-02T16:53:13.951+0000] {processor.py:830} INFO - Processing file /usr/local/python/3.12.1/lib/python3.12/site-packages/airflow/example_dags/example_time_delta_sensor_async.py for tasks to queue
[2026-07-02T16:53:13.953+0000] {logging_mixin.py:188} INFO - [2026-07-02T16:53:13.952+0000] {dagbag.py:545} INFO - Filling up the DagBag from /usr/local/python/3.12.1/lib/python3.12/site-packages/airflow/example_dags/example_time_delta_sensor_async.py
[2026-07-02T16:53:13.957+0000] {processor.py:840} INFO - DAG(s) 'example_time_delta_sensor_async' retrieved from /usr/local/python/3.12.1/lib/python3.12/site-packages/airflow/example_dags/example_time_delta_sensor_async.py
[2026-07-02T16:53:13.969+0000] {logging_mixin.py:188} INFO - [2026-07-02T16:53:13.969+0000] {dag.py:3089} INFO - Sync 1 DAGs
[2026-07-02T16:53:13.979+0000] {logging_mixin.py:188} INFO - [2026-07-02T16:53:13.979+0000] {dag.py:3947} INFO - Setting next_dagrun for example_time_delta_sensor_async to None, run_after=None
[2026-07-02T16:53:13.999+0000] {processor.py:183} INFO - Processing /usr/local/python/3.12.1/lib/python3.12/site-packages/airflow/example_dags/example_time_delta_sensor_async.py took 0.053 seconds
[2026-07-02T16:53:55.100+0000] {processor.py:161} INFO - Started process (PID=156813) to work on /usr/local/python/3.12.1/lib/python3.12/site-packages/airflow/example_dags/example_time_delta_sensor_async.py
[2026-07-02T16:53:55.100+0000] {processor.py:830} INFO - Processing file /usr/local/python/3.12.1/lib/python3.12/site-packages/airflow/example_dags/example_time_delta_sensor_async.py for tasks to queue
[2026-07-02T16:53:55.102+0000] {logging_mixin.py:188} INFO - [2026-07-02T16:53:55.102+0000] {dagbag.py:545} INFO - Filling up the DagBag from /usr/local/python/3.12.1/lib/python3.12/site-packages/airflow/example_dags/example_time_delta_sensor_async.py
[2026-07-02T16:53:55.106+0000] {processor.py:840} INFO - DAG(s) 'example_time_delta_sensor_async' retrieved from /usr/local/python/3.12.1/lib/python3.12/site-packages/airflow/example_dags/example_time_delta_sensor_async.py
[2026-07-02T16:53:55.118+0000] {logging_mixin.py:188} INFO - [2026-07-02T16:53:55.118+0000] {dag.py:3089} INFO - Sync 1 DAGs
[2026-07-02T16:53:55.127+0000] {logging_mixin.py:188} INFO - [2026-07-02T16:53:55.127+0000] {dag.py:3947} INFO - Setting next_dagrun for example_time_delta_sensor_async to None, run_after=None
[2026-07-02T16:53:55.143+0000] {processor.py:183} INFO - Processing /usr/local/python/3.12.1/lib/python3.12/site-packages/airflow/example_dags/example_time_delta_sensor_async.py took 0.047 seconds
[2026-07-02T16:54:45.169+0000] {processor.py:161} INFO - Started process (PID=157348) to work on /usr/local/python/3.12.1/lib/python3.12/site-packages/airflow/example_dags/example_time_delta_sensor_async.py
[2026-07-02T16:54:45.170+0000] {processor.py:830} INFO - Processing file /usr/local/python/3.12.1/lib/python3.12/site-packages/airflow/example_dags/example_time_delta_sensor_async.py for tasks to queue
[2026-07-02T16:54:45.171+0000] {logging_mixin.py:188} INFO - [2026-07-02T16:54:45.171+0000] {dagbag.py:545} INFO - Filling up the DagBag from /usr/local/python/3.12.1/lib/python3.12/site-packages/airflow/example_dags/example_time_delta_sensor_async.py
[2026-07-02T16:54:45.175+0000] {processor.py:840} INFO - DAG(s) 'example_time_delta_sensor_async' retrieved from /usr/local/python/3.12.1/lib/python3.12/site-packages/airflow/example_dags/example_time_delta_sensor_async.py
[2026-07-02T16:54:45.190+0000] {logging_mixin.py:188} INFO - [2026-07-02T16:54:45.190+0000] {dag.py:3089} INFO - Sync 1 DAGs
[2026-07-02T16:54:45.199+0000] {logging_mixin.py:188} INFO - [2026-07-02T16:54:45.199+0000] {dag.py:3947} INFO - Setting next_dagrun for example_time_delta_sensor_async to None, run_after=None
[2026-07-02T16:54:45.217+0000] {processor.py:183} INFO - Processing /usr/local/python/3.12.1/lib/python3.12/site-packages/airflow/example_dags/example_time_delta_sensor_async.py took 0.053 seconds
[2026-07-02T16:55:25.133+0000] {processor.py:161} INFO - Started process (PID=157801) to work on /usr/local/python/3.12.1/lib/python3.12/site-packages/airflow/example_dags/example_time_delta_sensor_async.py
[2026-07-02T16:55:25.134+0000] {processor.py:830} INFO - Processing file /usr/local/python/3.12.1/lib/python3.12/site-packages/airflow/example_dags/example_time_delta_sensor_async.py for tasks to queue
[2026-07-02T16:55:25.135+0000] {logging_mixin.py:188} INFO - [2026-07-02T16:55:25.135+0000] {dagbag.py:545} INFO - Filling up the DagBag from /usr/local/python/3.12.1/lib/python3.12/site-packages/airflow/example_dags/example_time_delta_sensor_async.py
[2026-07-02T16:55:25.139+0000] {processor.py:840} INFO - DAG(s) 'example_time_delta_sensor_async' retrieved from /usr/local/python/3.12.1/lib/python3.12/site-packages/airflow/example_dags/example_time_delta_sensor_async.py
[2026-07-02T16:55:25.151+0000] {logging_mixin.py:188} INFO - [2026-07-02T16:55:25.151+0000] {dag.py:3089} INFO - Sync 1 DAGs
[2026-07-02T16:55:25.160+0000] {logging_mixin.py:188} INFO - [2026-07-02T16:55:25.160+0000] {dag.py:3947} INFO - Setting next_dagrun for example_time_delta_sensor_async to None, run_after=None
[2026-07-02T16:55:25.184+0000] {processor.py:183} INFO - Processing /usr/local/python/3.12.1/lib/python3.12/site-packages/airflow/example_dags/example_time_delta_sensor_async.py took 0.055 seconds
[2026-07-02T16:56:05.116+0000] {processor.py:161} INFO - Started process (PID=158217) to work on /usr/local/python/3.12.1/lib/python3.12/site-packages/airflow/example_dags/example_time_delta_sensor_async.py
[2026-07-02T16:56:05.116+0000] {processor.py:830} INFO - Processing file /usr/local/python/3.12.1/lib/python3.12/site-packages/airflow/example_dags/example_time_delta_sensor_async.py for tasks to queue
[2026-07-02T16:56:05.118+0000] {logging_mixin.py:188} INFO - [2026-07-02T16:56:05.118+0000] {dagbag.py:545} INFO - Filling up the DagBag from /usr/local/python/3.12.1/lib/python3.12/site-packages/airflow/example_dags/example_time_delta_sensor_async.py
[2026-07-02T16:56:05.122+0000] {processor.py:840} INFO - DAG(s) 'example_time_delta_sensor_async' retrieved from /usr/local/python/3.12.1/lib/python3.12/site-packages/airflow/example_dags/example_time_delta_sensor_async.py
[2026-07-02T16:56:05.134+0000] {logging_mixin.py:188} INFO - [2026-07-02T16:56:05.134+0000] {dag.py:3089} INFO - Sync 1 DAGs
[2026-07-02T16:56:05.143+0000] {logging_mixin.py:188} INFO - [2026-07-02T16:56:05.143+0000] {dag.py:3947} INFO - Setting next_dagrun for example_time_delta_sensor_async to None, run_after=None
[2026-07-02T16:56:05.159+0000] {processor.py:183} INFO - Processing /usr/local/python/3.12.1/lib/python3.12/site-packages/airflow/example_dags/example_time_delta_sensor_async.py took 0.048 seconds
[2026-07-02T16:56:47.384+0000] {processor.py:161} INFO - Started process (PID=158669) to work on /usr/local/python/3.12.1/lib/python3.12/site-packages/airflow/example_dags/example_time_delta_sensor_async.py
[2026-07-02T16:56:47.385+0000] {processor.py:830} INFO - Processing file /usr/local/python/3.12.1/lib/python3.12/site-packages/airflow/example_dags/example_time_delta_sensor_async.py for tasks to queue
[2026-07-02T16:56:47.387+0000] {logging_mixin.py:188} INFO - [2026-07-02T16:56:47.386+0000] {dagbag.py:545} INFO - Filling up the DagBag from /usr/local/python/3.12.1/lib/python3.12/site-packages/airflow/example_dags/example_time_delta_sensor_async.py
[2026-07-02T16:56:47.392+0000] {processor.py:840} INFO - DAG(s) 'example_time_delta_sensor_async' retrieved from /usr/local/python/3.12.1/lib/python3.12/site-packages/airflow/example_dags/example_time_delta_sensor_async.py
[2026-07-02T16:56:47.406+0000] {logging_mixin.py:188} INFO - [2026-07-02T16:56:47.406+0000] {dag.py:3089} INFO - Sync 1 DAGs
[2026-07-02T16:56:47.415+0000] {logging_mixin.py:188} INFO - [2026-07-02T16:56:47.415+0000] {dag.py:3947} INFO - Setting next_dagrun for example_time_delta_sensor_async to None, run_after=None
[2026-07-02T16:56:47.431+0000] {processor.py:183} INFO - Processing /usr/local/python/3.12.1/lib/python3.12/site-packages/airflow/example_dags/example_time_delta_sensor_async.py took 0.054 seconds
[2026-07-02T16:57:29.379+0000] {processor.py:161} INFO - Started process (PID=159094) to work on /usr/local/python/3.12.1/lib/python3.12/site-packages/airflow/example_dags/example_time_delta_sensor_async.py
[2026-07-02T16:57:29.380+0000] {processor.py:830} INFO - Processing file /usr/local/python/3.12.1/lib/python3.12/site-packages/airflow/example_dags/example_time_delta_sensor_async.py for tasks to queue
[2026-07-02T16:57:29.382+0000] {logging_mixin.py:188} INFO - [2026-07-02T16:57:29.382+0000] {dagbag.py:545} INFO - Filling up the DagBag from /usr/local/python/3.12.1/lib/python3.12/site-packages/airflow/example_dags/example_time_delta_sensor_async.py
[2026-07-02T16:57:29.387+0000] {processor.py:840} INFO - DAG(s) 'example_time_delta_sensor_async' retrieved from /usr/local/python/3.12.1/lib/python3.12/site-packages/airflow/example_dags/example_time_delta_sensor_async.py
[2026-07-02T16:57:29.403+0000] {logging_mixin.py:188} INFO - [2026-07-02T16:57:29.403+0000] {dag.py:3089} INFO - Sync 1 DAGs
[2026-07-02T16:57:29.413+0000] {logging_mixin.py:188} INFO - [2026-07-02T16:57:29.413+0000] {dag.py:3947} INFO - Setting next_dagrun for example_time_delta_sensor_async to None, run_after=None
[2026-07-02T16:57:29.431+0000] {processor.py:183} INFO - Processing /usr/local/python/3.12.1/lib/python3.12/site-packages/airflow/example_dags/example_time_delta_sensor_async.py took 0.057 seconds
[2026-07-02T16:58:12.048+0000] {processor.py:161} INFO - Started process (PID=159590) to work on /usr/local/python/3.12.1/lib/python3.12/site-packages/airflow/example_dags/example_time_delta_sensor_async.py
[2026-07-02T16:58:12.048+0000] {processor.py:830} INFO - Processing file /usr/local/python/3.12.1/lib/python3.12/site-packages/airflow/example_dags/example_time_delta_sensor_async.py for tasks to queue
[2026-07-02T16:58:12.050+0000] {logging_mixin.py:188} INFO - [2026-07-02T16:58:12.050+0000] {dagbag.py:545} INFO - Filling up the DagBag from /usr/local/python/3.12.1/lib/python3.12/site-packages/airflow/example_dags/example_time_delta_sensor_async.py
[2026-07-02T16:58:12.054+0000] {processor.py:840} INFO - DAG(s) 'example_time_delta_sensor_async' retrieved from /usr/local/python/3.12.1/lib/python3.12/site-packages/airflow/example_dags/example_time_delta_sensor_async.py
[2026-07-02T16:58:12.067+0000] {logging_mixin.py:188} INFO - [2026-07-02T16:58:12.067+0000] {dag.py:3089} INFO - Sync 1 DAGs
[2026-07-02T16:58:12.077+0000] {logging_mixin.py:188} INFO - [2026-07-02T16:58:12.077+0000] {dag.py:3947} INFO - Setting next_dagrun for example_time_delta_sensor_async to None, run_after=None
[2026-07-02T16:58:12.099+0000] {processor.py:183} INFO - Processing /usr/local/python/3.12.1/lib/python3.12/site-packages/airflow/example_dags/example_time_delta_sensor_async.py took 0.057 seconds
[2026-07-02T16:58:53.573+0000] {processor.py:161} INFO - Started process (PID=159985) to work on /usr/local/python/3.12.1/lib/python3.12/site-packages/airflow/example_dags/example_time_delta_sensor_async.py
[2026-07-02T16:58:53.573+0000] {processor.py:830} INFO - Processing file /usr/local/python/3.12.1/lib/python3.12/site-packages/airflow/example_dags/example_time_delta_sensor_async.py for tasks to queue
[2026-07-02T16:58:53.575+0000] {logging_mixin.py:188} INFO - [2026-07-02T16:58:53.574+0000] {dagbag.py:545} INFO - Filling up the DagBag from /usr/local/python/3.12.1/lib/python3.12/site-packages/airflow/example_dags/example_time_delta_sensor_async.py
[2026-07-02T16:58:53.580+0000] {processor.py:840} INFO - DAG(s) 'example_time_delta_sensor_async' retrieved from /usr/local/python/3.12.1/lib/python3.12/site-packages/airflow/example_dags/example_time_delta_sensor_async.py
[2026-07-02T16:58:53.597+0000] {logging_mixin.py:188} INFO - [2026-07-02T16:58:53.596+0000] {dag.py:3089} INFO - Sync 1 DAGs
[2026-07-02T16:58:53.606+0000] {logging_mixin.py:188} INFO - [2026-07-02T16:58:53.606+0000] {dag.py:3947} INFO - Setting next_dagrun for example_time_delta_sensor_async to None, run_after=None
[2026-07-02T16:58:53.623+0000] {processor.py:183} INFO - Processing /usr/local/python/3.12.1/lib/python3.12/site-packages/airflow/example_dags/example_time_delta_sensor_async.py took 0.055 seconds
[2026-07-02T16:59:32.964+0000] {processor.py:161} INFO - Started process (PID=160446) to work on /usr/local/python/3.12.1/lib/python3.12/site-packages/airflow/example_dags/example_time_delta_sensor_async.py
[2026-07-02T16:59:32.965+0000] {processor.py:830} INFO - Processing file /usr/local/python/3.12.1/lib/python3.12/site-packages/airflow/example_dags/example_time_delta_sensor_async.py for tasks to queue
[2026-07-02T16:59:32.967+0000] {logging_mixin.py:188} INFO - [2026-07-02T16:59:32.966+0000] {dagbag.py:545} INFO - Filling up the DagBag from /usr/local/python/3.12.1/lib/python3.12/site-packages/airflow/example_dags/example_time_delta_sensor_async.py
[2026-07-02T16:59:32.970+0000] {processor.py:840} INFO - DAG(s) 'example_time_delta_sensor_async' retrieved from /usr/local/python/3.12.1/lib/python3.12/site-packages/airflow/example_dags/example_time_delta_sensor_async.py
[2026-07-02T16:59:32.991+0000] {logging_mixin.py:188} INFO - [2026-07-02T16:59:32.991+0000] {dag.py:3089} INFO - Sync 1 DAGs
[2026-07-02T16:59:33.002+0000] {logging_mixin.py:188} INFO - [2026-07-02T16:59:33.002+0000] {dag.py:3947} INFO - Setting next_dagrun for example_time_delta_sensor_async to None, run_after=None
[2026-07-02T16:59:33.021+0000] {processor.py:183} INFO - Processing /usr/local/python/3.12.1/lib/python3.12/site-packages/airflow/example_dags/example_time_delta_sensor_async.py took 0.062 seconds
[2026-07-02T17:00:15.392+0000] {processor.py:161} INFO - Started process (PID=160843) to work on /usr/local/python/3.12.1/lib/python3.12/site-packages/airflow/example_dags/example_time_delta_sensor_async.py
[2026-07-02T17:00:15.393+0000] {processor.py:830} INFO - Processing file /usr/local/python/3.12.1/lib/python3.12/site-packages/airflow/example_dags/example_time_delta_sensor_async.py for tasks to queue
[2026-07-02T17:00:15.397+0000] {logging_mixin.py:188} INFO - [2026-07-02T17:00:15.395+0000] {dagbag.py:545} INFO - Filling up the DagBag from /usr/local/python/3.12.1/lib/python3.12/site-packages/airflow/example_dags/example_time_delta_sensor_async.py
[2026-07-02T17:00:15.408+0000] {processor.py:840} INFO - DAG(s) 'example_time_delta_sensor_async' retrieved from /usr/local/python/3.12.1/lib/python3.12/site-packages/airflow/example_dags/example_time_delta_sensor_async.py
[2026-07-02T17:00:15.430+0000] {logging_mixin.py:188} INFO - [2026-07-02T17:00:15.430+0000] {dag.py:3089} INFO - Sync 1 DAGs
[2026-07-02T17:00:15.443+0000] {logging_mixin.py:188} INFO - [2026-07-02T17:00:15.443+0000] {dag.py:3947} INFO - Setting next_dagrun for example_time_delta_sensor_async to None, run_after=None
[2026-07-02T17:00:15.460+0000] {processor.py:183} INFO - Processing /usr/local/python/3.12.1/lib/python3.12/site-packages/airflow/example_dags/example_time_delta_sensor_async.py took 0.087 seconds
[2026-07-02T17:00:55.344+0000] {processor.py:161} INFO - Started process (PID=161284) to work on /usr/local/python/3.12.1/lib/python3.12/site-packages/airflow/example_dags/example_time_delta_sensor_async.py
[2026-07-02T17:00:55.345+0000] {processor.py:830} INFO - Processing file /usr/local/python/3.12.1/lib/python3.12/site-packages/airflow/example_dags/example_time_delta_sensor_async.py for tasks to queue
[2026-07-02T17:00:55.346+0000] {logging_mixin.py:188} INFO - [2026-07-02T17:00:55.346+0000] {dagbag.py:545} INFO - Filling up the DagBag from /usr/local/python/3.12.1/lib/python3.12/site-packages/airflow/example_dags/example_time_delta_sensor_async.py
[2026-07-02T17:00:55.350+0000] {processor.py:840} INFO - DAG(s) 'example_time_delta_sensor_async' retrieved from /usr/local/python/3.12.1/lib/python3.12/site-packages/airflow/example_dags/example_time_delta_sensor_async.py
[2026-07-02T17:00:55.364+0000] {logging_mixin.py:188} INFO - [2026-07-02T17:00:55.364+0000] {dag.py:3089} INFO - Sync 1 DAGs
[2026-07-02T17:00:55.373+0000] {logging_mixin.py:188} INFO - [2026-07-02T17:00:55.373+0000] {dag.py:3947} INFO - Setting next_dagrun for example_time_delta_sensor_async to None, run_after=None
[2026-07-02T17:00:55.395+0000] {processor.py:183} INFO - Processing /usr/local/python/3.12.1/lib/python3.12/site-packages/airflow/example_dags/example_time_delta_sensor_async.py took 0.055 seconds
[2026-07-02T17:01:36.800+0000] {processor.py:161} INFO - Started process (PID=161754) to work on /usr/local/python/3.12.1/lib/python3.12/site-packages/airflow/example_dags/example_time_delta_sensor_async.py
[2026-07-02T17:01:36.801+0000] {processor.py:830} INFO - Processing file /usr/local/python/3.12.1/lib/python3.12/site-packages/airflow/example_dags/example_time_delta_sensor_async.py for tasks to queue
[2026-07-02T17:01:36.803+0000] {logging_mixin.py:188} INFO - [2026-07-02T17:01:36.802+0000] {dagbag.py:545} INFO - Filling up the DagBag from /usr/local/python/3.12.1/lib/python3.12/site-packages/airflow/example_dags/example_time_delta_sensor_async.py
[2026-07-02T17:01:36.807+0000] {processor.py:840} INFO - DAG(s) 'example_time_delta_sensor_async' retrieved from /usr/local/python/3.12.1/lib/python3.12/site-packages/airflow/example_dags/example_time_delta_sensor_async.py
[2026-07-02T17:01:36.821+0000] {logging_mixin.py:188} INFO - [2026-07-02T17:01:36.820+0000] {dag.py:3089} INFO - Sync 1 DAGs
[2026-07-02T17:01:36.830+0000] {logging_mixin.py:188} INFO - [2026-07-02T17:01:36.829+0000] {dag.py:3947} INFO - Setting next_dagrun for example_time_delta_sensor_async to None, run_after=None
[2026-07-02T17:01:36.848+0000] {processor.py:183} INFO - Processing /usr/local/python/3.12.1/lib/python3.12/site-packages/airflow/example_dags/example_time_delta_sensor_async.py took 0.055 seconds
[2026-07-02T17:02:19.697+0000] {processor.py:161} INFO - Started process (PID=162174) to work on /usr/local/python/3.12.1/lib/python3.12/site-packages/airflow/example_dags/example_time_delta_sensor_async.py
[2026-07-02T17:02:19.698+0000] {processor.py:830} INFO - Processing file /usr/local/python/3.12.1/lib/python3.12/site-packages/airflow/example_dags/example_time_delta_sensor_async.py for tasks to queue
[2026-07-02T17:02:19.700+0000] {logging_mixin.py:188} INFO - [2026-07-02T17:02:19.699+0000] {dagbag.py:545} INFO - Filling up the DagBag from /usr/local/python/3.12.1/lib/python3.12/site-packages/airflow/example_dags/example_time_delta_sensor_async.py
[2026-07-02T17:02:19.703+0000] {processor.py:840} INFO - DAG(s) 'example_time_delta_sensor_async' retrieved from /usr/local/python/3.12.1/lib/python3.12/site-packages/airflow/example_dags/example_time_delta_sensor_async.py
[2026-07-02T17:02:19.723+0000] {logging_mixin.py:188} INFO - [2026-07-02T17:02:19.722+0000] {dag.py:3089} INFO - Sync 1 DAGs
[2026-07-02T17:02:19.740+0000] {logging_mixin.py:188} INFO - [2026-07-02T17:02:19.740+0000] {dag.py:3947} INFO - Setting next_dagrun for example_time_delta_sensor_async to None, run_after=None
[2026-07-02T17:02:19.775+0000] {processor.py:183} INFO - Processing /usr/local/python/3.12.1/lib/python3.12/site-packages/airflow/example_dags/example_time_delta_sensor_async.py took 0.082 seconds
[2026-07-02T17:03:04.236+0000] {processor.py:161} INFO - Started process (PID=162661) to work on /usr/local/python/3.12.1/lib/python3.12/site-packages/airflow/example_dags/example_time_delta_sensor_async.py
[2026-07-02T17:03:04.237+0000] {processor.py:830} INFO - Processing file /usr/local/python/3.12.1/lib/python3.12/site-packages/airflow/example_dags/example_time_delta_sensor_async.py for tasks to queue
[2026-07-02T17:03:04.239+0000] {logging_mixin.py:188} INFO - [2026-07-02T17:03:04.238+0000] {dagbag.py:545} INFO - Filling up the DagBag from /usr/local/python/3.12.1/lib/python3.12/site-packages/airflow/example_dags/example_time_delta_sensor_async.py
[2026-07-02T17:03:04.242+0000] {processor.py:840} INFO - DAG(s) 'example_time_delta_sensor_async' retrieved from /usr/local/python/3.12.1/lib/python3.12/site-packages/airflow/example_dags/example_time_delta_sensor_async.py
[2026-07-02T17:03:04.256+0000] {logging_mixin.py:188} INFO - [2026-07-02T17:03:04.256+0000] {dag.py:3089} INFO - Sync 1 DAGs
[2026-07-02T17:03:04.265+0000] {logging_mixin.py:188} INFO - [2026-07-02T17:03:04.265+0000] {dag.py:3947} INFO - Setting next_dagrun for example_time_delta_sensor_async to None, run_after=None
[2026-07-02T17:03:04.292+0000] {processor.py:183} INFO - Processing /usr/local/python/3.12.1/lib/python3.12/site-packages/airflow/example_dags/example_time_delta_sensor_async.py took 0.061 seconds
[2026-07-02T17:03:47.336+0000] {processor.py:161} INFO - Started process (PID=163116) to work on /usr/local/python/3.12.1/lib/python3.12/site-packages/airflow/example_dags/example_time_delta_sensor_async.py
[2026-07-02T17:03:47.336+0000] {processor.py:830} INFO - Processing file /usr/local/python/3.12.1/lib/python3.12/site-packages/airflow/example_dags/example_time_delta_sensor_async.py for tasks to queue
[2026-07-02T17:03:47.338+0000] {logging_mixin.py:188} INFO - [2026-07-02T17:03:47.338+0000] {dagbag.py:545} INFO - Filling up the DagBag from /usr/local/python/3.12.1/lib/python3.12/site-packages/airflow/example_dags/example_time_delta_sensor_async.py
[2026-07-02T17:03:47.341+0000] {processor.py:840} INFO - DAG(s) 'example_time_delta_sensor_async' retrieved from /usr/local/python/3.12.1/lib/python3.12/site-packages/airflow/example_dags/example_time_delta_sensor_async.py
[2026-07-02T17:03:47.354+0000] {logging_mixin.py:188} INFO - [2026-07-02T17:03:47.354+0000] {dag.py:3089} INFO - Sync 1 DAGs
[2026-07-02T17:03:47.363+0000] {logging_mixin.py:188} INFO - [2026-07-02T17:03:47.363+0000] {dag.py:3947} INFO - Setting next_dagrun for example_time_delta_sensor_async to None, run_after=None
[2026-07-02T17:03:47.381+0000] {processor.py:183} INFO - Processing /usr/local/python/3.12.1/lib/python3.12/site-packages/airflow/example_dags/example_time_delta_sensor_async.py took 0.050 seconds
[2026-07-02T17:04:29.877+0000] {processor.py:161} INFO - Started process (PID=163571) to work on /usr/local/python/3.12.1/lib/python3.12/site-packages/airflow/example_dags/example_time_delta_sensor_async.py
[2026-07-02T17:04:29.878+0000] {processor.py:830} INFO - Processing file /usr/local/python/3.12.1/lib/python3.12/site-packages/airflow/example_dags/example_time_delta_sensor_async.py for tasks to queue
[2026-07-02T17:04:29.880+0000] {logging_mixin.py:188} INFO - [2026-07-02T17:04:29.879+0000] {dagbag.py:545} INFO - Filling up the DagBag from /usr/local/python/3.12.1/lib/python3.12/site-packages/airflow/example_dags/example_time_delta_sensor_async.py
[2026-07-02T17:04:29.884+0000] {processor.py:840} INFO - DAG(s) 'example_time_delta_sensor_async' retrieved from /usr/local/python/3.12.1/lib/python3.12/site-packages/airflow/example_dags/example_time_delta_sensor_async.py
[2026-07-02T17:04:29.900+0000] {logging_mixin.py:188} INFO - [2026-07-02T17:04:29.900+0000] {dag.py:3089} INFO - Sync 1 DAGs
[2026-07-02T17:04:29.909+0000] {logging_mixin.py:188} INFO - [2026-07-02T17:04:29.909+0000] {dag.py:3947} INFO - Setting next_dagrun for example_time_delta_sensor_async to None, run_after=None
[2026-07-02T17:04:29.927+0000] {processor.py:183} INFO - Processing /usr/local/python/3.12.1/lib/python3.12/site-packages/airflow/example_dags/example_time_delta_sensor_async.py took 0.055 seconds
[2026-07-02T17:05:10.708+0000] {processor.py:161} INFO - Started process (PID=163979) to work on /usr/local/python/3.12.1/lib/python3.12/site-packages/airflow/example_dags/example_time_delta_sensor_async.py
[2026-07-02T17:05:10.708+0000] {processor.py:830} INFO - Processing file /usr/local/python/3.12.1/lib/python3.12/site-packages/airflow/example_dags/example_time_delta_sensor_async.py for tasks to queue
[2026-07-02T17:05:10.710+0000] {logging_mixin.py:188} INFO - [2026-07-02T17:05:10.710+0000] {dagbag.py:545} INFO - Filling up the DagBag from /usr/local/python/3.12.1/lib/python3.12/site-packages/airflow/example_dags/example_time_delta_sensor_async.py
[2026-07-02T17:05:10.714+0000] {processor.py:840} INFO - DAG(s) 'example_time_delta_sensor_async' retrieved from /usr/local/python/3.12.1/lib/python3.12/site-packages/airflow/example_dags/example_time_delta_sensor_async.py
[2026-07-02T17:05:10.727+0000] {logging_mixin.py:188} INFO - [2026-07-02T17:05:10.726+0000] {dag.py:3089} INFO - Sync 1 DAGs
[2026-07-02T17:05:10.735+0000] {logging_mixin.py:188} INFO - [2026-07-02T17:05:10.735+0000] {dag.py:3947} INFO - Setting next_dagrun for example_time_delta_sensor_async to None, run_after=None
[2026-07-02T17:05:10.752+0000] {processor.py:183} INFO - Processing /usr/local/python/3.12.1/lib/python3.12/site-packages/airflow/example_dags/example_time_delta_sensor_async.py took 0.049 seconds
[2026-07-02T17:05:54.642+0000] {processor.py:161} INFO - Started process (PID=164443) to work on /usr/local/python/3.12.1/lib/python3.12/site-packages/airflow/example_dags/example_time_delta_sensor_async.py
[2026-07-02T17:05:54.643+0000] {processor.py:830} INFO - Processing file /usr/local/python/3.12.1/lib/python3.12/site-packages/airflow/example_dags/example_time_delta_sensor_async.py for tasks to queue
[2026-07-02T17:05:54.645+0000] {logging_mixin.py:188} INFO - [2026-07-02T17:05:54.644+0000] {dagbag.py:545} INFO - Filling up the DagBag from /usr/local/python/3.12.1/lib/python3.12/site-packages/airflow/example_dags/example_time_delta_sensor_async.py
[2026-07-02T17:05:54.650+0000] {processor.py:840} INFO - DAG(s) 'example_time_delta_sensor_async' retrieved from /usr/local/python/3.12.1/lib/python3.12/site-packages/airflow/example_dags/example_time_delta_sensor_async.py
[2026-07-02T17:05:54.679+0000] {logging_mixin.py:188} INFO - [2026-07-02T17:05:54.678+0000] {dag.py:3089} INFO - Sync 1 DAGs
[2026-07-02T17:05:54.705+0000] {logging_mixin.py:188} INFO - [2026-07-02T17:05:54.704+0000] {dag.py:3947} INFO - Setting next_dagrun for example_time_delta_sensor_async to None, run_after=None
[2026-07-02T17:05:54.730+0000] {processor.py:183} INFO - Processing /usr/local/python/3.12.1/lib/python3.12/site-packages/airflow/example_dags/example_time_delta_sensor_async.py took 0.097 seconds
[2026-07-02T17:06:37.121+0000] {processor.py:161} INFO - Started process (PID=164925) to work on /usr/local/python/3.12.1/lib/python3.12/site-packages/airflow/example_dags/example_time_delta_sensor_async.py
[2026-07-02T17:06:37.122+0000] {processor.py:830} INFO - Processing file /usr/local/python/3.12.1/lib/python3.12/site-packages/airflow/example_dags/example_time_delta_sensor_async.py for tasks to queue
[2026-07-02T17:06:37.124+0000] {logging_mixin.py:188} INFO - [2026-07-02T17:06:37.123+0000] {dagbag.py:545} INFO - Filling up the DagBag from /usr/local/python/3.12.1/lib/python3.12/site-packages/airflow/example_dags/example_time_delta_sensor_async.py
[2026-07-02T17:06:37.127+0000] {processor.py:840} INFO - DAG(s) 'example_time_delta_sensor_async' retrieved from /usr/local/python/3.12.1/lib/python3.12/site-packages/airflow/example_dags/example_time_delta_sensor_async.py
[2026-07-02T17:06:37.140+0000] {logging_mixin.py:188} INFO - [2026-07-02T17:06:37.140+0000] {dag.py:3089} INFO - Sync 1 DAGs
[2026-07-02T17:06:37.149+0000] {logging_mixin.py:188} INFO - [2026-07-02T17:06:37.149+0000] {dag.py:3947} INFO - Setting next_dagrun for example_time_delta_sensor_async to None, run_after=None
[2026-07-02T17:06:37.166+0000] {processor.py:183} INFO - Processing /usr/local/python/3.12.1/lib/python3.12/site-packages/airflow/example_dags/example_time_delta_sensor_async.py took 0.049 seconds
[2026-07-02T17:07:18.501+0000] {processor.py:161} INFO - Started process (PID=165389) to work on /usr/local/python/3.12.1/lib/python3.12/site-packages/airflow/example_dags/example_time_delta_sensor_async.py
[2026-07-02T17:07:18.502+0000] {processor.py:830} INFO - Processing file /usr/local/python/3.12.1/lib/python3.12/site-packages/airflow/example_dags/example_time_delta_sensor_async.py for tasks to queue
[2026-07-02T17:07:18.504+0000] {logging_mixin.py:188} INFO - [2026-07-02T17:07:18.503+0000] {dagbag.py:545} INFO - Filling up the DagBag from /usr/local/python/3.12.1/lib/python3.12/site-packages/airflow/example_dags/example_time_delta_sensor_async.py
[2026-07-02T17:07:18.507+0000] {processor.py:840} INFO - DAG(s) 'example_time_delta_sensor_async' retrieved from /usr/local/python/3.12.1/lib/python3.12/site-packages/airflow/example_dags/example_time_delta_sensor_async.py
[2026-07-02T17:07:18.520+0000] {logging_mixin.py:188} INFO - [2026-07-02T17:07:18.519+0000] {dag.py:3089} INFO - Sync 1 DAGs
[2026-07-02T17:07:18.529+0000] {logging_mixin.py:188} INFO - [2026-07-02T17:07:18.528+0000] {dag.py:3947} INFO - Setting next_dagrun for example_time_delta_sensor_async to None, run_after=None
[2026-07-02T17:07:18.546+0000] {processor.py:183} INFO - Processing /usr/local/python/3.12.1/lib/python3.12/site-packages/airflow/example_dags/example_time_delta_sensor_async.py took 0.050 seconds
[2026-07-02T17:08:01.069+0000] {processor.py:161} INFO - Started process (PID=165809) to work on /usr/local/python/3.12.1/lib/python3.12/site-packages/airflow/example_dags/example_time_delta_sensor_async.py
[2026-07-02T17:08:01.070+0000] {processor.py:830} INFO - Processing file /usr/local/python/3.12.1/lib/python3.12/site-packages/airflow/example_dags/example_time_delta_sensor_async.py for tasks to queue
[2026-07-02T17:08:01.072+0000] {logging_mixin.py:188} INFO - [2026-07-02T17:08:01.071+0000] {dagbag.py:545} INFO - Filling up the DagBag from /usr/local/python/3.12.1/lib/python3.12/site-packages/airflow/example_dags/example_time_delta_sensor_async.py
[2026-07-02T17:08:01.080+0000] {processor.py:840} INFO - DAG(s) 'example_time_delta_sensor_async' retrieved from /usr/local/python/3.12.1/lib/python3.12/site-packages/airflow/example_dags/example_time_delta_sensor_async.py
[2026-07-02T17:08:01.105+0000] {logging_mixin.py:188} INFO - [2026-07-02T17:08:01.105+0000] {dag.py:3089} INFO - Sync 1 DAGs
[2026-07-02T17:08:01.119+0000] {logging_mixin.py:188} INFO - [2026-07-02T17:08:01.119+0000] {dag.py:3947} INFO - Setting next_dagrun for example_time_delta_sensor_async to None, run_after=None
[2026-07-02T17:08:01.139+0000] {processor.py:183} INFO - Processing /usr/local/python/3.12.1/lib/python3.12/site-packages/airflow/example_dags/example_time_delta_sensor_async.py took 0.077 seconds
[2026-07-02T17:08:46.076+0000] {processor.py:161} INFO - Started process (PID=166266) to work on /usr/local/python/3.12.1/lib/python3.12/site-packages/airflow/example_dags/example_time_delta_sensor_async.py
[2026-07-02T17:08:46.077+0000] {processor.py:830} INFO - Processing file /usr/local/python/3.12.1/lib/python3.12/site-packages/airflow/example_dags/example_time_delta_sensor_async.py for tasks to queue
[2026-07-02T17:08:46.078+0000] {logging_mixin.py:188} INFO - [2026-07-02T17:08:46.078+0000] {dagbag.py:545} INFO - Filling up the DagBag from /usr/local/python/3.12.1/lib/python3.12/site-packages/airflow/example_dags/example_time_delta_sensor_async.py
[2026-07-02T17:08:46.083+0000] {processor.py:840} INFO - DAG(s) 'example_time_delta_sensor_async' retrieved from /usr/local/python/3.12.1/lib/python3.12/site-packages/airflow/example_dags/example_time_delta_sensor_async.py
[2026-07-02T17:08:46.099+0000] {logging_mixin.py:188} INFO - [2026-07-02T17:08:46.099+0000] {dag.py:3089} INFO - Sync 1 DAGs
[2026-07-02T17:08:46.108+0000] {logging_mixin.py:188} INFO - [2026-07-02T17:08:46.108+0000] {dag.py:3947} INFO - Setting next_dagrun for example_time_delta_sensor_async to None, run_after=None
[2026-07-02T17:08:46.125+0000] {processor.py:183} INFO - Processing /usr/local/python/3.12.1/lib/python3.12/site-packages/airflow/example_dags/example_time_delta_sensor_async.py took 0.054 seconds
[2026-07-02T17:09:32.163+0000] {processor.py:161} INFO - Started process (PID=166766) to work on /usr/local/python/3.12.1/lib/python3.12/site-packages/airflow/example_dags/example_time_delta_sensor_async.py
[2026-07-02T17:09:32.164+0000] {processor.py:830} INFO - Processing file /usr/local/python/3.12.1/lib/python3.12/site-packages/airflow/example_dags/example_time_delta_sensor_async.py for tasks to queue
[2026-07-02T17:09:32.166+0000] {logging_mixin.py:188} INFO - [2026-07-02T17:09:32.165+0000] {dagbag.py:545} INFO - Filling up the DagBag from /usr/local/python/3.12.1/lib/python3.12/site-packages/airflow/example_dags/example_time_delta_sensor_async.py
[2026-07-02T17:09:32.170+0000] {processor.py:840} INFO - DAG(s) 'example_time_delta_sensor_async' retrieved from /usr/local/python/3.12.1/lib/python3.12/site-packages/airflow/example_dags/example_time_delta_sensor_async.py
[2026-07-02T17:09:32.186+0000] {logging_mixin.py:188} INFO - [2026-07-02T17:09:32.186+0000] {dag.py:3089} INFO - Sync 1 DAGs
[2026-07-02T17:09:32.199+0000] {logging_mixin.py:188} INFO - [2026-07-02T17:09:32.199+0000] {dag.py:3947} INFO - Setting next_dagrun for example_time_delta_sensor_async to None, run_after=None
[2026-07-02T17:09:32.217+0000] {processor.py:183} INFO - Processing /usr/local/python/3.12.1/lib/python3.12/site-packages/airflow/example_dags/example_time_delta_sensor_async.py took 0.058 seconds
[2026-07-02T17:10:17.907+0000] {processor.py:161} INFO - Started process (PID=167272) to work on /usr/local/python/3.12.1/lib/python3.12/site-packages/airflow/example_dags/example_time_delta_sensor_async.py
[2026-07-02T17:10:17.908+0000] {processor.py:830} INFO - Processing file /usr/local/python/3.12.1/lib/python3.12/site-packages/airflow/example_dags/example_time_delta_sensor_async.py for tasks to queue
[2026-07-02T17:10:17.909+0000] {logging_mixin.py:188} INFO - [2026-07-02T17:10:17.909+0000] {dagbag.py:545} INFO - Filling up the DagBag from /usr/local/python/3.12.1/lib/python3.12/site-packages/airflow/example_dags/example_time_delta_sensor_async.py
[2026-07-02T17:10:17.913+0000] {processor.py:840} INFO - DAG(s) 'example_time_delta_sensor_async' retrieved from /usr/local/python/3.12.1/lib/python3.12/site-packages/airflow/example_dags/example_time_delta_sensor_async.py
[2026-07-02T17:10:17.928+0000] {logging_mixin.py:188} INFO - [2026-07-02T17:10:17.928+0000] {dag.py:3089} INFO - Sync 1 DAGs
[2026-07-02T17:10:17.937+0000] {logging_mixin.py:188} INFO - [2026-07-02T17:10:17.937+0000] {dag.py:3947} INFO - Setting next_dagrun for example_time_delta_sensor_async to None, run_after=None
[2026-07-02T17:10:18.055+0000] {processor.py:183} INFO - Processing /usr/local/python/3.12.1/lib/python3.12/site-packages/airflow/example_dags/example_time_delta_sensor_async.py took 0.153 seconds
[2026-07-02T17:11:05.076+0000] {processor.py:161} INFO - Started process (PID=167772) to work on /usr/local/python/3.12.1/lib/python3.12/site-packages/airflow/example_dags/example_time_delta_sensor_async.py
[2026-07-02T17:11:05.077+0000] {processor.py:830} INFO - Processing file /usr/local/python/3.12.1/lib/python3.12/site-packages/airflow/example_dags/example_time_delta_sensor_async.py for tasks to queue
[2026-07-02T17:11:05.079+0000] {logging_mixin.py:188} INFO - [2026-07-02T17:11:05.079+0000] {dagbag.py:545} INFO - Filling up the DagBag from /usr/local/python/3.12.1/lib/python3.12/site-packages/airflow/example_dags/example_time_delta_sensor_async.py
[2026-07-02T17:11:05.084+0000] {processor.py:840} INFO - DAG(s) 'example_time_delta_sensor_async' retrieved from /usr/local/python/3.12.1/lib/python3.12/site-packages/airflow/example_dags/example_time_delta_sensor_async.py
[2026-07-02T17:11:05.099+0000] {logging_mixin.py:188} INFO - [2026-07-02T17:11:05.099+0000] {dag.py:3089} INFO - Sync 1 DAGs
[2026-07-02T17:11:05.108+0000] {logging_mixin.py:188} INFO - [2026-07-02T17:11:05.108+0000] {dag.py:3947} INFO - Setting next_dagrun for example_time_delta_sensor_async to None, run_after=None
[2026-07-02T17:11:05.126+0000] {processor.py:183} INFO - Processing /usr/local/python/3.12.1/lib/python3.12/site-packages/airflow/example_dags/example_time_delta_sensor_async.py took 0.054 seconds
[2026-07-02T17:11:49.272+0000] {processor.py:161} INFO - Started process (PID=168230) to work on /usr/local/python/3.12.1/lib/python3.12/site-packages/airflow/example_dags/example_time_delta_sensor_async.py
[2026-07-02T17:11:49.272+0000] {processor.py:830} INFO - Processing file /usr/local/python/3.12.1/lib/python3.12/site-packages/airflow/example_dags/example_time_delta_sensor_async.py for tasks to queue
[2026-07-02T17:11:49.275+0000] {logging_mixin.py:188} INFO - [2026-07-02T17:11:49.274+0000] {dagbag.py:545} INFO - Filling up the DagBag from /usr/local/python/3.12.1/lib/python3.12/site-packages/airflow/example_dags/example_time_delta_sensor_async.py
[2026-07-02T17:11:49.280+0000] {processor.py:840} INFO - DAG(s) 'example_time_delta_sensor_async' retrieved from /usr/local/python/3.12.1/lib/python3.12/site-packages/airflow/example_dags/example_time_delta_sensor_async.py
[2026-07-02T17:11:49.297+0000] {logging_mixin.py:188} INFO - [2026-07-02T17:11:49.297+0000] {dag.py:3089} INFO - Sync 1 DAGs
[2026-07-02T17:11:49.310+0000] {logging_mixin.py:188} INFO - [2026-07-02T17:11:49.309+0000] {dag.py:3947} INFO - Setting next_dagrun for example_time_delta_sensor_async to None, run_after=None
[2026-07-02T17:11:49.328+0000] {processor.py:183} INFO - Processing /usr/local/python/3.12.1/lib/python3.12/site-packages/airflow/example_dags/example_time_delta_sensor_async.py took 0.061 seconds
[2026-07-02T17:12:32.542+0000] {processor.py:161} INFO - Started process (PID=168703) to work on /usr/local/python/3.12.1/lib/python3.12/site-packages/airflow/example_dags/example_time_delta_sensor_async.py
[2026-07-02T17:12:32.543+0000] {processor.py:830} INFO - Processing file /usr/local/python/3.12.1/lib/python3.12/site-packages/airflow/example_dags/example_time_delta_sensor_async.py for tasks to queue
[2026-07-02T17:12:32.544+0000] {logging_mixin.py:188} INFO - [2026-07-02T17:12:32.544+0000] {dagbag.py:545} INFO - Filling up the DagBag from /usr/local/python/3.12.1/lib/python3.12/site-packages/airflow/example_dags/example_time_delta_sensor_async.py
[2026-07-02T17:12:32.548+0000] {processor.py:840} INFO - DAG(s) 'example_time_delta_sensor_async' retrieved from /usr/local/python/3.12.1/lib/python3.12/site-packages/airflow/example_dags/example_time_delta_sensor_async.py
[2026-07-02T17:12:32.561+0000] {logging_mixin.py:188} INFO - [2026-07-02T17:12:32.560+0000] {dag.py:3089} INFO - Sync 1 DAGs
[2026-07-02T17:12:32.569+0000] {logging_mixin.py:188} INFO - [2026-07-02T17:12:32.569+0000] {dag.py:3947} INFO - Setting next_dagrun for example_time_delta_sensor_async to None, run_after=None
[2026-07-02T17:12:32.589+0000] {processor.py:183} INFO - Processing /usr/local/python/3.12.1/lib/python3.12/site-packages/airflow/example_dags/example_time_delta_sensor_async.py took 0.052 seconds
[2026-07-02T17:13:12.816+0000] {processor.py:161} INFO - Started process (PID=169137) to work on /usr/local/python/3.12.1/lib/python3.12/site-packages/airflow/example_dags/example_time_delta_sensor_async.py
[2026-07-02T17:13:12.817+0000] {processor.py:830} INFO - Processing file /usr/local/python/3.12.1/lib/python3.12/site-packages/airflow/example_dags/example_time_delta_sensor_async.py for tasks to queue
[2026-07-02T17:13:12.818+0000] {logging_mixin.py:188} INFO - [2026-07-02T17:13:12.818+0000] {dagbag.py:545} INFO - Filling up the DagBag from /usr/local/python/3.12.1/lib/python3.12/site-packages/airflow/example_dags/example_time_delta_sensor_async.py
[2026-07-02T17:13:12.822+0000] {processor.py:840} INFO - DAG(s) 'example_time_delta_sensor_async' retrieved from /usr/local/python/3.12.1/lib/python3.12/site-packages/airflow/example_dags/example_time_delta_sensor_async.py
[2026-07-02T17:13:12.835+0000] {logging_mixin.py:188} INFO - [2026-07-02T17:13:12.835+0000] {dag.py:3089} INFO - Sync 1 DAGs
[2026-07-02T17:13:12.844+0000] {logging_mixin.py:188} INFO - [2026-07-02T17:13:12.844+0000] {dag.py:3947} INFO - Setting next_dagrun for example_time_delta_sensor_async to None, run_after=None
[2026-07-02T17:13:12.861+0000] {processor.py:183} INFO - Processing /usr/local/python/3.12.1/lib/python3.12/site-packages/airflow/example_dags/example_time_delta_sensor_async.py took 0.049 seconds
[2026-07-02T17:13:54.089+0000] {processor.py:161} INFO - Started process (PID=169563) to work on /usr/local/python/3.12.1/lib/python3.12/site-packages/airflow/example_dags/example_time_delta_sensor_async.py
[2026-07-02T17:13:54.090+0000] {processor.py:830} INFO - Processing file /usr/local/python/3.12.1/lib/python3.12/site-packages/airflow/example_dags/example_time_delta_sensor_async.py for tasks to queue
[2026-07-02T17:13:54.092+0000] {logging_mixin.py:188} INFO - [2026-07-02T17:13:54.092+0000] {dagbag.py:545} INFO - Filling up the DagBag from /usr/local/python/3.12.1/lib/python3.12/site-packages/airflow/example_dags/example_time_delta_sensor_async.py
[2026-07-02T17:13:54.097+0000] {processor.py:840} INFO - DAG(s) 'example_time_delta_sensor_async' retrieved from /usr/local/python/3.12.1/lib/python3.12/site-packages/airflow/example_dags/example_time_delta_sensor_async.py
[2026-07-02T17:13:54.120+0000] {logging_mixin.py:188} INFO - [2026-07-02T17:13:54.119+0000] {dag.py:3089} INFO - Sync 1 DAGs
[2026-07-02T17:13:54.138+0000] {logging_mixin.py:188} INFO - [2026-07-02T17:13:54.137+0000] {dag.py:3947} INFO - Setting next_dagrun for example_time_delta_sensor_async to None, run_after=None
[2026-07-02T17:13:54.158+0000] {processor.py:183} INFO - Processing /usr/local/python/3.12.1/lib/python3.12/site-packages/airflow/example_dags/example_time_delta_sensor_async.py took 0.076 seconds
[2026-07-02T17:14:37.483+0000] {processor.py:161} INFO - Started process (PID=170034) to work on /usr/local/python/3.12.1/lib/python3.12/site-packages/airflow/example_dags/example_time_delta_sensor_async.py
[2026-07-02T17:14:37.484+0000] {processor.py:830} INFO - Processing file /usr/local/python/3.12.1/lib/python3.12/site-packages/airflow/example_dags/example_time_delta_sensor_async.py for tasks to queue
[2026-07-02T17:14:37.486+0000] {logging_mixin.py:188} INFO - [2026-07-02T17:14:37.486+0000] {dagbag.py:545} INFO - Filling up the DagBag from /usr/local/python/3.12.1/lib/python3.12/site-packages/airflow/example_dags/example_time_delta_sensor_async.py
[2026-07-02T17:14:37.491+0000] {processor.py:840} INFO - DAG(s) 'example_time_delta_sensor_async' retrieved from /usr/local/python/3.12.1/lib/python3.12/site-packages/airflow/example_dags/example_time_delta_sensor_async.py
[2026-07-02T17:14:37.505+0000] {logging_mixin.py:188} INFO - [2026-07-02T17:14:37.505+0000] {dag.py:3089} INFO - Sync 1 DAGs
[2026-07-02T17:14:37.514+0000] {logging_mixin.py:188} INFO - [2026-07-02T17:14:37.514+0000] {dag.py:3947} INFO - Setting next_dagrun for example_time_delta_sensor_async to None, run_after=None
[2026-07-02T17:14:37.531+0000] {processor.py:183} INFO - Processing /usr/local/python/3.12.1/lib/python3.12/site-packages/airflow/example_dags/example_time_delta_sensor_async.py took 0.054 seconds
[2026-07-02T17:15:19.511+0000] {processor.py:161} INFO - Started process (PID=170483) to work on /usr/local/python/3.12.1/lib/python3.12/site-packages/airflow/example_dags/example_time_delta_sensor_async.py
[2026-07-02T17:15:19.512+0000] {processor.py:830} INFO - Processing file /usr/local/python/3.12.1/lib/python3.12/site-packages/airflow/example_dags/example_time_delta_sensor_async.py for tasks to queue
[2026-07-02T17:15:19.513+0000] {logging_mixin.py:188} INFO - [2026-07-02T17:15:19.513+0000] {dagbag.py:545} INFO - Filling up the DagBag from /usr/local/python/3.12.1/lib/python3.12/site-packages/airflow/example_dags/example_time_delta_sensor_async.py
[2026-07-02T17:15:19.517+0000] {processor.py:840} INFO - DAG(s) 'example_time_delta_sensor_async' retrieved from /usr/local/python/3.12.1/lib/python3.12/site-packages/airflow/example_dags/example_time_delta_sensor_async.py
[2026-07-02T17:15:19.530+0000] {logging_mixin.py:188} INFO - [2026-07-02T17:15:19.529+0000] {dag.py:3089} INFO - Sync 1 DAGs
[2026-07-02T17:15:19.540+0000] {logging_mixin.py:188} INFO - [2026-07-02T17:15:19.540+0000] {dag.py:3947} INFO - Setting next_dagrun for example_time_delta_sensor_async to None, run_after=None
[2026-07-02T17:15:19.565+0000] {processor.py:183} INFO - Processing /usr/local/python/3.12.1/lib/python3.12/site-packages/airflow/example_dags/example_time_delta_sensor_async.py took 0.059 seconds
[2026-07-02T17:15:58.655+0000] {processor.py:161} INFO - Started process (PID=170859) to work on /usr/local/python/3.12.1/lib/python3.12/site-packages/airflow/example_dags/example_time_delta_sensor_async.py
[2026-07-02T17:15:58.655+0000] {processor.py:830} INFO - Processing file /usr/local/python/3.12.1/lib/python3.12/site-packages/airflow/example_dags/example_time_delta_sensor_async.py for tasks to queue
[2026-07-02T17:15:58.657+0000] {logging_mixin.py:188} INFO - [2026-07-02T17:15:58.657+0000] {dagbag.py:545} INFO - Filling up the DagBag from /usr/local/python/3.12.1/lib/python3.12/site-packages/airflow/example_dags/example_time_delta_sensor_async.py
[2026-07-02T17:15:58.661+0000] {processor.py:840} INFO - DAG(s) 'example_time_delta_sensor_async' retrieved from /usr/local/python/3.12.1/lib/python3.12/site-packages/airflow/example_dags/example_time_delta_sensor_async.py
[2026-07-02T17:15:58.673+0000] {logging_mixin.py:188} INFO - [2026-07-02T17:15:58.673+0000] {dag.py:3089} INFO - Sync 1 DAGs
[2026-07-02T17:15:58.685+0000] {logging_mixin.py:188} INFO - [2026-07-02T17:15:58.684+0000] {dag.py:3947} INFO - Setting next_dagrun for example_time_delta_sensor_async to None, run_after=None
[2026-07-02T17:15:58.703+0000] {processor.py:183} INFO - Processing /usr/local/python/3.12.1/lib/python3.12/site-packages/airflow/example_dags/example_time_delta_sensor_async.py took 0.053 seconds
[2026-07-02T17:16:37.755+0000] {processor.py:161} INFO - Started process (PID=171321) to work on /usr/local/python/3.12.1/lib/python3.12/site-packages/airflow/example_dags/example_time_delta_sensor_async.py
[2026-07-02T17:16:37.756+0000] {processor.py:830} INFO - Processing file /usr/local/python/3.12.1/lib/python3.12/site-packages/airflow/example_dags/example_time_delta_sensor_async.py for tasks to queue
[2026-07-02T17:16:37.758+0000] {logging_mixin.py:188} INFO - [2026-07-02T17:16:37.757+0000] {dagbag.py:545} INFO - Filling up the DagBag from /usr/local/python/3.12.1/lib/python3.12/site-packages/airflow/example_dags/example_time_delta_sensor_async.py
[2026-07-02T17:16:37.761+0000] {processor.py:840} INFO - DAG(s) 'example_time_delta_sensor_async' retrieved from /usr/local/python/3.12.1/lib/python3.12/site-packages/airflow/example_dags/example_time_delta_sensor_async.py
[2026-07-02T17:16:37.774+0000] {logging_mixin.py:188} INFO - [2026-07-02T17:16:37.774+0000] {dag.py:3089} INFO - Sync 1 DAGs
[2026-07-02T17:16:37.787+0000] {logging_mixin.py:188} INFO - [2026-07-02T17:16:37.787+0000] {dag.py:3947} INFO - Setting next_dagrun for example_time_delta_sensor_async to None, run_after=None
[2026-07-02T17:16:37.808+0000] {processor.py:183} INFO - Processing /usr/local/python/3.12.1/lib/python3.12/site-packages/airflow/example_dags/example_time_delta_sensor_async.py took 0.057 seconds
[2026-07-02T17:17:17.887+0000] {processor.py:161} INFO - Started process (PID=171716) to work on /usr/local/python/3.12.1/lib/python3.12/site-packages/airflow/example_dags/example_time_delta_sensor_async.py
[2026-07-02T17:17:17.888+0000] {processor.py:830} INFO - Processing file /usr/local/python/3.12.1/lib/python3.12/site-packages/airflow/example_dags/example_time_delta_sensor_async.py for tasks to queue
[2026-07-02T17:17:17.890+0000] {logging_mixin.py:188} INFO - [2026-07-02T17:17:17.889+0000] {dagbag.py:545} INFO - Filling up the DagBag from /usr/local/python/3.12.1/lib/python3.12/site-packages/airflow/example_dags/example_time_delta_sensor_async.py
[2026-07-02T17:17:17.897+0000] {processor.py:840} INFO - DAG(s) 'example_time_delta_sensor_async' retrieved from /usr/local/python/3.12.1/lib/python3.12/site-packages/airflow/example_dags/example_time_delta_sensor_async.py
[2026-07-02T17:17:17.917+0000] {logging_mixin.py:188} INFO - [2026-07-02T17:17:17.916+0000] {dag.py:3089} INFO - Sync 1 DAGs
[2026-07-02T17:17:17.932+0000] {logging_mixin.py:188} INFO - [2026-07-02T17:17:17.931+0000] {dag.py:3947} INFO - Setting next_dagrun for example_time_delta_sensor_async to None, run_after=None
[2026-07-02T17:17:17.953+0000] {processor.py:183} INFO - Processing /usr/local/python/3.12.1/lib/python3.12/site-packages/airflow/example_dags/example_time_delta_sensor_async.py took 0.078 seconds
