[2026-07-02T16:24:45.469+0000] {processor.py:161} INFO - Started process (PID=118003) to work on /usr/local/python/3.12.1/lib/python3.12/site-packages/airflow/example_dags/example_complex.py
[2026-07-02T16:24:45.469+0000] {processor.py:830} INFO - Processing file /usr/local/python/3.12.1/lib/python3.12/site-packages/airflow/example_dags/example_complex.py for tasks to queue
[2026-07-02T16:24:45.471+0000] {logging_mixin.py:188} INFO - [2026-07-02T16:24:45.471+0000] {dagbag.py:545} INFO - Filling up the DagBag from /usr/local/python/3.12.1/lib/python3.12/site-packages/airflow/example_dags/example_complex.py
[2026-07-02T16:24:45.483+0000] {processor.py:840} INFO - DAG(s) 'example_complex' retrieved from /usr/local/python/3.12.1/lib/python3.12/site-packages/airflow/example_dags/example_complex.py
[2026-07-02T16:24:45.642+0000] {logging_mixin.py:188} INFO - [2026-07-02T16:24:45.641+0000] {override.py:1858} INFO - Created Permission View: can delete on DAG:example_complex
[2026-07-02T16:24:45.664+0000] {logging_mixin.py:188} INFO - [2026-07-02T16:24:45.664+0000] {override.py:1858} INFO - Created Permission View: can read on DAG:example_complex
[2026-07-02T16:24:45.688+0000] {logging_mixin.py:188} INFO - [2026-07-02T16:24:45.687+0000] {override.py:1858} INFO - Created Permission View: can edit on DAG:example_complex
[2026-07-02T16:24:45.691+0000] {logging_mixin.py:188} INFO - [2026-07-02T16:24:45.691+0000] {dag.py:3089} INFO - Sync 1 DAGs
[2026-07-02T16:24:45.728+0000] {logging_mixin.py:188} INFO - [2026-07-02T16:24:45.728+0000] {dag.py:3111} INFO - Creating ORM DAG for example_complex
[2026-07-02T16:24:45.730+0000] {logging_mixin.py:188} INFO - [2026-07-02T16:24:45.730+0000] {dag.py:3947} INFO - Setting next_dagrun for example_complex to None, run_after=None
[2026-07-02T16:24:45.832+0000] {processor.py:183} INFO - Processing /usr/local/python/3.12.1/lib/python3.12/site-packages/airflow/example_dags/example_complex.py took 0.369 seconds
[2026-07-02T16:25:38.041+0000] {processor.py:161} INFO - Started process (PID=118796) to work on /usr/local/python/3.12.1/lib/python3.12/site-packages/airflow/example_dags/example_complex.py
[2026-07-02T16:25:38.043+0000] {processor.py:830} INFO - Processing file /usr/local/python/3.12.1/lib/python3.12/site-packages/airflow/example_dags/example_complex.py for tasks to queue
[2026-07-02T16:25:38.046+0000] {logging_mixin.py:188} INFO - [2026-07-02T16:25:38.045+0000] {dagbag.py:545} INFO - Filling up the DagBag from /usr/local/python/3.12.1/lib/python3.12/site-packages/airflow/example_dags/example_complex.py
[2026-07-02T16:25:38.063+0000] {processor.py:840} INFO - DAG(s) 'example_complex' retrieved from /usr/local/python/3.12.1/lib/python3.12/site-packages/airflow/example_dags/example_complex.py
[2026-07-02T16:25:38.109+0000] {logging_mixin.py:188} INFO - [2026-07-02T16:25:38.109+0000] {dag.py:3089} INFO - Sync 1 DAGs
[2026-07-02T16:25:38.140+0000] {logging_mixin.py:188} INFO - [2026-07-02T16:25:38.139+0000] {dag.py:3947} INFO - Setting next_dagrun for example_complex to None, run_after=None
[2026-07-02T16:25:38.182+0000] {processor.py:183} INFO - Processing /usr/local/python/3.12.1/lib/python3.12/site-packages/airflow/example_dags/example_complex.py took 0.149 seconds
[2026-07-02T16:26:58.180+0000] {processor.py:161} INFO - Started process (PID=126712) to work on /usr/local/python/3.12.1/lib/python3.12/site-packages/airflow/example_dags/example_complex.py
[2026-07-02T16:26:58.190+0000] {processor.py:830} INFO - Processing file /usr/local/python/3.12.1/lib/python3.12/site-packages/airflow/example_dags/example_complex.py for tasks to queue
[2026-07-02T16:26:58.210+0000] {logging_mixin.py:188} INFO - [2026-07-02T16:26:58.204+0000] {dagbag.py:545} INFO - Filling up the DagBag from /usr/local/python/3.12.1/lib/python3.12/site-packages/airflow/example_dags/example_complex.py
[2026-07-02T16:26:58.259+0000] {processor.py:840} INFO - DAG(s) 'example_complex' retrieved from /usr/local/python/3.12.1/lib/python3.12/site-packages/airflow/example_dags/example_complex.py
[2026-07-02T16:26:58.427+0000] {logging_mixin.py:188} INFO - [2026-07-02T16:26:58.427+0000] {dag.py:3089} INFO - Sync 1 DAGs
[2026-07-02T16:26:58.555+0000] {logging_mixin.py:188} INFO - [2026-07-02T16:26:58.551+0000] {dag.py:3947} INFO - Setting next_dagrun for example_complex to None, run_after=None
[2026-07-02T16:26:58.636+0000] {processor.py:183} INFO - Processing /usr/local/python/3.12.1/lib/python3.12/site-packages/airflow/example_dags/example_complex.py took 0.523 seconds
[2026-07-02T16:28:07.672+0000] {processor.py:161} INFO - Started process (PID=128810) to work on /usr/local/python/3.12.1/lib/python3.12/site-packages/airflow/example_dags/example_complex.py
[2026-07-02T16:28:07.672+0000] {processor.py:830} INFO - Processing file /usr/local/python/3.12.1/lib/python3.12/site-packages/airflow/example_dags/example_complex.py for tasks to queue
[2026-07-02T16:28:07.674+0000] {logging_mixin.py:188} INFO - [2026-07-02T16:28:07.673+0000] {dagbag.py:545} INFO - Filling up the DagBag from /usr/local/python/3.12.1/lib/python3.12/site-packages/airflow/example_dags/example_complex.py
[2026-07-02T16:28:07.686+0000] {processor.py:840} INFO - DAG(s) 'example_complex' retrieved from /usr/local/python/3.12.1/lib/python3.12/site-packages/airflow/example_dags/example_complex.py
[2026-07-02T16:28:07.713+0000] {logging_mixin.py:188} INFO - [2026-07-02T16:28:07.712+0000] {dag.py:3089} INFO - Sync 1 DAGs
[2026-07-02T16:28:07.721+0000] {logging_mixin.py:188} INFO - [2026-07-02T16:28:07.721+0000] {dag.py:3947} INFO - Setting next_dagrun for example_complex to None, run_after=None
[2026-07-02T16:28:07.737+0000] {processor.py:183} INFO - Processing /usr/local/python/3.12.1/lib/python3.12/site-packages/airflow/example_dags/example_complex.py took 0.071 seconds
[2026-07-02T16:29:06.625+0000] {processor.py:161} INFO - Started process (PID=129648) to work on /usr/local/python/3.12.1/lib/python3.12/site-packages/airflow/example_dags/example_complex.py
[2026-07-02T16:29:06.626+0000] {processor.py:830} INFO - Processing file /usr/local/python/3.12.1/lib/python3.12/site-packages/airflow/example_dags/example_complex.py for tasks to queue
[2026-07-02T16:29:06.627+0000] {logging_mixin.py:188} INFO - [2026-07-02T16:29:06.627+0000] {dagbag.py:545} INFO - Filling up the DagBag from /usr/local/python/3.12.1/lib/python3.12/site-packages/airflow/example_dags/example_complex.py
[2026-07-02T16:29:06.636+0000] {processor.py:840} INFO - DAG(s) 'example_complex' retrieved from /usr/local/python/3.12.1/lib/python3.12/site-packages/airflow/example_dags/example_complex.py
[2026-07-02T16:29:06.656+0000] {logging_mixin.py:188} INFO - [2026-07-02T16:29:06.656+0000] {dag.py:3089} INFO - Sync 1 DAGs
[2026-07-02T16:29:06.765+0000] {logging_mixin.py:188} INFO - [2026-07-02T16:29:06.765+0000] {dag.py:3947} INFO - Setting next_dagrun for example_complex to None, run_after=None
[2026-07-02T16:29:06.782+0000] {processor.py:183} INFO - Processing /usr/local/python/3.12.1/lib/python3.12/site-packages/airflow/example_dags/example_complex.py took 0.162 seconds
[2026-07-02T16:30:07.341+0000] {processor.py:161} INFO - Started process (PID=130317) to work on /usr/local/python/3.12.1/lib/python3.12/site-packages/airflow/example_dags/example_complex.py
[2026-07-02T16:30:07.343+0000] {processor.py:830} INFO - Processing file /usr/local/python/3.12.1/lib/python3.12/site-packages/airflow/example_dags/example_complex.py for tasks to queue
[2026-07-02T16:30:07.345+0000] {logging_mixin.py:188} INFO - [2026-07-02T16:30:07.344+0000] {dagbag.py:545} INFO - Filling up the DagBag from /usr/local/python/3.12.1/lib/python3.12/site-packages/airflow/example_dags/example_complex.py
[2026-07-02T16:30:07.353+0000] {processor.py:840} INFO - DAG(s) 'example_complex' retrieved from /usr/local/python/3.12.1/lib/python3.12/site-packages/airflow/example_dags/example_complex.py
[2026-07-02T16:30:07.373+0000] {logging_mixin.py:188} INFO - [2026-07-02T16:30:07.373+0000] {dag.py:3089} INFO - Sync 1 DAGs
[2026-07-02T16:30:07.386+0000] {logging_mixin.py:188} INFO - [2026-07-02T16:30:07.386+0000] {dag.py:3947} INFO - Setting next_dagrun for example_complex to None, run_after=None
[2026-07-02T16:30:07.406+0000] {processor.py:183} INFO - Processing /usr/local/python/3.12.1/lib/python3.12/site-packages/airflow/example_dags/example_complex.py took 0.070 seconds
[2026-07-02T16:31:00.327+0000] {processor.py:161} INFO - Started process (PID=130910) to work on /usr/local/python/3.12.1/lib/python3.12/site-packages/airflow/example_dags/example_complex.py
[2026-07-02T16:31:00.327+0000] {processor.py:830} INFO - Processing file /usr/local/python/3.12.1/lib/python3.12/site-packages/airflow/example_dags/example_complex.py for tasks to queue
[2026-07-02T16:31:00.329+0000] {logging_mixin.py:188} INFO - [2026-07-02T16:31:00.328+0000] {dagbag.py:545} INFO - Filling up the DagBag from /usr/local/python/3.12.1/lib/python3.12/site-packages/airflow/example_dags/example_complex.py
[2026-07-02T16:31:00.337+0000] {processor.py:840} INFO - DAG(s) 'example_complex' retrieved from /usr/local/python/3.12.1/lib/python3.12/site-packages/airflow/example_dags/example_complex.py
[2026-07-02T16:31:00.357+0000] {logging_mixin.py:188} INFO - [2026-07-02T16:31:00.357+0000] {dag.py:3089} INFO - Sync 1 DAGs
[2026-07-02T16:31:00.366+0000] {logging_mixin.py:188} INFO - [2026-07-02T16:31:00.366+0000] {dag.py:3947} INFO - Setting next_dagrun for example_complex to None, run_after=None
[2026-07-02T16:31:00.390+0000] {processor.py:183} INFO - Processing /usr/local/python/3.12.1/lib/python3.12/site-packages/airflow/example_dags/example_complex.py took 0.068 seconds
[2026-07-02T16:32:14.421+0000] {processor.py:161} INFO - Started process (PID=132866) to work on /usr/local/python/3.12.1/lib/python3.12/site-packages/airflow/example_dags/example_complex.py
[2026-07-02T16:32:14.423+0000] {processor.py:830} INFO - Processing file /usr/local/python/3.12.1/lib/python3.12/site-packages/airflow/example_dags/example_complex.py for tasks to queue
[2026-07-02T16:32:14.425+0000] {logging_mixin.py:188} INFO - [2026-07-02T16:32:14.425+0000] {dagbag.py:545} INFO - Filling up the DagBag from /usr/local/python/3.12.1/lib/python3.12/site-packages/airflow/example_dags/example_complex.py
[2026-07-02T16:32:14.445+0000] {processor.py:840} INFO - DAG(s) 'example_complex' retrieved from /usr/local/python/3.12.1/lib/python3.12/site-packages/airflow/example_dags/example_complex.py
[2026-07-02T16:32:14.490+0000] {logging_mixin.py:188} INFO - [2026-07-02T16:32:14.490+0000] {dag.py:3089} INFO - Sync 1 DAGs
[2026-07-02T16:32:14.504+0000] {logging_mixin.py:188} INFO - [2026-07-02T16:32:14.504+0000] {dag.py:3947} INFO - Setting next_dagrun for example_complex to None, run_after=None
[2026-07-02T16:32:14.551+0000] {processor.py:183} INFO - Processing /usr/local/python/3.12.1/lib/python3.12/site-packages/airflow/example_dags/example_complex.py took 0.138 seconds
[2026-07-02T16:33:29.550+0000] {processor.py:161} INFO - Started process (PID=133738) to work on /usr/local/python/3.12.1/lib/python3.12/site-packages/airflow/example_dags/example_complex.py
[2026-07-02T16:33:29.552+0000] {processor.py:830} INFO - Processing file /usr/local/python/3.12.1/lib/python3.12/site-packages/airflow/example_dags/example_complex.py for tasks to queue
[2026-07-02T16:33:29.554+0000] {logging_mixin.py:188} INFO - [2026-07-02T16:33:29.553+0000] {dagbag.py:545} INFO - Filling up the DagBag from /usr/local/python/3.12.1/lib/python3.12/site-packages/airflow/example_dags/example_complex.py
[2026-07-02T16:33:29.562+0000] {processor.py:840} INFO - DAG(s) 'example_complex' retrieved from /usr/local/python/3.12.1/lib/python3.12/site-packages/airflow/example_dags/example_complex.py
[2026-07-02T16:33:29.590+0000] {logging_mixin.py:188} INFO - [2026-07-02T16:33:29.590+0000] {dag.py:3089} INFO - Sync 1 DAGs
[2026-07-02T16:33:29.601+0000] {logging_mixin.py:188} INFO - [2026-07-02T16:33:29.600+0000] {dag.py:3947} INFO - Setting next_dagrun for example_complex to None, run_after=None
[2026-07-02T16:33:29.618+0000] {processor.py:183} INFO - Processing /usr/local/python/3.12.1/lib/python3.12/site-packages/airflow/example_dags/example_complex.py took 0.072 seconds
[2026-07-02T16:34:43.827+0000] {processor.py:161} INFO - Started process (PID=134670) to work on /usr/local/python/3.12.1/lib/python3.12/site-packages/airflow/example_dags/example_complex.py
[2026-07-02T16:34:43.847+0000] {processor.py:830} INFO - Processing file /usr/local/python/3.12.1/lib/python3.12/site-packages/airflow/example_dags/example_complex.py for tasks to queue
[2026-07-02T16:34:43.853+0000] {logging_mixin.py:188} INFO - [2026-07-02T16:34:43.852+0000] {dagbag.py:545} INFO - Filling up the DagBag from /usr/local/python/3.12.1/lib/python3.12/site-packages/airflow/example_dags/example_complex.py
[2026-07-02T16:34:43.913+0000] {processor.py:840} INFO - DAG(s) 'example_complex' retrieved from /usr/local/python/3.12.1/lib/python3.12/site-packages/airflow/example_dags/example_complex.py
[2026-07-02T16:34:43.976+0000] {logging_mixin.py:188} INFO - [2026-07-02T16:34:43.976+0000] {dag.py:3089} INFO - Sync 1 DAGs
[2026-07-02T16:34:44.012+0000] {logging_mixin.py:188} INFO - [2026-07-02T16:34:44.011+0000] {dag.py:3947} INFO - Setting next_dagrun for example_complex to None, run_after=None
[2026-07-02T16:34:44.177+0000] {processor.py:183} INFO - Processing /usr/local/python/3.12.1/lib/python3.12/site-packages/airflow/example_dags/example_complex.py took 0.371 seconds
[2026-07-02T16:36:05.736+0000] {processor.py:161} INFO - Started process (PID=136511) to work on /usr/local/python/3.12.1/lib/python3.12/site-packages/airflow/example_dags/example_complex.py
[2026-07-02T16:36:05.738+0000] {processor.py:830} INFO - Processing file /usr/local/python/3.12.1/lib/python3.12/site-packages/airflow/example_dags/example_complex.py for tasks to queue
[2026-07-02T16:36:05.739+0000] {logging_mixin.py:188} INFO - [2026-07-02T16:36:05.739+0000] {dagbag.py:545} INFO - Filling up the DagBag from /usr/local/python/3.12.1/lib/python3.12/site-packages/airflow/example_dags/example_complex.py
[2026-07-02T16:36:05.748+0000] {processor.py:840} INFO - DAG(s) 'example_complex' retrieved from /usr/local/python/3.12.1/lib/python3.12/site-packages/airflow/example_dags/example_complex.py
[2026-07-02T16:36:05.769+0000] {logging_mixin.py:188} INFO - [2026-07-02T16:36:05.768+0000] {dag.py:3089} INFO - Sync 1 DAGs
[2026-07-02T16:36:05.779+0000] {logging_mixin.py:188} INFO - [2026-07-02T16:36:05.778+0000] {dag.py:3947} INFO - Setting next_dagrun for example_complex to None, run_after=None
[2026-07-02T16:36:05.800+0000] {processor.py:183} INFO - Processing /usr/local/python/3.12.1/lib/python3.12/site-packages/airflow/example_dags/example_complex.py took 0.069 seconds
[2026-07-02T16:37:14.791+0000] {processor.py:161} INFO - Started process (PID=137391) to work on /usr/local/python/3.12.1/lib/python3.12/site-packages/airflow/example_dags/example_complex.py
[2026-07-02T16:37:14.794+0000] {processor.py:830} INFO - Processing file /usr/local/python/3.12.1/lib/python3.12/site-packages/airflow/example_dags/example_complex.py for tasks to queue
[2026-07-02T16:37:14.796+0000] {logging_mixin.py:188} INFO - [2026-07-02T16:37:14.795+0000] {dagbag.py:545} INFO - Filling up the DagBag from /usr/local/python/3.12.1/lib/python3.12/site-packages/airflow/example_dags/example_complex.py
[2026-07-02T16:37:14.808+0000] {processor.py:840} INFO - DAG(s) 'example_complex' retrieved from /usr/local/python/3.12.1/lib/python3.12/site-packages/airflow/example_dags/example_complex.py
[2026-07-02T16:37:14.852+0000] {logging_mixin.py:188} INFO - [2026-07-02T16:37:14.852+0000] {dag.py:3089} INFO - Sync 1 DAGs
[2026-07-02T16:37:14.873+0000] {logging_mixin.py:188} INFO - [2026-07-02T16:37:14.873+0000] {dag.py:3947} INFO - Setting next_dagrun for example_complex to None, run_after=None
[2026-07-02T16:37:14.927+0000] {processor.py:183} INFO - Processing /usr/local/python/3.12.1/lib/python3.12/site-packages/airflow/example_dags/example_complex.py took 0.147 seconds
[2026-07-02T16:38:19.734+0000] {processor.py:161} INFO - Started process (PID=139336) to work on /usr/local/python/3.12.1/lib/python3.12/site-packages/airflow/example_dags/example_complex.py
[2026-07-02T16:38:19.735+0000] {processor.py:830} INFO - Processing file /usr/local/python/3.12.1/lib/python3.12/site-packages/airflow/example_dags/example_complex.py for tasks to queue
[2026-07-02T16:38:19.737+0000] {logging_mixin.py:188} INFO - [2026-07-02T16:38:19.736+0000] {dagbag.py:545} INFO - Filling up the DagBag from /usr/local/python/3.12.1/lib/python3.12/site-packages/airflow/example_dags/example_complex.py
[2026-07-02T16:38:19.744+0000] {processor.py:840} INFO - DAG(s) 'example_complex' retrieved from /usr/local/python/3.12.1/lib/python3.12/site-packages/airflow/example_dags/example_complex.py
[2026-07-02T16:38:19.766+0000] {logging_mixin.py:188} INFO - [2026-07-02T16:38:19.766+0000] {dag.py:3089} INFO - Sync 1 DAGs
[2026-07-02T16:38:19.778+0000] {logging_mixin.py:188} INFO - [2026-07-02T16:38:19.777+0000] {dag.py:3947} INFO - Setting next_dagrun for example_complex to None, run_after=None
[2026-07-02T16:38:19.801+0000] {processor.py:183} INFO - Processing /usr/local/python/3.12.1/lib/python3.12/site-packages/airflow/example_dags/example_complex.py took 0.072 seconds
[2026-07-02T16:39:10.998+0000] {processor.py:161} INFO - Started process (PID=140037) to work on /usr/local/python/3.12.1/lib/python3.12/site-packages/airflow/example_dags/example_complex.py
[2026-07-02T16:39:10.999+0000] {processor.py:830} INFO - Processing file /usr/local/python/3.12.1/lib/python3.12/site-packages/airflow/example_dags/example_complex.py for tasks to queue
[2026-07-02T16:39:11.001+0000] {logging_mixin.py:188} INFO - [2026-07-02T16:39:11.001+0000] {dagbag.py:545} INFO - Filling up the DagBag from /usr/local/python/3.12.1/lib/python3.12/site-packages/airflow/example_dags/example_complex.py
[2026-07-02T16:39:11.009+0000] {processor.py:840} INFO - DAG(s) 'example_complex' retrieved from /usr/local/python/3.12.1/lib/python3.12/site-packages/airflow/example_dags/example_complex.py
[2026-07-02T16:39:11.029+0000] {logging_mixin.py:188} INFO - [2026-07-02T16:39:11.029+0000] {dag.py:3089} INFO - Sync 1 DAGs
[2026-07-02T16:39:11.038+0000] {logging_mixin.py:188} INFO - [2026-07-02T16:39:11.038+0000] {dag.py:3947} INFO - Setting next_dagrun for example_complex to None, run_after=None
[2026-07-02T16:39:11.055+0000] {processor.py:183} INFO - Processing /usr/local/python/3.12.1/lib/python3.12/site-packages/airflow/example_dags/example_complex.py took 0.062 seconds
[2026-07-02T16:40:19.465+0000] {processor.py:161} INFO - Started process (PID=140978) to work on /usr/local/python/3.12.1/lib/python3.12/site-packages/airflow/example_dags/example_complex.py
[2026-07-02T16:40:19.466+0000] {processor.py:830} INFO - Processing file /usr/local/python/3.12.1/lib/python3.12/site-packages/airflow/example_dags/example_complex.py for tasks to queue
[2026-07-02T16:40:19.467+0000] {logging_mixin.py:188} INFO - [2026-07-02T16:40:19.467+0000] {dagbag.py:545} INFO - Filling up the DagBag from /usr/local/python/3.12.1/lib/python3.12/site-packages/airflow/example_dags/example_complex.py
[2026-07-02T16:40:19.476+0000] {processor.py:840} INFO - DAG(s) 'example_complex' retrieved from /usr/local/python/3.12.1/lib/python3.12/site-packages/airflow/example_dags/example_complex.py
[2026-07-02T16:40:19.501+0000] {logging_mixin.py:188} INFO - [2026-07-02T16:40:19.500+0000] {dag.py:3089} INFO - Sync 1 DAGs
[2026-07-02T16:40:19.516+0000] {logging_mixin.py:188} INFO - [2026-07-02T16:40:19.516+0000] {dag.py:3947} INFO - Setting next_dagrun for example_complex to None, run_after=None
[2026-07-02T16:40:19.676+0000] {processor.py:183} INFO - Processing /usr/local/python/3.12.1/lib/python3.12/site-packages/airflow/example_dags/example_complex.py took 0.216 seconds
[2026-07-02T16:41:20.140+0000] {processor.py:161} INFO - Started process (PID=141934) to work on /usr/local/python/3.12.1/lib/python3.12/site-packages/airflow/example_dags/example_complex.py
[2026-07-02T16:41:20.145+0000] {processor.py:830} INFO - Processing file /usr/local/python/3.12.1/lib/python3.12/site-packages/airflow/example_dags/example_complex.py for tasks to queue
[2026-07-02T16:41:20.149+0000] {logging_mixin.py:188} INFO - [2026-07-02T16:41:20.148+0000] {dagbag.py:545} INFO - Filling up the DagBag from /usr/local/python/3.12.1/lib/python3.12/site-packages/airflow/example_dags/example_complex.py
[2026-07-02T16:41:20.180+0000] {processor.py:840} INFO - DAG(s) 'example_complex' retrieved from /usr/local/python/3.12.1/lib/python3.12/site-packages/airflow/example_dags/example_complex.py
[2026-07-02T16:41:20.244+0000] {logging_mixin.py:188} INFO - [2026-07-02T16:41:20.241+0000] {dag.py:3089} INFO - Sync 1 DAGs
[2026-07-02T16:41:20.271+0000] {logging_mixin.py:188} INFO - [2026-07-02T16:41:20.270+0000] {dag.py:3947} INFO - Setting next_dagrun for example_complex to None, run_after=None
[2026-07-02T16:41:20.326+0000] {processor.py:183} INFO - Processing /usr/local/python/3.12.1/lib/python3.12/site-packages/airflow/example_dags/example_complex.py took 0.194 seconds
[2026-07-02T16:42:23.350+0000] {processor.py:161} INFO - Started process (PID=142903) to work on /usr/local/python/3.12.1/lib/python3.12/site-packages/airflow/example_dags/example_complex.py
[2026-07-02T16:42:23.358+0000] {processor.py:830} INFO - Processing file /usr/local/python/3.12.1/lib/python3.12/site-packages/airflow/example_dags/example_complex.py for tasks to queue
[2026-07-02T16:42:23.361+0000] {logging_mixin.py:188} INFO - [2026-07-02T16:42:23.360+0000] {dagbag.py:545} INFO - Filling up the DagBag from /usr/local/python/3.12.1/lib/python3.12/site-packages/airflow/example_dags/example_complex.py
[2026-07-02T16:42:23.388+0000] {processor.py:840} INFO - DAG(s) 'example_complex' retrieved from /usr/local/python/3.12.1/lib/python3.12/site-packages/airflow/example_dags/example_complex.py
[2026-07-02T16:42:23.458+0000] {logging_mixin.py:188} INFO - [2026-07-02T16:42:23.458+0000] {dag.py:3089} INFO - Sync 1 DAGs
[2026-07-02T16:42:23.488+0000] {logging_mixin.py:188} INFO - [2026-07-02T16:42:23.488+0000] {dag.py:3947} INFO - Setting next_dagrun for example_complex to None, run_after=None
[2026-07-02T16:42:23.541+0000] {processor.py:183} INFO - Processing /usr/local/python/3.12.1/lib/python3.12/site-packages/airflow/example_dags/example_complex.py took 0.204 seconds
[2026-07-02T16:43:36.327+0000] {processor.py:161} INFO - Started process (PID=144003) to work on /usr/local/python/3.12.1/lib/python3.12/site-packages/airflow/example_dags/example_complex.py
[2026-07-02T16:43:36.328+0000] {processor.py:830} INFO - Processing file /usr/local/python/3.12.1/lib/python3.12/site-packages/airflow/example_dags/example_complex.py for tasks to queue
[2026-07-02T16:43:36.329+0000] {logging_mixin.py:188} INFO - [2026-07-02T16:43:36.329+0000] {dagbag.py:545} INFO - Filling up the DagBag from /usr/local/python/3.12.1/lib/python3.12/site-packages/airflow/example_dags/example_complex.py
[2026-07-02T16:43:36.337+0000] {processor.py:840} INFO - DAG(s) 'example_complex' retrieved from /usr/local/python/3.12.1/lib/python3.12/site-packages/airflow/example_dags/example_complex.py
[2026-07-02T16:43:36.356+0000] {logging_mixin.py:188} INFO - [2026-07-02T16:43:36.356+0000] {dag.py:3089} INFO - Sync 1 DAGs
[2026-07-02T16:43:36.367+0000] {logging_mixin.py:188} INFO - [2026-07-02T16:43:36.366+0000] {dag.py:3947} INFO - Setting next_dagrun for example_complex to None, run_after=None
[2026-07-02T16:43:36.386+0000] {processor.py:183} INFO - Processing /usr/local/python/3.12.1/lib/python3.12/site-packages/airflow/example_dags/example_complex.py took 0.064 seconds
[2026-07-02T16:44:40.846+0000] {processor.py:161} INFO - Started process (PID=146317) to work on /usr/local/python/3.12.1/lib/python3.12/site-packages/airflow/example_dags/example_complex.py
[2026-07-02T16:44:40.849+0000] {processor.py:830} INFO - Processing file /usr/local/python/3.12.1/lib/python3.12/site-packages/airflow/example_dags/example_complex.py for tasks to queue
[2026-07-02T16:44:40.851+0000] {logging_mixin.py:188} INFO - [2026-07-02T16:44:40.851+0000] {dagbag.py:545} INFO - Filling up the DagBag from /usr/local/python/3.12.1/lib/python3.12/site-packages/airflow/example_dags/example_complex.py
[2026-07-02T16:44:40.859+0000] {processor.py:840} INFO - DAG(s) 'example_complex' retrieved from /usr/local/python/3.12.1/lib/python3.12/site-packages/airflow/example_dags/example_complex.py
[2026-07-02T16:44:40.882+0000] {logging_mixin.py:188} INFO - [2026-07-02T16:44:40.882+0000] {dag.py:3089} INFO - Sync 1 DAGs
[2026-07-02T16:44:40.895+0000] {logging_mixin.py:188} INFO - [2026-07-02T16:44:40.895+0000] {dag.py:3947} INFO - Setting next_dagrun for example_complex to None, run_after=None
[2026-07-02T16:44:40.912+0000] {processor.py:183} INFO - Processing /usr/local/python/3.12.1/lib/python3.12/site-packages/airflow/example_dags/example_complex.py took 0.071 seconds
[2026-07-02T16:46:10.167+0000] {processor.py:161} INFO - Started process (PID=149121) to work on /usr/local/python/3.12.1/lib/python3.12/site-packages/airflow/example_dags/example_complex.py
[2026-07-02T16:46:10.170+0000] {processor.py:830} INFO - Processing file /usr/local/python/3.12.1/lib/python3.12/site-packages/airflow/example_dags/example_complex.py for tasks to queue
[2026-07-02T16:46:10.172+0000] {logging_mixin.py:188} INFO - [2026-07-02T16:46:10.171+0000] {dagbag.py:545} INFO - Filling up the DagBag from /usr/local/python/3.12.1/lib/python3.12/site-packages/airflow/example_dags/example_complex.py
[2026-07-02T16:46:10.183+0000] {processor.py:840} INFO - DAG(s) 'example_complex' retrieved from /usr/local/python/3.12.1/lib/python3.12/site-packages/airflow/example_dags/example_complex.py
[2026-07-02T16:46:10.204+0000] {logging_mixin.py:188} INFO - [2026-07-02T16:46:10.204+0000] {dag.py:3089} INFO - Sync 1 DAGs
[2026-07-02T16:46:10.213+0000] {logging_mixin.py:188} INFO - [2026-07-02T16:46:10.213+0000] {dag.py:3947} INFO - Setting next_dagrun for example_complex to None, run_after=None
[2026-07-02T16:46:10.233+0000] {processor.py:183} INFO - Processing /usr/local/python/3.12.1/lib/python3.12/site-packages/airflow/example_dags/example_complex.py took 0.071 seconds
[2026-07-02T16:47:10.907+0000] {processor.py:161} INFO - Started process (PID=151367) to work on /usr/local/python/3.12.1/lib/python3.12/site-packages/airflow/example_dags/example_complex.py
[2026-07-02T16:47:10.908+0000] {processor.py:830} INFO - Processing file /usr/local/python/3.12.1/lib/python3.12/site-packages/airflow/example_dags/example_complex.py for tasks to queue
[2026-07-02T16:47:10.910+0000] {logging_mixin.py:188} INFO - [2026-07-02T16:47:10.910+0000] {dagbag.py:545} INFO - Filling up the DagBag from /usr/local/python/3.12.1/lib/python3.12/site-packages/airflow/example_dags/example_complex.py
[2026-07-02T16:47:10.921+0000] {processor.py:840} INFO - DAG(s) 'example_complex' retrieved from /usr/local/python/3.12.1/lib/python3.12/site-packages/airflow/example_dags/example_complex.py
[2026-07-02T16:47:10.949+0000] {logging_mixin.py:188} INFO - [2026-07-02T16:47:10.949+0000] {dag.py:3089} INFO - Sync 1 DAGs
[2026-07-02T16:47:10.961+0000] {logging_mixin.py:188} INFO - [2026-07-02T16:47:10.961+0000] {dag.py:3947} INFO - Setting next_dagrun for example_complex to None, run_after=None
[2026-07-02T16:47:10.995+0000] {processor.py:183} INFO - Processing /usr/local/python/3.12.1/lib/python3.12/site-packages/airflow/example_dags/example_complex.py took 0.101 seconds
[2026-07-02T16:48:07.585+0000] {processor.py:161} INFO - Started process (PID=152596) to work on /usr/local/python/3.12.1/lib/python3.12/site-packages/airflow/example_dags/example_complex.py
[2026-07-02T16:48:07.586+0000] {processor.py:830} INFO - Processing file /usr/local/python/3.12.1/lib/python3.12/site-packages/airflow/example_dags/example_complex.py for tasks to queue
[2026-07-02T16:48:07.588+0000] {logging_mixin.py:188} INFO - [2026-07-02T16:48:07.587+0000] {dagbag.py:545} INFO - Filling up the DagBag from /usr/local/python/3.12.1/lib/python3.12/site-packages/airflow/example_dags/example_complex.py
[2026-07-02T16:48:07.604+0000] {processor.py:840} INFO - DAG(s) 'example_complex' retrieved from /usr/local/python/3.12.1/lib/python3.12/site-packages/airflow/example_dags/example_complex.py
[2026-07-02T16:48:07.648+0000] {logging_mixin.py:188} INFO - [2026-07-02T16:48:07.648+0000] {dag.py:3089} INFO - Sync 1 DAGs
[2026-07-02T16:48:07.670+0000] {logging_mixin.py:188} INFO - [2026-07-02T16:48:07.670+0000] {dag.py:3947} INFO - Setting next_dagrun for example_complex to None, run_after=None
[2026-07-02T16:48:07.702+0000] {processor.py:183} INFO - Processing /usr/local/python/3.12.1/lib/python3.12/site-packages/airflow/example_dags/example_complex.py took 0.126 seconds
[2026-07-02T16:48:57.981+0000] {processor.py:161} INFO - Started process (PID=153388) to work on /usr/local/python/3.12.1/lib/python3.12/site-packages/airflow/example_dags/example_complex.py
[2026-07-02T16:48:57.982+0000] {processor.py:830} INFO - Processing file /usr/local/python/3.12.1/lib/python3.12/site-packages/airflow/example_dags/example_complex.py for tasks to queue
[2026-07-02T16:48:57.986+0000] {logging_mixin.py:188} INFO - [2026-07-02T16:48:57.985+0000] {dagbag.py:545} INFO - Filling up the DagBag from /usr/local/python/3.12.1/lib/python3.12/site-packages/airflow/example_dags/example_complex.py
[2026-07-02T16:48:58.012+0000] {processor.py:840} INFO - DAG(s) 'example_complex' retrieved from /usr/local/python/3.12.1/lib/python3.12/site-packages/airflow/example_dags/example_complex.py
[2026-07-02T16:48:58.074+0000] {logging_mixin.py:188} INFO - [2026-07-02T16:48:58.073+0000] {dag.py:3089} INFO - Sync 1 DAGs
[2026-07-02T16:48:58.101+0000] {logging_mixin.py:188} INFO - [2026-07-02T16:48:58.100+0000] {dag.py:3947} INFO - Setting next_dagrun for example_complex to None, run_after=None
[2026-07-02T16:48:58.148+0000] {processor.py:183} INFO - Processing /usr/local/python/3.12.1/lib/python3.12/site-packages/airflow/example_dags/example_complex.py took 0.181 seconds
[2026-07-02T16:50:08.450+0000] {processor.py:161} INFO - Started process (PID=154340) to work on /usr/local/python/3.12.1/lib/python3.12/site-packages/airflow/example_dags/example_complex.py
[2026-07-02T16:50:08.451+0000] {processor.py:830} INFO - Processing file /usr/local/python/3.12.1/lib/python3.12/site-packages/airflow/example_dags/example_complex.py for tasks to queue
[2026-07-02T16:50:08.452+0000] {logging_mixin.py:188} INFO - [2026-07-02T16:50:08.452+0000] {dagbag.py:545} INFO - Filling up the DagBag from /usr/local/python/3.12.1/lib/python3.12/site-packages/airflow/example_dags/example_complex.py
[2026-07-02T16:50:08.461+0000] {processor.py:840} INFO - DAG(s) 'example_complex' retrieved from /usr/local/python/3.12.1/lib/python3.12/site-packages/airflow/example_dags/example_complex.py
[2026-07-02T16:50:08.485+0000] {logging_mixin.py:188} INFO - [2026-07-02T16:50:08.484+0000] {dag.py:3089} INFO - Sync 1 DAGs
[2026-07-02T16:50:08.497+0000] {logging_mixin.py:188} INFO - [2026-07-02T16:50:08.497+0000] {dag.py:3947} INFO - Setting next_dagrun for example_complex to None, run_after=None
[2026-07-02T16:50:08.516+0000] {processor.py:183} INFO - Processing /usr/local/python/3.12.1/lib/python3.12/site-packages/airflow/example_dags/example_complex.py took 0.072 seconds
[2026-07-02T16:51:18.122+0000] {processor.py:161} INFO - Started process (PID=155147) to work on /usr/local/python/3.12.1/lib/python3.12/site-packages/airflow/example_dags/example_complex.py
[2026-07-02T16:51:18.123+0000] {processor.py:830} INFO - Processing file /usr/local/python/3.12.1/lib/python3.12/site-packages/airflow/example_dags/example_complex.py for tasks to queue
[2026-07-02T16:51:18.125+0000] {logging_mixin.py:188} INFO - [2026-07-02T16:51:18.124+0000] {dagbag.py:545} INFO - Filling up the DagBag from /usr/local/python/3.12.1/lib/python3.12/site-packages/airflow/example_dags/example_complex.py
[2026-07-02T16:51:18.132+0000] {processor.py:840} INFO - DAG(s) 'example_complex' retrieved from /usr/local/python/3.12.1/lib/python3.12/site-packages/airflow/example_dags/example_complex.py
[2026-07-02T16:51:18.152+0000] {logging_mixin.py:188} INFO - [2026-07-02T16:51:18.152+0000] {dag.py:3089} INFO - Sync 1 DAGs
[2026-07-02T16:51:18.166+0000] {logging_mixin.py:188} INFO - [2026-07-02T16:51:18.165+0000] {dag.py:3947} INFO - Setting next_dagrun for example_complex to None, run_after=None
[2026-07-02T16:51:18.192+0000] {processor.py:183} INFO - Processing /usr/local/python/3.12.1/lib/python3.12/site-packages/airflow/example_dags/example_complex.py took 0.074 seconds
[2026-07-02T16:52:20.736+0000] {processor.py:161} INFO - Started process (PID=155827) to work on /usr/local/python/3.12.1/lib/python3.12/site-packages/airflow/example_dags/example_complex.py
[2026-07-02T16:52:20.737+0000] {processor.py:830} INFO - Processing file /usr/local/python/3.12.1/lib/python3.12/site-packages/airflow/example_dags/example_complex.py for tasks to queue
[2026-07-02T16:52:20.738+0000] {logging_mixin.py:188} INFO - [2026-07-02T16:52:20.738+0000] {dagbag.py:545} INFO - Filling up the DagBag from /usr/local/python/3.12.1/lib/python3.12/site-packages/airflow/example_dags/example_complex.py
[2026-07-02T16:52:20.746+0000] {processor.py:840} INFO - DAG(s) 'example_complex' retrieved from /usr/local/python/3.12.1/lib/python3.12/site-packages/airflow/example_dags/example_complex.py
[2026-07-02T16:52:20.766+0000] {logging_mixin.py:188} INFO - [2026-07-02T16:52:20.766+0000] {dag.py:3089} INFO - Sync 1 DAGs
[2026-07-02T16:52:20.775+0000] {logging_mixin.py:188} INFO - [2026-07-02T16:52:20.775+0000] {dag.py:3947} INFO - Setting next_dagrun for example_complex to None, run_after=None
[2026-07-02T16:52:20.795+0000] {processor.py:183} INFO - Processing /usr/local/python/3.12.1/lib/python3.12/site-packages/airflow/example_dags/example_complex.py took 0.064 seconds
[2026-07-02T16:53:24.077+0000] {processor.py:161} INFO - Started process (PID=156491) to work on /usr/local/python/3.12.1/lib/python3.12/site-packages/airflow/example_dags/example_complex.py
[2026-07-02T16:53:24.078+0000] {processor.py:830} INFO - Processing file /usr/local/python/3.12.1/lib/python3.12/site-packages/airflow/example_dags/example_complex.py for tasks to queue
[2026-07-02T16:53:24.080+0000] {logging_mixin.py:188} INFO - [2026-07-02T16:53:24.080+0000] {dagbag.py:545} INFO - Filling up the DagBag from /usr/local/python/3.12.1/lib/python3.12/site-packages/airflow/example_dags/example_complex.py
[2026-07-02T16:53:24.091+0000] {processor.py:840} INFO - DAG(s) 'example_complex' retrieved from /usr/local/python/3.12.1/lib/python3.12/site-packages/airflow/example_dags/example_complex.py
[2026-07-02T16:53:24.112+0000] {logging_mixin.py:188} INFO - [2026-07-02T16:53:24.112+0000] {dag.py:3089} INFO - Sync 1 DAGs
[2026-07-02T16:53:24.121+0000] {logging_mixin.py:188} INFO - [2026-07-02T16:53:24.121+0000] {dag.py:3947} INFO - Setting next_dagrun for example_complex to None, run_after=None
[2026-07-02T16:53:24.139+0000] {processor.py:183} INFO - Processing /usr/local/python/3.12.1/lib/python3.12/site-packages/airflow/example_dags/example_complex.py took 0.067 seconds
[2026-07-02T16:54:19.648+0000] {processor.py:161} INFO - Started process (PID=157081) to work on /usr/local/python/3.12.1/lib/python3.12/site-packages/airflow/example_dags/example_complex.py
[2026-07-02T16:54:19.648+0000] {processor.py:830} INFO - Processing file /usr/local/python/3.12.1/lib/python3.12/site-packages/airflow/example_dags/example_complex.py for tasks to queue
[2026-07-02T16:54:19.651+0000] {logging_mixin.py:188} INFO - [2026-07-02T16:54:19.651+0000] {dagbag.py:545} INFO - Filling up the DagBag from /usr/local/python/3.12.1/lib/python3.12/site-packages/airflow/example_dags/example_complex.py
[2026-07-02T16:54:19.666+0000] {processor.py:840} INFO - DAG(s) 'example_complex' retrieved from /usr/local/python/3.12.1/lib/python3.12/site-packages/airflow/example_dags/example_complex.py
[2026-07-02T16:54:19.700+0000] {logging_mixin.py:188} INFO - [2026-07-02T16:54:19.699+0000] {dag.py:3089} INFO - Sync 1 DAGs
[2026-07-02T16:54:19.710+0000] {logging_mixin.py:188} INFO - [2026-07-02T16:54:19.710+0000] {dag.py:3947} INFO - Setting next_dagrun for example_complex to None, run_after=None
[2026-07-02T16:54:19.727+0000] {processor.py:183} INFO - Processing /usr/local/python/3.12.1/lib/python3.12/site-packages/airflow/example_dags/example_complex.py took 0.088 seconds
[2026-07-02T16:55:14.323+0000] {processor.py:161} INFO - Started process (PID=157692) to work on /usr/local/python/3.12.1/lib/python3.12/site-packages/airflow/example_dags/example_complex.py
[2026-07-02T16:55:14.324+0000] {processor.py:830} INFO - Processing file /usr/local/python/3.12.1/lib/python3.12/site-packages/airflow/example_dags/example_complex.py for tasks to queue
[2026-07-02T16:55:14.325+0000] {logging_mixin.py:188} INFO - [2026-07-02T16:55:14.325+0000] {dagbag.py:545} INFO - Filling up the DagBag from /usr/local/python/3.12.1/lib/python3.12/site-packages/airflow/example_dags/example_complex.py
[2026-07-02T16:55:14.333+0000] {processor.py:840} INFO - DAG(s) 'example_complex' retrieved from /usr/local/python/3.12.1/lib/python3.12/site-packages/airflow/example_dags/example_complex.py
[2026-07-02T16:55:14.353+0000] {logging_mixin.py:188} INFO - [2026-07-02T16:55:14.353+0000] {dag.py:3089} INFO - Sync 1 DAGs
[2026-07-02T16:55:14.362+0000] {logging_mixin.py:188} INFO - [2026-07-02T16:55:14.362+0000] {dag.py:3947} INFO - Setting next_dagrun for example_complex to None, run_after=None
[2026-07-02T16:55:14.379+0000] {processor.py:183} INFO - Processing /usr/local/python/3.12.1/lib/python3.12/site-packages/airflow/example_dags/example_complex.py took 0.061 seconds
[2026-07-02T16:56:16.655+0000] {processor.py:161} INFO - Started process (PID=158347) to work on /usr/local/python/3.12.1/lib/python3.12/site-packages/airflow/example_dags/example_complex.py
[2026-07-02T16:56:16.656+0000] {processor.py:830} INFO - Processing file /usr/local/python/3.12.1/lib/python3.12/site-packages/airflow/example_dags/example_complex.py for tasks to queue
[2026-07-02T16:56:16.657+0000] {logging_mixin.py:188} INFO - [2026-07-02T16:56:16.657+0000] {dagbag.py:545} INFO - Filling up the DagBag from /usr/local/python/3.12.1/lib/python3.12/site-packages/airflow/example_dags/example_complex.py
[2026-07-02T16:56:16.665+0000] {processor.py:840} INFO - DAG(s) 'example_complex' retrieved from /usr/local/python/3.12.1/lib/python3.12/site-packages/airflow/example_dags/example_complex.py
[2026-07-02T16:56:16.692+0000] {logging_mixin.py:188} INFO - [2026-07-02T16:56:16.691+0000] {dag.py:3089} INFO - Sync 1 DAGs
[2026-07-02T16:56:16.702+0000] {logging_mixin.py:188} INFO - [2026-07-02T16:56:16.702+0000] {dag.py:3947} INFO - Setting next_dagrun for example_complex to None, run_after=None
[2026-07-02T16:56:16.720+0000] {processor.py:183} INFO - Processing /usr/local/python/3.12.1/lib/python3.12/site-packages/airflow/example_dags/example_complex.py took 0.069 seconds
[2026-07-02T16:57:19.559+0000] {processor.py:161} INFO - Started process (PID=158993) to work on /usr/local/python/3.12.1/lib/python3.12/site-packages/airflow/example_dags/example_complex.py
[2026-07-02T16:57:19.560+0000] {processor.py:830} INFO - Processing file /usr/local/python/3.12.1/lib/python3.12/site-packages/airflow/example_dags/example_complex.py for tasks to queue
[2026-07-02T16:57:19.562+0000] {logging_mixin.py:188} INFO - [2026-07-02T16:57:19.561+0000] {dagbag.py:545} INFO - Filling up the DagBag from /usr/local/python/3.12.1/lib/python3.12/site-packages/airflow/example_dags/example_complex.py
[2026-07-02T16:57:19.571+0000] {processor.py:840} INFO - DAG(s) 'example_complex' retrieved from /usr/local/python/3.12.1/lib/python3.12/site-packages/airflow/example_dags/example_complex.py
[2026-07-02T16:57:19.598+0000] {logging_mixin.py:188} INFO - [2026-07-02T16:57:19.597+0000] {dag.py:3089} INFO - Sync 1 DAGs
[2026-07-02T16:57:19.607+0000] {logging_mixin.py:188} INFO - [2026-07-02T16:57:19.607+0000] {dag.py:3947} INFO - Setting next_dagrun for example_complex to None, run_after=None
[2026-07-02T16:57:19.623+0000] {processor.py:183} INFO - Processing /usr/local/python/3.12.1/lib/python3.12/site-packages/airflow/example_dags/example_complex.py took 0.069 seconds
[2026-07-02T16:58:22.764+0000] {processor.py:161} INFO - Started process (PID=159662) to work on /usr/local/python/3.12.1/lib/python3.12/site-packages/airflow/example_dags/example_complex.py
[2026-07-02T16:58:22.765+0000] {processor.py:830} INFO - Processing file /usr/local/python/3.12.1/lib/python3.12/site-packages/airflow/example_dags/example_complex.py for tasks to queue
[2026-07-02T16:58:22.766+0000] {logging_mixin.py:188} INFO - [2026-07-02T16:58:22.766+0000] {dagbag.py:545} INFO - Filling up the DagBag from /usr/local/python/3.12.1/lib/python3.12/site-packages/airflow/example_dags/example_complex.py
[2026-07-02T16:58:22.774+0000] {processor.py:840} INFO - DAG(s) 'example_complex' retrieved from /usr/local/python/3.12.1/lib/python3.12/site-packages/airflow/example_dags/example_complex.py
[2026-07-02T16:58:22.807+0000] {logging_mixin.py:188} INFO - [2026-07-02T16:58:22.806+0000] {dag.py:3089} INFO - Sync 1 DAGs
[2026-07-02T16:58:22.816+0000] {logging_mixin.py:188} INFO - [2026-07-02T16:58:22.816+0000] {dag.py:3947} INFO - Setting next_dagrun for example_complex to None, run_after=None
[2026-07-02T16:58:22.833+0000] {processor.py:183} INFO - Processing /usr/local/python/3.12.1/lib/python3.12/site-packages/airflow/example_dags/example_complex.py took 0.074 seconds
[2026-07-02T16:59:22.995+0000] {processor.py:161} INFO - Started process (PID=160297) to work on /usr/local/python/3.12.1/lib/python3.12/site-packages/airflow/example_dags/example_complex.py
[2026-07-02T16:59:22.996+0000] {processor.py:830} INFO - Processing file /usr/local/python/3.12.1/lib/python3.12/site-packages/airflow/example_dags/example_complex.py for tasks to queue
[2026-07-02T16:59:22.998+0000] {logging_mixin.py:188} INFO - [2026-07-02T16:59:22.997+0000] {dagbag.py:545} INFO - Filling up the DagBag from /usr/local/python/3.12.1/lib/python3.12/site-packages/airflow/example_dags/example_complex.py
[2026-07-02T16:59:23.006+0000] {processor.py:840} INFO - DAG(s) 'example_complex' retrieved from /usr/local/python/3.12.1/lib/python3.12/site-packages/airflow/example_dags/example_complex.py
[2026-07-02T16:59:23.026+0000] {logging_mixin.py:188} INFO - [2026-07-02T16:59:23.026+0000] {dag.py:3089} INFO - Sync 1 DAGs
[2026-07-02T16:59:23.036+0000] {logging_mixin.py:188} INFO - [2026-07-02T16:59:23.035+0000] {dag.py:3947} INFO - Setting next_dagrun for example_complex to None, run_after=None
[2026-07-02T16:59:23.054+0000] {processor.py:183} INFO - Processing /usr/local/python/3.12.1/lib/python3.12/site-packages/airflow/example_dags/example_complex.py took 0.065 seconds
[2026-07-02T17:00:25.867+0000] {processor.py:161} INFO - Started process (PID=160962) to work on /usr/local/python/3.12.1/lib/python3.12/site-packages/airflow/example_dags/example_complex.py
[2026-07-02T17:00:25.868+0000] {processor.py:830} INFO - Processing file /usr/local/python/3.12.1/lib/python3.12/site-packages/airflow/example_dags/example_complex.py for tasks to queue
[2026-07-02T17:00:25.869+0000] {logging_mixin.py:188} INFO - [2026-07-02T17:00:25.869+0000] {dagbag.py:545} INFO - Filling up the DagBag from /usr/local/python/3.12.1/lib/python3.12/site-packages/airflow/example_dags/example_complex.py
[2026-07-02T17:00:25.878+0000] {processor.py:840} INFO - DAG(s) 'example_complex' retrieved from /usr/local/python/3.12.1/lib/python3.12/site-packages/airflow/example_dags/example_complex.py
[2026-07-02T17:00:25.903+0000] {logging_mixin.py:188} INFO - [2026-07-02T17:00:25.903+0000] {dag.py:3089} INFO - Sync 1 DAGs
[2026-07-02T17:00:25.912+0000] {logging_mixin.py:188} INFO - [2026-07-02T17:00:25.912+0000] {dag.py:3947} INFO - Setting next_dagrun for example_complex to None, run_after=None
[2026-07-02T17:00:25.931+0000] {processor.py:183} INFO - Processing /usr/local/python/3.12.1/lib/python3.12/site-packages/airflow/example_dags/example_complex.py took 0.068 seconds
[2026-07-02T17:01:26.712+0000] {processor.py:161} INFO - Started process (PID=161626) to work on /usr/local/python/3.12.1/lib/python3.12/site-packages/airflow/example_dags/example_complex.py
[2026-07-02T17:01:26.713+0000] {processor.py:830} INFO - Processing file /usr/local/python/3.12.1/lib/python3.12/site-packages/airflow/example_dags/example_complex.py for tasks to queue
[2026-07-02T17:01:26.715+0000] {logging_mixin.py:188} INFO - [2026-07-02T17:01:26.714+0000] {dagbag.py:545} INFO - Filling up the DagBag from /usr/local/python/3.12.1/lib/python3.12/site-packages/airflow/example_dags/example_complex.py
[2026-07-02T17:01:26.722+0000] {processor.py:840} INFO - DAG(s) 'example_complex' retrieved from /usr/local/python/3.12.1/lib/python3.12/site-packages/airflow/example_dags/example_complex.py
[2026-07-02T17:01:26.745+0000] {logging_mixin.py:188} INFO - [2026-07-02T17:01:26.745+0000] {dag.py:3089} INFO - Sync 1 DAGs
[2026-07-02T17:01:26.754+0000] {logging_mixin.py:188} INFO - [2026-07-02T17:01:26.754+0000] {dag.py:3947} INFO - Setting next_dagrun for example_complex to None, run_after=None
[2026-07-02T17:01:26.774+0000] {processor.py:183} INFO - Processing /usr/local/python/3.12.1/lib/python3.12/site-packages/airflow/example_dags/example_complex.py took 0.066 seconds
[2026-07-02T17:02:32.131+0000] {processor.py:161} INFO - Started process (PID=162342) to work on /usr/local/python/3.12.1/lib/python3.12/site-packages/airflow/example_dags/example_complex.py
[2026-07-02T17:02:32.132+0000] {processor.py:830} INFO - Processing file /usr/local/python/3.12.1/lib/python3.12/site-packages/airflow/example_dags/example_complex.py for tasks to queue
[2026-07-02T17:02:32.133+0000] {logging_mixin.py:188} INFO - [2026-07-02T17:02:32.133+0000] {dagbag.py:545} INFO - Filling up the DagBag from /usr/local/python/3.12.1/lib/python3.12/site-packages/airflow/example_dags/example_complex.py
[2026-07-02T17:02:32.141+0000] {processor.py:840} INFO - DAG(s) 'example_complex' retrieved from /usr/local/python/3.12.1/lib/python3.12/site-packages/airflow/example_dags/example_complex.py
[2026-07-02T17:02:32.161+0000] {logging_mixin.py:188} INFO - [2026-07-02T17:02:32.161+0000] {dag.py:3089} INFO - Sync 1 DAGs
[2026-07-02T17:02:32.170+0000] {logging_mixin.py:188} INFO - [2026-07-02T17:02:32.170+0000] {dag.py:3947} INFO - Setting next_dagrun for example_complex to None, run_after=None
[2026-07-02T17:02:32.191+0000] {processor.py:183} INFO - Processing /usr/local/python/3.12.1/lib/python3.12/site-packages/airflow/example_dags/example_complex.py took 0.065 seconds
[2026-07-02T17:03:37.054+0000] {processor.py:161} INFO - Started process (PID=162988) to work on /usr/local/python/3.12.1/lib/python3.12/site-packages/airflow/example_dags/example_complex.py
[2026-07-02T17:03:37.055+0000] {processor.py:830} INFO - Processing file /usr/local/python/3.12.1/lib/python3.12/site-packages/airflow/example_dags/example_complex.py for tasks to queue
[2026-07-02T17:03:37.056+0000] {logging_mixin.py:188} INFO - [2026-07-02T17:03:37.056+0000] {dagbag.py:545} INFO - Filling up the DagBag from /usr/local/python/3.12.1/lib/python3.12/site-packages/airflow/example_dags/example_complex.py
[2026-07-02T17:03:37.064+0000] {processor.py:840} INFO - DAG(s) 'example_complex' retrieved from /usr/local/python/3.12.1/lib/python3.12/site-packages/airflow/example_dags/example_complex.py
[2026-07-02T17:03:37.095+0000] {logging_mixin.py:188} INFO - [2026-07-02T17:03:37.095+0000] {dag.py:3089} INFO - Sync 1 DAGs
[2026-07-02T17:03:37.105+0000] {logging_mixin.py:188} INFO - [2026-07-02T17:03:37.105+0000] {dag.py:3947} INFO - Setting next_dagrun for example_complex to None, run_after=None
[2026-07-02T17:03:37.122+0000] {processor.py:183} INFO - Processing /usr/local/python/3.12.1/lib/python3.12/site-packages/airflow/example_dags/example_complex.py took 0.073 seconds
[2026-07-02T17:04:40.156+0000] {processor.py:161} INFO - Started process (PID=163661) to work on /usr/local/python/3.12.1/lib/python3.12/site-packages/airflow/example_dags/example_complex.py
[2026-07-02T17:04:40.157+0000] {processor.py:830} INFO - Processing file /usr/local/python/3.12.1/lib/python3.12/site-packages/airflow/example_dags/example_complex.py for tasks to queue
[2026-07-02T17:04:40.159+0000] {logging_mixin.py:188} INFO - [2026-07-02T17:04:40.158+0000] {dagbag.py:545} INFO - Filling up the DagBag from /usr/local/python/3.12.1/lib/python3.12/site-packages/airflow/example_dags/example_complex.py
[2026-07-02T17:04:40.169+0000] {processor.py:840} INFO - DAG(s) 'example_complex' retrieved from /usr/local/python/3.12.1/lib/python3.12/site-packages/airflow/example_dags/example_complex.py
[2026-07-02T17:04:40.201+0000] {logging_mixin.py:188} INFO - [2026-07-02T17:04:40.200+0000] {dag.py:3089} INFO - Sync 1 DAGs
[2026-07-02T17:04:40.210+0000] {logging_mixin.py:188} INFO - [2026-07-02T17:04:40.210+0000] {dag.py:3947} INFO - Setting next_dagrun for example_complex to None, run_after=None
[2026-07-02T17:04:40.227+0000] {processor.py:183} INFO - Processing /usr/local/python/3.12.1/lib/python3.12/site-packages/airflow/example_dags/example_complex.py took 0.075 seconds
[2026-07-02T17:05:44.803+0000] {processor.py:161} INFO - Started process (PID=164381) to work on /usr/local/python/3.12.1/lib/python3.12/site-packages/airflow/example_dags/example_complex.py
[2026-07-02T17:05:44.804+0000] {processor.py:830} INFO - Processing file /usr/local/python/3.12.1/lib/python3.12/site-packages/airflow/example_dags/example_complex.py for tasks to queue
[2026-07-02T17:05:44.805+0000] {logging_mixin.py:188} INFO - [2026-07-02T17:05:44.805+0000] {dagbag.py:545} INFO - Filling up the DagBag from /usr/local/python/3.12.1/lib/python3.12/site-packages/airflow/example_dags/example_complex.py
[2026-07-02T17:05:44.813+0000] {processor.py:840} INFO - DAG(s) 'example_complex' retrieved from /usr/local/python/3.12.1/lib/python3.12/site-packages/airflow/example_dags/example_complex.py
[2026-07-02T17:05:44.833+0000] {logging_mixin.py:188} INFO - [2026-07-02T17:05:44.832+0000] {dag.py:3089} INFO - Sync 1 DAGs
[2026-07-02T17:05:44.842+0000] {logging_mixin.py:188} INFO - [2026-07-02T17:05:44.841+0000] {dag.py:3947} INFO - Setting next_dagrun for example_complex to None, run_after=None
[2026-07-02T17:05:44.860+0000] {processor.py:183} INFO - Processing /usr/local/python/3.12.1/lib/python3.12/site-packages/airflow/example_dags/example_complex.py took 0.062 seconds
[2026-07-02T17:06:47.637+0000] {processor.py:161} INFO - Started process (PID=165051) to work on /usr/local/python/3.12.1/lib/python3.12/site-packages/airflow/example_dags/example_complex.py
[2026-07-02T17:06:47.637+0000] {processor.py:830} INFO - Processing file /usr/local/python/3.12.1/lib/python3.12/site-packages/airflow/example_dags/example_complex.py for tasks to queue
[2026-07-02T17:06:47.639+0000] {logging_mixin.py:188} INFO - [2026-07-02T17:06:47.639+0000] {dagbag.py:545} INFO - Filling up the DagBag from /usr/local/python/3.12.1/lib/python3.12/site-packages/airflow/example_dags/example_complex.py
[2026-07-02T17:06:47.646+0000] {processor.py:840} INFO - DAG(s) 'example_complex' retrieved from /usr/local/python/3.12.1/lib/python3.12/site-packages/airflow/example_dags/example_complex.py
[2026-07-02T17:06:47.673+0000] {logging_mixin.py:188} INFO - [2026-07-02T17:06:47.672+0000] {dag.py:3089} INFO - Sync 1 DAGs
[2026-07-02T17:06:47.689+0000] {logging_mixin.py:188} INFO - [2026-07-02T17:06:47.689+0000] {dag.py:3947} INFO - Setting next_dagrun for example_complex to None, run_after=None
[2026-07-02T17:06:47.727+0000] {processor.py:183} INFO - Processing /usr/local/python/3.12.1/lib/python3.12/site-packages/airflow/example_dags/example_complex.py took 0.095 seconds
[2026-07-02T17:07:50.384+0000] {processor.py:161} INFO - Started process (PID=165714) to work on /usr/local/python/3.12.1/lib/python3.12/site-packages/airflow/example_dags/example_complex.py
[2026-07-02T17:07:50.385+0000] {processor.py:830} INFO - Processing file /usr/local/python/3.12.1/lib/python3.12/site-packages/airflow/example_dags/example_complex.py for tasks to queue
[2026-07-02T17:07:50.387+0000] {logging_mixin.py:188} INFO - [2026-07-02T17:07:50.386+0000] {dagbag.py:545} INFO - Filling up the DagBag from /usr/local/python/3.12.1/lib/python3.12/site-packages/airflow/example_dags/example_complex.py
[2026-07-02T17:07:50.397+0000] {processor.py:840} INFO - DAG(s) 'example_complex' retrieved from /usr/local/python/3.12.1/lib/python3.12/site-packages/airflow/example_dags/example_complex.py
[2026-07-02T17:07:50.417+0000] {logging_mixin.py:188} INFO - [2026-07-02T17:07:50.417+0000] {dag.py:3089} INFO - Sync 1 DAGs
[2026-07-02T17:07:50.427+0000] {logging_mixin.py:188} INFO - [2026-07-02T17:07:50.426+0000] {dag.py:3947} INFO - Setting next_dagrun for example_complex to None, run_after=None
[2026-07-02T17:07:50.447+0000] {processor.py:183} INFO - Processing /usr/local/python/3.12.1/lib/python3.12/site-packages/airflow/example_dags/example_complex.py took 0.069 seconds
[2026-07-02T17:08:58.731+0000] {processor.py:161} INFO - Started process (PID=166420) to work on /usr/local/python/3.12.1/lib/python3.12/site-packages/airflow/example_dags/example_complex.py
[2026-07-02T17:08:58.732+0000] {processor.py:830} INFO - Processing file /usr/local/python/3.12.1/lib/python3.12/site-packages/airflow/example_dags/example_complex.py for tasks to queue
[2026-07-02T17:08:58.734+0000] {logging_mixin.py:188} INFO - [2026-07-02T17:08:58.733+0000] {dagbag.py:545} INFO - Filling up the DagBag from /usr/local/python/3.12.1/lib/python3.12/site-packages/airflow/example_dags/example_complex.py
[2026-07-02T17:08:58.741+0000] {processor.py:840} INFO - DAG(s) 'example_complex' retrieved from /usr/local/python/3.12.1/lib/python3.12/site-packages/airflow/example_dags/example_complex.py
[2026-07-02T17:08:58.761+0000] {logging_mixin.py:188} INFO - [2026-07-02T17:08:58.761+0000] {dag.py:3089} INFO - Sync 1 DAGs
[2026-07-02T17:08:58.770+0000] {logging_mixin.py:188} INFO - [2026-07-02T17:08:58.770+0000] {dag.py:3947} INFO - Setting next_dagrun for example_complex to None, run_after=None
[2026-07-02T17:08:58.790+0000] {processor.py:183} INFO - Processing /usr/local/python/3.12.1/lib/python3.12/site-packages/airflow/example_dags/example_complex.py took 0.063 seconds
[2026-07-02T17:10:06.729+0000] {processor.py:161} INFO - Started process (PID=167117) to work on /usr/local/python/3.12.1/lib/python3.12/site-packages/airflow/example_dags/example_complex.py
[2026-07-02T17:10:06.730+0000] {processor.py:830} INFO - Processing file /usr/local/python/3.12.1/lib/python3.12/site-packages/airflow/example_dags/example_complex.py for tasks to queue
[2026-07-02T17:10:06.732+0000] {logging_mixin.py:188} INFO - [2026-07-02T17:10:06.731+0000] {dagbag.py:545} INFO - Filling up the DagBag from /usr/local/python/3.12.1/lib/python3.12/site-packages/airflow/example_dags/example_complex.py
[2026-07-02T17:10:06.740+0000] {processor.py:840} INFO - DAG(s) 'example_complex' retrieved from /usr/local/python/3.12.1/lib/python3.12/site-packages/airflow/example_dags/example_complex.py
[2026-07-02T17:10:06.761+0000] {logging_mixin.py:188} INFO - [2026-07-02T17:10:06.760+0000] {dag.py:3089} INFO - Sync 1 DAGs
[2026-07-02T17:10:06.770+0000] {logging_mixin.py:188} INFO - [2026-07-02T17:10:06.770+0000] {dag.py:3947} INFO - Setting next_dagrun for example_complex to None, run_after=None
[2026-07-02T17:10:06.787+0000] {processor.py:183} INFO - Processing /usr/local/python/3.12.1/lib/python3.12/site-packages/airflow/example_dags/example_complex.py took 0.063 seconds
[2026-07-02T17:11:15.823+0000] {processor.py:161} INFO - Started process (PID=167879) to work on /usr/local/python/3.12.1/lib/python3.12/site-packages/airflow/example_dags/example_complex.py
[2026-07-02T17:11:15.824+0000] {processor.py:830} INFO - Processing file /usr/local/python/3.12.1/lib/python3.12/site-packages/airflow/example_dags/example_complex.py for tasks to queue
[2026-07-02T17:11:15.825+0000] {logging_mixin.py:188} INFO - [2026-07-02T17:11:15.825+0000] {dagbag.py:545} INFO - Filling up the DagBag from /usr/local/python/3.12.1/lib/python3.12/site-packages/airflow/example_dags/example_complex.py
[2026-07-02T17:11:15.833+0000] {processor.py:840} INFO - DAG(s) 'example_complex' retrieved from /usr/local/python/3.12.1/lib/python3.12/site-packages/airflow/example_dags/example_complex.py
[2026-07-02T17:11:15.853+0000] {logging_mixin.py:188} INFO - [2026-07-02T17:11:15.853+0000] {dag.py:3089} INFO - Sync 1 DAGs
[2026-07-02T17:11:15.862+0000] {logging_mixin.py:188} INFO - [2026-07-02T17:11:15.862+0000] {dag.py:3947} INFO - Setting next_dagrun for example_complex to None, run_after=None
[2026-07-02T17:11:15.983+0000] {processor.py:183} INFO - Processing /usr/local/python/3.12.1/lib/python3.12/site-packages/airflow/example_dags/example_complex.py took 0.165 seconds
[2026-07-02T17:12:22.860+0000] {processor.py:161} INFO - Started process (PID=168571) to work on /usr/local/python/3.12.1/lib/python3.12/site-packages/airflow/example_dags/example_complex.py
[2026-07-02T17:12:22.861+0000] {processor.py:830} INFO - Processing file /usr/local/python/3.12.1/lib/python3.12/site-packages/airflow/example_dags/example_complex.py for tasks to queue
[2026-07-02T17:12:22.863+0000] {logging_mixin.py:188} INFO - [2026-07-02T17:12:22.862+0000] {dagbag.py:545} INFO - Filling up the DagBag from /usr/local/python/3.12.1/lib/python3.12/site-packages/airflow/example_dags/example_complex.py
[2026-07-02T17:12:22.870+0000] {processor.py:840} INFO - DAG(s) 'example_complex' retrieved from /usr/local/python/3.12.1/lib/python3.12/site-packages/airflow/example_dags/example_complex.py
[2026-07-02T17:12:22.890+0000] {logging_mixin.py:188} INFO - [2026-07-02T17:12:22.890+0000] {dag.py:3089} INFO - Sync 1 DAGs
[2026-07-02T17:12:22.901+0000] {logging_mixin.py:188} INFO - [2026-07-02T17:12:22.900+0000] {dag.py:3947} INFO - Setting next_dagrun for example_complex to None, run_after=None
[2026-07-02T17:12:22.921+0000] {processor.py:183} INFO - Processing /usr/local/python/3.12.1/lib/python3.12/site-packages/airflow/example_dags/example_complex.py took 0.066 seconds
[2026-07-02T17:13:23.435+0000] {processor.py:161} INFO - Started process (PID=169246) to work on /usr/local/python/3.12.1/lib/python3.12/site-packages/airflow/example_dags/example_complex.py
[2026-07-02T17:13:23.436+0000] {processor.py:830} INFO - Processing file /usr/local/python/3.12.1/lib/python3.12/site-packages/airflow/example_dags/example_complex.py for tasks to queue
[2026-07-02T17:13:23.437+0000] {logging_mixin.py:188} INFO - [2026-07-02T17:13:23.437+0000] {dagbag.py:545} INFO - Filling up the DagBag from /usr/local/python/3.12.1/lib/python3.12/site-packages/airflow/example_dags/example_complex.py
[2026-07-02T17:13:23.445+0000] {processor.py:840} INFO - DAG(s) 'example_complex' retrieved from /usr/local/python/3.12.1/lib/python3.12/site-packages/airflow/example_dags/example_complex.py
[2026-07-02T17:13:23.465+0000] {logging_mixin.py:188} INFO - [2026-07-02T17:13:23.465+0000] {dag.py:3089} INFO - Sync 1 DAGs
[2026-07-02T17:13:23.474+0000] {logging_mixin.py:188} INFO - [2026-07-02T17:13:23.474+0000] {dag.py:3947} INFO - Setting next_dagrun for example_complex to None, run_after=None
[2026-07-02T17:13:23.497+0000] {processor.py:183} INFO - Processing /usr/local/python/3.12.1/lib/python3.12/site-packages/airflow/example_dags/example_complex.py took 0.067 seconds
[2026-07-02T17:14:27.194+0000] {processor.py:161} INFO - Started process (PID=169891) to work on /usr/local/python/3.12.1/lib/python3.12/site-packages/airflow/example_dags/example_complex.py
[2026-07-02T17:14:27.194+0000] {processor.py:830} INFO - Processing file /usr/local/python/3.12.1/lib/python3.12/site-packages/airflow/example_dags/example_complex.py for tasks to queue
[2026-07-02T17:14:27.197+0000] {logging_mixin.py:188} INFO - [2026-07-02T17:14:27.196+0000] {dagbag.py:545} INFO - Filling up the DagBag from /usr/local/python/3.12.1/lib/python3.12/site-packages/airflow/example_dags/example_complex.py
[2026-07-02T17:14:27.205+0000] {processor.py:840} INFO - DAG(s) 'example_complex' retrieved from /usr/local/python/3.12.1/lib/python3.12/site-packages/airflow/example_dags/example_complex.py
[2026-07-02T17:14:27.224+0000] {logging_mixin.py:188} INFO - [2026-07-02T17:14:27.224+0000] {dag.py:3089} INFO - Sync 1 DAGs
[2026-07-02T17:14:27.234+0000] {logging_mixin.py:188} INFO - [2026-07-02T17:14:27.233+0000] {dag.py:3947} INFO - Setting next_dagrun for example_complex to None, run_after=None
[2026-07-02T17:14:27.251+0000] {processor.py:183} INFO - Processing /usr/local/python/3.12.1/lib/python3.12/site-packages/airflow/example_dags/example_complex.py took 0.064 seconds
[2026-07-02T17:15:29.645+0000] {processor.py:161} INFO - Started process (PID=170552) to work on /usr/local/python/3.12.1/lib/python3.12/site-packages/airflow/example_dags/example_complex.py
[2026-07-02T17:15:29.646+0000] {processor.py:830} INFO - Processing file /usr/local/python/3.12.1/lib/python3.12/site-packages/airflow/example_dags/example_complex.py for tasks to queue
[2026-07-02T17:15:29.647+0000] {logging_mixin.py:188} INFO - [2026-07-02T17:15:29.647+0000] {dagbag.py:545} INFO - Filling up the DagBag from /usr/local/python/3.12.1/lib/python3.12/site-packages/airflow/example_dags/example_complex.py
[2026-07-02T17:15:29.660+0000] {processor.py:840} INFO - DAG(s) 'example_complex' retrieved from /usr/local/python/3.12.1/lib/python3.12/site-packages/airflow/example_dags/example_complex.py
[2026-07-02T17:15:29.685+0000] {logging_mixin.py:188} INFO - [2026-07-02T17:15:29.685+0000] {dag.py:3089} INFO - Sync 1 DAGs
[2026-07-02T17:15:29.698+0000] {logging_mixin.py:188} INFO - [2026-07-02T17:15:29.698+0000] {dag.py:3947} INFO - Setting next_dagrun for example_complex to None, run_after=None
[2026-07-02T17:15:29.714+0000] {processor.py:183} INFO - Processing /usr/local/python/3.12.1/lib/python3.12/site-packages/airflow/example_dags/example_complex.py took 0.074 seconds
[2026-07-02T17:16:27.262+0000] {processor.py:161} INFO - Started process (PID=171174) to work on /usr/local/python/3.12.1/lib/python3.12/site-packages/airflow/example_dags/example_complex.py
[2026-07-02T17:16:27.263+0000] {processor.py:830} INFO - Processing file /usr/local/python/3.12.1/lib/python3.12/site-packages/airflow/example_dags/example_complex.py for tasks to queue
[2026-07-02T17:16:27.265+0000] {logging_mixin.py:188} INFO - [2026-07-02T17:16:27.264+0000] {dagbag.py:545} INFO - Filling up the DagBag from /usr/local/python/3.12.1/lib/python3.12/site-packages/airflow/example_dags/example_complex.py
[2026-07-02T17:16:27.273+0000] {processor.py:840} INFO - DAG(s) 'example_complex' retrieved from /usr/local/python/3.12.1/lib/python3.12/site-packages/airflow/example_dags/example_complex.py
[2026-07-02T17:16:27.301+0000] {logging_mixin.py:188} INFO - [2026-07-02T17:16:27.301+0000] {dag.py:3089} INFO - Sync 1 DAGs
[2026-07-02T17:16:27.310+0000] {logging_mixin.py:188} INFO - [2026-07-02T17:16:27.310+0000] {dag.py:3947} INFO - Setting next_dagrun for example_complex to None, run_after=None
[2026-07-02T17:16:27.329+0000] {processor.py:183} INFO - Processing /usr/local/python/3.12.1/lib/python3.12/site-packages/airflow/example_dags/example_complex.py took 0.074 seconds
[2026-07-02T17:17:29.312+0000] {processor.py:161} INFO - Started process (PID=171846) to work on /usr/local/python/3.12.1/lib/python3.12/site-packages/airflow/example_dags/example_complex.py
[2026-07-02T17:17:29.312+0000] {processor.py:830} INFO - Processing file /usr/local/python/3.12.1/lib/python3.12/site-packages/airflow/example_dags/example_complex.py for tasks to queue
[2026-07-02T17:17:29.314+0000] {logging_mixin.py:188} INFO - [2026-07-02T17:17:29.314+0000] {dagbag.py:545} INFO - Filling up the DagBag from /usr/local/python/3.12.1/lib/python3.12/site-packages/airflow/example_dags/example_complex.py
[2026-07-02T17:17:29.322+0000] {processor.py:840} INFO - DAG(s) 'example_complex' retrieved from /usr/local/python/3.12.1/lib/python3.12/site-packages/airflow/example_dags/example_complex.py
[2026-07-02T17:17:29.342+0000] {logging_mixin.py:188} INFO - [2026-07-02T17:17:29.342+0000] {dag.py:3089} INFO - Sync 1 DAGs
[2026-07-02T17:17:29.351+0000] {logging_mixin.py:188} INFO - [2026-07-02T17:17:29.351+0000] {dag.py:3947} INFO - Setting next_dagrun for example_complex to None, run_after=None
[2026-07-02T17:17:29.370+0000] {processor.py:183} INFO - Processing /usr/local/python/3.12.1/lib/python3.12/site-packages/airflow/example_dags/example_complex.py took 0.063 seconds
