[2026-07-02T16:24:30.890+0000] {processor.py:161} INFO - Started process (PID=117824) to work on /usr/local/python/3.12.1/lib/python3.12/site-packages/airflow/example_dags/example_params_ui_tutorial.py
[2026-07-02T16:24:30.890+0000] {processor.py:830} INFO - Processing file /usr/local/python/3.12.1/lib/python3.12/site-packages/airflow/example_dags/example_params_ui_tutorial.py for tasks to queue
[2026-07-02T16:24:30.893+0000] {logging_mixin.py:188} INFO - [2026-07-02T16:24:30.892+0000] {dagbag.py:545} INFO - Filling up the DagBag from /usr/local/python/3.12.1/lib/python3.12/site-packages/airflow/example_dags/example_params_ui_tutorial.py
[2026-07-02T16:24:30.900+0000] {processor.py:840} INFO - DAG(s) 'example_params_ui_tutorial' retrieved from /usr/local/python/3.12.1/lib/python3.12/site-packages/airflow/example_dags/example_params_ui_tutorial.py
[2026-07-02T16:24:31.000+0000] {logging_mixin.py:188} INFO - [2026-07-02T16:24:30.999+0000] {override.py:1858} INFO - Created Permission View: can delete on DAG:example_params_ui_tutorial
[2026-07-02T16:24:31.010+0000] {logging_mixin.py:188} INFO - [2026-07-02T16:24:31.009+0000] {override.py:1858} INFO - Created Permission View: can read on DAG:example_params_ui_tutorial
[2026-07-02T16:24:31.016+0000] {logging_mixin.py:188} INFO - [2026-07-02T16:24:31.015+0000] {override.py:1858} INFO - Created Permission View: can edit on DAG:example_params_ui_tutorial
[2026-07-02T16:24:31.016+0000] {logging_mixin.py:188} INFO - [2026-07-02T16:24:31.016+0000] {dag.py:3089} INFO - Sync 1 DAGs
[2026-07-02T16:24:31.023+0000] {logging_mixin.py:188} INFO - [2026-07-02T16:24:31.023+0000] {dag.py:3111} INFO - Creating ORM DAG for example_params_ui_tutorial
[2026-07-02T16:24:31.024+0000] {logging_mixin.py:188} INFO - [2026-07-02T16:24:31.024+0000] {dag.py:3947} INFO - Setting next_dagrun for example_params_ui_tutorial to None, run_after=None
[2026-07-02T16:24:31.040+0000] {processor.py:183} INFO - Processing /usr/local/python/3.12.1/lib/python3.12/site-packages/airflow/example_dags/example_params_ui_tutorial.py took 0.157 seconds
[2026-07-02T16:25:24.418+0000] {processor.py:161} INFO - Started process (PID=118579) to work on /usr/local/python/3.12.1/lib/python3.12/site-packages/airflow/example_dags/example_params_ui_tutorial.py
[2026-07-02T16:25:24.419+0000] {processor.py:830} INFO - Processing file /usr/local/python/3.12.1/lib/python3.12/site-packages/airflow/example_dags/example_params_ui_tutorial.py for tasks to queue
[2026-07-02T16:25:24.420+0000] {logging_mixin.py:188} INFO - [2026-07-02T16:25:24.420+0000] {dagbag.py:545} INFO - Filling up the DagBag from /usr/local/python/3.12.1/lib/python3.12/site-packages/airflow/example_dags/example_params_ui_tutorial.py
[2026-07-02T16:25:24.426+0000] {processor.py:840} INFO - DAG(s) 'example_params_ui_tutorial' retrieved from /usr/local/python/3.12.1/lib/python3.12/site-packages/airflow/example_dags/example_params_ui_tutorial.py
[2026-07-02T16:25:24.457+0000] {logging_mixin.py:188} INFO - [2026-07-02T16:25:24.457+0000] {dag.py:3089} INFO - Sync 1 DAGs
[2026-07-02T16:25:24.466+0000] {logging_mixin.py:188} INFO - [2026-07-02T16:25:24.466+0000] {dag.py:3947} INFO - Setting next_dagrun for example_params_ui_tutorial to None, run_after=None
[2026-07-02T16:25:24.495+0000] {processor.py:183} INFO - Processing /usr/local/python/3.12.1/lib/python3.12/site-packages/airflow/example_dags/example_params_ui_tutorial.py took 0.082 seconds
[2026-07-02T16:26:20.666+0000] {processor.py:161} INFO - Started process (PID=126205) to work on /usr/local/python/3.12.1/lib/python3.12/site-packages/airflow/example_dags/example_params_ui_tutorial.py
[2026-07-02T16:26:20.669+0000] {processor.py:830} INFO - Processing file /usr/local/python/3.12.1/lib/python3.12/site-packages/airflow/example_dags/example_params_ui_tutorial.py for tasks to queue
[2026-07-02T16:26:20.673+0000] {logging_mixin.py:188} INFO - [2026-07-02T16:26:20.672+0000] {dagbag.py:545} INFO - Filling up the DagBag from /usr/local/python/3.12.1/lib/python3.12/site-packages/airflow/example_dags/example_params_ui_tutorial.py
[2026-07-02T16:26:20.822+0000] {processor.py:840} INFO - DAG(s) 'example_params_ui_tutorial' retrieved from /usr/local/python/3.12.1/lib/python3.12/site-packages/airflow/example_dags/example_params_ui_tutorial.py
[2026-07-02T16:26:20.944+0000] {logging_mixin.py:188} INFO - [2026-07-02T16:26:20.944+0000] {dag.py:3089} INFO - Sync 1 DAGs
[2026-07-02T16:26:20.977+0000] {logging_mixin.py:188} INFO - [2026-07-02T16:26:20.976+0000] {dag.py:3947} INFO - Setting next_dagrun for example_params_ui_tutorial to None, run_after=None
[2026-07-02T16:26:21.152+0000] {processor.py:183} INFO - Processing /usr/local/python/3.12.1/lib/python3.12/site-packages/airflow/example_dags/example_params_ui_tutorial.py took 0.505 seconds
[2026-07-02T16:27:33.105+0000] {processor.py:161} INFO - Started process (PID=128316) to work on /usr/local/python/3.12.1/lib/python3.12/site-packages/airflow/example_dags/example_params_ui_tutorial.py
[2026-07-02T16:27:33.106+0000] {processor.py:830} INFO - Processing file /usr/local/python/3.12.1/lib/python3.12/site-packages/airflow/example_dags/example_params_ui_tutorial.py for tasks to queue
[2026-07-02T16:27:33.108+0000] {logging_mixin.py:188} INFO - [2026-07-02T16:27:33.107+0000] {dagbag.py:545} INFO - Filling up the DagBag from /usr/local/python/3.12.1/lib/python3.12/site-packages/airflow/example_dags/example_params_ui_tutorial.py
[2026-07-02T16:27:33.113+0000] {processor.py:840} INFO - DAG(s) 'example_params_ui_tutorial' retrieved from /usr/local/python/3.12.1/lib/python3.12/site-packages/airflow/example_dags/example_params_ui_tutorial.py
[2026-07-02T16:27:33.146+0000] {logging_mixin.py:188} INFO - [2026-07-02T16:27:33.146+0000] {dag.py:3089} INFO - Sync 1 DAGs
[2026-07-02T16:27:33.155+0000] {logging_mixin.py:188} INFO - [2026-07-02T16:27:33.155+0000] {dag.py:3947} INFO - Setting next_dagrun for example_params_ui_tutorial to None, run_after=None
[2026-07-02T16:27:33.173+0000] {processor.py:183} INFO - Processing /usr/local/python/3.12.1/lib/python3.12/site-packages/airflow/example_dags/example_params_ui_tutorial.py took 0.072 seconds
[2026-07-02T16:28:28.769+0000] {processor.py:161} INFO - Started process (PID=129072) to work on /usr/local/python/3.12.1/lib/python3.12/site-packages/airflow/example_dags/example_params_ui_tutorial.py
[2026-07-02T16:28:28.770+0000] {processor.py:830} INFO - Processing file /usr/local/python/3.12.1/lib/python3.12/site-packages/airflow/example_dags/example_params_ui_tutorial.py for tasks to queue
[2026-07-02T16:28:28.773+0000] {logging_mixin.py:188} INFO - [2026-07-02T16:28:28.772+0000] {dagbag.py:545} INFO - Filling up the DagBag from /usr/local/python/3.12.1/lib/python3.12/site-packages/airflow/example_dags/example_params_ui_tutorial.py
[2026-07-02T16:28:28.785+0000] {processor.py:840} INFO - DAG(s) 'example_params_ui_tutorial' retrieved from /usr/local/python/3.12.1/lib/python3.12/site-packages/airflow/example_dags/example_params_ui_tutorial.py
[2026-07-02T16:28:28.871+0000] {logging_mixin.py:188} INFO - [2026-07-02T16:28:28.870+0000] {dag.py:3089} INFO - Sync 1 DAGs
[2026-07-02T16:28:28.894+0000] {logging_mixin.py:188} INFO - [2026-07-02T16:28:28.894+0000] {dag.py:3947} INFO - Setting next_dagrun for example_params_ui_tutorial to None, run_after=None
[2026-07-02T16:28:29.059+0000] {processor.py:183} INFO - Processing /usr/local/python/3.12.1/lib/python3.12/site-packages/airflow/example_dags/example_params_ui_tutorial.py took 0.298 seconds
[2026-07-02T16:29:33.870+0000] {processor.py:161} INFO - Started process (PID=129946) to work on /usr/local/python/3.12.1/lib/python3.12/site-packages/airflow/example_dags/example_params_ui_tutorial.py
[2026-07-02T16:29:33.872+0000] {processor.py:830} INFO - Processing file /usr/local/python/3.12.1/lib/python3.12/site-packages/airflow/example_dags/example_params_ui_tutorial.py for tasks to queue
[2026-07-02T16:29:33.874+0000] {logging_mixin.py:188} INFO - [2026-07-02T16:29:33.873+0000] {dagbag.py:545} INFO - Filling up the DagBag from /usr/local/python/3.12.1/lib/python3.12/site-packages/airflow/example_dags/example_params_ui_tutorial.py
[2026-07-02T16:29:33.883+0000] {processor.py:840} INFO - DAG(s) 'example_params_ui_tutorial' retrieved from /usr/local/python/3.12.1/lib/python3.12/site-packages/airflow/example_dags/example_params_ui_tutorial.py
[2026-07-02T16:29:33.951+0000] {logging_mixin.py:188} INFO - [2026-07-02T16:29:33.951+0000] {dag.py:3089} INFO - Sync 1 DAGs
[2026-07-02T16:29:33.965+0000] {logging_mixin.py:188} INFO - [2026-07-02T16:29:33.965+0000] {dag.py:3947} INFO - Setting next_dagrun for example_params_ui_tutorial to None, run_after=None
[2026-07-02T16:29:34.013+0000] {processor.py:183} INFO - Processing /usr/local/python/3.12.1/lib/python3.12/site-packages/airflow/example_dags/example_params_ui_tutorial.py took 0.152 seconds
[2026-07-02T16:30:29.032+0000] {processor.py:161} INFO - Started process (PID=130563) to work on /usr/local/python/3.12.1/lib/python3.12/site-packages/airflow/example_dags/example_params_ui_tutorial.py
[2026-07-02T16:30:29.032+0000] {processor.py:830} INFO - Processing file /usr/local/python/3.12.1/lib/python3.12/site-packages/airflow/example_dags/example_params_ui_tutorial.py for tasks to queue
[2026-07-02T16:30:29.034+0000] {logging_mixin.py:188} INFO - [2026-07-02T16:30:29.034+0000] {dagbag.py:545} INFO - Filling up the DagBag from /usr/local/python/3.12.1/lib/python3.12/site-packages/airflow/example_dags/example_params_ui_tutorial.py
[2026-07-02T16:30:29.040+0000] {processor.py:840} INFO - DAG(s) 'example_params_ui_tutorial' retrieved from /usr/local/python/3.12.1/lib/python3.12/site-packages/airflow/example_dags/example_params_ui_tutorial.py
[2026-07-02T16:30:29.089+0000] {logging_mixin.py:188} INFO - [2026-07-02T16:30:29.089+0000] {dag.py:3089} INFO - Sync 1 DAGs
[2026-07-02T16:30:29.098+0000] {logging_mixin.py:188} INFO - [2026-07-02T16:30:29.098+0000] {dag.py:3947} INFO - Setting next_dagrun for example_params_ui_tutorial to None, run_after=None
[2026-07-02T16:30:29.119+0000] {processor.py:183} INFO - Processing /usr/local/python/3.12.1/lib/python3.12/site-packages/airflow/example_dags/example_params_ui_tutorial.py took 0.093 seconds
[2026-07-02T16:31:19.555+0000] {processor.py:161} INFO - Started process (PID=131107) to work on /usr/local/python/3.12.1/lib/python3.12/site-packages/airflow/example_dags/example_params_ui_tutorial.py
[2026-07-02T16:31:19.556+0000] {processor.py:830} INFO - Processing file /usr/local/python/3.12.1/lib/python3.12/site-packages/airflow/example_dags/example_params_ui_tutorial.py for tasks to queue
[2026-07-02T16:31:19.558+0000] {logging_mixin.py:188} INFO - [2026-07-02T16:31:19.557+0000] {dagbag.py:545} INFO - Filling up the DagBag from /usr/local/python/3.12.1/lib/python3.12/site-packages/airflow/example_dags/example_params_ui_tutorial.py
[2026-07-02T16:31:19.566+0000] {processor.py:840} INFO - DAG(s) 'example_params_ui_tutorial' retrieved from /usr/local/python/3.12.1/lib/python3.12/site-packages/airflow/example_dags/example_params_ui_tutorial.py
[2026-07-02T16:31:19.681+0000] {logging_mixin.py:188} INFO - [2026-07-02T16:31:19.680+0000] {dag.py:3089} INFO - Sync 1 DAGs
[2026-07-02T16:31:19.729+0000] {logging_mixin.py:188} INFO - [2026-07-02T16:31:19.728+0000] {dag.py:3947} INFO - Setting next_dagrun for example_params_ui_tutorial to None, run_after=None
[2026-07-02T16:31:19.849+0000] {processor.py:183} INFO - Processing /usr/local/python/3.12.1/lib/python3.12/site-packages/airflow/example_dags/example_params_ui_tutorial.py took 0.301 seconds
[2026-07-02T16:32:07.801+0000] {processor.py:161} INFO - Started process (PID=131640) to work on /usr/local/python/3.12.1/lib/python3.12/site-packages/airflow/example_dags/example_params_ui_tutorial.py
[2026-07-02T16:32:07.802+0000] {processor.py:830} INFO - Processing file /usr/local/python/3.12.1/lib/python3.12/site-packages/airflow/example_dags/example_params_ui_tutorial.py for tasks to queue
[2026-07-02T16:32:07.806+0000] {logging_mixin.py:188} INFO - [2026-07-02T16:32:07.803+0000] {dagbag.py:545} INFO - Filling up the DagBag from /usr/local/python/3.12.1/lib/python3.12/site-packages/airflow/example_dags/example_params_ui_tutorial.py
[2026-07-02T16:32:07.824+0000] {processor.py:840} INFO - DAG(s) 'example_params_ui_tutorial' retrieved from /usr/local/python/3.12.1/lib/python3.12/site-packages/airflow/example_dags/example_params_ui_tutorial.py
[2026-07-02T16:32:07.884+0000] {logging_mixin.py:188} INFO - [2026-07-02T16:32:07.884+0000] {dag.py:3089} INFO - Sync 1 DAGs
[2026-07-02T16:32:07.906+0000] {logging_mixin.py:188} INFO - [2026-07-02T16:32:07.904+0000] {dag.py:3947} INFO - Setting next_dagrun for example_params_ui_tutorial to None, run_after=None
[2026-07-02T16:32:07.945+0000] {processor.py:183} INFO - Processing /usr/local/python/3.12.1/lib/python3.12/site-packages/airflow/example_dags/example_params_ui_tutorial.py took 0.156 seconds
[2026-07-02T16:32:58.691+0000] {processor.py:161} INFO - Started process (PID=133366) to work on /usr/local/python/3.12.1/lib/python3.12/site-packages/airflow/example_dags/example_params_ui_tutorial.py
[2026-07-02T16:32:58.692+0000] {processor.py:830} INFO - Processing file /usr/local/python/3.12.1/lib/python3.12/site-packages/airflow/example_dags/example_params_ui_tutorial.py for tasks to queue
[2026-07-02T16:32:58.694+0000] {logging_mixin.py:188} INFO - [2026-07-02T16:32:58.694+0000] {dagbag.py:545} INFO - Filling up the DagBag from /usr/local/python/3.12.1/lib/python3.12/site-packages/airflow/example_dags/example_params_ui_tutorial.py
[2026-07-02T16:32:58.700+0000] {processor.py:840} INFO - DAG(s) 'example_params_ui_tutorial' retrieved from /usr/local/python/3.12.1/lib/python3.12/site-packages/airflow/example_dags/example_params_ui_tutorial.py
[2026-07-02T16:32:58.733+0000] {logging_mixin.py:188} INFO - [2026-07-02T16:32:58.733+0000] {dag.py:3089} INFO - Sync 1 DAGs
[2026-07-02T16:32:58.742+0000] {logging_mixin.py:188} INFO - [2026-07-02T16:32:58.742+0000] {dag.py:3947} INFO - Setting next_dagrun for example_params_ui_tutorial to None, run_after=None
[2026-07-02T16:32:58.758+0000] {processor.py:183} INFO - Processing /usr/local/python/3.12.1/lib/python3.12/site-packages/airflow/example_dags/example_params_ui_tutorial.py took 0.073 seconds
[2026-07-02T16:33:48.967+0000] {processor.py:161} INFO - Started process (PID=133961) to work on /usr/local/python/3.12.1/lib/python3.12/site-packages/airflow/example_dags/example_params_ui_tutorial.py
[2026-07-02T16:33:48.968+0000] {processor.py:830} INFO - Processing file /usr/local/python/3.12.1/lib/python3.12/site-packages/airflow/example_dags/example_params_ui_tutorial.py for tasks to queue
[2026-07-02T16:33:48.969+0000] {logging_mixin.py:188} INFO - [2026-07-02T16:33:48.969+0000] {dagbag.py:545} INFO - Filling up the DagBag from /usr/local/python/3.12.1/lib/python3.12/site-packages/airflow/example_dags/example_params_ui_tutorial.py
[2026-07-02T16:33:48.976+0000] {processor.py:840} INFO - DAG(s) 'example_params_ui_tutorial' retrieved from /usr/local/python/3.12.1/lib/python3.12/site-packages/airflow/example_dags/example_params_ui_tutorial.py
[2026-07-02T16:33:49.027+0000] {logging_mixin.py:188} INFO - [2026-07-02T16:33:49.027+0000] {dag.py:3089} INFO - Sync 1 DAGs
[2026-07-02T16:33:49.037+0000] {logging_mixin.py:188} INFO - [2026-07-02T16:33:49.037+0000] {dag.py:3947} INFO - Setting next_dagrun for example_params_ui_tutorial to None, run_after=None
[2026-07-02T16:33:49.062+0000] {processor.py:183} INFO - Processing /usr/local/python/3.12.1/lib/python3.12/site-packages/airflow/example_dags/example_params_ui_tutorial.py took 0.099 seconds
[2026-07-02T16:34:37.968+0000] {processor.py:161} INFO - Started process (PID=134605) to work on /usr/local/python/3.12.1/lib/python3.12/site-packages/airflow/example_dags/example_params_ui_tutorial.py
[2026-07-02T16:34:37.969+0000] {processor.py:830} INFO - Processing file /usr/local/python/3.12.1/lib/python3.12/site-packages/airflow/example_dags/example_params_ui_tutorial.py for tasks to queue
[2026-07-02T16:34:37.970+0000] {logging_mixin.py:188} INFO - [2026-07-02T16:34:37.970+0000] {dagbag.py:545} INFO - Filling up the DagBag from /usr/local/python/3.12.1/lib/python3.12/site-packages/airflow/example_dags/example_params_ui_tutorial.py
[2026-07-02T16:34:37.977+0000] {processor.py:840} INFO - DAG(s) 'example_params_ui_tutorial' retrieved from /usr/local/python/3.12.1/lib/python3.12/site-packages/airflow/example_dags/example_params_ui_tutorial.py
[2026-07-02T16:34:38.030+0000] {logging_mixin.py:188} INFO - [2026-07-02T16:34:38.030+0000] {dag.py:3089} INFO - Sync 1 DAGs
[2026-07-02T16:34:38.039+0000] {logging_mixin.py:188} INFO - [2026-07-02T16:34:38.039+0000] {dag.py:3947} INFO - Setting next_dagrun for example_params_ui_tutorial to None, run_after=None
[2026-07-02T16:34:38.056+0000] {processor.py:183} INFO - Processing /usr/local/python/3.12.1/lib/python3.12/site-packages/airflow/example_dags/example_params_ui_tutorial.py took 0.093 seconds
[2026-07-02T16:35:33.440+0000] {processor.py:161} INFO - Started process (PID=136049) to work on /usr/local/python/3.12.1/lib/python3.12/site-packages/airflow/example_dags/example_params_ui_tutorial.py
[2026-07-02T16:35:33.448+0000] {processor.py:830} INFO - Processing file /usr/local/python/3.12.1/lib/python3.12/site-packages/airflow/example_dags/example_params_ui_tutorial.py for tasks to queue
[2026-07-02T16:35:33.450+0000] {logging_mixin.py:188} INFO - [2026-07-02T16:35:33.449+0000] {dagbag.py:545} INFO - Filling up the DagBag from /usr/local/python/3.12.1/lib/python3.12/site-packages/airflow/example_dags/example_params_ui_tutorial.py
[2026-07-02T16:35:33.467+0000] {processor.py:840} INFO - DAG(s) 'example_params_ui_tutorial' retrieved from /usr/local/python/3.12.1/lib/python3.12/site-packages/airflow/example_dags/example_params_ui_tutorial.py
[2026-07-02T16:35:33.536+0000] {logging_mixin.py:188} INFO - [2026-07-02T16:35:33.535+0000] {dag.py:3089} INFO - Sync 1 DAGs
[2026-07-02T16:35:33.567+0000] {logging_mixin.py:188} INFO - [2026-07-02T16:35:33.566+0000] {dag.py:3947} INFO - Setting next_dagrun for example_params_ui_tutorial to None, run_after=None
[2026-07-02T16:35:33.638+0000] {processor.py:183} INFO - Processing /usr/local/python/3.12.1/lib/python3.12/site-packages/airflow/example_dags/example_params_ui_tutorial.py took 0.206 seconds
[2026-07-02T16:36:26.924+0000] {processor.py:161} INFO - Started process (PID=136767) to work on /usr/local/python/3.12.1/lib/python3.12/site-packages/airflow/example_dags/example_params_ui_tutorial.py
[2026-07-02T16:36:26.925+0000] {processor.py:830} INFO - Processing file /usr/local/python/3.12.1/lib/python3.12/site-packages/airflow/example_dags/example_params_ui_tutorial.py for tasks to queue
[2026-07-02T16:36:26.927+0000] {logging_mixin.py:188} INFO - [2026-07-02T16:36:26.927+0000] {dagbag.py:545} INFO - Filling up the DagBag from /usr/local/python/3.12.1/lib/python3.12/site-packages/airflow/example_dags/example_params_ui_tutorial.py
[2026-07-02T16:36:26.935+0000] {processor.py:840} INFO - DAG(s) 'example_params_ui_tutorial' retrieved from /usr/local/python/3.12.1/lib/python3.12/site-packages/airflow/example_dags/example_params_ui_tutorial.py
[2026-07-02T16:36:26.966+0000] {logging_mixin.py:188} INFO - [2026-07-02T16:36:26.966+0000] {dag.py:3089} INFO - Sync 1 DAGs
[2026-07-02T16:36:26.978+0000] {logging_mixin.py:188} INFO - [2026-07-02T16:36:26.977+0000] {dag.py:3947} INFO - Setting next_dagrun for example_params_ui_tutorial to None, run_after=None
[2026-07-02T16:36:27.008+0000] {processor.py:183} INFO - Processing /usr/local/python/3.12.1/lib/python3.12/site-packages/airflow/example_dags/example_params_ui_tutorial.py took 0.089 seconds
[2026-07-02T16:37:11.225+0000] {processor.py:161} INFO - Started process (PID=137317) to work on /usr/local/python/3.12.1/lib/python3.12/site-packages/airflow/example_dags/example_params_ui_tutorial.py
[2026-07-02T16:37:11.226+0000] {processor.py:830} INFO - Processing file /usr/local/python/3.12.1/lib/python3.12/site-packages/airflow/example_dags/example_params_ui_tutorial.py for tasks to queue
[2026-07-02T16:37:11.227+0000] {logging_mixin.py:188} INFO - [2026-07-02T16:37:11.227+0000] {dagbag.py:545} INFO - Filling up the DagBag from /usr/local/python/3.12.1/lib/python3.12/site-packages/airflow/example_dags/example_params_ui_tutorial.py
[2026-07-02T16:37:11.233+0000] {processor.py:840} INFO - DAG(s) 'example_params_ui_tutorial' retrieved from /usr/local/python/3.12.1/lib/python3.12/site-packages/airflow/example_dags/example_params_ui_tutorial.py
[2026-07-02T16:37:11.263+0000] {logging_mixin.py:188} INFO - [2026-07-02T16:37:11.263+0000] {dag.py:3089} INFO - Sync 1 DAGs
[2026-07-02T16:37:11.273+0000] {logging_mixin.py:188} INFO - [2026-07-02T16:37:11.273+0000] {dag.py:3947} INFO - Setting next_dagrun for example_params_ui_tutorial to None, run_after=None
[2026-07-02T16:37:11.297+0000] {processor.py:183} INFO - Processing /usr/local/python/3.12.1/lib/python3.12/site-packages/airflow/example_dags/example_params_ui_tutorial.py took 0.077 seconds
[2026-07-02T16:37:59.015+0000] {processor.py:161} INFO - Started process (PID=138655) to work on /usr/local/python/3.12.1/lib/python3.12/site-packages/airflow/example_dags/example_params_ui_tutorial.py
[2026-07-02T16:37:59.016+0000] {processor.py:830} INFO - Processing file /usr/local/python/3.12.1/lib/python3.12/site-packages/airflow/example_dags/example_params_ui_tutorial.py for tasks to queue
[2026-07-02T16:37:59.018+0000] {logging_mixin.py:188} INFO - [2026-07-02T16:37:59.018+0000] {dagbag.py:545} INFO - Filling up the DagBag from /usr/local/python/3.12.1/lib/python3.12/site-packages/airflow/example_dags/example_params_ui_tutorial.py
[2026-07-02T16:37:59.027+0000] {processor.py:840} INFO - DAG(s) 'example_params_ui_tutorial' retrieved from /usr/local/python/3.12.1/lib/python3.12/site-packages/airflow/example_dags/example_params_ui_tutorial.py
[2026-07-02T16:37:59.089+0000] {logging_mixin.py:188} INFO - [2026-07-02T16:37:59.088+0000] {dag.py:3089} INFO - Sync 1 DAGs
[2026-07-02T16:37:59.103+0000] {logging_mixin.py:188} INFO - [2026-07-02T16:37:59.102+0000] {dag.py:3947} INFO - Setting next_dagrun for example_params_ui_tutorial to None, run_after=None
[2026-07-02T16:37:59.122+0000] {processor.py:183} INFO - Processing /usr/local/python/3.12.1/lib/python3.12/site-packages/airflow/example_dags/example_params_ui_tutorial.py took 0.125 seconds
[2026-07-02T16:39:04.431+0000] {processor.py:161} INFO - Started process (PID=139951) to work on /usr/local/python/3.12.1/lib/python3.12/site-packages/airflow/example_dags/example_params_ui_tutorial.py
[2026-07-02T16:39:04.434+0000] {processor.py:830} INFO - Processing file /usr/local/python/3.12.1/lib/python3.12/site-packages/airflow/example_dags/example_params_ui_tutorial.py for tasks to queue
[2026-07-02T16:39:04.437+0000] {logging_mixin.py:188} INFO - [2026-07-02T16:39:04.436+0000] {dagbag.py:545} INFO - Filling up the DagBag from /usr/local/python/3.12.1/lib/python3.12/site-packages/airflow/example_dags/example_params_ui_tutorial.py
[2026-07-02T16:39:04.446+0000] {processor.py:840} INFO - DAG(s) 'example_params_ui_tutorial' retrieved from /usr/local/python/3.12.1/lib/python3.12/site-packages/airflow/example_dags/example_params_ui_tutorial.py
[2026-07-02T16:39:04.577+0000] {logging_mixin.py:188} INFO - [2026-07-02T16:39:04.576+0000] {dag.py:3089} INFO - Sync 1 DAGs
[2026-07-02T16:39:04.590+0000] {logging_mixin.py:188} INFO - [2026-07-02T16:39:04.590+0000] {dag.py:3947} INFO - Setting next_dagrun for example_params_ui_tutorial to None, run_after=None
[2026-07-02T16:39:04.658+0000] {processor.py:183} INFO - Processing /usr/local/python/3.12.1/lib/python3.12/site-packages/airflow/example_dags/example_params_ui_tutorial.py took 0.266 seconds
[2026-07-02T16:39:50.489+0000] {processor.py:161} INFO - Started process (PID=140565) to work on /usr/local/python/3.12.1/lib/python3.12/site-packages/airflow/example_dags/example_params_ui_tutorial.py
[2026-07-02T16:39:50.490+0000] {processor.py:830} INFO - Processing file /usr/local/python/3.12.1/lib/python3.12/site-packages/airflow/example_dags/example_params_ui_tutorial.py for tasks to queue
[2026-07-02T16:39:50.492+0000] {logging_mixin.py:188} INFO - [2026-07-02T16:39:50.491+0000] {dagbag.py:545} INFO - Filling up the DagBag from /usr/local/python/3.12.1/lib/python3.12/site-packages/airflow/example_dags/example_params_ui_tutorial.py
[2026-07-02T16:39:50.497+0000] {processor.py:840} INFO - DAG(s) 'example_params_ui_tutorial' retrieved from /usr/local/python/3.12.1/lib/python3.12/site-packages/airflow/example_dags/example_params_ui_tutorial.py
[2026-07-02T16:39:50.532+0000] {logging_mixin.py:188} INFO - [2026-07-02T16:39:50.532+0000] {dag.py:3089} INFO - Sync 1 DAGs
[2026-07-02T16:39:50.542+0000] {logging_mixin.py:188} INFO - [2026-07-02T16:39:50.542+0000] {dag.py:3947} INFO - Setting next_dagrun for example_params_ui_tutorial to None, run_after=None
[2026-07-02T16:39:50.559+0000] {processor.py:183} INFO - Processing /usr/local/python/3.12.1/lib/python3.12/site-packages/airflow/example_dags/example_params_ui_tutorial.py took 0.074 seconds
[2026-07-02T16:40:43.941+0000] {processor.py:161} INFO - Started process (PID=141388) to work on /usr/local/python/3.12.1/lib/python3.12/site-packages/airflow/example_dags/example_params_ui_tutorial.py
[2026-07-02T16:40:43.942+0000] {processor.py:830} INFO - Processing file /usr/local/python/3.12.1/lib/python3.12/site-packages/airflow/example_dags/example_params_ui_tutorial.py for tasks to queue
[2026-07-02T16:40:43.944+0000] {logging_mixin.py:188} INFO - [2026-07-02T16:40:43.943+0000] {dagbag.py:545} INFO - Filling up the DagBag from /usr/local/python/3.12.1/lib/python3.12/site-packages/airflow/example_dags/example_params_ui_tutorial.py
[2026-07-02T16:40:43.951+0000] {processor.py:840} INFO - DAG(s) 'example_params_ui_tutorial' retrieved from /usr/local/python/3.12.1/lib/python3.12/site-packages/airflow/example_dags/example_params_ui_tutorial.py
[2026-07-02T16:40:43.998+0000] {logging_mixin.py:188} INFO - [2026-07-02T16:40:43.997+0000] {dag.py:3089} INFO - Sync 1 DAGs
[2026-07-02T16:40:44.011+0000] {logging_mixin.py:188} INFO - [2026-07-02T16:40:44.011+0000] {dag.py:3947} INFO - Setting next_dagrun for example_params_ui_tutorial to None, run_after=None
[2026-07-02T16:40:44.029+0000] {processor.py:183} INFO - Processing /usr/local/python/3.12.1/lib/python3.12/site-packages/airflow/example_dags/example_params_ui_tutorial.py took 0.094 seconds
[2026-07-02T16:41:37.205+0000] {processor.py:161} INFO - Started process (PID=142237) to work on /usr/local/python/3.12.1/lib/python3.12/site-packages/airflow/example_dags/example_params_ui_tutorial.py
[2026-07-02T16:41:37.206+0000] {processor.py:830} INFO - Processing file /usr/local/python/3.12.1/lib/python3.12/site-packages/airflow/example_dags/example_params_ui_tutorial.py for tasks to queue
[2026-07-02T16:41:37.210+0000] {logging_mixin.py:188} INFO - [2026-07-02T16:41:37.209+0000] {dagbag.py:545} INFO - Filling up the DagBag from /usr/local/python/3.12.1/lib/python3.12/site-packages/airflow/example_dags/example_params_ui_tutorial.py
[2026-07-02T16:41:37.228+0000] {processor.py:840} INFO - DAG(s) 'example_params_ui_tutorial' retrieved from /usr/local/python/3.12.1/lib/python3.12/site-packages/airflow/example_dags/example_params_ui_tutorial.py
[2026-07-02T16:41:37.336+0000] {logging_mixin.py:188} INFO - [2026-07-02T16:41:37.334+0000] {dag.py:3089} INFO - Sync 1 DAGs
[2026-07-02T16:41:37.368+0000] {logging_mixin.py:188} INFO - [2026-07-02T16:41:37.366+0000] {dag.py:3947} INFO - Setting next_dagrun for example_params_ui_tutorial to None, run_after=None
[2026-07-02T16:41:37.432+0000] {processor.py:183} INFO - Processing /usr/local/python/3.12.1/lib/python3.12/site-packages/airflow/example_dags/example_params_ui_tutorial.py took 0.242 seconds
[2026-07-02T16:42:52.600+0000] {processor.py:161} INFO - Started process (PID=143342) to work on /usr/local/python/3.12.1/lib/python3.12/site-packages/airflow/example_dags/example_params_ui_tutorial.py
[2026-07-02T16:42:52.623+0000] {processor.py:830} INFO - Processing file /usr/local/python/3.12.1/lib/python3.12/site-packages/airflow/example_dags/example_params_ui_tutorial.py for tasks to queue
[2026-07-02T16:42:52.640+0000] {logging_mixin.py:188} INFO - [2026-07-02T16:42:52.639+0000] {dagbag.py:545} INFO - Filling up the DagBag from /usr/local/python/3.12.1/lib/python3.12/site-packages/airflow/example_dags/example_params_ui_tutorial.py
[2026-07-02T16:42:52.707+0000] {processor.py:840} INFO - DAG(s) 'example_params_ui_tutorial' retrieved from /usr/local/python/3.12.1/lib/python3.12/site-packages/airflow/example_dags/example_params_ui_tutorial.py
[2026-07-02T16:42:52.908+0000] {logging_mixin.py:188} INFO - [2026-07-02T16:42:52.908+0000] {dag.py:3089} INFO - Sync 1 DAGs
[2026-07-02T16:42:52.945+0000] {logging_mixin.py:188} INFO - [2026-07-02T16:42:52.945+0000] {dag.py:3947} INFO - Setting next_dagrun for example_params_ui_tutorial to None, run_after=None
[2026-07-02T16:42:52.983+0000] {processor.py:183} INFO - Processing /usr/local/python/3.12.1/lib/python3.12/site-packages/airflow/example_dags/example_params_ui_tutorial.py took 0.389 seconds
[2026-07-02T16:43:59.241+0000] {processor.py:161} INFO - Started process (PID=144880) to work on /usr/local/python/3.12.1/lib/python3.12/site-packages/airflow/example_dags/example_params_ui_tutorial.py
[2026-07-02T16:43:59.251+0000] {processor.py:830} INFO - Processing file /usr/local/python/3.12.1/lib/python3.12/site-packages/airflow/example_dags/example_params_ui_tutorial.py for tasks to queue
[2026-07-02T16:43:59.256+0000] {logging_mixin.py:188} INFO - [2026-07-02T16:43:59.255+0000] {dagbag.py:545} INFO - Filling up the DagBag from /usr/local/python/3.12.1/lib/python3.12/site-packages/airflow/example_dags/example_params_ui_tutorial.py
[2026-07-02T16:43:59.278+0000] {processor.py:840} INFO - DAG(s) 'example_params_ui_tutorial' retrieved from /usr/local/python/3.12.1/lib/python3.12/site-packages/airflow/example_dags/example_params_ui_tutorial.py
[2026-07-02T16:43:59.549+0000] {logging_mixin.py:188} INFO - [2026-07-02T16:43:59.549+0000] {dag.py:3089} INFO - Sync 1 DAGs
[2026-07-02T16:43:59.585+0000] {logging_mixin.py:188} INFO - [2026-07-02T16:43:59.584+0000] {dag.py:3947} INFO - Setting next_dagrun for example_params_ui_tutorial to None, run_after=None
[2026-07-02T16:43:59.693+0000] {processor.py:183} INFO - Processing /usr/local/python/3.12.1/lib/python3.12/site-packages/airflow/example_dags/example_params_ui_tutorial.py took 0.475 seconds
[2026-07-02T16:44:59.117+0000] {processor.py:161} INFO - Started process (PID=146625) to work on /usr/local/python/3.12.1/lib/python3.12/site-packages/airflow/example_dags/example_params_ui_tutorial.py
[2026-07-02T16:44:59.127+0000] {processor.py:830} INFO - Processing file /usr/local/python/3.12.1/lib/python3.12/site-packages/airflow/example_dags/example_params_ui_tutorial.py for tasks to queue
[2026-07-02T16:44:59.131+0000] {logging_mixin.py:188} INFO - [2026-07-02T16:44:59.131+0000] {dagbag.py:545} INFO - Filling up the DagBag from /usr/local/python/3.12.1/lib/python3.12/site-packages/airflow/example_dags/example_params_ui_tutorial.py
[2026-07-02T16:44:59.152+0000] {processor.py:840} INFO - DAG(s) 'example_params_ui_tutorial' retrieved from /usr/local/python/3.12.1/lib/python3.12/site-packages/airflow/example_dags/example_params_ui_tutorial.py
[2026-07-02T16:44:59.231+0000] {logging_mixin.py:188} INFO - [2026-07-02T16:44:59.230+0000] {dag.py:3089} INFO - Sync 1 DAGs
[2026-07-02T16:44:59.259+0000] {logging_mixin.py:188} INFO - [2026-07-02T16:44:59.259+0000] {dag.py:3947} INFO - Setting next_dagrun for example_params_ui_tutorial to None, run_after=None
[2026-07-02T16:44:59.346+0000] {processor.py:183} INFO - Processing /usr/local/python/3.12.1/lib/python3.12/site-packages/airflow/example_dags/example_params_ui_tutorial.py took 0.238 seconds
[2026-07-02T16:46:07.560+0000] {processor.py:161} INFO - Started process (PID=149109) to work on /usr/local/python/3.12.1/lib/python3.12/site-packages/airflow/example_dags/example_params_ui_tutorial.py
[2026-07-02T16:46:07.564+0000] {processor.py:830} INFO - Processing file /usr/local/python/3.12.1/lib/python3.12/site-packages/airflow/example_dags/example_params_ui_tutorial.py for tasks to queue
[2026-07-02T16:46:07.566+0000] {logging_mixin.py:188} INFO - [2026-07-02T16:46:07.566+0000] {dagbag.py:545} INFO - Filling up the DagBag from /usr/local/python/3.12.1/lib/python3.12/site-packages/airflow/example_dags/example_params_ui_tutorial.py
[2026-07-02T16:46:07.575+0000] {processor.py:840} INFO - DAG(s) 'example_params_ui_tutorial' retrieved from /usr/local/python/3.12.1/lib/python3.12/site-packages/airflow/example_dags/example_params_ui_tutorial.py
[2026-07-02T16:46:07.609+0000] {logging_mixin.py:188} INFO - [2026-07-02T16:46:07.609+0000] {dag.py:3089} INFO - Sync 1 DAGs
[2026-07-02T16:46:07.623+0000] {logging_mixin.py:188} INFO - [2026-07-02T16:46:07.623+0000] {dag.py:3947} INFO - Setting next_dagrun for example_params_ui_tutorial to None, run_after=None
[2026-07-02T16:46:07.642+0000] {processor.py:183} INFO - Processing /usr/local/python/3.12.1/lib/python3.12/site-packages/airflow/example_dags/example_params_ui_tutorial.py took 0.087 seconds
[2026-07-02T16:47:03.857+0000] {processor.py:161} INFO - Started process (PID=151204) to work on /usr/local/python/3.12.1/lib/python3.12/site-packages/airflow/example_dags/example_params_ui_tutorial.py
[2026-07-02T16:47:03.858+0000] {processor.py:830} INFO - Processing file /usr/local/python/3.12.1/lib/python3.12/site-packages/airflow/example_dags/example_params_ui_tutorial.py for tasks to queue
[2026-07-02T16:47:03.860+0000] {logging_mixin.py:188} INFO - [2026-07-02T16:47:03.859+0000] {dagbag.py:545} INFO - Filling up the DagBag from /usr/local/python/3.12.1/lib/python3.12/site-packages/airflow/example_dags/example_params_ui_tutorial.py
[2026-07-02T16:47:03.866+0000] {processor.py:840} INFO - DAG(s) 'example_params_ui_tutorial' retrieved from /usr/local/python/3.12.1/lib/python3.12/site-packages/airflow/example_dags/example_params_ui_tutorial.py
[2026-07-02T16:47:03.899+0000] {logging_mixin.py:188} INFO - [2026-07-02T16:47:03.899+0000] {dag.py:3089} INFO - Sync 1 DAGs
[2026-07-02T16:47:03.908+0000] {logging_mixin.py:188} INFO - [2026-07-02T16:47:03.908+0000] {dag.py:3947} INFO - Setting next_dagrun for example_params_ui_tutorial to None, run_after=None
[2026-07-02T16:47:03.924+0000] {processor.py:183} INFO - Processing /usr/local/python/3.12.1/lib/python3.12/site-packages/airflow/example_dags/example_params_ui_tutorial.py took 0.071 seconds
[2026-07-02T16:48:01.581+0000] {processor.py:161} INFO - Started process (PID=152406) to work on /usr/local/python/3.12.1/lib/python3.12/site-packages/airflow/example_dags/example_params_ui_tutorial.py
[2026-07-02T16:48:01.582+0000] {processor.py:830} INFO - Processing file /usr/local/python/3.12.1/lib/python3.12/site-packages/airflow/example_dags/example_params_ui_tutorial.py for tasks to queue
[2026-07-02T16:48:01.583+0000] {logging_mixin.py:188} INFO - [2026-07-02T16:48:01.583+0000] {dagbag.py:545} INFO - Filling up the DagBag from /usr/local/python/3.12.1/lib/python3.12/site-packages/airflow/example_dags/example_params_ui_tutorial.py
[2026-07-02T16:48:01.589+0000] {processor.py:840} INFO - DAG(s) 'example_params_ui_tutorial' retrieved from /usr/local/python/3.12.1/lib/python3.12/site-packages/airflow/example_dags/example_params_ui_tutorial.py
[2026-07-02T16:48:01.629+0000] {logging_mixin.py:188} INFO - [2026-07-02T16:48:01.629+0000] {dag.py:3089} INFO - Sync 1 DAGs
[2026-07-02T16:48:01.638+0000] {logging_mixin.py:188} INFO - [2026-07-02T16:48:01.638+0000] {dag.py:3947} INFO - Setting next_dagrun for example_params_ui_tutorial to None, run_after=None
[2026-07-02T16:48:01.655+0000] {processor.py:183} INFO - Processing /usr/local/python/3.12.1/lib/python3.12/site-packages/airflow/example_dags/example_params_ui_tutorial.py took 0.080 seconds
[2026-07-02T16:48:54.064+0000] {processor.py:161} INFO - Started process (PID=153311) to work on /usr/local/python/3.12.1/lib/python3.12/site-packages/airflow/example_dags/example_params_ui_tutorial.py
[2026-07-02T16:48:54.064+0000] {processor.py:830} INFO - Processing file /usr/local/python/3.12.1/lib/python3.12/site-packages/airflow/example_dags/example_params_ui_tutorial.py for tasks to queue
[2026-07-02T16:48:54.066+0000] {logging_mixin.py:188} INFO - [2026-07-02T16:48:54.066+0000] {dagbag.py:545} INFO - Filling up the DagBag from /usr/local/python/3.12.1/lib/python3.12/site-packages/airflow/example_dags/example_params_ui_tutorial.py
[2026-07-02T16:48:54.072+0000] {processor.py:840} INFO - DAG(s) 'example_params_ui_tutorial' retrieved from /usr/local/python/3.12.1/lib/python3.12/site-packages/airflow/example_dags/example_params_ui_tutorial.py
[2026-07-02T16:48:54.136+0000] {logging_mixin.py:188} INFO - [2026-07-02T16:48:54.133+0000] {dag.py:3089} INFO - Sync 1 DAGs
[2026-07-02T16:48:54.170+0000] {logging_mixin.py:188} INFO - [2026-07-02T16:48:54.170+0000] {dag.py:3947} INFO - Setting next_dagrun for example_params_ui_tutorial to None, run_after=None
[2026-07-02T16:48:54.204+0000] {processor.py:183} INFO - Processing /usr/local/python/3.12.1/lib/python3.12/site-packages/airflow/example_dags/example_params_ui_tutorial.py took 0.145 seconds
[2026-07-02T16:49:39.811+0000] {processor.py:161} INFO - Started process (PID=153997) to work on /usr/local/python/3.12.1/lib/python3.12/site-packages/airflow/example_dags/example_params_ui_tutorial.py
[2026-07-02T16:49:39.811+0000] {processor.py:830} INFO - Processing file /usr/local/python/3.12.1/lib/python3.12/site-packages/airflow/example_dags/example_params_ui_tutorial.py for tasks to queue
[2026-07-02T16:49:39.813+0000] {logging_mixin.py:188} INFO - [2026-07-02T16:49:39.813+0000] {dagbag.py:545} INFO - Filling up the DagBag from /usr/local/python/3.12.1/lib/python3.12/site-packages/airflow/example_dags/example_params_ui_tutorial.py
[2026-07-02T16:49:39.819+0000] {processor.py:840} INFO - DAG(s) 'example_params_ui_tutorial' retrieved from /usr/local/python/3.12.1/lib/python3.12/site-packages/airflow/example_dags/example_params_ui_tutorial.py
[2026-07-02T16:49:39.849+0000] {logging_mixin.py:188} INFO - [2026-07-02T16:49:39.849+0000] {dag.py:3089} INFO - Sync 1 DAGs
[2026-07-02T16:49:39.858+0000] {logging_mixin.py:188} INFO - [2026-07-02T16:49:39.858+0000] {dag.py:3947} INFO - Setting next_dagrun for example_params_ui_tutorial to None, run_after=None
[2026-07-02T16:49:39.873+0000] {processor.py:183} INFO - Processing /usr/local/python/3.12.1/lib/python3.12/site-packages/airflow/example_dags/example_params_ui_tutorial.py took 0.069 seconds
[2026-07-02T16:50:26.448+0000] {processor.py:161} INFO - Started process (PID=154565) to work on /usr/local/python/3.12.1/lib/python3.12/site-packages/airflow/example_dags/example_params_ui_tutorial.py
[2026-07-02T16:50:26.449+0000] {processor.py:830} INFO - Processing file /usr/local/python/3.12.1/lib/python3.12/site-packages/airflow/example_dags/example_params_ui_tutorial.py for tasks to queue
[2026-07-02T16:50:26.450+0000] {logging_mixin.py:188} INFO - [2026-07-02T16:50:26.450+0000] {dagbag.py:545} INFO - Filling up the DagBag from /usr/local/python/3.12.1/lib/python3.12/site-packages/airflow/example_dags/example_params_ui_tutorial.py
[2026-07-02T16:50:26.456+0000] {processor.py:840} INFO - DAG(s) 'example_params_ui_tutorial' retrieved from /usr/local/python/3.12.1/lib/python3.12/site-packages/airflow/example_dags/example_params_ui_tutorial.py
[2026-07-02T16:50:26.490+0000] {logging_mixin.py:188} INFO - [2026-07-02T16:50:26.490+0000] {dag.py:3089} INFO - Sync 1 DAGs
[2026-07-02T16:50:26.501+0000] {logging_mixin.py:188} INFO - [2026-07-02T16:50:26.501+0000] {dag.py:3947} INFO - Setting next_dagrun for example_params_ui_tutorial to None, run_after=None
[2026-07-02T16:50:26.521+0000] {processor.py:183} INFO - Processing /usr/local/python/3.12.1/lib/python3.12/site-packages/airflow/example_dags/example_params_ui_tutorial.py took 0.077 seconds
[2026-07-02T16:51:12.987+0000] {processor.py:161} INFO - Started process (PID=155111) to work on /usr/local/python/3.12.1/lib/python3.12/site-packages/airflow/example_dags/example_params_ui_tutorial.py
[2026-07-02T16:51:12.988+0000] {processor.py:830} INFO - Processing file /usr/local/python/3.12.1/lib/python3.12/site-packages/airflow/example_dags/example_params_ui_tutorial.py for tasks to queue
[2026-07-02T16:51:12.990+0000] {logging_mixin.py:188} INFO - [2026-07-02T16:51:12.990+0000] {dagbag.py:545} INFO - Filling up the DagBag from /usr/local/python/3.12.1/lib/python3.12/site-packages/airflow/example_dags/example_params_ui_tutorial.py
[2026-07-02T16:51:12.998+0000] {processor.py:840} INFO - DAG(s) 'example_params_ui_tutorial' retrieved from /usr/local/python/3.12.1/lib/python3.12/site-packages/airflow/example_dags/example_params_ui_tutorial.py
[2026-07-02T16:51:13.031+0000] {logging_mixin.py:188} INFO - [2026-07-02T16:51:13.031+0000] {dag.py:3089} INFO - Sync 1 DAGs
[2026-07-02T16:51:13.041+0000] {logging_mixin.py:188} INFO - [2026-07-02T16:51:13.041+0000] {dag.py:3947} INFO - Setting next_dagrun for example_params_ui_tutorial to None, run_after=None
[2026-07-02T16:51:13.059+0000] {processor.py:183} INFO - Processing /usr/local/python/3.12.1/lib/python3.12/site-packages/airflow/example_dags/example_params_ui_tutorial.py took 0.077 seconds
[2026-07-02T16:52:15.718+0000] {processor.py:161} INFO - Started process (PID=155792) to work on /usr/local/python/3.12.1/lib/python3.12/site-packages/airflow/example_dags/example_params_ui_tutorial.py
[2026-07-02T16:52:15.719+0000] {processor.py:830} INFO - Processing file /usr/local/python/3.12.1/lib/python3.12/site-packages/airflow/example_dags/example_params_ui_tutorial.py for tasks to queue
[2026-07-02T16:52:15.722+0000] {logging_mixin.py:188} INFO - [2026-07-02T16:52:15.722+0000] {dagbag.py:545} INFO - Filling up the DagBag from /usr/local/python/3.12.1/lib/python3.12/site-packages/airflow/example_dags/example_params_ui_tutorial.py
[2026-07-02T16:52:15.730+0000] {processor.py:840} INFO - DAG(s) 'example_params_ui_tutorial' retrieved from /usr/local/python/3.12.1/lib/python3.12/site-packages/airflow/example_dags/example_params_ui_tutorial.py
[2026-07-02T16:52:15.770+0000] {logging_mixin.py:188} INFO - [2026-07-02T16:52:15.770+0000] {dag.py:3089} INFO - Sync 1 DAGs
[2026-07-02T16:52:15.782+0000] {logging_mixin.py:188} INFO - [2026-07-02T16:52:15.782+0000] {dag.py:3947} INFO - Setting next_dagrun for example_params_ui_tutorial to None, run_after=None
[2026-07-02T16:52:15.805+0000] {processor.py:183} INFO - Processing /usr/local/python/3.12.1/lib/python3.12/site-packages/airflow/example_dags/example_params_ui_tutorial.py took 0.099 seconds
[2026-07-02T16:53:19.102+0000] {processor.py:161} INFO - Started process (PID=156440) to work on /usr/local/python/3.12.1/lib/python3.12/site-packages/airflow/example_dags/example_params_ui_tutorial.py
[2026-07-02T16:53:19.102+0000] {processor.py:830} INFO - Processing file /usr/local/python/3.12.1/lib/python3.12/site-packages/airflow/example_dags/example_params_ui_tutorial.py for tasks to queue
[2026-07-02T16:53:19.104+0000] {logging_mixin.py:188} INFO - [2026-07-02T16:53:19.104+0000] {dagbag.py:545} INFO - Filling up the DagBag from /usr/local/python/3.12.1/lib/python3.12/site-packages/airflow/example_dags/example_params_ui_tutorial.py
[2026-07-02T16:53:19.110+0000] {processor.py:840} INFO - DAG(s) 'example_params_ui_tutorial' retrieved from /usr/local/python/3.12.1/lib/python3.12/site-packages/airflow/example_dags/example_params_ui_tutorial.py
[2026-07-02T16:53:19.152+0000] {logging_mixin.py:188} INFO - [2026-07-02T16:53:19.152+0000] {dag.py:3089} INFO - Sync 1 DAGs
[2026-07-02T16:53:19.168+0000] {logging_mixin.py:188} INFO - [2026-07-02T16:53:19.168+0000] {dag.py:3947} INFO - Setting next_dagrun for example_params_ui_tutorial to None, run_after=None
[2026-07-02T16:53:19.194+0000] {processor.py:183} INFO - Processing /usr/local/python/3.12.1/lib/python3.12/site-packages/airflow/example_dags/example_params_ui_tutorial.py took 0.097 seconds
[2026-07-02T16:54:13.771+0000] {processor.py:161} INFO - Started process (PID=157010) to work on /usr/local/python/3.12.1/lib/python3.12/site-packages/airflow/example_dags/example_params_ui_tutorial.py
[2026-07-02T16:54:13.772+0000] {processor.py:830} INFO - Processing file /usr/local/python/3.12.1/lib/python3.12/site-packages/airflow/example_dags/example_params_ui_tutorial.py for tasks to queue
[2026-07-02T16:54:13.774+0000] {logging_mixin.py:188} INFO - [2026-07-02T16:54:13.773+0000] {dagbag.py:545} INFO - Filling up the DagBag from /usr/local/python/3.12.1/lib/python3.12/site-packages/airflow/example_dags/example_params_ui_tutorial.py
[2026-07-02T16:54:13.781+0000] {processor.py:840} INFO - DAG(s) 'example_params_ui_tutorial' retrieved from /usr/local/python/3.12.1/lib/python3.12/site-packages/airflow/example_dags/example_params_ui_tutorial.py
[2026-07-02T16:54:13.813+0000] {logging_mixin.py:188} INFO - [2026-07-02T16:54:13.813+0000] {dag.py:3089} INFO - Sync 1 DAGs
[2026-07-02T16:54:13.824+0000] {logging_mixin.py:188} INFO - [2026-07-02T16:54:13.824+0000] {dag.py:3947} INFO - Setting next_dagrun for example_params_ui_tutorial to None, run_after=None
[2026-07-02T16:54:13.841+0000] {processor.py:183} INFO - Processing /usr/local/python/3.12.1/lib/python3.12/site-packages/airflow/example_dags/example_params_ui_tutorial.py took 0.075 seconds
[2026-07-02T16:55:10.693+0000] {processor.py:161} INFO - Started process (PID=157640) to work on /usr/local/python/3.12.1/lib/python3.12/site-packages/airflow/example_dags/example_params_ui_tutorial.py
[2026-07-02T16:55:10.694+0000] {processor.py:830} INFO - Processing file /usr/local/python/3.12.1/lib/python3.12/site-packages/airflow/example_dags/example_params_ui_tutorial.py for tasks to queue
[2026-07-02T16:55:10.696+0000] {logging_mixin.py:188} INFO - [2026-07-02T16:55:10.695+0000] {dagbag.py:545} INFO - Filling up the DagBag from /usr/local/python/3.12.1/lib/python3.12/site-packages/airflow/example_dags/example_params_ui_tutorial.py
[2026-07-02T16:55:10.701+0000] {processor.py:840} INFO - DAG(s) 'example_params_ui_tutorial' retrieved from /usr/local/python/3.12.1/lib/python3.12/site-packages/airflow/example_dags/example_params_ui_tutorial.py
[2026-07-02T16:55:10.732+0000] {logging_mixin.py:188} INFO - [2026-07-02T16:55:10.732+0000] {dag.py:3089} INFO - Sync 1 DAGs
[2026-07-02T16:55:10.741+0000] {logging_mixin.py:188} INFO - [2026-07-02T16:55:10.741+0000] {dag.py:3947} INFO - Setting next_dagrun for example_params_ui_tutorial to None, run_after=None
[2026-07-02T16:55:10.758+0000] {processor.py:183} INFO - Processing /usr/local/python/3.12.1/lib/python3.12/site-packages/airflow/example_dags/example_params_ui_tutorial.py took 0.071 seconds
[2026-07-02T16:56:12.517+0000] {processor.py:161} INFO - Started process (PID=158295) to work on /usr/local/python/3.12.1/lib/python3.12/site-packages/airflow/example_dags/example_params_ui_tutorial.py
[2026-07-02T16:56:12.518+0000] {processor.py:830} INFO - Processing file /usr/local/python/3.12.1/lib/python3.12/site-packages/airflow/example_dags/example_params_ui_tutorial.py for tasks to queue
[2026-07-02T16:56:12.519+0000] {logging_mixin.py:188} INFO - [2026-07-02T16:56:12.519+0000] {dagbag.py:545} INFO - Filling up the DagBag from /usr/local/python/3.12.1/lib/python3.12/site-packages/airflow/example_dags/example_params_ui_tutorial.py
[2026-07-02T16:56:12.525+0000] {processor.py:840} INFO - DAG(s) 'example_params_ui_tutorial' retrieved from /usr/local/python/3.12.1/lib/python3.12/site-packages/airflow/example_dags/example_params_ui_tutorial.py
[2026-07-02T16:56:12.556+0000] {logging_mixin.py:188} INFO - [2026-07-02T16:56:12.555+0000] {dag.py:3089} INFO - Sync 1 DAGs
[2026-07-02T16:56:12.569+0000] {logging_mixin.py:188} INFO - [2026-07-02T16:56:12.569+0000] {dag.py:3947} INFO - Setting next_dagrun for example_params_ui_tutorial to None, run_after=None
[2026-07-02T16:56:12.646+0000] {processor.py:183} INFO - Processing /usr/local/python/3.12.1/lib/python3.12/site-packages/airflow/example_dags/example_params_ui_tutorial.py took 0.134 seconds
[2026-07-02T16:57:14.251+0000] {processor.py:161} INFO - Started process (PID=158939) to work on /usr/local/python/3.12.1/lib/python3.12/site-packages/airflow/example_dags/example_params_ui_tutorial.py
[2026-07-02T16:57:14.252+0000] {processor.py:830} INFO - Processing file /usr/local/python/3.12.1/lib/python3.12/site-packages/airflow/example_dags/example_params_ui_tutorial.py for tasks to queue
[2026-07-02T16:57:14.254+0000] {logging_mixin.py:188} INFO - [2026-07-02T16:57:14.253+0000] {dagbag.py:545} INFO - Filling up the DagBag from /usr/local/python/3.12.1/lib/python3.12/site-packages/airflow/example_dags/example_params_ui_tutorial.py
[2026-07-02T16:57:14.262+0000] {processor.py:840} INFO - DAG(s) 'example_params_ui_tutorial' retrieved from /usr/local/python/3.12.1/lib/python3.12/site-packages/airflow/example_dags/example_params_ui_tutorial.py
[2026-07-02T16:57:14.304+0000] {logging_mixin.py:188} INFO - [2026-07-02T16:57:14.303+0000] {dag.py:3089} INFO - Sync 1 DAGs
[2026-07-02T16:57:14.313+0000] {logging_mixin.py:188} INFO - [2026-07-02T16:57:14.313+0000] {dag.py:3947} INFO - Setting next_dagrun for example_params_ui_tutorial to None, run_after=None
[2026-07-02T16:57:14.331+0000] {processor.py:183} INFO - Processing /usr/local/python/3.12.1/lib/python3.12/site-packages/airflow/example_dags/example_params_ui_tutorial.py took 0.087 seconds
[2026-07-02T16:58:17.625+0000] {processor.py:161} INFO - Started process (PID=159645) to work on /usr/local/python/3.12.1/lib/python3.12/site-packages/airflow/example_dags/example_params_ui_tutorial.py
[2026-07-02T16:58:17.626+0000] {processor.py:830} INFO - Processing file /usr/local/python/3.12.1/lib/python3.12/site-packages/airflow/example_dags/example_params_ui_tutorial.py for tasks to queue
[2026-07-02T16:58:17.627+0000] {logging_mixin.py:188} INFO - [2026-07-02T16:58:17.627+0000] {dagbag.py:545} INFO - Filling up the DagBag from /usr/local/python/3.12.1/lib/python3.12/site-packages/airflow/example_dags/example_params_ui_tutorial.py
[2026-07-02T16:58:17.634+0000] {processor.py:840} INFO - DAG(s) 'example_params_ui_tutorial' retrieved from /usr/local/python/3.12.1/lib/python3.12/site-packages/airflow/example_dags/example_params_ui_tutorial.py
[2026-07-02T16:58:17.667+0000] {logging_mixin.py:188} INFO - [2026-07-02T16:58:17.667+0000] {dag.py:3089} INFO - Sync 1 DAGs
[2026-07-02T16:58:17.677+0000] {logging_mixin.py:188} INFO - [2026-07-02T16:58:17.676+0000] {dag.py:3947} INFO - Setting next_dagrun for example_params_ui_tutorial to None, run_after=None
[2026-07-02T16:58:17.698+0000] {processor.py:183} INFO - Processing /usr/local/python/3.12.1/lib/python3.12/site-packages/airflow/example_dags/example_params_ui_tutorial.py took 0.078 seconds
[2026-07-02T16:59:17.806+0000] {processor.py:161} INFO - Started process (PID=160281) to work on /usr/local/python/3.12.1/lib/python3.12/site-packages/airflow/example_dags/example_params_ui_tutorial.py
[2026-07-02T16:59:17.807+0000] {processor.py:830} INFO - Processing file /usr/local/python/3.12.1/lib/python3.12/site-packages/airflow/example_dags/example_params_ui_tutorial.py for tasks to queue
[2026-07-02T16:59:17.809+0000] {logging_mixin.py:188} INFO - [2026-07-02T16:59:17.808+0000] {dagbag.py:545} INFO - Filling up the DagBag from /usr/local/python/3.12.1/lib/python3.12/site-packages/airflow/example_dags/example_params_ui_tutorial.py
[2026-07-02T16:59:17.814+0000] {processor.py:840} INFO - DAG(s) 'example_params_ui_tutorial' retrieved from /usr/local/python/3.12.1/lib/python3.12/site-packages/airflow/example_dags/example_params_ui_tutorial.py
[2026-07-02T16:59:17.846+0000] {logging_mixin.py:188} INFO - [2026-07-02T16:59:17.846+0000] {dag.py:3089} INFO - Sync 1 DAGs
[2026-07-02T16:59:17.855+0000] {logging_mixin.py:188} INFO - [2026-07-02T16:59:17.855+0000] {dag.py:3947} INFO - Setting next_dagrun for example_params_ui_tutorial to None, run_after=None
[2026-07-02T16:59:17.872+0000] {processor.py:183} INFO - Processing /usr/local/python/3.12.1/lib/python3.12/site-packages/airflow/example_dags/example_params_ui_tutorial.py took 0.070 seconds
[2026-07-02T17:00:20.865+0000] {processor.py:161} INFO - Started process (PID=160932) to work on /usr/local/python/3.12.1/lib/python3.12/site-packages/airflow/example_dags/example_params_ui_tutorial.py
[2026-07-02T17:00:20.866+0000] {processor.py:830} INFO - Processing file /usr/local/python/3.12.1/lib/python3.12/site-packages/airflow/example_dags/example_params_ui_tutorial.py for tasks to queue
[2026-07-02T17:00:20.868+0000] {logging_mixin.py:188} INFO - [2026-07-02T17:00:20.867+0000] {dagbag.py:545} INFO - Filling up the DagBag from /usr/local/python/3.12.1/lib/python3.12/site-packages/airflow/example_dags/example_params_ui_tutorial.py
[2026-07-02T17:00:20.877+0000] {processor.py:840} INFO - DAG(s) 'example_params_ui_tutorial' retrieved from /usr/local/python/3.12.1/lib/python3.12/site-packages/airflow/example_dags/example_params_ui_tutorial.py
[2026-07-02T17:00:20.915+0000] {logging_mixin.py:188} INFO - [2026-07-02T17:00:20.915+0000] {dag.py:3089} INFO - Sync 1 DAGs
[2026-07-02T17:00:20.924+0000] {logging_mixin.py:188} INFO - [2026-07-02T17:00:20.924+0000] {dag.py:3947} INFO - Setting next_dagrun for example_params_ui_tutorial to None, run_after=None
[2026-07-02T17:00:20.940+0000] {processor.py:183} INFO - Processing /usr/local/python/3.12.1/lib/python3.12/site-packages/airflow/example_dags/example_params_ui_tutorial.py took 0.081 seconds
[2026-07-02T17:01:21.373+0000] {processor.py:161} INFO - Started process (PID=161590) to work on /usr/local/python/3.12.1/lib/python3.12/site-packages/airflow/example_dags/example_params_ui_tutorial.py
[2026-07-02T17:01:21.374+0000] {processor.py:830} INFO - Processing file /usr/local/python/3.12.1/lib/python3.12/site-packages/airflow/example_dags/example_params_ui_tutorial.py for tasks to queue
[2026-07-02T17:01:21.376+0000] {logging_mixin.py:188} INFO - [2026-07-02T17:01:21.375+0000] {dagbag.py:545} INFO - Filling up the DagBag from /usr/local/python/3.12.1/lib/python3.12/site-packages/airflow/example_dags/example_params_ui_tutorial.py
[2026-07-02T17:01:21.390+0000] {processor.py:840} INFO - DAG(s) 'example_params_ui_tutorial' retrieved from /usr/local/python/3.12.1/lib/python3.12/site-packages/airflow/example_dags/example_params_ui_tutorial.py
[2026-07-02T17:01:21.449+0000] {logging_mixin.py:188} INFO - [2026-07-02T17:01:21.449+0000] {dag.py:3089} INFO - Sync 1 DAGs
[2026-07-02T17:01:21.458+0000] {logging_mixin.py:188} INFO - [2026-07-02T17:01:21.458+0000] {dag.py:3947} INFO - Setting next_dagrun for example_params_ui_tutorial to None, run_after=None
[2026-07-02T17:01:21.475+0000] {processor.py:183} INFO - Processing /usr/local/python/3.12.1/lib/python3.12/site-packages/airflow/example_dags/example_params_ui_tutorial.py took 0.109 seconds
[2026-07-02T17:02:27.131+0000] {processor.py:161} INFO - Started process (PID=162269) to work on /usr/local/python/3.12.1/lib/python3.12/site-packages/airflow/example_dags/example_params_ui_tutorial.py
[2026-07-02T17:02:27.132+0000] {processor.py:830} INFO - Processing file /usr/local/python/3.12.1/lib/python3.12/site-packages/airflow/example_dags/example_params_ui_tutorial.py for tasks to queue
[2026-07-02T17:02:27.134+0000] {logging_mixin.py:188} INFO - [2026-07-02T17:02:27.133+0000] {dagbag.py:545} INFO - Filling up the DagBag from /usr/local/python/3.12.1/lib/python3.12/site-packages/airflow/example_dags/example_params_ui_tutorial.py
[2026-07-02T17:02:27.139+0000] {processor.py:840} INFO - DAG(s) 'example_params_ui_tutorial' retrieved from /usr/local/python/3.12.1/lib/python3.12/site-packages/airflow/example_dags/example_params_ui_tutorial.py
[2026-07-02T17:02:27.170+0000] {logging_mixin.py:188} INFO - [2026-07-02T17:02:27.170+0000] {dag.py:3089} INFO - Sync 1 DAGs
[2026-07-02T17:02:27.181+0000] {logging_mixin.py:188} INFO - [2026-07-02T17:02:27.181+0000] {dag.py:3947} INFO - Setting next_dagrun for example_params_ui_tutorial to None, run_after=None
[2026-07-02T17:02:27.201+0000] {processor.py:183} INFO - Processing /usr/local/python/3.12.1/lib/python3.12/site-packages/airflow/example_dags/example_params_ui_tutorial.py took 0.074 seconds
[2026-07-02T17:03:11.258+0000] {processor.py:161} INFO - Started process (PID=162754) to work on /usr/local/python/3.12.1/lib/python3.12/site-packages/airflow/example_dags/example_params_ui_tutorial.py
[2026-07-02T17:03:11.260+0000] {processor.py:830} INFO - Processing file /usr/local/python/3.12.1/lib/python3.12/site-packages/airflow/example_dags/example_params_ui_tutorial.py for tasks to queue
[2026-07-02T17:03:11.263+0000] {logging_mixin.py:188} INFO - [2026-07-02T17:03:11.262+0000] {dagbag.py:545} INFO - Filling up the DagBag from /usr/local/python/3.12.1/lib/python3.12/site-packages/airflow/example_dags/example_params_ui_tutorial.py
[2026-07-02T17:03:11.273+0000] {processor.py:840} INFO - DAG(s) 'example_params_ui_tutorial' retrieved from /usr/local/python/3.12.1/lib/python3.12/site-packages/airflow/example_dags/example_params_ui_tutorial.py
[2026-07-02T17:03:11.321+0000] {logging_mixin.py:188} INFO - [2026-07-02T17:03:11.320+0000] {dag.py:3089} INFO - Sync 1 DAGs
[2026-07-02T17:03:11.330+0000] {logging_mixin.py:188} INFO - [2026-07-02T17:03:11.330+0000] {dag.py:3947} INFO - Setting next_dagrun for example_params_ui_tutorial to None, run_after=None
[2026-07-02T17:03:11.354+0000] {processor.py:183} INFO - Processing /usr/local/python/3.12.1/lib/python3.12/site-packages/airflow/example_dags/example_params_ui_tutorial.py took 0.104 seconds
[2026-07-02T17:04:14.060+0000] {processor.py:161} INFO - Started process (PID=163429) to work on /usr/local/python/3.12.1/lib/python3.12/site-packages/airflow/example_dags/example_params_ui_tutorial.py
[2026-07-02T17:04:14.061+0000] {processor.py:830} INFO - Processing file /usr/local/python/3.12.1/lib/python3.12/site-packages/airflow/example_dags/example_params_ui_tutorial.py for tasks to queue
[2026-07-02T17:04:14.062+0000] {logging_mixin.py:188} INFO - [2026-07-02T17:04:14.062+0000] {dagbag.py:545} INFO - Filling up the DagBag from /usr/local/python/3.12.1/lib/python3.12/site-packages/airflow/example_dags/example_params_ui_tutorial.py
[2026-07-02T17:04:14.068+0000] {processor.py:840} INFO - DAG(s) 'example_params_ui_tutorial' retrieved from /usr/local/python/3.12.1/lib/python3.12/site-packages/airflow/example_dags/example_params_ui_tutorial.py
[2026-07-02T17:04:14.105+0000] {logging_mixin.py:188} INFO - [2026-07-02T17:04:14.105+0000] {dag.py:3089} INFO - Sync 1 DAGs
[2026-07-02T17:04:14.115+0000] {logging_mixin.py:188} INFO - [2026-07-02T17:04:14.115+0000] {dag.py:3947} INFO - Setting next_dagrun for example_params_ui_tutorial to None, run_after=None
[2026-07-02T17:04:14.135+0000] {processor.py:183} INFO - Processing /usr/local/python/3.12.1/lib/python3.12/site-packages/airflow/example_dags/example_params_ui_tutorial.py took 0.080 seconds
[2026-07-02T17:05:18.655+0000] {processor.py:161} INFO - Started process (PID=164098) to work on /usr/local/python/3.12.1/lib/python3.12/site-packages/airflow/example_dags/example_params_ui_tutorial.py
[2026-07-02T17:05:18.656+0000] {processor.py:830} INFO - Processing file /usr/local/python/3.12.1/lib/python3.12/site-packages/airflow/example_dags/example_params_ui_tutorial.py for tasks to queue
[2026-07-02T17:05:18.657+0000] {logging_mixin.py:188} INFO - [2026-07-02T17:05:18.657+0000] {dagbag.py:545} INFO - Filling up the DagBag from /usr/local/python/3.12.1/lib/python3.12/site-packages/airflow/example_dags/example_params_ui_tutorial.py
[2026-07-02T17:05:18.663+0000] {processor.py:840} INFO - DAG(s) 'example_params_ui_tutorial' retrieved from /usr/local/python/3.12.1/lib/python3.12/site-packages/airflow/example_dags/example_params_ui_tutorial.py
[2026-07-02T17:05:18.702+0000] {logging_mixin.py:188} INFO - [2026-07-02T17:05:18.701+0000] {dag.py:3089} INFO - Sync 1 DAGs
[2026-07-02T17:05:18.711+0000] {logging_mixin.py:188} INFO - [2026-07-02T17:05:18.710+0000] {dag.py:3947} INFO - Setting next_dagrun for example_params_ui_tutorial to None, run_after=None
[2026-07-02T17:05:18.727+0000] {processor.py:183} INFO - Processing /usr/local/python/3.12.1/lib/python3.12/site-packages/airflow/example_dags/example_params_ui_tutorial.py took 0.077 seconds
[2026-07-02T17:06:21.927+0000] {processor.py:161} INFO - Started process (PID=164741) to work on /usr/local/python/3.12.1/lib/python3.12/site-packages/airflow/example_dags/example_params_ui_tutorial.py
[2026-07-02T17:06:21.928+0000] {processor.py:830} INFO - Processing file /usr/local/python/3.12.1/lib/python3.12/site-packages/airflow/example_dags/example_params_ui_tutorial.py for tasks to queue
[2026-07-02T17:06:21.930+0000] {logging_mixin.py:188} INFO - [2026-07-02T17:06:21.929+0000] {dagbag.py:545} INFO - Filling up the DagBag from /usr/local/python/3.12.1/lib/python3.12/site-packages/airflow/example_dags/example_params_ui_tutorial.py
[2026-07-02T17:06:21.936+0000] {processor.py:840} INFO - DAG(s) 'example_params_ui_tutorial' retrieved from /usr/local/python/3.12.1/lib/python3.12/site-packages/airflow/example_dags/example_params_ui_tutorial.py
[2026-07-02T17:06:21.966+0000] {logging_mixin.py:188} INFO - [2026-07-02T17:06:21.966+0000] {dag.py:3089} INFO - Sync 1 DAGs
[2026-07-02T17:06:21.976+0000] {logging_mixin.py:188} INFO - [2026-07-02T17:06:21.976+0000] {dag.py:3947} INFO - Setting next_dagrun for example_params_ui_tutorial to None, run_after=None
[2026-07-02T17:06:21.997+0000] {processor.py:183} INFO - Processing /usr/local/python/3.12.1/lib/python3.12/site-packages/airflow/example_dags/example_params_ui_tutorial.py took 0.075 seconds
[2026-07-02T17:07:23.646+0000] {processor.py:161} INFO - Started process (PID=165406) to work on /usr/local/python/3.12.1/lib/python3.12/site-packages/airflow/example_dags/example_params_ui_tutorial.py
[2026-07-02T17:07:23.647+0000] {processor.py:830} INFO - Processing file /usr/local/python/3.12.1/lib/python3.12/site-packages/airflow/example_dags/example_params_ui_tutorial.py for tasks to queue
[2026-07-02T17:07:23.648+0000] {logging_mixin.py:188} INFO - [2026-07-02T17:07:23.648+0000] {dagbag.py:545} INFO - Filling up the DagBag from /usr/local/python/3.12.1/lib/python3.12/site-packages/airflow/example_dags/example_params_ui_tutorial.py
[2026-07-02T17:07:23.654+0000] {processor.py:840} INFO - DAG(s) 'example_params_ui_tutorial' retrieved from /usr/local/python/3.12.1/lib/python3.12/site-packages/airflow/example_dags/example_params_ui_tutorial.py
[2026-07-02T17:07:23.691+0000] {logging_mixin.py:188} INFO - [2026-07-02T17:07:23.691+0000] {dag.py:3089} INFO - Sync 1 DAGs
[2026-07-02T17:07:23.702+0000] {logging_mixin.py:188} INFO - [2026-07-02T17:07:23.701+0000] {dag.py:3947} INFO - Setting next_dagrun for example_params_ui_tutorial to None, run_after=None
[2026-07-02T17:07:23.718+0000] {processor.py:183} INFO - Processing /usr/local/python/3.12.1/lib/python3.12/site-packages/airflow/example_dags/example_params_ui_tutorial.py took 0.077 seconds
[2026-07-02T17:08:30.133+0000] {processor.py:161} INFO - Started process (PID=166106) to work on /usr/local/python/3.12.1/lib/python3.12/site-packages/airflow/example_dags/example_params_ui_tutorial.py
[2026-07-02T17:08:30.134+0000] {processor.py:830} INFO - Processing file /usr/local/python/3.12.1/lib/python3.12/site-packages/airflow/example_dags/example_params_ui_tutorial.py for tasks to queue
[2026-07-02T17:08:30.135+0000] {logging_mixin.py:188} INFO - [2026-07-02T17:08:30.135+0000] {dagbag.py:545} INFO - Filling up the DagBag from /usr/local/python/3.12.1/lib/python3.12/site-packages/airflow/example_dags/example_params_ui_tutorial.py
[2026-07-02T17:08:30.141+0000] {processor.py:840} INFO - DAG(s) 'example_params_ui_tutorial' retrieved from /usr/local/python/3.12.1/lib/python3.12/site-packages/airflow/example_dags/example_params_ui_tutorial.py
[2026-07-02T17:08:30.171+0000] {logging_mixin.py:188} INFO - [2026-07-02T17:08:30.171+0000] {dag.py:3089} INFO - Sync 1 DAGs
[2026-07-02T17:08:30.182+0000] {logging_mixin.py:188} INFO - [2026-07-02T17:08:30.182+0000] {dag.py:3947} INFO - Setting next_dagrun for example_params_ui_tutorial to None, run_after=None
[2026-07-02T17:08:30.202+0000] {processor.py:183} INFO - Processing /usr/local/python/3.12.1/lib/python3.12/site-packages/airflow/example_dags/example_params_ui_tutorial.py took 0.076 seconds
[2026-07-02T17:09:16.853+0000] {processor.py:161} INFO - Started process (PID=166583) to work on /usr/local/python/3.12.1/lib/python3.12/site-packages/airflow/example_dags/example_params_ui_tutorial.py
[2026-07-02T17:09:16.854+0000] {processor.py:830} INFO - Processing file /usr/local/python/3.12.1/lib/python3.12/site-packages/airflow/example_dags/example_params_ui_tutorial.py for tasks to queue
[2026-07-02T17:09:16.856+0000] {logging_mixin.py:188} INFO - [2026-07-02T17:09:16.855+0000] {dagbag.py:545} INFO - Filling up the DagBag from /usr/local/python/3.12.1/lib/python3.12/site-packages/airflow/example_dags/example_params_ui_tutorial.py
[2026-07-02T17:09:16.861+0000] {processor.py:840} INFO - DAG(s) 'example_params_ui_tutorial' retrieved from /usr/local/python/3.12.1/lib/python3.12/site-packages/airflow/example_dags/example_params_ui_tutorial.py
[2026-07-02T17:09:16.900+0000] {logging_mixin.py:188} INFO - [2026-07-02T17:09:16.899+0000] {dag.py:3089} INFO - Sync 1 DAGs
[2026-07-02T17:09:16.910+0000] {logging_mixin.py:188} INFO - [2026-07-02T17:09:16.910+0000] {dag.py:3947} INFO - Setting next_dagrun for example_params_ui_tutorial to None, run_after=None
[2026-07-02T17:09:17.029+0000] {processor.py:183} INFO - Processing /usr/local/python/3.12.1/lib/python3.12/site-packages/airflow/example_dags/example_params_ui_tutorial.py took 0.181 seconds
[2026-07-02T17:10:02.909+0000] {processor.py:161} INFO - Started process (PID=167104) to work on /usr/local/python/3.12.1/lib/python3.12/site-packages/airflow/example_dags/example_params_ui_tutorial.py
[2026-07-02T17:10:02.910+0000] {processor.py:830} INFO - Processing file /usr/local/python/3.12.1/lib/python3.12/site-packages/airflow/example_dags/example_params_ui_tutorial.py for tasks to queue
[2026-07-02T17:10:02.911+0000] {logging_mixin.py:188} INFO - [2026-07-02T17:10:02.911+0000] {dagbag.py:545} INFO - Filling up the DagBag from /usr/local/python/3.12.1/lib/python3.12/site-packages/airflow/example_dags/example_params_ui_tutorial.py
[2026-07-02T17:10:02.917+0000] {processor.py:840} INFO - DAG(s) 'example_params_ui_tutorial' retrieved from /usr/local/python/3.12.1/lib/python3.12/site-packages/airflow/example_dags/example_params_ui_tutorial.py
[2026-07-02T17:10:02.948+0000] {logging_mixin.py:188} INFO - [2026-07-02T17:10:02.948+0000] {dag.py:3089} INFO - Sync 1 DAGs
[2026-07-02T17:10:02.957+0000] {logging_mixin.py:188} INFO - [2026-07-02T17:10:02.957+0000] {dag.py:3947} INFO - Setting next_dagrun for example_params_ui_tutorial to None, run_after=None
[2026-07-02T17:10:02.975+0000] {processor.py:183} INFO - Processing /usr/local/python/3.12.1/lib/python3.12/site-packages/airflow/example_dags/example_params_ui_tutorial.py took 0.070 seconds
[2026-07-02T17:10:48.099+0000] {processor.py:161} INFO - Started process (PID=167590) to work on /usr/local/python/3.12.1/lib/python3.12/site-packages/airflow/example_dags/example_params_ui_tutorial.py
[2026-07-02T17:10:48.100+0000] {processor.py:830} INFO - Processing file /usr/local/python/3.12.1/lib/python3.12/site-packages/airflow/example_dags/example_params_ui_tutorial.py for tasks to queue
[2026-07-02T17:10:48.102+0000] {logging_mixin.py:188} INFO - [2026-07-02T17:10:48.101+0000] {dagbag.py:545} INFO - Filling up the DagBag from /usr/local/python/3.12.1/lib/python3.12/site-packages/airflow/example_dags/example_params_ui_tutorial.py
[2026-07-02T17:10:48.107+0000] {processor.py:840} INFO - DAG(s) 'example_params_ui_tutorial' retrieved from /usr/local/python/3.12.1/lib/python3.12/site-packages/airflow/example_dags/example_params_ui_tutorial.py
[2026-07-02T17:10:48.138+0000] {logging_mixin.py:188} INFO - [2026-07-02T17:10:48.138+0000] {dag.py:3089} INFO - Sync 1 DAGs
[2026-07-02T17:10:48.148+0000] {logging_mixin.py:188} INFO - [2026-07-02T17:10:48.147+0000] {dag.py:3947} INFO - Setting next_dagrun for example_params_ui_tutorial to None, run_after=None
[2026-07-02T17:10:48.165+0000] {processor.py:183} INFO - Processing /usr/local/python/3.12.1/lib/python3.12/site-packages/airflow/example_dags/example_params_ui_tutorial.py took 0.070 seconds
[2026-07-02T17:11:35.196+0000] {processor.py:161} INFO - Started process (PID=168085) to work on /usr/local/python/3.12.1/lib/python3.12/site-packages/airflow/example_dags/example_params_ui_tutorial.py
[2026-07-02T17:11:35.197+0000] {processor.py:830} INFO - Processing file /usr/local/python/3.12.1/lib/python3.12/site-packages/airflow/example_dags/example_params_ui_tutorial.py for tasks to queue
[2026-07-02T17:11:35.199+0000] {logging_mixin.py:188} INFO - [2026-07-02T17:11:35.198+0000] {dagbag.py:545} INFO - Filling up the DagBag from /usr/local/python/3.12.1/lib/python3.12/site-packages/airflow/example_dags/example_params_ui_tutorial.py
[2026-07-02T17:11:35.204+0000] {processor.py:840} INFO - DAG(s) 'example_params_ui_tutorial' retrieved from /usr/local/python/3.12.1/lib/python3.12/site-packages/airflow/example_dags/example_params_ui_tutorial.py
[2026-07-02T17:11:35.235+0000] {logging_mixin.py:188} INFO - [2026-07-02T17:11:35.235+0000] {dag.py:3089} INFO - Sync 1 DAGs
[2026-07-02T17:11:35.346+0000] {logging_mixin.py:188} INFO - [2026-07-02T17:11:35.345+0000] {dag.py:3947} INFO - Setting next_dagrun for example_params_ui_tutorial to None, run_after=None
[2026-07-02T17:11:35.365+0000] {processor.py:183} INFO - Processing /usr/local/python/3.12.1/lib/python3.12/site-packages/airflow/example_dags/example_params_ui_tutorial.py took 0.175 seconds
[2026-07-02T17:12:39.546+0000] {processor.py:161} INFO - Started process (PID=168744) to work on /usr/local/python/3.12.1/lib/python3.12/site-packages/airflow/example_dags/example_params_ui_tutorial.py
[2026-07-02T17:12:39.547+0000] {processor.py:830} INFO - Processing file /usr/local/python/3.12.1/lib/python3.12/site-packages/airflow/example_dags/example_params_ui_tutorial.py for tasks to queue
[2026-07-02T17:12:39.549+0000] {logging_mixin.py:188} INFO - [2026-07-02T17:12:39.548+0000] {dagbag.py:545} INFO - Filling up the DagBag from /usr/local/python/3.12.1/lib/python3.12/site-packages/airflow/example_dags/example_params_ui_tutorial.py
[2026-07-02T17:12:39.555+0000] {processor.py:840} INFO - DAG(s) 'example_params_ui_tutorial' retrieved from /usr/local/python/3.12.1/lib/python3.12/site-packages/airflow/example_dags/example_params_ui_tutorial.py
[2026-07-02T17:12:39.592+0000] {logging_mixin.py:188} INFO - [2026-07-02T17:12:39.591+0000] {dag.py:3089} INFO - Sync 1 DAGs
[2026-07-02T17:12:39.603+0000] {logging_mixin.py:188} INFO - [2026-07-02T17:12:39.602+0000] {dag.py:3947} INFO - Setting next_dagrun for example_params_ui_tutorial to None, run_after=None
[2026-07-02T17:12:39.621+0000] {processor.py:183} INFO - Processing /usr/local/python/3.12.1/lib/python3.12/site-packages/airflow/example_dags/example_params_ui_tutorial.py took 0.080 seconds
[2026-07-02T17:13:40.092+0000] {processor.py:161} INFO - Started process (PID=169414) to work on /usr/local/python/3.12.1/lib/python3.12/site-packages/airflow/example_dags/example_params_ui_tutorial.py
[2026-07-02T17:13:40.093+0000] {processor.py:830} INFO - Processing file /usr/local/python/3.12.1/lib/python3.12/site-packages/airflow/example_dags/example_params_ui_tutorial.py for tasks to queue
[2026-07-02T17:13:40.095+0000] {logging_mixin.py:188} INFO - [2026-07-02T17:13:40.095+0000] {dagbag.py:545} INFO - Filling up the DagBag from /usr/local/python/3.12.1/lib/python3.12/site-packages/airflow/example_dags/example_params_ui_tutorial.py
[2026-07-02T17:13:40.101+0000] {processor.py:840} INFO - DAG(s) 'example_params_ui_tutorial' retrieved from /usr/local/python/3.12.1/lib/python3.12/site-packages/airflow/example_dags/example_params_ui_tutorial.py
[2026-07-02T17:13:40.132+0000] {logging_mixin.py:188} INFO - [2026-07-02T17:13:40.132+0000] {dag.py:3089} INFO - Sync 1 DAGs
[2026-07-02T17:13:40.142+0000] {logging_mixin.py:188} INFO - [2026-07-02T17:13:40.141+0000] {dag.py:3947} INFO - Setting next_dagrun for example_params_ui_tutorial to None, run_after=None
[2026-07-02T17:13:40.159+0000] {processor.py:183} INFO - Processing /usr/local/python/3.12.1/lib/python3.12/site-packages/airflow/example_dags/example_params_ui_tutorial.py took 0.074 seconds
[2026-07-02T17:14:44.903+0000] {processor.py:161} INFO - Started process (PID=170098) to work on /usr/local/python/3.12.1/lib/python3.12/site-packages/airflow/example_dags/example_params_ui_tutorial.py
[2026-07-02T17:14:44.904+0000] {processor.py:830} INFO - Processing file /usr/local/python/3.12.1/lib/python3.12/site-packages/airflow/example_dags/example_params_ui_tutorial.py for tasks to queue
[2026-07-02T17:14:44.905+0000] {logging_mixin.py:188} INFO - [2026-07-02T17:14:44.905+0000] {dagbag.py:545} INFO - Filling up the DagBag from /usr/local/python/3.12.1/lib/python3.12/site-packages/airflow/example_dags/example_params_ui_tutorial.py
[2026-07-02T17:14:44.911+0000] {processor.py:840} INFO - DAG(s) 'example_params_ui_tutorial' retrieved from /usr/local/python/3.12.1/lib/python3.12/site-packages/airflow/example_dags/example_params_ui_tutorial.py
[2026-07-02T17:14:44.942+0000] {logging_mixin.py:188} INFO - [2026-07-02T17:14:44.942+0000] {dag.py:3089} INFO - Sync 1 DAGs
[2026-07-02T17:14:44.951+0000] {logging_mixin.py:188} INFO - [2026-07-02T17:14:44.951+0000] {dag.py:3947} INFO - Setting next_dagrun for example_params_ui_tutorial to None, run_after=None
[2026-07-02T17:14:44.969+0000] {processor.py:183} INFO - Processing /usr/local/python/3.12.1/lib/python3.12/site-packages/airflow/example_dags/example_params_ui_tutorial.py took 0.071 seconds
[2026-07-02T17:15:44.851+0000] {processor.py:161} INFO - Started process (PID=170709) to work on /usr/local/python/3.12.1/lib/python3.12/site-packages/airflow/example_dags/example_params_ui_tutorial.py
[2026-07-02T17:15:44.851+0000] {processor.py:830} INFO - Processing file /usr/local/python/3.12.1/lib/python3.12/site-packages/airflow/example_dags/example_params_ui_tutorial.py for tasks to queue
[2026-07-02T17:15:44.853+0000] {logging_mixin.py:188} INFO - [2026-07-02T17:15:44.853+0000] {dagbag.py:545} INFO - Filling up the DagBag from /usr/local/python/3.12.1/lib/python3.12/site-packages/airflow/example_dags/example_params_ui_tutorial.py
[2026-07-02T17:15:44.859+0000] {processor.py:840} INFO - DAG(s) 'example_params_ui_tutorial' retrieved from /usr/local/python/3.12.1/lib/python3.12/site-packages/airflow/example_dags/example_params_ui_tutorial.py
[2026-07-02T17:15:44.894+0000] {logging_mixin.py:188} INFO - [2026-07-02T17:15:44.894+0000] {dag.py:3089} INFO - Sync 1 DAGs
[2026-07-02T17:15:44.905+0000] {logging_mixin.py:188} INFO - [2026-07-02T17:15:44.905+0000] {dag.py:3947} INFO - Setting next_dagrun for example_params_ui_tutorial to None, run_after=None
[2026-07-02T17:15:44.923+0000] {processor.py:183} INFO - Processing /usr/local/python/3.12.1/lib/python3.12/site-packages/airflow/example_dags/example_params_ui_tutorial.py took 0.077 seconds
[2026-07-02T17:16:44.029+0000] {processor.py:161} INFO - Started process (PID=171359) to work on /usr/local/python/3.12.1/lib/python3.12/site-packages/airflow/example_dags/example_params_ui_tutorial.py
[2026-07-02T17:16:44.030+0000] {processor.py:830} INFO - Processing file /usr/local/python/3.12.1/lib/python3.12/site-packages/airflow/example_dags/example_params_ui_tutorial.py for tasks to queue
[2026-07-02T17:16:44.032+0000] {logging_mixin.py:188} INFO - [2026-07-02T17:16:44.031+0000] {dagbag.py:545} INFO - Filling up the DagBag from /usr/local/python/3.12.1/lib/python3.12/site-packages/airflow/example_dags/example_params_ui_tutorial.py
[2026-07-02T17:16:44.037+0000] {processor.py:840} INFO - DAG(s) 'example_params_ui_tutorial' retrieved from /usr/local/python/3.12.1/lib/python3.12/site-packages/airflow/example_dags/example_params_ui_tutorial.py
[2026-07-02T17:16:44.069+0000] {logging_mixin.py:188} INFO - [2026-07-02T17:16:44.068+0000] {dag.py:3089} INFO - Sync 1 DAGs
[2026-07-02T17:16:44.080+0000] {logging_mixin.py:188} INFO - [2026-07-02T17:16:44.079+0000] {dag.py:3947} INFO - Setting next_dagrun for example_params_ui_tutorial to None, run_after=None
[2026-07-02T17:16:44.099+0000] {processor.py:183} INFO - Processing /usr/local/python/3.12.1/lib/python3.12/site-packages/airflow/example_dags/example_params_ui_tutorial.py took 0.074 seconds
