[2026-07-02T16:24:03.108+0000] {processor.py:161} INFO - Started process (PID=117394) to work on /usr/local/python/3.12.1/lib/python3.12/site-packages/airflow/example_dags/tutorial_taskflow_api_virtualenv.py
[2026-07-02T16:24:03.109+0000] {processor.py:830} INFO - Processing file /usr/local/python/3.12.1/lib/python3.12/site-packages/airflow/example_dags/tutorial_taskflow_api_virtualenv.py for tasks to queue
[2026-07-02T16:24:03.110+0000] {logging_mixin.py:188} INFO - [2026-07-02T16:24:03.110+0000] {dagbag.py:545} INFO - Filling up the DagBag from /usr/local/python/3.12.1/lib/python3.12/site-packages/airflow/example_dags/tutorial_taskflow_api_virtualenv.py
[2026-07-02T16:24:03.122+0000] {processor.py:840} INFO - DAG(s) 'tutorial_taskflow_api_virtualenv' retrieved from /usr/local/python/3.12.1/lib/python3.12/site-packages/airflow/example_dags/tutorial_taskflow_api_virtualenv.py
[2026-07-02T16:24:03.217+0000] {logging_mixin.py:188} INFO - [2026-07-02T16:24:03.216+0000] {override.py:1858} INFO - Created Permission View: can delete on DAG:tutorial_taskflow_api_virtualenv
[2026-07-02T16:24:03.225+0000] {logging_mixin.py:188} INFO - [2026-07-02T16:24:03.225+0000] {override.py:1858} INFO - Created Permission View: can read on DAG:tutorial_taskflow_api_virtualenv
[2026-07-02T16:24:03.232+0000] {logging_mixin.py:188} INFO - [2026-07-02T16:24:03.231+0000] {override.py:1858} INFO - Created Permission View: can edit on DAG:tutorial_taskflow_api_virtualenv
[2026-07-02T16:24:03.232+0000] {logging_mixin.py:188} INFO - [2026-07-02T16:24:03.232+0000] {dag.py:3089} INFO - Sync 1 DAGs
[2026-07-02T16:24:03.240+0000] {logging_mixin.py:188} INFO - [2026-07-02T16:24:03.240+0000] {dag.py:3111} INFO - Creating ORM DAG for tutorial_taskflow_api_virtualenv
[2026-07-02T16:24:03.241+0000] {logging_mixin.py:188} INFO - [2026-07-02T16:24:03.241+0000] {dag.py:3947} INFO - Setting next_dagrun for tutorial_taskflow_api_virtualenv to None, run_after=None
[2026-07-02T16:24:03.259+0000] {processor.py:183} INFO - Processing /usr/local/python/3.12.1/lib/python3.12/site-packages/airflow/example_dags/tutorial_taskflow_api_virtualenv.py took 0.155 seconds
[2026-07-02T16:25:00.989+0000] {processor.py:161} INFO - Started process (PID=118220) to work on /usr/local/python/3.12.1/lib/python3.12/site-packages/airflow/example_dags/tutorial_taskflow_api_virtualenv.py
[2026-07-02T16:25:00.990+0000] {processor.py:830} INFO - Processing file /usr/local/python/3.12.1/lib/python3.12/site-packages/airflow/example_dags/tutorial_taskflow_api_virtualenv.py for tasks to queue
[2026-07-02T16:25:00.992+0000] {logging_mixin.py:188} INFO - [2026-07-02T16:25:00.991+0000] {dagbag.py:545} INFO - Filling up the DagBag from /usr/local/python/3.12.1/lib/python3.12/site-packages/airflow/example_dags/tutorial_taskflow_api_virtualenv.py
[2026-07-02T16:25:01.001+0000] {processor.py:840} INFO - DAG(s) 'tutorial_taskflow_api_virtualenv' retrieved from /usr/local/python/3.12.1/lib/python3.12/site-packages/airflow/example_dags/tutorial_taskflow_api_virtualenv.py
[2026-07-02T16:25:01.015+0000] {logging_mixin.py:188} INFO - [2026-07-02T16:25:01.014+0000] {dag.py:3089} INFO - Sync 1 DAGs
[2026-07-02T16:25:01.024+0000] {logging_mixin.py:188} INFO - [2026-07-02T16:25:01.024+0000] {dag.py:3947} INFO - Setting next_dagrun for tutorial_taskflow_api_virtualenv to None, run_after=None
[2026-07-02T16:25:01.043+0000] {processor.py:183} INFO - Processing /usr/local/python/3.12.1/lib/python3.12/site-packages/airflow/example_dags/tutorial_taskflow_api_virtualenv.py took 0.058 seconds
[2026-07-02T16:25:46.269+0000] {processor.py:161} INFO - Started process (PID=120014) to work on /usr/local/python/3.12.1/lib/python3.12/site-packages/airflow/example_dags/tutorial_taskflow_api_virtualenv.py
[2026-07-02T16:25:46.270+0000] {processor.py:830} INFO - Processing file /usr/local/python/3.12.1/lib/python3.12/site-packages/airflow/example_dags/tutorial_taskflow_api_virtualenv.py for tasks to queue
[2026-07-02T16:25:46.272+0000] {logging_mixin.py:188} INFO - [2026-07-02T16:25:46.271+0000] {dagbag.py:545} INFO - Filling up the DagBag from /usr/local/python/3.12.1/lib/python3.12/site-packages/airflow/example_dags/tutorial_taskflow_api_virtualenv.py
[2026-07-02T16:25:46.299+0000] {processor.py:840} INFO - DAG(s) 'tutorial_taskflow_api_virtualenv' retrieved from /usr/local/python/3.12.1/lib/python3.12/site-packages/airflow/example_dags/tutorial_taskflow_api_virtualenv.py
[2026-07-02T16:25:46.320+0000] {logging_mixin.py:188} INFO - [2026-07-02T16:25:46.319+0000] {dag.py:3089} INFO - Sync 1 DAGs
[2026-07-02T16:25:46.338+0000] {logging_mixin.py:188} INFO - [2026-07-02T16:25:46.337+0000] {dag.py:3947} INFO - Setting next_dagrun for tutorial_taskflow_api_virtualenv to None, run_after=None
[2026-07-02T16:25:46.365+0000] {processor.py:183} INFO - Processing /usr/local/python/3.12.1/lib/python3.12/site-packages/airflow/example_dags/tutorial_taskflow_api_virtualenv.py took 0.102 seconds
[2026-07-02T16:26:38.168+0000] {processor.py:161} INFO - Started process (PID=126445) to work on /usr/local/python/3.12.1/lib/python3.12/site-packages/airflow/example_dags/tutorial_taskflow_api_virtualenv.py
[2026-07-02T16:26:38.172+0000] {processor.py:830} INFO - Processing file /usr/local/python/3.12.1/lib/python3.12/site-packages/airflow/example_dags/tutorial_taskflow_api_virtualenv.py for tasks to queue
[2026-07-02T16:26:38.174+0000] {logging_mixin.py:188} INFO - [2026-07-02T16:26:38.173+0000] {dagbag.py:545} INFO - Filling up the DagBag from /usr/local/python/3.12.1/lib/python3.12/site-packages/airflow/example_dags/tutorial_taskflow_api_virtualenv.py
[2026-07-02T16:26:38.188+0000] {processor.py:840} INFO - DAG(s) 'tutorial_taskflow_api_virtualenv' retrieved from /usr/local/python/3.12.1/lib/python3.12/site-packages/airflow/example_dags/tutorial_taskflow_api_virtualenv.py
[2026-07-02T16:26:38.209+0000] {logging_mixin.py:188} INFO - [2026-07-02T16:26:38.209+0000] {dag.py:3089} INFO - Sync 1 DAGs
[2026-07-02T16:26:38.222+0000] {logging_mixin.py:188} INFO - [2026-07-02T16:26:38.222+0000] {dag.py:3947} INFO - Setting next_dagrun for tutorial_taskflow_api_virtualenv to None, run_after=None
[2026-07-02T16:26:38.258+0000] {processor.py:183} INFO - Processing /usr/local/python/3.12.1/lib/python3.12/site-packages/airflow/example_dags/tutorial_taskflow_api_virtualenv.py took 0.094 seconds
[2026-07-02T16:27:53.505+0000] {processor.py:161} INFO - Started process (PID=128623) to work on /usr/local/python/3.12.1/lib/python3.12/site-packages/airflow/example_dags/tutorial_taskflow_api_virtualenv.py
[2026-07-02T16:27:53.508+0000] {processor.py:830} INFO - Processing file /usr/local/python/3.12.1/lib/python3.12/site-packages/airflow/example_dags/tutorial_taskflow_api_virtualenv.py for tasks to queue
[2026-07-02T16:27:53.512+0000] {logging_mixin.py:188} INFO - [2026-07-02T16:27:53.511+0000] {dagbag.py:545} INFO - Filling up the DagBag from /usr/local/python/3.12.1/lib/python3.12/site-packages/airflow/example_dags/tutorial_taskflow_api_virtualenv.py
[2026-07-02T16:27:53.562+0000] {processor.py:840} INFO - DAG(s) 'tutorial_taskflow_api_virtualenv' retrieved from /usr/local/python/3.12.1/lib/python3.12/site-packages/airflow/example_dags/tutorial_taskflow_api_virtualenv.py
[2026-07-02T16:27:53.628+0000] {logging_mixin.py:188} INFO - [2026-07-02T16:27:53.628+0000] {dag.py:3089} INFO - Sync 1 DAGs
[2026-07-02T16:27:53.668+0000] {logging_mixin.py:188} INFO - [2026-07-02T16:27:53.668+0000] {dag.py:3947} INFO - Setting next_dagrun for tutorial_taskflow_api_virtualenv to None, run_after=None
[2026-07-02T16:27:53.739+0000] {processor.py:183} INFO - Processing /usr/local/python/3.12.1/lib/python3.12/site-packages/airflow/example_dags/tutorial_taskflow_api_virtualenv.py took 0.256 seconds
[2026-07-02T16:28:50.327+0000] {processor.py:161} INFO - Started process (PID=129469) to work on /usr/local/python/3.12.1/lib/python3.12/site-packages/airflow/example_dags/tutorial_taskflow_api_virtualenv.py
[2026-07-02T16:28:50.331+0000] {processor.py:830} INFO - Processing file /usr/local/python/3.12.1/lib/python3.12/site-packages/airflow/example_dags/tutorial_taskflow_api_virtualenv.py for tasks to queue
[2026-07-02T16:28:50.333+0000] {logging_mixin.py:188} INFO - [2026-07-02T16:28:50.333+0000] {dagbag.py:545} INFO - Filling up the DagBag from /usr/local/python/3.12.1/lib/python3.12/site-packages/airflow/example_dags/tutorial_taskflow_api_virtualenv.py
[2026-07-02T16:28:50.427+0000] {processor.py:840} INFO - DAG(s) 'tutorial_taskflow_api_virtualenv' retrieved from /usr/local/python/3.12.1/lib/python3.12/site-packages/airflow/example_dags/tutorial_taskflow_api_virtualenv.py
[2026-07-02T16:28:50.471+0000] {logging_mixin.py:188} INFO - [2026-07-02T16:28:50.471+0000] {dag.py:3089} INFO - Sync 1 DAGs
[2026-07-02T16:28:50.506+0000] {logging_mixin.py:188} INFO - [2026-07-02T16:28:50.506+0000] {dag.py:3947} INFO - Setting next_dagrun for tutorial_taskflow_api_virtualenv to None, run_after=None
[2026-07-02T16:28:50.729+0000] {processor.py:183} INFO - Processing /usr/local/python/3.12.1/lib/python3.12/site-packages/airflow/example_dags/tutorial_taskflow_api_virtualenv.py took 0.409 seconds
[2026-07-02T16:29:51.986+0000] {processor.py:161} INFO - Started process (PID=130135) to work on /usr/local/python/3.12.1/lib/python3.12/site-packages/airflow/example_dags/tutorial_taskflow_api_virtualenv.py
[2026-07-02T16:29:52.051+0000] {processor.py:830} INFO - Processing file /usr/local/python/3.12.1/lib/python3.12/site-packages/airflow/example_dags/tutorial_taskflow_api_virtualenv.py for tasks to queue
[2026-07-02T16:29:52.056+0000] {logging_mixin.py:188} INFO - [2026-07-02T16:29:52.053+0000] {dagbag.py:545} INFO - Filling up the DagBag from /usr/local/python/3.12.1/lib/python3.12/site-packages/airflow/example_dags/tutorial_taskflow_api_virtualenv.py
[2026-07-02T16:29:52.143+0000] {processor.py:840} INFO - DAG(s) 'tutorial_taskflow_api_virtualenv' retrieved from /usr/local/python/3.12.1/lib/python3.12/site-packages/airflow/example_dags/tutorial_taskflow_api_virtualenv.py
[2026-07-02T16:29:52.196+0000] {logging_mixin.py:188} INFO - [2026-07-02T16:29:52.194+0000] {dag.py:3089} INFO - Sync 1 DAGs
[2026-07-02T16:29:52.268+0000] {logging_mixin.py:188} INFO - [2026-07-02T16:29:52.268+0000] {dag.py:3947} INFO - Setting next_dagrun for tutorial_taskflow_api_virtualenv to None, run_after=None
[2026-07-02T16:29:52.408+0000] {processor.py:183} INFO - Processing /usr/local/python/3.12.1/lib/python3.12/site-packages/airflow/example_dags/tutorial_taskflow_api_virtualenv.py took 0.427 seconds
[2026-07-02T16:30:46.984+0000] {processor.py:161} INFO - Started process (PID=130759) to work on /usr/local/python/3.12.1/lib/python3.12/site-packages/airflow/example_dags/tutorial_taskflow_api_virtualenv.py
[2026-07-02T16:30:46.987+0000] {processor.py:830} INFO - Processing file /usr/local/python/3.12.1/lib/python3.12/site-packages/airflow/example_dags/tutorial_taskflow_api_virtualenv.py for tasks to queue
[2026-07-02T16:30:46.993+0000] {logging_mixin.py:188} INFO - [2026-07-02T16:30:46.991+0000] {dagbag.py:545} INFO - Filling up the DagBag from /usr/local/python/3.12.1/lib/python3.12/site-packages/airflow/example_dags/tutorial_taskflow_api_virtualenv.py
[2026-07-02T16:30:47.026+0000] {processor.py:840} INFO - DAG(s) 'tutorial_taskflow_api_virtualenv' retrieved from /usr/local/python/3.12.1/lib/python3.12/site-packages/airflow/example_dags/tutorial_taskflow_api_virtualenv.py
[2026-07-02T16:30:47.055+0000] {logging_mixin.py:188} INFO - [2026-07-02T16:30:47.054+0000] {dag.py:3089} INFO - Sync 1 DAGs
[2026-07-02T16:30:47.082+0000] {logging_mixin.py:188} INFO - [2026-07-02T16:30:47.082+0000] {dag.py:3947} INFO - Setting next_dagrun for tutorial_taskflow_api_virtualenv to None, run_after=None
[2026-07-02T16:30:47.142+0000] {processor.py:183} INFO - Processing /usr/local/python/3.12.1/lib/python3.12/site-packages/airflow/example_dags/tutorial_taskflow_api_virtualenv.py took 0.177 seconds
[2026-07-02T16:31:35.234+0000] {processor.py:161} INFO - Started process (PID=131281) to work on /usr/local/python/3.12.1/lib/python3.12/site-packages/airflow/example_dags/tutorial_taskflow_api_virtualenv.py
[2026-07-02T16:31:35.235+0000] {processor.py:830} INFO - Processing file /usr/local/python/3.12.1/lib/python3.12/site-packages/airflow/example_dags/tutorial_taskflow_api_virtualenv.py for tasks to queue
[2026-07-02T16:31:35.238+0000] {logging_mixin.py:188} INFO - [2026-07-02T16:31:35.237+0000] {dagbag.py:545} INFO - Filling up the DagBag from /usr/local/python/3.12.1/lib/python3.12/site-packages/airflow/example_dags/tutorial_taskflow_api_virtualenv.py
[2026-07-02T16:31:35.250+0000] {processor.py:840} INFO - DAG(s) 'tutorial_taskflow_api_virtualenv' retrieved from /usr/local/python/3.12.1/lib/python3.12/site-packages/airflow/example_dags/tutorial_taskflow_api_virtualenv.py
[2026-07-02T16:31:35.268+0000] {logging_mixin.py:188} INFO - [2026-07-02T16:31:35.268+0000] {dag.py:3089} INFO - Sync 1 DAGs
[2026-07-02T16:31:35.284+0000] {logging_mixin.py:188} INFO - [2026-07-02T16:31:35.284+0000] {dag.py:3947} INFO - Setting next_dagrun for tutorial_taskflow_api_virtualenv to None, run_after=None
[2026-07-02T16:31:35.329+0000] {processor.py:183} INFO - Processing /usr/local/python/3.12.1/lib/python3.12/site-packages/airflow/example_dags/tutorial_taskflow_api_virtualenv.py took 0.102 seconds
[2026-07-02T16:32:25.658+0000] {processor.py:161} INFO - Started process (PID=133020) to work on /usr/local/python/3.12.1/lib/python3.12/site-packages/airflow/example_dags/tutorial_taskflow_api_virtualenv.py
[2026-07-02T16:32:25.659+0000] {processor.py:830} INFO - Processing file /usr/local/python/3.12.1/lib/python3.12/site-packages/airflow/example_dags/tutorial_taskflow_api_virtualenv.py for tasks to queue
[2026-07-02T16:32:25.661+0000] {logging_mixin.py:188} INFO - [2026-07-02T16:32:25.660+0000] {dagbag.py:545} INFO - Filling up the DagBag from /usr/local/python/3.12.1/lib/python3.12/site-packages/airflow/example_dags/tutorial_taskflow_api_virtualenv.py
[2026-07-02T16:32:25.670+0000] {processor.py:840} INFO - DAG(s) 'tutorial_taskflow_api_virtualenv' retrieved from /usr/local/python/3.12.1/lib/python3.12/site-packages/airflow/example_dags/tutorial_taskflow_api_virtualenv.py
[2026-07-02T16:32:25.689+0000] {logging_mixin.py:188} INFO - [2026-07-02T16:32:25.689+0000] {dag.py:3089} INFO - Sync 1 DAGs
[2026-07-02T16:32:25.704+0000] {logging_mixin.py:188} INFO - [2026-07-02T16:32:25.703+0000] {dag.py:3947} INFO - Setting next_dagrun for tutorial_taskflow_api_virtualenv to None, run_after=None
[2026-07-02T16:32:25.722+0000] {processor.py:183} INFO - Processing /usr/local/python/3.12.1/lib/python3.12/site-packages/airflow/example_dags/tutorial_taskflow_api_virtualenv.py took 0.068 seconds
[2026-07-02T16:33:15.842+0000] {processor.py:161} INFO - Started process (PID=133551) to work on /usr/local/python/3.12.1/lib/python3.12/site-packages/airflow/example_dags/tutorial_taskflow_api_virtualenv.py
[2026-07-02T16:33:15.843+0000] {processor.py:830} INFO - Processing file /usr/local/python/3.12.1/lib/python3.12/site-packages/airflow/example_dags/tutorial_taskflow_api_virtualenv.py for tasks to queue
[2026-07-02T16:33:15.845+0000] {logging_mixin.py:188} INFO - [2026-07-02T16:33:15.844+0000] {dagbag.py:545} INFO - Filling up the DagBag from /usr/local/python/3.12.1/lib/python3.12/site-packages/airflow/example_dags/tutorial_taskflow_api_virtualenv.py
[2026-07-02T16:33:15.853+0000] {processor.py:840} INFO - DAG(s) 'tutorial_taskflow_api_virtualenv' retrieved from /usr/local/python/3.12.1/lib/python3.12/site-packages/airflow/example_dags/tutorial_taskflow_api_virtualenv.py
[2026-07-02T16:33:15.867+0000] {logging_mixin.py:188} INFO - [2026-07-02T16:33:15.867+0000] {dag.py:3089} INFO - Sync 1 DAGs
[2026-07-02T16:33:15.877+0000] {logging_mixin.py:188} INFO - [2026-07-02T16:33:15.877+0000] {dag.py:3947} INFO - Setting next_dagrun for tutorial_taskflow_api_virtualenv to None, run_after=None
[2026-07-02T16:33:15.898+0000] {processor.py:183} INFO - Processing /usr/local/python/3.12.1/lib/python3.12/site-packages/airflow/example_dags/tutorial_taskflow_api_virtualenv.py took 0.060 seconds
[2026-07-02T16:34:04.428+0000] {processor.py:161} INFO - Started process (PID=134178) to work on /usr/local/python/3.12.1/lib/python3.12/site-packages/airflow/example_dags/tutorial_taskflow_api_virtualenv.py
[2026-07-02T16:34:04.429+0000] {processor.py:830} INFO - Processing file /usr/local/python/3.12.1/lib/python3.12/site-packages/airflow/example_dags/tutorial_taskflow_api_virtualenv.py for tasks to queue
[2026-07-02T16:34:04.431+0000] {logging_mixin.py:188} INFO - [2026-07-02T16:34:04.430+0000] {dagbag.py:545} INFO - Filling up the DagBag from /usr/local/python/3.12.1/lib/python3.12/site-packages/airflow/example_dags/tutorial_taskflow_api_virtualenv.py
[2026-07-02T16:34:04.448+0000] {processor.py:840} INFO - DAG(s) 'tutorial_taskflow_api_virtualenv' retrieved from /usr/local/python/3.12.1/lib/python3.12/site-packages/airflow/example_dags/tutorial_taskflow_api_virtualenv.py
[2026-07-02T16:34:04.467+0000] {logging_mixin.py:188} INFO - [2026-07-02T16:34:04.467+0000] {dag.py:3089} INFO - Sync 1 DAGs
[2026-07-02T16:34:04.480+0000] {logging_mixin.py:188} INFO - [2026-07-02T16:34:04.480+0000] {dag.py:3947} INFO - Setting next_dagrun for tutorial_taskflow_api_virtualenv to None, run_after=None
[2026-07-02T16:34:04.521+0000] {processor.py:183} INFO - Processing /usr/local/python/3.12.1/lib/python3.12/site-packages/airflow/example_dags/tutorial_taskflow_api_virtualenv.py took 0.097 seconds
[2026-07-02T16:34:54.722+0000] {processor.py:161} INFO - Started process (PID=134825) to work on /usr/local/python/3.12.1/lib/python3.12/site-packages/airflow/example_dags/tutorial_taskflow_api_virtualenv.py
[2026-07-02T16:34:54.726+0000] {processor.py:830} INFO - Processing file /usr/local/python/3.12.1/lib/python3.12/site-packages/airflow/example_dags/tutorial_taskflow_api_virtualenv.py for tasks to queue
[2026-07-02T16:34:54.728+0000] {logging_mixin.py:188} INFO - [2026-07-02T16:34:54.728+0000] {dagbag.py:545} INFO - Filling up the DagBag from /usr/local/python/3.12.1/lib/python3.12/site-packages/airflow/example_dags/tutorial_taskflow_api_virtualenv.py
[2026-07-02T16:34:54.737+0000] {processor.py:840} INFO - DAG(s) 'tutorial_taskflow_api_virtualenv' retrieved from /usr/local/python/3.12.1/lib/python3.12/site-packages/airflow/example_dags/tutorial_taskflow_api_virtualenv.py
[2026-07-02T16:34:54.754+0000] {logging_mixin.py:188} INFO - [2026-07-02T16:34:54.754+0000] {dag.py:3089} INFO - Sync 1 DAGs
[2026-07-02T16:34:54.769+0000] {logging_mixin.py:188} INFO - [2026-07-02T16:34:54.768+0000] {dag.py:3947} INFO - Setting next_dagrun for tutorial_taskflow_api_virtualenv to None, run_after=None
[2026-07-02T16:34:54.793+0000] {processor.py:183} INFO - Processing /usr/local/python/3.12.1/lib/python3.12/site-packages/airflow/example_dags/tutorial_taskflow_api_virtualenv.py took 0.076 seconds
[2026-07-02T16:35:50.293+0000] {processor.py:161} INFO - Started process (PID=136285) to work on /usr/local/python/3.12.1/lib/python3.12/site-packages/airflow/example_dags/tutorial_taskflow_api_virtualenv.py
[2026-07-02T16:35:50.297+0000] {processor.py:830} INFO - Processing file /usr/local/python/3.12.1/lib/python3.12/site-packages/airflow/example_dags/tutorial_taskflow_api_virtualenv.py for tasks to queue
[2026-07-02T16:35:50.299+0000] {logging_mixin.py:188} INFO - [2026-07-02T16:35:50.299+0000] {dagbag.py:545} INFO - Filling up the DagBag from /usr/local/python/3.12.1/lib/python3.12/site-packages/airflow/example_dags/tutorial_taskflow_api_virtualenv.py
[2026-07-02T16:35:50.310+0000] {processor.py:840} INFO - DAG(s) 'tutorial_taskflow_api_virtualenv' retrieved from /usr/local/python/3.12.1/lib/python3.12/site-packages/airflow/example_dags/tutorial_taskflow_api_virtualenv.py
[2026-07-02T16:35:50.324+0000] {logging_mixin.py:188} INFO - [2026-07-02T16:35:50.323+0000] {dag.py:3089} INFO - Sync 1 DAGs
[2026-07-02T16:35:50.332+0000] {logging_mixin.py:188} INFO - [2026-07-02T16:35:50.332+0000] {dag.py:3947} INFO - Setting next_dagrun for tutorial_taskflow_api_virtualenv to None, run_after=None
[2026-07-02T16:35:50.350+0000] {processor.py:183} INFO - Processing /usr/local/python/3.12.1/lib/python3.12/site-packages/airflow/example_dags/tutorial_taskflow_api_virtualenv.py took 0.063 seconds
[2026-07-02T16:36:40.862+0000] {processor.py:161} INFO - Started process (PID=136943) to work on /usr/local/python/3.12.1/lib/python3.12/site-packages/airflow/example_dags/tutorial_taskflow_api_virtualenv.py
[2026-07-02T16:36:40.863+0000] {processor.py:830} INFO - Processing file /usr/local/python/3.12.1/lib/python3.12/site-packages/airflow/example_dags/tutorial_taskflow_api_virtualenv.py for tasks to queue
[2026-07-02T16:36:40.864+0000] {logging_mixin.py:188} INFO - [2026-07-02T16:36:40.864+0000] {dagbag.py:545} INFO - Filling up the DagBag from /usr/local/python/3.12.1/lib/python3.12/site-packages/airflow/example_dags/tutorial_taskflow_api_virtualenv.py
[2026-07-02T16:36:40.872+0000] {processor.py:840} INFO - DAG(s) 'tutorial_taskflow_api_virtualenv' retrieved from /usr/local/python/3.12.1/lib/python3.12/site-packages/airflow/example_dags/tutorial_taskflow_api_virtualenv.py
[2026-07-02T16:36:40.886+0000] {logging_mixin.py:188} INFO - [2026-07-02T16:36:40.886+0000] {dag.py:3089} INFO - Sync 1 DAGs
[2026-07-02T16:36:40.896+0000] {logging_mixin.py:188} INFO - [2026-07-02T16:36:40.895+0000] {dag.py:3947} INFO - Setting next_dagrun for tutorial_taskflow_api_virtualenv to None, run_after=None
[2026-07-02T16:36:40.918+0000] {processor.py:183} INFO - Processing /usr/local/python/3.12.1/lib/python3.12/site-packages/airflow/example_dags/tutorial_taskflow_api_virtualenv.py took 0.060 seconds
[2026-07-02T16:37:28.782+0000] {processor.py:161} INFO - Started process (PID=138280) to work on /usr/local/python/3.12.1/lib/python3.12/site-packages/airflow/example_dags/tutorial_taskflow_api_virtualenv.py
[2026-07-02T16:37:28.783+0000] {processor.py:830} INFO - Processing file /usr/local/python/3.12.1/lib/python3.12/site-packages/airflow/example_dags/tutorial_taskflow_api_virtualenv.py for tasks to queue
[2026-07-02T16:37:28.785+0000] {logging_mixin.py:188} INFO - [2026-07-02T16:37:28.785+0000] {dagbag.py:545} INFO - Filling up the DagBag from /usr/local/python/3.12.1/lib/python3.12/site-packages/airflow/example_dags/tutorial_taskflow_api_virtualenv.py
[2026-07-02T16:37:28.824+0000] {processor.py:840} INFO - DAG(s) 'tutorial_taskflow_api_virtualenv' retrieved from /usr/local/python/3.12.1/lib/python3.12/site-packages/airflow/example_dags/tutorial_taskflow_api_virtualenv.py
[2026-07-02T16:37:28.857+0000] {logging_mixin.py:188} INFO - [2026-07-02T16:37:28.856+0000] {dag.py:3089} INFO - Sync 1 DAGs
[2026-07-02T16:37:28.871+0000] {logging_mixin.py:188} INFO - [2026-07-02T16:37:28.871+0000] {dag.py:3947} INFO - Setting next_dagrun for tutorial_taskflow_api_virtualenv to None, run_after=None
[2026-07-02T16:37:28.907+0000] {processor.py:183} INFO - Processing /usr/local/python/3.12.1/lib/python3.12/site-packages/airflow/example_dags/tutorial_taskflow_api_virtualenv.py took 0.134 seconds
[2026-07-02T16:38:11.282+0000] {processor.py:161} INFO - Started process (PID=139202) to work on /usr/local/python/3.12.1/lib/python3.12/site-packages/airflow/example_dags/tutorial_taskflow_api_virtualenv.py
[2026-07-02T16:38:11.284+0000] {processor.py:830} INFO - Processing file /usr/local/python/3.12.1/lib/python3.12/site-packages/airflow/example_dags/tutorial_taskflow_api_virtualenv.py for tasks to queue
[2026-07-02T16:38:11.287+0000] {logging_mixin.py:188} INFO - [2026-07-02T16:38:11.286+0000] {dagbag.py:545} INFO - Filling up the DagBag from /usr/local/python/3.12.1/lib/python3.12/site-packages/airflow/example_dags/tutorial_taskflow_api_virtualenv.py
[2026-07-02T16:38:11.322+0000] {processor.py:840} INFO - DAG(s) 'tutorial_taskflow_api_virtualenv' retrieved from /usr/local/python/3.12.1/lib/python3.12/site-packages/airflow/example_dags/tutorial_taskflow_api_virtualenv.py
[2026-07-02T16:38:11.362+0000] {logging_mixin.py:188} INFO - [2026-07-02T16:38:11.361+0000] {dag.py:3089} INFO - Sync 1 DAGs
[2026-07-02T16:38:11.386+0000] {logging_mixin.py:188} INFO - [2026-07-02T16:38:11.386+0000] {dag.py:3947} INFO - Setting next_dagrun for tutorial_taskflow_api_virtualenv to None, run_after=None
[2026-07-02T16:38:11.439+0000] {processor.py:183} INFO - Processing /usr/local/python/3.12.1/lib/python3.12/site-packages/airflow/example_dags/tutorial_taskflow_api_virtualenv.py took 0.163 seconds
[2026-07-02T16:38:57.131+0000] {processor.py:161} INFO - Started process (PID=139841) to work on /usr/local/python/3.12.1/lib/python3.12/site-packages/airflow/example_dags/tutorial_taskflow_api_virtualenv.py
[2026-07-02T16:38:57.132+0000] {processor.py:830} INFO - Processing file /usr/local/python/3.12.1/lib/python3.12/site-packages/airflow/example_dags/tutorial_taskflow_api_virtualenv.py for tasks to queue
[2026-07-02T16:38:57.134+0000] {logging_mixin.py:188} INFO - [2026-07-02T16:38:57.133+0000] {dagbag.py:545} INFO - Filling up the DagBag from /usr/local/python/3.12.1/lib/python3.12/site-packages/airflow/example_dags/tutorial_taskflow_api_virtualenv.py
[2026-07-02T16:38:57.142+0000] {processor.py:840} INFO - DAG(s) 'tutorial_taskflow_api_virtualenv' retrieved from /usr/local/python/3.12.1/lib/python3.12/site-packages/airflow/example_dags/tutorial_taskflow_api_virtualenv.py
[2026-07-02T16:38:57.155+0000] {logging_mixin.py:188} INFO - [2026-07-02T16:38:57.154+0000] {dag.py:3089} INFO - Sync 1 DAGs
[2026-07-02T16:38:57.164+0000] {logging_mixin.py:188} INFO - [2026-07-02T16:38:57.163+0000] {dag.py:3947} INFO - Setting next_dagrun for tutorial_taskflow_api_virtualenv to None, run_after=None
[2026-07-02T16:38:57.181+0000] {processor.py:183} INFO - Processing /usr/local/python/3.12.1/lib/python3.12/site-packages/airflow/example_dags/tutorial_taskflow_api_virtualenv.py took 0.054 seconds
[2026-07-02T16:39:43.009+0000] {processor.py:161} INFO - Started process (PID=140463) to work on /usr/local/python/3.12.1/lib/python3.12/site-packages/airflow/example_dags/tutorial_taskflow_api_virtualenv.py
[2026-07-02T16:39:43.011+0000] {processor.py:830} INFO - Processing file /usr/local/python/3.12.1/lib/python3.12/site-packages/airflow/example_dags/tutorial_taskflow_api_virtualenv.py for tasks to queue
[2026-07-02T16:39:43.017+0000] {logging_mixin.py:188} INFO - [2026-07-02T16:39:43.015+0000] {dagbag.py:545} INFO - Filling up the DagBag from /usr/local/python/3.12.1/lib/python3.12/site-packages/airflow/example_dags/tutorial_taskflow_api_virtualenv.py
[2026-07-02T16:39:43.049+0000] {processor.py:840} INFO - DAG(s) 'tutorial_taskflow_api_virtualenv' retrieved from /usr/local/python/3.12.1/lib/python3.12/site-packages/airflow/example_dags/tutorial_taskflow_api_virtualenv.py
[2026-07-02T16:39:43.093+0000] {logging_mixin.py:188} INFO - [2026-07-02T16:39:43.092+0000] {dag.py:3089} INFO - Sync 1 DAGs
[2026-07-02T16:39:43.107+0000] {logging_mixin.py:188} INFO - [2026-07-02T16:39:43.106+0000] {dag.py:3947} INFO - Setting next_dagrun for tutorial_taskflow_api_virtualenv to None, run_after=None
[2026-07-02T16:39:43.142+0000] {processor.py:183} INFO - Processing /usr/local/python/3.12.1/lib/python3.12/site-packages/airflow/example_dags/tutorial_taskflow_api_virtualenv.py took 0.161 seconds
[2026-07-02T16:40:32.221+0000] {processor.py:161} INFO - Started process (PID=141218) to work on /usr/local/python/3.12.1/lib/python3.12/site-packages/airflow/example_dags/tutorial_taskflow_api_virtualenv.py
[2026-07-02T16:40:32.224+0000] {processor.py:830} INFO - Processing file /usr/local/python/3.12.1/lib/python3.12/site-packages/airflow/example_dags/tutorial_taskflow_api_virtualenv.py for tasks to queue
[2026-07-02T16:40:32.226+0000] {logging_mixin.py:188} INFO - [2026-07-02T16:40:32.225+0000] {dagbag.py:545} INFO - Filling up the DagBag from /usr/local/python/3.12.1/lib/python3.12/site-packages/airflow/example_dags/tutorial_taskflow_api_virtualenv.py
[2026-07-02T16:40:32.238+0000] {processor.py:840} INFO - DAG(s) 'tutorial_taskflow_api_virtualenv' retrieved from /usr/local/python/3.12.1/lib/python3.12/site-packages/airflow/example_dags/tutorial_taskflow_api_virtualenv.py
[2026-07-02T16:40:32.260+0000] {logging_mixin.py:188} INFO - [2026-07-02T16:40:32.260+0000] {dag.py:3089} INFO - Sync 1 DAGs
[2026-07-02T16:40:32.273+0000] {logging_mixin.py:188} INFO - [2026-07-02T16:40:32.273+0000] {dag.py:3947} INFO - Setting next_dagrun for tutorial_taskflow_api_virtualenv to None, run_after=None
[2026-07-02T16:40:32.335+0000] {processor.py:183} INFO - Processing /usr/local/python/3.12.1/lib/python3.12/site-packages/airflow/example_dags/tutorial_taskflow_api_virtualenv.py took 0.120 seconds
[2026-07-02T16:41:28.092+0000] {processor.py:161} INFO - Started process (PID=142078) to work on /usr/local/python/3.12.1/lib/python3.12/site-packages/airflow/example_dags/tutorial_taskflow_api_virtualenv.py
[2026-07-02T16:41:28.095+0000] {processor.py:830} INFO - Processing file /usr/local/python/3.12.1/lib/python3.12/site-packages/airflow/example_dags/tutorial_taskflow_api_virtualenv.py for tasks to queue
[2026-07-02T16:41:28.099+0000] {logging_mixin.py:188} INFO - [2026-07-02T16:41:28.098+0000] {dagbag.py:545} INFO - Filling up the DagBag from /usr/local/python/3.12.1/lib/python3.12/site-packages/airflow/example_dags/tutorial_taskflow_api_virtualenv.py
[2026-07-02T16:41:28.136+0000] {processor.py:840} INFO - DAG(s) 'tutorial_taskflow_api_virtualenv' retrieved from /usr/local/python/3.12.1/lib/python3.12/site-packages/airflow/example_dags/tutorial_taskflow_api_virtualenv.py
[2026-07-02T16:41:28.177+0000] {logging_mixin.py:188} INFO - [2026-07-02T16:41:28.177+0000] {dag.py:3089} INFO - Sync 1 DAGs
[2026-07-02T16:41:28.204+0000] {logging_mixin.py:188} INFO - [2026-07-02T16:41:28.203+0000] {dag.py:3947} INFO - Setting next_dagrun for tutorial_taskflow_api_virtualenv to None, run_after=None
[2026-07-02T16:41:28.372+0000] {processor.py:183} INFO - Processing /usr/local/python/3.12.1/lib/python3.12/site-packages/airflow/example_dags/tutorial_taskflow_api_virtualenv.py took 0.295 seconds
[2026-07-02T16:42:35.284+0000] {processor.py:161} INFO - Started process (PID=143061) to work on /usr/local/python/3.12.1/lib/python3.12/site-packages/airflow/example_dags/tutorial_taskflow_api_virtualenv.py
[2026-07-02T16:42:35.383+0000] {processor.py:830} INFO - Processing file /usr/local/python/3.12.1/lib/python3.12/site-packages/airflow/example_dags/tutorial_taskflow_api_virtualenv.py for tasks to queue
[2026-07-02T16:42:35.387+0000] {logging_mixin.py:188} INFO - [2026-07-02T16:42:35.385+0000] {dagbag.py:545} INFO - Filling up the DagBag from /usr/local/python/3.12.1/lib/python3.12/site-packages/airflow/example_dags/tutorial_taskflow_api_virtualenv.py
[2026-07-02T16:42:35.408+0000] {processor.py:840} INFO - DAG(s) 'tutorial_taskflow_api_virtualenv' retrieved from /usr/local/python/3.12.1/lib/python3.12/site-packages/airflow/example_dags/tutorial_taskflow_api_virtualenv.py
[2026-07-02T16:42:35.475+0000] {logging_mixin.py:188} INFO - [2026-07-02T16:42:35.475+0000] {dag.py:3089} INFO - Sync 1 DAGs
[2026-07-02T16:42:35.529+0000] {logging_mixin.py:188} INFO - [2026-07-02T16:42:35.528+0000] {dag.py:3947} INFO - Setting next_dagrun for tutorial_taskflow_api_virtualenv to None, run_after=None
[2026-07-02T16:42:35.699+0000] {processor.py:183} INFO - Processing /usr/local/python/3.12.1/lib/python3.12/site-packages/airflow/example_dags/tutorial_taskflow_api_virtualenv.py took 0.438 seconds
[2026-07-02T16:43:41.212+0000] {processor.py:161} INFO - Started process (PID=144100) to work on /usr/local/python/3.12.1/lib/python3.12/site-packages/airflow/example_dags/tutorial_taskflow_api_virtualenv.py
[2026-07-02T16:43:41.215+0000] {processor.py:830} INFO - Processing file /usr/local/python/3.12.1/lib/python3.12/site-packages/airflow/example_dags/tutorial_taskflow_api_virtualenv.py for tasks to queue
[2026-07-02T16:43:41.217+0000] {logging_mixin.py:188} INFO - [2026-07-02T16:43:41.216+0000] {dagbag.py:545} INFO - Filling up the DagBag from /usr/local/python/3.12.1/lib/python3.12/site-packages/airflow/example_dags/tutorial_taskflow_api_virtualenv.py
[2026-07-02T16:43:41.225+0000] {processor.py:840} INFO - DAG(s) 'tutorial_taskflow_api_virtualenv' retrieved from /usr/local/python/3.12.1/lib/python3.12/site-packages/airflow/example_dags/tutorial_taskflow_api_virtualenv.py
[2026-07-02T16:43:41.238+0000] {logging_mixin.py:188} INFO - [2026-07-02T16:43:41.238+0000] {dag.py:3089} INFO - Sync 1 DAGs
[2026-07-02T16:43:41.247+0000] {logging_mixin.py:188} INFO - [2026-07-02T16:43:41.247+0000] {dag.py:3947} INFO - Setting next_dagrun for tutorial_taskflow_api_virtualenv to None, run_after=None
[2026-07-02T16:43:41.263+0000] {processor.py:183} INFO - Processing /usr/local/python/3.12.1/lib/python3.12/site-packages/airflow/example_dags/tutorial_taskflow_api_virtualenv.py took 0.056 seconds
[2026-07-02T16:44:44.297+0000] {processor.py:161} INFO - Started process (PID=146353) to work on /usr/local/python/3.12.1/lib/python3.12/site-packages/airflow/example_dags/tutorial_taskflow_api_virtualenv.py
[2026-07-02T16:44:44.301+0000] {processor.py:830} INFO - Processing file /usr/local/python/3.12.1/lib/python3.12/site-packages/airflow/example_dags/tutorial_taskflow_api_virtualenv.py for tasks to queue
[2026-07-02T16:44:44.304+0000] {logging_mixin.py:188} INFO - [2026-07-02T16:44:44.303+0000] {dagbag.py:545} INFO - Filling up the DagBag from /usr/local/python/3.12.1/lib/python3.12/site-packages/airflow/example_dags/tutorial_taskflow_api_virtualenv.py
[2026-07-02T16:44:44.326+0000] {processor.py:840} INFO - DAG(s) 'tutorial_taskflow_api_virtualenv' retrieved from /usr/local/python/3.12.1/lib/python3.12/site-packages/airflow/example_dags/tutorial_taskflow_api_virtualenv.py
[2026-07-02T16:44:44.345+0000] {logging_mixin.py:188} INFO - [2026-07-02T16:44:44.345+0000] {dag.py:3089} INFO - Sync 1 DAGs
[2026-07-02T16:44:44.366+0000] {logging_mixin.py:188} INFO - [2026-07-02T16:44:44.365+0000] {dag.py:3947} INFO - Setting next_dagrun for tutorial_taskflow_api_virtualenv to None, run_after=None
[2026-07-02T16:44:44.401+0000] {processor.py:183} INFO - Processing /usr/local/python/3.12.1/lib/python3.12/site-packages/airflow/example_dags/tutorial_taskflow_api_virtualenv.py took 0.117 seconds
[2026-07-02T16:45:54.096+0000] {processor.py:161} INFO - Started process (PID=148862) to work on /usr/local/python/3.12.1/lib/python3.12/site-packages/airflow/example_dags/tutorial_taskflow_api_virtualenv.py
[2026-07-02T16:45:54.101+0000] {processor.py:830} INFO - Processing file /usr/local/python/3.12.1/lib/python3.12/site-packages/airflow/example_dags/tutorial_taskflow_api_virtualenv.py for tasks to queue
[2026-07-02T16:45:54.103+0000] {logging_mixin.py:188} INFO - [2026-07-02T16:45:54.103+0000] {dagbag.py:545} INFO - Filling up the DagBag from /usr/local/python/3.12.1/lib/python3.12/site-packages/airflow/example_dags/tutorial_taskflow_api_virtualenv.py
[2026-07-02T16:45:54.155+0000] {processor.py:840} INFO - DAG(s) 'tutorial_taskflow_api_virtualenv' retrieved from /usr/local/python/3.12.1/lib/python3.12/site-packages/airflow/example_dags/tutorial_taskflow_api_virtualenv.py
[2026-07-02T16:45:54.181+0000] {logging_mixin.py:188} INFO - [2026-07-02T16:45:54.181+0000] {dag.py:3089} INFO - Sync 1 DAGs
[2026-07-02T16:45:54.197+0000] {logging_mixin.py:188} INFO - [2026-07-02T16:45:54.197+0000] {dag.py:3947} INFO - Setting next_dagrun for tutorial_taskflow_api_virtualenv to None, run_after=None
[2026-07-02T16:45:54.235+0000] {processor.py:183} INFO - Processing /usr/local/python/3.12.1/lib/python3.12/site-packages/airflow/example_dags/tutorial_taskflow_api_virtualenv.py took 0.159 seconds
[2026-07-02T16:46:49.413+0000] {processor.py:161} INFO - Started process (PID=150930) to work on /usr/local/python/3.12.1/lib/python3.12/site-packages/airflow/example_dags/tutorial_taskflow_api_virtualenv.py
[2026-07-02T16:46:49.415+0000] {processor.py:830} INFO - Processing file /usr/local/python/3.12.1/lib/python3.12/site-packages/airflow/example_dags/tutorial_taskflow_api_virtualenv.py for tasks to queue
[2026-07-02T16:46:49.417+0000] {logging_mixin.py:188} INFO - [2026-07-02T16:46:49.416+0000] {dagbag.py:545} INFO - Filling up the DagBag from /usr/local/python/3.12.1/lib/python3.12/site-packages/airflow/example_dags/tutorial_taskflow_api_virtualenv.py
[2026-07-02T16:46:49.457+0000] {processor.py:840} INFO - DAG(s) 'tutorial_taskflow_api_virtualenv' retrieved from /usr/local/python/3.12.1/lib/python3.12/site-packages/airflow/example_dags/tutorial_taskflow_api_virtualenv.py
[2026-07-02T16:46:49.470+0000] {logging_mixin.py:188} INFO - [2026-07-02T16:46:49.470+0000] {dag.py:3089} INFO - Sync 1 DAGs
[2026-07-02T16:46:49.487+0000] {logging_mixin.py:188} INFO - [2026-07-02T16:46:49.486+0000] {dag.py:3947} INFO - Setting next_dagrun for tutorial_taskflow_api_virtualenv to None, run_after=None
[2026-07-02T16:46:49.509+0000] {processor.py:183} INFO - Processing /usr/local/python/3.12.1/lib/python3.12/site-packages/airflow/example_dags/tutorial_taskflow_api_virtualenv.py took 0.100 seconds
[2026-07-02T16:47:47.826+0000] {processor.py:161} INFO - Started process (PID=152070) to work on /usr/local/python/3.12.1/lib/python3.12/site-packages/airflow/example_dags/tutorial_taskflow_api_virtualenv.py
[2026-07-02T16:47:47.827+0000] {processor.py:830} INFO - Processing file /usr/local/python/3.12.1/lib/python3.12/site-packages/airflow/example_dags/tutorial_taskflow_api_virtualenv.py for tasks to queue
[2026-07-02T16:47:47.829+0000] {logging_mixin.py:188} INFO - [2026-07-02T16:47:47.828+0000] {dagbag.py:545} INFO - Filling up the DagBag from /usr/local/python/3.12.1/lib/python3.12/site-packages/airflow/example_dags/tutorial_taskflow_api_virtualenv.py
[2026-07-02T16:47:47.837+0000] {processor.py:840} INFO - DAG(s) 'tutorial_taskflow_api_virtualenv' retrieved from /usr/local/python/3.12.1/lib/python3.12/site-packages/airflow/example_dags/tutorial_taskflow_api_virtualenv.py
[2026-07-02T16:47:47.849+0000] {logging_mixin.py:188} INFO - [2026-07-02T16:47:47.849+0000] {dag.py:3089} INFO - Sync 1 DAGs
[2026-07-02T16:47:47.858+0000] {logging_mixin.py:188} INFO - [2026-07-02T16:47:47.858+0000] {dag.py:3947} INFO - Setting next_dagrun for tutorial_taskflow_api_virtualenv to None, run_after=None
[2026-07-02T16:47:47.875+0000] {processor.py:183} INFO - Processing /usr/local/python/3.12.1/lib/python3.12/site-packages/airflow/example_dags/tutorial_taskflow_api_virtualenv.py took 0.053 seconds
[2026-07-02T16:48:40.465+0000] {processor.py:161} INFO - Started process (PID=153132) to work on /usr/local/python/3.12.1/lib/python3.12/site-packages/airflow/example_dags/tutorial_taskflow_api_virtualenv.py
[2026-07-02T16:48:40.466+0000] {processor.py:830} INFO - Processing file /usr/local/python/3.12.1/lib/python3.12/site-packages/airflow/example_dags/tutorial_taskflow_api_virtualenv.py for tasks to queue
[2026-07-02T16:48:40.467+0000] {logging_mixin.py:188} INFO - [2026-07-02T16:48:40.467+0000] {dagbag.py:545} INFO - Filling up the DagBag from /usr/local/python/3.12.1/lib/python3.12/site-packages/airflow/example_dags/tutorial_taskflow_api_virtualenv.py
[2026-07-02T16:48:40.477+0000] {processor.py:840} INFO - DAG(s) 'tutorial_taskflow_api_virtualenv' retrieved from /usr/local/python/3.12.1/lib/python3.12/site-packages/airflow/example_dags/tutorial_taskflow_api_virtualenv.py
[2026-07-02T16:48:40.489+0000] {logging_mixin.py:188} INFO - [2026-07-02T16:48:40.489+0000] {dag.py:3089} INFO - Sync 1 DAGs
[2026-07-02T16:48:40.500+0000] {logging_mixin.py:188} INFO - [2026-07-02T16:48:40.500+0000] {dag.py:3947} INFO - Setting next_dagrun for tutorial_taskflow_api_virtualenv to None, run_after=None
[2026-07-02T16:48:40.523+0000] {processor.py:183} INFO - Processing /usr/local/python/3.12.1/lib/python3.12/site-packages/airflow/example_dags/tutorial_taskflow_api_virtualenv.py took 0.063 seconds
[2026-07-02T16:49:26.930+0000] {processor.py:161} INFO - Started process (PID=153810) to work on /usr/local/python/3.12.1/lib/python3.12/site-packages/airflow/example_dags/tutorial_taskflow_api_virtualenv.py
[2026-07-02T16:49:26.932+0000] {processor.py:830} INFO - Processing file /usr/local/python/3.12.1/lib/python3.12/site-packages/airflow/example_dags/tutorial_taskflow_api_virtualenv.py for tasks to queue
[2026-07-02T16:49:26.933+0000] {logging_mixin.py:188} INFO - [2026-07-02T16:49:26.933+0000] {dagbag.py:545} INFO - Filling up the DagBag from /usr/local/python/3.12.1/lib/python3.12/site-packages/airflow/example_dags/tutorial_taskflow_api_virtualenv.py
[2026-07-02T16:49:26.942+0000] {processor.py:840} INFO - DAG(s) 'tutorial_taskflow_api_virtualenv' retrieved from /usr/local/python/3.12.1/lib/python3.12/site-packages/airflow/example_dags/tutorial_taskflow_api_virtualenv.py
[2026-07-02T16:49:26.954+0000] {logging_mixin.py:188} INFO - [2026-07-02T16:49:26.954+0000] {dag.py:3089} INFO - Sync 1 DAGs
[2026-07-02T16:49:26.963+0000] {logging_mixin.py:188} INFO - [2026-07-02T16:49:26.963+0000] {dag.py:3947} INFO - Setting next_dagrun for tutorial_taskflow_api_virtualenv to None, run_after=None
[2026-07-02T16:49:26.983+0000] {processor.py:183} INFO - Processing /usr/local/python/3.12.1/lib/python3.12/site-packages/airflow/example_dags/tutorial_taskflow_api_virtualenv.py took 0.062 seconds
[2026-07-02T16:50:13.452+0000] {processor.py:161} INFO - Started process (PID=154423) to work on /usr/local/python/3.12.1/lib/python3.12/site-packages/airflow/example_dags/tutorial_taskflow_api_virtualenv.py
[2026-07-02T16:50:13.453+0000] {processor.py:830} INFO - Processing file /usr/local/python/3.12.1/lib/python3.12/site-packages/airflow/example_dags/tutorial_taskflow_api_virtualenv.py for tasks to queue
[2026-07-02T16:50:13.455+0000] {logging_mixin.py:188} INFO - [2026-07-02T16:50:13.455+0000] {dagbag.py:545} INFO - Filling up the DagBag from /usr/local/python/3.12.1/lib/python3.12/site-packages/airflow/example_dags/tutorial_taskflow_api_virtualenv.py
[2026-07-02T16:50:13.464+0000] {processor.py:840} INFO - DAG(s) 'tutorial_taskflow_api_virtualenv' retrieved from /usr/local/python/3.12.1/lib/python3.12/site-packages/airflow/example_dags/tutorial_taskflow_api_virtualenv.py
[2026-07-02T16:50:13.476+0000] {logging_mixin.py:188} INFO - [2026-07-02T16:50:13.476+0000] {dag.py:3089} INFO - Sync 1 DAGs
[2026-07-02T16:50:13.489+0000] {logging_mixin.py:188} INFO - [2026-07-02T16:50:13.489+0000] {dag.py:3947} INFO - Setting next_dagrun for tutorial_taskflow_api_virtualenv to None, run_after=None
[2026-07-02T16:50:13.508+0000] {processor.py:183} INFO - Processing /usr/local/python/3.12.1/lib/python3.12/site-packages/airflow/example_dags/tutorial_taskflow_api_virtualenv.py took 0.060 seconds
[2026-07-02T16:50:59.239+0000] {processor.py:161} INFO - Started process (PID=154993) to work on /usr/local/python/3.12.1/lib/python3.12/site-packages/airflow/example_dags/tutorial_taskflow_api_virtualenv.py
[2026-07-02T16:50:59.240+0000] {processor.py:830} INFO - Processing file /usr/local/python/3.12.1/lib/python3.12/site-packages/airflow/example_dags/tutorial_taskflow_api_virtualenv.py for tasks to queue
[2026-07-02T16:50:59.241+0000] {logging_mixin.py:188} INFO - [2026-07-02T16:50:59.241+0000] {dagbag.py:545} INFO - Filling up the DagBag from /usr/local/python/3.12.1/lib/python3.12/site-packages/airflow/example_dags/tutorial_taskflow_api_virtualenv.py
[2026-07-02T16:50:59.250+0000] {processor.py:840} INFO - DAG(s) 'tutorial_taskflow_api_virtualenv' retrieved from /usr/local/python/3.12.1/lib/python3.12/site-packages/airflow/example_dags/tutorial_taskflow_api_virtualenv.py
[2026-07-02T16:50:59.263+0000] {logging_mixin.py:188} INFO - [2026-07-02T16:50:59.262+0000] {dag.py:3089} INFO - Sync 1 DAGs
[2026-07-02T16:50:59.271+0000] {logging_mixin.py:188} INFO - [2026-07-02T16:50:59.271+0000] {dag.py:3947} INFO - Setting next_dagrun for tutorial_taskflow_api_virtualenv to None, run_after=None
[2026-07-02T16:50:59.292+0000] {processor.py:183} INFO - Processing /usr/local/python/3.12.1/lib/python3.12/site-packages/airflow/example_dags/tutorial_taskflow_api_virtualenv.py took 0.057 seconds
[2026-07-02T16:51:44.764+0000] {processor.py:161} INFO - Started process (PID=155454) to work on /usr/local/python/3.12.1/lib/python3.12/site-packages/airflow/example_dags/tutorial_taskflow_api_virtualenv.py
[2026-07-02T16:51:44.765+0000] {processor.py:830} INFO - Processing file /usr/local/python/3.12.1/lib/python3.12/site-packages/airflow/example_dags/tutorial_taskflow_api_virtualenv.py for tasks to queue
[2026-07-02T16:51:44.766+0000] {logging_mixin.py:188} INFO - [2026-07-02T16:51:44.766+0000] {dagbag.py:545} INFO - Filling up the DagBag from /usr/local/python/3.12.1/lib/python3.12/site-packages/airflow/example_dags/tutorial_taskflow_api_virtualenv.py
[2026-07-02T16:51:44.775+0000] {processor.py:840} INFO - DAG(s) 'tutorial_taskflow_api_virtualenv' retrieved from /usr/local/python/3.12.1/lib/python3.12/site-packages/airflow/example_dags/tutorial_taskflow_api_virtualenv.py
[2026-07-02T16:51:44.791+0000] {logging_mixin.py:188} INFO - [2026-07-02T16:51:44.791+0000] {dag.py:3089} INFO - Sync 1 DAGs
[2026-07-02T16:51:44.801+0000] {logging_mixin.py:188} INFO - [2026-07-02T16:51:44.801+0000] {dag.py:3947} INFO - Setting next_dagrun for tutorial_taskflow_api_virtualenv to None, run_after=None
[2026-07-02T16:51:44.818+0000] {processor.py:183} INFO - Processing /usr/local/python/3.12.1/lib/python3.12/site-packages/airflow/example_dags/tutorial_taskflow_api_virtualenv.py took 0.059 seconds
[2026-07-02T16:52:25.972+0000] {processor.py:161} INFO - Started process (PID=155863) to work on /usr/local/python/3.12.1/lib/python3.12/site-packages/airflow/example_dags/tutorial_taskflow_api_virtualenv.py
[2026-07-02T16:52:25.973+0000] {processor.py:830} INFO - Processing file /usr/local/python/3.12.1/lib/python3.12/site-packages/airflow/example_dags/tutorial_taskflow_api_virtualenv.py for tasks to queue
[2026-07-02T16:52:25.974+0000] {logging_mixin.py:188} INFO - [2026-07-02T16:52:25.974+0000] {dagbag.py:545} INFO - Filling up the DagBag from /usr/local/python/3.12.1/lib/python3.12/site-packages/airflow/example_dags/tutorial_taskflow_api_virtualenv.py
[2026-07-02T16:52:25.986+0000] {processor.py:840} INFO - DAG(s) 'tutorial_taskflow_api_virtualenv' retrieved from /usr/local/python/3.12.1/lib/python3.12/site-packages/airflow/example_dags/tutorial_taskflow_api_virtualenv.py
[2026-07-02T16:52:26.002+0000] {logging_mixin.py:188} INFO - [2026-07-02T16:52:26.001+0000] {dag.py:3089} INFO - Sync 1 DAGs
[2026-07-02T16:52:26.011+0000] {logging_mixin.py:188} INFO - [2026-07-02T16:52:26.010+0000] {dag.py:3947} INFO - Setting next_dagrun for tutorial_taskflow_api_virtualenv to None, run_after=None
[2026-07-02T16:52:26.027+0000] {processor.py:183} INFO - Processing /usr/local/python/3.12.1/lib/python3.12/site-packages/airflow/example_dags/tutorial_taskflow_api_virtualenv.py took 0.060 seconds
[2026-07-02T16:53:08.225+0000] {processor.py:161} INFO - Started process (PID=156334) to work on /usr/local/python/3.12.1/lib/python3.12/site-packages/airflow/example_dags/tutorial_taskflow_api_virtualenv.py
[2026-07-02T16:53:08.226+0000] {processor.py:830} INFO - Processing file /usr/local/python/3.12.1/lib/python3.12/site-packages/airflow/example_dags/tutorial_taskflow_api_virtualenv.py for tasks to queue
[2026-07-02T16:53:08.227+0000] {logging_mixin.py:188} INFO - [2026-07-02T16:53:08.227+0000] {dagbag.py:545} INFO - Filling up the DagBag from /usr/local/python/3.12.1/lib/python3.12/site-packages/airflow/example_dags/tutorial_taskflow_api_virtualenv.py
[2026-07-02T16:53:08.236+0000] {processor.py:840} INFO - DAG(s) 'tutorial_taskflow_api_virtualenv' retrieved from /usr/local/python/3.12.1/lib/python3.12/site-packages/airflow/example_dags/tutorial_taskflow_api_virtualenv.py
[2026-07-02T16:53:08.248+0000] {logging_mixin.py:188} INFO - [2026-07-02T16:53:08.248+0000] {dag.py:3089} INFO - Sync 1 DAGs
[2026-07-02T16:53:08.257+0000] {logging_mixin.py:188} INFO - [2026-07-02T16:53:08.256+0000] {dag.py:3947} INFO - Setting next_dagrun for tutorial_taskflow_api_virtualenv to None, run_after=None
[2026-07-02T16:53:08.279+0000] {processor.py:183} INFO - Processing /usr/local/python/3.12.1/lib/python3.12/site-packages/airflow/example_dags/tutorial_taskflow_api_virtualenv.py took 0.058 seconds
[2026-07-02T16:53:48.244+0000] {processor.py:161} INFO - Started process (PID=156756) to work on /usr/local/python/3.12.1/lib/python3.12/site-packages/airflow/example_dags/tutorial_taskflow_api_virtualenv.py
[2026-07-02T16:53:48.245+0000] {processor.py:830} INFO - Processing file /usr/local/python/3.12.1/lib/python3.12/site-packages/airflow/example_dags/tutorial_taskflow_api_virtualenv.py for tasks to queue
[2026-07-02T16:53:48.247+0000] {logging_mixin.py:188} INFO - [2026-07-02T16:53:48.246+0000] {dagbag.py:545} INFO - Filling up the DagBag from /usr/local/python/3.12.1/lib/python3.12/site-packages/airflow/example_dags/tutorial_taskflow_api_virtualenv.py
[2026-07-02T16:53:48.255+0000] {processor.py:840} INFO - DAG(s) 'tutorial_taskflow_api_virtualenv' retrieved from /usr/local/python/3.12.1/lib/python3.12/site-packages/airflow/example_dags/tutorial_taskflow_api_virtualenv.py
[2026-07-02T16:53:48.267+0000] {logging_mixin.py:188} INFO - [2026-07-02T16:53:48.267+0000] {dag.py:3089} INFO - Sync 1 DAGs
[2026-07-02T16:53:48.276+0000] {logging_mixin.py:188} INFO - [2026-07-02T16:53:48.276+0000] {dag.py:3947} INFO - Setting next_dagrun for tutorial_taskflow_api_virtualenv to None, run_after=None
[2026-07-02T16:53:48.293+0000] {processor.py:183} INFO - Processing /usr/local/python/3.12.1/lib/python3.12/site-packages/airflow/example_dags/tutorial_taskflow_api_virtualenv.py took 0.054 seconds
[2026-07-02T16:54:23.630+0000] {processor.py:161} INFO - Started process (PID=157133) to work on /usr/local/python/3.12.1/lib/python3.12/site-packages/airflow/example_dags/tutorial_taskflow_api_virtualenv.py
[2026-07-02T16:54:23.631+0000] {processor.py:830} INFO - Processing file /usr/local/python/3.12.1/lib/python3.12/site-packages/airflow/example_dags/tutorial_taskflow_api_virtualenv.py for tasks to queue
[2026-07-02T16:54:23.633+0000] {logging_mixin.py:188} INFO - [2026-07-02T16:54:23.632+0000] {dagbag.py:545} INFO - Filling up the DagBag from /usr/local/python/3.12.1/lib/python3.12/site-packages/airflow/example_dags/tutorial_taskflow_api_virtualenv.py
[2026-07-02T16:54:23.641+0000] {processor.py:840} INFO - DAG(s) 'tutorial_taskflow_api_virtualenv' retrieved from /usr/local/python/3.12.1/lib/python3.12/site-packages/airflow/example_dags/tutorial_taskflow_api_virtualenv.py
[2026-07-02T16:54:23.654+0000] {logging_mixin.py:188} INFO - [2026-07-02T16:54:23.653+0000] {dag.py:3089} INFO - Sync 1 DAGs
[2026-07-02T16:54:23.663+0000] {logging_mixin.py:188} INFO - [2026-07-02T16:54:23.663+0000] {dag.py:3947} INFO - Setting next_dagrun for tutorial_taskflow_api_virtualenv to None, run_after=None
[2026-07-02T16:54:23.683+0000] {processor.py:183} INFO - Processing /usr/local/python/3.12.1/lib/python3.12/site-packages/airflow/example_dags/tutorial_taskflow_api_virtualenv.py took 0.057 seconds
[2026-07-02T16:55:00.336+0000] {processor.py:161} INFO - Started process (PID=157507) to work on /usr/local/python/3.12.1/lib/python3.12/site-packages/airflow/example_dags/tutorial_taskflow_api_virtualenv.py
[2026-07-02T16:55:00.337+0000] {processor.py:830} INFO - Processing file /usr/local/python/3.12.1/lib/python3.12/site-packages/airflow/example_dags/tutorial_taskflow_api_virtualenv.py for tasks to queue
[2026-07-02T16:55:00.338+0000] {logging_mixin.py:188} INFO - [2026-07-02T16:55:00.338+0000] {dagbag.py:545} INFO - Filling up the DagBag from /usr/local/python/3.12.1/lib/python3.12/site-packages/airflow/example_dags/tutorial_taskflow_api_virtualenv.py
[2026-07-02T16:55:00.347+0000] {processor.py:840} INFO - DAG(s) 'tutorial_taskflow_api_virtualenv' retrieved from /usr/local/python/3.12.1/lib/python3.12/site-packages/airflow/example_dags/tutorial_taskflow_api_virtualenv.py
[2026-07-02T16:55:00.360+0000] {logging_mixin.py:188} INFO - [2026-07-02T16:55:00.359+0000] {dag.py:3089} INFO - Sync 1 DAGs
[2026-07-02T16:55:00.369+0000] {logging_mixin.py:188} INFO - [2026-07-02T16:55:00.368+0000] {dag.py:3947} INFO - Setting next_dagrun for tutorial_taskflow_api_virtualenv to None, run_after=None
[2026-07-02T16:55:00.388+0000] {processor.py:183} INFO - Processing /usr/local/python/3.12.1/lib/python3.12/site-packages/airflow/example_dags/tutorial_taskflow_api_virtualenv.py took 0.059 seconds
[2026-07-02T16:55:40.553+0000] {processor.py:161} INFO - Started process (PID=157963) to work on /usr/local/python/3.12.1/lib/python3.12/site-packages/airflow/example_dags/tutorial_taskflow_api_virtualenv.py
[2026-07-02T16:55:40.554+0000] {processor.py:830} INFO - Processing file /usr/local/python/3.12.1/lib/python3.12/site-packages/airflow/example_dags/tutorial_taskflow_api_virtualenv.py for tasks to queue
[2026-07-02T16:55:40.556+0000] {logging_mixin.py:188} INFO - [2026-07-02T16:55:40.555+0000] {dagbag.py:545} INFO - Filling up the DagBag from /usr/local/python/3.12.1/lib/python3.12/site-packages/airflow/example_dags/tutorial_taskflow_api_virtualenv.py
[2026-07-02T16:55:40.570+0000] {processor.py:840} INFO - DAG(s) 'tutorial_taskflow_api_virtualenv' retrieved from /usr/local/python/3.12.1/lib/python3.12/site-packages/airflow/example_dags/tutorial_taskflow_api_virtualenv.py
[2026-07-02T16:55:40.594+0000] {logging_mixin.py:188} INFO - [2026-07-02T16:55:40.593+0000] {dag.py:3089} INFO - Sync 1 DAGs
[2026-07-02T16:55:40.604+0000] {logging_mixin.py:188} INFO - [2026-07-02T16:55:40.604+0000] {dag.py:3947} INFO - Setting next_dagrun for tutorial_taskflow_api_virtualenv to None, run_after=None
[2026-07-02T16:55:40.620+0000] {processor.py:183} INFO - Processing /usr/local/python/3.12.1/lib/python3.12/site-packages/airflow/example_dags/tutorial_taskflow_api_virtualenv.py took 0.074 seconds
[2026-07-02T16:56:21.793+0000] {processor.py:161} INFO - Started process (PID=158363) to work on /usr/local/python/3.12.1/lib/python3.12/site-packages/airflow/example_dags/tutorial_taskflow_api_virtualenv.py
[2026-07-02T16:56:21.794+0000] {processor.py:830} INFO - Processing file /usr/local/python/3.12.1/lib/python3.12/site-packages/airflow/example_dags/tutorial_taskflow_api_virtualenv.py for tasks to queue
[2026-07-02T16:56:21.796+0000] {logging_mixin.py:188} INFO - [2026-07-02T16:56:21.796+0000] {dagbag.py:545} INFO - Filling up the DagBag from /usr/local/python/3.12.1/lib/python3.12/site-packages/airflow/example_dags/tutorial_taskflow_api_virtualenv.py
[2026-07-02T16:56:21.805+0000] {processor.py:840} INFO - DAG(s) 'tutorial_taskflow_api_virtualenv' retrieved from /usr/local/python/3.12.1/lib/python3.12/site-packages/airflow/example_dags/tutorial_taskflow_api_virtualenv.py
[2026-07-02T16:56:21.817+0000] {logging_mixin.py:188} INFO - [2026-07-02T16:56:21.816+0000] {dag.py:3089} INFO - Sync 1 DAGs
[2026-07-02T16:56:21.826+0000] {logging_mixin.py:188} INFO - [2026-07-02T16:56:21.826+0000] {dag.py:3947} INFO - Setting next_dagrun for tutorial_taskflow_api_virtualenv to None, run_after=None
[2026-07-02T16:56:21.842+0000] {processor.py:183} INFO - Processing /usr/local/python/3.12.1/lib/python3.12/site-packages/airflow/example_dags/tutorial_taskflow_api_virtualenv.py took 0.055 seconds
[2026-07-02T16:57:03.097+0000] {processor.py:161} INFO - Started process (PID=158830) to work on /usr/local/python/3.12.1/lib/python3.12/site-packages/airflow/example_dags/tutorial_taskflow_api_virtualenv.py
[2026-07-02T16:57:03.098+0000] {processor.py:830} INFO - Processing file /usr/local/python/3.12.1/lib/python3.12/site-packages/airflow/example_dags/tutorial_taskflow_api_virtualenv.py for tasks to queue
[2026-07-02T16:57:03.100+0000] {logging_mixin.py:188} INFO - [2026-07-02T16:57:03.099+0000] {dagbag.py:545} INFO - Filling up the DagBag from /usr/local/python/3.12.1/lib/python3.12/site-packages/airflow/example_dags/tutorial_taskflow_api_virtualenv.py
[2026-07-02T16:57:03.109+0000] {processor.py:840} INFO - DAG(s) 'tutorial_taskflow_api_virtualenv' retrieved from /usr/local/python/3.12.1/lib/python3.12/site-packages/airflow/example_dags/tutorial_taskflow_api_virtualenv.py
[2026-07-02T16:57:03.122+0000] {logging_mixin.py:188} INFO - [2026-07-02T16:57:03.122+0000] {dag.py:3089} INFO - Sync 1 DAGs
[2026-07-02T16:57:03.131+0000] {logging_mixin.py:188} INFO - [2026-07-02T16:57:03.131+0000] {dag.py:3947} INFO - Setting next_dagrun for tutorial_taskflow_api_virtualenv to None, run_after=None
[2026-07-02T16:57:03.148+0000] {processor.py:183} INFO - Processing /usr/local/python/3.12.1/lib/python3.12/site-packages/airflow/example_dags/tutorial_taskflow_api_virtualenv.py took 0.056 seconds
[2026-07-02T16:57:44.516+0000] {processor.py:161} INFO - Started process (PID=159256) to work on /usr/local/python/3.12.1/lib/python3.12/site-packages/airflow/example_dags/tutorial_taskflow_api_virtualenv.py
[2026-07-02T16:57:44.517+0000] {processor.py:830} INFO - Processing file /usr/local/python/3.12.1/lib/python3.12/site-packages/airflow/example_dags/tutorial_taskflow_api_virtualenv.py for tasks to queue
[2026-07-02T16:57:44.518+0000] {logging_mixin.py:188} INFO - [2026-07-02T16:57:44.518+0000] {dagbag.py:545} INFO - Filling up the DagBag from /usr/local/python/3.12.1/lib/python3.12/site-packages/airflow/example_dags/tutorial_taskflow_api_virtualenv.py
[2026-07-02T16:57:44.527+0000] {processor.py:840} INFO - DAG(s) 'tutorial_taskflow_api_virtualenv' retrieved from /usr/local/python/3.12.1/lib/python3.12/site-packages/airflow/example_dags/tutorial_taskflow_api_virtualenv.py
[2026-07-02T16:57:44.540+0000] {logging_mixin.py:188} INFO - [2026-07-02T16:57:44.540+0000] {dag.py:3089} INFO - Sync 1 DAGs
[2026-07-02T16:57:44.550+0000] {logging_mixin.py:188} INFO - [2026-07-02T16:57:44.550+0000] {dag.py:3947} INFO - Setting next_dagrun for tutorial_taskflow_api_virtualenv to None, run_after=None
[2026-07-02T16:57:44.567+0000] {processor.py:183} INFO - Processing /usr/local/python/3.12.1/lib/python3.12/site-packages/airflow/example_dags/tutorial_taskflow_api_virtualenv.py took 0.056 seconds
[2026-07-02T16:58:27.902+0000] {processor.py:161} INFO - Started process (PID=159753) to work on /usr/local/python/3.12.1/lib/python3.12/site-packages/airflow/example_dags/tutorial_taskflow_api_virtualenv.py
[2026-07-02T16:58:27.903+0000] {processor.py:830} INFO - Processing file /usr/local/python/3.12.1/lib/python3.12/site-packages/airflow/example_dags/tutorial_taskflow_api_virtualenv.py for tasks to queue
[2026-07-02T16:58:27.905+0000] {logging_mixin.py:188} INFO - [2026-07-02T16:58:27.904+0000] {dagbag.py:545} INFO - Filling up the DagBag from /usr/local/python/3.12.1/lib/python3.12/site-packages/airflow/example_dags/tutorial_taskflow_api_virtualenv.py
[2026-07-02T16:58:27.915+0000] {processor.py:840} INFO - DAG(s) 'tutorial_taskflow_api_virtualenv' retrieved from /usr/local/python/3.12.1/lib/python3.12/site-packages/airflow/example_dags/tutorial_taskflow_api_virtualenv.py
[2026-07-02T16:58:27.928+0000] {logging_mixin.py:188} INFO - [2026-07-02T16:58:27.927+0000] {dag.py:3089} INFO - Sync 1 DAGs
[2026-07-02T16:58:27.937+0000] {logging_mixin.py:188} INFO - [2026-07-02T16:58:27.936+0000] {dag.py:3947} INFO - Setting next_dagrun for tutorial_taskflow_api_virtualenv to None, run_after=None
[2026-07-02T16:58:27.954+0000] {processor.py:183} INFO - Processing /usr/local/python/3.12.1/lib/python3.12/site-packages/airflow/example_dags/tutorial_taskflow_api_virtualenv.py took 0.056 seconds
[2026-07-02T16:59:08.565+0000] {processor.py:161} INFO - Started process (PID=160160) to work on /usr/local/python/3.12.1/lib/python3.12/site-packages/airflow/example_dags/tutorial_taskflow_api_virtualenv.py
[2026-07-02T16:59:08.566+0000] {processor.py:830} INFO - Processing file /usr/local/python/3.12.1/lib/python3.12/site-packages/airflow/example_dags/tutorial_taskflow_api_virtualenv.py for tasks to queue
[2026-07-02T16:59:08.568+0000] {logging_mixin.py:188} INFO - [2026-07-02T16:59:08.567+0000] {dagbag.py:545} INFO - Filling up the DagBag from /usr/local/python/3.12.1/lib/python3.12/site-packages/airflow/example_dags/tutorial_taskflow_api_virtualenv.py
[2026-07-02T16:59:08.577+0000] {processor.py:840} INFO - DAG(s) 'tutorial_taskflow_api_virtualenv' retrieved from /usr/local/python/3.12.1/lib/python3.12/site-packages/airflow/example_dags/tutorial_taskflow_api_virtualenv.py
[2026-07-02T16:59:08.590+0000] {logging_mixin.py:188} INFO - [2026-07-02T16:59:08.590+0000] {dag.py:3089} INFO - Sync 1 DAGs
[2026-07-02T16:59:08.599+0000] {logging_mixin.py:188} INFO - [2026-07-02T16:59:08.599+0000] {dag.py:3947} INFO - Setting next_dagrun for tutorial_taskflow_api_virtualenv to None, run_after=None
[2026-07-02T16:59:08.619+0000] {processor.py:183} INFO - Processing /usr/local/python/3.12.1/lib/python3.12/site-packages/airflow/example_dags/tutorial_taskflow_api_virtualenv.py took 0.059 seconds
[2026-07-02T16:59:47.985+0000] {processor.py:161} INFO - Started process (PID=160608) to work on /usr/local/python/3.12.1/lib/python3.12/site-packages/airflow/example_dags/tutorial_taskflow_api_virtualenv.py
[2026-07-02T16:59:47.986+0000] {processor.py:830} INFO - Processing file /usr/local/python/3.12.1/lib/python3.12/site-packages/airflow/example_dags/tutorial_taskflow_api_virtualenv.py for tasks to queue
[2026-07-02T16:59:47.989+0000] {logging_mixin.py:188} INFO - [2026-07-02T16:59:47.988+0000] {dagbag.py:545} INFO - Filling up the DagBag from /usr/local/python/3.12.1/lib/python3.12/site-packages/airflow/example_dags/tutorial_taskflow_api_virtualenv.py
[2026-07-02T16:59:48.000+0000] {processor.py:840} INFO - DAG(s) 'tutorial_taskflow_api_virtualenv' retrieved from /usr/local/python/3.12.1/lib/python3.12/site-packages/airflow/example_dags/tutorial_taskflow_api_virtualenv.py
[2026-07-02T16:59:48.014+0000] {logging_mixin.py:188} INFO - [2026-07-02T16:59:48.014+0000] {dag.py:3089} INFO - Sync 1 DAGs
[2026-07-02T16:59:48.024+0000] {logging_mixin.py:188} INFO - [2026-07-02T16:59:48.024+0000] {dag.py:3947} INFO - Setting next_dagrun for tutorial_taskflow_api_virtualenv to None, run_after=None
[2026-07-02T16:59:48.041+0000] {processor.py:183} INFO - Processing /usr/local/python/3.12.1/lib/python3.12/site-packages/airflow/example_dags/tutorial_taskflow_api_virtualenv.py took 0.062 seconds
[2026-07-02T17:00:29.918+0000] {processor.py:161} INFO - Started process (PID=161013) to work on /usr/local/python/3.12.1/lib/python3.12/site-packages/airflow/example_dags/tutorial_taskflow_api_virtualenv.py
[2026-07-02T17:00:29.919+0000] {processor.py:830} INFO - Processing file /usr/local/python/3.12.1/lib/python3.12/site-packages/airflow/example_dags/tutorial_taskflow_api_virtualenv.py for tasks to queue
[2026-07-02T17:00:29.921+0000] {logging_mixin.py:188} INFO - [2026-07-02T17:00:29.921+0000] {dagbag.py:545} INFO - Filling up the DagBag from /usr/local/python/3.12.1/lib/python3.12/site-packages/airflow/example_dags/tutorial_taskflow_api_virtualenv.py
[2026-07-02T17:00:29.939+0000] {processor.py:840} INFO - DAG(s) 'tutorial_taskflow_api_virtualenv' retrieved from /usr/local/python/3.12.1/lib/python3.12/site-packages/airflow/example_dags/tutorial_taskflow_api_virtualenv.py
[2026-07-02T17:00:29.955+0000] {logging_mixin.py:188} INFO - [2026-07-02T17:00:29.955+0000] {dag.py:3089} INFO - Sync 1 DAGs
[2026-07-02T17:00:29.965+0000] {logging_mixin.py:188} INFO - [2026-07-02T17:00:29.965+0000] {dag.py:3947} INFO - Setting next_dagrun for tutorial_taskflow_api_virtualenv to None, run_after=None
[2026-07-02T17:00:29.985+0000] {processor.py:183} INFO - Processing /usr/local/python/3.12.1/lib/python3.12/site-packages/airflow/example_dags/tutorial_taskflow_api_virtualenv.py took 0.074 seconds
[2026-07-02T17:01:10.888+0000] {processor.py:161} INFO - Started process (PID=161489) to work on /usr/local/python/3.12.1/lib/python3.12/site-packages/airflow/example_dags/tutorial_taskflow_api_virtualenv.py
[2026-07-02T17:01:10.889+0000] {processor.py:830} INFO - Processing file /usr/local/python/3.12.1/lib/python3.12/site-packages/airflow/example_dags/tutorial_taskflow_api_virtualenv.py for tasks to queue
[2026-07-02T17:01:10.891+0000] {logging_mixin.py:188} INFO - [2026-07-02T17:01:10.890+0000] {dagbag.py:545} INFO - Filling up the DagBag from /usr/local/python/3.12.1/lib/python3.12/site-packages/airflow/example_dags/tutorial_taskflow_api_virtualenv.py
[2026-07-02T17:01:10.901+0000] {processor.py:840} INFO - DAG(s) 'tutorial_taskflow_api_virtualenv' retrieved from /usr/local/python/3.12.1/lib/python3.12/site-packages/airflow/example_dags/tutorial_taskflow_api_virtualenv.py
[2026-07-02T17:01:10.914+0000] {logging_mixin.py:188} INFO - [2026-07-02T17:01:10.914+0000] {dag.py:3089} INFO - Sync 1 DAGs
[2026-07-02T17:01:10.923+0000] {logging_mixin.py:188} INFO - [2026-07-02T17:01:10.923+0000] {dag.py:3947} INFO - Setting next_dagrun for tutorial_taskflow_api_virtualenv to None, run_after=None
[2026-07-02T17:01:10.939+0000] {processor.py:183} INFO - Processing /usr/local/python/3.12.1/lib/python3.12/site-packages/airflow/example_dags/tutorial_taskflow_api_virtualenv.py took 0.058 seconds
[2026-07-02T17:01:53.382+0000] {processor.py:161} INFO - Started process (PID=161916) to work on /usr/local/python/3.12.1/lib/python3.12/site-packages/airflow/example_dags/tutorial_taskflow_api_virtualenv.py
[2026-07-02T17:01:53.383+0000] {processor.py:830} INFO - Processing file /usr/local/python/3.12.1/lib/python3.12/site-packages/airflow/example_dags/tutorial_taskflow_api_virtualenv.py for tasks to queue
[2026-07-02T17:01:53.384+0000] {logging_mixin.py:188} INFO - [2026-07-02T17:01:53.384+0000] {dagbag.py:545} INFO - Filling up the DagBag from /usr/local/python/3.12.1/lib/python3.12/site-packages/airflow/example_dags/tutorial_taskflow_api_virtualenv.py
[2026-07-02T17:01:53.395+0000] {processor.py:840} INFO - DAG(s) 'tutorial_taskflow_api_virtualenv' retrieved from /usr/local/python/3.12.1/lib/python3.12/site-packages/airflow/example_dags/tutorial_taskflow_api_virtualenv.py
[2026-07-02T17:01:53.409+0000] {logging_mixin.py:188} INFO - [2026-07-02T17:01:53.409+0000] {dag.py:3089} INFO - Sync 1 DAGs
[2026-07-02T17:01:53.419+0000] {logging_mixin.py:188} INFO - [2026-07-02T17:01:53.418+0000] {dag.py:3947} INFO - Setting next_dagrun for tutorial_taskflow_api_virtualenv to None, run_after=None
[2026-07-02T17:01:53.435+0000] {processor.py:183} INFO - Processing /usr/local/python/3.12.1/lib/python3.12/site-packages/airflow/example_dags/tutorial_taskflow_api_virtualenv.py took 0.060 seconds
[2026-07-02T17:02:37.735+0000] {processor.py:161} INFO - Started process (PID=162394) to work on /usr/local/python/3.12.1/lib/python3.12/site-packages/airflow/example_dags/tutorial_taskflow_api_virtualenv.py
[2026-07-02T17:02:37.736+0000] {processor.py:830} INFO - Processing file /usr/local/python/3.12.1/lib/python3.12/site-packages/airflow/example_dags/tutorial_taskflow_api_virtualenv.py for tasks to queue
[2026-07-02T17:02:37.737+0000] {logging_mixin.py:188} INFO - [2026-07-02T17:02:37.737+0000] {dagbag.py:545} INFO - Filling up the DagBag from /usr/local/python/3.12.1/lib/python3.12/site-packages/airflow/example_dags/tutorial_taskflow_api_virtualenv.py
[2026-07-02T17:02:37.746+0000] {processor.py:840} INFO - DAG(s) 'tutorial_taskflow_api_virtualenv' retrieved from /usr/local/python/3.12.1/lib/python3.12/site-packages/airflow/example_dags/tutorial_taskflow_api_virtualenv.py
[2026-07-02T17:02:37.759+0000] {logging_mixin.py:188} INFO - [2026-07-02T17:02:37.758+0000] {dag.py:3089} INFO - Sync 1 DAGs
[2026-07-02T17:02:37.768+0000] {logging_mixin.py:188} INFO - [2026-07-02T17:02:37.768+0000] {dag.py:3947} INFO - Setting next_dagrun for tutorial_taskflow_api_virtualenv to None, run_after=None
[2026-07-02T17:02:37.788+0000] {processor.py:183} INFO - Processing /usr/local/python/3.12.1/lib/python3.12/site-packages/airflow/example_dags/tutorial_taskflow_api_virtualenv.py took 0.058 seconds
[2026-07-02T17:03:21.378+0000] {processor.py:161} INFO - Started process (PID=162825) to work on /usr/local/python/3.12.1/lib/python3.12/site-packages/airflow/example_dags/tutorial_taskflow_api_virtualenv.py
[2026-07-02T17:03:21.379+0000] {processor.py:830} INFO - Processing file /usr/local/python/3.12.1/lib/python3.12/site-packages/airflow/example_dags/tutorial_taskflow_api_virtualenv.py for tasks to queue
[2026-07-02T17:03:21.381+0000] {logging_mixin.py:188} INFO - [2026-07-02T17:03:21.381+0000] {dagbag.py:545} INFO - Filling up the DagBag from /usr/local/python/3.12.1/lib/python3.12/site-packages/airflow/example_dags/tutorial_taskflow_api_virtualenv.py
[2026-07-02T17:03:21.392+0000] {processor.py:840} INFO - DAG(s) 'tutorial_taskflow_api_virtualenv' retrieved from /usr/local/python/3.12.1/lib/python3.12/site-packages/airflow/example_dags/tutorial_taskflow_api_virtualenv.py
[2026-07-02T17:03:21.406+0000] {logging_mixin.py:188} INFO - [2026-07-02T17:03:21.405+0000] {dag.py:3089} INFO - Sync 1 DAGs
[2026-07-02T17:03:21.415+0000] {logging_mixin.py:188} INFO - [2026-07-02T17:03:21.415+0000] {dag.py:3947} INFO - Setting next_dagrun for tutorial_taskflow_api_virtualenv to None, run_after=None
[2026-07-02T17:03:21.431+0000] {processor.py:183} INFO - Processing /usr/local/python/3.12.1/lib/python3.12/site-packages/airflow/example_dags/tutorial_taskflow_api_virtualenv.py took 0.058 seconds
[2026-07-02T17:04:02.935+0000] {processor.py:161} INFO - Started process (PID=163298) to work on /usr/local/python/3.12.1/lib/python3.12/site-packages/airflow/example_dags/tutorial_taskflow_api_virtualenv.py
[2026-07-02T17:04:02.936+0000] {processor.py:830} INFO - Processing file /usr/local/python/3.12.1/lib/python3.12/site-packages/airflow/example_dags/tutorial_taskflow_api_virtualenv.py for tasks to queue
[2026-07-02T17:04:02.937+0000] {logging_mixin.py:188} INFO - [2026-07-02T17:04:02.937+0000] {dagbag.py:545} INFO - Filling up the DagBag from /usr/local/python/3.12.1/lib/python3.12/site-packages/airflow/example_dags/tutorial_taskflow_api_virtualenv.py
[2026-07-02T17:04:02.946+0000] {processor.py:840} INFO - DAG(s) 'tutorial_taskflow_api_virtualenv' retrieved from /usr/local/python/3.12.1/lib/python3.12/site-packages/airflow/example_dags/tutorial_taskflow_api_virtualenv.py
[2026-07-02T17:04:02.959+0000] {logging_mixin.py:188} INFO - [2026-07-02T17:04:02.959+0000] {dag.py:3089} INFO - Sync 1 DAGs
[2026-07-02T17:04:02.968+0000] {logging_mixin.py:188} INFO - [2026-07-02T17:04:02.968+0000] {dag.py:3947} INFO - Setting next_dagrun for tutorial_taskflow_api_virtualenv to None, run_after=None
[2026-07-02T17:04:02.988+0000] {processor.py:183} INFO - Processing /usr/local/python/3.12.1/lib/python3.12/site-packages/airflow/example_dags/tutorial_taskflow_api_virtualenv.py took 0.058 seconds
[2026-07-02T17:04:44.155+0000] {processor.py:161} INFO - Started process (PID=163743) to work on /usr/local/python/3.12.1/lib/python3.12/site-packages/airflow/example_dags/tutorial_taskflow_api_virtualenv.py
[2026-07-02T17:04:44.156+0000] {processor.py:830} INFO - Processing file /usr/local/python/3.12.1/lib/python3.12/site-packages/airflow/example_dags/tutorial_taskflow_api_virtualenv.py for tasks to queue
[2026-07-02T17:04:44.158+0000] {logging_mixin.py:188} INFO - [2026-07-02T17:04:44.157+0000] {dagbag.py:545} INFO - Filling up the DagBag from /usr/local/python/3.12.1/lib/python3.12/site-packages/airflow/example_dags/tutorial_taskflow_api_virtualenv.py
[2026-07-02T17:04:44.166+0000] {processor.py:840} INFO - DAG(s) 'tutorial_taskflow_api_virtualenv' retrieved from /usr/local/python/3.12.1/lib/python3.12/site-packages/airflow/example_dags/tutorial_taskflow_api_virtualenv.py
[2026-07-02T17:04:44.182+0000] {logging_mixin.py:188} INFO - [2026-07-02T17:04:44.181+0000] {dag.py:3089} INFO - Sync 1 DAGs
[2026-07-02T17:04:44.194+0000] {logging_mixin.py:188} INFO - [2026-07-02T17:04:44.194+0000] {dag.py:3947} INFO - Setting next_dagrun for tutorial_taskflow_api_virtualenv to None, run_after=None
[2026-07-02T17:04:44.212+0000] {processor.py:183} INFO - Processing /usr/local/python/3.12.1/lib/python3.12/site-packages/airflow/example_dags/tutorial_taskflow_api_virtualenv.py took 0.061 seconds
[2026-07-02T17:05:28.891+0000] {processor.py:161} INFO - Started process (PID=164206) to work on /usr/local/python/3.12.1/lib/python3.12/site-packages/airflow/example_dags/tutorial_taskflow_api_virtualenv.py
[2026-07-02T17:05:28.893+0000] {processor.py:830} INFO - Processing file /usr/local/python/3.12.1/lib/python3.12/site-packages/airflow/example_dags/tutorial_taskflow_api_virtualenv.py for tasks to queue
[2026-07-02T17:05:28.898+0000] {logging_mixin.py:188} INFO - [2026-07-02T17:05:28.896+0000] {dagbag.py:545} INFO - Filling up the DagBag from /usr/local/python/3.12.1/lib/python3.12/site-packages/airflow/example_dags/tutorial_taskflow_api_virtualenv.py
[2026-07-02T17:05:28.912+0000] {processor.py:840} INFO - DAG(s) 'tutorial_taskflow_api_virtualenv' retrieved from /usr/local/python/3.12.1/lib/python3.12/site-packages/airflow/example_dags/tutorial_taskflow_api_virtualenv.py
[2026-07-02T17:05:28.931+0000] {logging_mixin.py:188} INFO - [2026-07-02T17:05:28.931+0000] {dag.py:3089} INFO - Sync 1 DAGs
[2026-07-02T17:05:28.942+0000] {logging_mixin.py:188} INFO - [2026-07-02T17:05:28.942+0000] {dag.py:3947} INFO - Setting next_dagrun for tutorial_taskflow_api_virtualenv to None, run_after=None
[2026-07-02T17:05:28.961+0000] {processor.py:183} INFO - Processing /usr/local/python/3.12.1/lib/python3.12/site-packages/airflow/example_dags/tutorial_taskflow_api_virtualenv.py took 0.080 seconds
[2026-07-02T17:06:11.504+0000] {processor.py:161} INFO - Started process (PID=164634) to work on /usr/local/python/3.12.1/lib/python3.12/site-packages/airflow/example_dags/tutorial_taskflow_api_virtualenv.py
[2026-07-02T17:06:11.505+0000] {processor.py:830} INFO - Processing file /usr/local/python/3.12.1/lib/python3.12/site-packages/airflow/example_dags/tutorial_taskflow_api_virtualenv.py for tasks to queue
[2026-07-02T17:06:11.507+0000] {logging_mixin.py:188} INFO - [2026-07-02T17:06:11.506+0000] {dagbag.py:545} INFO - Filling up the DagBag from /usr/local/python/3.12.1/lib/python3.12/site-packages/airflow/example_dags/tutorial_taskflow_api_virtualenv.py
[2026-07-02T17:06:11.515+0000] {processor.py:840} INFO - DAG(s) 'tutorial_taskflow_api_virtualenv' retrieved from /usr/local/python/3.12.1/lib/python3.12/site-packages/airflow/example_dags/tutorial_taskflow_api_virtualenv.py
[2026-07-02T17:06:11.527+0000] {logging_mixin.py:188} INFO - [2026-07-02T17:06:11.527+0000] {dag.py:3089} INFO - Sync 1 DAGs
[2026-07-02T17:06:11.536+0000] {logging_mixin.py:188} INFO - [2026-07-02T17:06:11.536+0000] {dag.py:3947} INFO - Setting next_dagrun for tutorial_taskflow_api_virtualenv to None, run_after=None
[2026-07-02T17:06:11.553+0000] {processor.py:183} INFO - Processing /usr/local/python/3.12.1/lib/python3.12/site-packages/airflow/example_dags/tutorial_taskflow_api_virtualenv.py took 0.053 seconds
[2026-07-02T17:06:52.812+0000] {processor.py:161} INFO - Started process (PID=165067) to work on /usr/local/python/3.12.1/lib/python3.12/site-packages/airflow/example_dags/tutorial_taskflow_api_virtualenv.py
[2026-07-02T17:06:52.813+0000] {processor.py:830} INFO - Processing file /usr/local/python/3.12.1/lib/python3.12/site-packages/airflow/example_dags/tutorial_taskflow_api_virtualenv.py for tasks to queue
[2026-07-02T17:06:52.815+0000] {logging_mixin.py:188} INFO - [2026-07-02T17:06:52.815+0000] {dagbag.py:545} INFO - Filling up the DagBag from /usr/local/python/3.12.1/lib/python3.12/site-packages/airflow/example_dags/tutorial_taskflow_api_virtualenv.py
[2026-07-02T17:06:52.827+0000] {processor.py:840} INFO - DAG(s) 'tutorial_taskflow_api_virtualenv' retrieved from /usr/local/python/3.12.1/lib/python3.12/site-packages/airflow/example_dags/tutorial_taskflow_api_virtualenv.py
[2026-07-02T17:06:52.845+0000] {logging_mixin.py:188} INFO - [2026-07-02T17:06:52.845+0000] {dag.py:3089} INFO - Sync 1 DAGs
[2026-07-02T17:06:52.858+0000] {logging_mixin.py:188} INFO - [2026-07-02T17:06:52.858+0000] {dag.py:3947} INFO - Setting next_dagrun for tutorial_taskflow_api_virtualenv to None, run_after=None
[2026-07-02T17:06:52.882+0000] {processor.py:183} INFO - Processing /usr/local/python/3.12.1/lib/python3.12/site-packages/airflow/example_dags/tutorial_taskflow_api_virtualenv.py took 0.078 seconds
[2026-07-02T17:07:33.926+0000] {processor.py:161} INFO - Started process (PID=165554) to work on /usr/local/python/3.12.1/lib/python3.12/site-packages/airflow/example_dags/tutorial_taskflow_api_virtualenv.py
[2026-07-02T17:07:33.926+0000] {processor.py:830} INFO - Processing file /usr/local/python/3.12.1/lib/python3.12/site-packages/airflow/example_dags/tutorial_taskflow_api_virtualenv.py for tasks to queue
[2026-07-02T17:07:33.928+0000] {logging_mixin.py:188} INFO - [2026-07-02T17:07:33.928+0000] {dagbag.py:545} INFO - Filling up the DagBag from /usr/local/python/3.12.1/lib/python3.12/site-packages/airflow/example_dags/tutorial_taskflow_api_virtualenv.py
[2026-07-02T17:07:33.937+0000] {processor.py:840} INFO - DAG(s) 'tutorial_taskflow_api_virtualenv' retrieved from /usr/local/python/3.12.1/lib/python3.12/site-packages/airflow/example_dags/tutorial_taskflow_api_virtualenv.py
[2026-07-02T17:07:33.950+0000] {logging_mixin.py:188} INFO - [2026-07-02T17:07:33.949+0000] {dag.py:3089} INFO - Sync 1 DAGs
[2026-07-02T17:07:33.959+0000] {logging_mixin.py:188} INFO - [2026-07-02T17:07:33.959+0000] {dag.py:3947} INFO - Setting next_dagrun for tutorial_taskflow_api_virtualenv to None, run_after=None
[2026-07-02T17:07:33.978+0000] {processor.py:183} INFO - Processing /usr/local/python/3.12.1/lib/python3.12/site-packages/airflow/example_dags/tutorial_taskflow_api_virtualenv.py took 0.057 seconds
[2026-07-02T17:08:18.718+0000] {processor.py:161} INFO - Started process (PID=165993) to work on /usr/local/python/3.12.1/lib/python3.12/site-packages/airflow/example_dags/tutorial_taskflow_api_virtualenv.py
[2026-07-02T17:08:18.719+0000] {processor.py:830} INFO - Processing file /usr/local/python/3.12.1/lib/python3.12/site-packages/airflow/example_dags/tutorial_taskflow_api_virtualenv.py for tasks to queue
[2026-07-02T17:08:18.721+0000] {logging_mixin.py:188} INFO - [2026-07-02T17:08:18.720+0000] {dagbag.py:545} INFO - Filling up the DagBag from /usr/local/python/3.12.1/lib/python3.12/site-packages/airflow/example_dags/tutorial_taskflow_api_virtualenv.py
[2026-07-02T17:08:18.729+0000] {processor.py:840} INFO - DAG(s) 'tutorial_taskflow_api_virtualenv' retrieved from /usr/local/python/3.12.1/lib/python3.12/site-packages/airflow/example_dags/tutorial_taskflow_api_virtualenv.py
[2026-07-02T17:08:18.741+0000] {logging_mixin.py:188} INFO - [2026-07-02T17:08:18.741+0000] {dag.py:3089} INFO - Sync 1 DAGs
[2026-07-02T17:08:18.750+0000] {logging_mixin.py:188} INFO - [2026-07-02T17:08:18.750+0000] {dag.py:3947} INFO - Setting next_dagrun for tutorial_taskflow_api_virtualenv to None, run_after=None
[2026-07-02T17:08:18.766+0000] {processor.py:183} INFO - Processing /usr/local/python/3.12.1/lib/python3.12/site-packages/airflow/example_dags/tutorial_taskflow_api_virtualenv.py took 0.052 seconds
[2026-07-02T17:09:04.014+0000] {processor.py:161} INFO - Started process (PID=166473) to work on /usr/local/python/3.12.1/lib/python3.12/site-packages/airflow/example_dags/tutorial_taskflow_api_virtualenv.py
[2026-07-02T17:09:04.015+0000] {processor.py:830} INFO - Processing file /usr/local/python/3.12.1/lib/python3.12/site-packages/airflow/example_dags/tutorial_taskflow_api_virtualenv.py for tasks to queue
[2026-07-02T17:09:04.016+0000] {logging_mixin.py:188} INFO - [2026-07-02T17:09:04.016+0000] {dagbag.py:545} INFO - Filling up the DagBag from /usr/local/python/3.12.1/lib/python3.12/site-packages/airflow/example_dags/tutorial_taskflow_api_virtualenv.py
[2026-07-02T17:09:04.025+0000] {processor.py:840} INFO - DAG(s) 'tutorial_taskflow_api_virtualenv' retrieved from /usr/local/python/3.12.1/lib/python3.12/site-packages/airflow/example_dags/tutorial_taskflow_api_virtualenv.py
[2026-07-02T17:09:04.037+0000] {logging_mixin.py:188} INFO - [2026-07-02T17:09:04.037+0000] {dag.py:3089} INFO - Sync 1 DAGs
[2026-07-02T17:09:04.046+0000] {logging_mixin.py:188} INFO - [2026-07-02T17:09:04.046+0000] {dag.py:3947} INFO - Setting next_dagrun for tutorial_taskflow_api_virtualenv to None, run_after=None
[2026-07-02T17:09:04.064+0000] {processor.py:183} INFO - Processing /usr/local/python/3.12.1/lib/python3.12/site-packages/airflow/example_dags/tutorial_taskflow_api_virtualenv.py took 0.054 seconds
[2026-07-02T17:09:50.466+0000] {processor.py:161} INFO - Started process (PID=166953) to work on /usr/local/python/3.12.1/lib/python3.12/site-packages/airflow/example_dags/tutorial_taskflow_api_virtualenv.py
[2026-07-02T17:09:50.467+0000] {processor.py:830} INFO - Processing file /usr/local/python/3.12.1/lib/python3.12/site-packages/airflow/example_dags/tutorial_taskflow_api_virtualenv.py for tasks to queue
[2026-07-02T17:09:50.469+0000] {logging_mixin.py:188} INFO - [2026-07-02T17:09:50.469+0000] {dagbag.py:545} INFO - Filling up the DagBag from /usr/local/python/3.12.1/lib/python3.12/site-packages/airflow/example_dags/tutorial_taskflow_api_virtualenv.py
[2026-07-02T17:09:50.482+0000] {processor.py:840} INFO - DAG(s) 'tutorial_taskflow_api_virtualenv' retrieved from /usr/local/python/3.12.1/lib/python3.12/site-packages/airflow/example_dags/tutorial_taskflow_api_virtualenv.py
[2026-07-02T17:09:50.500+0000] {logging_mixin.py:188} INFO - [2026-07-02T17:09:50.500+0000] {dag.py:3089} INFO - Sync 1 DAGs
[2026-07-02T17:09:50.512+0000] {logging_mixin.py:188} INFO - [2026-07-02T17:09:50.512+0000] {dag.py:3947} INFO - Setting next_dagrun for tutorial_taskflow_api_virtualenv to None, run_after=None
[2026-07-02T17:09:50.530+0000] {processor.py:183} INFO - Processing /usr/local/python/3.12.1/lib/python3.12/site-packages/airflow/example_dags/tutorial_taskflow_api_virtualenv.py took 0.070 seconds
[2026-07-02T17:10:35.699+0000] {processor.py:161} INFO - Started process (PID=167456) to work on /usr/local/python/3.12.1/lib/python3.12/site-packages/airflow/example_dags/tutorial_taskflow_api_virtualenv.py
[2026-07-02T17:10:35.699+0000] {processor.py:830} INFO - Processing file /usr/local/python/3.12.1/lib/python3.12/site-packages/airflow/example_dags/tutorial_taskflow_api_virtualenv.py for tasks to queue
[2026-07-02T17:10:35.701+0000] {logging_mixin.py:188} INFO - [2026-07-02T17:10:35.701+0000] {dagbag.py:545} INFO - Filling up the DagBag from /usr/local/python/3.12.1/lib/python3.12/site-packages/airflow/example_dags/tutorial_taskflow_api_virtualenv.py
[2026-07-02T17:10:35.709+0000] {processor.py:840} INFO - DAG(s) 'tutorial_taskflow_api_virtualenv' retrieved from /usr/local/python/3.12.1/lib/python3.12/site-packages/airflow/example_dags/tutorial_taskflow_api_virtualenv.py
[2026-07-02T17:10:35.722+0000] {logging_mixin.py:188} INFO - [2026-07-02T17:10:35.722+0000] {dag.py:3089} INFO - Sync 1 DAGs
[2026-07-02T17:10:35.731+0000] {logging_mixin.py:188} INFO - [2026-07-02T17:10:35.731+0000] {dag.py:3947} INFO - Setting next_dagrun for tutorial_taskflow_api_virtualenv to None, run_after=None
[2026-07-02T17:10:35.748+0000] {processor.py:183} INFO - Processing /usr/local/python/3.12.1/lib/python3.12/site-packages/airflow/example_dags/tutorial_taskflow_api_virtualenv.py took 0.054 seconds
[2026-07-02T17:11:20.961+0000] {processor.py:161} INFO - Started process (PID=167934) to work on /usr/local/python/3.12.1/lib/python3.12/site-packages/airflow/example_dags/tutorial_taskflow_api_virtualenv.py
[2026-07-02T17:11:20.963+0000] {processor.py:830} INFO - Processing file /usr/local/python/3.12.1/lib/python3.12/site-packages/airflow/example_dags/tutorial_taskflow_api_virtualenv.py for tasks to queue
[2026-07-02T17:11:20.965+0000] {logging_mixin.py:188} INFO - [2026-07-02T17:11:20.965+0000] {dagbag.py:545} INFO - Filling up the DagBag from /usr/local/python/3.12.1/lib/python3.12/site-packages/airflow/example_dags/tutorial_taskflow_api_virtualenv.py
[2026-07-02T17:11:20.975+0000] {processor.py:840} INFO - DAG(s) 'tutorial_taskflow_api_virtualenv' retrieved from /usr/local/python/3.12.1/lib/python3.12/site-packages/airflow/example_dags/tutorial_taskflow_api_virtualenv.py
[2026-07-02T17:11:20.992+0000] {logging_mixin.py:188} INFO - [2026-07-02T17:11:20.992+0000] {dag.py:3089} INFO - Sync 1 DAGs
[2026-07-02T17:11:21.007+0000] {logging_mixin.py:188} INFO - [2026-07-02T17:11:21.007+0000] {dag.py:3947} INFO - Setting next_dagrun for tutorial_taskflow_api_virtualenv to None, run_after=None
[2026-07-02T17:11:21.027+0000] {processor.py:183} INFO - Processing /usr/local/python/3.12.1/lib/python3.12/site-packages/airflow/example_dags/tutorial_taskflow_api_virtualenv.py took 0.072 seconds
[2026-07-02T17:12:06.713+0000] {processor.py:161} INFO - Started process (PID=168413) to work on /usr/local/python/3.12.1/lib/python3.12/site-packages/airflow/example_dags/tutorial_taskflow_api_virtualenv.py
[2026-07-02T17:12:06.714+0000] {processor.py:830} INFO - Processing file /usr/local/python/3.12.1/lib/python3.12/site-packages/airflow/example_dags/tutorial_taskflow_api_virtualenv.py for tasks to queue
[2026-07-02T17:12:06.715+0000] {logging_mixin.py:188} INFO - [2026-07-02T17:12:06.715+0000] {dagbag.py:545} INFO - Filling up the DagBag from /usr/local/python/3.12.1/lib/python3.12/site-packages/airflow/example_dags/tutorial_taskflow_api_virtualenv.py
[2026-07-02T17:12:06.724+0000] {processor.py:840} INFO - DAG(s) 'tutorial_taskflow_api_virtualenv' retrieved from /usr/local/python/3.12.1/lib/python3.12/site-packages/airflow/example_dags/tutorial_taskflow_api_virtualenv.py
[2026-07-02T17:12:06.736+0000] {logging_mixin.py:188} INFO - [2026-07-02T17:12:06.736+0000] {dag.py:3089} INFO - Sync 1 DAGs
[2026-07-02T17:12:06.745+0000] {logging_mixin.py:188} INFO - [2026-07-02T17:12:06.745+0000] {dag.py:3947} INFO - Setting next_dagrun for tutorial_taskflow_api_virtualenv to None, run_after=None
[2026-07-02T17:12:06.765+0000] {processor.py:183} INFO - Processing /usr/local/python/3.12.1/lib/python3.12/site-packages/airflow/example_dags/tutorial_taskflow_api_virtualenv.py took 0.057 seconds
[2026-07-02T17:12:48.660+0000] {processor.py:161} INFO - Started process (PID=168870) to work on /usr/local/python/3.12.1/lib/python3.12/site-packages/airflow/example_dags/tutorial_taskflow_api_virtualenv.py
[2026-07-02T17:12:48.663+0000] {processor.py:830} INFO - Processing file /usr/local/python/3.12.1/lib/python3.12/site-packages/airflow/example_dags/tutorial_taskflow_api_virtualenv.py for tasks to queue
[2026-07-02T17:12:48.665+0000] {logging_mixin.py:188} INFO - [2026-07-02T17:12:48.665+0000] {dagbag.py:545} INFO - Filling up the DagBag from /usr/local/python/3.12.1/lib/python3.12/site-packages/airflow/example_dags/tutorial_taskflow_api_virtualenv.py
[2026-07-02T17:12:48.677+0000] {processor.py:840} INFO - DAG(s) 'tutorial_taskflow_api_virtualenv' retrieved from /usr/local/python/3.12.1/lib/python3.12/site-packages/airflow/example_dags/tutorial_taskflow_api_virtualenv.py
[2026-07-02T17:12:48.696+0000] {logging_mixin.py:188} INFO - [2026-07-02T17:12:48.695+0000] {dag.py:3089} INFO - Sync 1 DAGs
[2026-07-02T17:12:48.709+0000] {logging_mixin.py:188} INFO - [2026-07-02T17:12:48.709+0000] {dag.py:3947} INFO - Setting next_dagrun for tutorial_taskflow_api_virtualenv to None, run_after=None
[2026-07-02T17:12:48.733+0000] {processor.py:183} INFO - Processing /usr/local/python/3.12.1/lib/python3.12/site-packages/airflow/example_dags/tutorial_taskflow_api_virtualenv.py took 0.081 seconds
[2026-07-02T17:13:28.060+0000] {processor.py:161} INFO - Started process (PID=169283) to work on /usr/local/python/3.12.1/lib/python3.12/site-packages/airflow/example_dags/tutorial_taskflow_api_virtualenv.py
[2026-07-02T17:13:28.060+0000] {processor.py:830} INFO - Processing file /usr/local/python/3.12.1/lib/python3.12/site-packages/airflow/example_dags/tutorial_taskflow_api_virtualenv.py for tasks to queue
[2026-07-02T17:13:28.062+0000] {logging_mixin.py:188} INFO - [2026-07-02T17:13:28.062+0000] {dagbag.py:545} INFO - Filling up the DagBag from /usr/local/python/3.12.1/lib/python3.12/site-packages/airflow/example_dags/tutorial_taskflow_api_virtualenv.py
[2026-07-02T17:13:28.071+0000] {processor.py:840} INFO - DAG(s) 'tutorial_taskflow_api_virtualenv' retrieved from /usr/local/python/3.12.1/lib/python3.12/site-packages/airflow/example_dags/tutorial_taskflow_api_virtualenv.py
[2026-07-02T17:13:28.087+0000] {logging_mixin.py:188} INFO - [2026-07-02T17:13:28.087+0000] {dag.py:3089} INFO - Sync 1 DAGs
[2026-07-02T17:13:28.099+0000] {logging_mixin.py:188} INFO - [2026-07-02T17:13:28.099+0000] {dag.py:3947} INFO - Setting next_dagrun for tutorial_taskflow_api_virtualenv to None, run_after=None
[2026-07-02T17:13:28.117+0000] {processor.py:183} INFO - Processing /usr/local/python/3.12.1/lib/python3.12/site-packages/airflow/example_dags/tutorial_taskflow_api_virtualenv.py took 0.062 seconds
[2026-07-02T17:14:10.356+0000] {processor.py:161} INFO - Started process (PID=169727) to work on /usr/local/python/3.12.1/lib/python3.12/site-packages/airflow/example_dags/tutorial_taskflow_api_virtualenv.py
[2026-07-02T17:14:10.356+0000] {processor.py:830} INFO - Processing file /usr/local/python/3.12.1/lib/python3.12/site-packages/airflow/example_dags/tutorial_taskflow_api_virtualenv.py for tasks to queue
[2026-07-02T17:14:10.358+0000] {logging_mixin.py:188} INFO - [2026-07-02T17:14:10.357+0000] {dagbag.py:545} INFO - Filling up the DagBag from /usr/local/python/3.12.1/lib/python3.12/site-packages/airflow/example_dags/tutorial_taskflow_api_virtualenv.py
[2026-07-02T17:14:10.367+0000] {processor.py:840} INFO - DAG(s) 'tutorial_taskflow_api_virtualenv' retrieved from /usr/local/python/3.12.1/lib/python3.12/site-packages/airflow/example_dags/tutorial_taskflow_api_virtualenv.py
[2026-07-02T17:14:10.381+0000] {logging_mixin.py:188} INFO - [2026-07-02T17:14:10.381+0000] {dag.py:3089} INFO - Sync 1 DAGs
[2026-07-02T17:14:10.394+0000] {logging_mixin.py:188} INFO - [2026-07-02T17:14:10.394+0000] {dag.py:3947} INFO - Setting next_dagrun for tutorial_taskflow_api_virtualenv to None, run_after=None
[2026-07-02T17:14:10.412+0000] {processor.py:183} INFO - Processing /usr/local/python/3.12.1/lib/python3.12/site-packages/airflow/example_dags/tutorial_taskflow_api_virtualenv.py took 0.061 seconds
[2026-07-02T17:14:54.160+0000] {processor.py:161} INFO - Started process (PID=170188) to work on /usr/local/python/3.12.1/lib/python3.12/site-packages/airflow/example_dags/tutorial_taskflow_api_virtualenv.py
[2026-07-02T17:14:54.162+0000] {processor.py:830} INFO - Processing file /usr/local/python/3.12.1/lib/python3.12/site-packages/airflow/example_dags/tutorial_taskflow_api_virtualenv.py for tasks to queue
[2026-07-02T17:14:54.165+0000] {logging_mixin.py:188} INFO - [2026-07-02T17:14:54.164+0000] {dagbag.py:545} INFO - Filling up the DagBag from /usr/local/python/3.12.1/lib/python3.12/site-packages/airflow/example_dags/tutorial_taskflow_api_virtualenv.py
[2026-07-02T17:14:54.176+0000] {processor.py:840} INFO - DAG(s) 'tutorial_taskflow_api_virtualenv' retrieved from /usr/local/python/3.12.1/lib/python3.12/site-packages/airflow/example_dags/tutorial_taskflow_api_virtualenv.py
[2026-07-02T17:14:54.200+0000] {logging_mixin.py:188} INFO - [2026-07-02T17:14:54.200+0000] {dag.py:3089} INFO - Sync 1 DAGs
[2026-07-02T17:14:54.214+0000] {logging_mixin.py:188} INFO - [2026-07-02T17:14:54.213+0000] {dag.py:3947} INFO - Setting next_dagrun for tutorial_taskflow_api_virtualenv to None, run_after=None
[2026-07-02T17:14:54.247+0000] {processor.py:183} INFO - Processing /usr/local/python/3.12.1/lib/python3.12/site-packages/airflow/example_dags/tutorial_taskflow_api_virtualenv.py took 0.097 seconds
[2026-07-02T17:15:34.567+0000] {processor.py:161} INFO - Started process (PID=170629) to work on /usr/local/python/3.12.1/lib/python3.12/site-packages/airflow/example_dags/tutorial_taskflow_api_virtualenv.py
[2026-07-02T17:15:34.568+0000] {processor.py:830} INFO - Processing file /usr/local/python/3.12.1/lib/python3.12/site-packages/airflow/example_dags/tutorial_taskflow_api_virtualenv.py for tasks to queue
[2026-07-02T17:15:34.570+0000] {logging_mixin.py:188} INFO - [2026-07-02T17:15:34.570+0000] {dagbag.py:545} INFO - Filling up the DagBag from /usr/local/python/3.12.1/lib/python3.12/site-packages/airflow/example_dags/tutorial_taskflow_api_virtualenv.py
[2026-07-02T17:15:34.583+0000] {processor.py:840} INFO - DAG(s) 'tutorial_taskflow_api_virtualenv' retrieved from /usr/local/python/3.12.1/lib/python3.12/site-packages/airflow/example_dags/tutorial_taskflow_api_virtualenv.py
[2026-07-02T17:15:34.601+0000] {logging_mixin.py:188} INFO - [2026-07-02T17:15:34.601+0000] {dag.py:3089} INFO - Sync 1 DAGs
[2026-07-02T17:15:34.614+0000] {logging_mixin.py:188} INFO - [2026-07-02T17:15:34.614+0000] {dag.py:3947} INFO - Setting next_dagrun for tutorial_taskflow_api_virtualenv to None, run_after=None
[2026-07-02T17:15:34.641+0000] {processor.py:183} INFO - Processing /usr/local/python/3.12.1/lib/python3.12/site-packages/airflow/example_dags/tutorial_taskflow_api_virtualenv.py took 0.080 seconds
[2026-07-02T17:16:10.698+0000] {processor.py:161} INFO - Started process (PID=170989) to work on /usr/local/python/3.12.1/lib/python3.12/site-packages/airflow/example_dags/tutorial_taskflow_api_virtualenv.py
[2026-07-02T17:16:10.698+0000] {processor.py:830} INFO - Processing file /usr/local/python/3.12.1/lib/python3.12/site-packages/airflow/example_dags/tutorial_taskflow_api_virtualenv.py for tasks to queue
[2026-07-02T17:16:10.700+0000] {logging_mixin.py:188} INFO - [2026-07-02T17:16:10.700+0000] {dagbag.py:545} INFO - Filling up the DagBag from /usr/local/python/3.12.1/lib/python3.12/site-packages/airflow/example_dags/tutorial_taskflow_api_virtualenv.py
[2026-07-02T17:16:10.709+0000] {processor.py:840} INFO - DAG(s) 'tutorial_taskflow_api_virtualenv' retrieved from /usr/local/python/3.12.1/lib/python3.12/site-packages/airflow/example_dags/tutorial_taskflow_api_virtualenv.py
[2026-07-02T17:16:10.721+0000] {logging_mixin.py:188} INFO - [2026-07-02T17:16:10.720+0000] {dag.py:3089} INFO - Sync 1 DAGs
[2026-07-02T17:16:10.730+0000] {logging_mixin.py:188} INFO - [2026-07-02T17:16:10.729+0000] {dag.py:3947} INFO - Setting next_dagrun for tutorial_taskflow_api_virtualenv to None, run_after=None
[2026-07-02T17:16:10.746+0000] {processor.py:183} INFO - Processing /usr/local/python/3.12.1/lib/python3.12/site-packages/airflow/example_dags/tutorial_taskflow_api_virtualenv.py took 0.054 seconds
[2026-07-02T17:16:52.035+0000] {processor.py:161} INFO - Started process (PID=171428) to work on /usr/local/python/3.12.1/lib/python3.12/site-packages/airflow/example_dags/tutorial_taskflow_api_virtualenv.py
[2026-07-02T17:16:52.036+0000] {processor.py:830} INFO - Processing file /usr/local/python/3.12.1/lib/python3.12/site-packages/airflow/example_dags/tutorial_taskflow_api_virtualenv.py for tasks to queue
[2026-07-02T17:16:52.038+0000] {logging_mixin.py:188} INFO - [2026-07-02T17:16:52.037+0000] {dagbag.py:545} INFO - Filling up the DagBag from /usr/local/python/3.12.1/lib/python3.12/site-packages/airflow/example_dags/tutorial_taskflow_api_virtualenv.py
[2026-07-02T17:16:52.046+0000] {processor.py:840} INFO - DAG(s) 'tutorial_taskflow_api_virtualenv' retrieved from /usr/local/python/3.12.1/lib/python3.12/site-packages/airflow/example_dags/tutorial_taskflow_api_virtualenv.py
[2026-07-02T17:16:52.059+0000] {logging_mixin.py:188} INFO - [2026-07-02T17:16:52.059+0000] {dag.py:3089} INFO - Sync 1 DAGs
[2026-07-02T17:16:52.068+0000] {logging_mixin.py:188} INFO - [2026-07-02T17:16:52.068+0000] {dag.py:3947} INFO - Setting next_dagrun for tutorial_taskflow_api_virtualenv to None, run_after=None
[2026-07-02T17:16:52.096+0000] {processor.py:183} INFO - Processing /usr/local/python/3.12.1/lib/python3.12/site-packages/airflow/example_dags/tutorial_taskflow_api_virtualenv.py took 0.065 seconds
