[2026-07-02T16:24:05.588+0000] {processor.py:161} INFO - Started process (PID=117455) to work on /usr/local/python/3.12.1/lib/python3.12/site-packages/airflow/example_dags/tutorial_taskflow_api.py
[2026-07-02T16:24:05.589+0000] {processor.py:830} INFO - Processing file /usr/local/python/3.12.1/lib/python3.12/site-packages/airflow/example_dags/tutorial_taskflow_api.py for tasks to queue
[2026-07-02T16:24:05.591+0000] {logging_mixin.py:188} INFO - [2026-07-02T16:24:05.591+0000] {dagbag.py:545} INFO - Filling up the DagBag from /usr/local/python/3.12.1/lib/python3.12/site-packages/airflow/example_dags/tutorial_taskflow_api.py
[2026-07-02T16:24:05.607+0000] {processor.py:840} INFO - DAG(s) 'tutorial_taskflow_api' retrieved from /usr/local/python/3.12.1/lib/python3.12/site-packages/airflow/example_dags/tutorial_taskflow_api.py
[2026-07-02T16:24:05.767+0000] {logging_mixin.py:188} INFO - [2026-07-02T16:24:05.766+0000] {override.py:1858} INFO - Created Permission View: can delete on DAG:tutorial_taskflow_api
[2026-07-02T16:24:05.779+0000] {logging_mixin.py:188} INFO - [2026-07-02T16:24:05.778+0000] {override.py:1858} INFO - Created Permission View: can read on DAG:tutorial_taskflow_api
[2026-07-02T16:24:05.786+0000] {logging_mixin.py:188} INFO - [2026-07-02T16:24:05.786+0000] {override.py:1858} INFO - Created Permission View: can edit on DAG:tutorial_taskflow_api
[2026-07-02T16:24:05.787+0000] {logging_mixin.py:188} INFO - [2026-07-02T16:24:05.787+0000] {dag.py:3089} INFO - Sync 1 DAGs
[2026-07-02T16:24:05.799+0000] {logging_mixin.py:188} INFO - [2026-07-02T16:24:05.799+0000] {dag.py:3111} INFO - Creating ORM DAG for tutorial_taskflow_api
[2026-07-02T16:24:05.800+0000] {logging_mixin.py:188} INFO - [2026-07-02T16:24:05.800+0000] {dag.py:3947} INFO - Setting next_dagrun for tutorial_taskflow_api to None, run_after=None
[2026-07-02T16:24:05.822+0000] {processor.py:183} INFO - Processing /usr/local/python/3.12.1/lib/python3.12/site-packages/airflow/example_dags/tutorial_taskflow_api.py took 0.241 seconds
[2026-07-02T16:25:03.286+0000] {processor.py:161} INFO - Started process (PID=118278) to work on /usr/local/python/3.12.1/lib/python3.12/site-packages/airflow/example_dags/tutorial_taskflow_api.py
[2026-07-02T16:25:03.287+0000] {processor.py:830} INFO - Processing file /usr/local/python/3.12.1/lib/python3.12/site-packages/airflow/example_dags/tutorial_taskflow_api.py for tasks to queue
[2026-07-02T16:25:03.290+0000] {logging_mixin.py:188} INFO - [2026-07-02T16:25:03.290+0000] {dagbag.py:545} INFO - Filling up the DagBag from /usr/local/python/3.12.1/lib/python3.12/site-packages/airflow/example_dags/tutorial_taskflow_api.py
[2026-07-02T16:25:03.300+0000] {processor.py:840} INFO - DAG(s) 'tutorial_taskflow_api' retrieved from /usr/local/python/3.12.1/lib/python3.12/site-packages/airflow/example_dags/tutorial_taskflow_api.py
[2026-07-02T16:25:03.313+0000] {logging_mixin.py:188} INFO - [2026-07-02T16:25:03.313+0000] {dag.py:3089} INFO - Sync 1 DAGs
[2026-07-02T16:25:03.322+0000] {logging_mixin.py:188} INFO - [2026-07-02T16:25:03.322+0000] {dag.py:3947} INFO - Setting next_dagrun for tutorial_taskflow_api to None, run_after=None
[2026-07-02T16:25:03.341+0000] {processor.py:183} INFO - Processing /usr/local/python/3.12.1/lib/python3.12/site-packages/airflow/example_dags/tutorial_taskflow_api.py took 0.065 seconds
[2026-07-02T16:25:48.336+0000] {processor.py:161} INFO - Started process (PID=121081) to work on /usr/local/python/3.12.1/lib/python3.12/site-packages/airflow/example_dags/tutorial_taskflow_api.py
[2026-07-02T16:25:48.340+0000] {processor.py:830} INFO - Processing file /usr/local/python/3.12.1/lib/python3.12/site-packages/airflow/example_dags/tutorial_taskflow_api.py for tasks to queue
[2026-07-02T16:25:48.343+0000] {logging_mixin.py:188} INFO - [2026-07-02T16:25:48.343+0000] {dagbag.py:545} INFO - Filling up the DagBag from /usr/local/python/3.12.1/lib/python3.12/site-packages/airflow/example_dags/tutorial_taskflow_api.py
[2026-07-02T16:25:48.353+0000] {processor.py:840} INFO - DAG(s) 'tutorial_taskflow_api' retrieved from /usr/local/python/3.12.1/lib/python3.12/site-packages/airflow/example_dags/tutorial_taskflow_api.py
[2026-07-02T16:25:48.384+0000] {logging_mixin.py:188} INFO - [2026-07-02T16:25:48.383+0000] {dag.py:3089} INFO - Sync 1 DAGs
[2026-07-02T16:25:48.404+0000] {logging_mixin.py:188} INFO - [2026-07-02T16:25:48.403+0000] {dag.py:3947} INFO - Setting next_dagrun for tutorial_taskflow_api to None, run_after=None
[2026-07-02T16:25:48.477+0000] {processor.py:183} INFO - Processing /usr/local/python/3.12.1/lib/python3.12/site-packages/airflow/example_dags/tutorial_taskflow_api.py took 0.165 seconds
[2026-07-02T16:26:39.738+0000] {processor.py:161} INFO - Started process (PID=126473) to work on /usr/local/python/3.12.1/lib/python3.12/site-packages/airflow/example_dags/tutorial_taskflow_api.py
[2026-07-02T16:26:39.740+0000] {processor.py:830} INFO - Processing file /usr/local/python/3.12.1/lib/python3.12/site-packages/airflow/example_dags/tutorial_taskflow_api.py for tasks to queue
[2026-07-02T16:26:39.742+0000] {logging_mixin.py:188} INFO - [2026-07-02T16:26:39.742+0000] {dagbag.py:545} INFO - Filling up the DagBag from /usr/local/python/3.12.1/lib/python3.12/site-packages/airflow/example_dags/tutorial_taskflow_api.py
[2026-07-02T16:26:39.761+0000] {processor.py:840} INFO - DAG(s) 'tutorial_taskflow_api' retrieved from /usr/local/python/3.12.1/lib/python3.12/site-packages/airflow/example_dags/tutorial_taskflow_api.py
[2026-07-02T16:26:39.820+0000] {logging_mixin.py:188} INFO - [2026-07-02T16:26:39.820+0000] {dag.py:3089} INFO - Sync 1 DAGs
[2026-07-02T16:26:39.854+0000] {logging_mixin.py:188} INFO - [2026-07-02T16:26:39.853+0000] {dag.py:3947} INFO - Setting next_dagrun for tutorial_taskflow_api to None, run_after=None
[2026-07-02T16:26:40.010+0000] {processor.py:183} INFO - Processing /usr/local/python/3.12.1/lib/python3.12/site-packages/airflow/example_dags/tutorial_taskflow_api.py took 0.279 seconds
[2026-07-02T16:27:56.058+0000] {processor.py:161} INFO - Started process (PID=128633) to work on /usr/local/python/3.12.1/lib/python3.12/site-packages/airflow/example_dags/tutorial_taskflow_api.py
[2026-07-02T16:27:56.060+0000] {processor.py:830} INFO - Processing file /usr/local/python/3.12.1/lib/python3.12/site-packages/airflow/example_dags/tutorial_taskflow_api.py for tasks to queue
[2026-07-02T16:27:56.061+0000] {logging_mixin.py:188} INFO - [2026-07-02T16:27:56.061+0000] {dagbag.py:545} INFO - Filling up the DagBag from /usr/local/python/3.12.1/lib/python3.12/site-packages/airflow/example_dags/tutorial_taskflow_api.py
[2026-07-02T16:27:56.066+0000] {processor.py:840} INFO - DAG(s) 'tutorial_taskflow_api' retrieved from /usr/local/python/3.12.1/lib/python3.12/site-packages/airflow/example_dags/tutorial_taskflow_api.py
[2026-07-02T16:27:56.082+0000] {logging_mixin.py:188} INFO - [2026-07-02T16:27:56.082+0000] {dag.py:3089} INFO - Sync 1 DAGs
[2026-07-02T16:27:56.095+0000] {logging_mixin.py:188} INFO - [2026-07-02T16:27:56.095+0000] {dag.py:3947} INFO - Setting next_dagrun for tutorial_taskflow_api to None, run_after=None
[2026-07-02T16:27:56.112+0000] {processor.py:183} INFO - Processing /usr/local/python/3.12.1/lib/python3.12/site-packages/airflow/example_dags/tutorial_taskflow_api.py took 0.059 seconds
[2026-07-02T16:28:52.480+0000] {processor.py:161} INFO - Started process (PID=129494) to work on /usr/local/python/3.12.1/lib/python3.12/site-packages/airflow/example_dags/tutorial_taskflow_api.py
[2026-07-02T16:28:52.490+0000] {processor.py:830} INFO - Processing file /usr/local/python/3.12.1/lib/python3.12/site-packages/airflow/example_dags/tutorial_taskflow_api.py for tasks to queue
[2026-07-02T16:28:52.492+0000] {logging_mixin.py:188} INFO - [2026-07-02T16:28:52.491+0000] {dagbag.py:545} INFO - Filling up the DagBag from /usr/local/python/3.12.1/lib/python3.12/site-packages/airflow/example_dags/tutorial_taskflow_api.py
[2026-07-02T16:28:52.500+0000] {processor.py:840} INFO - DAG(s) 'tutorial_taskflow_api' retrieved from /usr/local/python/3.12.1/lib/python3.12/site-packages/airflow/example_dags/tutorial_taskflow_api.py
[2026-07-02T16:28:52.527+0000] {logging_mixin.py:188} INFO - [2026-07-02T16:28:52.526+0000] {dag.py:3089} INFO - Sync 1 DAGs
[2026-07-02T16:28:52.540+0000] {logging_mixin.py:188} INFO - [2026-07-02T16:28:52.540+0000] {dag.py:3947} INFO - Setting next_dagrun for tutorial_taskflow_api to None, run_after=None
[2026-07-02T16:28:52.678+0000] {processor.py:183} INFO - Processing /usr/local/python/3.12.1/lib/python3.12/site-packages/airflow/example_dags/tutorial_taskflow_api.py took 0.204 seconds
[2026-07-02T16:29:54.692+0000] {processor.py:161} INFO - Started process (PID=130194) to work on /usr/local/python/3.12.1/lib/python3.12/site-packages/airflow/example_dags/tutorial_taskflow_api.py
[2026-07-02T16:29:54.696+0000] {processor.py:830} INFO - Processing file /usr/local/python/3.12.1/lib/python3.12/site-packages/airflow/example_dags/tutorial_taskflow_api.py for tasks to queue
[2026-07-02T16:29:54.700+0000] {logging_mixin.py:188} INFO - [2026-07-02T16:29:54.698+0000] {dagbag.py:545} INFO - Filling up the DagBag from /usr/local/python/3.12.1/lib/python3.12/site-packages/airflow/example_dags/tutorial_taskflow_api.py
[2026-07-02T16:29:54.769+0000] {processor.py:840} INFO - DAG(s) 'tutorial_taskflow_api' retrieved from /usr/local/python/3.12.1/lib/python3.12/site-packages/airflow/example_dags/tutorial_taskflow_api.py
[2026-07-02T16:29:54.830+0000] {logging_mixin.py:188} INFO - [2026-07-02T16:29:54.829+0000] {dag.py:3089} INFO - Sync 1 DAGs
[2026-07-02T16:29:54.850+0000] {logging_mixin.py:188} INFO - [2026-07-02T16:29:54.849+0000] {dag.py:3947} INFO - Setting next_dagrun for tutorial_taskflow_api to None, run_after=None
[2026-07-02T16:29:54.868+0000] {processor.py:183} INFO - Processing /usr/local/python/3.12.1/lib/python3.12/site-packages/airflow/example_dags/tutorial_taskflow_api.py took 0.187 seconds
[2026-07-02T16:30:48.672+0000] {processor.py:161} INFO - Started process (PID=130788) to work on /usr/local/python/3.12.1/lib/python3.12/site-packages/airflow/example_dags/tutorial_taskflow_api.py
[2026-07-02T16:30:48.673+0000] {processor.py:830} INFO - Processing file /usr/local/python/3.12.1/lib/python3.12/site-packages/airflow/example_dags/tutorial_taskflow_api.py for tasks to queue
[2026-07-02T16:30:48.675+0000] {logging_mixin.py:188} INFO - [2026-07-02T16:30:48.674+0000] {dagbag.py:545} INFO - Filling up the DagBag from /usr/local/python/3.12.1/lib/python3.12/site-packages/airflow/example_dags/tutorial_taskflow_api.py
[2026-07-02T16:30:48.686+0000] {processor.py:840} INFO - DAG(s) 'tutorial_taskflow_api' retrieved from /usr/local/python/3.12.1/lib/python3.12/site-packages/airflow/example_dags/tutorial_taskflow_api.py
[2026-07-02T16:30:48.707+0000] {logging_mixin.py:188} INFO - [2026-07-02T16:30:48.706+0000] {dag.py:3089} INFO - Sync 1 DAGs
[2026-07-02T16:30:48.721+0000] {logging_mixin.py:188} INFO - [2026-07-02T16:30:48.721+0000] {dag.py:3947} INFO - Setting next_dagrun for tutorial_taskflow_api to None, run_after=None
[2026-07-02T16:30:48.750+0000] {processor.py:183} INFO - Processing /usr/local/python/3.12.1/lib/python3.12/site-packages/airflow/example_dags/tutorial_taskflow_api.py took 0.084 seconds
[2026-07-02T16:31:37.521+0000] {processor.py:161} INFO - Started process (PID=131341) to work on /usr/local/python/3.12.1/lib/python3.12/site-packages/airflow/example_dags/tutorial_taskflow_api.py
[2026-07-02T16:31:37.522+0000] {processor.py:830} INFO - Processing file /usr/local/python/3.12.1/lib/python3.12/site-packages/airflow/example_dags/tutorial_taskflow_api.py for tasks to queue
[2026-07-02T16:31:37.524+0000] {logging_mixin.py:188} INFO - [2026-07-02T16:31:37.523+0000] {dagbag.py:545} INFO - Filling up the DagBag from /usr/local/python/3.12.1/lib/python3.12/site-packages/airflow/example_dags/tutorial_taskflow_api.py
[2026-07-02T16:31:37.536+0000] {processor.py:840} INFO - DAG(s) 'tutorial_taskflow_api' retrieved from /usr/local/python/3.12.1/lib/python3.12/site-packages/airflow/example_dags/tutorial_taskflow_api.py
[2026-07-02T16:31:37.560+0000] {logging_mixin.py:188} INFO - [2026-07-02T16:31:37.559+0000] {dag.py:3089} INFO - Sync 1 DAGs
[2026-07-02T16:31:37.575+0000] {logging_mixin.py:188} INFO - [2026-07-02T16:31:37.575+0000] {dag.py:3947} INFO - Setting next_dagrun for tutorial_taskflow_api to None, run_after=None
[2026-07-02T16:31:37.604+0000] {processor.py:183} INFO - Processing /usr/local/python/3.12.1/lib/python3.12/site-packages/airflow/example_dags/tutorial_taskflow_api.py took 0.090 seconds
[2026-07-02T16:32:28.036+0000] {processor.py:161} INFO - Started process (PID=133029) to work on /usr/local/python/3.12.1/lib/python3.12/site-packages/airflow/example_dags/tutorial_taskflow_api.py
[2026-07-02T16:32:28.037+0000] {processor.py:830} INFO - Processing file /usr/local/python/3.12.1/lib/python3.12/site-packages/airflow/example_dags/tutorial_taskflow_api.py for tasks to queue
[2026-07-02T16:32:28.039+0000] {logging_mixin.py:188} INFO - [2026-07-02T16:32:28.039+0000] {dagbag.py:545} INFO - Filling up the DagBag from /usr/local/python/3.12.1/lib/python3.12/site-packages/airflow/example_dags/tutorial_taskflow_api.py
[2026-07-02T16:32:28.047+0000] {processor.py:840} INFO - DAG(s) 'tutorial_taskflow_api' retrieved from /usr/local/python/3.12.1/lib/python3.12/site-packages/airflow/example_dags/tutorial_taskflow_api.py
[2026-07-02T16:32:28.070+0000] {logging_mixin.py:188} INFO - [2026-07-02T16:32:28.070+0000] {dag.py:3089} INFO - Sync 1 DAGs
[2026-07-02T16:32:28.093+0000] {logging_mixin.py:188} INFO - [2026-07-02T16:32:28.092+0000] {dag.py:3947} INFO - Setting next_dagrun for tutorial_taskflow_api to None, run_after=None
[2026-07-02T16:32:28.125+0000] {processor.py:183} INFO - Processing /usr/local/python/3.12.1/lib/python3.12/site-packages/airflow/example_dags/tutorial_taskflow_api.py took 0.094 seconds
[2026-07-02T16:33:18.233+0000] {processor.py:161} INFO - Started process (PID=133584) to work on /usr/local/python/3.12.1/lib/python3.12/site-packages/airflow/example_dags/tutorial_taskflow_api.py
[2026-07-02T16:33:18.235+0000] {processor.py:830} INFO - Processing file /usr/local/python/3.12.1/lib/python3.12/site-packages/airflow/example_dags/tutorial_taskflow_api.py for tasks to queue
[2026-07-02T16:33:18.237+0000] {logging_mixin.py:188} INFO - [2026-07-02T16:33:18.237+0000] {dagbag.py:545} INFO - Filling up the DagBag from /usr/local/python/3.12.1/lib/python3.12/site-packages/airflow/example_dags/tutorial_taskflow_api.py
[2026-07-02T16:33:18.242+0000] {processor.py:840} INFO - DAG(s) 'tutorial_taskflow_api' retrieved from /usr/local/python/3.12.1/lib/python3.12/site-packages/airflow/example_dags/tutorial_taskflow_api.py
[2026-07-02T16:33:18.255+0000] {logging_mixin.py:188} INFO - [2026-07-02T16:33:18.255+0000] {dag.py:3089} INFO - Sync 1 DAGs
[2026-07-02T16:33:18.264+0000] {logging_mixin.py:188} INFO - [2026-07-02T16:33:18.264+0000] {dag.py:3947} INFO - Setting next_dagrun for tutorial_taskflow_api to None, run_after=None
[2026-07-02T16:33:18.281+0000] {processor.py:183} INFO - Processing /usr/local/python/3.12.1/lib/python3.12/site-packages/airflow/example_dags/tutorial_taskflow_api.py took 0.053 seconds
[2026-07-02T16:34:06.174+0000] {processor.py:161} INFO - Started process (PID=134187) to work on /usr/local/python/3.12.1/lib/python3.12/site-packages/airflow/example_dags/tutorial_taskflow_api.py
[2026-07-02T16:34:06.174+0000] {processor.py:830} INFO - Processing file /usr/local/python/3.12.1/lib/python3.12/site-packages/airflow/example_dags/tutorial_taskflow_api.py for tasks to queue
[2026-07-02T16:34:06.176+0000] {logging_mixin.py:188} INFO - [2026-07-02T16:34:06.176+0000] {dagbag.py:545} INFO - Filling up the DagBag from /usr/local/python/3.12.1/lib/python3.12/site-packages/airflow/example_dags/tutorial_taskflow_api.py
[2026-07-02T16:34:06.187+0000] {processor.py:840} INFO - DAG(s) 'tutorial_taskflow_api' retrieved from /usr/local/python/3.12.1/lib/python3.12/site-packages/airflow/example_dags/tutorial_taskflow_api.py
[2026-07-02T16:34:06.202+0000] {logging_mixin.py:188} INFO - [2026-07-02T16:34:06.201+0000] {dag.py:3089} INFO - Sync 1 DAGs
[2026-07-02T16:34:06.211+0000] {logging_mixin.py:188} INFO - [2026-07-02T16:34:06.210+0000] {dag.py:3947} INFO - Setting next_dagrun for tutorial_taskflow_api to None, run_after=None
[2026-07-02T16:34:06.229+0000] {processor.py:183} INFO - Processing /usr/local/python/3.12.1/lib/python3.12/site-packages/airflow/example_dags/tutorial_taskflow_api.py took 0.060 seconds
[2026-07-02T16:34:57.008+0000] {processor.py:161} INFO - Started process (PID=134855) to work on /usr/local/python/3.12.1/lib/python3.12/site-packages/airflow/example_dags/tutorial_taskflow_api.py
[2026-07-02T16:34:57.021+0000] {processor.py:830} INFO - Processing file /usr/local/python/3.12.1/lib/python3.12/site-packages/airflow/example_dags/tutorial_taskflow_api.py for tasks to queue
[2026-07-02T16:34:57.024+0000] {logging_mixin.py:188} INFO - [2026-07-02T16:34:57.023+0000] {dagbag.py:545} INFO - Filling up the DagBag from /usr/local/python/3.12.1/lib/python3.12/site-packages/airflow/example_dags/tutorial_taskflow_api.py
[2026-07-02T16:34:57.042+0000] {processor.py:840} INFO - DAG(s) 'tutorial_taskflow_api' retrieved from /usr/local/python/3.12.1/lib/python3.12/site-packages/airflow/example_dags/tutorial_taskflow_api.py
[2026-07-02T16:34:57.065+0000] {logging_mixin.py:188} INFO - [2026-07-02T16:34:57.065+0000] {dag.py:3089} INFO - Sync 1 DAGs
[2026-07-02T16:34:57.098+0000] {logging_mixin.py:188} INFO - [2026-07-02T16:34:57.098+0000] {dag.py:3947} INFO - Setting next_dagrun for tutorial_taskflow_api to None, run_after=None
[2026-07-02T16:34:57.215+0000] {processor.py:183} INFO - Processing /usr/local/python/3.12.1/lib/python3.12/site-packages/airflow/example_dags/tutorial_taskflow_api.py took 0.213 seconds
[2026-07-02T16:35:52.563+0000] {processor.py:161} INFO - Started process (PID=136296) to work on /usr/local/python/3.12.1/lib/python3.12/site-packages/airflow/example_dags/tutorial_taskflow_api.py
[2026-07-02T16:35:52.571+0000] {processor.py:830} INFO - Processing file /usr/local/python/3.12.1/lib/python3.12/site-packages/airflow/example_dags/tutorial_taskflow_api.py for tasks to queue
[2026-07-02T16:35:52.573+0000] {logging_mixin.py:188} INFO - [2026-07-02T16:35:52.572+0000] {dagbag.py:545} INFO - Filling up the DagBag from /usr/local/python/3.12.1/lib/python3.12/site-packages/airflow/example_dags/tutorial_taskflow_api.py
[2026-07-02T16:35:52.580+0000] {processor.py:840} INFO - DAG(s) 'tutorial_taskflow_api' retrieved from /usr/local/python/3.12.1/lib/python3.12/site-packages/airflow/example_dags/tutorial_taskflow_api.py
[2026-07-02T16:35:52.597+0000] {logging_mixin.py:188} INFO - [2026-07-02T16:35:52.597+0000] {dag.py:3089} INFO - Sync 1 DAGs
[2026-07-02T16:35:52.607+0000] {logging_mixin.py:188} INFO - [2026-07-02T16:35:52.606+0000] {dag.py:3947} INFO - Setting next_dagrun for tutorial_taskflow_api to None, run_after=None
[2026-07-02T16:35:52.623+0000] {processor.py:183} INFO - Processing /usr/local/python/3.12.1/lib/python3.12/site-packages/airflow/example_dags/tutorial_taskflow_api.py took 0.065 seconds
[2026-07-02T16:36:43.162+0000] {processor.py:161} INFO - Started process (PID=137005) to work on /usr/local/python/3.12.1/lib/python3.12/site-packages/airflow/example_dags/tutorial_taskflow_api.py
[2026-07-02T16:36:43.163+0000] {processor.py:830} INFO - Processing file /usr/local/python/3.12.1/lib/python3.12/site-packages/airflow/example_dags/tutorial_taskflow_api.py for tasks to queue
[2026-07-02T16:36:43.166+0000] {logging_mixin.py:188} INFO - [2026-07-02T16:36:43.166+0000] {dagbag.py:545} INFO - Filling up the DagBag from /usr/local/python/3.12.1/lib/python3.12/site-packages/airflow/example_dags/tutorial_taskflow_api.py
[2026-07-02T16:36:43.177+0000] {processor.py:840} INFO - DAG(s) 'tutorial_taskflow_api' retrieved from /usr/local/python/3.12.1/lib/python3.12/site-packages/airflow/example_dags/tutorial_taskflow_api.py
[2026-07-02T16:36:43.198+0000] {logging_mixin.py:188} INFO - [2026-07-02T16:36:43.198+0000] {dag.py:3089} INFO - Sync 1 DAGs
[2026-07-02T16:36:43.212+0000] {logging_mixin.py:188} INFO - [2026-07-02T16:36:43.212+0000] {dag.py:3947} INFO - Setting next_dagrun for tutorial_taskflow_api to None, run_after=None
[2026-07-02T16:36:43.241+0000] {processor.py:183} INFO - Processing /usr/local/python/3.12.1/lib/python3.12/site-packages/airflow/example_dags/tutorial_taskflow_api.py took 0.092 seconds
[2026-07-02T16:37:30.574+0000] {processor.py:161} INFO - Started process (PID=138326) to work on /usr/local/python/3.12.1/lib/python3.12/site-packages/airflow/example_dags/tutorial_taskflow_api.py
[2026-07-02T16:37:30.575+0000] {processor.py:830} INFO - Processing file /usr/local/python/3.12.1/lib/python3.12/site-packages/airflow/example_dags/tutorial_taskflow_api.py for tasks to queue
[2026-07-02T16:37:30.577+0000] {logging_mixin.py:188} INFO - [2026-07-02T16:37:30.576+0000] {dagbag.py:545} INFO - Filling up the DagBag from /usr/local/python/3.12.1/lib/python3.12/site-packages/airflow/example_dags/tutorial_taskflow_api.py
[2026-07-02T16:37:30.584+0000] {processor.py:840} INFO - DAG(s) 'tutorial_taskflow_api' retrieved from /usr/local/python/3.12.1/lib/python3.12/site-packages/airflow/example_dags/tutorial_taskflow_api.py
[2026-07-02T16:37:30.600+0000] {logging_mixin.py:188} INFO - [2026-07-02T16:37:30.600+0000] {dag.py:3089} INFO - Sync 1 DAGs
[2026-07-02T16:37:30.611+0000] {logging_mixin.py:188} INFO - [2026-07-02T16:37:30.611+0000] {dag.py:3947} INFO - Setting next_dagrun for tutorial_taskflow_api to None, run_after=None
[2026-07-02T16:37:30.633+0000] {processor.py:183} INFO - Processing /usr/local/python/3.12.1/lib/python3.12/site-packages/airflow/example_dags/tutorial_taskflow_api.py took 0.064 seconds
[2026-07-02T16:38:12.991+0000] {processor.py:161} INFO - Started process (PID=139226) to work on /usr/local/python/3.12.1/lib/python3.12/site-packages/airflow/example_dags/tutorial_taskflow_api.py
[2026-07-02T16:38:12.992+0000] {processor.py:830} INFO - Processing file /usr/local/python/3.12.1/lib/python3.12/site-packages/airflow/example_dags/tutorial_taskflow_api.py for tasks to queue
[2026-07-02T16:38:12.994+0000] {logging_mixin.py:188} INFO - [2026-07-02T16:38:12.994+0000] {dagbag.py:545} INFO - Filling up the DagBag from /usr/local/python/3.12.1/lib/python3.12/site-packages/airflow/example_dags/tutorial_taskflow_api.py
[2026-07-02T16:38:13.006+0000] {processor.py:840} INFO - DAG(s) 'tutorial_taskflow_api' retrieved from /usr/local/python/3.12.1/lib/python3.12/site-packages/airflow/example_dags/tutorial_taskflow_api.py
[2026-07-02T16:38:13.030+0000] {logging_mixin.py:188} INFO - [2026-07-02T16:38:13.029+0000] {dag.py:3089} INFO - Sync 1 DAGs
[2026-07-02T16:38:13.043+0000] {logging_mixin.py:188} INFO - [2026-07-02T16:38:13.043+0000] {dag.py:3947} INFO - Setting next_dagrun for tutorial_taskflow_api to None, run_after=None
[2026-07-02T16:38:13.073+0000] {processor.py:183} INFO - Processing /usr/local/python/3.12.1/lib/python3.12/site-packages/airflow/example_dags/tutorial_taskflow_api.py took 0.086 seconds
[2026-07-02T16:38:58.749+0000] {processor.py:161} INFO - Started process (PID=139891) to work on /usr/local/python/3.12.1/lib/python3.12/site-packages/airflow/example_dags/tutorial_taskflow_api.py
[2026-07-02T16:38:58.752+0000] {processor.py:830} INFO - Processing file /usr/local/python/3.12.1/lib/python3.12/site-packages/airflow/example_dags/tutorial_taskflow_api.py for tasks to queue
[2026-07-02T16:38:58.755+0000] {logging_mixin.py:188} INFO - [2026-07-02T16:38:58.754+0000] {dagbag.py:545} INFO - Filling up the DagBag from /usr/local/python/3.12.1/lib/python3.12/site-packages/airflow/example_dags/tutorial_taskflow_api.py
[2026-07-02T16:38:58.770+0000] {processor.py:840} INFO - DAG(s) 'tutorial_taskflow_api' retrieved from /usr/local/python/3.12.1/lib/python3.12/site-packages/airflow/example_dags/tutorial_taskflow_api.py
[2026-07-02T16:38:58.810+0000] {logging_mixin.py:188} INFO - [2026-07-02T16:38:58.809+0000] {dag.py:3089} INFO - Sync 1 DAGs
[2026-07-02T16:38:58.837+0000] {logging_mixin.py:188} INFO - [2026-07-02T16:38:58.837+0000] {dag.py:3947} INFO - Setting next_dagrun for tutorial_taskflow_api to None, run_after=None
[2026-07-02T16:38:58.863+0000] {processor.py:183} INFO - Processing /usr/local/python/3.12.1/lib/python3.12/site-packages/airflow/example_dags/tutorial_taskflow_api.py took 0.129 seconds
[2026-07-02T16:39:44.410+0000] {processor.py:161} INFO - Started process (PID=140492) to work on /usr/local/python/3.12.1/lib/python3.12/site-packages/airflow/example_dags/tutorial_taskflow_api.py
[2026-07-02T16:39:44.411+0000] {processor.py:830} INFO - Processing file /usr/local/python/3.12.1/lib/python3.12/site-packages/airflow/example_dags/tutorial_taskflow_api.py for tasks to queue
[2026-07-02T16:39:44.412+0000] {logging_mixin.py:188} INFO - [2026-07-02T16:39:44.412+0000] {dagbag.py:545} INFO - Filling up the DagBag from /usr/local/python/3.12.1/lib/python3.12/site-packages/airflow/example_dags/tutorial_taskflow_api.py
[2026-07-02T16:39:44.418+0000] {processor.py:840} INFO - DAG(s) 'tutorial_taskflow_api' retrieved from /usr/local/python/3.12.1/lib/python3.12/site-packages/airflow/example_dags/tutorial_taskflow_api.py
[2026-07-02T16:39:44.431+0000] {logging_mixin.py:188} INFO - [2026-07-02T16:39:44.430+0000] {dag.py:3089} INFO - Sync 1 DAGs
[2026-07-02T16:39:44.440+0000] {logging_mixin.py:188} INFO - [2026-07-02T16:39:44.439+0000] {dag.py:3947} INFO - Setting next_dagrun for tutorial_taskflow_api to None, run_after=None
[2026-07-02T16:39:44.461+0000] {processor.py:183} INFO - Processing /usr/local/python/3.12.1/lib/python3.12/site-packages/airflow/example_dags/tutorial_taskflow_api.py took 0.056 seconds
[2026-07-02T16:40:33.907+0000] {processor.py:161} INFO - Started process (PID=141246) to work on /usr/local/python/3.12.1/lib/python3.12/site-packages/airflow/example_dags/tutorial_taskflow_api.py
[2026-07-02T16:40:33.934+0000] {processor.py:830} INFO - Processing file /usr/local/python/3.12.1/lib/python3.12/site-packages/airflow/example_dags/tutorial_taskflow_api.py for tasks to queue
[2026-07-02T16:40:33.953+0000] {logging_mixin.py:188} INFO - [2026-07-02T16:40:33.953+0000] {dagbag.py:545} INFO - Filling up the DagBag from /usr/local/python/3.12.1/lib/python3.12/site-packages/airflow/example_dags/tutorial_taskflow_api.py
[2026-07-02T16:40:33.984+0000] {processor.py:840} INFO - DAG(s) 'tutorial_taskflow_api' retrieved from /usr/local/python/3.12.1/lib/python3.12/site-packages/airflow/example_dags/tutorial_taskflow_api.py
[2026-07-02T16:40:34.054+0000] {logging_mixin.py:188} INFO - [2026-07-02T16:40:34.054+0000] {dag.py:3089} INFO - Sync 1 DAGs
[2026-07-02T16:40:34.070+0000] {logging_mixin.py:188} INFO - [2026-07-02T16:40:34.069+0000] {dag.py:3947} INFO - Setting next_dagrun for tutorial_taskflow_api to None, run_after=None
[2026-07-02T16:40:34.096+0000] {processor.py:183} INFO - Processing /usr/local/python/3.12.1/lib/python3.12/site-packages/airflow/example_dags/tutorial_taskflow_api.py took 0.217 seconds
[2026-07-02T16:41:30.586+0000] {processor.py:161} INFO - Started process (PID=142135) to work on /usr/local/python/3.12.1/lib/python3.12/site-packages/airflow/example_dags/tutorial_taskflow_api.py
[2026-07-02T16:41:30.588+0000] {processor.py:830} INFO - Processing file /usr/local/python/3.12.1/lib/python3.12/site-packages/airflow/example_dags/tutorial_taskflow_api.py for tasks to queue
[2026-07-02T16:41:30.598+0000] {logging_mixin.py:188} INFO - [2026-07-02T16:41:30.597+0000] {dagbag.py:545} INFO - Filling up the DagBag from /usr/local/python/3.12.1/lib/python3.12/site-packages/airflow/example_dags/tutorial_taskflow_api.py
[2026-07-02T16:41:30.620+0000] {processor.py:840} INFO - DAG(s) 'tutorial_taskflow_api' retrieved from /usr/local/python/3.12.1/lib/python3.12/site-packages/airflow/example_dags/tutorial_taskflow_api.py
[2026-07-02T16:41:30.638+0000] {logging_mixin.py:188} INFO - [2026-07-02T16:41:30.637+0000] {dag.py:3089} INFO - Sync 1 DAGs
[2026-07-02T16:41:30.650+0000] {logging_mixin.py:188} INFO - [2026-07-02T16:41:30.650+0000] {dag.py:3947} INFO - Setting next_dagrun for tutorial_taskflow_api to None, run_after=None
[2026-07-02T16:41:30.720+0000] {processor.py:183} INFO - Processing /usr/local/python/3.12.1/lib/python3.12/site-packages/airflow/example_dags/tutorial_taskflow_api.py took 0.164 seconds
[2026-07-02T16:42:38.173+0000] {processor.py:161} INFO - Started process (PID=143131) to work on /usr/local/python/3.12.1/lib/python3.12/site-packages/airflow/example_dags/tutorial_taskflow_api.py
[2026-07-02T16:42:38.231+0000] {processor.py:830} INFO - Processing file /usr/local/python/3.12.1/lib/python3.12/site-packages/airflow/example_dags/tutorial_taskflow_api.py for tasks to queue
[2026-07-02T16:42:38.235+0000] {logging_mixin.py:188} INFO - [2026-07-02T16:42:38.234+0000] {dagbag.py:545} INFO - Filling up the DagBag from /usr/local/python/3.12.1/lib/python3.12/site-packages/airflow/example_dags/tutorial_taskflow_api.py
[2026-07-02T16:42:38.251+0000] {processor.py:840} INFO - DAG(s) 'tutorial_taskflow_api' retrieved from /usr/local/python/3.12.1/lib/python3.12/site-packages/airflow/example_dags/tutorial_taskflow_api.py
[2026-07-02T16:42:38.289+0000] {logging_mixin.py:188} INFO - [2026-07-02T16:42:38.289+0000] {dag.py:3089} INFO - Sync 1 DAGs
[2026-07-02T16:42:38.322+0000] {logging_mixin.py:188} INFO - [2026-07-02T16:42:38.322+0000] {dag.py:3947} INFO - Setting next_dagrun for tutorial_taskflow_api to None, run_after=None
[2026-07-02T16:42:38.347+0000] {processor.py:183} INFO - Processing /usr/local/python/3.12.1/lib/python3.12/site-packages/airflow/example_dags/tutorial_taskflow_api.py took 0.186 seconds
[2026-07-02T16:43:43.046+0000] {processor.py:161} INFO - Started process (PID=144123) to work on /usr/local/python/3.12.1/lib/python3.12/site-packages/airflow/example_dags/tutorial_taskflow_api.py
[2026-07-02T16:43:43.047+0000] {processor.py:830} INFO - Processing file /usr/local/python/3.12.1/lib/python3.12/site-packages/airflow/example_dags/tutorial_taskflow_api.py for tasks to queue
[2026-07-02T16:43:43.054+0000] {logging_mixin.py:188} INFO - [2026-07-02T16:43:43.052+0000] {dagbag.py:545} INFO - Filling up the DagBag from /usr/local/python/3.12.1/lib/python3.12/site-packages/airflow/example_dags/tutorial_taskflow_api.py
[2026-07-02T16:43:43.073+0000] {processor.py:840} INFO - DAG(s) 'tutorial_taskflow_api' retrieved from /usr/local/python/3.12.1/lib/python3.12/site-packages/airflow/example_dags/tutorial_taskflow_api.py
[2026-07-02T16:43:43.148+0000] {logging_mixin.py:188} INFO - [2026-07-02T16:43:43.147+0000] {dag.py:3089} INFO - Sync 1 DAGs
[2026-07-02T16:43:43.201+0000] {logging_mixin.py:188} INFO - [2026-07-02T16:43:43.198+0000] {dag.py:3947} INFO - Setting next_dagrun for tutorial_taskflow_api to None, run_after=None
[2026-07-02T16:43:43.351+0000] {processor.py:183} INFO - Processing /usr/local/python/3.12.1/lib/python3.12/site-packages/airflow/example_dags/tutorial_taskflow_api.py took 0.322 seconds
[2026-07-02T16:44:46.065+0000] {processor.py:161} INFO - Started process (PID=146375) to work on /usr/local/python/3.12.1/lib/python3.12/site-packages/airflow/example_dags/tutorial_taskflow_api.py
[2026-07-02T16:44:46.074+0000] {processor.py:830} INFO - Processing file /usr/local/python/3.12.1/lib/python3.12/site-packages/airflow/example_dags/tutorial_taskflow_api.py for tasks to queue
[2026-07-02T16:44:46.076+0000] {logging_mixin.py:188} INFO - [2026-07-02T16:44:46.076+0000] {dagbag.py:545} INFO - Filling up the DagBag from /usr/local/python/3.12.1/lib/python3.12/site-packages/airflow/example_dags/tutorial_taskflow_api.py
[2026-07-02T16:44:46.113+0000] {processor.py:840} INFO - DAG(s) 'tutorial_taskflow_api' retrieved from /usr/local/python/3.12.1/lib/python3.12/site-packages/airflow/example_dags/tutorial_taskflow_api.py
[2026-07-02T16:44:46.205+0000] {logging_mixin.py:188} INFO - [2026-07-02T16:44:46.205+0000] {dag.py:3089} INFO - Sync 1 DAGs
[2026-07-02T16:44:46.273+0000] {logging_mixin.py:188} INFO - [2026-07-02T16:44:46.272+0000] {dag.py:3947} INFO - Setting next_dagrun for tutorial_taskflow_api to None, run_after=None
[2026-07-02T16:44:46.353+0000] {processor.py:183} INFO - Processing /usr/local/python/3.12.1/lib/python3.12/site-packages/airflow/example_dags/tutorial_taskflow_api.py took 0.311 seconds
[2026-07-02T16:45:56.551+0000] {processor.py:161} INFO - Started process (PID=148929) to work on /usr/local/python/3.12.1/lib/python3.12/site-packages/airflow/example_dags/tutorial_taskflow_api.py
[2026-07-02T16:45:56.556+0000] {processor.py:830} INFO - Processing file /usr/local/python/3.12.1/lib/python3.12/site-packages/airflow/example_dags/tutorial_taskflow_api.py for tasks to queue
[2026-07-02T16:45:56.558+0000] {logging_mixin.py:188} INFO - [2026-07-02T16:45:56.558+0000] {dagbag.py:545} INFO - Filling up the DagBag from /usr/local/python/3.12.1/lib/python3.12/site-packages/airflow/example_dags/tutorial_taskflow_api.py
[2026-07-02T16:45:56.568+0000] {processor.py:840} INFO - DAG(s) 'tutorial_taskflow_api' retrieved from /usr/local/python/3.12.1/lib/python3.12/site-packages/airflow/example_dags/tutorial_taskflow_api.py
[2026-07-02T16:45:56.603+0000] {logging_mixin.py:188} INFO - [2026-07-02T16:45:56.601+0000] {dag.py:3089} INFO - Sync 1 DAGs
[2026-07-02T16:45:56.628+0000] {logging_mixin.py:188} INFO - [2026-07-02T16:45:56.627+0000] {dag.py:3947} INFO - Setting next_dagrun for tutorial_taskflow_api to None, run_after=None
[2026-07-02T16:45:56.669+0000] {processor.py:183} INFO - Processing /usr/local/python/3.12.1/lib/python3.12/site-packages/airflow/example_dags/tutorial_taskflow_api.py took 0.124 seconds
[2026-07-02T16:46:51.126+0000] {processor.py:161} INFO - Started process (PID=150943) to work on /usr/local/python/3.12.1/lib/python3.12/site-packages/airflow/example_dags/tutorial_taskflow_api.py
[2026-07-02T16:46:51.127+0000] {processor.py:830} INFO - Processing file /usr/local/python/3.12.1/lib/python3.12/site-packages/airflow/example_dags/tutorial_taskflow_api.py for tasks to queue
[2026-07-02T16:46:51.128+0000] {logging_mixin.py:188} INFO - [2026-07-02T16:46:51.128+0000] {dagbag.py:545} INFO - Filling up the DagBag from /usr/local/python/3.12.1/lib/python3.12/site-packages/airflow/example_dags/tutorial_taskflow_api.py
[2026-07-02T16:46:51.134+0000] {processor.py:840} INFO - DAG(s) 'tutorial_taskflow_api' retrieved from /usr/local/python/3.12.1/lib/python3.12/site-packages/airflow/example_dags/tutorial_taskflow_api.py
[2026-07-02T16:46:51.146+0000] {logging_mixin.py:188} INFO - [2026-07-02T16:46:51.146+0000] {dag.py:3089} INFO - Sync 1 DAGs
[2026-07-02T16:46:51.155+0000] {logging_mixin.py:188} INFO - [2026-07-02T16:46:51.155+0000] {dag.py:3947} INFO - Setting next_dagrun for tutorial_taskflow_api to None, run_after=None
[2026-07-02T16:46:51.172+0000] {processor.py:183} INFO - Processing /usr/local/python/3.12.1/lib/python3.12/site-packages/airflow/example_dags/tutorial_taskflow_api.py took 0.050 seconds
[2026-07-02T16:47:50.388+0000] {processor.py:161} INFO - Started process (PID=152131) to work on /usr/local/python/3.12.1/lib/python3.12/site-packages/airflow/example_dags/tutorial_taskflow_api.py
[2026-07-02T16:47:50.389+0000] {processor.py:830} INFO - Processing file /usr/local/python/3.12.1/lib/python3.12/site-packages/airflow/example_dags/tutorial_taskflow_api.py for tasks to queue
[2026-07-02T16:47:50.391+0000] {logging_mixin.py:188} INFO - [2026-07-02T16:47:50.390+0000] {dagbag.py:545} INFO - Filling up the DagBag from /usr/local/python/3.12.1/lib/python3.12/site-packages/airflow/example_dags/tutorial_taskflow_api.py
[2026-07-02T16:47:50.398+0000] {processor.py:840} INFO - DAG(s) 'tutorial_taskflow_api' retrieved from /usr/local/python/3.12.1/lib/python3.12/site-packages/airflow/example_dags/tutorial_taskflow_api.py
[2026-07-02T16:47:50.411+0000] {logging_mixin.py:188} INFO - [2026-07-02T16:47:50.410+0000] {dag.py:3089} INFO - Sync 1 DAGs
[2026-07-02T16:47:50.420+0000] {logging_mixin.py:188} INFO - [2026-07-02T16:47:50.419+0000] {dag.py:3947} INFO - Setting next_dagrun for tutorial_taskflow_api to None, run_after=None
[2026-07-02T16:47:50.439+0000] {processor.py:183} INFO - Processing /usr/local/python/3.12.1/lib/python3.12/site-packages/airflow/example_dags/tutorial_taskflow_api.py took 0.057 seconds
[2026-07-02T16:48:42.637+0000] {processor.py:161} INFO - Started process (PID=153181) to work on /usr/local/python/3.12.1/lib/python3.12/site-packages/airflow/example_dags/tutorial_taskflow_api.py
[2026-07-02T16:48:42.638+0000] {processor.py:830} INFO - Processing file /usr/local/python/3.12.1/lib/python3.12/site-packages/airflow/example_dags/tutorial_taskflow_api.py for tasks to queue
[2026-07-02T16:48:42.640+0000] {logging_mixin.py:188} INFO - [2026-07-02T16:48:42.639+0000] {dagbag.py:545} INFO - Filling up the DagBag from /usr/local/python/3.12.1/lib/python3.12/site-packages/airflow/example_dags/tutorial_taskflow_api.py
[2026-07-02T16:48:42.646+0000] {processor.py:840} INFO - DAG(s) 'tutorial_taskflow_api' retrieved from /usr/local/python/3.12.1/lib/python3.12/site-packages/airflow/example_dags/tutorial_taskflow_api.py
[2026-07-02T16:48:42.663+0000] {logging_mixin.py:188} INFO - [2026-07-02T16:48:42.662+0000] {dag.py:3089} INFO - Sync 1 DAGs
[2026-07-02T16:48:42.678+0000] {logging_mixin.py:188} INFO - [2026-07-02T16:48:42.678+0000] {dag.py:3947} INFO - Setting next_dagrun for tutorial_taskflow_api to None, run_after=None
[2026-07-02T16:48:42.725+0000] {processor.py:183} INFO - Processing /usr/local/python/3.12.1/lib/python3.12/site-packages/airflow/example_dags/tutorial_taskflow_api.py took 0.092 seconds
[2026-07-02T16:49:28.966+0000] {processor.py:161} INFO - Started process (PID=153860) to work on /usr/local/python/3.12.1/lib/python3.12/site-packages/airflow/example_dags/tutorial_taskflow_api.py
[2026-07-02T16:49:28.967+0000] {processor.py:830} INFO - Processing file /usr/local/python/3.12.1/lib/python3.12/site-packages/airflow/example_dags/tutorial_taskflow_api.py for tasks to queue
[2026-07-02T16:49:28.969+0000] {logging_mixin.py:188} INFO - [2026-07-02T16:49:28.968+0000] {dagbag.py:545} INFO - Filling up the DagBag from /usr/local/python/3.12.1/lib/python3.12/site-packages/airflow/example_dags/tutorial_taskflow_api.py
[2026-07-02T16:49:28.974+0000] {processor.py:840} INFO - DAG(s) 'tutorial_taskflow_api' retrieved from /usr/local/python/3.12.1/lib/python3.12/site-packages/airflow/example_dags/tutorial_taskflow_api.py
[2026-07-02T16:49:28.991+0000] {logging_mixin.py:188} INFO - [2026-07-02T16:49:28.991+0000] {dag.py:3089} INFO - Sync 1 DAGs
[2026-07-02T16:49:29.002+0000] {logging_mixin.py:188} INFO - [2026-07-02T16:49:29.002+0000] {dag.py:3947} INFO - Setting next_dagrun for tutorial_taskflow_api to None, run_after=None
[2026-07-02T16:49:29.020+0000] {processor.py:183} INFO - Processing /usr/local/python/3.12.1/lib/python3.12/site-packages/airflow/example_dags/tutorial_taskflow_api.py took 0.058 seconds
[2026-07-02T16:50:15.182+0000] {processor.py:161} INFO - Started process (PID=154432) to work on /usr/local/python/3.12.1/lib/python3.12/site-packages/airflow/example_dags/tutorial_taskflow_api.py
[2026-07-02T16:50:15.183+0000] {processor.py:830} INFO - Processing file /usr/local/python/3.12.1/lib/python3.12/site-packages/airflow/example_dags/tutorial_taskflow_api.py for tasks to queue
[2026-07-02T16:50:15.185+0000] {logging_mixin.py:188} INFO - [2026-07-02T16:50:15.185+0000] {dagbag.py:545} INFO - Filling up the DagBag from /usr/local/python/3.12.1/lib/python3.12/site-packages/airflow/example_dags/tutorial_taskflow_api.py
[2026-07-02T16:50:15.190+0000] {processor.py:840} INFO - DAG(s) 'tutorial_taskflow_api' retrieved from /usr/local/python/3.12.1/lib/python3.12/site-packages/airflow/example_dags/tutorial_taskflow_api.py
[2026-07-02T16:50:15.203+0000] {logging_mixin.py:188} INFO - [2026-07-02T16:50:15.203+0000] {dag.py:3089} INFO - Sync 1 DAGs
[2026-07-02T16:50:15.212+0000] {logging_mixin.py:188} INFO - [2026-07-02T16:50:15.212+0000] {dag.py:3947} INFO - Setting next_dagrun for tutorial_taskflow_api to None, run_after=None
[2026-07-02T16:50:15.229+0000] {processor.py:183} INFO - Processing /usr/local/python/3.12.1/lib/python3.12/site-packages/airflow/example_dags/tutorial_taskflow_api.py took 0.053 seconds
[2026-07-02T16:51:01.462+0000] {processor.py:161} INFO - Started process (PID=155003) to work on /usr/local/python/3.12.1/lib/python3.12/site-packages/airflow/example_dags/tutorial_taskflow_api.py
[2026-07-02T16:51:01.463+0000] {processor.py:830} INFO - Processing file /usr/local/python/3.12.1/lib/python3.12/site-packages/airflow/example_dags/tutorial_taskflow_api.py for tasks to queue
[2026-07-02T16:51:01.464+0000] {logging_mixin.py:188} INFO - [2026-07-02T16:51:01.464+0000] {dagbag.py:545} INFO - Filling up the DagBag from /usr/local/python/3.12.1/lib/python3.12/site-packages/airflow/example_dags/tutorial_taskflow_api.py
[2026-07-02T16:51:01.469+0000] {processor.py:840} INFO - DAG(s) 'tutorial_taskflow_api' retrieved from /usr/local/python/3.12.1/lib/python3.12/site-packages/airflow/example_dags/tutorial_taskflow_api.py
[2026-07-02T16:51:01.489+0000] {logging_mixin.py:188} INFO - [2026-07-02T16:51:01.489+0000] {dag.py:3089} INFO - Sync 1 DAGs
[2026-07-02T16:51:01.500+0000] {logging_mixin.py:188} INFO - [2026-07-02T16:51:01.500+0000] {dag.py:3947} INFO - Setting next_dagrun for tutorial_taskflow_api to None, run_after=None
[2026-07-02T16:51:01.520+0000] {processor.py:183} INFO - Processing /usr/local/python/3.12.1/lib/python3.12/site-packages/airflow/example_dags/tutorial_taskflow_api.py took 0.062 seconds
[2026-07-02T16:51:46.505+0000] {processor.py:161} INFO - Started process (PID=155457) to work on /usr/local/python/3.12.1/lib/python3.12/site-packages/airflow/example_dags/tutorial_taskflow_api.py
[2026-07-02T16:51:46.506+0000] {processor.py:830} INFO - Processing file /usr/local/python/3.12.1/lib/python3.12/site-packages/airflow/example_dags/tutorial_taskflow_api.py for tasks to queue
[2026-07-02T16:51:46.508+0000] {logging_mixin.py:188} INFO - [2026-07-02T16:51:46.507+0000] {dagbag.py:545} INFO - Filling up the DagBag from /usr/local/python/3.12.1/lib/python3.12/site-packages/airflow/example_dags/tutorial_taskflow_api.py
[2026-07-02T16:51:46.513+0000] {processor.py:840} INFO - DAG(s) 'tutorial_taskflow_api' retrieved from /usr/local/python/3.12.1/lib/python3.12/site-packages/airflow/example_dags/tutorial_taskflow_api.py
[2026-07-02T16:51:46.525+0000] {logging_mixin.py:188} INFO - [2026-07-02T16:51:46.525+0000] {dag.py:3089} INFO - Sync 1 DAGs
[2026-07-02T16:51:46.534+0000] {logging_mixin.py:188} INFO - [2026-07-02T16:51:46.533+0000] {dag.py:3947} INFO - Setting next_dagrun for tutorial_taskflow_api to None, run_after=None
[2026-07-02T16:51:46.551+0000] {processor.py:183} INFO - Processing /usr/local/python/3.12.1/lib/python3.12/site-packages/airflow/example_dags/tutorial_taskflow_api.py took 0.051 seconds
[2026-07-02T16:52:27.429+0000] {processor.py:161} INFO - Started process (PID=155866) to work on /usr/local/python/3.12.1/lib/python3.12/site-packages/airflow/example_dags/tutorial_taskflow_api.py
[2026-07-02T16:52:27.430+0000] {processor.py:830} INFO - Processing file /usr/local/python/3.12.1/lib/python3.12/site-packages/airflow/example_dags/tutorial_taskflow_api.py for tasks to queue
[2026-07-02T16:52:27.432+0000] {logging_mixin.py:188} INFO - [2026-07-02T16:52:27.431+0000] {dagbag.py:545} INFO - Filling up the DagBag from /usr/local/python/3.12.1/lib/python3.12/site-packages/airflow/example_dags/tutorial_taskflow_api.py
[2026-07-02T16:52:27.437+0000] {processor.py:840} INFO - DAG(s) 'tutorial_taskflow_api' retrieved from /usr/local/python/3.12.1/lib/python3.12/site-packages/airflow/example_dags/tutorial_taskflow_api.py
[2026-07-02T16:52:27.449+0000] {logging_mixin.py:188} INFO - [2026-07-02T16:52:27.449+0000] {dag.py:3089} INFO - Sync 1 DAGs
[2026-07-02T16:52:27.458+0000] {logging_mixin.py:188} INFO - [2026-07-02T16:52:27.458+0000] {dag.py:3947} INFO - Setting next_dagrun for tutorial_taskflow_api to None, run_after=None
[2026-07-02T16:52:27.476+0000] {processor.py:183} INFO - Processing /usr/local/python/3.12.1/lib/python3.12/site-packages/airflow/example_dags/tutorial_taskflow_api.py took 0.051 seconds
[2026-07-02T16:53:09.950+0000] {processor.py:161} INFO - Started process (PID=156338) to work on /usr/local/python/3.12.1/lib/python3.12/site-packages/airflow/example_dags/tutorial_taskflow_api.py
[2026-07-02T16:53:09.951+0000] {processor.py:830} INFO - Processing file /usr/local/python/3.12.1/lib/python3.12/site-packages/airflow/example_dags/tutorial_taskflow_api.py for tasks to queue
[2026-07-02T16:53:09.953+0000] {logging_mixin.py:188} INFO - [2026-07-02T16:53:09.952+0000] {dagbag.py:545} INFO - Filling up the DagBag from /usr/local/python/3.12.1/lib/python3.12/site-packages/airflow/example_dags/tutorial_taskflow_api.py
[2026-07-02T16:53:09.958+0000] {processor.py:840} INFO - DAG(s) 'tutorial_taskflow_api' retrieved from /usr/local/python/3.12.1/lib/python3.12/site-packages/airflow/example_dags/tutorial_taskflow_api.py
[2026-07-02T16:53:09.970+0000] {logging_mixin.py:188} INFO - [2026-07-02T16:53:09.970+0000] {dag.py:3089} INFO - Sync 1 DAGs
[2026-07-02T16:53:09.980+0000] {logging_mixin.py:188} INFO - [2026-07-02T16:53:09.980+0000] {dag.py:3947} INFO - Setting next_dagrun for tutorial_taskflow_api to None, run_after=None
[2026-07-02T16:53:09.999+0000] {processor.py:183} INFO - Processing /usr/local/python/3.12.1/lib/python3.12/site-packages/airflow/example_dags/tutorial_taskflow_api.py took 0.053 seconds
[2026-07-02T16:53:49.959+0000] {processor.py:161} INFO - Started process (PID=156760) to work on /usr/local/python/3.12.1/lib/python3.12/site-packages/airflow/example_dags/tutorial_taskflow_api.py
[2026-07-02T16:53:49.960+0000] {processor.py:830} INFO - Processing file /usr/local/python/3.12.1/lib/python3.12/site-packages/airflow/example_dags/tutorial_taskflow_api.py for tasks to queue
[2026-07-02T16:53:49.962+0000] {logging_mixin.py:188} INFO - [2026-07-02T16:53:49.961+0000] {dagbag.py:545} INFO - Filling up the DagBag from /usr/local/python/3.12.1/lib/python3.12/site-packages/airflow/example_dags/tutorial_taskflow_api.py
[2026-07-02T16:53:49.968+0000] {processor.py:840} INFO - DAG(s) 'tutorial_taskflow_api' retrieved from /usr/local/python/3.12.1/lib/python3.12/site-packages/airflow/example_dags/tutorial_taskflow_api.py
[2026-07-02T16:53:49.985+0000] {logging_mixin.py:188} INFO - [2026-07-02T16:53:49.985+0000] {dag.py:3089} INFO - Sync 1 DAGs
[2026-07-02T16:53:49.997+0000] {logging_mixin.py:188} INFO - [2026-07-02T16:53:49.996+0000] {dag.py:3947} INFO - Setting next_dagrun for tutorial_taskflow_api to None, run_after=None
[2026-07-02T16:53:50.014+0000] {processor.py:183} INFO - Processing /usr/local/python/3.12.1/lib/python3.12/site-packages/airflow/example_dags/tutorial_taskflow_api.py took 0.059 seconds
[2026-07-02T16:54:25.897+0000] {processor.py:161} INFO - Started process (PID=157137) to work on /usr/local/python/3.12.1/lib/python3.12/site-packages/airflow/example_dags/tutorial_taskflow_api.py
[2026-07-02T16:54:25.898+0000] {processor.py:830} INFO - Processing file /usr/local/python/3.12.1/lib/python3.12/site-packages/airflow/example_dags/tutorial_taskflow_api.py for tasks to queue
[2026-07-02T16:54:25.900+0000] {logging_mixin.py:188} INFO - [2026-07-02T16:54:25.900+0000] {dagbag.py:545} INFO - Filling up the DagBag from /usr/local/python/3.12.1/lib/python3.12/site-packages/airflow/example_dags/tutorial_taskflow_api.py
[2026-07-02T16:54:25.906+0000] {processor.py:840} INFO - DAG(s) 'tutorial_taskflow_api' retrieved from /usr/local/python/3.12.1/lib/python3.12/site-packages/airflow/example_dags/tutorial_taskflow_api.py
[2026-07-02T16:54:25.918+0000] {logging_mixin.py:188} INFO - [2026-07-02T16:54:25.918+0000] {dag.py:3089} INFO - Sync 1 DAGs
[2026-07-02T16:54:25.927+0000] {logging_mixin.py:188} INFO - [2026-07-02T16:54:25.927+0000] {dag.py:3947} INFO - Setting next_dagrun for tutorial_taskflow_api to None, run_after=None
[2026-07-02T16:54:25.944+0000] {processor.py:183} INFO - Processing /usr/local/python/3.12.1/lib/python3.12/site-packages/airflow/example_dags/tutorial_taskflow_api.py took 0.053 seconds
[2026-07-02T16:55:01.886+0000] {processor.py:161} INFO - Started process (PID=157510) to work on /usr/local/python/3.12.1/lib/python3.12/site-packages/airflow/example_dags/tutorial_taskflow_api.py
[2026-07-02T16:55:01.887+0000] {processor.py:830} INFO - Processing file /usr/local/python/3.12.1/lib/python3.12/site-packages/airflow/example_dags/tutorial_taskflow_api.py for tasks to queue
[2026-07-02T16:55:01.888+0000] {logging_mixin.py:188} INFO - [2026-07-02T16:55:01.888+0000] {dagbag.py:545} INFO - Filling up the DagBag from /usr/local/python/3.12.1/lib/python3.12/site-packages/airflow/example_dags/tutorial_taskflow_api.py
[2026-07-02T16:55:01.896+0000] {processor.py:840} INFO - DAG(s) 'tutorial_taskflow_api' retrieved from /usr/local/python/3.12.1/lib/python3.12/site-packages/airflow/example_dags/tutorial_taskflow_api.py
[2026-07-02T16:55:01.908+0000] {logging_mixin.py:188} INFO - [2026-07-02T16:55:01.908+0000] {dag.py:3089} INFO - Sync 1 DAGs
[2026-07-02T16:55:01.917+0000] {logging_mixin.py:188} INFO - [2026-07-02T16:55:01.917+0000] {dag.py:3947} INFO - Setting next_dagrun for tutorial_taskflow_api to None, run_after=None
[2026-07-02T16:55:01.935+0000] {processor.py:183} INFO - Processing /usr/local/python/3.12.1/lib/python3.12/site-packages/airflow/example_dags/tutorial_taskflow_api.py took 0.055 seconds
[2026-07-02T16:55:42.431+0000] {processor.py:161} INFO - Started process (PID=157973) to work on /usr/local/python/3.12.1/lib/python3.12/site-packages/airflow/example_dags/tutorial_taskflow_api.py
[2026-07-02T16:55:42.432+0000] {processor.py:830} INFO - Processing file /usr/local/python/3.12.1/lib/python3.12/site-packages/airflow/example_dags/tutorial_taskflow_api.py for tasks to queue
[2026-07-02T16:55:42.433+0000] {logging_mixin.py:188} INFO - [2026-07-02T16:55:42.433+0000] {dagbag.py:545} INFO - Filling up the DagBag from /usr/local/python/3.12.1/lib/python3.12/site-packages/airflow/example_dags/tutorial_taskflow_api.py
[2026-07-02T16:55:42.439+0000] {processor.py:840} INFO - DAG(s) 'tutorial_taskflow_api' retrieved from /usr/local/python/3.12.1/lib/python3.12/site-packages/airflow/example_dags/tutorial_taskflow_api.py
[2026-07-02T16:55:42.451+0000] {logging_mixin.py:188} INFO - [2026-07-02T16:55:42.451+0000] {dag.py:3089} INFO - Sync 1 DAGs
[2026-07-02T16:55:42.459+0000] {logging_mixin.py:188} INFO - [2026-07-02T16:55:42.459+0000] {dag.py:3947} INFO - Setting next_dagrun for tutorial_taskflow_api to None, run_after=None
[2026-07-02T16:55:42.476+0000] {processor.py:183} INFO - Processing /usr/local/python/3.12.1/lib/python3.12/site-packages/airflow/example_dags/tutorial_taskflow_api.py took 0.049 seconds
[2026-07-02T16:56:24.158+0000] {processor.py:161} INFO - Started process (PID=158440) to work on /usr/local/python/3.12.1/lib/python3.12/site-packages/airflow/example_dags/tutorial_taskflow_api.py
[2026-07-02T16:56:24.159+0000] {processor.py:830} INFO - Processing file /usr/local/python/3.12.1/lib/python3.12/site-packages/airflow/example_dags/tutorial_taskflow_api.py for tasks to queue
[2026-07-02T16:56:24.161+0000] {logging_mixin.py:188} INFO - [2026-07-02T16:56:24.160+0000] {dagbag.py:545} INFO - Filling up the DagBag from /usr/local/python/3.12.1/lib/python3.12/site-packages/airflow/example_dags/tutorial_taskflow_api.py
[2026-07-02T16:56:24.166+0000] {processor.py:840} INFO - DAG(s) 'tutorial_taskflow_api' retrieved from /usr/local/python/3.12.1/lib/python3.12/site-packages/airflow/example_dags/tutorial_taskflow_api.py
[2026-07-02T16:56:24.180+0000] {logging_mixin.py:188} INFO - [2026-07-02T16:56:24.179+0000] {dag.py:3089} INFO - Sync 1 DAGs
[2026-07-02T16:56:24.193+0000] {logging_mixin.py:188} INFO - [2026-07-02T16:56:24.193+0000] {dag.py:3947} INFO - Setting next_dagrun for tutorial_taskflow_api to None, run_after=None
[2026-07-02T16:56:24.211+0000] {processor.py:183} INFO - Processing /usr/local/python/3.12.1/lib/python3.12/site-packages/airflow/example_dags/tutorial_taskflow_api.py took 0.058 seconds
[2026-07-02T16:57:04.700+0000] {processor.py:161} INFO - Started process (PID=158853) to work on /usr/local/python/3.12.1/lib/python3.12/site-packages/airflow/example_dags/tutorial_taskflow_api.py
[2026-07-02T16:57:04.701+0000] {processor.py:830} INFO - Processing file /usr/local/python/3.12.1/lib/python3.12/site-packages/airflow/example_dags/tutorial_taskflow_api.py for tasks to queue
[2026-07-02T16:57:04.703+0000] {logging_mixin.py:188} INFO - [2026-07-02T16:57:04.702+0000] {dagbag.py:545} INFO - Filling up the DagBag from /usr/local/python/3.12.1/lib/python3.12/site-packages/airflow/example_dags/tutorial_taskflow_api.py
[2026-07-02T16:57:04.708+0000] {processor.py:840} INFO - DAG(s) 'tutorial_taskflow_api' retrieved from /usr/local/python/3.12.1/lib/python3.12/site-packages/airflow/example_dags/tutorial_taskflow_api.py
[2026-07-02T16:57:04.720+0000] {logging_mixin.py:188} INFO - [2026-07-02T16:57:04.720+0000] {dag.py:3089} INFO - Sync 1 DAGs
[2026-07-02T16:57:04.729+0000] {logging_mixin.py:188} INFO - [2026-07-02T16:57:04.729+0000] {dag.py:3947} INFO - Setting next_dagrun for tutorial_taskflow_api to None, run_after=None
[2026-07-02T16:57:04.747+0000] {processor.py:183} INFO - Processing /usr/local/python/3.12.1/lib/python3.12/site-packages/airflow/example_dags/tutorial_taskflow_api.py took 0.052 seconds
[2026-07-02T16:57:46.783+0000] {processor.py:161} INFO - Started process (PID=159298) to work on /usr/local/python/3.12.1/lib/python3.12/site-packages/airflow/example_dags/tutorial_taskflow_api.py
[2026-07-02T16:57:46.784+0000] {processor.py:830} INFO - Processing file /usr/local/python/3.12.1/lib/python3.12/site-packages/airflow/example_dags/tutorial_taskflow_api.py for tasks to queue
[2026-07-02T16:57:46.787+0000] {logging_mixin.py:188} INFO - [2026-07-02T16:57:46.786+0000] {dagbag.py:545} INFO - Filling up the DagBag from /usr/local/python/3.12.1/lib/python3.12/site-packages/airflow/example_dags/tutorial_taskflow_api.py
[2026-07-02T16:57:46.795+0000] {processor.py:840} INFO - DAG(s) 'tutorial_taskflow_api' retrieved from /usr/local/python/3.12.1/lib/python3.12/site-packages/airflow/example_dags/tutorial_taskflow_api.py
[2026-07-02T16:57:46.809+0000] {logging_mixin.py:188} INFO - [2026-07-02T16:57:46.808+0000] {dag.py:3089} INFO - Sync 1 DAGs
[2026-07-02T16:57:46.822+0000] {logging_mixin.py:188} INFO - [2026-07-02T16:57:46.822+0000] {dag.py:3947} INFO - Setting next_dagrun for tutorial_taskflow_api to None, run_after=None
[2026-07-02T16:57:46.841+0000] {processor.py:183} INFO - Processing /usr/local/python/3.12.1/lib/python3.12/site-packages/airflow/example_dags/tutorial_taskflow_api.py took 0.065 seconds
[2026-07-02T16:58:30.025+0000] {processor.py:161} INFO - Started process (PID=159799) to work on /usr/local/python/3.12.1/lib/python3.12/site-packages/airflow/example_dags/tutorial_taskflow_api.py
[2026-07-02T16:58:30.026+0000] {processor.py:830} INFO - Processing file /usr/local/python/3.12.1/lib/python3.12/site-packages/airflow/example_dags/tutorial_taskflow_api.py for tasks to queue
[2026-07-02T16:58:30.027+0000] {logging_mixin.py:188} INFO - [2026-07-02T16:58:30.027+0000] {dagbag.py:545} INFO - Filling up the DagBag from /usr/local/python/3.12.1/lib/python3.12/site-packages/airflow/example_dags/tutorial_taskflow_api.py
[2026-07-02T16:58:30.033+0000] {processor.py:840} INFO - DAG(s) 'tutorial_taskflow_api' retrieved from /usr/local/python/3.12.1/lib/python3.12/site-packages/airflow/example_dags/tutorial_taskflow_api.py
[2026-07-02T16:58:30.047+0000] {logging_mixin.py:188} INFO - [2026-07-02T16:58:30.047+0000] {dag.py:3089} INFO - Sync 1 DAGs
[2026-07-02T16:58:30.057+0000] {logging_mixin.py:188} INFO - [2026-07-02T16:58:30.056+0000] {dag.py:3947} INFO - Setting next_dagrun for tutorial_taskflow_api to None, run_after=None
[2026-07-02T16:58:30.075+0000] {processor.py:183} INFO - Processing /usr/local/python/3.12.1/lib/python3.12/site-packages/airflow/example_dags/tutorial_taskflow_api.py took 0.055 seconds
[2026-07-02T16:59:10.144+0000] {processor.py:161} INFO - Started process (PID=160187) to work on /usr/local/python/3.12.1/lib/python3.12/site-packages/airflow/example_dags/tutorial_taskflow_api.py
[2026-07-02T16:59:10.145+0000] {processor.py:830} INFO - Processing file /usr/local/python/3.12.1/lib/python3.12/site-packages/airflow/example_dags/tutorial_taskflow_api.py for tasks to queue
[2026-07-02T16:59:10.146+0000] {logging_mixin.py:188} INFO - [2026-07-02T16:59:10.146+0000] {dagbag.py:545} INFO - Filling up the DagBag from /usr/local/python/3.12.1/lib/python3.12/site-packages/airflow/example_dags/tutorial_taskflow_api.py
[2026-07-02T16:59:10.152+0000] {processor.py:840} INFO - DAG(s) 'tutorial_taskflow_api' retrieved from /usr/local/python/3.12.1/lib/python3.12/site-packages/airflow/example_dags/tutorial_taskflow_api.py
[2026-07-02T16:59:10.164+0000] {logging_mixin.py:188} INFO - [2026-07-02T16:59:10.164+0000] {dag.py:3089} INFO - Sync 1 DAGs
[2026-07-02T16:59:10.174+0000] {logging_mixin.py:188} INFO - [2026-07-02T16:59:10.173+0000] {dag.py:3947} INFO - Setting next_dagrun for tutorial_taskflow_api to None, run_after=None
[2026-07-02T16:59:10.197+0000] {processor.py:183} INFO - Processing /usr/local/python/3.12.1/lib/python3.12/site-packages/airflow/example_dags/tutorial_taskflow_api.py took 0.057 seconds
[2026-07-02T16:59:50.239+0000] {processor.py:161} INFO - Started process (PID=160612) to work on /usr/local/python/3.12.1/lib/python3.12/site-packages/airflow/example_dags/tutorial_taskflow_api.py
[2026-07-02T16:59:50.240+0000] {processor.py:830} INFO - Processing file /usr/local/python/3.12.1/lib/python3.12/site-packages/airflow/example_dags/tutorial_taskflow_api.py for tasks to queue
[2026-07-02T16:59:50.241+0000] {logging_mixin.py:188} INFO - [2026-07-02T16:59:50.241+0000] {dagbag.py:545} INFO - Filling up the DagBag from /usr/local/python/3.12.1/lib/python3.12/site-packages/airflow/example_dags/tutorial_taskflow_api.py
[2026-07-02T16:59:50.247+0000] {processor.py:840} INFO - DAG(s) 'tutorial_taskflow_api' retrieved from /usr/local/python/3.12.1/lib/python3.12/site-packages/airflow/example_dags/tutorial_taskflow_api.py
[2026-07-02T16:59:50.259+0000] {logging_mixin.py:188} INFO - [2026-07-02T16:59:50.258+0000] {dag.py:3089} INFO - Sync 1 DAGs
[2026-07-02T16:59:50.268+0000] {logging_mixin.py:188} INFO - [2026-07-02T16:59:50.268+0000] {dag.py:3947} INFO - Setting next_dagrun for tutorial_taskflow_api to None, run_after=None
[2026-07-02T16:59:50.286+0000] {processor.py:183} INFO - Processing /usr/local/python/3.12.1/lib/python3.12/site-packages/airflow/example_dags/tutorial_taskflow_api.py took 0.052 seconds
[2026-07-02T17:00:31.414+0000] {processor.py:161} INFO - Started process (PID=161036) to work on /usr/local/python/3.12.1/lib/python3.12/site-packages/airflow/example_dags/tutorial_taskflow_api.py
[2026-07-02T17:00:31.415+0000] {processor.py:830} INFO - Processing file /usr/local/python/3.12.1/lib/python3.12/site-packages/airflow/example_dags/tutorial_taskflow_api.py for tasks to queue
[2026-07-02T17:00:31.417+0000] {logging_mixin.py:188} INFO - [2026-07-02T17:00:31.416+0000] {dagbag.py:545} INFO - Filling up the DagBag from /usr/local/python/3.12.1/lib/python3.12/site-packages/airflow/example_dags/tutorial_taskflow_api.py
[2026-07-02T17:00:31.422+0000] {processor.py:840} INFO - DAG(s) 'tutorial_taskflow_api' retrieved from /usr/local/python/3.12.1/lib/python3.12/site-packages/airflow/example_dags/tutorial_taskflow_api.py
[2026-07-02T17:00:31.435+0000] {logging_mixin.py:188} INFO - [2026-07-02T17:00:31.434+0000] {dag.py:3089} INFO - Sync 1 DAGs
[2026-07-02T17:00:31.444+0000] {logging_mixin.py:188} INFO - [2026-07-02T17:00:31.444+0000] {dag.py:3947} INFO - Setting next_dagrun for tutorial_taskflow_api to None, run_after=None
[2026-07-02T17:00:31.460+0000] {processor.py:183} INFO - Processing /usr/local/python/3.12.1/lib/python3.12/site-packages/airflow/example_dags/tutorial_taskflow_api.py took 0.051 seconds
[2026-07-02T17:01:12.629+0000] {processor.py:161} INFO - Started process (PID=161492) to work on /usr/local/python/3.12.1/lib/python3.12/site-packages/airflow/example_dags/tutorial_taskflow_api.py
[2026-07-02T17:01:12.630+0000] {processor.py:830} INFO - Processing file /usr/local/python/3.12.1/lib/python3.12/site-packages/airflow/example_dags/tutorial_taskflow_api.py for tasks to queue
[2026-07-02T17:01:12.632+0000] {logging_mixin.py:188} INFO - [2026-07-02T17:01:12.632+0000] {dagbag.py:545} INFO - Filling up the DagBag from /usr/local/python/3.12.1/lib/python3.12/site-packages/airflow/example_dags/tutorial_taskflow_api.py
[2026-07-02T17:01:12.640+0000] {processor.py:840} INFO - DAG(s) 'tutorial_taskflow_api' retrieved from /usr/local/python/3.12.1/lib/python3.12/site-packages/airflow/example_dags/tutorial_taskflow_api.py
[2026-07-02T17:01:12.658+0000] {logging_mixin.py:188} INFO - [2026-07-02T17:01:12.658+0000] {dag.py:3089} INFO - Sync 1 DAGs
[2026-07-02T17:01:12.672+0000] {logging_mixin.py:188} INFO - [2026-07-02T17:01:12.671+0000] {dag.py:3947} INFO - Setting next_dagrun for tutorial_taskflow_api to None, run_after=None
[2026-07-02T17:01:12.721+0000] {processor.py:183} INFO - Processing /usr/local/python/3.12.1/lib/python3.12/site-packages/airflow/example_dags/tutorial_taskflow_api.py took 0.099 seconds
[2026-07-02T17:01:55.022+0000] {processor.py:161} INFO - Started process (PID=161926) to work on /usr/local/python/3.12.1/lib/python3.12/site-packages/airflow/example_dags/tutorial_taskflow_api.py
[2026-07-02T17:01:55.023+0000] {processor.py:830} INFO - Processing file /usr/local/python/3.12.1/lib/python3.12/site-packages/airflow/example_dags/tutorial_taskflow_api.py for tasks to queue
[2026-07-02T17:01:55.025+0000] {logging_mixin.py:188} INFO - [2026-07-02T17:01:55.024+0000] {dagbag.py:545} INFO - Filling up the DagBag from /usr/local/python/3.12.1/lib/python3.12/site-packages/airflow/example_dags/tutorial_taskflow_api.py
[2026-07-02T17:01:55.030+0000] {processor.py:840} INFO - DAG(s) 'tutorial_taskflow_api' retrieved from /usr/local/python/3.12.1/lib/python3.12/site-packages/airflow/example_dags/tutorial_taskflow_api.py
[2026-07-02T17:01:55.042+0000] {logging_mixin.py:188} INFO - [2026-07-02T17:01:55.042+0000] {dag.py:3089} INFO - Sync 1 DAGs
[2026-07-02T17:01:55.051+0000] {logging_mixin.py:188} INFO - [2026-07-02T17:01:55.051+0000] {dag.py:3947} INFO - Setting next_dagrun for tutorial_taskflow_api to None, run_after=None
[2026-07-02T17:01:55.070+0000] {processor.py:183} INFO - Processing /usr/local/python/3.12.1/lib/python3.12/site-packages/airflow/example_dags/tutorial_taskflow_api.py took 0.052 seconds
[2026-07-02T17:02:39.410+0000] {processor.py:161} INFO - Started process (PID=162404) to work on /usr/local/python/3.12.1/lib/python3.12/site-packages/airflow/example_dags/tutorial_taskflow_api.py
[2026-07-02T17:02:39.411+0000] {processor.py:830} INFO - Processing file /usr/local/python/3.12.1/lib/python3.12/site-packages/airflow/example_dags/tutorial_taskflow_api.py for tasks to queue
[2026-07-02T17:02:39.412+0000] {logging_mixin.py:188} INFO - [2026-07-02T17:02:39.412+0000] {dagbag.py:545} INFO - Filling up the DagBag from /usr/local/python/3.12.1/lib/python3.12/site-packages/airflow/example_dags/tutorial_taskflow_api.py
[2026-07-02T17:02:39.418+0000] {processor.py:840} INFO - DAG(s) 'tutorial_taskflow_api' retrieved from /usr/local/python/3.12.1/lib/python3.12/site-packages/airflow/example_dags/tutorial_taskflow_api.py
[2026-07-02T17:02:39.430+0000] {logging_mixin.py:188} INFO - [2026-07-02T17:02:39.430+0000] {dag.py:3089} INFO - Sync 1 DAGs
[2026-07-02T17:02:39.443+0000] {logging_mixin.py:188} INFO - [2026-07-02T17:02:39.443+0000] {dag.py:3947} INFO - Setting next_dagrun for tutorial_taskflow_api to None, run_after=None
[2026-07-02T17:02:39.461+0000] {processor.py:183} INFO - Processing /usr/local/python/3.12.1/lib/python3.12/site-packages/airflow/example_dags/tutorial_taskflow_api.py took 0.056 seconds
[2026-07-02T17:03:22.770+0000] {processor.py:161} INFO - Started process (PID=162834) to work on /usr/local/python/3.12.1/lib/python3.12/site-packages/airflow/example_dags/tutorial_taskflow_api.py
[2026-07-02T17:03:22.771+0000] {processor.py:830} INFO - Processing file /usr/local/python/3.12.1/lib/python3.12/site-packages/airflow/example_dags/tutorial_taskflow_api.py for tasks to queue
[2026-07-02T17:03:22.773+0000] {logging_mixin.py:188} INFO - [2026-07-02T17:03:22.772+0000] {dagbag.py:545} INFO - Filling up the DagBag from /usr/local/python/3.12.1/lib/python3.12/site-packages/airflow/example_dags/tutorial_taskflow_api.py
[2026-07-02T17:03:22.779+0000] {processor.py:840} INFO - DAG(s) 'tutorial_taskflow_api' retrieved from /usr/local/python/3.12.1/lib/python3.12/site-packages/airflow/example_dags/tutorial_taskflow_api.py
[2026-07-02T17:03:22.795+0000] {logging_mixin.py:188} INFO - [2026-07-02T17:03:22.794+0000] {dag.py:3089} INFO - Sync 1 DAGs
[2026-07-02T17:03:22.804+0000] {logging_mixin.py:188} INFO - [2026-07-02T17:03:22.804+0000] {dag.py:3947} INFO - Setting next_dagrun for tutorial_taskflow_api to None, run_after=None
[2026-07-02T17:03:22.820+0000] {processor.py:183} INFO - Processing /usr/local/python/3.12.1/lib/python3.12/site-packages/airflow/example_dags/tutorial_taskflow_api.py took 0.055 seconds
[2026-07-02T17:04:04.380+0000] {processor.py:161} INFO - Started process (PID=163302) to work on /usr/local/python/3.12.1/lib/python3.12/site-packages/airflow/example_dags/tutorial_taskflow_api.py
[2026-07-02T17:04:04.381+0000] {processor.py:830} INFO - Processing file /usr/local/python/3.12.1/lib/python3.12/site-packages/airflow/example_dags/tutorial_taskflow_api.py for tasks to queue
[2026-07-02T17:04:04.383+0000] {logging_mixin.py:188} INFO - [2026-07-02T17:04:04.382+0000] {dagbag.py:545} INFO - Filling up the DagBag from /usr/local/python/3.12.1/lib/python3.12/site-packages/airflow/example_dags/tutorial_taskflow_api.py
[2026-07-02T17:04:04.390+0000] {processor.py:840} INFO - DAG(s) 'tutorial_taskflow_api' retrieved from /usr/local/python/3.12.1/lib/python3.12/site-packages/airflow/example_dags/tutorial_taskflow_api.py
[2026-07-02T17:04:04.403+0000] {logging_mixin.py:188} INFO - [2026-07-02T17:04:04.403+0000] {dag.py:3089} INFO - Sync 1 DAGs
[2026-07-02T17:04:04.413+0000] {logging_mixin.py:188} INFO - [2026-07-02T17:04:04.413+0000] {dag.py:3947} INFO - Setting next_dagrun for tutorial_taskflow_api to None, run_after=None
[2026-07-02T17:04:04.430+0000] {processor.py:183} INFO - Processing /usr/local/python/3.12.1/lib/python3.12/site-packages/airflow/example_dags/tutorial_taskflow_api.py took 0.056 seconds
[2026-07-02T17:04:46.427+0000] {processor.py:161} INFO - Started process (PID=163776) to work on /usr/local/python/3.12.1/lib/python3.12/site-packages/airflow/example_dags/tutorial_taskflow_api.py
[2026-07-02T17:04:46.427+0000] {processor.py:830} INFO - Processing file /usr/local/python/3.12.1/lib/python3.12/site-packages/airflow/example_dags/tutorial_taskflow_api.py for tasks to queue
[2026-07-02T17:04:46.429+0000] {logging_mixin.py:188} INFO - [2026-07-02T17:04:46.429+0000] {dagbag.py:545} INFO - Filling up the DagBag from /usr/local/python/3.12.1/lib/python3.12/site-packages/airflow/example_dags/tutorial_taskflow_api.py
[2026-07-02T17:04:46.434+0000] {processor.py:840} INFO - DAG(s) 'tutorial_taskflow_api' retrieved from /usr/local/python/3.12.1/lib/python3.12/site-packages/airflow/example_dags/tutorial_taskflow_api.py
[2026-07-02T17:04:46.448+0000] {logging_mixin.py:188} INFO - [2026-07-02T17:04:46.448+0000] {dag.py:3089} INFO - Sync 1 DAGs
[2026-07-02T17:04:46.457+0000] {logging_mixin.py:188} INFO - [2026-07-02T17:04:46.457+0000] {dag.py:3947} INFO - Setting next_dagrun for tutorial_taskflow_api to None, run_after=None
[2026-07-02T17:04:46.474+0000] {processor.py:183} INFO - Processing /usr/local/python/3.12.1/lib/python3.12/site-packages/airflow/example_dags/tutorial_taskflow_api.py took 0.052 seconds
[2026-07-02T17:05:30.620+0000] {processor.py:161} INFO - Started process (PID=164216) to work on /usr/local/python/3.12.1/lib/python3.12/site-packages/airflow/example_dags/tutorial_taskflow_api.py
[2026-07-02T17:05:30.621+0000] {processor.py:830} INFO - Processing file /usr/local/python/3.12.1/lib/python3.12/site-packages/airflow/example_dags/tutorial_taskflow_api.py for tasks to queue
[2026-07-02T17:05:30.623+0000] {logging_mixin.py:188} INFO - [2026-07-02T17:05:30.622+0000] {dagbag.py:545} INFO - Filling up the DagBag from /usr/local/python/3.12.1/lib/python3.12/site-packages/airflow/example_dags/tutorial_taskflow_api.py
[2026-07-02T17:05:30.630+0000] {processor.py:840} INFO - DAG(s) 'tutorial_taskflow_api' retrieved from /usr/local/python/3.12.1/lib/python3.12/site-packages/airflow/example_dags/tutorial_taskflow_api.py
[2026-07-02T17:05:30.655+0000] {logging_mixin.py:188} INFO - [2026-07-02T17:05:30.654+0000] {dag.py:3089} INFO - Sync 1 DAGs
[2026-07-02T17:05:30.666+0000] {logging_mixin.py:188} INFO - [2026-07-02T17:05:30.666+0000] {dag.py:3947} INFO - Setting next_dagrun for tutorial_taskflow_api to None, run_after=None
[2026-07-02T17:05:30.684+0000] {processor.py:183} INFO - Processing /usr/local/python/3.12.1/lib/python3.12/site-packages/airflow/example_dags/tutorial_taskflow_api.py took 0.074 seconds
[2026-07-02T17:06:12.779+0000] {processor.py:161} INFO - Started process (PID=164643) to work on /usr/local/python/3.12.1/lib/python3.12/site-packages/airflow/example_dags/tutorial_taskflow_api.py
[2026-07-02T17:06:12.782+0000] {processor.py:830} INFO - Processing file /usr/local/python/3.12.1/lib/python3.12/site-packages/airflow/example_dags/tutorial_taskflow_api.py for tasks to queue
[2026-07-02T17:06:12.787+0000] {logging_mixin.py:188} INFO - [2026-07-02T17:06:12.786+0000] {dagbag.py:545} INFO - Filling up the DagBag from /usr/local/python/3.12.1/lib/python3.12/site-packages/airflow/example_dags/tutorial_taskflow_api.py
[2026-07-02T17:06:12.794+0000] {processor.py:840} INFO - DAG(s) 'tutorial_taskflow_api' retrieved from /usr/local/python/3.12.1/lib/python3.12/site-packages/airflow/example_dags/tutorial_taskflow_api.py
[2026-07-02T17:06:12.812+0000] {logging_mixin.py:188} INFO - [2026-07-02T17:06:12.812+0000] {dag.py:3089} INFO - Sync 1 DAGs
[2026-07-02T17:06:12.833+0000] {logging_mixin.py:188} INFO - [2026-07-02T17:06:12.832+0000] {dag.py:3947} INFO - Setting next_dagrun for tutorial_taskflow_api to None, run_after=None
[2026-07-02T17:06:12.852+0000] {processor.py:183} INFO - Processing /usr/local/python/3.12.1/lib/python3.12/site-packages/airflow/example_dags/tutorial_taskflow_api.py took 0.079 seconds
[2026-07-02T17:06:55.069+0000] {processor.py:161} INFO - Started process (PID=165071) to work on /usr/local/python/3.12.1/lib/python3.12/site-packages/airflow/example_dags/tutorial_taskflow_api.py
[2026-07-02T17:06:55.070+0000] {processor.py:830} INFO - Processing file /usr/local/python/3.12.1/lib/python3.12/site-packages/airflow/example_dags/tutorial_taskflow_api.py for tasks to queue
[2026-07-02T17:06:55.071+0000] {logging_mixin.py:188} INFO - [2026-07-02T17:06:55.071+0000] {dagbag.py:545} INFO - Filling up the DagBag from /usr/local/python/3.12.1/lib/python3.12/site-packages/airflow/example_dags/tutorial_taskflow_api.py
[2026-07-02T17:06:55.077+0000] {processor.py:840} INFO - DAG(s) 'tutorial_taskflow_api' retrieved from /usr/local/python/3.12.1/lib/python3.12/site-packages/airflow/example_dags/tutorial_taskflow_api.py
[2026-07-02T17:06:55.094+0000] {logging_mixin.py:188} INFO - [2026-07-02T17:06:55.094+0000] {dag.py:3089} INFO - Sync 1 DAGs
[2026-07-02T17:06:55.108+0000] {logging_mixin.py:188} INFO - [2026-07-02T17:06:55.107+0000] {dag.py:3947} INFO - Setting next_dagrun for tutorial_taskflow_api to None, run_after=None
[2026-07-02T17:06:55.128+0000] {processor.py:183} INFO - Processing /usr/local/python/3.12.1/lib/python3.12/site-packages/airflow/example_dags/tutorial_taskflow_api.py took 0.064 seconds
[2026-07-02T17:07:35.341+0000] {processor.py:161} INFO - Started process (PID=165563) to work on /usr/local/python/3.12.1/lib/python3.12/site-packages/airflow/example_dags/tutorial_taskflow_api.py
[2026-07-02T17:07:35.342+0000] {processor.py:830} INFO - Processing file /usr/local/python/3.12.1/lib/python3.12/site-packages/airflow/example_dags/tutorial_taskflow_api.py for tasks to queue
[2026-07-02T17:07:35.344+0000] {logging_mixin.py:188} INFO - [2026-07-02T17:07:35.343+0000] {dagbag.py:545} INFO - Filling up the DagBag from /usr/local/python/3.12.1/lib/python3.12/site-packages/airflow/example_dags/tutorial_taskflow_api.py
[2026-07-02T17:07:35.351+0000] {processor.py:840} INFO - DAG(s) 'tutorial_taskflow_api' retrieved from /usr/local/python/3.12.1/lib/python3.12/site-packages/airflow/example_dags/tutorial_taskflow_api.py
[2026-07-02T17:07:35.370+0000] {logging_mixin.py:188} INFO - [2026-07-02T17:07:35.369+0000] {dag.py:3089} INFO - Sync 1 DAGs
[2026-07-02T17:07:35.382+0000] {logging_mixin.py:188} INFO - [2026-07-02T17:07:35.382+0000] {dag.py:3947} INFO - Setting next_dagrun for tutorial_taskflow_api to None, run_after=None
[2026-07-02T17:07:35.404+0000] {processor.py:183} INFO - Processing /usr/local/python/3.12.1/lib/python3.12/site-packages/airflow/example_dags/tutorial_taskflow_api.py took 0.070 seconds
[2026-07-02T17:08:20.449+0000] {processor.py:161} INFO - Started process (PID=166037) to work on /usr/local/python/3.12.1/lib/python3.12/site-packages/airflow/example_dags/tutorial_taskflow_api.py
[2026-07-02T17:08:20.450+0000] {processor.py:830} INFO - Processing file /usr/local/python/3.12.1/lib/python3.12/site-packages/airflow/example_dags/tutorial_taskflow_api.py for tasks to queue
[2026-07-02T17:08:20.452+0000] {logging_mixin.py:188} INFO - [2026-07-02T17:08:20.451+0000] {dagbag.py:545} INFO - Filling up the DagBag from /usr/local/python/3.12.1/lib/python3.12/site-packages/airflow/example_dags/tutorial_taskflow_api.py
[2026-07-02T17:08:20.457+0000] {processor.py:840} INFO - DAG(s) 'tutorial_taskflow_api' retrieved from /usr/local/python/3.12.1/lib/python3.12/site-packages/airflow/example_dags/tutorial_taskflow_api.py
[2026-07-02T17:08:20.469+0000] {logging_mixin.py:188} INFO - [2026-07-02T17:08:20.469+0000] {dag.py:3089} INFO - Sync 1 DAGs
[2026-07-02T17:08:20.480+0000] {logging_mixin.py:188} INFO - [2026-07-02T17:08:20.480+0000] {dag.py:3947} INFO - Setting next_dagrun for tutorial_taskflow_api to None, run_after=None
[2026-07-02T17:08:20.500+0000] {processor.py:183} INFO - Processing /usr/local/python/3.12.1/lib/python3.12/site-packages/airflow/example_dags/tutorial_taskflow_api.py took 0.055 seconds
[2026-07-02T17:09:04.972+0000] {processor.py:161} INFO - Started process (PID=166476) to work on /usr/local/python/3.12.1/lib/python3.12/site-packages/airflow/example_dags/tutorial_taskflow_api.py
[2026-07-02T17:09:04.974+0000] {processor.py:830} INFO - Processing file /usr/local/python/3.12.1/lib/python3.12/site-packages/airflow/example_dags/tutorial_taskflow_api.py for tasks to queue
[2026-07-02T17:09:04.976+0000] {logging_mixin.py:188} INFO - [2026-07-02T17:09:04.975+0000] {dagbag.py:545} INFO - Filling up the DagBag from /usr/local/python/3.12.1/lib/python3.12/site-packages/airflow/example_dags/tutorial_taskflow_api.py
[2026-07-02T17:09:04.983+0000] {processor.py:840} INFO - DAG(s) 'tutorial_taskflow_api' retrieved from /usr/local/python/3.12.1/lib/python3.12/site-packages/airflow/example_dags/tutorial_taskflow_api.py
[2026-07-02T17:09:04.999+0000] {logging_mixin.py:188} INFO - [2026-07-02T17:09:04.998+0000] {dag.py:3089} INFO - Sync 1 DAGs
[2026-07-02T17:09:05.009+0000] {logging_mixin.py:188} INFO - [2026-07-02T17:09:05.008+0000] {dag.py:3947} INFO - Setting next_dagrun for tutorial_taskflow_api to None, run_after=None
[2026-07-02T17:09:05.025+0000] {processor.py:183} INFO - Processing /usr/local/python/3.12.1/lib/python3.12/site-packages/airflow/example_dags/tutorial_taskflow_api.py took 0.057 seconds
[2026-07-02T17:09:52.728+0000] {processor.py:161} INFO - Started process (PID=166999) to work on /usr/local/python/3.12.1/lib/python3.12/site-packages/airflow/example_dags/tutorial_taskflow_api.py
[2026-07-02T17:09:52.729+0000] {processor.py:830} INFO - Processing file /usr/local/python/3.12.1/lib/python3.12/site-packages/airflow/example_dags/tutorial_taskflow_api.py for tasks to queue
[2026-07-02T17:09:52.730+0000] {logging_mixin.py:188} INFO - [2026-07-02T17:09:52.730+0000] {dagbag.py:545} INFO - Filling up the DagBag from /usr/local/python/3.12.1/lib/python3.12/site-packages/airflow/example_dags/tutorial_taskflow_api.py
[2026-07-02T17:09:52.736+0000] {processor.py:840} INFO - DAG(s) 'tutorial_taskflow_api' retrieved from /usr/local/python/3.12.1/lib/python3.12/site-packages/airflow/example_dags/tutorial_taskflow_api.py
[2026-07-02T17:09:52.748+0000] {logging_mixin.py:188} INFO - [2026-07-02T17:09:52.748+0000] {dag.py:3089} INFO - Sync 1 DAGs
[2026-07-02T17:09:52.757+0000] {logging_mixin.py:188} INFO - [2026-07-02T17:09:52.757+0000] {dag.py:3947} INFO - Setting next_dagrun for tutorial_taskflow_api to None, run_after=None
[2026-07-02T17:09:52.778+0000] {processor.py:183} INFO - Processing /usr/local/python/3.12.1/lib/python3.12/site-packages/airflow/example_dags/tutorial_taskflow_api.py took 0.055 seconds
[2026-07-02T17:10:37.101+0000] {processor.py:161} INFO - Started process (PID=167466) to work on /usr/local/python/3.12.1/lib/python3.12/site-packages/airflow/example_dags/tutorial_taskflow_api.py
[2026-07-02T17:10:37.101+0000] {processor.py:830} INFO - Processing file /usr/local/python/3.12.1/lib/python3.12/site-packages/airflow/example_dags/tutorial_taskflow_api.py for tasks to queue
[2026-07-02T17:10:37.103+0000] {logging_mixin.py:188} INFO - [2026-07-02T17:10:37.102+0000] {dagbag.py:545} INFO - Filling up the DagBag from /usr/local/python/3.12.1/lib/python3.12/site-packages/airflow/example_dags/tutorial_taskflow_api.py
[2026-07-02T17:10:37.108+0000] {processor.py:840} INFO - DAG(s) 'tutorial_taskflow_api' retrieved from /usr/local/python/3.12.1/lib/python3.12/site-packages/airflow/example_dags/tutorial_taskflow_api.py
[2026-07-02T17:10:37.120+0000] {logging_mixin.py:188} INFO - [2026-07-02T17:10:37.120+0000] {dag.py:3089} INFO - Sync 1 DAGs
[2026-07-02T17:10:37.131+0000] {logging_mixin.py:188} INFO - [2026-07-02T17:10:37.131+0000] {dag.py:3947} INFO - Setting next_dagrun for tutorial_taskflow_api to None, run_after=None
[2026-07-02T17:10:37.148+0000] {processor.py:183} INFO - Processing /usr/local/python/3.12.1/lib/python3.12/site-packages/airflow/example_dags/tutorial_taskflow_api.py took 0.052 seconds
[2026-07-02T17:11:22.515+0000] {processor.py:161} INFO - Started process (PID=167937) to work on /usr/local/python/3.12.1/lib/python3.12/site-packages/airflow/example_dags/tutorial_taskflow_api.py
[2026-07-02T17:11:22.515+0000] {processor.py:830} INFO - Processing file /usr/local/python/3.12.1/lib/python3.12/site-packages/airflow/example_dags/tutorial_taskflow_api.py for tasks to queue
[2026-07-02T17:11:22.517+0000] {logging_mixin.py:188} INFO - [2026-07-02T17:11:22.517+0000] {dagbag.py:545} INFO - Filling up the DagBag from /usr/local/python/3.12.1/lib/python3.12/site-packages/airflow/example_dags/tutorial_taskflow_api.py
[2026-07-02T17:11:22.522+0000] {processor.py:840} INFO - DAG(s) 'tutorial_taskflow_api' retrieved from /usr/local/python/3.12.1/lib/python3.12/site-packages/airflow/example_dags/tutorial_taskflow_api.py
[2026-07-02T17:11:22.535+0000] {logging_mixin.py:188} INFO - [2026-07-02T17:11:22.534+0000] {dag.py:3089} INFO - Sync 1 DAGs
[2026-07-02T17:11:22.543+0000] {logging_mixin.py:188} INFO - [2026-07-02T17:11:22.543+0000] {dag.py:3947} INFO - Setting next_dagrun for tutorial_taskflow_api to None, run_after=None
[2026-07-02T17:11:22.560+0000] {processor.py:183} INFO - Processing /usr/local/python/3.12.1/lib/python3.12/site-packages/airflow/example_dags/tutorial_taskflow_api.py took 0.050 seconds
[2026-07-02T17:12:07.563+0000] {processor.py:161} INFO - Started process (PID=168416) to work on /usr/local/python/3.12.1/lib/python3.12/site-packages/airflow/example_dags/tutorial_taskflow_api.py
[2026-07-02T17:12:07.564+0000] {processor.py:830} INFO - Processing file /usr/local/python/3.12.1/lib/python3.12/site-packages/airflow/example_dags/tutorial_taskflow_api.py for tasks to queue
[2026-07-02T17:12:07.566+0000] {logging_mixin.py:188} INFO - [2026-07-02T17:12:07.565+0000] {dagbag.py:545} INFO - Filling up the DagBag from /usr/local/python/3.12.1/lib/python3.12/site-packages/airflow/example_dags/tutorial_taskflow_api.py
[2026-07-02T17:12:07.571+0000] {processor.py:840} INFO - DAG(s) 'tutorial_taskflow_api' retrieved from /usr/local/python/3.12.1/lib/python3.12/site-packages/airflow/example_dags/tutorial_taskflow_api.py
[2026-07-02T17:12:07.586+0000] {logging_mixin.py:188} INFO - [2026-07-02T17:12:07.586+0000] {dag.py:3089} INFO - Sync 1 DAGs
[2026-07-02T17:12:07.598+0000] {logging_mixin.py:188} INFO - [2026-07-02T17:12:07.597+0000] {dag.py:3947} INFO - Setting next_dagrun for tutorial_taskflow_api to None, run_after=None
[2026-07-02T17:12:07.615+0000] {processor.py:183} INFO - Processing /usr/local/python/3.12.1/lib/python3.12/site-packages/airflow/example_dags/tutorial_taskflow_api.py took 0.056 seconds
[2026-07-02T17:12:49.938+0000] {processor.py:161} INFO - Started process (PID=168873) to work on /usr/local/python/3.12.1/lib/python3.12/site-packages/airflow/example_dags/tutorial_taskflow_api.py
[2026-07-02T17:12:49.938+0000] {processor.py:830} INFO - Processing file /usr/local/python/3.12.1/lib/python3.12/site-packages/airflow/example_dags/tutorial_taskflow_api.py for tasks to queue
[2026-07-02T17:12:49.940+0000] {logging_mixin.py:188} INFO - [2026-07-02T17:12:49.940+0000] {dagbag.py:545} INFO - Filling up the DagBag from /usr/local/python/3.12.1/lib/python3.12/site-packages/airflow/example_dags/tutorial_taskflow_api.py
[2026-07-02T17:12:49.945+0000] {processor.py:840} INFO - DAG(s) 'tutorial_taskflow_api' retrieved from /usr/local/python/3.12.1/lib/python3.12/site-packages/airflow/example_dags/tutorial_taskflow_api.py
[2026-07-02T17:12:49.957+0000] {logging_mixin.py:188} INFO - [2026-07-02T17:12:49.957+0000] {dag.py:3089} INFO - Sync 1 DAGs
[2026-07-02T17:12:49.967+0000] {logging_mixin.py:188} INFO - [2026-07-02T17:12:49.966+0000] {dag.py:3947} INFO - Setting next_dagrun for tutorial_taskflow_api to None, run_after=None
[2026-07-02T17:12:49.987+0000] {processor.py:183} INFO - Processing /usr/local/python/3.12.1/lib/python3.12/site-packages/airflow/example_dags/tutorial_taskflow_api.py took 0.054 seconds
[2026-07-02T17:13:30.231+0000] {processor.py:161} INFO - Started process (PID=169317) to work on /usr/local/python/3.12.1/lib/python3.12/site-packages/airflow/example_dags/tutorial_taskflow_api.py
[2026-07-02T17:13:30.232+0000] {processor.py:830} INFO - Processing file /usr/local/python/3.12.1/lib/python3.12/site-packages/airflow/example_dags/tutorial_taskflow_api.py for tasks to queue
[2026-07-02T17:13:30.234+0000] {logging_mixin.py:188} INFO - [2026-07-02T17:13:30.233+0000] {dagbag.py:545} INFO - Filling up the DagBag from /usr/local/python/3.12.1/lib/python3.12/site-packages/airflow/example_dags/tutorial_taskflow_api.py
[2026-07-02T17:13:30.242+0000] {processor.py:840} INFO - DAG(s) 'tutorial_taskflow_api' retrieved from /usr/local/python/3.12.1/lib/python3.12/site-packages/airflow/example_dags/tutorial_taskflow_api.py
[2026-07-02T17:13:30.260+0000] {logging_mixin.py:188} INFO - [2026-07-02T17:13:30.259+0000] {dag.py:3089} INFO - Sync 1 DAGs
[2026-07-02T17:13:30.273+0000] {logging_mixin.py:188} INFO - [2026-07-02T17:13:30.272+0000] {dag.py:3947} INFO - Setting next_dagrun for tutorial_taskflow_api to None, run_after=None
[2026-07-02T17:13:30.299+0000] {processor.py:183} INFO - Processing /usr/local/python/3.12.1/lib/python3.12/site-packages/airflow/example_dags/tutorial_taskflow_api.py took 0.078 seconds
[2026-07-02T17:14:11.660+0000] {processor.py:161} INFO - Started process (PID=169736) to work on /usr/local/python/3.12.1/lib/python3.12/site-packages/airflow/example_dags/tutorial_taskflow_api.py
[2026-07-02T17:14:11.661+0000] {processor.py:830} INFO - Processing file /usr/local/python/3.12.1/lib/python3.12/site-packages/airflow/example_dags/tutorial_taskflow_api.py for tasks to queue
[2026-07-02T17:14:11.663+0000] {logging_mixin.py:188} INFO - [2026-07-02T17:14:11.663+0000] {dagbag.py:545} INFO - Filling up the DagBag from /usr/local/python/3.12.1/lib/python3.12/site-packages/airflow/example_dags/tutorial_taskflow_api.py
[2026-07-02T17:14:11.671+0000] {processor.py:840} INFO - DAG(s) 'tutorial_taskflow_api' retrieved from /usr/local/python/3.12.1/lib/python3.12/site-packages/airflow/example_dags/tutorial_taskflow_api.py
[2026-07-02T17:14:11.687+0000] {logging_mixin.py:188} INFO - [2026-07-02T17:14:11.687+0000] {dag.py:3089} INFO - Sync 1 DAGs
[2026-07-02T17:14:11.699+0000] {logging_mixin.py:188} INFO - [2026-07-02T17:14:11.698+0000] {dag.py:3947} INFO - Setting next_dagrun for tutorial_taskflow_api to None, run_after=None
[2026-07-02T17:14:11.715+0000] {processor.py:183} INFO - Processing /usr/local/python/3.12.1/lib/python3.12/site-packages/airflow/example_dags/tutorial_taskflow_api.py took 0.059 seconds
[2026-07-02T17:14:55.727+0000] {processor.py:161} INFO - Started process (PID=170205) to work on /usr/local/python/3.12.1/lib/python3.12/site-packages/airflow/example_dags/tutorial_taskflow_api.py
[2026-07-02T17:14:55.728+0000] {processor.py:830} INFO - Processing file /usr/local/python/3.12.1/lib/python3.12/site-packages/airflow/example_dags/tutorial_taskflow_api.py for tasks to queue
[2026-07-02T17:14:55.729+0000] {logging_mixin.py:188} INFO - [2026-07-02T17:14:55.729+0000] {dagbag.py:545} INFO - Filling up the DagBag from /usr/local/python/3.12.1/lib/python3.12/site-packages/airflow/example_dags/tutorial_taskflow_api.py
[2026-07-02T17:14:55.735+0000] {processor.py:840} INFO - DAG(s) 'tutorial_taskflow_api' retrieved from /usr/local/python/3.12.1/lib/python3.12/site-packages/airflow/example_dags/tutorial_taskflow_api.py
[2026-07-02T17:14:55.746+0000] {logging_mixin.py:188} INFO - [2026-07-02T17:14:55.746+0000] {dag.py:3089} INFO - Sync 1 DAGs
[2026-07-02T17:14:55.755+0000] {logging_mixin.py:188} INFO - [2026-07-02T17:14:55.755+0000] {dag.py:3947} INFO - Setting next_dagrun for tutorial_taskflow_api to None, run_after=None
[2026-07-02T17:14:55.775+0000] {processor.py:183} INFO - Processing /usr/local/python/3.12.1/lib/python3.12/site-packages/airflow/example_dags/tutorial_taskflow_api.py took 0.052 seconds
[2026-07-02T17:15:36.845+0000] {processor.py:161} INFO - Started process (PID=170661) to work on /usr/local/python/3.12.1/lib/python3.12/site-packages/airflow/example_dags/tutorial_taskflow_api.py
[2026-07-02T17:15:36.846+0000] {processor.py:830} INFO - Processing file /usr/local/python/3.12.1/lib/python3.12/site-packages/airflow/example_dags/tutorial_taskflow_api.py for tasks to queue
[2026-07-02T17:15:36.848+0000] {logging_mixin.py:188} INFO - [2026-07-02T17:15:36.847+0000] {dagbag.py:545} INFO - Filling up the DagBag from /usr/local/python/3.12.1/lib/python3.12/site-packages/airflow/example_dags/tutorial_taskflow_api.py
[2026-07-02T17:15:36.853+0000] {processor.py:840} INFO - DAG(s) 'tutorial_taskflow_api' retrieved from /usr/local/python/3.12.1/lib/python3.12/site-packages/airflow/example_dags/tutorial_taskflow_api.py
[2026-07-02T17:15:36.865+0000] {logging_mixin.py:188} INFO - [2026-07-02T17:15:36.864+0000] {dag.py:3089} INFO - Sync 1 DAGs
[2026-07-02T17:15:36.874+0000] {logging_mixin.py:188} INFO - [2026-07-02T17:15:36.874+0000] {dag.py:3947} INFO - Setting next_dagrun for tutorial_taskflow_api to None, run_after=None
[2026-07-02T17:15:36.897+0000] {processor.py:183} INFO - Processing /usr/local/python/3.12.1/lib/python3.12/site-packages/airflow/example_dags/tutorial_taskflow_api.py took 0.056 seconds
[2026-07-02T17:16:12.976+0000] {processor.py:161} INFO - Started process (PID=171003) to work on /usr/local/python/3.12.1/lib/python3.12/site-packages/airflow/example_dags/tutorial_taskflow_api.py
[2026-07-02T17:16:12.977+0000] {processor.py:830} INFO - Processing file /usr/local/python/3.12.1/lib/python3.12/site-packages/airflow/example_dags/tutorial_taskflow_api.py for tasks to queue
[2026-07-02T17:16:12.979+0000] {logging_mixin.py:188} INFO - [2026-07-02T17:16:12.979+0000] {dagbag.py:545} INFO - Filling up the DagBag from /usr/local/python/3.12.1/lib/python3.12/site-packages/airflow/example_dags/tutorial_taskflow_api.py
[2026-07-02T17:16:12.987+0000] {processor.py:840} INFO - DAG(s) 'tutorial_taskflow_api' retrieved from /usr/local/python/3.12.1/lib/python3.12/site-packages/airflow/example_dags/tutorial_taskflow_api.py
[2026-07-02T17:16:13.002+0000] {logging_mixin.py:188} INFO - [2026-07-02T17:16:13.002+0000] {dag.py:3089} INFO - Sync 1 DAGs
[2026-07-02T17:16:13.011+0000] {logging_mixin.py:188} INFO - [2026-07-02T17:16:13.011+0000] {dag.py:3947} INFO - Setting next_dagrun for tutorial_taskflow_api to None, run_after=None
[2026-07-02T17:16:13.035+0000] {processor.py:183} INFO - Processing /usr/local/python/3.12.1/lib/python3.12/site-packages/airflow/example_dags/tutorial_taskflow_api.py took 0.064 seconds
[2026-07-02T17:16:54.314+0000] {processor.py:161} INFO - Started process (PID=171466) to work on /usr/local/python/3.12.1/lib/python3.12/site-packages/airflow/example_dags/tutorial_taskflow_api.py
[2026-07-02T17:16:54.315+0000] {processor.py:830} INFO - Processing file /usr/local/python/3.12.1/lib/python3.12/site-packages/airflow/example_dags/tutorial_taskflow_api.py for tasks to queue
[2026-07-02T17:16:54.316+0000] {logging_mixin.py:188} INFO - [2026-07-02T17:16:54.316+0000] {dagbag.py:545} INFO - Filling up the DagBag from /usr/local/python/3.12.1/lib/python3.12/site-packages/airflow/example_dags/tutorial_taskflow_api.py
[2026-07-02T17:16:54.322+0000] {processor.py:840} INFO - DAG(s) 'tutorial_taskflow_api' retrieved from /usr/local/python/3.12.1/lib/python3.12/site-packages/airflow/example_dags/tutorial_taskflow_api.py
[2026-07-02T17:16:54.334+0000] {logging_mixin.py:188} INFO - [2026-07-02T17:16:54.334+0000] {dag.py:3089} INFO - Sync 1 DAGs
[2026-07-02T17:16:54.343+0000] {logging_mixin.py:188} INFO - [2026-07-02T17:16:54.343+0000] {dag.py:3947} INFO - Setting next_dagrun for tutorial_taskflow_api to None, run_after=None
[2026-07-02T17:16:54.360+0000] {processor.py:183} INFO - Processing /usr/local/python/3.12.1/lib/python3.12/site-packages/airflow/example_dags/tutorial_taskflow_api.py took 0.051 seconds
