[2026-07-02T16:24:01.965+0000] {processor.py:161} INFO - Started process (PID=117386) to work on /usr/local/python/3.12.1/lib/python3.12/site-packages/airflow/example_dags/plugins/event_listener.py
[2026-07-02T16:24:01.965+0000] {processor.py:830} INFO - Processing file /usr/local/python/3.12.1/lib/python3.12/site-packages/airflow/example_dags/plugins/event_listener.py for tasks to queue
[2026-07-02T16:24:01.967+0000] {logging_mixin.py:188} INFO - [2026-07-02T16:24:01.966+0000] {dagbag.py:545} INFO - Filling up the DagBag from /usr/local/python/3.12.1/lib/python3.12/site-packages/airflow/example_dags/plugins/event_listener.py
[2026-07-02T16:24:01.969+0000] {processor.py:842} WARNING - No viable dags retrieved from /usr/local/python/3.12.1/lib/python3.12/site-packages/airflow/example_dags/plugins/event_listener.py
[2026-07-02T16:24:01.978+0000] {processor.py:183} INFO - Processing /usr/local/python/3.12.1/lib/python3.12/site-packages/airflow/example_dags/plugins/event_listener.py took 0.017 seconds
[2026-07-02T16:24:59.858+0000] {processor.py:161} INFO - Started process (PID=118218) to work on /usr/local/python/3.12.1/lib/python3.12/site-packages/airflow/example_dags/plugins/event_listener.py
[2026-07-02T16:24:59.859+0000] {processor.py:830} INFO - Processing file /usr/local/python/3.12.1/lib/python3.12/site-packages/airflow/example_dags/plugins/event_listener.py for tasks to queue
[2026-07-02T16:24:59.860+0000] {logging_mixin.py:188} INFO - [2026-07-02T16:24:59.860+0000] {dagbag.py:545} INFO - Filling up the DagBag from /usr/local/python/3.12.1/lib/python3.12/site-packages/airflow/example_dags/plugins/event_listener.py
[2026-07-02T16:24:59.862+0000] {processor.py:842} WARNING - No viable dags retrieved from /usr/local/python/3.12.1/lib/python3.12/site-packages/airflow/example_dags/plugins/event_listener.py
[2026-07-02T16:24:59.870+0000] {processor.py:183} INFO - Processing /usr/local/python/3.12.1/lib/python3.12/site-packages/airflow/example_dags/plugins/event_listener.py took 0.016 seconds
[2026-07-02T16:25:45.116+0000] {processor.py:161} INFO - Started process (PID=119989) to work on /usr/local/python/3.12.1/lib/python3.12/site-packages/airflow/example_dags/plugins/event_listener.py
[2026-07-02T16:25:45.117+0000] {processor.py:830} INFO - Processing file /usr/local/python/3.12.1/lib/python3.12/site-packages/airflow/example_dags/plugins/event_listener.py for tasks to queue
[2026-07-02T16:25:45.118+0000] {logging_mixin.py:188} INFO - [2026-07-02T16:25:45.118+0000] {dagbag.py:545} INFO - Filling up the DagBag from /usr/local/python/3.12.1/lib/python3.12/site-packages/airflow/example_dags/plugins/event_listener.py
[2026-07-02T16:25:45.120+0000] {processor.py:842} WARNING - No viable dags retrieved from /usr/local/python/3.12.1/lib/python3.12/site-packages/airflow/example_dags/plugins/event_listener.py
[2026-07-02T16:25:45.128+0000] {processor.py:183} INFO - Processing /usr/local/python/3.12.1/lib/python3.12/site-packages/airflow/example_dags/plugins/event_listener.py took 0.017 seconds
[2026-07-02T16:26:37.030+0000] {processor.py:161} INFO - Started process (PID=126426) to work on /usr/local/python/3.12.1/lib/python3.12/site-packages/airflow/example_dags/plugins/event_listener.py
[2026-07-02T16:26:37.033+0000] {processor.py:830} INFO - Processing file /usr/local/python/3.12.1/lib/python3.12/site-packages/airflow/example_dags/plugins/event_listener.py for tasks to queue
[2026-07-02T16:26:37.034+0000] {logging_mixin.py:188} INFO - [2026-07-02T16:26:37.034+0000] {dagbag.py:545} INFO - Filling up the DagBag from /usr/local/python/3.12.1/lib/python3.12/site-packages/airflow/example_dags/plugins/event_listener.py
[2026-07-02T16:26:37.036+0000] {processor.py:842} WARNING - No viable dags retrieved from /usr/local/python/3.12.1/lib/python3.12/site-packages/airflow/example_dags/plugins/event_listener.py
[2026-07-02T16:26:37.045+0000] {processor.py:183} INFO - Processing /usr/local/python/3.12.1/lib/python3.12/site-packages/airflow/example_dags/plugins/event_listener.py took 0.020 seconds
[2026-07-02T16:27:52.280+0000] {processor.py:161} INFO - Started process (PID=128600) to work on /usr/local/python/3.12.1/lib/python3.12/site-packages/airflow/example_dags/plugins/event_listener.py
[2026-07-02T16:27:52.283+0000] {processor.py:830} INFO - Processing file /usr/local/python/3.12.1/lib/python3.12/site-packages/airflow/example_dags/plugins/event_listener.py for tasks to queue
[2026-07-02T16:27:52.285+0000] {logging_mixin.py:188} INFO - [2026-07-02T16:27:52.284+0000] {dagbag.py:545} INFO - Filling up the DagBag from /usr/local/python/3.12.1/lib/python3.12/site-packages/airflow/example_dags/plugins/event_listener.py
[2026-07-02T16:27:52.287+0000] {processor.py:842} WARNING - No viable dags retrieved from /usr/local/python/3.12.1/lib/python3.12/site-packages/airflow/example_dags/plugins/event_listener.py
[2026-07-02T16:27:52.297+0000] {processor.py:183} INFO - Processing /usr/local/python/3.12.1/lib/python3.12/site-packages/airflow/example_dags/plugins/event_listener.py took 0.022 seconds
[2026-07-02T16:28:49.138+0000] {processor.py:161} INFO - Started process (PID=129461) to work on /usr/local/python/3.12.1/lib/python3.12/site-packages/airflow/example_dags/plugins/event_listener.py
[2026-07-02T16:28:49.140+0000] {processor.py:830} INFO - Processing file /usr/local/python/3.12.1/lib/python3.12/site-packages/airflow/example_dags/plugins/event_listener.py for tasks to queue
[2026-07-02T16:28:49.143+0000] {logging_mixin.py:188} INFO - [2026-07-02T16:28:49.142+0000] {dagbag.py:545} INFO - Filling up the DagBag from /usr/local/python/3.12.1/lib/python3.12/site-packages/airflow/example_dags/plugins/event_listener.py
[2026-07-02T16:28:49.147+0000] {processor.py:842} WARNING - No viable dags retrieved from /usr/local/python/3.12.1/lib/python3.12/site-packages/airflow/example_dags/plugins/event_listener.py
[2026-07-02T16:28:49.161+0000] {processor.py:183} INFO - Processing /usr/local/python/3.12.1/lib/python3.12/site-packages/airflow/example_dags/plugins/event_listener.py took 0.030 seconds
[2026-07-02T16:29:50.837+0000] {processor.py:161} INFO - Started process (PID=130127) to work on /usr/local/python/3.12.1/lib/python3.12/site-packages/airflow/example_dags/plugins/event_listener.py
[2026-07-02T16:29:50.839+0000] {processor.py:830} INFO - Processing file /usr/local/python/3.12.1/lib/python3.12/site-packages/airflow/example_dags/plugins/event_listener.py for tasks to queue
[2026-07-02T16:29:50.841+0000] {logging_mixin.py:188} INFO - [2026-07-02T16:29:50.841+0000] {dagbag.py:545} INFO - Filling up the DagBag from /usr/local/python/3.12.1/lib/python3.12/site-packages/airflow/example_dags/plugins/event_listener.py
[2026-07-02T16:29:50.843+0000] {processor.py:842} WARNING - No viable dags retrieved from /usr/local/python/3.12.1/lib/python3.12/site-packages/airflow/example_dags/plugins/event_listener.py
[2026-07-02T16:29:50.852+0000] {processor.py:183} INFO - Processing /usr/local/python/3.12.1/lib/python3.12/site-packages/airflow/example_dags/plugins/event_listener.py took 0.019 seconds
[2026-07-02T16:30:45.804+0000] {processor.py:161} INFO - Started process (PID=130735) to work on /usr/local/python/3.12.1/lib/python3.12/site-packages/airflow/example_dags/plugins/event_listener.py
[2026-07-02T16:30:45.804+0000] {processor.py:830} INFO - Processing file /usr/local/python/3.12.1/lib/python3.12/site-packages/airflow/example_dags/plugins/event_listener.py for tasks to queue
[2026-07-02T16:30:45.806+0000] {logging_mixin.py:188} INFO - [2026-07-02T16:30:45.806+0000] {dagbag.py:545} INFO - Filling up the DagBag from /usr/local/python/3.12.1/lib/python3.12/site-packages/airflow/example_dags/plugins/event_listener.py
[2026-07-02T16:30:45.808+0000] {processor.py:842} WARNING - No viable dags retrieved from /usr/local/python/3.12.1/lib/python3.12/site-packages/airflow/example_dags/plugins/event_listener.py
[2026-07-02T16:30:45.816+0000] {processor.py:183} INFO - Processing /usr/local/python/3.12.1/lib/python3.12/site-packages/airflow/example_dags/plugins/event_listener.py took 0.019 seconds
[2026-07-02T16:31:34.459+0000] {processor.py:161} INFO - Started process (PID=131279) to work on /usr/local/python/3.12.1/lib/python3.12/site-packages/airflow/example_dags/plugins/event_listener.py
[2026-07-02T16:31:34.459+0000] {processor.py:830} INFO - Processing file /usr/local/python/3.12.1/lib/python3.12/site-packages/airflow/example_dags/plugins/event_listener.py for tasks to queue
[2026-07-02T16:31:34.461+0000] {logging_mixin.py:188} INFO - [2026-07-02T16:31:34.460+0000] {dagbag.py:545} INFO - Filling up the DagBag from /usr/local/python/3.12.1/lib/python3.12/site-packages/airflow/example_dags/plugins/event_listener.py
[2026-07-02T16:31:34.463+0000] {processor.py:842} WARNING - No viable dags retrieved from /usr/local/python/3.12.1/lib/python3.12/site-packages/airflow/example_dags/plugins/event_listener.py
[2026-07-02T16:31:34.471+0000] {processor.py:183} INFO - Processing /usr/local/python/3.12.1/lib/python3.12/site-packages/airflow/example_dags/plugins/event_listener.py took 0.017 seconds
[2026-07-02T16:32:24.528+0000] {processor.py:161} INFO - Started process (PID=132998) to work on /usr/local/python/3.12.1/lib/python3.12/site-packages/airflow/example_dags/plugins/event_listener.py
[2026-07-02T16:32:24.529+0000] {processor.py:830} INFO - Processing file /usr/local/python/3.12.1/lib/python3.12/site-packages/airflow/example_dags/plugins/event_listener.py for tasks to queue
[2026-07-02T16:32:24.531+0000] {logging_mixin.py:188} INFO - [2026-07-02T16:32:24.531+0000] {dagbag.py:545} INFO - Filling up the DagBag from /usr/local/python/3.12.1/lib/python3.12/site-packages/airflow/example_dags/plugins/event_listener.py
[2026-07-02T16:32:24.533+0000] {processor.py:842} WARNING - No viable dags retrieved from /usr/local/python/3.12.1/lib/python3.12/site-packages/airflow/example_dags/plugins/event_listener.py
[2026-07-02T16:32:24.542+0000] {processor.py:183} INFO - Processing /usr/local/python/3.12.1/lib/python3.12/site-packages/airflow/example_dags/plugins/event_listener.py took 0.019 seconds
[2026-07-02T16:33:15.236+0000] {processor.py:161} INFO - Started process (PID=133550) to work on /usr/local/python/3.12.1/lib/python3.12/site-packages/airflow/example_dags/plugins/event_listener.py
[2026-07-02T16:33:15.237+0000] {processor.py:830} INFO - Processing file /usr/local/python/3.12.1/lib/python3.12/site-packages/airflow/example_dags/plugins/event_listener.py for tasks to queue
[2026-07-02T16:33:15.241+0000] {logging_mixin.py:188} INFO - [2026-07-02T16:33:15.241+0000] {dagbag.py:545} INFO - Filling up the DagBag from /usr/local/python/3.12.1/lib/python3.12/site-packages/airflow/example_dags/plugins/event_listener.py
[2026-07-02T16:33:15.246+0000] {processor.py:842} WARNING - No viable dags retrieved from /usr/local/python/3.12.1/lib/python3.12/site-packages/airflow/example_dags/plugins/event_listener.py
[2026-07-02T16:33:15.268+0000] {processor.py:183} INFO - Processing /usr/local/python/3.12.1/lib/python3.12/site-packages/airflow/example_dags/plugins/event_listener.py took 0.046 seconds
[2026-07-02T16:34:03.297+0000] {processor.py:161} INFO - Started process (PID=134175) to work on /usr/local/python/3.12.1/lib/python3.12/site-packages/airflow/example_dags/plugins/event_listener.py
[2026-07-02T16:34:03.298+0000] {processor.py:830} INFO - Processing file /usr/local/python/3.12.1/lib/python3.12/site-packages/airflow/example_dags/plugins/event_listener.py for tasks to queue
[2026-07-02T16:34:03.299+0000] {logging_mixin.py:188} INFO - [2026-07-02T16:34:03.299+0000] {dagbag.py:545} INFO - Filling up the DagBag from /usr/local/python/3.12.1/lib/python3.12/site-packages/airflow/example_dags/plugins/event_listener.py
[2026-07-02T16:34:03.301+0000] {processor.py:842} WARNING - No viable dags retrieved from /usr/local/python/3.12.1/lib/python3.12/site-packages/airflow/example_dags/plugins/event_listener.py
[2026-07-02T16:34:03.310+0000] {processor.py:183} INFO - Processing /usr/local/python/3.12.1/lib/python3.12/site-packages/airflow/example_dags/plugins/event_listener.py took 0.018 seconds
[2026-07-02T16:34:54.478+0000] {processor.py:161} INFO - Started process (PID=134824) to work on /usr/local/python/3.12.1/lib/python3.12/site-packages/airflow/example_dags/plugins/event_listener.py
[2026-07-02T16:34:54.484+0000] {processor.py:830} INFO - Processing file /usr/local/python/3.12.1/lib/python3.12/site-packages/airflow/example_dags/plugins/event_listener.py for tasks to queue
[2026-07-02T16:34:54.486+0000] {logging_mixin.py:188} INFO - [2026-07-02T16:34:54.485+0000] {dagbag.py:545} INFO - Filling up the DagBag from /usr/local/python/3.12.1/lib/python3.12/site-packages/airflow/example_dags/plugins/event_listener.py
[2026-07-02T16:34:54.488+0000] {processor.py:842} WARNING - No viable dags retrieved from /usr/local/python/3.12.1/lib/python3.12/site-packages/airflow/example_dags/plugins/event_listener.py
[2026-07-02T16:34:54.498+0000] {processor.py:183} INFO - Processing /usr/local/python/3.12.1/lib/python3.12/site-packages/airflow/example_dags/plugins/event_listener.py took 0.026 seconds
[2026-07-02T16:35:49.153+0000] {processor.py:161} INFO - Started process (PID=136277) to work on /usr/local/python/3.12.1/lib/python3.12/site-packages/airflow/example_dags/plugins/event_listener.py
[2026-07-02T16:35:49.157+0000] {processor.py:830} INFO - Processing file /usr/local/python/3.12.1/lib/python3.12/site-packages/airflow/example_dags/plugins/event_listener.py for tasks to queue
[2026-07-02T16:35:49.159+0000] {logging_mixin.py:188} INFO - [2026-07-02T16:35:49.159+0000] {dagbag.py:545} INFO - Filling up the DagBag from /usr/local/python/3.12.1/lib/python3.12/site-packages/airflow/example_dags/plugins/event_listener.py
[2026-07-02T16:35:49.162+0000] {processor.py:842} WARNING - No viable dags retrieved from /usr/local/python/3.12.1/lib/python3.12/site-packages/airflow/example_dags/plugins/event_listener.py
[2026-07-02T16:35:49.173+0000] {processor.py:183} INFO - Processing /usr/local/python/3.12.1/lib/python3.12/site-packages/airflow/example_dags/plugins/event_listener.py took 0.027 seconds
[2026-07-02T16:36:39.660+0000] {processor.py:161} INFO - Started process (PID=136931) to work on /usr/local/python/3.12.1/lib/python3.12/site-packages/airflow/example_dags/plugins/event_listener.py
[2026-07-02T16:36:39.661+0000] {processor.py:830} INFO - Processing file /usr/local/python/3.12.1/lib/python3.12/site-packages/airflow/example_dags/plugins/event_listener.py for tasks to queue
[2026-07-02T16:36:39.663+0000] {logging_mixin.py:188} INFO - [2026-07-02T16:36:39.663+0000] {dagbag.py:545} INFO - Filling up the DagBag from /usr/local/python/3.12.1/lib/python3.12/site-packages/airflow/example_dags/plugins/event_listener.py
[2026-07-02T16:36:39.666+0000] {processor.py:842} WARNING - No viable dags retrieved from /usr/local/python/3.12.1/lib/python3.12/site-packages/airflow/example_dags/plugins/event_listener.py
[2026-07-02T16:36:39.677+0000] {processor.py:183} INFO - Processing /usr/local/python/3.12.1/lib/python3.12/site-packages/airflow/example_dags/plugins/event_listener.py took 0.022 seconds
[2026-07-02T16:37:27.648+0000] {processor.py:161} INFO - Started process (PID=138254) to work on /usr/local/python/3.12.1/lib/python3.12/site-packages/airflow/example_dags/plugins/event_listener.py
[2026-07-02T16:37:27.649+0000] {processor.py:830} INFO - Processing file /usr/local/python/3.12.1/lib/python3.12/site-packages/airflow/example_dags/plugins/event_listener.py for tasks to queue
[2026-07-02T16:37:27.651+0000] {logging_mixin.py:188} INFO - [2026-07-02T16:37:27.650+0000] {dagbag.py:545} INFO - Filling up the DagBag from /usr/local/python/3.12.1/lib/python3.12/site-packages/airflow/example_dags/plugins/event_listener.py
[2026-07-02T16:37:27.653+0000] {processor.py:842} WARNING - No viable dags retrieved from /usr/local/python/3.12.1/lib/python3.12/site-packages/airflow/example_dags/plugins/event_listener.py
[2026-07-02T16:37:27.665+0000] {processor.py:183} INFO - Processing /usr/local/python/3.12.1/lib/python3.12/site-packages/airflow/example_dags/plugins/event_listener.py took 0.024 seconds
[2026-07-02T16:38:10.114+0000] {processor.py:161} INFO - Started process (PID=139072) to work on /usr/local/python/3.12.1/lib/python3.12/site-packages/airflow/example_dags/plugins/event_listener.py
[2026-07-02T16:38:10.118+0000] {processor.py:830} INFO - Processing file /usr/local/python/3.12.1/lib/python3.12/site-packages/airflow/example_dags/plugins/event_listener.py for tasks to queue
[2026-07-02T16:38:10.120+0000] {logging_mixin.py:188} INFO - [2026-07-02T16:38:10.120+0000] {dagbag.py:545} INFO - Filling up the DagBag from /usr/local/python/3.12.1/lib/python3.12/site-packages/airflow/example_dags/plugins/event_listener.py
[2026-07-02T16:38:10.123+0000] {processor.py:842} WARNING - No viable dags retrieved from /usr/local/python/3.12.1/lib/python3.12/site-packages/airflow/example_dags/plugins/event_listener.py
[2026-07-02T16:38:10.138+0000] {processor.py:183} INFO - Processing /usr/local/python/3.12.1/lib/python3.12/site-packages/airflow/example_dags/plugins/event_listener.py took 0.031 seconds
[2026-07-02T16:38:56.933+0000] {processor.py:161} INFO - Started process (PID=139840) to work on /usr/local/python/3.12.1/lib/python3.12/site-packages/airflow/example_dags/plugins/event_listener.py
[2026-07-02T16:38:56.934+0000] {processor.py:830} INFO - Processing file /usr/local/python/3.12.1/lib/python3.12/site-packages/airflow/example_dags/plugins/event_listener.py for tasks to queue
[2026-07-02T16:38:56.935+0000] {logging_mixin.py:188} INFO - [2026-07-02T16:38:56.935+0000] {dagbag.py:545} INFO - Filling up the DagBag from /usr/local/python/3.12.1/lib/python3.12/site-packages/airflow/example_dags/plugins/event_listener.py
[2026-07-02T16:38:56.937+0000] {processor.py:842} WARNING - No viable dags retrieved from /usr/local/python/3.12.1/lib/python3.12/site-packages/airflow/example_dags/plugins/event_listener.py
[2026-07-02T16:38:56.945+0000] {processor.py:183} INFO - Processing /usr/local/python/3.12.1/lib/python3.12/site-packages/airflow/example_dags/plugins/event_listener.py took 0.017 seconds
[2026-07-02T16:39:41.807+0000] {processor.py:161} INFO - Started process (PID=140451) to work on /usr/local/python/3.12.1/lib/python3.12/site-packages/airflow/example_dags/plugins/event_listener.py
[2026-07-02T16:39:41.808+0000] {processor.py:830} INFO - Processing file /usr/local/python/3.12.1/lib/python3.12/site-packages/airflow/example_dags/plugins/event_listener.py for tasks to queue
[2026-07-02T16:39:41.810+0000] {logging_mixin.py:188} INFO - [2026-07-02T16:39:41.810+0000] {dagbag.py:545} INFO - Filling up the DagBag from /usr/local/python/3.12.1/lib/python3.12/site-packages/airflow/example_dags/plugins/event_listener.py
[2026-07-02T16:39:41.812+0000] {processor.py:842} WARNING - No viable dags retrieved from /usr/local/python/3.12.1/lib/python3.12/site-packages/airflow/example_dags/plugins/event_listener.py
[2026-07-02T16:39:41.822+0000] {processor.py:183} INFO - Processing /usr/local/python/3.12.1/lib/python3.12/site-packages/airflow/example_dags/plugins/event_listener.py took 0.019 seconds
[2026-07-02T16:40:31.083+0000] {processor.py:161} INFO - Started process (PID=141216) to work on /usr/local/python/3.12.1/lib/python3.12/site-packages/airflow/example_dags/plugins/event_listener.py
[2026-07-02T16:40:31.085+0000] {processor.py:830} INFO - Processing file /usr/local/python/3.12.1/lib/python3.12/site-packages/airflow/example_dags/plugins/event_listener.py for tasks to queue
[2026-07-02T16:40:31.087+0000] {logging_mixin.py:188} INFO - [2026-07-02T16:40:31.086+0000] {dagbag.py:545} INFO - Filling up the DagBag from /usr/local/python/3.12.1/lib/python3.12/site-packages/airflow/example_dags/plugins/event_listener.py
[2026-07-02T16:40:31.089+0000] {processor.py:842} WARNING - No viable dags retrieved from /usr/local/python/3.12.1/lib/python3.12/site-packages/airflow/example_dags/plugins/event_listener.py
[2026-07-02T16:40:31.097+0000] {processor.py:183} INFO - Processing /usr/local/python/3.12.1/lib/python3.12/site-packages/airflow/example_dags/plugins/event_listener.py took 0.019 seconds
[2026-07-02T16:41:26.909+0000] {processor.py:161} INFO - Started process (PID=142041) to work on /usr/local/python/3.12.1/lib/python3.12/site-packages/airflow/example_dags/plugins/event_listener.py
[2026-07-02T16:41:26.910+0000] {processor.py:830} INFO - Processing file /usr/local/python/3.12.1/lib/python3.12/site-packages/airflow/example_dags/plugins/event_listener.py for tasks to queue
[2026-07-02T16:41:26.911+0000] {logging_mixin.py:188} INFO - [2026-07-02T16:41:26.911+0000] {dagbag.py:545} INFO - Filling up the DagBag from /usr/local/python/3.12.1/lib/python3.12/site-packages/airflow/example_dags/plugins/event_listener.py
[2026-07-02T16:41:26.913+0000] {processor.py:842} WARNING - No viable dags retrieved from /usr/local/python/3.12.1/lib/python3.12/site-packages/airflow/example_dags/plugins/event_listener.py
[2026-07-02T16:41:26.923+0000] {processor.py:183} INFO - Processing /usr/local/python/3.12.1/lib/python3.12/site-packages/airflow/example_dags/plugins/event_listener.py took 0.019 seconds
[2026-07-02T16:42:33.970+0000] {processor.py:161} INFO - Started process (PID=143040) to work on /usr/local/python/3.12.1/lib/python3.12/site-packages/airflow/example_dags/plugins/event_listener.py
[2026-07-02T16:42:33.977+0000] {processor.py:830} INFO - Processing file /usr/local/python/3.12.1/lib/python3.12/site-packages/airflow/example_dags/plugins/event_listener.py for tasks to queue
[2026-07-02T16:42:33.983+0000] {logging_mixin.py:188} INFO - [2026-07-02T16:42:33.983+0000] {dagbag.py:545} INFO - Filling up the DagBag from /usr/local/python/3.12.1/lib/python3.12/site-packages/airflow/example_dags/plugins/event_listener.py
[2026-07-02T16:42:33.989+0000] {processor.py:842} WARNING - No viable dags retrieved from /usr/local/python/3.12.1/lib/python3.12/site-packages/airflow/example_dags/plugins/event_listener.py
[2026-07-02T16:42:34.054+0000] {processor.py:183} INFO - Processing /usr/local/python/3.12.1/lib/python3.12/site-packages/airflow/example_dags/plugins/event_listener.py took 0.099 seconds
[2026-07-02T16:43:40.081+0000] {processor.py:161} INFO - Started process (PID=144061) to work on /usr/local/python/3.12.1/lib/python3.12/site-packages/airflow/example_dags/plugins/event_listener.py
[2026-07-02T16:43:40.082+0000] {processor.py:830} INFO - Processing file /usr/local/python/3.12.1/lib/python3.12/site-packages/airflow/example_dags/plugins/event_listener.py for tasks to queue
[2026-07-02T16:43:40.084+0000] {logging_mixin.py:188} INFO - [2026-07-02T16:43:40.083+0000] {dagbag.py:545} INFO - Filling up the DagBag from /usr/local/python/3.12.1/lib/python3.12/site-packages/airflow/example_dags/plugins/event_listener.py
[2026-07-02T16:43:40.086+0000] {processor.py:842} WARNING - No viable dags retrieved from /usr/local/python/3.12.1/lib/python3.12/site-packages/airflow/example_dags/plugins/event_listener.py
[2026-07-02T16:43:40.095+0000] {processor.py:183} INFO - Processing /usr/local/python/3.12.1/lib/python3.12/site-packages/airflow/example_dags/plugins/event_listener.py took 0.020 seconds
[2026-07-02T16:44:15.616+0000] {processor.py:161} INFO - Started process (PID=145246) to work on /usr/local/python/3.12.1/lib/python3.12/site-packages/airflow/example_dags/plugins/event_listener.py
[2026-07-02T16:44:15.620+0000] {processor.py:830} INFO - Processing file /usr/local/python/3.12.1/lib/python3.12/site-packages/airflow/example_dags/plugins/event_listener.py for tasks to queue
[2026-07-02T16:44:15.621+0000] {logging_mixin.py:188} INFO - [2026-07-02T16:44:15.621+0000] {dagbag.py:545} INFO - Filling up the DagBag from /usr/local/python/3.12.1/lib/python3.12/site-packages/airflow/example_dags/plugins/event_listener.py
[2026-07-02T16:44:15.623+0000] {processor.py:842} WARNING - No viable dags retrieved from /usr/local/python/3.12.1/lib/python3.12/site-packages/airflow/example_dags/plugins/event_listener.py
[2026-07-02T16:44:15.631+0000] {processor.py:183} INFO - Processing /usr/local/python/3.12.1/lib/python3.12/site-packages/airflow/example_dags/plugins/event_listener.py took 0.020 seconds
[2026-07-02T16:45:24.602+0000] {processor.py:161} INFO - Started process (PID=147715) to work on /usr/local/python/3.12.1/lib/python3.12/site-packages/airflow/example_dags/plugins/event_listener.py
[2026-07-02T16:45:24.613+0000] {processor.py:830} INFO - Processing file /usr/local/python/3.12.1/lib/python3.12/site-packages/airflow/example_dags/plugins/event_listener.py for tasks to queue
[2026-07-02T16:45:24.614+0000] {logging_mixin.py:188} INFO - [2026-07-02T16:45:24.614+0000] {dagbag.py:545} INFO - Filling up the DagBag from /usr/local/python/3.12.1/lib/python3.12/site-packages/airflow/example_dags/plugins/event_listener.py
[2026-07-02T16:45:24.620+0000] {processor.py:842} WARNING - No viable dags retrieved from /usr/local/python/3.12.1/lib/python3.12/site-packages/airflow/example_dags/plugins/event_listener.py
[2026-07-02T16:45:24.640+0000] {processor.py:183} INFO - Processing /usr/local/python/3.12.1/lib/python3.12/site-packages/airflow/example_dags/plugins/event_listener.py took 0.046 seconds
[2026-07-02T16:46:21.706+0000] {processor.py:161} INFO - Started process (PID=149288) to work on /usr/local/python/3.12.1/lib/python3.12/site-packages/airflow/example_dags/plugins/event_listener.py
[2026-07-02T16:46:21.707+0000] {processor.py:830} INFO - Processing file /usr/local/python/3.12.1/lib/python3.12/site-packages/airflow/example_dags/plugins/event_listener.py for tasks to queue
[2026-07-02T16:46:21.709+0000] {logging_mixin.py:188} INFO - [2026-07-02T16:46:21.708+0000] {dagbag.py:545} INFO - Filling up the DagBag from /usr/local/python/3.12.1/lib/python3.12/site-packages/airflow/example_dags/plugins/event_listener.py
[2026-07-02T16:46:21.710+0000] {processor.py:842} WARNING - No viable dags retrieved from /usr/local/python/3.12.1/lib/python3.12/site-packages/airflow/example_dags/plugins/event_listener.py
[2026-07-02T16:46:21.719+0000] {processor.py:183} INFO - Processing /usr/local/python/3.12.1/lib/python3.12/site-packages/airflow/example_dags/plugins/event_listener.py took 0.018 seconds
