[2026-07-02T16:23:58.400+0000] {processor.py:161} INFO - Started process (PID=117317) to work on /usr/local/python/3.12.1/lib/python3.12/site-packages/airflow/example_dags/plugins/listener_plugin.py
[2026-07-02T16:23:58.400+0000] {processor.py:830} INFO - Processing file /usr/local/python/3.12.1/lib/python3.12/site-packages/airflow/example_dags/plugins/listener_plugin.py for tasks to queue
[2026-07-02T16:23:58.402+0000] {logging_mixin.py:188} INFO - [2026-07-02T16:23:58.402+0000] {dagbag.py:545} INFO - Filling up the DagBag from /usr/local/python/3.12.1/lib/python3.12/site-packages/airflow/example_dags/plugins/listener_plugin.py
[2026-07-02T16:23:58.404+0000] {processor.py:842} WARNING - No viable dags retrieved from /usr/local/python/3.12.1/lib/python3.12/site-packages/airflow/example_dags/plugins/listener_plugin.py
[2026-07-02T16:23:58.413+0000] {processor.py:183} INFO - Processing /usr/local/python/3.12.1/lib/python3.12/site-packages/airflow/example_dags/plugins/listener_plugin.py took 0.017 seconds
[2026-07-02T16:24:55.788+0000] {processor.py:161} INFO - Started process (PID=118172) to work on /usr/local/python/3.12.1/lib/python3.12/site-packages/airflow/example_dags/plugins/listener_plugin.py
[2026-07-02T16:24:55.789+0000] {processor.py:830} INFO - Processing file /usr/local/python/3.12.1/lib/python3.12/site-packages/airflow/example_dags/plugins/listener_plugin.py for tasks to queue
[2026-07-02T16:24:55.791+0000] {logging_mixin.py:188} INFO - [2026-07-02T16:24:55.791+0000] {dagbag.py:545} INFO - Filling up the DagBag from /usr/local/python/3.12.1/lib/python3.12/site-packages/airflow/example_dags/plugins/listener_plugin.py
[2026-07-02T16:24:55.793+0000] {processor.py:842} WARNING - No viable dags retrieved from /usr/local/python/3.12.1/lib/python3.12/site-packages/airflow/example_dags/plugins/listener_plugin.py
[2026-07-02T16:24:55.804+0000] {processor.py:183} INFO - Processing /usr/local/python/3.12.1/lib/python3.12/site-packages/airflow/example_dags/plugins/listener_plugin.py took 0.021 seconds
[2026-07-02T16:25:42.252+0000] {processor.py:161} INFO - Started process (PID=119964) to work on /usr/local/python/3.12.1/lib/python3.12/site-packages/airflow/example_dags/plugins/listener_plugin.py
[2026-07-02T16:25:42.253+0000] {processor.py:830} INFO - Processing file /usr/local/python/3.12.1/lib/python3.12/site-packages/airflow/example_dags/plugins/listener_plugin.py for tasks to queue
[2026-07-02T16:25:42.254+0000] {logging_mixin.py:188} INFO - [2026-07-02T16:25:42.254+0000] {dagbag.py:545} INFO - Filling up the DagBag from /usr/local/python/3.12.1/lib/python3.12/site-packages/airflow/example_dags/plugins/listener_plugin.py
[2026-07-02T16:25:42.257+0000] {processor.py:842} WARNING - No viable dags retrieved from /usr/local/python/3.12.1/lib/python3.12/site-packages/airflow/example_dags/plugins/listener_plugin.py
[2026-07-02T16:25:42.265+0000] {processor.py:183} INFO - Processing /usr/local/python/3.12.1/lib/python3.12/site-packages/airflow/example_dags/plugins/listener_plugin.py took 0.017 seconds
[2026-07-02T16:26:31.886+0000] {processor.py:161} INFO - Started process (PID=126338) to work on /usr/local/python/3.12.1/lib/python3.12/site-packages/airflow/example_dags/plugins/listener_plugin.py
[2026-07-02T16:26:31.888+0000] {processor.py:830} INFO - Processing file /usr/local/python/3.12.1/lib/python3.12/site-packages/airflow/example_dags/plugins/listener_plugin.py for tasks to queue
[2026-07-02T16:26:31.893+0000] {logging_mixin.py:188} INFO - [2026-07-02T16:26:31.892+0000] {dagbag.py:545} INFO - Filling up the DagBag from /usr/local/python/3.12.1/lib/python3.12/site-packages/airflow/example_dags/plugins/listener_plugin.py
[2026-07-02T16:26:31.908+0000] {processor.py:842} WARNING - No viable dags retrieved from /usr/local/python/3.12.1/lib/python3.12/site-packages/airflow/example_dags/plugins/listener_plugin.py
[2026-07-02T16:26:31.919+0000] {processor.py:183} INFO - Processing /usr/local/python/3.12.1/lib/python3.12/site-packages/airflow/example_dags/plugins/listener_plugin.py took 0.042 seconds
[2026-07-02T16:27:09.049+0000] {processor.py:161} INFO - Started process (PID=126816) to work on /usr/local/python/3.12.1/lib/python3.12/site-packages/airflow/example_dags/plugins/listener_plugin.py
[2026-07-02T16:27:09.061+0000] {processor.py:830} INFO - Processing file /usr/local/python/3.12.1/lib/python3.12/site-packages/airflow/example_dags/plugins/listener_plugin.py for tasks to queue
[2026-07-02T16:27:09.073+0000] {logging_mixin.py:188} INFO - [2026-07-02T16:27:09.072+0000] {dagbag.py:545} INFO - Filling up the DagBag from /usr/local/python/3.12.1/lib/python3.12/site-packages/airflow/example_dags/plugins/listener_plugin.py
[2026-07-02T16:27:09.095+0000] {processor.py:842} WARNING - No viable dags retrieved from /usr/local/python/3.12.1/lib/python3.12/site-packages/airflow/example_dags/plugins/listener_plugin.py
[2026-07-02T16:27:09.163+0000] {processor.py:183} INFO - Processing /usr/local/python/3.12.1/lib/python3.12/site-packages/airflow/example_dags/plugins/listener_plugin.py took 0.133 seconds
[2026-07-02T16:27:48.330+0000] {processor.py:161} INFO - Started process (PID=128522) to work on /usr/local/python/3.12.1/lib/python3.12/site-packages/airflow/example_dags/plugins/listener_plugin.py
[2026-07-02T16:27:48.331+0000] {processor.py:830} INFO - Processing file /usr/local/python/3.12.1/lib/python3.12/site-packages/airflow/example_dags/plugins/listener_plugin.py for tasks to queue
[2026-07-02T16:27:48.335+0000] {logging_mixin.py:188} INFO - [2026-07-02T16:27:48.334+0000] {dagbag.py:545} INFO - Filling up the DagBag from /usr/local/python/3.12.1/lib/python3.12/site-packages/airflow/example_dags/plugins/listener_plugin.py
[2026-07-02T16:27:48.340+0000] {processor.py:842} WARNING - No viable dags retrieved from /usr/local/python/3.12.1/lib/python3.12/site-packages/airflow/example_dags/plugins/listener_plugin.py
[2026-07-02T16:27:48.352+0000] {processor.py:183} INFO - Processing /usr/local/python/3.12.1/lib/python3.12/site-packages/airflow/example_dags/plugins/listener_plugin.py took 0.036 seconds
[2026-07-02T16:28:43.797+0000] {processor.py:161} INFO - Started process (PID=129421) to work on /usr/local/python/3.12.1/lib/python3.12/site-packages/airflow/example_dags/plugins/listener_plugin.py
[2026-07-02T16:28:43.799+0000] {processor.py:830} INFO - Processing file /usr/local/python/3.12.1/lib/python3.12/site-packages/airflow/example_dags/plugins/listener_plugin.py for tasks to queue
[2026-07-02T16:28:43.801+0000] {logging_mixin.py:188} INFO - [2026-07-02T16:28:43.801+0000] {dagbag.py:545} INFO - Filling up the DagBag from /usr/local/python/3.12.1/lib/python3.12/site-packages/airflow/example_dags/plugins/listener_plugin.py
[2026-07-02T16:28:43.808+0000] {processor.py:842} WARNING - No viable dags retrieved from /usr/local/python/3.12.1/lib/python3.12/site-packages/airflow/example_dags/plugins/listener_plugin.py
[2026-07-02T16:28:43.821+0000] {processor.py:183} INFO - Processing /usr/local/python/3.12.1/lib/python3.12/site-packages/airflow/example_dags/plugins/listener_plugin.py took 0.032 seconds
[2026-07-02T16:29:48.025+0000] {processor.py:161} INFO - Started process (PID=130120) to work on /usr/local/python/3.12.1/lib/python3.12/site-packages/airflow/example_dags/plugins/listener_plugin.py
[2026-07-02T16:29:48.026+0000] {processor.py:830} INFO - Processing file /usr/local/python/3.12.1/lib/python3.12/site-packages/airflow/example_dags/plugins/listener_plugin.py for tasks to queue
[2026-07-02T16:29:48.027+0000] {logging_mixin.py:188} INFO - [2026-07-02T16:29:48.027+0000] {dagbag.py:545} INFO - Filling up the DagBag from /usr/local/python/3.12.1/lib/python3.12/site-packages/airflow/example_dags/plugins/listener_plugin.py
[2026-07-02T16:29:48.031+0000] {processor.py:842} WARNING - No viable dags retrieved from /usr/local/python/3.12.1/lib/python3.12/site-packages/airflow/example_dags/plugins/listener_plugin.py
[2026-07-02T16:29:48.039+0000] {processor.py:183} INFO - Processing /usr/local/python/3.12.1/lib/python3.12/site-packages/airflow/example_dags/plugins/listener_plugin.py took 0.019 seconds
[2026-07-02T16:30:41.494+0000] {processor.py:161} INFO - Started process (PID=130701) to work on /usr/local/python/3.12.1/lib/python3.12/site-packages/airflow/example_dags/plugins/listener_plugin.py
[2026-07-02T16:30:41.496+0000] {processor.py:830} INFO - Processing file /usr/local/python/3.12.1/lib/python3.12/site-packages/airflow/example_dags/plugins/listener_plugin.py for tasks to queue
[2026-07-02T16:30:41.500+0000] {logging_mixin.py:188} INFO - [2026-07-02T16:30:41.499+0000] {dagbag.py:545} INFO - Filling up the DagBag from /usr/local/python/3.12.1/lib/python3.12/site-packages/airflow/example_dags/plugins/listener_plugin.py
[2026-07-02T16:30:41.507+0000] {processor.py:842} WARNING - No viable dags retrieved from /usr/local/python/3.12.1/lib/python3.12/site-packages/airflow/example_dags/plugins/listener_plugin.py
[2026-07-02T16:30:41.529+0000] {processor.py:183} INFO - Processing /usr/local/python/3.12.1/lib/python3.12/site-packages/airflow/example_dags/plugins/listener_plugin.py took 0.051 seconds
[2026-07-02T16:31:30.092+0000] {processor.py:161} INFO - Started process (PID=131241) to work on /usr/local/python/3.12.1/lib/python3.12/site-packages/airflow/example_dags/plugins/listener_plugin.py
[2026-07-02T16:31:30.093+0000] {processor.py:830} INFO - Processing file /usr/local/python/3.12.1/lib/python3.12/site-packages/airflow/example_dags/plugins/listener_plugin.py for tasks to queue
[2026-07-02T16:31:30.095+0000] {logging_mixin.py:188} INFO - [2026-07-02T16:31:30.095+0000] {dagbag.py:545} INFO - Filling up the DagBag from /usr/local/python/3.12.1/lib/python3.12/site-packages/airflow/example_dags/plugins/listener_plugin.py
[2026-07-02T16:31:30.097+0000] {processor.py:842} WARNING - No viable dags retrieved from /usr/local/python/3.12.1/lib/python3.12/site-packages/airflow/example_dags/plugins/listener_plugin.py
[2026-07-02T16:31:30.106+0000] {processor.py:183} INFO - Processing /usr/local/python/3.12.1/lib/python3.12/site-packages/airflow/example_dags/plugins/listener_plugin.py took 0.020 seconds
[2026-07-02T16:32:21.211+0000] {processor.py:161} INFO - Started process (PID=132929) to work on /usr/local/python/3.12.1/lib/python3.12/site-packages/airflow/example_dags/plugins/listener_plugin.py
[2026-07-02T16:32:21.213+0000] {processor.py:830} INFO - Processing file /usr/local/python/3.12.1/lib/python3.12/site-packages/airflow/example_dags/plugins/listener_plugin.py for tasks to queue
[2026-07-02T16:32:21.217+0000] {logging_mixin.py:188} INFO - [2026-07-02T16:32:21.217+0000] {dagbag.py:545} INFO - Filling up the DagBag from /usr/local/python/3.12.1/lib/python3.12/site-packages/airflow/example_dags/plugins/listener_plugin.py
[2026-07-02T16:32:21.225+0000] {processor.py:842} WARNING - No viable dags retrieved from /usr/local/python/3.12.1/lib/python3.12/site-packages/airflow/example_dags/plugins/listener_plugin.py
[2026-07-02T16:32:21.255+0000] {processor.py:183} INFO - Processing /usr/local/python/3.12.1/lib/python3.12/site-packages/airflow/example_dags/plugins/listener_plugin.py took 0.058 seconds
[2026-07-02T16:33:10.650+0000] {processor.py:161} INFO - Started process (PID=133485) to work on /usr/local/python/3.12.1/lib/python3.12/site-packages/airflow/example_dags/plugins/listener_plugin.py
[2026-07-02T16:33:10.651+0000] {processor.py:830} INFO - Processing file /usr/local/python/3.12.1/lib/python3.12/site-packages/airflow/example_dags/plugins/listener_plugin.py for tasks to queue
[2026-07-02T16:33:10.652+0000] {logging_mixin.py:188} INFO - [2026-07-02T16:33:10.652+0000] {dagbag.py:545} INFO - Filling up the DagBag from /usr/local/python/3.12.1/lib/python3.12/site-packages/airflow/example_dags/plugins/listener_plugin.py
[2026-07-02T16:33:10.655+0000] {processor.py:842} WARNING - No viable dags retrieved from /usr/local/python/3.12.1/lib/python3.12/site-packages/airflow/example_dags/plugins/listener_plugin.py
[2026-07-02T16:33:10.663+0000] {processor.py:183} INFO - Processing /usr/local/python/3.12.1/lib/python3.12/site-packages/airflow/example_dags/plugins/listener_plugin.py took 0.018 seconds
[2026-07-02T16:33:58.829+0000] {processor.py:161} INFO - Started process (PID=134098) to work on /usr/local/python/3.12.1/lib/python3.12/site-packages/airflow/example_dags/plugins/listener_plugin.py
[2026-07-02T16:33:58.832+0000] {processor.py:830} INFO - Processing file /usr/local/python/3.12.1/lib/python3.12/site-packages/airflow/example_dags/plugins/listener_plugin.py for tasks to queue
[2026-07-02T16:33:58.834+0000] {logging_mixin.py:188} INFO - [2026-07-02T16:33:58.833+0000] {dagbag.py:545} INFO - Filling up the DagBag from /usr/local/python/3.12.1/lib/python3.12/site-packages/airflow/example_dags/plugins/listener_plugin.py
[2026-07-02T16:33:58.838+0000] {processor.py:842} WARNING - No viable dags retrieved from /usr/local/python/3.12.1/lib/python3.12/site-packages/airflow/example_dags/plugins/listener_plugin.py
[2026-07-02T16:33:58.855+0000] {processor.py:183} INFO - Processing /usr/local/python/3.12.1/lib/python3.12/site-packages/airflow/example_dags/plugins/listener_plugin.py took 0.033 seconds
[2026-07-02T16:34:50.493+0000] {processor.py:161} INFO - Started process (PID=134765) to work on /usr/local/python/3.12.1/lib/python3.12/site-packages/airflow/example_dags/plugins/listener_plugin.py
[2026-07-02T16:34:50.494+0000] {processor.py:830} INFO - Processing file /usr/local/python/3.12.1/lib/python3.12/site-packages/airflow/example_dags/plugins/listener_plugin.py for tasks to queue
[2026-07-02T16:34:50.496+0000] {logging_mixin.py:188} INFO - [2026-07-02T16:34:50.496+0000] {dagbag.py:545} INFO - Filling up the DagBag from /usr/local/python/3.12.1/lib/python3.12/site-packages/airflow/example_dags/plugins/listener_plugin.py
[2026-07-02T16:34:50.508+0000] {processor.py:842} WARNING - No viable dags retrieved from /usr/local/python/3.12.1/lib/python3.12/site-packages/airflow/example_dags/plugins/listener_plugin.py
[2026-07-02T16:34:50.516+0000] {processor.py:183} INFO - Processing /usr/local/python/3.12.1/lib/python3.12/site-packages/airflow/example_dags/plugins/listener_plugin.py took 0.030 seconds
[2026-07-02T16:35:46.280+0000] {processor.py:161} INFO - Started process (PID=136238) to work on /usr/local/python/3.12.1/lib/python3.12/site-packages/airflow/example_dags/plugins/listener_plugin.py
[2026-07-02T16:35:46.281+0000] {processor.py:830} INFO - Processing file /usr/local/python/3.12.1/lib/python3.12/site-packages/airflow/example_dags/plugins/listener_plugin.py for tasks to queue
[2026-07-02T16:35:46.283+0000] {logging_mixin.py:188} INFO - [2026-07-02T16:35:46.282+0000] {dagbag.py:545} INFO - Filling up the DagBag from /usr/local/python/3.12.1/lib/python3.12/site-packages/airflow/example_dags/plugins/listener_plugin.py
[2026-07-02T16:35:46.287+0000] {processor.py:842} WARNING - No viable dags retrieved from /usr/local/python/3.12.1/lib/python3.12/site-packages/airflow/example_dags/plugins/listener_plugin.py
[2026-07-02T16:35:46.299+0000] {processor.py:183} INFO - Processing /usr/local/python/3.12.1/lib/python3.12/site-packages/airflow/example_dags/plugins/listener_plugin.py took 0.027 seconds
[2026-07-02T16:36:36.746+0000] {processor.py:161} INFO - Started process (PID=136918) to work on /usr/local/python/3.12.1/lib/python3.12/site-packages/airflow/example_dags/plugins/listener_plugin.py
[2026-07-02T16:36:36.747+0000] {processor.py:830} INFO - Processing file /usr/local/python/3.12.1/lib/python3.12/site-packages/airflow/example_dags/plugins/listener_plugin.py for tasks to queue
[2026-07-02T16:36:36.748+0000] {logging_mixin.py:188} INFO - [2026-07-02T16:36:36.748+0000] {dagbag.py:545} INFO - Filling up the DagBag from /usr/local/python/3.12.1/lib/python3.12/site-packages/airflow/example_dags/plugins/listener_plugin.py
[2026-07-02T16:36:36.750+0000] {processor.py:842} WARNING - No viable dags retrieved from /usr/local/python/3.12.1/lib/python3.12/site-packages/airflow/example_dags/plugins/listener_plugin.py
[2026-07-02T16:36:36.759+0000] {processor.py:183} INFO - Processing /usr/local/python/3.12.1/lib/python3.12/site-packages/airflow/example_dags/plugins/listener_plugin.py took 0.018 seconds
[2026-07-02T16:37:24.204+0000] {processor.py:161} INFO - Started process (PID=138197) to work on /usr/local/python/3.12.1/lib/python3.12/site-packages/airflow/example_dags/plugins/listener_plugin.py
[2026-07-02T16:37:24.205+0000] {processor.py:830} INFO - Processing file /usr/local/python/3.12.1/lib/python3.12/site-packages/airflow/example_dags/plugins/listener_plugin.py for tasks to queue
[2026-07-02T16:37:24.209+0000] {logging_mixin.py:188} INFO - [2026-07-02T16:37:24.208+0000] {dagbag.py:545} INFO - Filling up the DagBag from /usr/local/python/3.12.1/lib/python3.12/site-packages/airflow/example_dags/plugins/listener_plugin.py
[2026-07-02T16:37:24.216+0000] {processor.py:842} WARNING - No viable dags retrieved from /usr/local/python/3.12.1/lib/python3.12/site-packages/airflow/example_dags/plugins/listener_plugin.py
[2026-07-02T16:37:24.233+0000] {processor.py:183} INFO - Processing /usr/local/python/3.12.1/lib/python3.12/site-packages/airflow/example_dags/plugins/listener_plugin.py took 0.046 seconds
[2026-07-02T16:38:07.538+0000] {processor.py:161} INFO - Started process (PID=138776) to work on /usr/local/python/3.12.1/lib/python3.12/site-packages/airflow/example_dags/plugins/listener_plugin.py
[2026-07-02T16:38:07.539+0000] {processor.py:830} INFO - Processing file /usr/local/python/3.12.1/lib/python3.12/site-packages/airflow/example_dags/plugins/listener_plugin.py for tasks to queue
[2026-07-02T16:38:07.541+0000] {logging_mixin.py:188} INFO - [2026-07-02T16:38:07.540+0000] {dagbag.py:545} INFO - Filling up the DagBag from /usr/local/python/3.12.1/lib/python3.12/site-packages/airflow/example_dags/plugins/listener_plugin.py
[2026-07-02T16:38:07.544+0000] {processor.py:842} WARNING - No viable dags retrieved from /usr/local/python/3.12.1/lib/python3.12/site-packages/airflow/example_dags/plugins/listener_plugin.py
[2026-07-02T16:38:07.553+0000] {processor.py:183} INFO - Processing /usr/local/python/3.12.1/lib/python3.12/site-packages/airflow/example_dags/plugins/listener_plugin.py took 0.021 seconds
[2026-07-02T16:38:53.129+0000] {processor.py:161} INFO - Started process (PID=139787) to work on /usr/local/python/3.12.1/lib/python3.12/site-packages/airflow/example_dags/plugins/listener_plugin.py
[2026-07-02T16:38:53.130+0000] {processor.py:830} INFO - Processing file /usr/local/python/3.12.1/lib/python3.12/site-packages/airflow/example_dags/plugins/listener_plugin.py for tasks to queue
[2026-07-02T16:38:53.132+0000] {logging_mixin.py:188} INFO - [2026-07-02T16:38:53.132+0000] {dagbag.py:545} INFO - Filling up the DagBag from /usr/local/python/3.12.1/lib/python3.12/site-packages/airflow/example_dags/plugins/listener_plugin.py
[2026-07-02T16:38:53.136+0000] {processor.py:842} WARNING - No viable dags retrieved from /usr/local/python/3.12.1/lib/python3.12/site-packages/airflow/example_dags/plugins/listener_plugin.py
[2026-07-02T16:38:53.148+0000] {processor.py:183} INFO - Processing /usr/local/python/3.12.1/lib/python3.12/site-packages/airflow/example_dags/plugins/listener_plugin.py took 0.026 seconds
[2026-07-02T16:39:38.972+0000] {processor.py:161} INFO - Started process (PID=140438) to work on /usr/local/python/3.12.1/lib/python3.12/site-packages/airflow/example_dags/plugins/listener_plugin.py
[2026-07-02T16:39:38.973+0000] {processor.py:830} INFO - Processing file /usr/local/python/3.12.1/lib/python3.12/site-packages/airflow/example_dags/plugins/listener_plugin.py for tasks to queue
[2026-07-02T16:39:38.975+0000] {logging_mixin.py:188} INFO - [2026-07-02T16:39:38.974+0000] {dagbag.py:545} INFO - Filling up the DagBag from /usr/local/python/3.12.1/lib/python3.12/site-packages/airflow/example_dags/plugins/listener_plugin.py
[2026-07-02T16:39:38.977+0000] {processor.py:842} WARNING - No viable dags retrieved from /usr/local/python/3.12.1/lib/python3.12/site-packages/airflow/example_dags/plugins/listener_plugin.py
[2026-07-02T16:39:38.988+0000] {processor.py:183} INFO - Processing /usr/local/python/3.12.1/lib/python3.12/site-packages/airflow/example_dags/plugins/listener_plugin.py took 0.021 seconds
