============================================================
  BCE/KBO — BRONZE MongoDB Ingestion (multi-passes)
  Source  : /workspaces/Data-Platform/TP2/data
  Target  : bce_bronze.enterprise_finale
============================================================

⚠️  1,231,876 docs existants — drop et réingestion complète...

[Pass 0] Ingestion enterprise.csv (documents de base)...
  chunk   1  total=    5,000  [0s]
  chunk   2  total=   10,000  [1s]
  chunk   3  total=   15,000  [1s]
  chunk   4  total=   20,000  [1s]
  chunk   5  total=   25,000  [2s]
  chunk   6  total=   30,000  [2s]
  chunk   7  total=   35,000  [2s]
  chunk   8  total=   40,000  [3s]
  chunk   9  total=   45,000  [4s]
  chunk  10  total=   50,000  [4s]
  chunk  11  total=   55,000  [4s]
  chunk  12  total=   60,000  [5s]
  chunk  13  total=   65,000  [5s]
  chunk  14  total=   70,000  [5s]
  chunk  15  total=   75,000  [6s]
  chunk  16  total=   80,000  [6s]
  chunk  17  total=   85,000  [7s]
  chunk  18  total=   90,000  [7s]
  chunk  19  total=   95,000  [7s]
  chunk  20  total=  100,000  [7s]
  chunk  21  total=  105,000  [8s]
  chunk  22  total=  110,000  [8s]
  chunk  23  total=  115,000  [8s]
  chunk  24  total=  120,000  [8s]
  chunk  25  total=  125,000  [9s]
  chunk  26  total=  130,000  [9s]
  chunk  27  total=  135,000  [9s]
  chunk  28  total=  140,000  [9s]
  chunk  29  total=  145,000  [10s]
  chunk  30  total=  150,000  [10s]
  chunk  31  total=  155,000  [10s]
  chunk  32  total=  160,000  [11s]
  chunk  33  total=  165,000  [11s]
  chunk  34  total=  170,000  [11s]
  chunk  35  total=  175,000  [12s]
  chunk  36  total=  180,000  [12s]
  chunk  37  total=  185,000  [12s]
  chunk  38  total=  190,000  [12s]
  chunk  39  total=  195,000  [13s]
  chunk  40  total=  200,000  [13s]
  chunk  41  total=  205,000  [14s]
  chunk  42  total=  210,000  [14s]
  chunk  43  total=  215,000  [14s]
  chunk  44  total=  220,000  [15s]
  chunk  45  total=  225,000  [15s]
  chunk  46  total=  230,000  [15s]
  chunk  47  total=  235,000  [15s]
  chunk  48  total=  240,000  [16s]
  chunk  49  total=  245,000  [16s]
  chunk  50  total=  250,000  [16s]
  chunk  51  total=  255,000  [16s]
  chunk  52  total=  260,000  [17s]
  chunk  53  total=  265,000  [17s]
  chunk  54  total=  270,000  [17s]
  chunk  55  total=  275,000  [17s]
  chunk  56  total=  280,000  [18s]
  chunk  57  total=  285,000  [18s]
  chunk  58  total=  290,000  [18s]
  chunk  59  total=  295,000  [19s]
  chunk  60  total=  300,000  [19s]
  chunk  61  total=  305,000  [19s]
  chunk  62  total=  310,000  [19s]
  chunk  63  total=  315,000  [20s]
  chunk  64  total=  320,000  [20s]
  chunk  65  total=  325,000  [20s]
  chunk  66  total=  330,000  [20s]
  chunk  67  total=  335,000  [21s]
  chunk  68  total=  340,000  [21s]
  chunk  69  total=  345,000  [21s]
  chunk  70  total=  350,000  [22s]
  chunk  71  total=  355,000  [22s]
  chunk  72  total=  360,000  [22s]
  chunk  73  total=  365,000  [23s]
  chunk  74  total=  370,000  [23s]
  chunk  75  total=  375,000  [23s]
  chunk  76  total=  380,000  [23s]
  chunk  77  total=  385,000  [24s]
  chunk  78  total=  390,000  [24s]
  chunk  79  total=  395,000  [24s]
  chunk  80  total=  400,000  [24s]
  chunk  81  total=  405,000  [25s]
  chunk  82  total=  410,000  [25s]
  chunk  83  total=  415,000  [25s]
  chunk  84  total=  420,000  [26s]
  chunk  85  total=  425,000  [26s]
  chunk  86  total=  430,000  [26s]
  chunk  87  total=  435,000  [26s]
  chunk  88  total=  440,000  [27s]
  chunk  89  total=  445,000  [27s]
  chunk  90  total=  450,000  [27s]
  chunk  91  total=  455,000  [27s]
  chunk  92  total=  460,000  [28s]
  chunk  93  total=  465,000  [28s]
  chunk  94  total=  470,000  [28s]
  chunk  95  total=  475,000  [29s]
  chunk  96  total=  480,000  [29s]
  chunk  97  total=  485,000  [30s]
  chunk  98  total=  490,000  [30s]
  chunk  99  total=  495,000  [30s]
  chunk 100  total=  500,000  [30s]
  chunk 101  total=  505,000  [31s]
  chunk 102  total=  510,000  [31s]
  chunk 103  total=  515,000  [31s]
  chunk 104  total=  520,000  [31s]
  chunk 105  total=  525,000  [32s]
  chunk 106  total=  530,000  [32s]
  chunk 107  total=  535,000  [32s]
  chunk 108  total=  540,000  [33s]
  chunk 109  total=  545,000  [33s]
  chunk 110  total=  550,000  [33s]
  chunk 111  total=  555,000  [34s]
  chunk 112  total=  560,000  [34s]
  chunk 113  total=  565,000  [34s]
  chunk 114  total=  570,000  [34s]
  chunk 115  total=  575,000  [35s]
  chunk 116  total=  580,000  [35s]
  chunk 117  total=  585,000  [35s]
  chunk 118  total=  590,000  [35s]
  chunk 119  total=  595,000  [36s]
  chunk 120  total=  600,000  [36s]
  chunk 121  total=  605,000  [36s]
  chunk 122  total=  610,000  [37s]
  chunk 123  total=  615,000  [37s]
  chunk 124  total=  620,000  [37s]
  chunk 125  total=  625,000  [37s]
  chunk 126  total=  630,000  [38s]
  chunk 127  total=  635,000  [38s]
  chunk 128  total=  640,000  [38s]
  chunk 129  total=  645,000  [39s]
  chunk 130  total=  650,000  [39s]
  chunk 131  total=  655,000  [39s]
  chunk 132  total=  660,000  [39s]
  chunk 133  total=  665,000  [40s]
  chunk 134  total=  670,000  [40s]
  chunk 135  total=  675,000  [40s]
  chunk 136  total=  680,000  [41s]
  chunk 137  total=  685,000  [41s]
  chunk 138  total=  690,000  [41s]
  chunk 139  total=  695,000  [41s]
  chunk 140  total=  700,000  [42s]
  chunk 141  total=  705,000  [42s]
  chunk 142  total=  710,000  [42s]
  chunk 143  total=  715,000  [43s]
  chunk 144  total=  720,000  [43s]
  chunk 145  total=  725,000  [43s]
  chunk 146  total=  730,000  [43s]
  chunk 147  total=  735,000  [44s]
  chunk 148  total=  740,000  [44s]
  chunk 149  total=  745,000  [44s]
  chunk 150  total=  750,000  [44s]
  chunk 151  total=  755,000  [45s]
  chunk 152  total=  760,000  [46s]
  chunk 153  total=  765,000  [46s]
  chunk 154  total=  770,000  [46s]
  chunk 155  total=  775,000  [46s]
  chunk 156  total=  780,000  [47s]
  chunk 157  total=  785,000  [47s]
  chunk 158  total=  790,000  [47s]
  chunk 159  total=  795,000  [47s]
  chunk 160  total=  800,000  [48s]
  chunk 161  total=  805,000  [48s]
  chunk 162  total=  810,000  [48s]
  chunk 163  total=  815,000  [48s]
  chunk 164  total=  820,000  [49s]
  chunk 165  total=  825,000  [49s]
  chunk 166  total=  830,000  [49s]
  chunk 167  total=  835,000  [49s]
  chunk 168  total=  840,000  [50s]
  chunk 169  total=  845,000  [50s]
  chunk 170  total=  850,000  [50s]
  chunk 171  total=  855,000  [51s]
  chunk 172  total=  860,000  [51s]
  chunk 173  total=  865,000  [51s]
  chunk 174  total=  870,000  [51s]
  chunk 175  total=  875,000  [52s]
  chunk 176  total=  880,000  [52s]
  chunk 177  total=  885,000  [52s]
  chunk 178  total=  890,000  [53s]
  chunk 179  total=  895,000  [53s]
  chunk 180  total=  900,000  [53s]
  chunk 181  total=  905,000  [53s]
  chunk 182  total=  910,000  [54s]
  chunk 183  total=  915,000  [54s]
  chunk 184  total=  920,000  [54s]
  chunk 185  total=  925,000  [55s]
  chunk 186  total=  930,000  [55s]
  chunk 187  total=  935,000  [55s]
  chunk 188  total=  940,000  [55s]
  chunk 189  total=  945,000  [56s]
  chunk 190  total=  950,000  [56s]
  chunk 191  total=  955,000  [56s]
  chunk 192  total=  960,000  [57s]
  chunk 193  total=  965,000  [57s]
  chunk 194  total=  970,000  [57s]
  chunk 195  total=  975,000  [57s]
  chunk 196  total=  980,000  [58s]
  chunk 197  total=  985,000  [58s]
  chunk 198  total=  990,000  [58s]
  chunk 199  total=  995,000  [58s]
  chunk 200  total=1,000,000  [59s]
  chunk 201  total=1,005,000  [59s]
  chunk 202  total=1,010,000  [59s]
  chunk 203  total=1,015,000  [59s]
  chunk 204  total=1,020,000  [60s]
  chunk 205  total=1,025,000  [60s]
  chunk 206  total=1,030,000  [60s]
  chunk 207  total=1,035,000  [61s]
  chunk 208  total=1,040,000  [61s]
  chunk 209  total=1,045,000  [61s]
  chunk 210  total=1,050,000  [62s]
  chunk 211  total=1,055,000  [62s]
  chunk 212  total=1,060,000  [63s]
  chunk 213  total=1,065,000  [63s]
  chunk 214  total=1,070,000  [63s]
  chunk 215  total=1,075,000  [63s]
  chunk 216  total=1,080,000  [64s]
  chunk 217  total=1,085,000  [64s]
============================================================
  BCE/KBO — BRONZE MongoDB Ingestion (multi-passes)
  Source  : /workspaces/Data-Platform/TP2/data
  Target  : bce_bronze.enterprise_finale
  Reprise depuis la passe 2
============================================================

[Lookup] address.csv → addresses ...
  chunk    1  lignes=    5,000  ops=  5,000  [8s]
  chunk    2  lignes=   10,000  ops= 10,000  [14s]
  chunk    3  lignes=   15,000  ops= 15,000  [19s]
  chunk    4  lignes=   20,000  ops= 20,000  [26s]
  chunk    5  lignes=   25,000  ops= 25,000  [31s]
  chunk    6  lignes=   30,000  ops= 30,000  [37s]
  chunk    7  lignes=   35,000  ops= 35,000  [43s]
  chunk    8  lignes=   40,000  ops= 40,000  [49s]
  chunk    9  lignes=   45,000  ops= 45,000  [55s]
  chunk   10  lignes=   50,000  ops= 50,000  [60s]
  chunk   11  lignes=   55,000  ops= 55,000  [66s]
  chunk   12  lignes=   60,000  ops= 60,000  [72s]
  chunk   13  lignes=   65,000  ops= 65,000  [77s]
  chunk   14  lignes=   70,000  ops= 70,000  [83s]
  chunk   15  lignes=   75,000  ops= 75,000  [89s]
  chunk   16  lignes=   80,000  ops= 80,000  [94s]
  chunk   17  lignes=   85,000  ops= 85,000  [100s]
  chunk   18  lignes=   90,000  ops= 90,000  [106s]
  chunk   19  lignes=   95,000  ops= 95,000  [111s]
  chunk   20  lignes=  100,000  ops=100,000  [117s]
  chunk   21  lignes=  105,000  ops=105,000  [123s]
  chunk   22  lignes=  110,000  ops=110,000  [129s]
  chunk   23  lignes=  115,000  ops=115,000  [134s]
  chunk   24  lignes=  120,000  ops=120,000  [140s]
  chunk   25  lignes=  125,000  ops=125,000  [145s]
  chunk   26  lignes=  130,000  ops=130,000  [152s]
  chunk   27  lignes=  135,000  ops=135,000  [157s]
  chunk   28  lignes=  140,000  ops=140,000  [163s]
  chunk   29  lignes=  145,000  ops=145,000  [169s]
  chunk   30  lignes=  150,000  ops=150,000  [174s]
  chunk   31  lignes=  155,000  ops=155,000  [180s]
  chunk   32  lignes=  160,000  ops=160,000  [186s]
  chunk   33  lignes=  165,000  ops=165,000  [192s]
  chunk   34  lignes=  170,000  ops=170,000  [198s]
  chunk   35  lignes=  175,000  ops=175,000  [203s]
  chunk   36  lignes=  180,000  ops=180,000  [209s]
  chunk   37  lignes=  185,000  ops=185,000  [215s]
  chunk   38  lignes=  190,000  ops=190,000  [220s]
  chunk   39  lignes=  195,000  ops=195,000  [226s]
  chunk   40  lignes=  200,000  ops=200,000  [232s]
  chunk   41  lignes=  205,000  ops=205,000  [237s]
  chunk   42  lignes=  210,000  ops=210,000  [243s]
  chunk   43  lignes=  215,000  ops=215,000  [249s]
  chunk   44  lignes=  220,000  ops=220,000  [254s]
  chunk   45  lignes=  225,000  ops=225,000  [260s]
  chunk   46  lignes=  230,000  ops=230,000  [266s]
  chunk   47  lignes=  235,000  ops=235,000  [271s]
  chunk   48  lignes=  240,000  ops=240,000  [278s]
  chunk   49  lignes=  245,000  ops=245,000  [284s]
  chunk   50  lignes=  250,000  ops=250,000  [289s]
  chunk   51  lignes=  255,000  ops=255,000  [296s]
  chunk   52  lignes=  260,000  ops=260,000  [301s]
  chunk   53  lignes=  265,000  ops=265,000  [307s]
  chunk   54  lignes=  270,000  ops=270,000  [313s]
  chunk   55  lignes=  275,000  ops=275,000  [318s]
  chunk   56  lignes=  280,000  ops=280,000  [325s]
  chunk   57  lignes=  285,000  ops=285,000  [331s]
  chunk   58  lignes=  290,000  ops=290,000  [336s]
  chunk   59  lignes=  295,000  ops=295,000  [342s]
  chunk   60  lignes=  300,000  ops=300,000  [348s]
  chunk   61  lignes=  305,000  ops=305,000  [354s]
  chunk   62  lignes=  310,000  ops=310,000  [360s]
  chunk   63  lignes=  315,000  ops=315,000  [366s]
  chunk   64  lignes=  320,000  ops=320,000  [371s]
  chunk   65  lignes=  325,000  ops=325,000  [378s]
  chunk   66  lignes=  330,000  ops=330,000  [383s]
  chunk   67  lignes=  335,000  ops=335,000  [389s]
  chunk   68  lignes=  340,000  ops=340,000  [395s]
  chunk   69  lignes=  345,000  ops=345,000  [400s]
  chunk   70  lignes=  350,000  ops=350,000  [406s]
  chunk   71  lignes=  355,000  ops=355,000  [412s]
  chunk   72  lignes=  360,000  ops=360,000  [417s]
  chunk   73  lignes=  365,000  ops=365,000  [423s]
  chunk   74  lignes=  370,000  ops=370,000  [429s]
  chunk   75  lignes=  375,000  ops=375,000  [434s]
  chunk   76  lignes=  380,000  ops=380,000  [440s]
  chunk   77  lignes=  385,000  ops=385,000  [446s]
  chunk   78  lignes=  390,000  ops=390,000  [452s]
  chunk   79  lignes=  395,000  ops=395,000  [457s]
  chunk   80  lignes=  400,000  ops=400,000  [463s]
  chunk   81  lignes=  405,000  ops=405,000  [469s]
  chunk   82  lignes=  410,000  ops=410,000  [474s]
  chunk   83  lignes=  415,000  ops=415,000  [480s]
  chunk   84  lignes=  420,000  ops=420,000  [486s]
  chunk   85  lignes=  425,000  ops=425,000  [492s]
  chunk   86  lignes=  430,000  ops=430,000  [497s]
  chunk   87  lignes=  435,000  ops=435,000  [503s]
  chunk   88  lignes=  440,000  ops=440,000  [509s]
  chunk   89  lignes=  445,000  ops=445,000  [515s]
  chunk   90  lignes=  450,000  ops=450,000  [520s]
  chunk   91  lignes=  455,000  ops=455,000  [526s]
  chunk   92  lignes=  460,000  ops=460,000  [532s]
  chunk   93  lignes=  465,000  ops=465,000  [537s]
  chunk   94  lignes=  470,000  ops=470,000  [543s]
  chunk   95  lignes=  475,000  ops=475,000  [550s]
  chunk   96  lignes=  480,000  ops=480,000  [555s]
  chunk   97  lignes=  485,000  ops=485,000  [561s]
  chunk   98  lignes=  490,000  ops=490,000  [567s]
  chunk   99  lignes=  495,000  ops=495,000  [572s]
  chunk  100  lignes=  500,000  ops=500,000  [578s]
  chunk  101  lignes=  505,000  ops=505,000  [584s]
  chunk  102  lignes=  510,000  ops=510,000  [589s]
  chunk  103  lignes=  515,000  ops=515,000  [595s]
  chunk  104  lignes=  520,000  ops=520,000  [601s]
  chunk  105  lignes=  525,000  ops=525,000  [606s]
  chunk  106  lignes=  530,000  ops=530,000  [620s]
  chunk  107  lignes=  535,000  ops=535,000  [630s]
  chunk  108  lignes=  540,000  ops=540,000  [649s]
  chunk  109  lignes=  545,000  ops=545,000  [659s]
  chunk  110  lignes=  550,000  ops=550,000  [670s]
  chunk  111  lignes=  555,000  ops=555,000  [679s]
  chunk  112  lignes=  560,000  ops=560,000  [689s]
  chunk  113  lignes=  565,000  ops=565,000  [699s]
  chunk  114  lignes=  570,000  ops=570,000  [707s]
  chunk  115  lignes=  575,000  ops=575,000  [713s]
  chunk  116  lignes=  580,000  ops=580,000  [718s]
  chunk  117  lignes=  585,000  ops=585,000  [724s]
  chunk  118  lignes=  590,000  ops=590,000  [730s]
  chunk  119  lignes=  595,000  ops=595,000  [735s]
  chunk  120  lignes=  600,000  ops=600,000  [740s]
  chunk  121  lignes=  605,000  ops=605,000  [746s]
  chunk  122  lignes=  610,000  ops=610,000  [752s]
  chunk  123  lignes=  615,000  ops=615,000  [757s]
  chunk  124  lignes=  620,000  ops=620,000  [763s]
  chunk  125  lignes=  625,000  ops=625,000  [769s]
  chunk  126  lignes=  630,000  ops=630,000  [774s]
  chunk  127  lignes=  635,000  ops=635,000  [780s]
  chunk  128  lignes=  640,000  ops=640,000  [785s]
  chunk  129  lignes=  645,000  ops=645,000  [791s]
  chunk  130  lignes=  650,000  ops=650,000  [797s]
  chunk  131  lignes=  655,000  ops=655,000  [802s]
  chunk  132  lignes=  660,000  ops=660,000  [808s]
  chunk  133  lignes=  665,000  ops=665,000  [814s]
  chunk  134  lignes=  670,000  ops=670,000  [819s]
  chunk  135  lignes=  675,000  ops=675,000  [825s]
  chunk  136  lignes=  679,235  ops=679,235  [830s]
  ✅  679,235 lignes traitées  (829.8s)

[Lookup] activity.csv → activities ...
  chunk    1  lignes=    5,000  ops=  1,065  [1s]
  chunk    2  lignes=   10,000  ops=  2,572  [2s]
  chunk    3  lignes=   15,000  ops=  3,323  [3s]
  chunk    4  lignes=   20,000  ops=  4,077  [3s]
  chunk    5  lignes=   25,000  ops=  4,854  [4s]
  chunk    6  lignes=   30,000  ops=  5,629  [4s]
  chunk    7  lignes=   35,000  ops=  6,360  [5s]
  chunk    8  lignes=   40,000  ops=  7,104  [5s]
  chunk    9  lignes=   45,000  ops=  7,798  [6s]
  chunk   10  lignes=   50,000  ops=  8,553  [7s]
  chunk   11  lignes=   55,000  ops=  9,291  [7s]
  chunk   12  lignes=   60,000  ops= 10,175  [8s]
  chunk   13  lignes=   65,000  ops= 11,234  [9s]
  chunk   14  lignes=   70,000  ops= 12,441  [10s]
  chunk   15  lignes=   75,000  ops= 13,253  [10s]
  chunk   16  lignes=   80,000  ops= 14,083  [11s]
  chunk   17  lignes=   85,000  ops= 14,898  [12s]
  chunk   18  lignes=   90,000  ops= 15,682  [12s]
  chunk   19  lignes=   95,000  ops= 16,526  [13s]
  chunk   20  lignes=  100,000  ops= 17,263  [13s]
  chunk   21  lignes=  105,000  ops= 18,032  [14s]
  chunk   22  lignes=  110,000  ops= 18,815  [15s]
  chunk   23  lignes=  115,000  ops= 19,587  [15s]
  chunk   24  lignes=  120,000  ops= 20,341  [16s]
  chunk   25  lignes=  125,000  ops= 21,137  [16s]
  chunk   26  lignes=  130,000  ops= 21,940  [17s]
  chunk   27  lignes=  135,000  ops= 22,709  [18s]
  chunk   28  lignes=  140,000  ops= 23,505  [18s]
  chunk   29  lignes=  145,000  ops= 24,315  [19s]
  chunk   30  lignes=  150,000  ops= 25,127  [19s]
  chunk   31  lignes=  155,000  ops= 25,877  [20s]
  chunk   32  lignes=  160,000  ops= 26,642  [21s]
  chunk   33  lignes=  165,000  ops= 27,393  [21s]
  chunk   34  lignes=  170,000  ops= 28,187  [22s]
  chunk   35  lignes=  175,000  ops= 28,974  [23s]
  chunk   36  lignes=  180,000  ops= 29,790  [23s]
  chunk   37  lignes=  185,000  ops= 30,499  [24s]
  chunk   38  lignes=  190,000  ops= 31,275  [25s]
  chunk   39  lignes=  195,000  ops= 32,079  [25s]
  chunk   40  lignes=  200,000  ops= 32,847  [26s]
  chunk   41  lignes=  205,000  ops= 33,605  [26s]
  chunk   42  lignes=  210,000  ops= 34,385  [27s]
  chunk   43  lignes=  215,000  ops= 35,190  [28s]
  chunk   44  lignes=  220,000  ops= 35,950  [28s]
  chunk   45  lignes=  225,000  ops= 36,741  [29s]
  chunk   46  lignes=  230,000  ops= 37,527  [29s]
  chunk   47  lignes=  235,000  ops= 38,373  [30s]
  chunk   48  lignes=  240,000  ops= 39,178  [31s]
  chunk   49  lignes=  245,000  ops= 39,998  [31s]
  chunk   50  lignes=  250,000  ops= 40,843  [32s]
  chunk   51  lignes=  255,000  ops= 41,653  [32s]
  chunk   52  lignes=  260,000  ops= 42,508  [33s]
  chunk   53  lignes=  265,000  ops= 43,338  [34s]
  chunk   54  lignes=  270,000  ops= 44,147  [34s]
  chunk   55  lignes=  275,000  ops= 44,953  [35s]
  chunk   56  lignes=  280,000  ops= 45,801  [36s]
  chunk   57  lignes=  285,000  ops= 46,654  [36s]
  chunk   58  lignes=  290,000  ops= 47,478  [37s]
  chunk   59  lignes=  295,000  ops= 48,281  [37s]
  chunk   60  lignes=  300,000  ops= 49,135  [38s]
  chunk   61  lignes=  305,000  ops= 49,891  [39s]
  chunk   62  lignes=  310,000  ops= 50,693  [39s]
  chunk   63  lignes=  315,000  ops= 51,484  [40s]
  chunk   64  lignes=  320,000  ops= 52,257  [41s]
  chunk   65  lignes=  325,000  ops= 53,094  [41s]
  chunk   66  lignes=  330,000  ops= 53,917  [42s]
  chunk   67  lignes=  335,000  ops= 54,762  [43s]
  chunk   68  lignes=  340,000  ops= 55,529  [43s]
  chunk   69  lignes=  345,000  ops= 56,378  [44s]
  chunk   70  lignes=  350,000  ops= 57,205  [45s]
  chunk   71  lignes=  355,000  ops= 58,017  [45s]
  chunk   72  lignes=  360,000  ops= 58,799  [46s]
  chunk   73  lignes=  365,000  ops= 59,634  [46s]
  chunk   74  lignes=  370,000  ops= 60,447  [47s]
  chunk   75  lignes=  375,000  ops= 61,298  [48s]
  chunk   76  lignes=  380,000  ops= 62,124  [48s]
  chunk   77  lignes=  385,000  ops= 62,998  [49s]
  chunk   78  lignes=  390,000  ops= 63,920  [50s]
  chunk   79  lignes=  395,000  ops= 64,761  [51s]
  chunk   80  lignes=  400,000  ops= 65,589  [51s]
  chunk   81  lignes=  405,000  ops= 66,424  [52s]
  chunk   82  lignes=  410,000  ops= 67,267  [53s]
  chunk   83  lignes=  415,000  ops= 68,102  [53s]
  chunk   84  lignes=  420,000  ops= 68,979  [54s]
  chunk   85  lignes=  425,000  ops= 69,811  [55s]
  chunk   86  lignes=  430,000  ops= 70,650  [55s]
  chunk   87  lignes=  435,000  ops= 71,486  [56s]
  chunk   88  lignes=  440,000  ops= 72,320  [57s]
  chunk   89  lignes=  445,000  ops= 73,180  [58s]
  chunk   90  lignes=  450,000  ops= 73,998  [58s]
  chunk   91  lignes=  455,000  ops= 74,829  [59s]
  chunk   92  lignes=  460,000  ops= 75,667  [60s]
  chunk   93  lignes=  465,000  ops= 76,537  [60s]
  chunk   94  lignes=  470,000  ops= 77,382  [61s]
  chunk   95  lignes=  475,000  ops= 78,229  [62s]
  chunk   96  lignes=  480,000  ops= 79,091  [62s]
  chunk   97  lignes=  485,000  ops= 79,908  [63s]
  chunk   98  lignes=  490,000  ops= 80,724  [64s]
  chunk   99  lignes=  495,000  ops= 81,537  [64s]
  chunk  100  lignes=  500,000  ops= 82,330  [65s]
  chunk  101  lignes=  505,000  ops= 83,175  [65s]
  chunk  102  lignes=  510,000  ops= 83,981  [66s]
  chunk  103  lignes=  515,000  ops= 84,743  [67s]
  chunk  104  lignes=  520,000  ops= 85,498  [67s]
  chunk  105  lignes=  525,000  ops= 86,292  [68s]
  chunk  106  lignes=  530,000  ops= 87,072  [68s]
  chunk  107  lignes=  535,000  ops= 87,832  [69s]
  chunk  108  lignes=  540,000  ops= 88,632  [70s]
  chunk  109  lignes=  545,000  ops= 89,457  [70s]
  chunk  110  lignes=  550,000  ops= 90,259  [71s]
  chunk  111  lignes=  555,000  ops= 91,080  [71s]
  chunk  112  lignes=  560,000  ops= 91,825  [72s]
  chunk  113  lignes=  565,000  ops= 92,634  [73s]
  chunk  114  lignes=  570,000  ops= 93,474  [74s]
  chunk  115  lignes=  575,000  ops= 94,295  [74s]
  chunk  116  lignes=  580,000  ops= 95,103  [75s]
  chunk  117  lignes=  585,000  ops= 95,893  [75s]
  chunk  118  lignes=  590,000  ops= 96,706  [76s]
  chunk  119  lignes=  595,000  ops= 97,477  [77s]
  chunk  120  lignes=  600,000  ops= 98,255  [77s]
  chunk  121  lignes=  605,000  ops= 99,018  [78s]
  chunk  122  lignes=  610,000  ops= 99,850  [79s]
  chunk  123  lignes=  615,000  ops=100,657  [79s]
  chunk  124  lignes=  620,000  ops=101,439  [80s]
  chunk  125  lignes=  625,000  ops=102,244  [81s]
  chunk  126  lignes=  630,000  ops=103,021  [81s]
  chunk  127  lignes=  635,000  ops=103,804  [82s]
  chunk  128  lignes=  640,000  ops=104,600  [82s]
  chunk  129  lignes=  645,000  ops=105,416  [83s]
  chunk  130  lignes=  650,000  ops=106,205  [84s]
  chunk  131  lignes=  655,000  ops=106,985  [84s]
  chunk  132  lignes=  660,000  ops=107,806  [85s]
  chunk  133  lignes=  665,000  ops=108,616  [85s]
  chunk  134  lignes=  670,000  ops=109,398  [86s]
  chunk  135  lignes=  675,000  ops=110,190  [87s]
  chunk  136  lignes=  680,000  ops=110,982  [87s]
  chunk  137  lignes=  685,000  ops=111,785  [88s]
  chunk  138  lignes=  690,000  ops=112,607  [89s]
  chunk  139  lignes=  695,000  ops=113,406  [89s]
  chunk  140  lignes=  700,000  ops=114,211  [90s]
  chunk  141  lignes=  705,000  ops=114,998  [91s]
  chunk  142  lignes=  710,000  ops=115,790  [91s]
  chunk  143  lignes=  715,000  ops=116,580  [92s]
  chunk  144  lignes=  720,000  ops=117,369  [92s]
  chunk  145  lignes=  725,000  ops=118,163  [93s]
  chunk  146  lignes=  730,000  ops=118,945  [94s]
  chunk  147  lignes=  735,000  ops=119,737  [94s]
  chunk  148  lignes=  740,000  ops=120,531  [95s]
  chunk  149  lignes=  745,000  ops=121,329  [96s]
  chunk  150  lignes=  750,000  ops=122,089  [96s]
  chunk  151  lignes=  755,000  ops=122,844  [97s]
  chunk  152  lignes=  760,000  ops=123,665  [97s]
  chunk  153  lignes=  765,000  ops=124,456  [98s]
  chunk  154  lignes=  770,000  ops=125,277  [98s]
  chunk  155  lignes=  775,000  ops=126,098  [99s]
  chunk  156  lignes=  780,000  ops=126,870  [100s]
  chunk  157  lignes=  785,000  ops=127,661  [100s]
  chunk  158  lignes=  790,000  ops=128,423  [101s]
  chunk  159  lignes=  795,000  ops=129,222  [101s]
  chunk  160  lignes=  800,000  ops=130,011  [102s]
  chunk  161  lignes=  805,000  ops=130,769  [103s]
  chunk  162  lignes=  810,000  ops=131,558  [103s]
  chunk  163  lignes=  815,000  ops=132,310  [104s]
  chunk  164  lignes=  820,000  ops=133,091  [105s]
  chunk  165  lignes=  825,000  ops=133,870  [105s]
  chunk  166  lignes=  830,000  ops=134,655  [106s]
  chunk  167  lignes=  835,000  ops=135,452  [107s]
  chunk  168  lignes=  840,000  ops=136,244  [107s]
  chunk  169  lignes=  845,000  ops=137,028  [108s]
  chunk  170  lignes=  850,000  ops=137,781  [108s]
  chunk  171  lignes=  855,000  ops=138,592  [109s]
  chunk  172  lignes=  860,000  ops=139,388  [110s]
  chunk  173  lignes=  865,000  ops=140,175  [110s]
  chunk  174  lignes=  870,000  ops=140,959  [111s]
  chunk  175  lignes=  875,000  ops=141,750  [111s]
  chunk  176  lignes=  880,000  ops=142,545  [112s]
  chunk  177  lignes=  885,000  ops=143,314  [113s]
  chunk  178  lignes=  890,000  ops=144,126  [113s]
  chunk  179  lignes=  895,000  ops=144,904  [114s]
  chunk  180  lignes=  900,000  ops=145,703  [114s]
  chunk  181  lignes=  905,000  ops=146,454  [115s]
  chunk  182  lignes=  910,000  ops=147,250  [116s]
  chunk  183  lignes=  915,000  ops=148,026  [116s]
  chunk  184  lignes=  920,000  ops=148,779  [117s]
  chunk  185  lignes=  925,000  ops=149,512  [117s]
  chunk  186  lignes=  930,000  ops=150,297  [118s]
  chunk  187  lignes=  935,000  ops=151,223  [119s]
  chunk  188  lignes=  940,000  ops=152,121  [121s]
  chunk  189  lignes=  945,000  ops=153,067  [122s]
  chunk  190  lignes=  950,000  ops=154,020  [123s]
  chunk  191  lignes=  955,000  ops=154,932  [123s]
  chunk  192  lignes=  960,000  ops=155,847  [124s]
  chunk  193  lignes=  965,000  ops=156,814  [125s]
  chunk  194  lignes=  970,000  ops=157,749  [125s]
  chunk  195  lignes=  975,000  ops=158,706  [126s]
  chunk  196  lignes=  980,000  ops=159,704  [127s]
  chunk  197  lignes=  985,000  ops=160,629  [128s]
  chunk  198  lignes=  990,000  ops=161,551  [128s]
  chunk  199  lignes=  995,000  ops=162,469  [129s]
  chunk  200  lignes=1,000,000  ops=163,359  [130s]
  chunk  201  lignes=1,005,000  ops=164,253  [130s]
  chunk  202  lignes=1,010,000  ops=165,255  [131s]
  chunk  203  lignes=1,015,000  ops=166,314  [132s]
  chunk  204  lignes=1,020,000  ops=167,303  [133s]
  chunk  205  lignes=1,025,000  ops=168,253  [133s]
  chunk  206  lignes=1,030,000  ops=169,307  [134s]
  chunk  207  lignes=1,035,000  ops=170,221  [135s]
  chunk  208  lignes=1,040,000  ops=171,158  [136s]
  chunk  209  lignes=1,045,000  ops=172,093  [137s]
  chunk  210  lignes=1,050,000  ops=173,045  [137s]
  chunk  211  lignes=1,055,000  ops=173,988  [138s]
  chunk  212  lignes=1,060,000  ops=174,962  [139s]
  chunk  213  lignes=1,065,000  ops=176,085  [140s]
  chunk  214  lignes=1,070,000  ops=177,021  [140s]
  chunk  215  lignes=1,075,000  ops=177,951  [141s]
  chunk  216  lignes=1,080,000  ops=178,925  [142s]
  chunk  217  lignes=1,085,000  ops=179,915  [143s]
  chunk  218  lignes=1,090,000  ops=180,902  [143s]
  chunk  219  lignes=1,095,000  ops=181,876  [144s]
  chunk  220  lignes=1,100,000  ops=182,808  [145s]
  chunk  221  lignes=1,105,000  ops=183,765  [146s]
  chunk  222  lignes=1,110,000  ops=184,717  [146s]
  chunk  223  lignes=1,115,000  ops=185,671  [147s]
  chunk  224  lignes=1,120,000  ops=186,678  [148s]
  chunk  225  lignes=1,125,000  ops=187,662  [149s]
  chunk  226  lignes=1,130,000  ops=188,638  [149s]
  chunk  227  lignes=1,135,000  ops=189,540  [150s]
  chunk  228  lignes=1,140,000  ops=190,543  [151s]
  chunk  229  lignes=1,145,000  ops=191,491  [152s]
  chunk  230  lignes=1,150,000  ops=192,452  [153s]
  chunk  231  lignes=1,155,000  ops=193,477  [153s]
  chunk  232  lignes=1,160,000  ops=194,586  [154s]
  chunk  233  lignes=1,165,000  ops=195,561  [155s]
  chunk  234  lignes=1,170,000  ops=196,533  [156s]
  chunk  235  lignes=1,175,000  ops=197,525  [157s]
  chunk  236  lignes=1,180,000  ops=198,515  [157s]
  chunk  237  lignes=1,185,000  ops=199,412  [158s]
  chunk  238  lignes=1,190,000  ops=200,386  [159s]
  chunk  239  lignes=1,195,000  ops=201,357  [159s]
  chunk  240  lignes=1,200,000  ops=202,319  [160s]
  chunk  241  lignes=1,205,000  ops=203,322  [161s]
  chunk  242  lignes=1,210,000  ops=204,350  [162s]
  chunk  243  lignes=1,215,000  ops=205,313  [162s]
  chunk  244  lignes=1,220,000  ops=206,235  [163s]
  chunk  245  lignes=1,225,000  ops=207,143  [164s]
  chunk  246  lignes=1,230,000  ops=208,090  [164s]
  chunk  247  lignes=1,235,000  ops=209,027  [165s]
  chunk  248  lignes=1,240,000  ops=209,983  [166s]
  chunk  249  lignes=1,245,000  ops=210,912  [167s]
  chunk  250  lignes=1,250,000  ops=211,877  [168s]
  chunk  251  lignes=1,255,000  ops=212,861  [169s]
  chunk  252  lignes=1,260,000  ops=213,817  [169s]
  chunk  253  lignes=1,265,000  ops=214,774  [170s]
  chunk  254  lignes=1,270,000  ops=215,689  [171s]
  chunk  255  lignes=1,275,000  ops=216,693  [171s]
  chunk  256  lignes=1,280,000  ops=217,672  [172s]
  chunk  257  lignes=1,285,000  ops=218,660  [173s]
  chunk  258  lignes=1,290,000  ops=219,595  [174s]
  chunk  259  lignes=1,295,000  ops=220,517  [174s]
  chunk  260  lignes=1,300,000  ops=221,523  [175s]
  chunk  261  lignes=1,305,000  ops=222,427  [176s]
  chunk  262  lignes=1,310,000  ops=223,403  [177s]
  chunk  263  lignes=1,315,000  ops=224,366  [177s]
  chunk  264  lignes=1,320,000  ops=225,330  [178s]
  chunk  265  lignes=1,325,000  ops=226,269  [179s]
  chunk  266  lignes=1,330,000  ops=227,194  [179s]
  chunk  267  lignes=1,335,000  ops=228,140  [180s]
  chunk  268  lignes=1,340,000  ops=229,060  [181s]
  chunk  269  lignes=1,345,000  ops=230,079  [182s]
  chunk  270  lignes=1,350,000  ops=231,148  [182s]
  chunk  271  lignes=1,355,000  ops=232,374  [184s]
  chunk  272  lignes=1,360,000  ops=233,317  [184s]
  chunk  273  lignes=1,365,000  ops=234,338  [185s]
  chunk  274  lignes=1,370,000  ops=235,378  [186s]
  chunk  275  lignes=1,375,000  ops=236,261  [187s]
  chunk  276  lignes=1,380,000  ops=237,165  [187s]
  chunk  277  lignes=1,385,000  ops=238,141  [188s]
  chunk  278  lignes=1,390,000  ops=239,074  [189s]
  chunk  279  lignes=1,395,000  ops=239,965  [189s]
  chunk  280  lignes=1,400,000  ops=240,907  [190s]
  chunk  281  lignes=1,405,000  ops=241,867  [191s]
  chunk  282  lignes=1,410,000  ops=242,864  [192s]
  chunk  283  lignes=1,415,000  ops=243,950  [192s]
  chunk  284  lignes=1,420,000  ops=244,981  [193s]
  chunk  285  lignes=1,425,000  ops=245,854  [194s]
  chunk  286  lignes=1,430,000  ops=246,783  [194s]
  chunk  287  lignes=1,435,000  ops=247,702  [195s]
  chunk  288  lignes=1,440,000  ops=248,669  [196s]
  chunk  289  lignes=1,445,000  ops=249,555  [197s]
  chunk  290  lignes=1,450,000  ops=250,510  [197s]
  chunk  291  lignes=1,455,000  ops=251,423  [198s]
  chunk  292  lignes=1,460,000  ops=252,378  [199s]
  chunk  293  lignes=1,465,000  ops=253,318  [200s]
  chunk  294  lignes=1,470,000  ops=254,204  [200s]
  chunk  295  lignes=1,475,000  ops=255,025  [201s]
  chunk  296  lignes=1,480,000  ops=255,968  [202s]
  chunk  297  lignes=1,485,000  ops=256,850  [203s]
  chunk  298  lignes=1,490,000  ops=257,768  [203s]
  chunk  299  lignes=1,495,000  ops=258,676  [204s]
  chunk  300  lignes=1,500,000  ops=259,640  [205s]
  chunk  301  lignes=1,505,000  ops=260,553  [205s]
  chunk  302  lignes=1,510,000  ops=261,535  [206s]
  chunk  303  lignes=1,515,000  ops=262,536  [207s]
  chunk  304  lignes=1,520,000  ops=263,433  [208s]
  chunk  305  lignes=1,525,000  ops=264,389  [208s]
  chunk  306  lignes=1,530,000  ops=265,334  [209s]
  chunk  307  lignes=1,535,000  ops=266,222  [209s]
  chunk  308  lignes=1,540,000  ops=267,122  [210s]
  chunk  309  lignes=1,545,000  ops=268,042  [211s]
  chunk  310  lignes=1,550,000  ops=268,938  [212s]
  chunk  311  lignes=1,555,000  ops=269,887  [212s]
  chunk  312  lignes=1,560,000  ops=270,793  [213s]
  chunk  313  lignes=1,565,000  ops=271,746  [214s]
  chunk  314  lignes=1,570,000  ops=272,686  [214s]
  chunk  315  lignes=1,575,000  ops=273,614  [215s]
  chunk  316  lignes=1,580,000  ops=274,549  [216s]
  chunk  317  lignes=1,585,000  ops=275,429  [217s]
  chunk  318  lignes=1,590,000  ops=276,273  [218s]
  chunk  319  lignes=1,595,000  ops=277,186  [218s]
  chunk  320  lignes=1,600,000  ops=278,085  [219s]
  chunk  321  lignes=1,605,000  ops=278,994  [219s]
  chunk  322  lignes=1,610,000  ops=279,923  [220s]
  chunk  323  lignes=1,615,000  ops=280,846  [221s]
  chunk  324  lignes=1,620,000  ops=281,744  [222s]
  chunk  325  lignes=1,625,000  ops=282,660  [222s]
  chunk  326  lignes=1,630,000  ops=283,587  [223s]
  chunk  327  lignes=1,635,000  ops=284,493  [224s]
  chunk  328  lignes=1,640,000  ops=285,378  [224s]
  chunk  329  lignes=1,645,000  ops=286,252  [225s]
  chunk  330  lignes=1,650,000  ops=287,169  [226s]
  chunk  331  lignes=1,655,000  ops=288,039  [226s]
  chunk  332  lignes=1,660,000  ops=288,877  [227s]
  chunk  333  lignes=1,665,000  ops=289,769  [228s]
  chunk  334  lignes=1,670,000  ops=290,669  [228s]
  chunk  335  lignes=1,675,000  ops=291,537  [229s]
  chunk  336  lignes=1,680,000  ops=292,384  [230s]
  chunk  337  lignes=1,685,000  ops=293,299  [231s]
  chunk  338  lignes=1,690,000  ops=294,197  [232s]
  chunk  339  lignes=1,695,000  ops=295,147  [233s]
  chunk  340  lignes=1,700,000  ops=296,040  [233s]
  chunk  341  lignes=1,705,000  ops=296,925  [234s]
  chunk  342  lignes=1,710,000  ops=297,889  [235s]
  chunk  343  lignes=1,715,000  ops=298,928  [236s]
  chunk  344  lignes=1,720,000  ops=299,882  [236s]
  chunk  345  lignes=1,725,000  ops=300,821  [237s]
  chunk  346  lignes=1,730,000  ops=301,674  [238s]
  chunk  347  lignes=1,735,000  ops=302,573  [238s]
  chunk  348  lignes=1,740,000  ops=303,532  [239s]
  chunk  349  lignes=1,745,000  ops=304,473  [240s]
  chunk  350  lignes=1,750,000  ops=305,434  [241s]
  chunk  351  lignes=1,755,000  ops=306,361  [241s]
  chunk  352  lignes=1,760,000  ops=307,337  [242s]
  chunk  353  lignes=1,765,000  ops=308,264  [243s]
  chunk  354  lignes=1,770,000  ops=309,189  [243s]
  chunk  355  lignes=1,775,000  ops=310,115  [244s]
  chunk  356  lignes=1,780,000  ops=311,076  [245s]
  chunk  357  lignes=1,785,000  ops=312,036  [246s]
  chunk  358  lignes=1,790,000  ops=312,967  [246s]
  chunk  359  lignes=1,795,000  ops=313,897  [247s]
  chunk  360  lignes=1,800,000  ops=314,842  [248s]
  chunk  361  lignes=1,805,000  ops=315,745  [249s]
  chunk  362  lignes=1,810,000  ops=316,684  [249s]
  chunk  363  lignes=1,815,000  ops=317,598  [250s]
  chunk  364  lignes=1,820,000  ops=318,533  [251s]
  chunk  365  lignes=1,825,000  ops=319,462  [252s]
  chunk  366  lignes=1,830,000  ops=320,385  [252s]
  chunk  367  lignes=1,835,000  ops=321,360  [253s]
  chunk  368  lignes=1,840,000  ops=322,276  [254s]
  chunk  369  lignes=1,845,000  ops=323,230  [254s]
  chunk  370  lignes=1,850,000  ops=324,113  [255s]
  chunk  371  lignes=1,855,000  ops=325,006  [255s]
  chunk  372  lignes=1,860,000  ops=325,891  [256s]
  chunk  373  lignes=1,865,000  ops=326,785  [257s]
  chunk  374  lignes=1,870,000  ops=327,700  [257s]
  chunk  375  lignes=1,875,000  ops=328,591  [258s]
  chunk  376  lignes=1,880,000  ops=329,591  [259s]
  chunk  377  lignes=1,885,000  ops=330,533  [260s]
  chunk  378  lignes=1,890,000  ops=331,414  [260s]
  chunk  379  lignes=1,895,000  ops=332,388  [261s]
  chunk  380  lignes=1,900,000  ops=333,309  [262s]
  chunk  381  lignes=1,905,000  ops=334,198  [263s]
  chunk  382  lignes=1,910,000  ops=335,168  [264s]
  chunk  383  lignes=1,915,000  ops=336,109  [264s]
  chunk  384  lignes=1,920,000  ops=337,012  [265s]
  chunk  385  lignes=1,925,000  ops=337,931  [266s]
  chunk  386  lignes=1,930,000  ops=338,811  [266s]
  chunk  387  lignes=1,935,000  ops=339,712  [267s]
  chunk  388  lignes=1,940,000  ops=340,649  [268s]
  chunk  389  lignes=1,945,000  ops=341,534  [269s]
  chunk  390  lignes=1,950,000  ops=342,447  [269s]
  chunk  391  lignes=1,955,000  ops=343,410  [270s]
  chunk  392  lignes=1,959,982  ops=344,365  [271s]
  ✅  1,959,982 lignes traitées  (270.7s)

[Lookup] contact.csv → contacts ...
  chunk    1  lignes=    5,000  ops=  2,831  [2s]
  chunk    2  lignes=   10,000  ops=  5,244  [4s]
  chunk    3  lignes=   15,000  ops=  7,724  [5s]
  chunk    4  lignes=   20,000  ops= 10,188  [7s]
  chunk    5  lignes=   25,000  ops= 12,745  [10s]
  chunk    6  lignes=   30,000  ops= 15,329  [11s]
  chunk    7  lignes=   35,000  ops= 18,081  [13s]
  chunk    8  lignes=   40,000  ops= 20,949  [15s]
  chunk    9  lignes=   45,000  ops= 23,846  [17s]
  chunk   10  lignes=   50,000  ops= 26,771  [19s]
  chunk   11  lignes=   55,000  ops= 29,623  [21s]
  chunk   12  lignes=   60,000  ops= 32,470  [24s]
  chunk   13  lignes=   65,000  ops= 35,314  [26s]
  chunk   14  lignes=   70,000  ops= 38,124  [28s]
  chunk   15  lignes=   75,000  ops= 41,006  [30s]
  chunk   16  lignes=   80,000  ops= 43,930  [32s]
  chunk   17  lignes=   85,000  ops= 46,867  [34s]
  chunk   18  lignes=   90,000  ops= 49,847  [36s]
  chunk   19  lignes=   95,000  ops= 52,782  [38s]
  chunk   20  lignes=  100,000  ops= 55,647  [41s]
  chunk   21  lignes=  105,000  ops= 58,413  [43s]
  chunk   22  lignes=  110,000  ops= 61,345  [45s]
  chunk   23  lignes=  115,000  ops= 64,340  [47s]
  chunk   24  lignes=  120,000  ops= 67,321  [49s]
  chunk   25  lignes=  125,000  ops= 70,334  [51s]
  chunk   26  lignes=  130,000  ops= 73,301  [53s]
  chunk   27  lignes=  135,000  ops= 76,298  [55s]
  chunk   28  lignes=  140,000  ops= 79,278  [58s]
  chunk   29  lignes=  145,000  ops= 82,194  [60s]
  chunk   30  lignes=  150,000  ops= 85,154  [62s]
  chunk   31  lignes=  155,000  ops= 88,220  [64s]
  chunk   32  lignes=  160,000  ops= 91,264  [66s]
  chunk   33  lignes=  165,000  ops= 94,269  [68s]
  chunk   34  lignes=  170,000  ops= 97,292  [70s]
  chunk   35  lignes=  175,000  ops=100,323  [73s]
  chunk   36  lignes=  180,000  ops=103,305  [75s]
  chunk   37  lignes=  185,000  ops=106,388  [77s]
  chunk   38  lignes=  190,000  ops=109,535  [79s]
  chunk   39  lignes=  195,000  ops=112,623  [81s]
  chunk   40  lignes=  200,000  ops=115,727  [83s]
  chunk   41  lignes=  205,000  ops=118,736  [85s]
  chunk   42  lignes=  210,000  ops=121,771  [87s]
  chunk   43  lignes=  215,000  ops=124,865  [90s]
  chunk   44  lignes=  220,000  ops=127,974  [92s]
  chunk   45  lignes=  225,000  ops=131,082  [94s]
  chunk   46  lignes=  230,000  ops=134,215  [97s]
  chunk   47  lignes=  235,000  ops=137,277  [99s]
  chunk   48  lignes=  240,000  ops=140,168  [101s]
  chunk   49  lignes=  245,000  ops=142,855  [102s]
  chunk   50  lignes=  250,000  ops=145,630  [105s]
  chunk   51  lignes=  255,000  ops=148,418  [106s]
  chunk   52  lignes=  260,000  ops=151,312  [108s]
  chunk   53  lignes=  265,000  ops=154,204  [110s]
  chunk   54  lignes=  270,000  ops=157,019  [112s]
  chunk   55  lignes=  275,000  ops=160,043  [114s]
  chunk   56  lignes=  280,000  ops=163,057  [116s]
  chunk   57  lignes=  285,000  ops=166,112  [118s]
  chunk   58  lignes=  290,000  ops=169,203  [121s]
  chunk   59  lignes=  295,000  ops=172,239  [124s]
  chunk   60  lignes=  300,000  ops=175,453  [126s]
  chunk   61  lignes=  305,000  ops=178,588  [128s]
  chunk   62  lignes=  310,000  ops=181,724  [130s]
  chunk   63  lignes=  315,000  ops=184,869  [132s]
  chunk   64  lignes=  320,000  ops=187,924  [134s]
  chunk   65  lignes=  325,000  ops=191,005  [136s]
  chunk   66  lignes=  330,000  ops=194,173  [139s]
  chunk   67  lignes=  335,000  ops=197,286  [141s]
  chunk   68  lignes=  340,000  ops=200,395  [144s]
  chunk   69  lignes=  345,000  ops=203,514  [146s]
  chunk   70  lignes=  350,000  ops=206,585  [147s]
  chunk   71  lignes=  355,000  ops=209,596  [150s]
  chunk   72  lignes=  360,000  ops=212,655  [152s]
  chunk   73  lignes=  365,000  ops=215,715  [155s]
  chunk   74  lignes=  370,000  ops=218,755  [157s]
  chunk   75  lignes=  375,000  ops=221,789  [159s]
  chunk   76  lignes=  380,000  ops=224,886  [161s]
  chunk   77  lignes=  385,000  ops=227,469  [163s]
  chunk   78  lignes=  390,000  ops=230,192  [165s]
  chunk   79  lignes=  395,000  ops=232,981  [166s]
  chunk   80  lignes=  400,000  ops=235,940  [168s]
  chunk   81  lignes=  405,000  ops=239,071  [170s]
  chunk   82  lignes=  410,000  ops=242,180  [173s]
  chunk   83  lignes=  415,000  ops=245,408  [175s]
  chunk   84  lignes=  420,000  ops=248,548  [177s]
  chunk   85  lignes=  425,000  ops=251,724  [179s]
  chunk   86  lignes=  430,000  ops=254,956  [181s]
  chunk   87  lignes=  435,000  ops=258,203  [183s]
  chunk   88  lignes=  440,000  ops=261,316  [185s]
  chunk   89  lignes=  445,000  ops=264,179  [187s]
  chunk   90  lignes=  450,000  ops=267,064  [189s]
  chunk   91  lignes=  455,000  ops=269,997  [191s]
  chunk   92  lignes=  460,000  ops=272,858  [193s]
  chunk   93  lignes=  465,000  ops=275,702  [196s]
  chunk   94  lignes=  470,000  ops=278,538  [197s]
  chunk   95  lignes=  475,000  ops=281,357  [199s]
  chunk   96  lignes=  480,000  ops=284,235  [201s]
  chunk   97  lignes=  485,000  ops=287,208  [203s]
  chunk   98  lignes=  490,000  ops=290,232  [206s]
  chunk   99  lignes=  495,000  ops=293,116  [207s]
  chunk  100  lignes=  500,000  ops=295,999  [209s]
  chunk  101  lignes=  505,000  ops=298,961  [211s]
  chunk  102  lignes=  510,000  ops=301,864  [213s]
  chunk  103  lignes=  515,000  ops=304,735  [215s]
  chunk  104  lignes=  520,000  ops=307,527  [217s]
  chunk  105  lignes=  525,000  ops=310,328  [219s]
  chunk  106  lignes=  530,000  ops=313,143  [221s]
  chunk  107  lignes=  535,000  ops=315,945  [223s]
  chunk  108  lignes=  540,000  ops=318,769  [225s]
  chunk  109  lignes=  545,000  ops=321,587  [226s]
  chunk  110  lignes=  550,000  ops=324,391  [228s]
  chunk  111  lignes=  555,000  ops=327,177  [230s]
  chunk  112  lignes=  560,000  ops=329,947  [232s]
  chunk  113  lignes=  565,000  ops=332,864  [234s]
  chunk  114  lignes=  570,000  ops=335,950  [236s]
  chunk  115  lignes=  575,000  ops=338,947  [238s]
  chunk  116  lignes=  580,000  ops=341,763  [240s]
  chunk  117  lignes=  585,000  ops=344,578  [242s]
  chunk  118  lignes=  590,000  ops=347,454  [244s]
  chunk  119  lignes=  595,000  ops=350,444  [246s]
  chunk  120  lignes=  600,000  ops=353,302  [248s]
  chunk  121  lignes=  605,000  ops=356,250  [250s]
  chunk  122  lignes=  610,000  ops=359,119  [252s]
  chunk  123  lignes=  615,000  ops=361,943  [253s]
  chunk  124  lignes=  620,000  ops=364,807  [255s]
  chunk  125  lignes=  625,000  ops=367,658  [257s]
  chunk  126  lignes=  630,000  ops=370,585  [259s]
  chunk  127  lignes=  635,000  ops=373,499  [261s]
  chunk  128  lignes=  640,000  ops=376,430  [263s]
  chunk  129  lignes=  645,000  ops=379,313  [265s]
  chunk  130  lignes=  650,000  ops=382,210  [268s]
  chunk  131  lignes=  655,000  ops=385,120  [270s]
  chunk  132  lignes=  660,000  ops=387,998  [272s]
  chunk  133  lignes=  665,000  ops=390,918  [274s]
  chunk  134  lignes=  670,000  ops=393,812  [276s]
  chunk  135  lignes=  675,000  ops=396,681  [277s]
  chunk  136  lignes=  680,000  ops=399,569  [279s]
  chunk  137  lignes=  685,000  ops=402,421  [281s]
  chunk  138  lignes=  690,000  ops=405,337  [284s]
  chunk  139  lignes=  695,000  ops=408,162  [286s]
  chunk  140  lignes=  700,000  ops=411,024  [288s]
  chunk  141  lignes=  705,000  ops=413,886  [289s]
  chunk  142  lignes=  706,353  ops=414,683  [290s]
  ✅  706,353 lignes traitées  (289.9s)

Création des index...
Traceback (most recent call last):
  File "/workspaces/Data-Platform/TP2/silver/ingest_mongo.py", line 210, in <module>
    main()
  File "/workspaces/Data-Platform/TP2/silver/ingest_mongo.py", line 197, in main
    coll.create_index([("activities.NaceCode", 1)])
  File "/home/codespace/.python/current/lib/python3.12/site-packages/pymongo/synchronous/collection.py", line 2391, in create_index
    return (self._create_indexes([index], session, **cmd_options))[0]
            ^^^^^^^^^^^^^^^^^^^^^^^^^^^^^^^^^^^^^^^^^^^^^^^^^^^^^
  File "/home/codespace/.python/current/lib/python3.12/site-packages/pymongo/_csot.py", line 125, in csot_wrapper
    return func(self, *args, **kwargs)
           ^^^^^^^^^^^^^^^^^^^^^^^^^^^
  File "/home/codespace/.python/current/lib/python3.12/site-packages/pymongo/synchronous/collection.py", line 2273, in _create_indexes
    return self.database.client._retryable_write(False, inner, session, _Op.CREATE_INDEXES)
           ^^^^^^^^^^^^^^^^^^^^^^^^^^^^^^^^^^^^^^^^^^^^^^^^^^^^^^^^^^^^^^^^^^^^^^^^^^^^^^^^
  File "/home/codespace/.python/current/lib/python3.12/site-packages/pymongo/synchronous/mongo_client.py", line 2113, in _retryable_write
    return self._retry_with_session(retryable, func, s, bulk, operation, operation_id)
           ^^^^^^^^^^^^^^^^^^^^^^^^^^^^^^^^^^^^^^^^^^^^^^^^^^^^^^^^^^^^^^^^^^^^^^^^^^^
  File "/home/codespace/.python/current/lib/python3.12/site-packages/pymongo/synchronous/mongo_client.py", line 1986, in _retry_with_session
    return self._retry_internal(
           ^^^^^^^^^^^^^^^^^^^^^
  File "/home/codespace/.python/current/lib/python3.12/site-packages/pymongo/_csot.py", line 125, in csot_wrapper
    return func(self, *args, **kwargs)
           ^^^^^^^^^^^^^^^^^^^^^^^^^^^
  File "/home/codespace/.python/current/lib/python3.12/site-packages/pymongo/synchronous/mongo_client.py", line 2038, in _retry_internal
    ).run()
      ^^^^^
  File "/home/codespace/.python/current/lib/python3.12/site-packages/pymongo/synchronous/mongo_client.py", line 2811, in run
    res = self._read() if self._is_read else self._write()
                                             ^^^^^^^^^^^^^
  File "/home/codespace/.python/current/lib/python3.12/site-packages/pymongo/synchronous/mongo_client.py", line 3014, in _write
    return self._func(self._session, conn, self._retryable)  # type: ignore
           ^^^^^^^^^^^^^^^^^^^^^^^^^^^^^^^^^^^^^^^^^^^^^^^^
  File "/home/codespace/.python/current/lib/python3.12/site-packages/pymongo/synchronous/collection.py", line 2263, in inner
    self._command(
  File "/home/codespace/.python/current/lib/python3.12/site-packages/pymongo/synchronous/collection.py", line 615, in _command
    return conn.command(
           ^^^^^^^^^^^^^
  File "/home/codespace/.python/current/lib/python3.12/site-packages/pymongo/synchronous/helpers.py", line 53, in inner
    return func(*args, **kwargs)
           ^^^^^^^^^^^^^^^^^^^^^
  File "/home/codespace/.python/current/lib/python3.12/site-packages/pymongo/synchronous/pool.py", line 403, in command
    return command(
           ^^^^^^^^
  File "/home/codespace/.python/current/lib/python3.12/site-packages/pymongo/synchronous/network.py", line 212, in command
    helpers_shared._check_command_response(
  File "/home/codespace/.python/current/lib/python3.12/site-packages/pymongo/helpers_shared.py", line 267, in _check_command_response
    raise NotPrimaryError(errmsg, response)
pymongo.errors.NotPrimaryError: Index build failed: fb4c2f84-47af-43a0-a67e-5fb13abb3c60: Collection bce_bronze.enterprise_finale ( 78d77eab-fd86-4076-8bd4-6ac3579fe22a ) :: caused by :: interrupted at shutdown, full error: {'ok': 0.0, 'errmsg': 'Index build failed: fb4c2f84-47af-43a0-a67e-5fb13abb3c60: Collection bce_bronze.enterprise_finale ( 78d77eab-fd86-4076-8bd4-6ac3579fe22a ) :: caused by :: interrupted at shutdown', 'code': 11600, 'codeName': 'InterruptedAtShutdown'}
