[2026-07-02T16:24:34.687+0000] {processor.py:161} INFO - Started process (PID=117865) to work on /usr/local/python/3.12.1/lib/python3.12/site-packages/airflow/example_dags/example_latest_only_with_trigger.py
[2026-07-02T16:24:34.689+0000] {processor.py:830} INFO - Processing file /usr/local/python/3.12.1/lib/python3.12/site-packages/airflow/example_dags/example_latest_only_with_trigger.py for tasks to queue
[2026-07-02T16:24:34.691+0000] {logging_mixin.py:188} INFO - [2026-07-02T16:24:34.690+0000] {dagbag.py:545} INFO - Filling up the DagBag from /usr/local/python/3.12.1/lib/python3.12/site-packages/airflow/example_dags/example_latest_only_with_trigger.py
[2026-07-02T16:24:34.698+0000] {processor.py:840} INFO - DAG(s) 'latest_only_with_trigger' retrieved from /usr/local/python/3.12.1/lib/python3.12/site-packages/airflow/example_dags/example_latest_only_with_trigger.py
[2026-07-02T16:24:34.818+0000] {logging_mixin.py:188} INFO - [2026-07-02T16:24:34.817+0000] {override.py:1858} INFO - Created Permission View: can delete on DAG:latest_only_with_trigger
[2026-07-02T16:24:34.826+0000] {logging_mixin.py:188} INFO - [2026-07-02T16:24:34.826+0000] {override.py:1858} INFO - Created Permission View: can read on DAG:latest_only_with_trigger
[2026-07-02T16:24:34.831+0000] {logging_mixin.py:188} INFO - [2026-07-02T16:24:34.831+0000] {override.py:1858} INFO - Created Permission View: can edit on DAG:latest_only_with_trigger
[2026-07-02T16:24:34.832+0000] {logging_mixin.py:188} INFO - [2026-07-02T16:24:34.832+0000] {dag.py:3089} INFO - Sync 1 DAGs
[2026-07-02T16:24:34.839+0000] {logging_mixin.py:188} INFO - [2026-07-02T16:24:34.839+0000] {dag.py:3111} INFO - Creating ORM DAG for latest_only_with_trigger
[2026-07-02T16:24:34.846+0000] {logging_mixin.py:188} INFO - [2026-07-02T16:24:34.846+0000] {dag.py:3947} INFO - Setting next_dagrun for latest_only_with_trigger to 2026-07-02 12:00:00+00:00, run_after=2026-07-02 16:00:00+00:00
[2026-07-02T16:24:34.860+0000] {processor.py:183} INFO - Processing /usr/local/python/3.12.1/lib/python3.12/site-packages/airflow/example_dags/example_latest_only_with_trigger.py took 0.178 seconds
[2026-07-02T16:25:27.859+0000] {processor.py:161} INFO - Started process (PID=118634) to work on /usr/local/python/3.12.1/lib/python3.12/site-packages/airflow/example_dags/example_latest_only_with_trigger.py
[2026-07-02T16:25:27.859+0000] {processor.py:830} INFO - Processing file /usr/local/python/3.12.1/lib/python3.12/site-packages/airflow/example_dags/example_latest_only_with_trigger.py for tasks to queue
[2026-07-02T16:25:27.861+0000] {logging_mixin.py:188} INFO - [2026-07-02T16:25:27.860+0000] {dagbag.py:545} INFO - Filling up the DagBag from /usr/local/python/3.12.1/lib/python3.12/site-packages/airflow/example_dags/example_latest_only_with_trigger.py
[2026-07-02T16:25:27.865+0000] {processor.py:840} INFO - DAG(s) 'latest_only_with_trigger' retrieved from /usr/local/python/3.12.1/lib/python3.12/site-packages/airflow/example_dags/example_latest_only_with_trigger.py
[2026-07-02T16:25:27.878+0000] {logging_mixin.py:188} INFO - [2026-07-02T16:25:27.878+0000] {dag.py:3089} INFO - Sync 1 DAGs
[2026-07-02T16:25:27.893+0000] {logging_mixin.py:188} INFO - [2026-07-02T16:25:27.892+0000] {dag.py:3947} INFO - Setting next_dagrun for latest_only_with_trigger to 2026-07-02 12:00:00+00:00, run_after=2026-07-02 16:00:00+00:00
[2026-07-02T16:25:27.909+0000] {processor.py:183} INFO - Processing /usr/local/python/3.12.1/lib/python3.12/site-packages/airflow/example_dags/example_latest_only_with_trigger.py took 0.056 seconds
[2026-07-02T16:26:24.044+0000] {processor.py:161} INFO - Started process (PID=126246) to work on /usr/local/python/3.12.1/lib/python3.12/site-packages/airflow/example_dags/example_latest_only_with_trigger.py
[2026-07-02T16:26:24.045+0000] {processor.py:830} INFO - Processing file /usr/local/python/3.12.1/lib/python3.12/site-packages/airflow/example_dags/example_latest_only_with_trigger.py for tasks to queue
[2026-07-02T16:26:24.046+0000] {logging_mixin.py:188} INFO - [2026-07-02T16:26:24.046+0000] {dagbag.py:545} INFO - Filling up the DagBag from /usr/local/python/3.12.1/lib/python3.12/site-packages/airflow/example_dags/example_latest_only_with_trigger.py
[2026-07-02T16:26:24.052+0000] {processor.py:840} INFO - DAG(s) 'latest_only_with_trigger' retrieved from /usr/local/python/3.12.1/lib/python3.12/site-packages/airflow/example_dags/example_latest_only_with_trigger.py
[2026-07-02T16:26:24.067+0000] {logging_mixin.py:188} INFO - [2026-07-02T16:26:24.067+0000] {dag.py:3089} INFO - Sync 1 DAGs
[2026-07-02T16:26:24.089+0000] {logging_mixin.py:188} INFO - [2026-07-02T16:26:24.089+0000] {dag.py:3947} INFO - Setting next_dagrun for latest_only_with_trigger to 2026-07-02 12:00:00+00:00, run_after=2026-07-02 16:00:00+00:00
[2026-07-02T16:26:24.109+0000] {processor.py:183} INFO - Processing /usr/local/python/3.12.1/lib/python3.12/site-packages/airflow/example_dags/example_latest_only_with_trigger.py took 0.069 seconds
[2026-07-02T16:27:35.710+0000] {processor.py:161} INFO - Started process (PID=128334) to work on /usr/local/python/3.12.1/lib/python3.12/site-packages/airflow/example_dags/example_latest_only_with_trigger.py
[2026-07-02T16:27:35.711+0000] {processor.py:830} INFO - Processing file /usr/local/python/3.12.1/lib/python3.12/site-packages/airflow/example_dags/example_latest_only_with_trigger.py for tasks to queue
[2026-07-02T16:27:35.713+0000] {logging_mixin.py:188} INFO - [2026-07-02T16:27:35.712+0000] {dagbag.py:545} INFO - Filling up the DagBag from /usr/local/python/3.12.1/lib/python3.12/site-packages/airflow/example_dags/example_latest_only_with_trigger.py
[2026-07-02T16:27:35.719+0000] {processor.py:840} INFO - DAG(s) 'latest_only_with_trigger' retrieved from /usr/local/python/3.12.1/lib/python3.12/site-packages/airflow/example_dags/example_latest_only_with_trigger.py
[2026-07-02T16:27:35.739+0000] {logging_mixin.py:188} INFO - [2026-07-02T16:27:35.739+0000] {dag.py:3089} INFO - Sync 1 DAGs
[2026-07-02T16:27:35.761+0000] {logging_mixin.py:188} INFO - [2026-07-02T16:27:35.760+0000] {dag.py:3947} INFO - Setting next_dagrun for latest_only_with_trigger to 2026-07-02 12:00:00+00:00, run_after=2026-07-02 16:00:00+00:00
[2026-07-02T16:27:35.792+0000] {processor.py:183} INFO - Processing /usr/local/python/3.12.1/lib/python3.12/site-packages/airflow/example_dags/example_latest_only_with_trigger.py took 0.087 seconds
[2026-07-02T16:28:32.750+0000] {processor.py:161} INFO - Started process (PID=129128) to work on /usr/local/python/3.12.1/lib/python3.12/site-packages/airflow/example_dags/example_latest_only_with_trigger.py
[2026-07-02T16:28:32.754+0000] {processor.py:830} INFO - Processing file /usr/local/python/3.12.1/lib/python3.12/site-packages/airflow/example_dags/example_latest_only_with_trigger.py for tasks to queue
[2026-07-02T16:28:32.759+0000] {logging_mixin.py:188} INFO - [2026-07-02T16:28:32.759+0000] {dagbag.py:545} INFO - Filling up the DagBag from /usr/local/python/3.12.1/lib/python3.12/site-packages/airflow/example_dags/example_latest_only_with_trigger.py
[2026-07-02T16:28:32.781+0000] {processor.py:840} INFO - DAG(s) 'latest_only_with_trigger' retrieved from /usr/local/python/3.12.1/lib/python3.12/site-packages/airflow/example_dags/example_latest_only_with_trigger.py
[2026-07-02T16:28:32.830+0000] {logging_mixin.py:188} INFO - [2026-07-02T16:28:32.830+0000] {dag.py:3089} INFO - Sync 1 DAGs
[2026-07-02T16:28:32.876+0000] {logging_mixin.py:188} INFO - [2026-07-02T16:28:32.875+0000] {dag.py:3947} INFO - Setting next_dagrun for latest_only_with_trigger to 2026-07-02 12:00:00+00:00, run_after=2026-07-02 16:00:00+00:00
[2026-07-02T16:28:32.899+0000] {processor.py:183} INFO - Processing /usr/local/python/3.12.1/lib/python3.12/site-packages/airflow/example_dags/example_latest_only_with_trigger.py took 0.175 seconds
[2026-07-02T16:29:36.538+0000] {processor.py:161} INFO - Started process (PID=129982) to work on /usr/local/python/3.12.1/lib/python3.12/site-packages/airflow/example_dags/example_latest_only_with_trigger.py
[2026-07-02T16:29:36.538+0000] {processor.py:830} INFO - Processing file /usr/local/python/3.12.1/lib/python3.12/site-packages/airflow/example_dags/example_latest_only_with_trigger.py for tasks to queue
[2026-07-02T16:29:36.541+0000] {logging_mixin.py:188} INFO - [2026-07-02T16:29:36.540+0000] {dagbag.py:545} INFO - Filling up the DagBag from /usr/local/python/3.12.1/lib/python3.12/site-packages/airflow/example_dags/example_latest_only_with_trigger.py
[2026-07-02T16:29:36.547+0000] {processor.py:840} INFO - DAG(s) 'latest_only_with_trigger' retrieved from /usr/local/python/3.12.1/lib/python3.12/site-packages/airflow/example_dags/example_latest_only_with_trigger.py
[2026-07-02T16:29:36.566+0000] {logging_mixin.py:188} INFO - [2026-07-02T16:29:36.565+0000] {dag.py:3089} INFO - Sync 1 DAGs
[2026-07-02T16:29:36.588+0000] {logging_mixin.py:188} INFO - [2026-07-02T16:29:36.588+0000] {dag.py:3947} INFO - Setting next_dagrun for latest_only_with_trigger to 2026-07-02 12:00:00+00:00, run_after=2026-07-02 16:00:00+00:00
[2026-07-02T16:29:36.616+0000] {processor.py:183} INFO - Processing /usr/local/python/3.12.1/lib/python3.12/site-packages/airflow/example_dags/example_latest_only_with_trigger.py took 0.084 seconds
[2026-07-02T16:30:31.940+0000] {processor.py:161} INFO - Started process (PID=130598) to work on /usr/local/python/3.12.1/lib/python3.12/site-packages/airflow/example_dags/example_latest_only_with_trigger.py
[2026-07-02T16:30:31.945+0000] {processor.py:830} INFO - Processing file /usr/local/python/3.12.1/lib/python3.12/site-packages/airflow/example_dags/example_latest_only_with_trigger.py for tasks to queue
[2026-07-02T16:30:31.952+0000] {logging_mixin.py:188} INFO - [2026-07-02T16:30:31.947+0000] {dagbag.py:545} INFO - Filling up the DagBag from /usr/local/python/3.12.1/lib/python3.12/site-packages/airflow/example_dags/example_latest_only_with_trigger.py
[2026-07-02T16:30:31.977+0000] {processor.py:840} INFO - DAG(s) 'latest_only_with_trigger' retrieved from /usr/local/python/3.12.1/lib/python3.12/site-packages/airflow/example_dags/example_latest_only_with_trigger.py
[2026-07-02T16:30:32.045+0000] {logging_mixin.py:188} INFO - [2026-07-02T16:30:32.045+0000] {dag.py:3089} INFO - Sync 1 DAGs
[2026-07-02T16:30:32.095+0000] {logging_mixin.py:188} INFO - [2026-07-02T16:30:32.095+0000] {dag.py:3947} INFO - Setting next_dagrun for latest_only_with_trigger to 2026-07-02 12:00:00+00:00, run_after=2026-07-02 16:00:00+00:00
[2026-07-02T16:30:32.133+0000] {processor.py:183} INFO - Processing /usr/local/python/3.12.1/lib/python3.12/site-packages/airflow/example_dags/example_latest_only_with_trigger.py took 0.211 seconds
[2026-07-02T16:31:23.297+0000] {processor.py:161} INFO - Started process (PID=131179) to work on /usr/local/python/3.12.1/lib/python3.12/site-packages/airflow/example_dags/example_latest_only_with_trigger.py
[2026-07-02T16:31:23.298+0000] {processor.py:830} INFO - Processing file /usr/local/python/3.12.1/lib/python3.12/site-packages/airflow/example_dags/example_latest_only_with_trigger.py for tasks to queue
[2026-07-02T16:31:23.300+0000] {logging_mixin.py:188} INFO - [2026-07-02T16:31:23.299+0000] {dagbag.py:545} INFO - Filling up the DagBag from /usr/local/python/3.12.1/lib/python3.12/site-packages/airflow/example_dags/example_latest_only_with_trigger.py
[2026-07-02T16:31:23.304+0000] {processor.py:840} INFO - DAG(s) 'latest_only_with_trigger' retrieved from /usr/local/python/3.12.1/lib/python3.12/site-packages/airflow/example_dags/example_latest_only_with_trigger.py
[2026-07-02T16:31:23.317+0000] {logging_mixin.py:188} INFO - [2026-07-02T16:31:23.317+0000] {dag.py:3089} INFO - Sync 1 DAGs
[2026-07-02T16:31:23.332+0000] {logging_mixin.py:188} INFO - [2026-07-02T16:31:23.332+0000] {dag.py:3947} INFO - Setting next_dagrun for latest_only_with_trigger to 2026-07-02 12:00:00+00:00, run_after=2026-07-02 16:00:00+00:00
[2026-07-02T16:31:23.348+0000] {processor.py:183} INFO - Processing /usr/local/python/3.12.1/lib/python3.12/site-packages/airflow/example_dags/example_latest_only_with_trigger.py took 0.056 seconds
[2026-07-02T16:32:35.798+0000] {processor.py:161} INFO - Started process (PID=133098) to work on /usr/local/python/3.12.1/lib/python3.12/site-packages/airflow/example_dags/example_latest_only_with_trigger.py
[2026-07-02T16:32:35.800+0000] {processor.py:830} INFO - Processing file /usr/local/python/3.12.1/lib/python3.12/site-packages/airflow/example_dags/example_latest_only_with_trigger.py for tasks to queue
[2026-07-02T16:32:35.801+0000] {logging_mixin.py:188} INFO - [2026-07-02T16:32:35.801+0000] {dagbag.py:545} INFO - Filling up the DagBag from /usr/local/python/3.12.1/lib/python3.12/site-packages/airflow/example_dags/example_latest_only_with_trigger.py
[2026-07-02T16:32:35.806+0000] {processor.py:840} INFO - DAG(s) 'latest_only_with_trigger' retrieved from /usr/local/python/3.12.1/lib/python3.12/site-packages/airflow/example_dags/example_latest_only_with_trigger.py
[2026-07-02T16:32:35.819+0000] {logging_mixin.py:188} INFO - [2026-07-02T16:32:35.819+0000] {dag.py:3089} INFO - Sync 1 DAGs
[2026-07-02T16:32:35.834+0000] {logging_mixin.py:188} INFO - [2026-07-02T16:32:35.834+0000] {dag.py:3947} INFO - Setting next_dagrun for latest_only_with_trigger to 2026-07-02 12:00:00+00:00, run_after=2026-07-02 16:00:00+00:00
[2026-07-02T16:32:35.853+0000] {processor.py:183} INFO - Processing /usr/local/python/3.12.1/lib/python3.12/site-packages/airflow/example_dags/example_latest_only_with_trigger.py took 0.059 seconds
[2026-07-02T16:33:26.123+0000] {processor.py:161} INFO - Started process (PID=133668) to work on /usr/local/python/3.12.1/lib/python3.12/site-packages/airflow/example_dags/example_latest_only_with_trigger.py
[2026-07-02T16:33:26.124+0000] {processor.py:830} INFO - Processing file /usr/local/python/3.12.1/lib/python3.12/site-packages/airflow/example_dags/example_latest_only_with_trigger.py for tasks to queue
[2026-07-02T16:33:26.126+0000] {logging_mixin.py:188} INFO - [2026-07-02T16:33:26.125+0000] {dagbag.py:545} INFO - Filling up the DagBag from /usr/local/python/3.12.1/lib/python3.12/site-packages/airflow/example_dags/example_latest_only_with_trigger.py
[2026-07-02T16:33:26.131+0000] {processor.py:840} INFO - DAG(s) 'latest_only_with_trigger' retrieved from /usr/local/python/3.12.1/lib/python3.12/site-packages/airflow/example_dags/example_latest_only_with_trigger.py
[2026-07-02T16:33:26.144+0000] {logging_mixin.py:188} INFO - [2026-07-02T16:33:26.144+0000] {dag.py:3089} INFO - Sync 1 DAGs
[2026-07-02T16:33:26.158+0000] {logging_mixin.py:188} INFO - [2026-07-02T16:33:26.158+0000] {dag.py:3947} INFO - Setting next_dagrun for latest_only_with_trigger to 2026-07-02 12:00:00+00:00, run_after=2026-07-02 16:00:00+00:00
[2026-07-02T16:33:26.176+0000] {processor.py:183} INFO - Processing /usr/local/python/3.12.1/lib/python3.12/site-packages/airflow/example_dags/example_latest_only_with_trigger.py took 0.057 seconds
[2026-07-02T16:34:15.165+0000] {processor.py:161} INFO - Started process (PID=134307) to work on /usr/local/python/3.12.1/lib/python3.12/site-packages/airflow/example_dags/example_latest_only_with_trigger.py
[2026-07-02T16:34:15.168+0000] {processor.py:830} INFO - Processing file /usr/local/python/3.12.1/lib/python3.12/site-packages/airflow/example_dags/example_latest_only_with_trigger.py for tasks to queue
[2026-07-02T16:34:15.172+0000] {logging_mixin.py:188} INFO - [2026-07-02T16:34:15.171+0000] {dagbag.py:545} INFO - Filling up the DagBag from /usr/local/python/3.12.1/lib/python3.12/site-packages/airflow/example_dags/example_latest_only_with_trigger.py
[2026-07-02T16:34:15.206+0000] {processor.py:840} INFO - DAG(s) 'latest_only_with_trigger' retrieved from /usr/local/python/3.12.1/lib/python3.12/site-packages/airflow/example_dags/example_latest_only_with_trigger.py
[2026-07-02T16:34:15.277+0000] {logging_mixin.py:188} INFO - [2026-07-02T16:34:15.271+0000] {dag.py:3089} INFO - Sync 1 DAGs
[2026-07-02T16:34:15.352+0000] {logging_mixin.py:188} INFO - [2026-07-02T16:34:15.352+0000] {dag.py:3947} INFO - Setting next_dagrun for latest_only_with_trigger to 2026-07-02 12:00:00+00:00, run_after=2026-07-02 16:00:00+00:00
[2026-07-02T16:34:15.496+0000] {processor.py:183} INFO - Processing /usr/local/python/3.12.1/lib/python3.12/site-packages/airflow/example_dags/example_latest_only_with_trigger.py took 0.356 seconds
[2026-07-02T16:35:04.764+0000] {processor.py:161} INFO - Started process (PID=134966) to work on /usr/local/python/3.12.1/lib/python3.12/site-packages/airflow/example_dags/example_latest_only_with_trigger.py
[2026-07-02T16:35:04.766+0000] {processor.py:830} INFO - Processing file /usr/local/python/3.12.1/lib/python3.12/site-packages/airflow/example_dags/example_latest_only_with_trigger.py for tasks to queue
[2026-07-02T16:35:04.768+0000] {logging_mixin.py:188} INFO - [2026-07-02T16:35:04.768+0000] {dagbag.py:545} INFO - Filling up the DagBag from /usr/local/python/3.12.1/lib/python3.12/site-packages/airflow/example_dags/example_latest_only_with_trigger.py
[2026-07-02T16:35:04.777+0000] {processor.py:840} INFO - DAG(s) 'latest_only_with_trigger' retrieved from /usr/local/python/3.12.1/lib/python3.12/site-packages/airflow/example_dags/example_latest_only_with_trigger.py
[2026-07-02T16:35:04.796+0000] {logging_mixin.py:188} INFO - [2026-07-02T16:35:04.796+0000] {dag.py:3089} INFO - Sync 1 DAGs
[2026-07-02T16:35:04.821+0000] {logging_mixin.py:188} INFO - [2026-07-02T16:35:04.821+0000] {dag.py:3947} INFO - Setting next_dagrun for latest_only_with_trigger to 2026-07-02 12:00:00+00:00, run_after=2026-07-02 16:00:00+00:00
[2026-07-02T16:35:04.861+0000] {processor.py:183} INFO - Processing /usr/local/python/3.12.1/lib/python3.12/site-packages/airflow/example_dags/example_latest_only_with_trigger.py took 0.103 seconds
[2026-07-02T16:36:00.350+0000] {processor.py:161} INFO - Started process (PID=136442) to work on /usr/local/python/3.12.1/lib/python3.12/site-packages/airflow/example_dags/example_latest_only_with_trigger.py
[2026-07-02T16:36:00.360+0000] {processor.py:830} INFO - Processing file /usr/local/python/3.12.1/lib/python3.12/site-packages/airflow/example_dags/example_latest_only_with_trigger.py for tasks to queue
[2026-07-02T16:36:00.369+0000] {logging_mixin.py:188} INFO - [2026-07-02T16:36:00.368+0000] {dagbag.py:545} INFO - Filling up the DagBag from /usr/local/python/3.12.1/lib/python3.12/site-packages/airflow/example_dags/example_latest_only_with_trigger.py
[2026-07-02T16:36:00.393+0000] {processor.py:840} INFO - DAG(s) 'latest_only_with_trigger' retrieved from /usr/local/python/3.12.1/lib/python3.12/site-packages/airflow/example_dags/example_latest_only_with_trigger.py
[2026-07-02T16:36:00.449+0000] {logging_mixin.py:188} INFO - [2026-07-02T16:36:00.447+0000] {dag.py:3089} INFO - Sync 1 DAGs
[2026-07-02T16:36:00.491+0000] {logging_mixin.py:188} INFO - [2026-07-02T16:36:00.490+0000] {dag.py:3947} INFO - Setting next_dagrun for latest_only_with_trigger to 2026-07-02 12:00:00+00:00, run_after=2026-07-02 16:00:00+00:00
[2026-07-02T16:36:00.509+0000] {processor.py:183} INFO - Processing /usr/local/python/3.12.1/lib/python3.12/site-packages/airflow/example_dags/example_latest_only_with_trigger.py took 0.184 seconds
[2026-07-02T16:36:52.712+0000] {processor.py:161} INFO - Started process (PID=137094) to work on /usr/local/python/3.12.1/lib/python3.12/site-packages/airflow/example_dags/example_latest_only_with_trigger.py
[2026-07-02T16:36:52.713+0000] {processor.py:830} INFO - Processing file /usr/local/python/3.12.1/lib/python3.12/site-packages/airflow/example_dags/example_latest_only_with_trigger.py for tasks to queue
[2026-07-02T16:36:52.715+0000] {logging_mixin.py:188} INFO - [2026-07-02T16:36:52.715+0000] {dagbag.py:545} INFO - Filling up the DagBag from /usr/local/python/3.12.1/lib/python3.12/site-packages/airflow/example_dags/example_latest_only_with_trigger.py
[2026-07-02T16:36:52.721+0000] {processor.py:840} INFO - DAG(s) 'latest_only_with_trigger' retrieved from /usr/local/python/3.12.1/lib/python3.12/site-packages/airflow/example_dags/example_latest_only_with_trigger.py
[2026-07-02T16:36:52.738+0000] {logging_mixin.py:188} INFO - [2026-07-02T16:36:52.738+0000] {dag.py:3089} INFO - Sync 1 DAGs
[2026-07-02T16:36:52.758+0000] {logging_mixin.py:188} INFO - [2026-07-02T16:36:52.758+0000] {dag.py:3947} INFO - Setting next_dagrun for latest_only_with_trigger to 2026-07-02 12:00:00+00:00, run_after=2026-07-02 16:00:00+00:00
[2026-07-02T16:36:52.781+0000] {processor.py:183} INFO - Processing /usr/local/python/3.12.1/lib/python3.12/site-packages/airflow/example_dags/example_latest_only_with_trigger.py took 0.074 seconds
[2026-07-02T16:37:59.970+0000] {processor.py:161} INFO - Started process (PID=138664) to work on /usr/local/python/3.12.1/lib/python3.12/site-packages/airflow/example_dags/example_latest_only_with_trigger.py
[2026-07-02T16:37:59.971+0000] {processor.py:830} INFO - Processing file /usr/local/python/3.12.1/lib/python3.12/site-packages/airflow/example_dags/example_latest_only_with_trigger.py for tasks to queue
[2026-07-02T16:37:59.972+0000] {logging_mixin.py:188} INFO - [2026-07-02T16:37:59.972+0000] {dagbag.py:545} INFO - Filling up the DagBag from /usr/local/python/3.12.1/lib/python3.12/site-packages/airflow/example_dags/example_latest_only_with_trigger.py
[2026-07-02T16:37:59.977+0000] {processor.py:840} INFO - DAG(s) 'latest_only_with_trigger' retrieved from /usr/local/python/3.12.1/lib/python3.12/site-packages/airflow/example_dags/example_latest_only_with_trigger.py
[2026-07-02T16:37:59.992+0000] {logging_mixin.py:188} INFO - [2026-07-02T16:37:59.992+0000] {dag.py:3089} INFO - Sync 1 DAGs
[2026-07-02T16:38:00.014+0000] {logging_mixin.py:188} INFO - [2026-07-02T16:38:00.013+0000] {dag.py:3947} INFO - Setting next_dagrun for latest_only_with_trigger to 2026-07-02 12:00:00+00:00, run_after=2026-07-02 16:00:00+00:00
[2026-07-02T16:38:00.032+0000] {processor.py:183} INFO - Processing /usr/local/python/3.12.1/lib/python3.12/site-packages/airflow/example_dags/example_latest_only_with_trigger.py took 0.067 seconds
[2026-07-02T16:39:06.004+0000] {processor.py:161} INFO - Started process (PID=139987) to work on /usr/local/python/3.12.1/lib/python3.12/site-packages/airflow/example_dags/example_latest_only_with_trigger.py
[2026-07-02T16:39:06.006+0000] {processor.py:830} INFO - Processing file /usr/local/python/3.12.1/lib/python3.12/site-packages/airflow/example_dags/example_latest_only_with_trigger.py for tasks to queue
[2026-07-02T16:39:06.008+0000] {logging_mixin.py:188} INFO - [2026-07-02T16:39:06.007+0000] {dagbag.py:545} INFO - Filling up the DagBag from /usr/local/python/3.12.1/lib/python3.12/site-packages/airflow/example_dags/example_latest_only_with_trigger.py
[2026-07-02T16:39:06.012+0000] {processor.py:840} INFO - DAG(s) 'latest_only_with_trigger' retrieved from /usr/local/python/3.12.1/lib/python3.12/site-packages/airflow/example_dags/example_latest_only_with_trigger.py
[2026-07-02T16:39:06.027+0000] {logging_mixin.py:188} INFO - [2026-07-02T16:39:06.027+0000] {dag.py:3089} INFO - Sync 1 DAGs
[2026-07-02T16:39:06.043+0000] {logging_mixin.py:188} INFO - [2026-07-02T16:39:06.043+0000] {dag.py:3947} INFO - Setting next_dagrun for latest_only_with_trigger to 2026-07-02 12:00:00+00:00, run_after=2026-07-02 16:00:00+00:00
[2026-07-02T16:39:06.059+0000] {processor.py:183} INFO - Processing /usr/local/python/3.12.1/lib/python3.12/site-packages/airflow/example_dags/example_latest_only_with_trigger.py took 0.060 seconds
[2026-07-02T16:39:53.302+0000] {processor.py:161} INFO - Started process (PID=140615) to work on /usr/local/python/3.12.1/lib/python3.12/site-packages/airflow/example_dags/example_latest_only_with_trigger.py
[2026-07-02T16:39:53.304+0000] {processor.py:830} INFO - Processing file /usr/local/python/3.12.1/lib/python3.12/site-packages/airflow/example_dags/example_latest_only_with_trigger.py for tasks to queue
[2026-07-02T16:39:53.312+0000] {logging_mixin.py:188} INFO - [2026-07-02T16:39:53.312+0000] {dagbag.py:545} INFO - Filling up the DagBag from /usr/local/python/3.12.1/lib/python3.12/site-packages/airflow/example_dags/example_latest_only_with_trigger.py
[2026-07-02T16:39:53.324+0000] {processor.py:840} INFO - DAG(s) 'latest_only_with_trigger' retrieved from /usr/local/python/3.12.1/lib/python3.12/site-packages/airflow/example_dags/example_latest_only_with_trigger.py
[2026-07-02T16:39:53.394+0000] {logging_mixin.py:188} INFO - [2026-07-02T16:39:53.394+0000] {dag.py:3089} INFO - Sync 1 DAGs
[2026-07-02T16:39:53.442+0000] {logging_mixin.py:188} INFO - [2026-07-02T16:39:53.442+0000] {dag.py:3947} INFO - Setting next_dagrun for latest_only_with_trigger to 2026-07-02 12:00:00+00:00, run_after=2026-07-02 16:00:00+00:00
[2026-07-02T16:39:53.467+0000] {processor.py:183} INFO - Processing /usr/local/python/3.12.1/lib/python3.12/site-packages/airflow/example_dags/example_latest_only_with_trigger.py took 0.189 seconds
[2026-07-02T16:41:09.962+0000] {processor.py:161} INFO - Started process (PID=141775) to work on /usr/local/python/3.12.1/lib/python3.12/site-packages/airflow/example_dags/example_latest_only_with_trigger.py
[2026-07-02T16:41:09.964+0000] {processor.py:830} INFO - Processing file /usr/local/python/3.12.1/lib/python3.12/site-packages/airflow/example_dags/example_latest_only_with_trigger.py for tasks to queue
[2026-07-02T16:41:09.967+0000] {logging_mixin.py:188} INFO - [2026-07-02T16:41:09.966+0000] {dagbag.py:545} INFO - Filling up the DagBag from /usr/local/python/3.12.1/lib/python3.12/site-packages/airflow/example_dags/example_latest_only_with_trigger.py
[2026-07-02T16:41:09.976+0000] {processor.py:840} INFO - DAG(s) 'latest_only_with_trigger' retrieved from /usr/local/python/3.12.1/lib/python3.12/site-packages/airflow/example_dags/example_latest_only_with_trigger.py
[2026-07-02T16:41:10.010+0000] {logging_mixin.py:188} INFO - [2026-07-02T16:41:10.010+0000] {dag.py:3089} INFO - Sync 1 DAGs
[2026-07-02T16:41:10.039+0000] {logging_mixin.py:188} INFO - [2026-07-02T16:41:10.038+0000] {dag.py:3947} INFO - Setting next_dagrun for latest_only_with_trigger to 2026-07-02 12:00:00+00:00, run_after=2026-07-02 16:00:00+00:00
[2026-07-02T16:41:10.066+0000] {processor.py:183} INFO - Processing /usr/local/python/3.12.1/lib/python3.12/site-packages/airflow/example_dags/example_latest_only_with_trigger.py took 0.112 seconds
[2026-07-02T16:42:08.202+0000] {processor.py:161} INFO - Started process (PID=142700) to work on /usr/local/python/3.12.1/lib/python3.12/site-packages/airflow/example_dags/example_latest_only_with_trigger.py
[2026-07-02T16:42:08.210+0000] {processor.py:830} INFO - Processing file /usr/local/python/3.12.1/lib/python3.12/site-packages/airflow/example_dags/example_latest_only_with_trigger.py for tasks to queue
[2026-07-02T16:42:08.212+0000] {logging_mixin.py:188} INFO - [2026-07-02T16:42:08.212+0000] {dagbag.py:545} INFO - Filling up the DagBag from /usr/local/python/3.12.1/lib/python3.12/site-packages/airflow/example_dags/example_latest_only_with_trigger.py
[2026-07-02T16:42:08.219+0000] {processor.py:840} INFO - DAG(s) 'latest_only_with_trigger' retrieved from /usr/local/python/3.12.1/lib/python3.12/site-packages/airflow/example_dags/example_latest_only_with_trigger.py
[2026-07-02T16:42:08.237+0000] {logging_mixin.py:188} INFO - [2026-07-02T16:42:08.237+0000] {dag.py:3089} INFO - Sync 1 DAGs
[2026-07-02T16:42:08.261+0000] {logging_mixin.py:188} INFO - [2026-07-02T16:42:08.260+0000] {dag.py:3947} INFO - Setting next_dagrun for latest_only_with_trigger to 2026-07-02 12:00:00+00:00, run_after=2026-07-02 16:00:00+00:00
[2026-07-02T16:42:08.315+0000] {processor.py:183} INFO - Processing /usr/local/python/3.12.1/lib/python3.12/site-packages/airflow/example_dags/example_latest_only_with_trigger.py took 0.119 seconds
[2026-07-02T16:43:25.479+0000] {processor.py:161} INFO - Started process (PID=143848) to work on /usr/local/python/3.12.1/lib/python3.12/site-packages/airflow/example_dags/example_latest_only_with_trigger.py
[2026-07-02T16:43:25.487+0000] {processor.py:830} INFO - Processing file /usr/local/python/3.12.1/lib/python3.12/site-packages/airflow/example_dags/example_latest_only_with_trigger.py for tasks to queue
[2026-07-02T16:43:25.490+0000] {logging_mixin.py:188} INFO - [2026-07-02T16:43:25.489+0000] {dagbag.py:545} INFO - Filling up the DagBag from /usr/local/python/3.12.1/lib/python3.12/site-packages/airflow/example_dags/example_latest_only_with_trigger.py
[2026-07-02T16:43:25.499+0000] {processor.py:840} INFO - DAG(s) 'latest_only_with_trigger' retrieved from /usr/local/python/3.12.1/lib/python3.12/site-packages/airflow/example_dags/example_latest_only_with_trigger.py
[2026-07-02T16:43:25.631+0000] {logging_mixin.py:188} INFO - [2026-07-02T16:43:25.630+0000] {dag.py:3089} INFO - Sync 1 DAGs
[2026-07-02T16:43:25.692+0000] {logging_mixin.py:188} INFO - [2026-07-02T16:43:25.691+0000] {dag.py:3947} INFO - Setting next_dagrun for latest_only_with_trigger to 2026-07-02 12:00:00+00:00, run_after=2026-07-02 16:00:00+00:00
[2026-07-02T16:43:25.758+0000] {processor.py:183} INFO - Processing /usr/local/python/3.12.1/lib/python3.12/site-packages/airflow/example_dags/example_latest_only_with_trigger.py took 0.291 seconds
[2026-07-02T16:44:29.157+0000] {processor.py:161} INFO - Started process (PID=145440) to work on /usr/local/python/3.12.1/lib/python3.12/site-packages/airflow/example_dags/example_latest_only_with_trigger.py
[2026-07-02T16:44:29.161+0000] {processor.py:830} INFO - Processing file /usr/local/python/3.12.1/lib/python3.12/site-packages/airflow/example_dags/example_latest_only_with_trigger.py for tasks to queue
[2026-07-02T16:44:29.163+0000] {logging_mixin.py:188} INFO - [2026-07-02T16:44:29.163+0000] {dagbag.py:545} INFO - Filling up the DagBag from /usr/local/python/3.12.1/lib/python3.12/site-packages/airflow/example_dags/example_latest_only_with_trigger.py
[2026-07-02T16:44:29.169+0000] {processor.py:840} INFO - DAG(s) 'latest_only_with_trigger' retrieved from /usr/local/python/3.12.1/lib/python3.12/site-packages/airflow/example_dags/example_latest_only_with_trigger.py
[2026-07-02T16:44:29.194+0000] {logging_mixin.py:188} INFO - [2026-07-02T16:44:29.194+0000] {dag.py:3089} INFO - Sync 1 DAGs
[2026-07-02T16:44:29.219+0000] {logging_mixin.py:188} INFO - [2026-07-02T16:44:29.219+0000] {dag.py:3947} INFO - Setting next_dagrun for latest_only_with_trigger to 2026-07-02 12:00:00+00:00, run_after=2026-07-02 16:00:00+00:00
[2026-07-02T16:44:29.329+0000] {processor.py:183} INFO - Processing /usr/local/python/3.12.1/lib/python3.12/site-packages/airflow/example_dags/example_latest_only_with_trigger.py took 0.178 seconds
[2026-07-02T16:45:38.897+0000] {processor.py:161} INFO - Started process (PID=148047) to work on /usr/local/python/3.12.1/lib/python3.12/site-packages/airflow/example_dags/example_latest_only_with_trigger.py
[2026-07-02T16:45:38.933+0000] {processor.py:830} INFO - Processing file /usr/local/python/3.12.1/lib/python3.12/site-packages/airflow/example_dags/example_latest_only_with_trigger.py for tasks to queue
[2026-07-02T16:45:38.945+0000] {logging_mixin.py:188} INFO - [2026-07-02T16:45:38.945+0000] {dagbag.py:545} INFO - Filling up the DagBag from /usr/local/python/3.12.1/lib/python3.12/site-packages/airflow/example_dags/example_latest_only_with_trigger.py
[2026-07-02T16:45:38.981+0000] {processor.py:840} INFO - DAG(s) 'latest_only_with_trigger' retrieved from /usr/local/python/3.12.1/lib/python3.12/site-packages/airflow/example_dags/example_latest_only_with_trigger.py
[2026-07-02T16:45:39.063+0000] {logging_mixin.py:188} INFO - [2026-07-02T16:45:39.060+0000] {dag.py:3089} INFO - Sync 1 DAGs
[2026-07-02T16:45:39.221+0000] {logging_mixin.py:188} INFO - [2026-07-02T16:45:39.221+0000] {dag.py:3947} INFO - Setting next_dagrun for latest_only_with_trigger to 2026-07-02 12:00:00+00:00, run_after=2026-07-02 16:00:00+00:00
[2026-07-02T16:45:39.325+0000] {processor.py:183} INFO - Processing /usr/local/python/3.12.1/lib/python3.12/site-packages/airflow/example_dags/example_latest_only_with_trigger.py took 0.441 seconds
[2026-07-02T16:46:36.902+0000] {processor.py:161} INFO - Started process (PID=150330) to work on /usr/local/python/3.12.1/lib/python3.12/site-packages/airflow/example_dags/example_latest_only_with_trigger.py
[2026-07-02T16:46:36.903+0000] {processor.py:830} INFO - Processing file /usr/local/python/3.12.1/lib/python3.12/site-packages/airflow/example_dags/example_latest_only_with_trigger.py for tasks to queue
[2026-07-02T16:46:36.905+0000] {logging_mixin.py:188} INFO - [2026-07-02T16:46:36.904+0000] {dagbag.py:545} INFO - Filling up the DagBag from /usr/local/python/3.12.1/lib/python3.12/site-packages/airflow/example_dags/example_latest_only_with_trigger.py
[2026-07-02T16:46:36.911+0000] {processor.py:840} INFO - DAG(s) 'latest_only_with_trigger' retrieved from /usr/local/python/3.12.1/lib/python3.12/site-packages/airflow/example_dags/example_latest_only_with_trigger.py
[2026-07-02T16:46:36.927+0000] {logging_mixin.py:188} INFO - [2026-07-02T16:46:36.927+0000] {dag.py:3089} INFO - Sync 1 DAGs
[2026-07-02T16:46:36.943+0000] {logging_mixin.py:188} INFO - [2026-07-02T16:46:36.943+0000] {dag.py:3947} INFO - Setting next_dagrun for latest_only_with_trigger to 2026-07-02 12:00:00+00:00, run_after=2026-07-02 16:00:00+00:00
[2026-07-02T16:46:36.959+0000] {processor.py:183} INFO - Processing /usr/local/python/3.12.1/lib/python3.12/site-packages/airflow/example_dags/example_latest_only_with_trigger.py took 0.063 seconds
