[2026-07-02T16:24:08.842+0000] {processor.py:161} INFO - Started process (PID=117477) to work on /usr/local/python/3.12.1/lib/python3.12/site-packages/airflow/example_dags/example_xcomargs.py
[2026-07-02T16:24:08.843+0000] {processor.py:830} INFO - Processing file /usr/local/python/3.12.1/lib/python3.12/site-packages/airflow/example_dags/example_xcomargs.py for tasks to queue
[2026-07-02T16:24:08.844+0000] {logging_mixin.py:188} INFO - [2026-07-02T16:24:08.844+0000] {dagbag.py:545} INFO - Filling up the DagBag from /usr/local/python/3.12.1/lib/python3.12/site-packages/airflow/example_dags/example_xcomargs.py
[2026-07-02T16:24:08.853+0000] {processor.py:840} INFO - DAG(s) 'example_xcom_args_with_operators', 'example_xcom_args' retrieved from /usr/local/python/3.12.1/lib/python3.12/site-packages/airflow/example_dags/example_xcomargs.py
[2026-07-02T16:24:08.949+0000] {logging_mixin.py:188} INFO - [2026-07-02T16:24:08.948+0000] {override.py:1858} INFO - Created Permission View: can delete on DAG:example_xcom_args_with_operators
[2026-07-02T16:24:08.960+0000] {logging_mixin.py:188} INFO - [2026-07-02T16:24:08.960+0000] {override.py:1858} INFO - Created Permission View: can read on DAG:example_xcom_args_with_operators
[2026-07-02T16:24:08.971+0000] {logging_mixin.py:188} INFO - [2026-07-02T16:24:08.970+0000] {override.py:1858} INFO - Created Permission View: can edit on DAG:example_xcom_args_with_operators
[2026-07-02T16:24:08.989+0000] {logging_mixin.py:188} INFO - [2026-07-02T16:24:08.989+0000] {override.py:1858} INFO - Created Permission View: can delete on DAG:example_xcom_args
[2026-07-02T16:24:08.997+0000] {logging_mixin.py:188} INFO - [2026-07-02T16:24:08.997+0000] {override.py:1858} INFO - Created Permission View: can read on DAG:example_xcom_args
[2026-07-02T16:24:09.009+0000] {logging_mixin.py:188} INFO - [2026-07-02T16:24:09.009+0000] {override.py:1858} INFO - Created Permission View: can edit on DAG:example_xcom_args
[2026-07-02T16:24:09.010+0000] {logging_mixin.py:188} INFO - [2026-07-02T16:24:09.010+0000] {dag.py:3089} INFO - Sync 2 DAGs
[2026-07-02T16:24:09.024+0000] {logging_mixin.py:188} INFO - [2026-07-02T16:24:09.024+0000] {dag.py:3111} INFO - Creating ORM DAG for example_xcom_args
[2026-07-02T16:24:09.025+0000] {logging_mixin.py:188} INFO - [2026-07-02T16:24:09.025+0000] {dag.py:3111} INFO - Creating ORM DAG for example_xcom_args_with_operators
[2026-07-02T16:24:09.026+0000] {logging_mixin.py:188} INFO - [2026-07-02T16:24:09.026+0000] {dag.py:3947} INFO - Setting next_dagrun for example_xcom_args to None, run_after=None
[2026-07-02T16:24:09.026+0000] {logging_mixin.py:188} INFO - [2026-07-02T16:24:09.026+0000] {dag.py:3947} INFO - Setting next_dagrun for example_xcom_args_with_operators to None, run_after=None
[2026-07-02T16:24:09.047+0000] {processor.py:183} INFO - Processing /usr/local/python/3.12.1/lib/python3.12/site-packages/airflow/example_dags/example_xcomargs.py took 0.209 seconds
[2026-07-02T16:25:06.124+0000] {processor.py:161} INFO - Started process (PID=118339) to work on /usr/local/python/3.12.1/lib/python3.12/site-packages/airflow/example_dags/example_xcomargs.py
[2026-07-02T16:25:06.125+0000] {processor.py:830} INFO - Processing file /usr/local/python/3.12.1/lib/python3.12/site-packages/airflow/example_dags/example_xcomargs.py for tasks to queue
[2026-07-02T16:25:06.126+0000] {logging_mixin.py:188} INFO - [2026-07-02T16:25:06.126+0000] {dagbag.py:545} INFO - Filling up the DagBag from /usr/local/python/3.12.1/lib/python3.12/site-packages/airflow/example_dags/example_xcomargs.py
[2026-07-02T16:25:06.133+0000] {processor.py:840} INFO - DAG(s) 'example_xcom_args_with_operators', 'example_xcom_args' retrieved from /usr/local/python/3.12.1/lib/python3.12/site-packages/airflow/example_dags/example_xcomargs.py
[2026-07-02T16:25:06.150+0000] {logging_mixin.py:188} INFO - [2026-07-02T16:25:06.149+0000] {dag.py:3089} INFO - Sync 2 DAGs
[2026-07-02T16:25:06.162+0000] {logging_mixin.py:188} INFO - [2026-07-02T16:25:06.161+0000] {dag.py:3947} INFO - Setting next_dagrun for example_xcom_args to None, run_after=None
[2026-07-02T16:25:06.166+0000] {logging_mixin.py:188} INFO - [2026-07-02T16:25:06.166+0000] {dag.py:3947} INFO - Setting next_dagrun for example_xcom_args_with_operators to None, run_after=None
[2026-07-02T16:25:06.191+0000] {processor.py:183} INFO - Processing /usr/local/python/3.12.1/lib/python3.12/site-packages/airflow/example_dags/example_xcomargs.py took 0.071 seconds
[2026-07-02T16:25:51.397+0000] {processor.py:161} INFO - Started process (PID=121255) to work on /usr/local/python/3.12.1/lib/python3.12/site-packages/airflow/example_dags/example_xcomargs.py
[2026-07-02T16:25:51.397+0000] {processor.py:830} INFO - Processing file /usr/local/python/3.12.1/lib/python3.12/site-packages/airflow/example_dags/example_xcomargs.py for tasks to queue
[2026-07-02T16:25:51.399+0000] {logging_mixin.py:188} INFO - [2026-07-02T16:25:51.399+0000] {dagbag.py:545} INFO - Filling up the DagBag from /usr/local/python/3.12.1/lib/python3.12/site-packages/airflow/example_dags/example_xcomargs.py
[2026-07-02T16:25:51.408+0000] {processor.py:840} INFO - DAG(s) 'example_xcom_args', 'example_xcom_args_with_operators' retrieved from /usr/local/python/3.12.1/lib/python3.12/site-packages/airflow/example_dags/example_xcomargs.py
[2026-07-02T16:25:51.423+0000] {logging_mixin.py:188} INFO - [2026-07-02T16:25:51.422+0000] {dag.py:3089} INFO - Sync 2 DAGs
[2026-07-02T16:25:51.432+0000] {logging_mixin.py:188} INFO - [2026-07-02T16:25:51.431+0000] {dag.py:3947} INFO - Setting next_dagrun for example_xcom_args to None, run_after=None
[2026-07-02T16:25:51.435+0000] {logging_mixin.py:188} INFO - [2026-07-02T16:25:51.435+0000] {dag.py:3947} INFO - Setting next_dagrun for example_xcom_args_with_operators to None, run_after=None
[2026-07-02T16:25:51.451+0000] {processor.py:183} INFO - Processing /usr/local/python/3.12.1/lib/python3.12/site-packages/airflow/example_dags/example_xcomargs.py took 0.059 seconds
[2026-07-02T16:26:43.435+0000] {processor.py:161} INFO - Started process (PID=126511) to work on /usr/local/python/3.12.1/lib/python3.12/site-packages/airflow/example_dags/example_xcomargs.py
[2026-07-02T16:26:43.436+0000] {processor.py:830} INFO - Processing file /usr/local/python/3.12.1/lib/python3.12/site-packages/airflow/example_dags/example_xcomargs.py for tasks to queue
[2026-07-02T16:26:43.438+0000] {logging_mixin.py:188} INFO - [2026-07-02T16:26:43.437+0000] {dagbag.py:545} INFO - Filling up the DagBag from /usr/local/python/3.12.1/lib/python3.12/site-packages/airflow/example_dags/example_xcomargs.py
[2026-07-02T16:26:43.446+0000] {processor.py:840} INFO - DAG(s) 'example_xcom_args_with_operators', 'example_xcom_args' retrieved from /usr/local/python/3.12.1/lib/python3.12/site-packages/airflow/example_dags/example_xcomargs.py
[2026-07-02T16:26:43.462+0000] {logging_mixin.py:188} INFO - [2026-07-02T16:26:43.462+0000] {dag.py:3089} INFO - Sync 2 DAGs
[2026-07-02T16:26:43.471+0000] {logging_mixin.py:188} INFO - [2026-07-02T16:26:43.471+0000] {dag.py:3947} INFO - Setting next_dagrun for example_xcom_args to None, run_after=None
[2026-07-02T16:26:43.474+0000] {logging_mixin.py:188} INFO - [2026-07-02T16:26:43.474+0000] {dag.py:3947} INFO - Setting next_dagrun for example_xcom_args_with_operators to None, run_after=None
[2026-07-02T16:26:43.500+0000] {processor.py:183} INFO - Processing /usr/local/python/3.12.1/lib/python3.12/site-packages/airflow/example_dags/example_xcomargs.py took 0.069 seconds
[2026-07-02T16:27:57.428+0000] {processor.py:161} INFO - Started process (PID=128644) to work on /usr/local/python/3.12.1/lib/python3.12/site-packages/airflow/example_dags/example_xcomargs.py
[2026-07-02T16:27:57.430+0000] {processor.py:830} INFO - Processing file /usr/local/python/3.12.1/lib/python3.12/site-packages/airflow/example_dags/example_xcomargs.py for tasks to queue
[2026-07-02T16:27:57.431+0000] {logging_mixin.py:188} INFO - [2026-07-02T16:27:57.431+0000] {dagbag.py:545} INFO - Filling up the DagBag from /usr/local/python/3.12.1/lib/python3.12/site-packages/airflow/example_dags/example_xcomargs.py
[2026-07-02T16:27:57.438+0000] {processor.py:840} INFO - DAG(s) 'example_xcom_args_with_operators', 'example_xcom_args' retrieved from /usr/local/python/3.12.1/lib/python3.12/site-packages/airflow/example_dags/example_xcomargs.py
[2026-07-02T16:27:57.455+0000] {logging_mixin.py:188} INFO - [2026-07-02T16:27:57.455+0000] {dag.py:3089} INFO - Sync 2 DAGs
[2026-07-02T16:27:57.464+0000] {logging_mixin.py:188} INFO - [2026-07-02T16:27:57.464+0000] {dag.py:3947} INFO - Setting next_dagrun for example_xcom_args to None, run_after=None
[2026-07-02T16:27:57.467+0000] {logging_mixin.py:188} INFO - [2026-07-02T16:27:57.467+0000] {dag.py:3947} INFO - Setting next_dagrun for example_xcom_args_with_operators to None, run_after=None
[2026-07-02T16:27:57.502+0000] {processor.py:183} INFO - Processing /usr/local/python/3.12.1/lib/python3.12/site-packages/airflow/example_dags/example_xcomargs.py took 0.078 seconds
[2026-07-02T16:28:56.563+0000] {processor.py:161} INFO - Started process (PID=129574) to work on /usr/local/python/3.12.1/lib/python3.12/site-packages/airflow/example_dags/example_xcomargs.py
[2026-07-02T16:28:56.583+0000] {processor.py:830} INFO - Processing file /usr/local/python/3.12.1/lib/python3.12/site-packages/airflow/example_dags/example_xcomargs.py for tasks to queue
[2026-07-02T16:28:56.585+0000] {logging_mixin.py:188} INFO - [2026-07-02T16:28:56.585+0000] {dagbag.py:545} INFO - Filling up the DagBag from /usr/local/python/3.12.1/lib/python3.12/site-packages/airflow/example_dags/example_xcomargs.py
[2026-07-02T16:28:56.596+0000] {processor.py:840} INFO - DAG(s) 'example_xcom_args_with_operators', 'example_xcom_args' retrieved from /usr/local/python/3.12.1/lib/python3.12/site-packages/airflow/example_dags/example_xcomargs.py
[2026-07-02T16:28:56.627+0000] {logging_mixin.py:188} INFO - [2026-07-02T16:28:56.626+0000] {dag.py:3089} INFO - Sync 2 DAGs
[2026-07-02T16:28:56.788+0000] {logging_mixin.py:188} INFO - [2026-07-02T16:28:56.788+0000] {dag.py:3947} INFO - Setting next_dagrun for example_xcom_args to None, run_after=None
[2026-07-02T16:28:56.793+0000] {logging_mixin.py:188} INFO - [2026-07-02T16:28:56.793+0000] {dag.py:3947} INFO - Setting next_dagrun for example_xcom_args_with_operators to None, run_after=None
[2026-07-02T16:28:56.877+0000] {processor.py:183} INFO - Processing /usr/local/python/3.12.1/lib/python3.12/site-packages/airflow/example_dags/example_xcomargs.py took 0.331 seconds
[2026-07-02T16:29:57.448+0000] {processor.py:161} INFO - Started process (PID=130206) to work on /usr/local/python/3.12.1/lib/python3.12/site-packages/airflow/example_dags/example_xcomargs.py
[2026-07-02T16:29:57.449+0000] {processor.py:830} INFO - Processing file /usr/local/python/3.12.1/lib/python3.12/site-packages/airflow/example_dags/example_xcomargs.py for tasks to queue
[2026-07-02T16:29:57.451+0000] {logging_mixin.py:188} INFO - [2026-07-02T16:29:57.451+0000] {dagbag.py:545} INFO - Filling up the DagBag from /usr/local/python/3.12.1/lib/python3.12/site-packages/airflow/example_dags/example_xcomargs.py
[2026-07-02T16:29:57.462+0000] {processor.py:840} INFO - DAG(s) 'example_xcom_args_with_operators', 'example_xcom_args' retrieved from /usr/local/python/3.12.1/lib/python3.12/site-packages/airflow/example_dags/example_xcomargs.py
[2026-07-02T16:29:57.499+0000] {logging_mixin.py:188} INFO - [2026-07-02T16:29:57.499+0000] {dag.py:3089} INFO - Sync 2 DAGs
[2026-07-02T16:29:57.525+0000] {logging_mixin.py:188} INFO - [2026-07-02T16:29:57.524+0000] {dag.py:3947} INFO - Setting next_dagrun for example_xcom_args to None, run_after=None
[2026-07-02T16:29:57.529+0000] {logging_mixin.py:188} INFO - [2026-07-02T16:29:57.529+0000] {dag.py:3947} INFO - Setting next_dagrun for example_xcom_args_with_operators to None, run_after=None
[2026-07-02T16:29:57.554+0000] {processor.py:183} INFO - Processing /usr/local/python/3.12.1/lib/python3.12/site-packages/airflow/example_dags/example_xcomargs.py took 0.113 seconds
[2026-07-02T16:30:50.667+0000] {processor.py:161} INFO - Started process (PID=130810) to work on /usr/local/python/3.12.1/lib/python3.12/site-packages/airflow/example_dags/example_xcomargs.py
[2026-07-02T16:30:50.668+0000] {processor.py:830} INFO - Processing file /usr/local/python/3.12.1/lib/python3.12/site-packages/airflow/example_dags/example_xcomargs.py for tasks to queue
[2026-07-02T16:30:50.670+0000] {logging_mixin.py:188} INFO - [2026-07-02T16:30:50.669+0000] {dagbag.py:545} INFO - Filling up the DagBag from /usr/local/python/3.12.1/lib/python3.12/site-packages/airflow/example_dags/example_xcomargs.py
[2026-07-02T16:30:50.680+0000] {processor.py:840} INFO - DAG(s) 'example_xcom_args_with_operators', 'example_xcom_args' retrieved from /usr/local/python/3.12.1/lib/python3.12/site-packages/airflow/example_dags/example_xcomargs.py
[2026-07-02T16:30:50.701+0000] {logging_mixin.py:188} INFO - [2026-07-02T16:30:50.701+0000] {dag.py:3089} INFO - Sync 2 DAGs
[2026-07-02T16:30:50.711+0000] {logging_mixin.py:188} INFO - [2026-07-02T16:30:50.710+0000] {dag.py:3947} INFO - Setting next_dagrun for example_xcom_args to None, run_after=None
[2026-07-02T16:30:50.714+0000] {logging_mixin.py:188} INFO - [2026-07-02T16:30:50.714+0000] {dag.py:3947} INFO - Setting next_dagrun for example_xcom_args_with_operators to None, run_after=None
[2026-07-02T16:30:50.737+0000] {processor.py:183} INFO - Processing /usr/local/python/3.12.1/lib/python3.12/site-packages/airflow/example_dags/example_xcomargs.py took 0.074 seconds
[2026-07-02T16:31:40.477+0000] {processor.py:161} INFO - Started process (PID=131372) to work on /usr/local/python/3.12.1/lib/python3.12/site-packages/airflow/example_dags/example_xcomargs.py
[2026-07-02T16:31:40.478+0000] {processor.py:830} INFO - Processing file /usr/local/python/3.12.1/lib/python3.12/site-packages/airflow/example_dags/example_xcomargs.py for tasks to queue
[2026-07-02T16:31:40.480+0000] {logging_mixin.py:188} INFO - [2026-07-02T16:31:40.480+0000] {dagbag.py:545} INFO - Filling up the DagBag from /usr/local/python/3.12.1/lib/python3.12/site-packages/airflow/example_dags/example_xcomargs.py
[2026-07-02T16:31:40.491+0000] {processor.py:840} INFO - DAG(s) 'example_xcom_args_with_operators', 'example_xcom_args' retrieved from /usr/local/python/3.12.1/lib/python3.12/site-packages/airflow/example_dags/example_xcomargs.py
[2026-07-02T16:31:40.513+0000] {logging_mixin.py:188} INFO - [2026-07-02T16:31:40.513+0000] {dag.py:3089} INFO - Sync 2 DAGs
[2026-07-02T16:31:40.525+0000] {logging_mixin.py:188} INFO - [2026-07-02T16:31:40.525+0000] {dag.py:3947} INFO - Setting next_dagrun for example_xcom_args to None, run_after=None
[2026-07-02T16:31:40.528+0000] {logging_mixin.py:188} INFO - [2026-07-02T16:31:40.528+0000] {dag.py:3947} INFO - Setting next_dagrun for example_xcom_args_with_operators to None, run_after=None
[2026-07-02T16:31:40.543+0000] {processor.py:183} INFO - Processing /usr/local/python/3.12.1/lib/python3.12/site-packages/airflow/example_dags/example_xcomargs.py took 0.072 seconds
[2026-07-02T16:32:31.462+0000] {processor.py:161} INFO - Started process (PID=133079) to work on /usr/local/python/3.12.1/lib/python3.12/site-packages/airflow/example_dags/example_xcomargs.py
[2026-07-02T16:32:31.463+0000] {processor.py:830} INFO - Processing file /usr/local/python/3.12.1/lib/python3.12/site-packages/airflow/example_dags/example_xcomargs.py for tasks to queue
[2026-07-02T16:32:31.465+0000] {logging_mixin.py:188} INFO - [2026-07-02T16:32:31.464+0000] {dagbag.py:545} INFO - Filling up the DagBag from /usr/local/python/3.12.1/lib/python3.12/site-packages/airflow/example_dags/example_xcomargs.py
[2026-07-02T16:32:31.472+0000] {processor.py:840} INFO - DAG(s) 'example_xcom_args_with_operators', 'example_xcom_args' retrieved from /usr/local/python/3.12.1/lib/python3.12/site-packages/airflow/example_dags/example_xcomargs.py
[2026-07-02T16:32:31.493+0000] {logging_mixin.py:188} INFO - [2026-07-02T16:32:31.493+0000] {dag.py:3089} INFO - Sync 2 DAGs
[2026-07-02T16:32:31.505+0000] {logging_mixin.py:188} INFO - [2026-07-02T16:32:31.505+0000] {dag.py:3947} INFO - Setting next_dagrun for example_xcom_args to None, run_after=None
[2026-07-02T16:32:31.508+0000] {logging_mixin.py:188} INFO - [2026-07-02T16:32:31.508+0000] {dag.py:3947} INFO - Setting next_dagrun for example_xcom_args_with_operators to None, run_after=None
[2026-07-02T16:32:31.523+0000] {processor.py:183} INFO - Processing /usr/local/python/3.12.1/lib/python3.12/site-packages/airflow/example_dags/example_xcomargs.py took 0.065 seconds
[2026-07-02T16:33:20.981+0000] {processor.py:161} INFO - Started process (PID=133608) to work on /usr/local/python/3.12.1/lib/python3.12/site-packages/airflow/example_dags/example_xcomargs.py
[2026-07-02T16:33:20.981+0000] {processor.py:830} INFO - Processing file /usr/local/python/3.12.1/lib/python3.12/site-packages/airflow/example_dags/example_xcomargs.py for tasks to queue
[2026-07-02T16:33:20.983+0000] {logging_mixin.py:188} INFO - [2026-07-02T16:33:20.983+0000] {dagbag.py:545} INFO - Filling up the DagBag from /usr/local/python/3.12.1/lib/python3.12/site-packages/airflow/example_dags/example_xcomargs.py
[2026-07-02T16:33:20.992+0000] {processor.py:840} INFO - DAG(s) 'example_xcom_args', 'example_xcom_args_with_operators' retrieved from /usr/local/python/3.12.1/lib/python3.12/site-packages/airflow/example_dags/example_xcomargs.py
[2026-07-02T16:33:21.009+0000] {logging_mixin.py:188} INFO - [2026-07-02T16:33:21.009+0000] {dag.py:3089} INFO - Sync 2 DAGs
[2026-07-02T16:33:21.018+0000] {logging_mixin.py:188} INFO - [2026-07-02T16:33:21.018+0000] {dag.py:3947} INFO - Setting next_dagrun for example_xcom_args to None, run_after=None
[2026-07-02T16:33:21.021+0000] {logging_mixin.py:188} INFO - [2026-07-02T16:33:21.021+0000] {dag.py:3947} INFO - Setting next_dagrun for example_xcom_args_with_operators to None, run_after=None
[2026-07-02T16:33:21.035+0000] {processor.py:183} INFO - Processing /usr/local/python/3.12.1/lib/python3.12/site-packages/airflow/example_dags/example_xcomargs.py took 0.060 seconds
[2026-07-02T16:34:09.152+0000] {processor.py:161} INFO - Started process (PID=134209) to work on /usr/local/python/3.12.1/lib/python3.12/site-packages/airflow/example_dags/example_xcomargs.py
[2026-07-02T16:34:09.153+0000] {processor.py:830} INFO - Processing file /usr/local/python/3.12.1/lib/python3.12/site-packages/airflow/example_dags/example_xcomargs.py for tasks to queue
[2026-07-02T16:34:09.155+0000] {logging_mixin.py:188} INFO - [2026-07-02T16:34:09.154+0000] {dagbag.py:545} INFO - Filling up the DagBag from /usr/local/python/3.12.1/lib/python3.12/site-packages/airflow/example_dags/example_xcomargs.py
[2026-07-02T16:34:09.172+0000] {processor.py:840} INFO - DAG(s) 'example_xcom_args', 'example_xcom_args_with_operators' retrieved from /usr/local/python/3.12.1/lib/python3.12/site-packages/airflow/example_dags/example_xcomargs.py
[2026-07-02T16:34:09.226+0000] {logging_mixin.py:188} INFO - [2026-07-02T16:34:09.224+0000] {dag.py:3089} INFO - Sync 2 DAGs
[2026-07-02T16:34:09.241+0000] {logging_mixin.py:188} INFO - [2026-07-02T16:34:09.241+0000] {dag.py:3947} INFO - Setting next_dagrun for example_xcom_args to None, run_after=None
[2026-07-02T16:34:09.245+0000] {logging_mixin.py:188} INFO - [2026-07-02T16:34:09.245+0000] {dag.py:3947} INFO - Setting next_dagrun for example_xcom_args_with_operators to None, run_after=None
[2026-07-02T16:34:09.268+0000] {processor.py:183} INFO - Processing /usr/local/python/3.12.1/lib/python3.12/site-packages/airflow/example_dags/example_xcomargs.py took 0.123 seconds
[2026-07-02T16:34:59.622+0000] {processor.py:161} INFO - Started process (PID=134871) to work on /usr/local/python/3.12.1/lib/python3.12/site-packages/airflow/example_dags/example_xcomargs.py
[2026-07-02T16:34:59.625+0000] {processor.py:830} INFO - Processing file /usr/local/python/3.12.1/lib/python3.12/site-packages/airflow/example_dags/example_xcomargs.py for tasks to queue
[2026-07-02T16:34:59.627+0000] {logging_mixin.py:188} INFO - [2026-07-02T16:34:59.627+0000] {dagbag.py:545} INFO - Filling up the DagBag from /usr/local/python/3.12.1/lib/python3.12/site-packages/airflow/example_dags/example_xcomargs.py
[2026-07-02T16:34:59.635+0000] {processor.py:840} INFO - DAG(s) 'example_xcom_args', 'example_xcom_args_with_operators' retrieved from /usr/local/python/3.12.1/lib/python3.12/site-packages/airflow/example_dags/example_xcomargs.py
[2026-07-02T16:34:59.658+0000] {logging_mixin.py:188} INFO - [2026-07-02T16:34:59.657+0000] {dag.py:3089} INFO - Sync 2 DAGs
[2026-07-02T16:34:59.668+0000] {logging_mixin.py:188} INFO - [2026-07-02T16:34:59.668+0000] {dag.py:3947} INFO - Setting next_dagrun for example_xcom_args to None, run_after=None
[2026-07-02T16:34:59.671+0000] {logging_mixin.py:188} INFO - [2026-07-02T16:34:59.671+0000] {dag.py:3947} INFO - Setting next_dagrun for example_xcom_args_with_operators to None, run_after=None
[2026-07-02T16:34:59.687+0000] {processor.py:183} INFO - Processing /usr/local/python/3.12.1/lib/python3.12/site-packages/airflow/example_dags/example_xcomargs.py took 0.070 seconds
[2026-07-02T16:35:55.452+0000] {processor.py:161} INFO - Started process (PID=136375) to work on /usr/local/python/3.12.1/lib/python3.12/site-packages/airflow/example_dags/example_xcomargs.py
[2026-07-02T16:35:55.453+0000] {processor.py:830} INFO - Processing file /usr/local/python/3.12.1/lib/python3.12/site-packages/airflow/example_dags/example_xcomargs.py for tasks to queue
[2026-07-02T16:35:55.455+0000] {logging_mixin.py:188} INFO - [2026-07-02T16:35:55.455+0000] {dagbag.py:545} INFO - Filling up the DagBag from /usr/local/python/3.12.1/lib/python3.12/site-packages/airflow/example_dags/example_xcomargs.py
[2026-07-02T16:35:55.466+0000] {processor.py:840} INFO - DAG(s) 'example_xcom_args_with_operators', 'example_xcom_args' retrieved from /usr/local/python/3.12.1/lib/python3.12/site-packages/airflow/example_dags/example_xcomargs.py
[2026-07-02T16:35:55.488+0000] {logging_mixin.py:188} INFO - [2026-07-02T16:35:55.488+0000] {dag.py:3089} INFO - Sync 2 DAGs
[2026-07-02T16:35:55.504+0000] {logging_mixin.py:188} INFO - [2026-07-02T16:35:55.503+0000] {dag.py:3947} INFO - Setting next_dagrun for example_xcom_args to None, run_after=None
[2026-07-02T16:35:55.508+0000] {logging_mixin.py:188} INFO - [2026-07-02T16:35:55.508+0000] {dag.py:3947} INFO - Setting next_dagrun for example_xcom_args_with_operators to None, run_after=None
[2026-07-02T16:35:55.527+0000] {processor.py:183} INFO - Processing /usr/local/python/3.12.1/lib/python3.12/site-packages/airflow/example_dags/example_xcomargs.py took 0.083 seconds
[2026-07-02T16:36:46.000+0000] {processor.py:161} INFO - Started process (PID=137039) to work on /usr/local/python/3.12.1/lib/python3.12/site-packages/airflow/example_dags/example_xcomargs.py
[2026-07-02T16:36:46.002+0000] {processor.py:830} INFO - Processing file /usr/local/python/3.12.1/lib/python3.12/site-packages/airflow/example_dags/example_xcomargs.py for tasks to queue
[2026-07-02T16:36:46.004+0000] {logging_mixin.py:188} INFO - [2026-07-02T16:36:46.003+0000] {dagbag.py:545} INFO - Filling up the DagBag from /usr/local/python/3.12.1/lib/python3.12/site-packages/airflow/example_dags/example_xcomargs.py
[2026-07-02T16:36:46.013+0000] {processor.py:840} INFO - DAG(s) 'example_xcom_args_with_operators', 'example_xcom_args' retrieved from /usr/local/python/3.12.1/lib/python3.12/site-packages/airflow/example_dags/example_xcomargs.py
[2026-07-02T16:36:46.027+0000] {logging_mixin.py:188} INFO - [2026-07-02T16:36:46.027+0000] {dag.py:3089} INFO - Sync 2 DAGs
[2026-07-02T16:36:46.036+0000] {logging_mixin.py:188} INFO - [2026-07-02T16:36:46.036+0000] {dag.py:3947} INFO - Setting next_dagrun for example_xcom_args to None, run_after=None
[2026-07-02T16:36:46.039+0000] {logging_mixin.py:188} INFO - [2026-07-02T16:36:46.039+0000] {dag.py:3947} INFO - Setting next_dagrun for example_xcom_args_with_operators to None, run_after=None
[2026-07-02T16:36:46.055+0000] {processor.py:183} INFO - Processing /usr/local/python/3.12.1/lib/python3.12/site-packages/airflow/example_dags/example_xcomargs.py took 0.060 seconds
[2026-07-02T16:37:33.115+0000] {processor.py:161} INFO - Started process (PID=138338) to work on /usr/local/python/3.12.1/lib/python3.12/site-packages/airflow/example_dags/example_xcomargs.py
[2026-07-02T16:37:33.117+0000] {processor.py:830} INFO - Processing file /usr/local/python/3.12.1/lib/python3.12/site-packages/airflow/example_dags/example_xcomargs.py for tasks to queue
[2026-07-02T16:37:33.119+0000] {logging_mixin.py:188} INFO - [2026-07-02T16:37:33.119+0000] {dagbag.py:545} INFO - Filling up the DagBag from /usr/local/python/3.12.1/lib/python3.12/site-packages/airflow/example_dags/example_xcomargs.py
[2026-07-02T16:37:33.130+0000] {processor.py:840} INFO - DAG(s) 'example_xcom_args', 'example_xcom_args_with_operators' retrieved from /usr/local/python/3.12.1/lib/python3.12/site-packages/airflow/example_dags/example_xcomargs.py
[2026-07-02T16:37:33.153+0000] {logging_mixin.py:188} INFO - [2026-07-02T16:37:33.153+0000] {dag.py:3089} INFO - Sync 2 DAGs
[2026-07-02T16:37:33.167+0000] {logging_mixin.py:188} INFO - [2026-07-02T16:37:33.167+0000] {dag.py:3947} INFO - Setting next_dagrun for example_xcom_args to None, run_after=None
[2026-07-02T16:37:33.171+0000] {logging_mixin.py:188} INFO - [2026-07-02T16:37:33.171+0000] {dag.py:3947} INFO - Setting next_dagrun for example_xcom_args_with_operators to None, run_after=None
[2026-07-02T16:37:33.214+0000] {processor.py:183} INFO - Processing /usr/local/python/3.12.1/lib/python3.12/site-packages/airflow/example_dags/example_xcomargs.py took 0.105 seconds
[2026-07-02T16:38:15.833+0000] {processor.py:161} INFO - Started process (PID=139255) to work on /usr/local/python/3.12.1/lib/python3.12/site-packages/airflow/example_dags/example_xcomargs.py
[2026-07-02T16:38:15.833+0000] {processor.py:830} INFO - Processing file /usr/local/python/3.12.1/lib/python3.12/site-packages/airflow/example_dags/example_xcomargs.py for tasks to queue
[2026-07-02T16:38:15.835+0000] {logging_mixin.py:188} INFO - [2026-07-02T16:38:15.835+0000] {dagbag.py:545} INFO - Filling up the DagBag from /usr/local/python/3.12.1/lib/python3.12/site-packages/airflow/example_dags/example_xcomargs.py
[2026-07-02T16:38:15.841+0000] {processor.py:840} INFO - DAG(s) 'example_xcom_args_with_operators', 'example_xcom_args' retrieved from /usr/local/python/3.12.1/lib/python3.12/site-packages/airflow/example_dags/example_xcomargs.py
[2026-07-02T16:38:15.856+0000] {logging_mixin.py:188} INFO - [2026-07-02T16:38:15.856+0000] {dag.py:3089} INFO - Sync 2 DAGs
[2026-07-02T16:38:15.865+0000] {logging_mixin.py:188} INFO - [2026-07-02T16:38:15.865+0000] {dag.py:3947} INFO - Setting next_dagrun for example_xcom_args to None, run_after=None
[2026-07-02T16:38:15.868+0000] {logging_mixin.py:188} INFO - [2026-07-02T16:38:15.868+0000] {dag.py:3947} INFO - Setting next_dagrun for example_xcom_args_with_operators to None, run_after=None
[2026-07-02T16:38:15.887+0000] {processor.py:183} INFO - Processing /usr/local/python/3.12.1/lib/python3.12/site-packages/airflow/example_dags/example_xcomargs.py took 0.058 seconds
[2026-07-02T16:39:00.856+0000] {processor.py:161} INFO - Started process (PID=139902) to work on /usr/local/python/3.12.1/lib/python3.12/site-packages/airflow/example_dags/example_xcomargs.py
[2026-07-02T16:39:00.857+0000] {processor.py:830} INFO - Processing file /usr/local/python/3.12.1/lib/python3.12/site-packages/airflow/example_dags/example_xcomargs.py for tasks to queue
[2026-07-02T16:39:00.859+0000] {logging_mixin.py:188} INFO - [2026-07-02T16:39:00.858+0000] {dagbag.py:545} INFO - Filling up the DagBag from /usr/local/python/3.12.1/lib/python3.12/site-packages/airflow/example_dags/example_xcomargs.py
[2026-07-02T16:39:00.865+0000] {processor.py:840} INFO - DAG(s) 'example_xcom_args', 'example_xcom_args_with_operators' retrieved from /usr/local/python/3.12.1/lib/python3.12/site-packages/airflow/example_dags/example_xcomargs.py
[2026-07-02T16:39:00.882+0000] {logging_mixin.py:188} INFO - [2026-07-02T16:39:00.882+0000] {dag.py:3089} INFO - Sync 2 DAGs
[2026-07-02T16:39:00.894+0000] {logging_mixin.py:188} INFO - [2026-07-02T16:39:00.893+0000] {dag.py:3947} INFO - Setting next_dagrun for example_xcom_args to None, run_after=None
[2026-07-02T16:39:00.896+0000] {logging_mixin.py:188} INFO - [2026-07-02T16:39:00.896+0000] {dag.py:3947} INFO - Setting next_dagrun for example_xcom_args_with_operators to None, run_after=None
[2026-07-02T16:39:00.911+0000] {processor.py:183} INFO - Processing /usr/local/python/3.12.1/lib/python3.12/site-packages/airflow/example_dags/example_xcomargs.py took 0.059 seconds
[2026-07-02T16:39:46.945+0000] {processor.py:161} INFO - Started process (PID=140503) to work on /usr/local/python/3.12.1/lib/python3.12/site-packages/airflow/example_dags/example_xcomargs.py
[2026-07-02T16:39:46.945+0000] {processor.py:830} INFO - Processing file /usr/local/python/3.12.1/lib/python3.12/site-packages/airflow/example_dags/example_xcomargs.py for tasks to queue
[2026-07-02T16:39:46.947+0000] {logging_mixin.py:188} INFO - [2026-07-02T16:39:46.947+0000] {dagbag.py:545} INFO - Filling up the DagBag from /usr/local/python/3.12.1/lib/python3.12/site-packages/airflow/example_dags/example_xcomargs.py
[2026-07-02T16:39:46.954+0000] {processor.py:840} INFO - DAG(s) 'example_xcom_args', 'example_xcom_args_with_operators' retrieved from /usr/local/python/3.12.1/lib/python3.12/site-packages/airflow/example_dags/example_xcomargs.py
[2026-07-02T16:39:46.968+0000] {logging_mixin.py:188} INFO - [2026-07-02T16:39:46.968+0000] {dag.py:3089} INFO - Sync 2 DAGs
[2026-07-02T16:39:46.979+0000] {logging_mixin.py:188} INFO - [2026-07-02T16:39:46.979+0000] {dag.py:3947} INFO - Setting next_dagrun for example_xcom_args to None, run_after=None
[2026-07-02T16:39:46.983+0000] {logging_mixin.py:188} INFO - [2026-07-02T16:39:46.983+0000] {dag.py:3947} INFO - Setting next_dagrun for example_xcom_args_with_operators to None, run_after=None
[2026-07-02T16:39:47.001+0000] {processor.py:183} INFO - Processing /usr/local/python/3.12.1/lib/python3.12/site-packages/airflow/example_dags/example_xcomargs.py took 0.061 seconds
[2026-07-02T16:40:37.822+0000] {processor.py:161} INFO - Started process (PID=141287) to work on /usr/local/python/3.12.1/lib/python3.12/site-packages/airflow/example_dags/example_xcomargs.py
[2026-07-02T16:40:37.823+0000] {processor.py:830} INFO - Processing file /usr/local/python/3.12.1/lib/python3.12/site-packages/airflow/example_dags/example_xcomargs.py for tasks to queue
[2026-07-02T16:40:37.824+0000] {logging_mixin.py:188} INFO - [2026-07-02T16:40:37.824+0000] {dagbag.py:545} INFO - Filling up the DagBag from /usr/local/python/3.12.1/lib/python3.12/site-packages/airflow/example_dags/example_xcomargs.py
[2026-07-02T16:40:37.831+0000] {processor.py:840} INFO - DAG(s) 'example_xcom_args', 'example_xcom_args_with_operators' retrieved from /usr/local/python/3.12.1/lib/python3.12/site-packages/airflow/example_dags/example_xcomargs.py
[2026-07-02T16:40:37.845+0000] {logging_mixin.py:188} INFO - [2026-07-02T16:40:37.845+0000] {dag.py:3089} INFO - Sync 2 DAGs
[2026-07-02T16:40:37.854+0000] {logging_mixin.py:188} INFO - [2026-07-02T16:40:37.854+0000] {dag.py:3947} INFO - Setting next_dagrun for example_xcom_args to None, run_after=None
[2026-07-02T16:40:37.857+0000] {logging_mixin.py:188} INFO - [2026-07-02T16:40:37.857+0000] {dag.py:3947} INFO - Setting next_dagrun for example_xcom_args_with_operators to None, run_after=None
[2026-07-02T16:40:37.871+0000] {processor.py:183} INFO - Processing /usr/local/python/3.12.1/lib/python3.12/site-packages/airflow/example_dags/example_xcomargs.py took 0.054 seconds
[2026-07-02T16:41:33.187+0000] {processor.py:161} INFO - Started process (PID=142165) to work on /usr/local/python/3.12.1/lib/python3.12/site-packages/airflow/example_dags/example_xcomargs.py
[2026-07-02T16:41:33.188+0000] {processor.py:830} INFO - Processing file /usr/local/python/3.12.1/lib/python3.12/site-packages/airflow/example_dags/example_xcomargs.py for tasks to queue
[2026-07-02T16:41:33.189+0000] {logging_mixin.py:188} INFO - [2026-07-02T16:41:33.189+0000] {dagbag.py:545} INFO - Filling up the DagBag from /usr/local/python/3.12.1/lib/python3.12/site-packages/airflow/example_dags/example_xcomargs.py
[2026-07-02T16:41:33.198+0000] {processor.py:840} INFO - DAG(s) 'example_xcom_args', 'example_xcom_args_with_operators' retrieved from /usr/local/python/3.12.1/lib/python3.12/site-packages/airflow/example_dags/example_xcomargs.py
[2026-07-02T16:41:33.212+0000] {logging_mixin.py:188} INFO - [2026-07-02T16:41:33.212+0000] {dag.py:3089} INFO - Sync 2 DAGs
[2026-07-02T16:41:33.221+0000] {logging_mixin.py:188} INFO - [2026-07-02T16:41:33.221+0000] {dag.py:3947} INFO - Setting next_dagrun for example_xcom_args to None, run_after=None
[2026-07-02T16:41:33.225+0000] {logging_mixin.py:188} INFO - [2026-07-02T16:41:33.224+0000] {dag.py:3947} INFO - Setting next_dagrun for example_xcom_args_with_operators to None, run_after=None
[2026-07-02T16:41:33.245+0000] {processor.py:183} INFO - Processing /usr/local/python/3.12.1/lib/python3.12/site-packages/airflow/example_dags/example_xcomargs.py took 0.064 seconds
[2026-07-02T16:42:41.889+0000] {processor.py:161} INFO - Started process (PID=143163) to work on /usr/local/python/3.12.1/lib/python3.12/site-packages/airflow/example_dags/example_xcomargs.py
[2026-07-02T16:42:41.892+0000] {processor.py:830} INFO - Processing file /usr/local/python/3.12.1/lib/python3.12/site-packages/airflow/example_dags/example_xcomargs.py for tasks to queue
[2026-07-02T16:42:41.896+0000] {logging_mixin.py:188} INFO - [2026-07-02T16:42:41.895+0000] {dagbag.py:545} INFO - Filling up the DagBag from /usr/local/python/3.12.1/lib/python3.12/site-packages/airflow/example_dags/example_xcomargs.py
[2026-07-02T16:42:41.917+0000] {processor.py:840} INFO - DAG(s) 'example_xcom_args_with_operators', 'example_xcom_args' retrieved from /usr/local/python/3.12.1/lib/python3.12/site-packages/airflow/example_dags/example_xcomargs.py
[2026-07-02T16:42:41.980+0000] {logging_mixin.py:188} INFO - [2026-07-02T16:42:41.980+0000] {dag.py:3089} INFO - Sync 2 DAGs
[2026-07-02T16:42:42.023+0000] {logging_mixin.py:188} INFO - [2026-07-02T16:42:42.022+0000] {dag.py:3947} INFO - Setting next_dagrun for example_xcom_args to None, run_after=None
[2026-07-02T16:42:42.035+0000] {logging_mixin.py:188} INFO - [2026-07-02T16:42:42.035+0000] {dag.py:3947} INFO - Setting next_dagrun for example_xcom_args_with_operators to None, run_after=None
[2026-07-02T16:42:42.194+0000] {processor.py:183} INFO - Processing /usr/local/python/3.12.1/lib/python3.12/site-packages/airflow/example_dags/example_xcomargs.py took 0.323 seconds
[2026-07-02T16:43:46.835+0000] {processor.py:161} INFO - Started process (PID=144181) to work on /usr/local/python/3.12.1/lib/python3.12/site-packages/airflow/example_dags/example_xcomargs.py
[2026-07-02T16:43:46.837+0000] {processor.py:830} INFO - Processing file /usr/local/python/3.12.1/lib/python3.12/site-packages/airflow/example_dags/example_xcomargs.py for tasks to queue
[2026-07-02T16:43:46.839+0000] {logging_mixin.py:188} INFO - [2026-07-02T16:43:46.839+0000] {dagbag.py:545} INFO - Filling up the DagBag from /usr/local/python/3.12.1/lib/python3.12/site-packages/airflow/example_dags/example_xcomargs.py
[2026-07-02T16:43:46.846+0000] {processor.py:840} INFO - DAG(s) 'example_xcom_args', 'example_xcom_args_with_operators' retrieved from /usr/local/python/3.12.1/lib/python3.12/site-packages/airflow/example_dags/example_xcomargs.py
[2026-07-02T16:43:46.860+0000] {logging_mixin.py:188} INFO - [2026-07-02T16:43:46.860+0000] {dag.py:3089} INFO - Sync 2 DAGs
[2026-07-02T16:43:46.873+0000] {logging_mixin.py:188} INFO - [2026-07-02T16:43:46.873+0000] {dag.py:3947} INFO - Setting next_dagrun for example_xcom_args to None, run_after=None
[2026-07-02T16:43:46.877+0000] {logging_mixin.py:188} INFO - [2026-07-02T16:43:46.877+0000] {dag.py:3947} INFO - Setting next_dagrun for example_xcom_args_with_operators to None, run_after=None
[2026-07-02T16:43:46.897+0000] {processor.py:183} INFO - Processing /usr/local/python/3.12.1/lib/python3.12/site-packages/airflow/example_dags/example_xcomargs.py took 0.067 seconds
[2026-07-02T16:44:49.742+0000] {processor.py:161} INFO - Started process (PID=146440) to work on /usr/local/python/3.12.1/lib/python3.12/site-packages/airflow/example_dags/example_xcomargs.py
[2026-07-02T16:44:49.745+0000] {processor.py:830} INFO - Processing file /usr/local/python/3.12.1/lib/python3.12/site-packages/airflow/example_dags/example_xcomargs.py for tasks to queue
[2026-07-02T16:44:49.746+0000] {logging_mixin.py:188} INFO - [2026-07-02T16:44:49.746+0000] {dagbag.py:545} INFO - Filling up the DagBag from /usr/local/python/3.12.1/lib/python3.12/site-packages/airflow/example_dags/example_xcomargs.py
[2026-07-02T16:44:49.754+0000] {processor.py:840} INFO - DAG(s) 'example_xcom_args_with_operators', 'example_xcom_args' retrieved from /usr/local/python/3.12.1/lib/python3.12/site-packages/airflow/example_dags/example_xcomargs.py
[2026-07-02T16:44:49.769+0000] {logging_mixin.py:188} INFO - [2026-07-02T16:44:49.768+0000] {dag.py:3089} INFO - Sync 2 DAGs
[2026-07-02T16:44:49.779+0000] {logging_mixin.py:188} INFO - [2026-07-02T16:44:49.779+0000] {dag.py:3947} INFO - Setting next_dagrun for example_xcom_args to None, run_after=None
[2026-07-02T16:44:49.783+0000] {logging_mixin.py:188} INFO - [2026-07-02T16:44:49.783+0000] {dag.py:3947} INFO - Setting next_dagrun for example_xcom_args_with_operators to None, run_after=None
[2026-07-02T16:44:49.801+0000] {processor.py:183} INFO - Processing /usr/local/python/3.12.1/lib/python3.12/site-packages/airflow/example_dags/example_xcomargs.py took 0.064 seconds
[2026-07-02T16:45:59.085+0000] {processor.py:161} INFO - Started process (PID=148976) to work on /usr/local/python/3.12.1/lib/python3.12/site-packages/airflow/example_dags/example_xcomargs.py
[2026-07-02T16:45:59.091+0000] {processor.py:830} INFO - Processing file /usr/local/python/3.12.1/lib/python3.12/site-packages/airflow/example_dags/example_xcomargs.py for tasks to queue
[2026-07-02T16:45:59.094+0000] {logging_mixin.py:188} INFO - [2026-07-02T16:45:59.093+0000] {dagbag.py:545} INFO - Filling up the DagBag from /usr/local/python/3.12.1/lib/python3.12/site-packages/airflow/example_dags/example_xcomargs.py
[2026-07-02T16:45:59.103+0000] {processor.py:840} INFO - DAG(s) 'example_xcom_args_with_operators', 'example_xcom_args' retrieved from /usr/local/python/3.12.1/lib/python3.12/site-packages/airflow/example_dags/example_xcomargs.py
[2026-07-02T16:45:59.120+0000] {logging_mixin.py:188} INFO - [2026-07-02T16:45:59.120+0000] {dag.py:3089} INFO - Sync 2 DAGs
[2026-07-02T16:45:59.130+0000] {logging_mixin.py:188} INFO - [2026-07-02T16:45:59.130+0000] {dag.py:3947} INFO - Setting next_dagrun for example_xcom_args to None, run_after=None
[2026-07-02T16:45:59.133+0000] {logging_mixin.py:188} INFO - [2026-07-02T16:45:59.133+0000] {dag.py:3947} INFO - Setting next_dagrun for example_xcom_args_with_operators to None, run_after=None
[2026-07-02T16:45:59.148+0000] {processor.py:183} INFO - Processing /usr/local/python/3.12.1/lib/python3.12/site-packages/airflow/example_dags/example_xcomargs.py took 0.069 seconds
[2026-07-02T16:46:53.725+0000] {processor.py:161} INFO - Started process (PID=150993) to work on /usr/local/python/3.12.1/lib/python3.12/site-packages/airflow/example_dags/example_xcomargs.py
[2026-07-02T16:46:53.726+0000] {processor.py:830} INFO - Processing file /usr/local/python/3.12.1/lib/python3.12/site-packages/airflow/example_dags/example_xcomargs.py for tasks to queue
[2026-07-02T16:46:53.727+0000] {logging_mixin.py:188} INFO - [2026-07-02T16:46:53.727+0000] {dagbag.py:545} INFO - Filling up the DagBag from /usr/local/python/3.12.1/lib/python3.12/site-packages/airflow/example_dags/example_xcomargs.py
[2026-07-02T16:46:53.734+0000] {processor.py:840} INFO - DAG(s) 'example_xcom_args', 'example_xcom_args_with_operators' retrieved from /usr/local/python/3.12.1/lib/python3.12/site-packages/airflow/example_dags/example_xcomargs.py
[2026-07-02T16:46:53.751+0000] {logging_mixin.py:188} INFO - [2026-07-02T16:46:53.750+0000] {dag.py:3089} INFO - Sync 2 DAGs
[2026-07-02T16:46:53.764+0000] {logging_mixin.py:188} INFO - [2026-07-02T16:46:53.764+0000] {dag.py:3947} INFO - Setting next_dagrun for example_xcom_args to None, run_after=None
[2026-07-02T16:46:53.767+0000] {logging_mixin.py:188} INFO - [2026-07-02T16:46:53.767+0000] {dag.py:3947} INFO - Setting next_dagrun for example_xcom_args_with_operators to None, run_after=None
[2026-07-02T16:46:53.787+0000] {processor.py:183} INFO - Processing /usr/local/python/3.12.1/lib/python3.12/site-packages/airflow/example_dags/example_xcomargs.py took 0.066 seconds
