[2026-07-02T16:24:39.925+0000] {processor.py:161} INFO - Started process (PID=117926) to work on /usr/local/python/3.12.1/lib/python3.12/site-packages/airflow/example_dags/example_datasets.py
[2026-07-02T16:24:39.926+0000] {processor.py:830} INFO - Processing file /usr/local/python/3.12.1/lib/python3.12/site-packages/airflow/example_dags/example_datasets.py for tasks to queue
[2026-07-02T16:24:39.927+0000] {logging_mixin.py:188} INFO - [2026-07-02T16:24:39.927+0000] {dagbag.py:545} INFO - Filling up the DagBag from /usr/local/python/3.12.1/lib/python3.12/site-packages/airflow/example_dags/example_datasets.py
[2026-07-02T16:24:39.937+0000] {processor.py:840} INFO - DAG(s) 'dataset_consumes_unknown_never_scheduled', 'dataset_consumes_1', 'dataset_produces_2', 'dataset_consumes_1_and_2', 'conditional_dataset_and_time_based_timetable', 'consume_1_or_2_with_dataset_expressions', 'consume_1_or_both_2_and_3_with_dataset_expressions', 'consume_1_and_2_with_dataset_expressions', 'dataset_consumes_1_never_scheduled', 'dataset_produces_1' retrieved from /usr/local/python/3.12.1/lib/python3.12/site-packages/airflow/example_dags/example_datasets.py
[2026-07-02T16:24:40.016+0000] {logging_mixin.py:188} INFO - [2026-07-02T16:24:40.015+0000] {override.py:1858} INFO - Created Permission View: can delete on DAG:dataset_consumes_unknown_never_scheduled
[2026-07-02T16:24:40.024+0000] {logging_mixin.py:188} INFO - [2026-07-02T16:24:40.024+0000] {override.py:1858} INFO - Created Permission View: can read on DAG:dataset_consumes_unknown_never_scheduled
[2026-07-02T16:24:40.031+0000] {logging_mixin.py:188} INFO - [2026-07-02T16:24:40.030+0000] {override.py:1858} INFO - Created Permission View: can edit on DAG:dataset_consumes_unknown_never_scheduled
[2026-07-02T16:24:40.045+0000] {logging_mixin.py:188} INFO - [2026-07-02T16:24:40.044+0000] {override.py:1858} INFO - Created Permission View: can delete on DAG:dataset_consumes_1
[2026-07-02T16:24:40.050+0000] {logging_mixin.py:188} INFO - [2026-07-02T16:24:40.050+0000] {override.py:1858} INFO - Created Permission View: can read on DAG:dataset_consumes_1
[2026-07-02T16:24:40.057+0000] {logging_mixin.py:188} INFO - [2026-07-02T16:24:40.056+0000] {override.py:1858} INFO - Created Permission View: can edit on DAG:dataset_consumes_1
[2026-07-02T16:24:40.068+0000] {logging_mixin.py:188} INFO - [2026-07-02T16:24:40.068+0000] {override.py:1858} INFO - Created Permission View: can delete on DAG:dataset_produces_2
[2026-07-02T16:24:40.074+0000] {logging_mixin.py:188} INFO - [2026-07-02T16:24:40.074+0000] {override.py:1858} INFO - Created Permission View: can read on DAG:dataset_produces_2
[2026-07-02T16:24:40.079+0000] {logging_mixin.py:188} INFO - [2026-07-02T16:24:40.079+0000] {override.py:1858} INFO - Created Permission View: can edit on DAG:dataset_produces_2
[2026-07-02T16:24:40.093+0000] {logging_mixin.py:188} INFO - [2026-07-02T16:24:40.093+0000] {override.py:1858} INFO - Created Permission View: can delete on DAG:dataset_consumes_1_and_2
[2026-07-02T16:24:40.099+0000] {logging_mixin.py:188} INFO - [2026-07-02T16:24:40.098+0000] {override.py:1858} INFO - Created Permission View: can read on DAG:dataset_consumes_1_and_2
[2026-07-02T16:24:40.104+0000] {logging_mixin.py:188} INFO - [2026-07-02T16:24:40.104+0000] {override.py:1858} INFO - Created Permission View: can edit on DAG:dataset_consumes_1_and_2
[2026-07-02T16:24:40.117+0000] {logging_mixin.py:188} INFO - [2026-07-02T16:24:40.117+0000] {override.py:1858} INFO - Created Permission View: can delete on DAG:conditional_dataset_and_time_based_timetable
[2026-07-02T16:24:40.123+0000] {logging_mixin.py:188} INFO - [2026-07-02T16:24:40.123+0000] {override.py:1858} INFO - Created Permission View: can read on DAG:conditional_dataset_and_time_based_timetable
[2026-07-02T16:24:40.129+0000] {logging_mixin.py:188} INFO - [2026-07-02T16:24:40.129+0000] {override.py:1858} INFO - Created Permission View: can edit on DAG:conditional_dataset_and_time_based_timetable
[2026-07-02T16:24:40.142+0000] {logging_mixin.py:188} INFO - [2026-07-02T16:24:40.142+0000] {override.py:1858} INFO - Created Permission View: can delete on DAG:consume_1_or_2_with_dataset_expressions
[2026-07-02T16:24:40.148+0000] {logging_mixin.py:188} INFO - [2026-07-02T16:24:40.147+0000] {override.py:1858} INFO - Created Permission View: can read on DAG:consume_1_or_2_with_dataset_expressions
[2026-07-02T16:24:40.156+0000] {logging_mixin.py:188} INFO - [2026-07-02T16:24:40.155+0000] {override.py:1858} INFO - Created Permission View: can edit on DAG:consume_1_or_2_with_dataset_expressions
[2026-07-02T16:24:40.168+0000] {logging_mixin.py:188} INFO - [2026-07-02T16:24:40.168+0000] {override.py:1858} INFO - Created Permission View: can delete on DAG:consume_1_or_both_2_and_3_with_dataset_expressions
[2026-07-02T16:24:40.174+0000] {logging_mixin.py:188} INFO - [2026-07-02T16:24:40.174+0000] {override.py:1858} INFO - Created Permission View: can read on DAG:consume_1_or_both_2_and_3_with_dataset_expressions
[2026-07-02T16:24:40.180+0000] {logging_mixin.py:188} INFO - [2026-07-02T16:24:40.179+0000] {override.py:1858} INFO - Created Permission View: can edit on DAG:consume_1_or_both_2_and_3_with_dataset_expressions
[2026-07-02T16:24:40.192+0000] {logging_mixin.py:188} INFO - [2026-07-02T16:24:40.192+0000] {override.py:1858} INFO - Created Permission View: can delete on DAG:consume_1_and_2_with_dataset_expressions
[2026-07-02T16:24:40.198+0000] {logging_mixin.py:188} INFO - [2026-07-02T16:24:40.197+0000] {override.py:1858} INFO - Created Permission View: can read on DAG:consume_1_and_2_with_dataset_expressions
[2026-07-02T16:24:40.203+0000] {logging_mixin.py:188} INFO - [2026-07-02T16:24:40.203+0000] {override.py:1858} INFO - Created Permission View: can edit on DAG:consume_1_and_2_with_dataset_expressions
[2026-07-02T16:24:40.216+0000] {logging_mixin.py:188} INFO - [2026-07-02T16:24:40.216+0000] {override.py:1858} INFO - Created Permission View: can delete on DAG:dataset_consumes_1_never_scheduled
[2026-07-02T16:24:40.222+0000] {logging_mixin.py:188} INFO - [2026-07-02T16:24:40.222+0000] {override.py:1858} INFO - Created Permission View: can read on DAG:dataset_consumes_1_never_scheduled
[2026-07-02T16:24:40.228+0000] {logging_mixin.py:188} INFO - [2026-07-02T16:24:40.228+0000] {override.py:1858} INFO - Created Permission View: can edit on DAG:dataset_consumes_1_never_scheduled
[2026-07-02T16:24:40.241+0000] {logging_mixin.py:188} INFO - [2026-07-02T16:24:40.241+0000] {override.py:1858} INFO - Created Permission View: can delete on DAG:dataset_produces_1
[2026-07-02T16:24:40.247+0000] {logging_mixin.py:188} INFO - [2026-07-02T16:24:40.247+0000] {override.py:1858} INFO - Created Permission View: can read on DAG:dataset_produces_1
[2026-07-02T16:24:40.252+0000] {logging_mixin.py:188} INFO - [2026-07-02T16:24:40.252+0000] {override.py:1858} INFO - Created Permission View: can edit on DAG:dataset_produces_1
[2026-07-02T16:24:40.253+0000] {logging_mixin.py:188} INFO - [2026-07-02T16:24:40.253+0000] {dag.py:3089} INFO - Sync 10 DAGs
[2026-07-02T16:24:40.260+0000] {logging_mixin.py:188} INFO - [2026-07-02T16:24:40.260+0000] {dag.py:3111} INFO - Creating ORM DAG for dataset_produces_1
[2026-07-02T16:24:40.261+0000] {logging_mixin.py:188} INFO - [2026-07-02T16:24:40.261+0000] {dag.py:3111} INFO - Creating ORM DAG for dataset_produces_2
[2026-07-02T16:24:40.261+0000] {logging_mixin.py:188} INFO - [2026-07-02T16:24:40.261+0000] {dag.py:3111} INFO - Creating ORM DAG for dataset_consumes_1_never_scheduled
[2026-07-02T16:24:40.262+0000] {logging_mixin.py:188} INFO - [2026-07-02T16:24:40.261+0000] {dag.py:3111} INFO - Creating ORM DAG for conditional_dataset_and_time_based_timetable
[2026-07-02T16:24:40.262+0000] {logging_mixin.py:188} INFO - [2026-07-02T16:24:40.262+0000] {dag.py:3111} INFO - Creating ORM DAG for dataset_consumes_unknown_never_scheduled
[2026-07-02T16:24:40.262+0000] {logging_mixin.py:188} INFO - [2026-07-02T16:24:40.262+0000] {dag.py:3111} INFO - Creating ORM DAG for dataset_consumes_1
[2026-07-02T16:24:40.263+0000] {logging_mixin.py:188} INFO - [2026-07-02T16:24:40.263+0000] {dag.py:3111} INFO - Creating ORM DAG for consume_1_or_both_2_and_3_with_dataset_expressions
[2026-07-02T16:24:40.263+0000] {logging_mixin.py:188} INFO - [2026-07-02T16:24:40.263+0000] {dag.py:3111} INFO - Creating ORM DAG for dataset_consumes_1_and_2
[2026-07-02T16:24:40.264+0000] {logging_mixin.py:188} INFO - [2026-07-02T16:24:40.263+0000] {dag.py:3111} INFO - Creating ORM DAG for consume_1_or_2_with_dataset_expressions
[2026-07-02T16:24:40.264+0000] {logging_mixin.py:188} INFO - [2026-07-02T16:24:40.264+0000] {dag.py:3111} INFO - Creating ORM DAG for consume_1_and_2_with_dataset_expressions
[2026-07-02T16:24:40.273+0000] {logging_mixin.py:188} INFO - [2026-07-02T16:24:40.273+0000] {dag.py:3947} INFO - Setting next_dagrun for conditional_dataset_and_time_based_timetable to 2026-07-01 01:00:00+00:00, run_after=2026-07-01 01:00:00+00:00
[2026-07-02T16:24:40.274+0000] {logging_mixin.py:188} INFO - [2026-07-02T16:24:40.274+0000] {dag.py:3947} INFO - Setting next_dagrun for consume_1_and_2_with_dataset_expressions to None, run_after=None
[2026-07-02T16:24:40.274+0000] {logging_mixin.py:188} INFO - [2026-07-02T16:24:40.274+0000] {dag.py:3947} INFO - Setting next_dagrun for consume_1_or_2_with_dataset_expressions to None, run_after=None
[2026-07-02T16:24:40.275+0000] {logging_mixin.py:188} INFO - [2026-07-02T16:24:40.275+0000] {dag.py:3947} INFO - Setting next_dagrun for consume_1_or_both_2_and_3_with_dataset_expressions to None, run_after=None
[2026-07-02T16:24:40.275+0000] {logging_mixin.py:188} INFO - [2026-07-02T16:24:40.275+0000] {dag.py:3947} INFO - Setting next_dagrun for dataset_consumes_1 to None, run_after=None
[2026-07-02T16:24:40.275+0000] {logging_mixin.py:188} INFO - [2026-07-02T16:24:40.275+0000] {dag.py:3947} INFO - Setting next_dagrun for dataset_consumes_1_and_2 to None, run_after=None
[2026-07-02T16:24:40.276+0000] {logging_mixin.py:188} INFO - [2026-07-02T16:24:40.276+0000] {dag.py:3947} INFO - Setting next_dagrun for dataset_consumes_1_never_scheduled to None, run_after=None
[2026-07-02T16:24:40.276+0000] {logging_mixin.py:188} INFO - [2026-07-02T16:24:40.276+0000] {dag.py:3947} INFO - Setting next_dagrun for dataset_consumes_unknown_never_scheduled to None, run_after=None
[2026-07-02T16:24:40.277+0000] {logging_mixin.py:188} INFO - [2026-07-02T16:24:40.277+0000] {dag.py:3947} INFO - Setting next_dagrun for dataset_produces_1 to 2026-07-01 00:00:00+00:00, run_after=2026-07-02 00:00:00+00:00
[2026-07-02T16:24:40.278+0000] {logging_mixin.py:188} INFO - [2026-07-02T16:24:40.278+0000] {dag.py:3947} INFO - Setting next_dagrun for dataset_produces_2 to None, run_after=None
[2026-07-02T16:24:40.306+0000] {processor.py:183} INFO - Processing /usr/local/python/3.12.1/lib/python3.12/site-packages/airflow/example_dags/example_datasets.py took 0.386 seconds
[2026-07-02T16:25:33.002+0000] {processor.py:161} INFO - Started process (PID=118703) to work on /usr/local/python/3.12.1/lib/python3.12/site-packages/airflow/example_dags/example_datasets.py
[2026-07-02T16:25:33.004+0000] {processor.py:830} INFO - Processing file /usr/local/python/3.12.1/lib/python3.12/site-packages/airflow/example_dags/example_datasets.py for tasks to queue
[2026-07-02T16:25:33.007+0000] {logging_mixin.py:188} INFO - [2026-07-02T16:25:33.006+0000] {dagbag.py:545} INFO - Filling up the DagBag from /usr/local/python/3.12.1/lib/python3.12/site-packages/airflow/example_dags/example_datasets.py
[2026-07-02T16:25:33.034+0000] {processor.py:840} INFO - DAG(s) 'consume_1_or_both_2_and_3_with_dataset_expressions', 'consume_1_and_2_with_dataset_expressions', 'dataset_consumes_1_and_2', 'dataset_produces_2', 'dataset_consumes_1', 'dataset_consumes_unknown_never_scheduled', 'consume_1_or_2_with_dataset_expressions', 'conditional_dataset_and_time_based_timetable', 'dataset_consumes_1_never_scheduled', 'dataset_produces_1' retrieved from /usr/local/python/3.12.1/lib/python3.12/site-packages/airflow/example_dags/example_datasets.py
[2026-07-02T16:25:33.192+0000] {logging_mixin.py:188} INFO - [2026-07-02T16:25:33.192+0000] {dag.py:3089} INFO - Sync 10 DAGs
[2026-07-02T16:25:33.235+0000] {logging_mixin.py:188} INFO - [2026-07-02T16:25:33.235+0000] {dag.py:3947} INFO - Setting next_dagrun for conditional_dataset_and_time_based_timetable to 2026-07-01 01:00:00+00:00, run_after=2026-07-01 01:00:00+00:00
[2026-07-02T16:25:33.246+0000] {logging_mixin.py:188} INFO - [2026-07-02T16:25:33.244+0000] {dag.py:3947} INFO - Setting next_dagrun for consume_1_and_2_with_dataset_expressions to None, run_after=None
[2026-07-02T16:25:33.250+0000] {logging_mixin.py:188} INFO - [2026-07-02T16:25:33.248+0000] {dag.py:3947} INFO - Setting next_dagrun for consume_1_or_2_with_dataset_expressions to None, run_after=None
[2026-07-02T16:25:33.252+0000] {logging_mixin.py:188} INFO - [2026-07-02T16:25:33.252+0000] {dag.py:3947} INFO - Setting next_dagrun for consume_1_or_both_2_and_3_with_dataset_expressions to None, run_after=None
[2026-07-02T16:25:33.254+0000] {logging_mixin.py:188} INFO - [2026-07-02T16:25:33.254+0000] {dag.py:3947} INFO - Setting next_dagrun for dataset_consumes_1 to None, run_after=None
[2026-07-02T16:25:33.258+0000] {logging_mixin.py:188} INFO - [2026-07-02T16:25:33.258+0000] {dag.py:3947} INFO - Setting next_dagrun for dataset_consumes_1_and_2 to None, run_after=None
[2026-07-02T16:25:33.263+0000] {logging_mixin.py:188} INFO - [2026-07-02T16:25:33.263+0000] {dag.py:3947} INFO - Setting next_dagrun for dataset_consumes_1_never_scheduled to None, run_after=None
[2026-07-02T16:25:33.265+0000] {logging_mixin.py:188} INFO - [2026-07-02T16:25:33.265+0000] {dag.py:3947} INFO - Setting next_dagrun for dataset_consumes_unknown_never_scheduled to None, run_after=None
[2026-07-02T16:25:33.271+0000] {logging_mixin.py:188} INFO - [2026-07-02T16:25:33.271+0000] {dag.py:3947} INFO - Setting next_dagrun for dataset_produces_1 to 2026-07-01 00:00:00+00:00, run_after=2026-07-02 00:00:00+00:00
[2026-07-02T16:25:33.274+0000] {logging_mixin.py:188} INFO - [2026-07-02T16:25:33.274+0000] {dag.py:3947} INFO - Setting next_dagrun for dataset_produces_2 to None, run_after=None
[2026-07-02T16:25:33.377+0000] {processor.py:183} INFO - Processing /usr/local/python/3.12.1/lib/python3.12/site-packages/airflow/example_dags/example_datasets.py took 0.390 seconds
[2026-07-02T16:26:29.076+0000] {processor.py:161} INFO - Started process (PID=126311) to work on /usr/local/python/3.12.1/lib/python3.12/site-packages/airflow/example_dags/example_datasets.py
[2026-07-02T16:26:29.078+0000] {processor.py:830} INFO - Processing file /usr/local/python/3.12.1/lib/python3.12/site-packages/airflow/example_dags/example_datasets.py for tasks to queue
[2026-07-02T16:26:29.080+0000] {logging_mixin.py:188} INFO - [2026-07-02T16:26:29.080+0000] {dagbag.py:545} INFO - Filling up the DagBag from /usr/local/python/3.12.1/lib/python3.12/site-packages/airflow/example_dags/example_datasets.py
[2026-07-02T16:26:29.094+0000] {processor.py:840} INFO - DAG(s) 'dataset_consumes_1', 'dataset_consumes_1_and_2', 'dataset_consumes_unknown_never_scheduled', 'conditional_dataset_and_time_based_timetable', 'dataset_produces_2', 'consume_1_or_both_2_and_3_with_dataset_expressions', 'consume_1_and_2_with_dataset_expressions', 'dataset_produces_1', 'consume_1_or_2_with_dataset_expressions', 'dataset_consumes_1_never_scheduled' retrieved from /usr/local/python/3.12.1/lib/python3.12/site-packages/airflow/example_dags/example_datasets.py
[2026-07-02T16:26:29.123+0000] {logging_mixin.py:188} INFO - [2026-07-02T16:26:29.123+0000] {dag.py:3089} INFO - Sync 10 DAGs
[2026-07-02T16:26:29.142+0000] {logging_mixin.py:188} INFO - [2026-07-02T16:26:29.142+0000] {dag.py:3947} INFO - Setting next_dagrun for conditional_dataset_and_time_based_timetable to 2026-07-01 01:00:00+00:00, run_after=2026-07-01 01:00:00+00:00
[2026-07-02T16:26:29.145+0000] {logging_mixin.py:188} INFO - [2026-07-02T16:26:29.145+0000] {dag.py:3947} INFO - Setting next_dagrun for consume_1_and_2_with_dataset_expressions to None, run_after=None
[2026-07-02T16:26:29.146+0000] {logging_mixin.py:188} INFO - [2026-07-02T16:26:29.146+0000] {dag.py:3947} INFO - Setting next_dagrun for consume_1_or_2_with_dataset_expressions to None, run_after=None
[2026-07-02T16:26:29.147+0000] {logging_mixin.py:188} INFO - [2026-07-02T16:26:29.147+0000] {dag.py:3947} INFO - Setting next_dagrun for consume_1_or_both_2_and_3_with_dataset_expressions to None, run_after=None
[2026-07-02T16:26:29.147+0000] {logging_mixin.py:188} INFO - [2026-07-02T16:26:29.147+0000] {dag.py:3947} INFO - Setting next_dagrun for dataset_consumes_1 to None, run_after=None
[2026-07-02T16:26:29.148+0000] {logging_mixin.py:188} INFO - [2026-07-02T16:26:29.148+0000] {dag.py:3947} INFO - Setting next_dagrun for dataset_consumes_1_and_2 to None, run_after=None
[2026-07-02T16:26:29.149+0000] {logging_mixin.py:188} INFO - [2026-07-02T16:26:29.149+0000] {dag.py:3947} INFO - Setting next_dagrun for dataset_consumes_1_never_scheduled to None, run_after=None
[2026-07-02T16:26:29.149+0000] {logging_mixin.py:188} INFO - [2026-07-02T16:26:29.149+0000] {dag.py:3947} INFO - Setting next_dagrun for dataset_consumes_unknown_never_scheduled to None, run_after=None
[2026-07-02T16:26:29.151+0000] {logging_mixin.py:188} INFO - [2026-07-02T16:26:29.151+0000] {dag.py:3947} INFO - Setting next_dagrun for dataset_produces_1 to 2026-07-01 00:00:00+00:00, run_after=2026-07-02 00:00:00+00:00
[2026-07-02T16:26:29.152+0000] {logging_mixin.py:188} INFO - [2026-07-02T16:26:29.152+0000] {dag.py:3947} INFO - Setting next_dagrun for dataset_produces_2 to None, run_after=None
[2026-07-02T16:26:29.176+0000] {processor.py:183} INFO - Processing /usr/local/python/3.12.1/lib/python3.12/site-packages/airflow/example_dags/example_datasets.py took 0.105 seconds
[2026-07-02T16:27:41.235+0000] {processor.py:161} INFO - Started process (PID=128410) to work on /usr/local/python/3.12.1/lib/python3.12/site-packages/airflow/example_dags/example_datasets.py
[2026-07-02T16:27:41.236+0000] {processor.py:830} INFO - Processing file /usr/local/python/3.12.1/lib/python3.12/site-packages/airflow/example_dags/example_datasets.py for tasks to queue
[2026-07-02T16:27:41.237+0000] {logging_mixin.py:188} INFO - [2026-07-02T16:27:41.237+0000] {dagbag.py:545} INFO - Filling up the DagBag from /usr/local/python/3.12.1/lib/python3.12/site-packages/airflow/example_dags/example_datasets.py
[2026-07-02T16:27:41.254+0000] {processor.py:840} INFO - DAG(s) 'dataset_consumes_1_never_scheduled', 'consume_1_and_2_with_dataset_expressions', 'dataset_consumes_unknown_never_scheduled', 'consume_1_or_both_2_and_3_with_dataset_expressions', 'conditional_dataset_and_time_based_timetable', 'dataset_produces_1', 'consume_1_or_2_with_dataset_expressions', 'dataset_produces_2', 'dataset_consumes_1', 'dataset_consumes_1_and_2' retrieved from /usr/local/python/3.12.1/lib/python3.12/site-packages/airflow/example_dags/example_datasets.py
[2026-07-02T16:27:41.290+0000] {logging_mixin.py:188} INFO - [2026-07-02T16:27:41.289+0000] {dag.py:3089} INFO - Sync 10 DAGs
[2026-07-02T16:27:41.309+0000] {logging_mixin.py:188} INFO - [2026-07-02T16:27:41.309+0000] {dag.py:3947} INFO - Setting next_dagrun for conditional_dataset_and_time_based_timetable to 2026-07-01 01:00:00+00:00, run_after=2026-07-01 01:00:00+00:00
[2026-07-02T16:27:41.312+0000] {logging_mixin.py:188} INFO - [2026-07-02T16:27:41.312+0000] {dag.py:3947} INFO - Setting next_dagrun for consume_1_and_2_with_dataset_expressions to None, run_after=None
[2026-07-02T16:27:41.313+0000] {logging_mixin.py:188} INFO - [2026-07-02T16:27:41.313+0000] {dag.py:3947} INFO - Setting next_dagrun for consume_1_or_2_with_dataset_expressions to None, run_after=None
[2026-07-02T16:27:41.314+0000] {logging_mixin.py:188} INFO - [2026-07-02T16:27:41.314+0000] {dag.py:3947} INFO - Setting next_dagrun for consume_1_or_both_2_and_3_with_dataset_expressions to None, run_after=None
[2026-07-02T16:27:41.315+0000] {logging_mixin.py:188} INFO - [2026-07-02T16:27:41.315+0000] {dag.py:3947} INFO - Setting next_dagrun for dataset_consumes_1 to None, run_after=None
[2026-07-02T16:27:41.316+0000] {logging_mixin.py:188} INFO - [2026-07-02T16:27:41.316+0000] {dag.py:3947} INFO - Setting next_dagrun for dataset_consumes_1_and_2 to None, run_after=None
[2026-07-02T16:27:41.318+0000] {logging_mixin.py:188} INFO - [2026-07-02T16:27:41.317+0000] {dag.py:3947} INFO - Setting next_dagrun for dataset_consumes_1_never_scheduled to None, run_after=None
[2026-07-02T16:27:41.319+0000] {logging_mixin.py:188} INFO - [2026-07-02T16:27:41.319+0000] {dag.py:3947} INFO - Setting next_dagrun for dataset_consumes_unknown_never_scheduled to None, run_after=None
[2026-07-02T16:27:41.322+0000] {logging_mixin.py:188} INFO - [2026-07-02T16:27:41.321+0000] {dag.py:3947} INFO - Setting next_dagrun for dataset_produces_1 to 2026-07-01 00:00:00+00:00, run_after=2026-07-02 00:00:00+00:00
[2026-07-02T16:27:41.323+0000] {logging_mixin.py:188} INFO - [2026-07-02T16:27:41.323+0000] {dag.py:3947} INFO - Setting next_dagrun for dataset_produces_2 to None, run_after=None
[2026-07-02T16:27:41.353+0000] {processor.py:183} INFO - Processing /usr/local/python/3.12.1/lib/python3.12/site-packages/airflow/example_dags/example_datasets.py took 0.122 seconds
[2026-07-02T16:28:38.436+0000] {processor.py:161} INFO - Started process (PID=129238) to work on /usr/local/python/3.12.1/lib/python3.12/site-packages/airflow/example_dags/example_datasets.py
[2026-07-02T16:28:38.443+0000] {processor.py:830} INFO - Processing file /usr/local/python/3.12.1/lib/python3.12/site-packages/airflow/example_dags/example_datasets.py for tasks to queue
[2026-07-02T16:28:38.449+0000] {logging_mixin.py:188} INFO - [2026-07-02T16:28:38.448+0000] {dagbag.py:545} INFO - Filling up the DagBag from /usr/local/python/3.12.1/lib/python3.12/site-packages/airflow/example_dags/example_datasets.py
[2026-07-02T16:28:38.518+0000] {processor.py:840} INFO - DAG(s) 'dataset_consumes_1_never_scheduled', 'dataset_produces_1', 'conditional_dataset_and_time_based_timetable', 'dataset_produces_2', 'consume_1_and_2_with_dataset_expressions', 'dataset_consumes_1', 'consume_1_or_2_with_dataset_expressions', 'dataset_consumes_unknown_never_scheduled', 'dataset_consumes_1_and_2', 'consume_1_or_both_2_and_3_with_dataset_expressions' retrieved from /usr/local/python/3.12.1/lib/python3.12/site-packages/airflow/example_dags/example_datasets.py
[2026-07-02T16:28:38.593+0000] {logging_mixin.py:188} INFO - [2026-07-02T16:28:38.593+0000] {dag.py:3089} INFO - Sync 10 DAGs
[2026-07-02T16:28:38.954+0000] {logging_mixin.py:188} INFO - [2026-07-02T16:28:38.954+0000] {dag.py:3947} INFO - Setting next_dagrun for conditional_dataset_and_time_based_timetable to 2026-07-01 01:00:00+00:00, run_after=2026-07-01 01:00:00+00:00
[2026-07-02T16:28:38.958+0000] {logging_mixin.py:188} INFO - [2026-07-02T16:28:38.958+0000] {dag.py:3947} INFO - Setting next_dagrun for consume_1_and_2_with_dataset_expressions to None, run_after=None
[2026-07-02T16:28:38.960+0000] {logging_mixin.py:188} INFO - [2026-07-02T16:28:38.959+0000] {dag.py:3947} INFO - Setting next_dagrun for consume_1_or_2_with_dataset_expressions to None, run_after=None
[2026-07-02T16:28:38.961+0000] {logging_mixin.py:188} INFO - [2026-07-02T16:28:38.961+0000] {dag.py:3947} INFO - Setting next_dagrun for consume_1_or_both_2_and_3_with_dataset_expressions to None, run_after=None
[2026-07-02T16:28:38.962+0000] {logging_mixin.py:188} INFO - [2026-07-02T16:28:38.962+0000] {dag.py:3947} INFO - Setting next_dagrun for dataset_consumes_1 to None, run_after=None
[2026-07-02T16:28:38.963+0000] {logging_mixin.py:188} INFO - [2026-07-02T16:28:38.963+0000] {dag.py:3947} INFO - Setting next_dagrun for dataset_consumes_1_and_2 to None, run_after=None
[2026-07-02T16:28:38.964+0000] {logging_mixin.py:188} INFO - [2026-07-02T16:28:38.964+0000] {dag.py:3947} INFO - Setting next_dagrun for dataset_consumes_1_never_scheduled to None, run_after=None
[2026-07-02T16:28:38.965+0000] {logging_mixin.py:188} INFO - [2026-07-02T16:28:38.965+0000] {dag.py:3947} INFO - Setting next_dagrun for dataset_consumes_unknown_never_scheduled to None, run_after=None
[2026-07-02T16:28:38.968+0000] {logging_mixin.py:188} INFO - [2026-07-02T16:28:38.967+0000] {dag.py:3947} INFO - Setting next_dagrun for dataset_produces_1 to 2026-07-01 00:00:00+00:00, run_after=2026-07-02 00:00:00+00:00
[2026-07-02T16:28:38.970+0000] {logging_mixin.py:188} INFO - [2026-07-02T16:28:38.970+0000] {dag.py:3947} INFO - Setting next_dagrun for dataset_produces_2 to None, run_after=None
[2026-07-02T16:28:39.063+0000] {processor.py:183} INFO - Processing /usr/local/python/3.12.1/lib/python3.12/site-packages/airflow/example_dags/example_datasets.py took 0.640 seconds
[2026-07-02T16:29:41.678+0000] {processor.py:161} INFO - Started process (PID=130021) to work on /usr/local/python/3.12.1/lib/python3.12/site-packages/airflow/example_dags/example_datasets.py
[2026-07-02T16:29:41.679+0000] {processor.py:830} INFO - Processing file /usr/local/python/3.12.1/lib/python3.12/site-packages/airflow/example_dags/example_datasets.py for tasks to queue
[2026-07-02T16:29:41.681+0000] {logging_mixin.py:188} INFO - [2026-07-02T16:29:41.680+0000] {dagbag.py:545} INFO - Filling up the DagBag from /usr/local/python/3.12.1/lib/python3.12/site-packages/airflow/example_dags/example_datasets.py
[2026-07-02T16:29:41.695+0000] {processor.py:840} INFO - DAG(s) 'dataset_consumes_unknown_never_scheduled', 'consume_1_or_both_2_and_3_with_dataset_expressions', 'dataset_consumes_1_and_2', 'dataset_consumes_1_never_scheduled', 'consume_1_and_2_with_dataset_expressions', 'dataset_produces_2', 'conditional_dataset_and_time_based_timetable', 'dataset_consumes_1', 'consume_1_or_2_with_dataset_expressions', 'dataset_produces_1' retrieved from /usr/local/python/3.12.1/lib/python3.12/site-packages/airflow/example_dags/example_datasets.py
[2026-07-02T16:29:41.738+0000] {logging_mixin.py:188} INFO - [2026-07-02T16:29:41.738+0000] {dag.py:3089} INFO - Sync 10 DAGs
[2026-07-02T16:29:41.767+0000] {logging_mixin.py:188} INFO - [2026-07-02T16:29:41.766+0000] {dag.py:3947} INFO - Setting next_dagrun for conditional_dataset_and_time_based_timetable to 2026-07-01 01:00:00+00:00, run_after=2026-07-01 01:00:00+00:00
[2026-07-02T16:29:41.771+0000] {logging_mixin.py:188} INFO - [2026-07-02T16:29:41.771+0000] {dag.py:3947} INFO - Setting next_dagrun for consume_1_and_2_with_dataset_expressions to None, run_after=None
[2026-07-02T16:29:41.772+0000] {logging_mixin.py:188} INFO - [2026-07-02T16:29:41.772+0000] {dag.py:3947} INFO - Setting next_dagrun for consume_1_or_2_with_dataset_expressions to None, run_after=None
[2026-07-02T16:29:41.773+0000] {logging_mixin.py:188} INFO - [2026-07-02T16:29:41.773+0000] {dag.py:3947} INFO - Setting next_dagrun for consume_1_or_both_2_and_3_with_dataset_expressions to None, run_after=None
[2026-07-02T16:29:41.774+0000] {logging_mixin.py:188} INFO - [2026-07-02T16:29:41.774+0000] {dag.py:3947} INFO - Setting next_dagrun for dataset_consumes_1 to None, run_after=None
[2026-07-02T16:29:41.776+0000] {logging_mixin.py:188} INFO - [2026-07-02T16:29:41.775+0000] {dag.py:3947} INFO - Setting next_dagrun for dataset_consumes_1_and_2 to None, run_after=None
[2026-07-02T16:29:41.777+0000] {logging_mixin.py:188} INFO - [2026-07-02T16:29:41.776+0000] {dag.py:3947} INFO - Setting next_dagrun for dataset_consumes_1_never_scheduled to None, run_after=None
[2026-07-02T16:29:41.778+0000] {logging_mixin.py:188} INFO - [2026-07-02T16:29:41.778+0000] {dag.py:3947} INFO - Setting next_dagrun for dataset_consumes_unknown_never_scheduled to None, run_after=None
[2026-07-02T16:29:41.780+0000] {logging_mixin.py:188} INFO - [2026-07-02T16:29:41.780+0000] {dag.py:3947} INFO - Setting next_dagrun for dataset_produces_1 to 2026-07-01 00:00:00+00:00, run_after=2026-07-02 00:00:00+00:00
[2026-07-02T16:29:41.781+0000] {logging_mixin.py:188} INFO - [2026-07-02T16:29:41.781+0000] {dag.py:3947} INFO - Setting next_dagrun for dataset_produces_2 to None, run_after=None
[2026-07-02T16:29:41.820+0000] {processor.py:183} INFO - Processing /usr/local/python/3.12.1/lib/python3.12/site-packages/airflow/example_dags/example_datasets.py took 0.149 seconds
[2026-07-02T16:30:37.254+0000] {processor.py:161} INFO - Started process (PID=130671) to work on /usr/local/python/3.12.1/lib/python3.12/site-packages/airflow/example_dags/example_datasets.py
[2026-07-02T16:30:37.255+0000] {processor.py:830} INFO - Processing file /usr/local/python/3.12.1/lib/python3.12/site-packages/airflow/example_dags/example_datasets.py for tasks to queue
[2026-07-02T16:30:37.263+0000] {logging_mixin.py:188} INFO - [2026-07-02T16:30:37.262+0000] {dagbag.py:545} INFO - Filling up the DagBag from /usr/local/python/3.12.1/lib/python3.12/site-packages/airflow/example_dags/example_datasets.py
[2026-07-02T16:30:37.273+0000] {processor.py:840} INFO - DAG(s) 'dataset_consumes_1', 'dataset_produces_1', 'dataset_consumes_1_and_2', 'consume_1_or_both_2_and_3_with_dataset_expressions', 'dataset_consumes_unknown_never_scheduled', 'consume_1_or_2_with_dataset_expressions', 'conditional_dataset_and_time_based_timetable', 'dataset_produces_2', 'dataset_consumes_1_never_scheduled', 'consume_1_and_2_with_dataset_expressions' retrieved from /usr/local/python/3.12.1/lib/python3.12/site-packages/airflow/example_dags/example_datasets.py
[2026-07-02T16:30:37.307+0000] {logging_mixin.py:188} INFO - [2026-07-02T16:30:37.307+0000] {dag.py:3089} INFO - Sync 10 DAGs
[2026-07-02T16:30:37.326+0000] {logging_mixin.py:188} INFO - [2026-07-02T16:30:37.325+0000] {dag.py:3947} INFO - Setting next_dagrun for conditional_dataset_and_time_based_timetable to 2026-07-01 01:00:00+00:00, run_after=2026-07-01 01:00:00+00:00
[2026-07-02T16:30:37.328+0000] {logging_mixin.py:188} INFO - [2026-07-02T16:30:37.328+0000] {dag.py:3947} INFO - Setting next_dagrun for consume_1_and_2_with_dataset_expressions to None, run_after=None
[2026-07-02T16:30:37.329+0000] {logging_mixin.py:188} INFO - [2026-07-02T16:30:37.329+0000] {dag.py:3947} INFO - Setting next_dagrun for consume_1_or_2_with_dataset_expressions to None, run_after=None
[2026-07-02T16:30:37.330+0000] {logging_mixin.py:188} INFO - [2026-07-02T16:30:37.330+0000] {dag.py:3947} INFO - Setting next_dagrun for consume_1_or_both_2_and_3_with_dataset_expressions to None, run_after=None
[2026-07-02T16:30:37.331+0000] {logging_mixin.py:188} INFO - [2026-07-02T16:30:37.331+0000] {dag.py:3947} INFO - Setting next_dagrun for dataset_consumes_1 to None, run_after=None
[2026-07-02T16:30:37.331+0000] {logging_mixin.py:188} INFO - [2026-07-02T16:30:37.331+0000] {dag.py:3947} INFO - Setting next_dagrun for dataset_consumes_1_and_2 to None, run_after=None
[2026-07-02T16:30:37.332+0000] {logging_mixin.py:188} INFO - [2026-07-02T16:30:37.332+0000] {dag.py:3947} INFO - Setting next_dagrun for dataset_consumes_1_never_scheduled to None, run_after=None
[2026-07-02T16:30:37.333+0000] {logging_mixin.py:188} INFO - [2026-07-02T16:30:37.333+0000] {dag.py:3947} INFO - Setting next_dagrun for dataset_consumes_unknown_never_scheduled to None, run_after=None
[2026-07-02T16:30:37.334+0000] {logging_mixin.py:188} INFO - [2026-07-02T16:30:37.334+0000] {dag.py:3947} INFO - Setting next_dagrun for dataset_produces_1 to 2026-07-01 00:00:00+00:00, run_after=2026-07-02 00:00:00+00:00
[2026-07-02T16:30:37.335+0000] {logging_mixin.py:188} INFO - [2026-07-02T16:30:37.335+0000] {dag.py:3947} INFO - Setting next_dagrun for dataset_produces_2 to None, run_after=None
[2026-07-02T16:30:37.359+0000] {processor.py:183} INFO - Processing /usr/local/python/3.12.1/lib/python3.12/site-packages/airflow/example_dags/example_datasets.py took 0.109 seconds
[2026-07-02T16:31:49.289+0000] {processor.py:161} INFO - Started process (PID=131447) to work on /usr/local/python/3.12.1/lib/python3.12/site-packages/airflow/example_dags/example_datasets.py
[2026-07-02T16:31:49.290+0000] {processor.py:830} INFO - Processing file /usr/local/python/3.12.1/lib/python3.12/site-packages/airflow/example_dags/example_datasets.py for tasks to queue
[2026-07-02T16:31:49.292+0000] {logging_mixin.py:188} INFO - [2026-07-02T16:31:49.291+0000] {dagbag.py:545} INFO - Filling up the DagBag from /usr/local/python/3.12.1/lib/python3.12/site-packages/airflow/example_dags/example_datasets.py
[2026-07-02T16:31:49.302+0000] {processor.py:840} INFO - DAG(s) 'dataset_consumes_1_and_2', 'dataset_produces_2', 'consume_1_and_2_with_dataset_expressions', 'dataset_consumes_1_never_scheduled', 'consume_1_or_2_with_dataset_expressions', 'dataset_consumes_unknown_never_scheduled', 'consume_1_or_both_2_and_3_with_dataset_expressions', 'conditional_dataset_and_time_based_timetable', 'dataset_consumes_1', 'dataset_produces_1' retrieved from /usr/local/python/3.12.1/lib/python3.12/site-packages/airflow/example_dags/example_datasets.py
[2026-07-02T16:31:49.331+0000] {logging_mixin.py:188} INFO - [2026-07-02T16:31:49.331+0000] {dag.py:3089} INFO - Sync 10 DAGs
[2026-07-02T16:31:49.363+0000] {logging_mixin.py:188} INFO - [2026-07-02T16:31:49.363+0000] {dag.py:3947} INFO - Setting next_dagrun for conditional_dataset_and_time_based_timetable to 2026-07-01 01:00:00+00:00, run_after=2026-07-01 01:00:00+00:00
[2026-07-02T16:31:49.367+0000] {logging_mixin.py:188} INFO - [2026-07-02T16:31:49.367+0000] {dag.py:3947} INFO - Setting next_dagrun for consume_1_and_2_with_dataset_expressions to None, run_after=None
[2026-07-02T16:31:49.369+0000] {logging_mixin.py:188} INFO - [2026-07-02T16:31:49.368+0000] {dag.py:3947} INFO - Setting next_dagrun for consume_1_or_2_with_dataset_expressions to None, run_after=None
[2026-07-02T16:31:49.370+0000] {logging_mixin.py:188} INFO - [2026-07-02T16:31:49.370+0000] {dag.py:3947} INFO - Setting next_dagrun for consume_1_or_both_2_and_3_with_dataset_expressions to None, run_after=None
[2026-07-02T16:31:49.371+0000] {logging_mixin.py:188} INFO - [2026-07-02T16:31:49.371+0000] {dag.py:3947} INFO - Setting next_dagrun for dataset_consumes_1 to None, run_after=None
[2026-07-02T16:31:49.372+0000] {logging_mixin.py:188} INFO - [2026-07-02T16:31:49.372+0000] {dag.py:3947} INFO - Setting next_dagrun for dataset_consumes_1_and_2 to None, run_after=None
[2026-07-02T16:31:49.373+0000] {logging_mixin.py:188} INFO - [2026-07-02T16:31:49.373+0000] {dag.py:3947} INFO - Setting next_dagrun for dataset_consumes_1_never_scheduled to None, run_after=None
[2026-07-02T16:31:49.374+0000] {logging_mixin.py:188} INFO - [2026-07-02T16:31:49.374+0000] {dag.py:3947} INFO - Setting next_dagrun for dataset_consumes_unknown_never_scheduled to None, run_after=None
[2026-07-02T16:31:49.377+0000] {logging_mixin.py:188} INFO - [2026-07-02T16:31:49.376+0000] {dag.py:3947} INFO - Setting next_dagrun for dataset_produces_1 to 2026-07-01 00:00:00+00:00, run_after=2026-07-02 00:00:00+00:00
[2026-07-02T16:31:49.378+0000] {logging_mixin.py:188} INFO - [2026-07-02T16:31:49.377+0000] {dag.py:3947} INFO - Setting next_dagrun for dataset_produces_2 to None, run_after=None
[2026-07-02T16:31:49.451+0000] {processor.py:183} INFO - Processing /usr/local/python/3.12.1/lib/python3.12/site-packages/airflow/example_dags/example_datasets.py took 0.168 seconds
[2026-07-02T16:33:02.251+0000] {processor.py:161} INFO - Started process (PID=133421) to work on /usr/local/python/3.12.1/lib/python3.12/site-packages/airflow/example_dags/example_datasets.py
[2026-07-02T16:33:02.252+0000] {processor.py:830} INFO - Processing file /usr/local/python/3.12.1/lib/python3.12/site-packages/airflow/example_dags/example_datasets.py for tasks to queue
[2026-07-02T16:33:02.253+0000] {logging_mixin.py:188} INFO - [2026-07-02T16:33:02.253+0000] {dagbag.py:545} INFO - Filling up the DagBag from /usr/local/python/3.12.1/lib/python3.12/site-packages/airflow/example_dags/example_datasets.py
[2026-07-02T16:33:02.264+0000] {processor.py:840} INFO - DAG(s) 'dataset_consumes_1', 'dataset_consumes_1_never_scheduled', 'dataset_produces_1', 'consume_1_or_both_2_and_3_with_dataset_expressions', 'dataset_produces_2', 'dataset_consumes_1_and_2', 'conditional_dataset_and_time_based_timetable', 'dataset_consumes_unknown_never_scheduled', 'consume_1_or_2_with_dataset_expressions', 'consume_1_and_2_with_dataset_expressions' retrieved from /usr/local/python/3.12.1/lib/python3.12/site-packages/airflow/example_dags/example_datasets.py
[2026-07-02T16:33:02.299+0000] {logging_mixin.py:188} INFO - [2026-07-02T16:33:02.298+0000] {dag.py:3089} INFO - Sync 10 DAGs
[2026-07-02T16:33:02.316+0000] {logging_mixin.py:188} INFO - [2026-07-02T16:33:02.315+0000] {dag.py:3947} INFO - Setting next_dagrun for conditional_dataset_and_time_based_timetable to 2026-07-01 01:00:00+00:00, run_after=2026-07-01 01:00:00+00:00
[2026-07-02T16:33:02.318+0000] {logging_mixin.py:188} INFO - [2026-07-02T16:33:02.318+0000] {dag.py:3947} INFO - Setting next_dagrun for consume_1_and_2_with_dataset_expressions to None, run_after=None
[2026-07-02T16:33:02.319+0000] {logging_mixin.py:188} INFO - [2026-07-02T16:33:02.319+0000] {dag.py:3947} INFO - Setting next_dagrun for consume_1_or_2_with_dataset_expressions to None, run_after=None
[2026-07-02T16:33:02.320+0000] {logging_mixin.py:188} INFO - [2026-07-02T16:33:02.320+0000] {dag.py:3947} INFO - Setting next_dagrun for consume_1_or_both_2_and_3_with_dataset_expressions to None, run_after=None
[2026-07-02T16:33:02.321+0000] {logging_mixin.py:188} INFO - [2026-07-02T16:33:02.321+0000] {dag.py:3947} INFO - Setting next_dagrun for dataset_consumes_1 to None, run_after=None
[2026-07-02T16:33:02.321+0000] {logging_mixin.py:188} INFO - [2026-07-02T16:33:02.321+0000] {dag.py:3947} INFO - Setting next_dagrun for dataset_consumes_1_and_2 to None, run_after=None
[2026-07-02T16:33:02.322+0000] {logging_mixin.py:188} INFO - [2026-07-02T16:33:02.322+0000] {dag.py:3947} INFO - Setting next_dagrun for dataset_consumes_1_never_scheduled to None, run_after=None
[2026-07-02T16:33:02.323+0000] {logging_mixin.py:188} INFO - [2026-07-02T16:33:02.323+0000] {dag.py:3947} INFO - Setting next_dagrun for dataset_consumes_unknown_never_scheduled to None, run_after=None
[2026-07-02T16:33:02.324+0000] {logging_mixin.py:188} INFO - [2026-07-02T16:33:02.324+0000] {dag.py:3947} INFO - Setting next_dagrun for dataset_produces_1 to 2026-07-01 00:00:00+00:00, run_after=2026-07-02 00:00:00+00:00
[2026-07-02T16:33:02.325+0000] {logging_mixin.py:188} INFO - [2026-07-02T16:33:02.325+0000] {dag.py:3947} INFO - Setting next_dagrun for dataset_produces_2 to None, run_after=None
[2026-07-02T16:33:02.347+0000] {processor.py:183} INFO - Processing /usr/local/python/3.12.1/lib/python3.12/site-packages/airflow/example_dags/example_datasets.py took 0.100 seconds
[2026-07-02T16:33:53.913+0000] {processor.py:161} INFO - Started process (PID=134030) to work on /usr/local/python/3.12.1/lib/python3.12/site-packages/airflow/example_dags/example_datasets.py
[2026-07-02T16:33:53.914+0000] {processor.py:830} INFO - Processing file /usr/local/python/3.12.1/lib/python3.12/site-packages/airflow/example_dags/example_datasets.py for tasks to queue
[2026-07-02T16:33:53.916+0000] {logging_mixin.py:188} INFO - [2026-07-02T16:33:53.916+0000] {dagbag.py:545} INFO - Filling up the DagBag from /usr/local/python/3.12.1/lib/python3.12/site-packages/airflow/example_dags/example_datasets.py
[2026-07-02T16:33:53.927+0000] {processor.py:840} INFO - DAG(s) 'dataset_consumes_1_never_scheduled', 'dataset_consumes_1_and_2', 'consume_1_and_2_with_dataset_expressions', 'dataset_produces_1', 'consume_1_or_both_2_and_3_with_dataset_expressions', 'conditional_dataset_and_time_based_timetable', 'dataset_produces_2', 'dataset_consumes_unknown_never_scheduled', 'consume_1_or_2_with_dataset_expressions', 'dataset_consumes_1' retrieved from /usr/local/python/3.12.1/lib/python3.12/site-packages/airflow/example_dags/example_datasets.py
[2026-07-02T16:33:53.955+0000] {logging_mixin.py:188} INFO - [2026-07-02T16:33:53.955+0000] {dag.py:3089} INFO - Sync 10 DAGs
[2026-07-02T16:33:53.989+0000] {logging_mixin.py:188} INFO - [2026-07-02T16:33:53.989+0000] {dag.py:3947} INFO - Setting next_dagrun for conditional_dataset_and_time_based_timetable to 2026-07-01 01:00:00+00:00, run_after=2026-07-01 01:00:00+00:00
[2026-07-02T16:33:53.997+0000] {logging_mixin.py:188} INFO - [2026-07-02T16:33:53.997+0000] {dag.py:3947} INFO - Setting next_dagrun for consume_1_and_2_with_dataset_expressions to None, run_after=None
[2026-07-02T16:33:53.998+0000] {logging_mixin.py:188} INFO - [2026-07-02T16:33:53.998+0000] {dag.py:3947} INFO - Setting next_dagrun for consume_1_or_2_with_dataset_expressions to None, run_after=None
[2026-07-02T16:33:53.999+0000] {logging_mixin.py:188} INFO - [2026-07-02T16:33:53.999+0000] {dag.py:3947} INFO - Setting next_dagrun for consume_1_or_both_2_and_3_with_dataset_expressions to None, run_after=None
[2026-07-02T16:33:54.000+0000] {logging_mixin.py:188} INFO - [2026-07-02T16:33:53.999+0000] {dag.py:3947} INFO - Setting next_dagrun for dataset_consumes_1 to None, run_after=None
[2026-07-02T16:33:54.001+0000] {logging_mixin.py:188} INFO - [2026-07-02T16:33:54.000+0000] {dag.py:3947} INFO - Setting next_dagrun for dataset_consumes_1_and_2 to None, run_after=None
[2026-07-02T16:33:54.002+0000] {logging_mixin.py:188} INFO - [2026-07-02T16:33:54.001+0000] {dag.py:3947} INFO - Setting next_dagrun for dataset_consumes_1_never_scheduled to None, run_after=None
[2026-07-02T16:33:54.003+0000] {logging_mixin.py:188} INFO - [2026-07-02T16:33:54.002+0000] {dag.py:3947} INFO - Setting next_dagrun for dataset_consumes_unknown_never_scheduled to None, run_after=None
[2026-07-02T16:33:54.005+0000] {logging_mixin.py:188} INFO - [2026-07-02T16:33:54.005+0000] {dag.py:3947} INFO - Setting next_dagrun for dataset_produces_1 to 2026-07-01 00:00:00+00:00, run_after=2026-07-02 00:00:00+00:00
[2026-07-02T16:33:54.006+0000] {logging_mixin.py:188} INFO - [2026-07-02T16:33:54.006+0000] {dag.py:3947} INFO - Setting next_dagrun for dataset_produces_2 to None, run_after=None
[2026-07-02T16:33:54.030+0000] {processor.py:183} INFO - Processing /usr/local/python/3.12.1/lib/python3.12/site-packages/airflow/example_dags/example_datasets.py took 0.123 seconds
[2026-07-02T16:35:07.114+0000] {processor.py:161} INFO - Started process (PID=134981) to work on /usr/local/python/3.12.1/lib/python3.12/site-packages/airflow/example_dags/example_datasets.py
[2026-07-02T16:35:07.115+0000] {processor.py:830} INFO - Processing file /usr/local/python/3.12.1/lib/python3.12/site-packages/airflow/example_dags/example_datasets.py for tasks to queue
[2026-07-02T16:35:07.117+0000] {logging_mixin.py:188} INFO - [2026-07-02T16:35:07.116+0000] {dagbag.py:545} INFO - Filling up the DagBag from /usr/local/python/3.12.1/lib/python3.12/site-packages/airflow/example_dags/example_datasets.py
[2026-07-02T16:35:07.129+0000] {processor.py:840} INFO - DAG(s) 'dataset_produces_1', 'consume_1_and_2_with_dataset_expressions', 'dataset_consumes_unknown_never_scheduled', 'conditional_dataset_and_time_based_timetable', 'dataset_consumes_1', 'dataset_consumes_1_and_2', 'dataset_produces_2', 'consume_1_or_both_2_and_3_with_dataset_expressions', 'dataset_consumes_1_never_scheduled', 'consume_1_or_2_with_dataset_expressions' retrieved from /usr/local/python/3.12.1/lib/python3.12/site-packages/airflow/example_dags/example_datasets.py
[2026-07-02T16:35:07.158+0000] {logging_mixin.py:188} INFO - [2026-07-02T16:35:07.158+0000] {dag.py:3089} INFO - Sync 10 DAGs
[2026-07-02T16:35:07.177+0000] {logging_mixin.py:188} INFO - [2026-07-02T16:35:07.177+0000] {dag.py:3947} INFO - Setting next_dagrun for conditional_dataset_and_time_based_timetable to 2026-07-01 01:00:00+00:00, run_after=2026-07-01 01:00:00+00:00
[2026-07-02T16:35:07.181+0000] {logging_mixin.py:188} INFO - [2026-07-02T16:35:07.181+0000] {dag.py:3947} INFO - Setting next_dagrun for consume_1_and_2_with_dataset_expressions to None, run_after=None
[2026-07-02T16:35:07.182+0000] {logging_mixin.py:188} INFO - [2026-07-02T16:35:07.182+0000] {dag.py:3947} INFO - Setting next_dagrun for consume_1_or_2_with_dataset_expressions to None, run_after=None
[2026-07-02T16:35:07.183+0000] {logging_mixin.py:188} INFO - [2026-07-02T16:35:07.183+0000] {dag.py:3947} INFO - Setting next_dagrun for consume_1_or_both_2_and_3_with_dataset_expressions to None, run_after=None
[2026-07-02T16:35:07.184+0000] {logging_mixin.py:188} INFO - [2026-07-02T16:35:07.184+0000] {dag.py:3947} INFO - Setting next_dagrun for dataset_consumes_1 to None, run_after=None
[2026-07-02T16:35:07.185+0000] {logging_mixin.py:188} INFO - [2026-07-02T16:35:07.185+0000] {dag.py:3947} INFO - Setting next_dagrun for dataset_consumes_1_and_2 to None, run_after=None
[2026-07-02T16:35:07.186+0000] {logging_mixin.py:188} INFO - [2026-07-02T16:35:07.186+0000] {dag.py:3947} INFO - Setting next_dagrun for dataset_consumes_1_never_scheduled to None, run_after=None
[2026-07-02T16:35:07.187+0000] {logging_mixin.py:188} INFO - [2026-07-02T16:35:07.187+0000] {dag.py:3947} INFO - Setting next_dagrun for dataset_consumes_unknown_never_scheduled to None, run_after=None
[2026-07-02T16:35:07.189+0000] {logging_mixin.py:188} INFO - [2026-07-02T16:35:07.189+0000] {dag.py:3947} INFO - Setting next_dagrun for dataset_produces_1 to 2026-07-01 00:00:00+00:00, run_after=2026-07-02 00:00:00+00:00
[2026-07-02T16:35:07.190+0000] {logging_mixin.py:188} INFO - [2026-07-02T16:35:07.190+0000] {dag.py:3947} INFO - Setting next_dagrun for dataset_produces_2 to None, run_after=None
[2026-07-02T16:35:07.213+0000] {processor.py:183} INFO - Processing /usr/local/python/3.12.1/lib/python3.12/site-packages/airflow/example_dags/example_datasets.py took 0.104 seconds
[2026-07-02T16:36:02.683+0000] {processor.py:161} INFO - Started process (PID=136456) to work on /usr/local/python/3.12.1/lib/python3.12/site-packages/airflow/example_dags/example_datasets.py
[2026-07-02T16:36:02.684+0000] {processor.py:830} INFO - Processing file /usr/local/python/3.12.1/lib/python3.12/site-packages/airflow/example_dags/example_datasets.py for tasks to queue
[2026-07-02T16:36:02.686+0000] {logging_mixin.py:188} INFO - [2026-07-02T16:36:02.686+0000] {dagbag.py:545} INFO - Filling up the DagBag from /usr/local/python/3.12.1/lib/python3.12/site-packages/airflow/example_dags/example_datasets.py
[2026-07-02T16:36:02.699+0000] {processor.py:840} INFO - DAG(s) 'dataset_consumes_1_never_scheduled', 'dataset_consumes_unknown_never_scheduled', 'dataset_produces_1', 'consume_1_or_2_with_dataset_expressions', 'consume_1_or_both_2_and_3_with_dataset_expressions', 'conditional_dataset_and_time_based_timetable', 'consume_1_and_2_with_dataset_expressions', 'dataset_consumes_1_and_2', 'dataset_produces_2', 'dataset_consumes_1' retrieved from /usr/local/python/3.12.1/lib/python3.12/site-packages/airflow/example_dags/example_datasets.py
[2026-07-02T16:36:02.729+0000] {logging_mixin.py:188} INFO - [2026-07-02T16:36:02.728+0000] {dag.py:3089} INFO - Sync 10 DAGs
[2026-07-02T16:36:02.748+0000] {logging_mixin.py:188} INFO - [2026-07-02T16:36:02.748+0000] {dag.py:3947} INFO - Setting next_dagrun for conditional_dataset_and_time_based_timetable to 2026-07-01 01:00:00+00:00, run_after=2026-07-01 01:00:00+00:00
[2026-07-02T16:36:02.751+0000] {logging_mixin.py:188} INFO - [2026-07-02T16:36:02.751+0000] {dag.py:3947} INFO - Setting next_dagrun for consume_1_and_2_with_dataset_expressions to None, run_after=None
[2026-07-02T16:36:02.752+0000] {logging_mixin.py:188} INFO - [2026-07-02T16:36:02.752+0000] {dag.py:3947} INFO - Setting next_dagrun for consume_1_or_2_with_dataset_expressions to None, run_after=None
[2026-07-02T16:36:02.752+0000] {logging_mixin.py:188} INFO - [2026-07-02T16:36:02.752+0000] {dag.py:3947} INFO - Setting next_dagrun for consume_1_or_both_2_and_3_with_dataset_expressions to None, run_after=None
[2026-07-02T16:36:02.753+0000] {logging_mixin.py:188} INFO - [2026-07-02T16:36:02.753+0000] {dag.py:3947} INFO - Setting next_dagrun for dataset_consumes_1 to None, run_after=None
[2026-07-02T16:36:02.754+0000] {logging_mixin.py:188} INFO - [2026-07-02T16:36:02.754+0000] {dag.py:3947} INFO - Setting next_dagrun for dataset_consumes_1_and_2 to None, run_after=None
[2026-07-02T16:36:02.755+0000] {logging_mixin.py:188} INFO - [2026-07-02T16:36:02.755+0000] {dag.py:3947} INFO - Setting next_dagrun for dataset_consumes_1_never_scheduled to None, run_after=None
[2026-07-02T16:36:02.755+0000] {logging_mixin.py:188} INFO - [2026-07-02T16:36:02.755+0000] {dag.py:3947} INFO - Setting next_dagrun for dataset_consumes_unknown_never_scheduled to None, run_after=None
[2026-07-02T16:36:02.757+0000] {logging_mixin.py:188} INFO - [2026-07-02T16:36:02.757+0000] {dag.py:3947} INFO - Setting next_dagrun for dataset_produces_1 to 2026-07-01 00:00:00+00:00, run_after=2026-07-02 00:00:00+00:00
[2026-07-02T16:36:02.758+0000] {logging_mixin.py:188} INFO - [2026-07-02T16:36:02.758+0000] {dag.py:3947} INFO - Setting next_dagrun for dataset_produces_2 to None, run_after=None
[2026-07-02T16:36:02.783+0000] {processor.py:183} INFO - Processing /usr/local/python/3.12.1/lib/python3.12/site-packages/airflow/example_dags/example_datasets.py took 0.106 seconds
[2026-07-02T16:36:55.196+0000] {processor.py:161} INFO - Started process (PID=137144) to work on /usr/local/python/3.12.1/lib/python3.12/site-packages/airflow/example_dags/example_datasets.py
[2026-07-02T16:36:55.199+0000] {processor.py:830} INFO - Processing file /usr/local/python/3.12.1/lib/python3.12/site-packages/airflow/example_dags/example_datasets.py for tasks to queue
[2026-07-02T16:36:55.204+0000] {logging_mixin.py:188} INFO - [2026-07-02T16:36:55.203+0000] {dagbag.py:545} INFO - Filling up the DagBag from /usr/local/python/3.12.1/lib/python3.12/site-packages/airflow/example_dags/example_datasets.py
[2026-07-02T16:36:55.230+0000] {processor.py:840} INFO - DAG(s) 'dataset_produces_1', 'consume_1_and_2_with_dataset_expressions', 'dataset_consumes_1_never_scheduled', 'consume_1_or_both_2_and_3_with_dataset_expressions', 'dataset_produces_2', 'dataset_consumes_1_and_2', 'dataset_consumes_1', 'dataset_consumes_unknown_never_scheduled', 'consume_1_or_2_with_dataset_expressions', 'conditional_dataset_and_time_based_timetable' retrieved from /usr/local/python/3.12.1/lib/python3.12/site-packages/airflow/example_dags/example_datasets.py
[2026-07-02T16:36:55.320+0000] {logging_mixin.py:188} INFO - [2026-07-02T16:36:55.319+0000] {dag.py:3089} INFO - Sync 10 DAGs
[2026-07-02T16:36:55.404+0000] {logging_mixin.py:188} INFO - [2026-07-02T16:36:55.400+0000] {dag.py:3947} INFO - Setting next_dagrun for conditional_dataset_and_time_based_timetable to 2026-07-01 01:00:00+00:00, run_after=2026-07-01 01:00:00+00:00
[2026-07-02T16:36:55.427+0000] {logging_mixin.py:188} INFO - [2026-07-02T16:36:55.422+0000] {dag.py:3947} INFO - Setting next_dagrun for consume_1_and_2_with_dataset_expressions to None, run_after=None
[2026-07-02T16:36:55.429+0000] {logging_mixin.py:188} INFO - [2026-07-02T16:36:55.429+0000] {dag.py:3947} INFO - Setting next_dagrun for consume_1_or_2_with_dataset_expressions to None, run_after=None
[2026-07-02T16:36:55.434+0000] {logging_mixin.py:188} INFO - [2026-07-02T16:36:55.434+0000] {dag.py:3947} INFO - Setting next_dagrun for consume_1_or_both_2_and_3_with_dataset_expressions to None, run_after=None
[2026-07-02T16:36:55.437+0000] {logging_mixin.py:188} INFO - [2026-07-02T16:36:55.437+0000] {dag.py:3947} INFO - Setting next_dagrun for dataset_consumes_1 to None, run_after=None
[2026-07-02T16:36:55.442+0000] {logging_mixin.py:188} INFO - [2026-07-02T16:36:55.442+0000] {dag.py:3947} INFO - Setting next_dagrun for dataset_consumes_1_and_2 to None, run_after=None
[2026-07-02T16:36:55.449+0000] {logging_mixin.py:188} INFO - [2026-07-02T16:36:55.445+0000] {dag.py:3947} INFO - Setting next_dagrun for dataset_consumes_1_never_scheduled to None, run_after=None
[2026-07-02T16:36:55.451+0000] {logging_mixin.py:188} INFO - [2026-07-02T16:36:55.450+0000] {dag.py:3947} INFO - Setting next_dagrun for dataset_consumes_unknown_never_scheduled to None, run_after=None
[2026-07-02T16:36:55.462+0000] {logging_mixin.py:188} INFO - [2026-07-02T16:36:55.462+0000] {dag.py:3947} INFO - Setting next_dagrun for dataset_produces_1 to 2026-07-01 00:00:00+00:00, run_after=2026-07-02 00:00:00+00:00
[2026-07-02T16:36:55.467+0000] {logging_mixin.py:188} INFO - [2026-07-02T16:36:55.463+0000] {dag.py:3947} INFO - Setting next_dagrun for dataset_produces_2 to None, run_after=None
[2026-07-02T16:36:55.569+0000] {processor.py:183} INFO - Processing /usr/local/python/3.12.1/lib/python3.12/site-packages/airflow/example_dags/example_datasets.py took 0.390 seconds
[2026-07-02T16:38:02.441+0000] {processor.py:161} INFO - Started process (PID=138713) to work on /usr/local/python/3.12.1/lib/python3.12/site-packages/airflow/example_dags/example_datasets.py
[2026-07-02T16:38:02.443+0000] {processor.py:830} INFO - Processing file /usr/local/python/3.12.1/lib/python3.12/site-packages/airflow/example_dags/example_datasets.py for tasks to queue
[2026-07-02T16:38:02.444+0000] {logging_mixin.py:188} INFO - [2026-07-02T16:38:02.444+0000] {dagbag.py:545} INFO - Filling up the DagBag from /usr/local/python/3.12.1/lib/python3.12/site-packages/airflow/example_dags/example_datasets.py
[2026-07-02T16:38:02.454+0000] {processor.py:840} INFO - DAG(s) 'dataset_consumes_1_never_scheduled', 'conditional_dataset_and_time_based_timetable', 'dataset_produces_2', 'dataset_consumes_unknown_never_scheduled', 'dataset_consumes_1_and_2', 'consume_1_or_2_with_dataset_expressions', 'dataset_consumes_1', 'consume_1_or_both_2_and_3_with_dataset_expressions', 'consume_1_and_2_with_dataset_expressions', 'dataset_produces_1' retrieved from /usr/local/python/3.12.1/lib/python3.12/site-packages/airflow/example_dags/example_datasets.py
[2026-07-02T16:38:02.485+0000] {logging_mixin.py:188} INFO - [2026-07-02T16:38:02.485+0000] {dag.py:3089} INFO - Sync 10 DAGs
[2026-07-02T16:38:02.507+0000] {logging_mixin.py:188} INFO - [2026-07-02T16:38:02.507+0000] {dag.py:3947} INFO - Setting next_dagrun for conditional_dataset_and_time_based_timetable to 2026-07-01 01:00:00+00:00, run_after=2026-07-01 01:00:00+00:00
[2026-07-02T16:38:02.510+0000] {logging_mixin.py:188} INFO - [2026-07-02T16:38:02.510+0000] {dag.py:3947} INFO - Setting next_dagrun for consume_1_and_2_with_dataset_expressions to None, run_after=None
[2026-07-02T16:38:02.511+0000] {logging_mixin.py:188} INFO - [2026-07-02T16:38:02.511+0000] {dag.py:3947} INFO - Setting next_dagrun for consume_1_or_2_with_dataset_expressions to None, run_after=None
[2026-07-02T16:38:02.511+0000] {logging_mixin.py:188} INFO - [2026-07-02T16:38:02.511+0000] {dag.py:3947} INFO - Setting next_dagrun for consume_1_or_both_2_and_3_with_dataset_expressions to None, run_after=None
[2026-07-02T16:38:02.512+0000] {logging_mixin.py:188} INFO - [2026-07-02T16:38:02.512+0000] {dag.py:3947} INFO - Setting next_dagrun for dataset_consumes_1 to None, run_after=None
[2026-07-02T16:38:02.513+0000] {logging_mixin.py:188} INFO - [2026-07-02T16:38:02.513+0000] {dag.py:3947} INFO - Setting next_dagrun for dataset_consumes_1_and_2 to None, run_after=None
[2026-07-02T16:38:02.514+0000] {logging_mixin.py:188} INFO - [2026-07-02T16:38:02.514+0000] {dag.py:3947} INFO - Setting next_dagrun for dataset_consumes_1_never_scheduled to None, run_after=None
[2026-07-02T16:38:02.515+0000] {logging_mixin.py:188} INFO - [2026-07-02T16:38:02.514+0000] {dag.py:3947} INFO - Setting next_dagrun for dataset_consumes_unknown_never_scheduled to None, run_after=None
[2026-07-02T16:38:02.516+0000] {logging_mixin.py:188} INFO - [2026-07-02T16:38:02.516+0000] {dag.py:3947} INFO - Setting next_dagrun for dataset_produces_1 to 2026-07-01 00:00:00+00:00, run_after=2026-07-02 00:00:00+00:00
[2026-07-02T16:38:02.517+0000] {logging_mixin.py:188} INFO - [2026-07-02T16:38:02.517+0000] {dag.py:3947} INFO - Setting next_dagrun for dataset_produces_2 to None, run_after=None
[2026-07-02T16:38:02.545+0000] {processor.py:183} INFO - Processing /usr/local/python/3.12.1/lib/python3.12/site-packages/airflow/example_dags/example_datasets.py took 0.108 seconds
[2026-07-02T16:39:08.268+0000] {processor.py:161} INFO - Started process (PID=140015) to work on /usr/local/python/3.12.1/lib/python3.12/site-packages/airflow/example_dags/example_datasets.py
[2026-07-02T16:39:08.269+0000] {processor.py:830} INFO - Processing file /usr/local/python/3.12.1/lib/python3.12/site-packages/airflow/example_dags/example_datasets.py for tasks to queue
[2026-07-02T16:39:08.271+0000] {logging_mixin.py:188} INFO - [2026-07-02T16:39:08.270+0000] {dagbag.py:545} INFO - Filling up the DagBag from /usr/local/python/3.12.1/lib/python3.12/site-packages/airflow/example_dags/example_datasets.py
[2026-07-02T16:39:08.283+0000] {processor.py:840} INFO - DAG(s) 'dataset_consumes_1_never_scheduled', 'dataset_produces_2', 'conditional_dataset_and_time_based_timetable', 'dataset_consumes_1_and_2', 'dataset_consumes_unknown_never_scheduled', 'dataset_consumes_1', 'consume_1_or_both_2_and_3_with_dataset_expressions', 'dataset_produces_1', 'consume_1_or_2_with_dataset_expressions', 'consume_1_and_2_with_dataset_expressions' retrieved from /usr/local/python/3.12.1/lib/python3.12/site-packages/airflow/example_dags/example_datasets.py
[2026-07-02T16:39:08.335+0000] {logging_mixin.py:188} INFO - [2026-07-02T16:39:08.333+0000] {dag.py:3089} INFO - Sync 10 DAGs
[2026-07-02T16:39:08.456+0000] {logging_mixin.py:188} INFO - [2026-07-02T16:39:08.453+0000] {dag.py:3947} INFO - Setting next_dagrun for conditional_dataset_and_time_based_timetable to 2026-07-01 01:00:00+00:00, run_after=2026-07-01 01:00:00+00:00
[2026-07-02T16:39:08.476+0000] {logging_mixin.py:188} INFO - [2026-07-02T16:39:08.473+0000] {dag.py:3947} INFO - Setting next_dagrun for consume_1_and_2_with_dataset_expressions to None, run_after=None
[2026-07-02T16:39:08.484+0000] {logging_mixin.py:188} INFO - [2026-07-02T16:39:08.483+0000] {dag.py:3947} INFO - Setting next_dagrun for consume_1_or_2_with_dataset_expressions to None, run_after=None
[2026-07-02T16:39:08.489+0000] {logging_mixin.py:188} INFO - [2026-07-02T16:39:08.489+0000] {dag.py:3947} INFO - Setting next_dagrun for consume_1_or_both_2_and_3_with_dataset_expressions to None, run_after=None
[2026-07-02T16:39:08.503+0000] {logging_mixin.py:188} INFO - [2026-07-02T16:39:08.499+0000] {dag.py:3947} INFO - Setting next_dagrun for dataset_consumes_1 to None, run_after=None
[2026-07-02T16:39:08.507+0000] {logging_mixin.py:188} INFO - [2026-07-02T16:39:08.506+0000] {dag.py:3947} INFO - Setting next_dagrun for dataset_consumes_1_and_2 to None, run_after=None
[2026-07-02T16:39:08.515+0000] {logging_mixin.py:188} INFO - [2026-07-02T16:39:08.515+0000] {dag.py:3947} INFO - Setting next_dagrun for dataset_consumes_1_never_scheduled to None, run_after=None
[2026-07-02T16:39:08.521+0000] {logging_mixin.py:188} INFO - [2026-07-02T16:39:08.520+0000] {dag.py:3947} INFO - Setting next_dagrun for dataset_consumes_unknown_never_scheduled to None, run_after=None
[2026-07-02T16:39:08.532+0000] {logging_mixin.py:188} INFO - [2026-07-02T16:39:08.531+0000] {dag.py:3947} INFO - Setting next_dagrun for dataset_produces_1 to 2026-07-01 00:00:00+00:00, run_after=2026-07-02 00:00:00+00:00
[2026-07-02T16:39:08.538+0000] {logging_mixin.py:188} INFO - [2026-07-02T16:39:08.537+0000] {dag.py:3947} INFO - Setting next_dagrun for dataset_produces_2 to None, run_after=None
[2026-07-02T16:39:08.654+0000] {processor.py:183} INFO - Processing /usr/local/python/3.12.1/lib/python3.12/site-packages/airflow/example_dags/example_datasets.py took 0.390 seconds
[2026-07-02T16:40:15.959+0000] {processor.py:161} INFO - Started process (PID=140915) to work on /usr/local/python/3.12.1/lib/python3.12/site-packages/airflow/example_dags/example_datasets.py
[2026-07-02T16:40:15.960+0000] {processor.py:830} INFO - Processing file /usr/local/python/3.12.1/lib/python3.12/site-packages/airflow/example_dags/example_datasets.py for tasks to queue
[2026-07-02T16:40:15.962+0000] {logging_mixin.py:188} INFO - [2026-07-02T16:40:15.962+0000] {dagbag.py:545} INFO - Filling up the DagBag from /usr/local/python/3.12.1/lib/python3.12/site-packages/airflow/example_dags/example_datasets.py
[2026-07-02T16:40:15.982+0000] {processor.py:840} INFO - DAG(s) 'consume_1_or_2_with_dataset_expressions', 'dataset_produces_2', 'dataset_consumes_1_and_2', 'dataset_consumes_unknown_never_scheduled', 'dataset_consumes_1', 'dataset_consumes_1_never_scheduled', 'consume_1_and_2_with_dataset_expressions', 'dataset_produces_1', 'conditional_dataset_and_time_based_timetable', 'consume_1_or_both_2_and_3_with_dataset_expressions' retrieved from /usr/local/python/3.12.1/lib/python3.12/site-packages/airflow/example_dags/example_datasets.py
[2026-07-02T16:40:16.049+0000] {logging_mixin.py:188} INFO - [2026-07-02T16:40:16.048+0000] {dag.py:3089} INFO - Sync 10 DAGs
[2026-07-02T16:40:16.094+0000] {logging_mixin.py:188} INFO - [2026-07-02T16:40:16.094+0000] {dag.py:3947} INFO - Setting next_dagrun for conditional_dataset_and_time_based_timetable to 2026-07-01 01:00:00+00:00, run_after=2026-07-01 01:00:00+00:00
[2026-07-02T16:40:16.100+0000] {logging_mixin.py:188} INFO - [2026-07-02T16:40:16.100+0000] {dag.py:3947} INFO - Setting next_dagrun for consume_1_and_2_with_dataset_expressions to None, run_after=None
[2026-07-02T16:40:16.102+0000] {logging_mixin.py:188} INFO - [2026-07-02T16:40:16.102+0000] {dag.py:3947} INFO - Setting next_dagrun for consume_1_or_2_with_dataset_expressions to None, run_after=None
[2026-07-02T16:40:16.103+0000] {logging_mixin.py:188} INFO - [2026-07-02T16:40:16.103+0000] {dag.py:3947} INFO - Setting next_dagrun for consume_1_or_both_2_and_3_with_dataset_expressions to None, run_after=None
[2026-07-02T16:40:16.105+0000] {logging_mixin.py:188} INFO - [2026-07-02T16:40:16.104+0000] {dag.py:3947} INFO - Setting next_dagrun for dataset_consumes_1 to None, run_after=None
[2026-07-02T16:40:16.106+0000] {logging_mixin.py:188} INFO - [2026-07-02T16:40:16.106+0000] {dag.py:3947} INFO - Setting next_dagrun for dataset_consumes_1_and_2 to None, run_after=None
[2026-07-02T16:40:16.107+0000] {logging_mixin.py:188} INFO - [2026-07-02T16:40:16.107+0000] {dag.py:3947} INFO - Setting next_dagrun for dataset_consumes_1_never_scheduled to None, run_after=None
[2026-07-02T16:40:16.109+0000] {logging_mixin.py:188} INFO - [2026-07-02T16:40:16.109+0000] {dag.py:3947} INFO - Setting next_dagrun for dataset_consumes_unknown_never_scheduled to None, run_after=None
[2026-07-02T16:40:16.120+0000] {logging_mixin.py:188} INFO - [2026-07-02T16:40:16.120+0000] {dag.py:3947} INFO - Setting next_dagrun for dataset_produces_1 to 2026-07-01 00:00:00+00:00, run_after=2026-07-02 00:00:00+00:00
[2026-07-02T16:40:16.124+0000] {logging_mixin.py:188} INFO - [2026-07-02T16:40:16.123+0000] {dag.py:3947} INFO - Setting next_dagrun for dataset_produces_2 to None, run_after=None
[2026-07-02T16:40:16.248+0000] {processor.py:183} INFO - Processing /usr/local/python/3.12.1/lib/python3.12/site-packages/airflow/example_dags/example_datasets.py took 0.298 seconds
[2026-07-02T16:41:14.762+0000] {processor.py:161} INFO - Started process (PID=141893) to work on /usr/local/python/3.12.1/lib/python3.12/site-packages/airflow/example_dags/example_datasets.py
[2026-07-02T16:41:14.764+0000] {processor.py:830} INFO - Processing file /usr/local/python/3.12.1/lib/python3.12/site-packages/airflow/example_dags/example_datasets.py for tasks to queue
[2026-07-02T16:41:14.768+0000] {logging_mixin.py:188} INFO - [2026-07-02T16:41:14.767+0000] {dagbag.py:545} INFO - Filling up the DagBag from /usr/local/python/3.12.1/lib/python3.12/site-packages/airflow/example_dags/example_datasets.py
[2026-07-02T16:41:14.783+0000] {processor.py:840} INFO - DAG(s) 'dataset_consumes_1_and_2', 'dataset_produces_1', 'consume_1_and_2_with_dataset_expressions', 'consume_1_or_both_2_and_3_with_dataset_expressions', 'dataset_consumes_1_never_scheduled', 'dataset_consumes_unknown_never_scheduled', 'dataset_consumes_1', 'conditional_dataset_and_time_based_timetable', 'consume_1_or_2_with_dataset_expressions', 'dataset_produces_2' retrieved from /usr/local/python/3.12.1/lib/python3.12/site-packages/airflow/example_dags/example_datasets.py
[2026-07-02T16:41:14.829+0000] {logging_mixin.py:188} INFO - [2026-07-02T16:41:14.829+0000] {dag.py:3089} INFO - Sync 10 DAGs
[2026-07-02T16:41:14.856+0000] {logging_mixin.py:188} INFO - [2026-07-02T16:41:14.856+0000] {dag.py:3947} INFO - Setting next_dagrun for conditional_dataset_and_time_based_timetable to 2026-07-01 01:00:00+00:00, run_after=2026-07-01 01:00:00+00:00
[2026-07-02T16:41:14.860+0000] {logging_mixin.py:188} INFO - [2026-07-02T16:41:14.860+0000] {dag.py:3947} INFO - Setting next_dagrun for consume_1_and_2_with_dataset_expressions to None, run_after=None
[2026-07-02T16:41:14.862+0000] {logging_mixin.py:188} INFO - [2026-07-02T16:41:14.862+0000] {dag.py:3947} INFO - Setting next_dagrun for consume_1_or_2_with_dataset_expressions to None, run_after=None
[2026-07-02T16:41:14.863+0000] {logging_mixin.py:188} INFO - [2026-07-02T16:41:14.863+0000] {dag.py:3947} INFO - Setting next_dagrun for consume_1_or_both_2_and_3_with_dataset_expressions to None, run_after=None
[2026-07-02T16:41:14.864+0000] {logging_mixin.py:188} INFO - [2026-07-02T16:41:14.864+0000] {dag.py:3947} INFO - Setting next_dagrun for dataset_consumes_1 to None, run_after=None
[2026-07-02T16:41:14.865+0000] {logging_mixin.py:188} INFO - [2026-07-02T16:41:14.865+0000] {dag.py:3947} INFO - Setting next_dagrun for dataset_consumes_1_and_2 to None, run_after=None
[2026-07-02T16:41:14.866+0000] {logging_mixin.py:188} INFO - [2026-07-02T16:41:14.866+0000] {dag.py:3947} INFO - Setting next_dagrun for dataset_consumes_1_never_scheduled to None, run_after=None
[2026-07-02T16:41:14.867+0000] {logging_mixin.py:188} INFO - [2026-07-02T16:41:14.867+0000] {dag.py:3947} INFO - Setting next_dagrun for dataset_consumes_unknown_never_scheduled to None, run_after=None
[2026-07-02T16:41:14.870+0000] {logging_mixin.py:188} INFO - [2026-07-02T16:41:14.870+0000] {dag.py:3947} INFO - Setting next_dagrun for dataset_produces_1 to 2026-07-01 00:00:00+00:00, run_after=2026-07-02 00:00:00+00:00
[2026-07-02T16:41:14.871+0000] {logging_mixin.py:188} INFO - [2026-07-02T16:41:14.871+0000] {dag.py:3947} INFO - Setting next_dagrun for dataset_produces_2 to None, run_after=None
[2026-07-02T16:41:14.907+0000] {processor.py:183} INFO - Processing /usr/local/python/3.12.1/lib/python3.12/site-packages/airflow/example_dags/example_datasets.py took 0.165 seconds
[2026-07-02T16:42:14.061+0000] {processor.py:161} INFO - Started process (PID=142761) to work on /usr/local/python/3.12.1/lib/python3.12/site-packages/airflow/example_dags/example_datasets.py
[2026-07-02T16:42:14.090+0000] {processor.py:830} INFO - Processing file /usr/local/python/3.12.1/lib/python3.12/site-packages/airflow/example_dags/example_datasets.py for tasks to queue
[2026-07-02T16:42:14.092+0000] {logging_mixin.py:188} INFO - [2026-07-02T16:42:14.091+0000] {dagbag.py:545} INFO - Filling up the DagBag from /usr/local/python/3.12.1/lib/python3.12/site-packages/airflow/example_dags/example_datasets.py
[2026-07-02T16:42:14.108+0000] {processor.py:840} INFO - DAG(s) 'dataset_consumes_1_never_scheduled', 'dataset_consumes_1', 'dataset_produces_2', 'consume_1_or_2_with_dataset_expressions', 'dataset_consumes_1_and_2', 'dataset_produces_1', 'consume_1_and_2_with_dataset_expressions', 'conditional_dataset_and_time_based_timetable', 'dataset_consumes_unknown_never_scheduled', 'consume_1_or_both_2_and_3_with_dataset_expressions' retrieved from /usr/local/python/3.12.1/lib/python3.12/site-packages/airflow/example_dags/example_datasets.py
[2026-07-02T16:42:14.148+0000] {logging_mixin.py:188} INFO - [2026-07-02T16:42:14.148+0000] {dag.py:3089} INFO - Sync 10 DAGs
[2026-07-02T16:42:14.178+0000] {logging_mixin.py:188} INFO - [2026-07-02T16:42:14.177+0000] {dag.py:3947} INFO - Setting next_dagrun for conditional_dataset_and_time_based_timetable to 2026-07-01 01:00:00+00:00, run_after=2026-07-01 01:00:00+00:00
[2026-07-02T16:42:14.182+0000] {logging_mixin.py:188} INFO - [2026-07-02T16:42:14.182+0000] {dag.py:3947} INFO - Setting next_dagrun for consume_1_and_2_with_dataset_expressions to None, run_after=None
[2026-07-02T16:42:14.183+0000] {logging_mixin.py:188} INFO - [2026-07-02T16:42:14.183+0000] {dag.py:3947} INFO - Setting next_dagrun for consume_1_or_2_with_dataset_expressions to None, run_after=None
[2026-07-02T16:42:14.184+0000] {logging_mixin.py:188} INFO - [2026-07-02T16:42:14.184+0000] {dag.py:3947} INFO - Setting next_dagrun for consume_1_or_both_2_and_3_with_dataset_expressions to None, run_after=None
[2026-07-02T16:42:14.186+0000] {logging_mixin.py:188} INFO - [2026-07-02T16:42:14.186+0000] {dag.py:3947} INFO - Setting next_dagrun for dataset_consumes_1 to None, run_after=None
[2026-07-02T16:42:14.188+0000] {logging_mixin.py:188} INFO - [2026-07-02T16:42:14.187+0000] {dag.py:3947} INFO - Setting next_dagrun for dataset_consumes_1_and_2 to None, run_after=None
[2026-07-02T16:42:14.189+0000] {logging_mixin.py:188} INFO - [2026-07-02T16:42:14.188+0000] {dag.py:3947} INFO - Setting next_dagrun for dataset_consumes_1_never_scheduled to None, run_after=None
[2026-07-02T16:42:14.190+0000] {logging_mixin.py:188} INFO - [2026-07-02T16:42:14.190+0000] {dag.py:3947} INFO - Setting next_dagrun for dataset_consumes_unknown_never_scheduled to None, run_after=None
[2026-07-02T16:42:14.192+0000] {logging_mixin.py:188} INFO - [2026-07-02T16:42:14.192+0000] {dag.py:3947} INFO - Setting next_dagrun for dataset_produces_1 to 2026-07-01 00:00:00+00:00, run_after=2026-07-02 00:00:00+00:00
[2026-07-02T16:42:14.194+0000] {logging_mixin.py:188} INFO - [2026-07-02T16:42:14.193+0000] {dag.py:3947} INFO - Setting next_dagrun for dataset_produces_2 to None, run_after=None
[2026-07-02T16:42:14.234+0000] {processor.py:183} INFO - Processing /usr/local/python/3.12.1/lib/python3.12/site-packages/airflow/example_dags/example_datasets.py took 0.179 seconds
[2026-07-02T16:43:30.851+0000] {processor.py:161} INFO - Started process (PID=143925) to work on /usr/local/python/3.12.1/lib/python3.12/site-packages/airflow/example_dags/example_datasets.py
[2026-07-02T16:43:30.853+0000] {processor.py:830} INFO - Processing file /usr/local/python/3.12.1/lib/python3.12/site-packages/airflow/example_dags/example_datasets.py for tasks to queue
[2026-07-02T16:43:30.855+0000] {logging_mixin.py:188} INFO - [2026-07-02T16:43:30.855+0000] {dagbag.py:545} INFO - Filling up the DagBag from /usr/local/python/3.12.1/lib/python3.12/site-packages/airflow/example_dags/example_datasets.py
[2026-07-02T16:43:30.872+0000] {processor.py:840} INFO - DAG(s) 'consume_1_or_both_2_and_3_with_dataset_expressions', 'dataset_consumes_1_never_scheduled', 'dataset_produces_1', 'consume_1_and_2_with_dataset_expressions', 'dataset_consumes_1_and_2', 'dataset_consumes_unknown_never_scheduled', 'conditional_dataset_and_time_based_timetable', 'dataset_consumes_1', 'dataset_produces_2', 'consume_1_or_2_with_dataset_expressions' retrieved from /usr/local/python/3.12.1/lib/python3.12/site-packages/airflow/example_dags/example_datasets.py
[2026-07-02T16:43:30.924+0000] {logging_mixin.py:188} INFO - [2026-07-02T16:43:30.923+0000] {dag.py:3089} INFO - Sync 10 DAGs
[2026-07-02T16:43:31.034+0000] {logging_mixin.py:188} INFO - [2026-07-02T16:43:31.034+0000] {dag.py:3947} INFO - Setting next_dagrun for conditional_dataset_and_time_based_timetable to 2026-07-01 01:00:00+00:00, run_after=2026-07-01 01:00:00+00:00
[2026-07-02T16:43:31.055+0000] {logging_mixin.py:188} INFO - [2026-07-02T16:43:31.053+0000] {dag.py:3947} INFO - Setting next_dagrun for consume_1_and_2_with_dataset_expressions to None, run_after=None
[2026-07-02T16:43:31.060+0000] {logging_mixin.py:188} INFO - [2026-07-02T16:43:31.060+0000] {dag.py:3947} INFO - Setting next_dagrun for consume_1_or_2_with_dataset_expressions to None, run_after=None
[2026-07-02T16:43:31.062+0000] {logging_mixin.py:188} INFO - [2026-07-02T16:43:31.061+0000] {dag.py:3947} INFO - Setting next_dagrun for consume_1_or_both_2_and_3_with_dataset_expressions to None, run_after=None
[2026-07-02T16:43:31.066+0000] {logging_mixin.py:188} INFO - [2026-07-02T16:43:31.065+0000] {dag.py:3947} INFO - Setting next_dagrun for dataset_consumes_1 to None, run_after=None
[2026-07-02T16:43:31.069+0000] {logging_mixin.py:188} INFO - [2026-07-02T16:43:31.068+0000] {dag.py:3947} INFO - Setting next_dagrun for dataset_consumes_1_and_2 to None, run_after=None
[2026-07-02T16:43:31.070+0000] {logging_mixin.py:188} INFO - [2026-07-02T16:43:31.070+0000] {dag.py:3947} INFO - Setting next_dagrun for dataset_consumes_1_never_scheduled to None, run_after=None
[2026-07-02T16:43:31.074+0000] {logging_mixin.py:188} INFO - [2026-07-02T16:43:31.073+0000] {dag.py:3947} INFO - Setting next_dagrun for dataset_consumes_unknown_never_scheduled to None, run_after=None
[2026-07-02T16:43:31.082+0000] {logging_mixin.py:188} INFO - [2026-07-02T16:43:31.080+0000] {dag.py:3947} INFO - Setting next_dagrun for dataset_produces_1 to 2026-07-01 00:00:00+00:00, run_after=2026-07-02 00:00:00+00:00
[2026-07-02T16:43:31.087+0000] {logging_mixin.py:188} INFO - [2026-07-02T16:43:31.087+0000] {dag.py:3947} INFO - Setting next_dagrun for dataset_produces_2 to None, run_after=None
[2026-07-02T16:43:31.264+0000] {processor.py:183} INFO - Processing /usr/local/python/3.12.1/lib/python3.12/site-packages/airflow/example_dags/example_datasets.py took 0.422 seconds
[2026-07-02T16:44:34.617+0000] {processor.py:161} INFO - Started process (PID=146254) to work on /usr/local/python/3.12.1/lib/python3.12/site-packages/airflow/example_dags/example_datasets.py
[2026-07-02T16:44:34.618+0000] {processor.py:830} INFO - Processing file /usr/local/python/3.12.1/lib/python3.12/site-packages/airflow/example_dags/example_datasets.py for tasks to queue
[2026-07-02T16:44:34.624+0000] {logging_mixin.py:188} INFO - [2026-07-02T16:44:34.622+0000] {dagbag.py:545} INFO - Filling up the DagBag from /usr/local/python/3.12.1/lib/python3.12/site-packages/airflow/example_dags/example_datasets.py
[2026-07-02T16:44:34.656+0000] {processor.py:840} INFO - DAG(s) 'consume_1_and_2_with_dataset_expressions', 'consume_1_or_both_2_and_3_with_dataset_expressions', 'dataset_consumes_1_and_2', 'consume_1_or_2_with_dataset_expressions', 'dataset_produces_1', 'conditional_dataset_and_time_based_timetable', 'dataset_consumes_1_never_scheduled', 'dataset_consumes_unknown_never_scheduled', 'dataset_produces_2', 'dataset_consumes_1' retrieved from /usr/local/python/3.12.1/lib/python3.12/site-packages/airflow/example_dags/example_datasets.py
[2026-07-02T16:44:34.704+0000] {logging_mixin.py:188} INFO - [2026-07-02T16:44:34.704+0000] {dag.py:3089} INFO - Sync 10 DAGs
[2026-07-02T16:44:34.734+0000] {logging_mixin.py:188} INFO - [2026-07-02T16:44:34.732+0000] {dag.py:3947} INFO - Setting next_dagrun for conditional_dataset_and_time_based_timetable to 2026-07-01 01:00:00+00:00, run_after=2026-07-01 01:00:00+00:00
[2026-07-02T16:44:34.749+0000] {logging_mixin.py:188} INFO - [2026-07-02T16:44:34.748+0000] {dag.py:3947} INFO - Setting next_dagrun for consume_1_and_2_with_dataset_expressions to None, run_after=None
[2026-07-02T16:44:34.751+0000] {logging_mixin.py:188} INFO - [2026-07-02T16:44:34.750+0000] {dag.py:3947} INFO - Setting next_dagrun for consume_1_or_2_with_dataset_expressions to None, run_after=None
[2026-07-02T16:44:34.753+0000] {logging_mixin.py:188} INFO - [2026-07-02T16:44:34.752+0000] {dag.py:3947} INFO - Setting next_dagrun for consume_1_or_both_2_and_3_with_dataset_expressions to None, run_after=None
[2026-07-02T16:44:34.754+0000] {logging_mixin.py:188} INFO - [2026-07-02T16:44:34.754+0000] {dag.py:3947} INFO - Setting next_dagrun for dataset_consumes_1 to None, run_after=None
[2026-07-02T16:44:34.755+0000] {logging_mixin.py:188} INFO - [2026-07-02T16:44:34.755+0000] {dag.py:3947} INFO - Setting next_dagrun for dataset_consumes_1_and_2 to None, run_after=None
[2026-07-02T16:44:34.756+0000] {logging_mixin.py:188} INFO - [2026-07-02T16:44:34.756+0000] {dag.py:3947} INFO - Setting next_dagrun for dataset_consumes_1_never_scheduled to None, run_after=None
[2026-07-02T16:44:34.757+0000] {logging_mixin.py:188} INFO - [2026-07-02T16:44:34.757+0000] {dag.py:3947} INFO - Setting next_dagrun for dataset_consumes_unknown_never_scheduled to None, run_after=None
[2026-07-02T16:44:34.760+0000] {logging_mixin.py:188} INFO - [2026-07-02T16:44:34.760+0000] {dag.py:3947} INFO - Setting next_dagrun for dataset_produces_1 to 2026-07-01 00:00:00+00:00, run_after=2026-07-02 00:00:00+00:00
[2026-07-02T16:44:34.761+0000] {logging_mixin.py:188} INFO - [2026-07-02T16:44:34.761+0000] {dag.py:3947} INFO - Setting next_dagrun for dataset_produces_2 to None, run_after=None
[2026-07-02T16:44:34.791+0000] {processor.py:183} INFO - Processing /usr/local/python/3.12.1/lib/python3.12/site-packages/airflow/example_dags/example_datasets.py took 0.181 seconds
[2026-07-02T16:45:44.343+0000] {processor.py:161} INFO - Started process (PID=148782) to work on /usr/local/python/3.12.1/lib/python3.12/site-packages/airflow/example_dags/example_datasets.py
[2026-07-02T16:45:44.352+0000] {processor.py:830} INFO - Processing file /usr/local/python/3.12.1/lib/python3.12/site-packages/airflow/example_dags/example_datasets.py for tasks to queue
[2026-07-02T16:45:44.354+0000] {logging_mixin.py:188} INFO - [2026-07-02T16:45:44.354+0000] {dagbag.py:545} INFO - Filling up the DagBag from /usr/local/python/3.12.1/lib/python3.12/site-packages/airflow/example_dags/example_datasets.py
[2026-07-02T16:45:44.379+0000] {processor.py:840} INFO - DAG(s) 'conditional_dataset_and_time_based_timetable', 'consume_1_and_2_with_dataset_expressions', 'dataset_consumes_1', 'consume_1_or_2_with_dataset_expressions', 'dataset_consumes_1_never_scheduled', 'dataset_consumes_1_and_2', 'dataset_produces_2', 'dataset_produces_1', 'consume_1_or_both_2_and_3_with_dataset_expressions', 'dataset_consumes_unknown_never_scheduled' retrieved from /usr/local/python/3.12.1/lib/python3.12/site-packages/airflow/example_dags/example_datasets.py
[2026-07-02T16:45:44.471+0000] {logging_mixin.py:188} INFO - [2026-07-02T16:45:44.470+0000] {dag.py:3089} INFO - Sync 10 DAGs
[2026-07-02T16:45:44.505+0000] {logging_mixin.py:188} INFO - [2026-07-02T16:45:44.505+0000] {dag.py:3947} INFO - Setting next_dagrun for conditional_dataset_and_time_based_timetable to 2026-07-01 01:00:00+00:00, run_after=2026-07-01 01:00:00+00:00
[2026-07-02T16:45:44.512+0000] {logging_mixin.py:188} INFO - [2026-07-02T16:45:44.512+0000] {dag.py:3947} INFO - Setting next_dagrun for consume_1_and_2_with_dataset_expressions to None, run_after=None
[2026-07-02T16:45:44.514+0000] {logging_mixin.py:188} INFO - [2026-07-02T16:45:44.514+0000] {dag.py:3947} INFO - Setting next_dagrun for consume_1_or_2_with_dataset_expressions to None, run_after=None
[2026-07-02T16:45:44.515+0000] {logging_mixin.py:188} INFO - [2026-07-02T16:45:44.515+0000] {dag.py:3947} INFO - Setting next_dagrun for consume_1_or_both_2_and_3_with_dataset_expressions to None, run_after=None
[2026-07-02T16:45:44.517+0000] {logging_mixin.py:188} INFO - [2026-07-02T16:45:44.517+0000] {dag.py:3947} INFO - Setting next_dagrun for dataset_consumes_1 to None, run_after=None
[2026-07-02T16:45:44.519+0000] {logging_mixin.py:188} INFO - [2026-07-02T16:45:44.518+0000] {dag.py:3947} INFO - Setting next_dagrun for dataset_consumes_1_and_2 to None, run_after=None
[2026-07-02T16:45:44.520+0000] {logging_mixin.py:188} INFO - [2026-07-02T16:45:44.520+0000] {dag.py:3947} INFO - Setting next_dagrun for dataset_consumes_1_never_scheduled to None, run_after=None
[2026-07-02T16:45:44.521+0000] {logging_mixin.py:188} INFO - [2026-07-02T16:45:44.521+0000] {dag.py:3947} INFO - Setting next_dagrun for dataset_consumes_unknown_never_scheduled to None, run_after=None
[2026-07-02T16:45:44.524+0000] {logging_mixin.py:188} INFO - [2026-07-02T16:45:44.524+0000] {dag.py:3947} INFO - Setting next_dagrun for dataset_produces_1 to 2026-07-01 00:00:00+00:00, run_after=2026-07-02 00:00:00+00:00
[2026-07-02T16:45:44.526+0000] {logging_mixin.py:188} INFO - [2026-07-02T16:45:44.525+0000] {dag.py:3947} INFO - Setting next_dagrun for dataset_produces_2 to None, run_after=None
[2026-07-02T16:45:44.584+0000] {processor.py:183} INFO - Processing /usr/local/python/3.12.1/lib/python3.12/site-packages/airflow/example_dags/example_datasets.py took 0.250 seconds
[2026-07-02T16:46:42.071+0000] {processor.py:161} INFO - Started process (PID=150501) to work on /usr/local/python/3.12.1/lib/python3.12/site-packages/airflow/example_dags/example_datasets.py
[2026-07-02T16:46:42.079+0000] {processor.py:830} INFO - Processing file /usr/local/python/3.12.1/lib/python3.12/site-packages/airflow/example_dags/example_datasets.py for tasks to queue
[2026-07-02T16:46:42.086+0000] {logging_mixin.py:188} INFO - [2026-07-02T16:46:42.086+0000] {dagbag.py:545} INFO - Filling up the DagBag from /usr/local/python/3.12.1/lib/python3.12/site-packages/airflow/example_dags/example_datasets.py
[2026-07-02T16:46:42.143+0000] {processor.py:840} INFO - DAG(s) 'dataset_consumes_1_never_scheduled', 'dataset_consumes_1', 'dataset_produces_1', 'consume_1_or_both_2_and_3_with_dataset_expressions', 'consume_1_and_2_with_dataset_expressions', 'conditional_dataset_and_time_based_timetable', 'dataset_consumes_1_and_2', 'dataset_consumes_unknown_never_scheduled', 'dataset_produces_2', 'consume_1_or_2_with_dataset_expressions' retrieved from /usr/local/python/3.12.1/lib/python3.12/site-packages/airflow/example_dags/example_datasets.py
[2026-07-02T16:46:42.269+0000] {logging_mixin.py:188} INFO - [2026-07-02T16:46:42.268+0000] {dag.py:3089} INFO - Sync 10 DAGs
[2026-07-02T16:46:42.313+0000] {logging_mixin.py:188} INFO - [2026-07-02T16:46:42.313+0000] {dag.py:3947} INFO - Setting next_dagrun for conditional_dataset_and_time_based_timetable to 2026-07-01 01:00:00+00:00, run_after=2026-07-01 01:00:00+00:00
[2026-07-02T16:46:42.318+0000] {logging_mixin.py:188} INFO - [2026-07-02T16:46:42.318+0000] {dag.py:3947} INFO - Setting next_dagrun for consume_1_and_2_with_dataset_expressions to None, run_after=None
[2026-07-02T16:46:42.320+0000] {logging_mixin.py:188} INFO - [2026-07-02T16:46:42.320+0000] {dag.py:3947} INFO - Setting next_dagrun for consume_1_or_2_with_dataset_expressions to None, run_after=None
[2026-07-02T16:46:42.321+0000] {logging_mixin.py:188} INFO - [2026-07-02T16:46:42.321+0000] {dag.py:3947} INFO - Setting next_dagrun for consume_1_or_both_2_and_3_with_dataset_expressions to None, run_after=None
[2026-07-02T16:46:42.323+0000] {logging_mixin.py:188} INFO - [2026-07-02T16:46:42.323+0000] {dag.py:3947} INFO - Setting next_dagrun for dataset_consumes_1 to None, run_after=None
[2026-07-02T16:46:42.324+0000] {logging_mixin.py:188} INFO - [2026-07-02T16:46:42.324+0000] {dag.py:3947} INFO - Setting next_dagrun for dataset_consumes_1_and_2 to None, run_after=None
[2026-07-02T16:46:42.326+0000] {logging_mixin.py:188} INFO - [2026-07-02T16:46:42.326+0000] {dag.py:3947} INFO - Setting next_dagrun for dataset_consumes_1_never_scheduled to None, run_after=None
[2026-07-02T16:46:42.327+0000] {logging_mixin.py:188} INFO - [2026-07-02T16:46:42.327+0000] {dag.py:3947} INFO - Setting next_dagrun for dataset_consumes_unknown_never_scheduled to None, run_after=None
[2026-07-02T16:46:42.330+0000] {logging_mixin.py:188} INFO - [2026-07-02T16:46:42.330+0000] {dag.py:3947} INFO - Setting next_dagrun for dataset_produces_1 to 2026-07-01 00:00:00+00:00, run_after=2026-07-02 00:00:00+00:00
[2026-07-02T16:46:42.332+0000] {logging_mixin.py:188} INFO - [2026-07-02T16:46:42.332+0000] {dag.py:3947} INFO - Setting next_dagrun for dataset_produces_2 to None, run_after=None
[2026-07-02T16:46:42.395+0000] {processor.py:183} INFO - Processing /usr/local/python/3.12.1/lib/python3.12/site-packages/airflow/example_dags/example_datasets.py took 0.335 seconds
