[2026-07-02T16:24:47.772+0000] {processor.py:161} INFO - Started process (PID=118048) to work on /usr/local/python/3.12.1/lib/python3.12/site-packages/airflow/example_dags/example_branch_datetime_operator.py
[2026-07-02T16:24:47.773+0000] {processor.py:830} INFO - Processing file /usr/local/python/3.12.1/lib/python3.12/site-packages/airflow/example_dags/example_branch_datetime_operator.py for tasks to queue
[2026-07-02T16:24:47.774+0000] {logging_mixin.py:188} INFO - [2026-07-02T16:24:47.774+0000] {dagbag.py:545} INFO - Filling up the DagBag from /usr/local/python/3.12.1/lib/python3.12/site-packages/airflow/example_dags/example_branch_datetime_operator.py
[2026-07-02T16:24:47.782+0000] {processor.py:840} INFO - DAG(s) 'example_branch_datetime_operator_2', 'example_branch_datetime_operator', 'example_branch_datetime_operator_3' retrieved from /usr/local/python/3.12.1/lib/python3.12/site-packages/airflow/example_dags/example_branch_datetime_operator.py
[2026-07-02T16:24:47.867+0000] {logging_mixin.py:188} INFO - [2026-07-02T16:24:47.866+0000] {override.py:1858} INFO - Created Permission View: can delete on DAG:example_branch_datetime_operator_2
[2026-07-02T16:24:47.876+0000] {logging_mixin.py:188} INFO - [2026-07-02T16:24:47.875+0000] {override.py:1858} INFO - Created Permission View: can read on DAG:example_branch_datetime_operator_2
[2026-07-02T16:24:47.882+0000] {logging_mixin.py:188} INFO - [2026-07-02T16:24:47.882+0000] {override.py:1858} INFO - Created Permission View: can edit on DAG:example_branch_datetime_operator_2
[2026-07-02T16:24:47.897+0000] {logging_mixin.py:188} INFO - [2026-07-02T16:24:47.896+0000] {override.py:1858} INFO - Created Permission View: can delete on DAG:example_branch_datetime_operator
[2026-07-02T16:24:47.903+0000] {logging_mixin.py:188} INFO - [2026-07-02T16:24:47.902+0000] {override.py:1858} INFO - Created Permission View: can read on DAG:example_branch_datetime_operator
[2026-07-02T16:24:47.909+0000] {logging_mixin.py:188} INFO - [2026-07-02T16:24:47.908+0000] {override.py:1858} INFO - Created Permission View: can edit on DAG:example_branch_datetime_operator
[2026-07-02T16:24:47.924+0000] {logging_mixin.py:188} INFO - [2026-07-02T16:24:47.923+0000] {override.py:1858} INFO - Created Permission View: can delete on DAG:example_branch_datetime_operator_3
[2026-07-02T16:24:47.932+0000] {logging_mixin.py:188} INFO - [2026-07-02T16:24:47.932+0000] {override.py:1858} INFO - Created Permission View: can read on DAG:example_branch_datetime_operator_3
[2026-07-02T16:24:47.939+0000] {logging_mixin.py:188} INFO - [2026-07-02T16:24:47.938+0000] {override.py:1858} INFO - Created Permission View: can edit on DAG:example_branch_datetime_operator_3
[2026-07-02T16:24:47.939+0000] {logging_mixin.py:188} INFO - [2026-07-02T16:24:47.939+0000] {dag.py:3089} INFO - Sync 3 DAGs
[2026-07-02T16:24:47.947+0000] {logging_mixin.py:188} INFO - [2026-07-02T16:24:47.946+0000] {dag.py:3111} INFO - Creating ORM DAG for example_branch_datetime_operator_3
[2026-07-02T16:24:47.947+0000] {logging_mixin.py:188} INFO - [2026-07-02T16:24:47.947+0000] {dag.py:3111} INFO - Creating ORM DAG for example_branch_datetime_operator
[2026-07-02T16:24:47.948+0000] {logging_mixin.py:188} INFO - [2026-07-02T16:24:47.948+0000] {dag.py:3111} INFO - Creating ORM DAG for example_branch_datetime_operator_2
[2026-07-02T16:24:47.955+0000] {logging_mixin.py:188} INFO - [2026-07-02T16:24:47.955+0000] {dag.py:3947} INFO - Setting next_dagrun for example_branch_datetime_operator to 2026-07-01 00:00:00+00:00, run_after=2026-07-02 00:00:00+00:00
[2026-07-02T16:24:47.956+0000] {logging_mixin.py:188} INFO - [2026-07-02T16:24:47.956+0000] {dag.py:3947} INFO - Setting next_dagrun for example_branch_datetime_operator_2 to 2026-07-01 00:00:00+00:00, run_after=2026-07-02 00:00:00+00:00
[2026-07-02T16:24:47.958+0000] {logging_mixin.py:188} INFO - [2026-07-02T16:24:47.958+0000] {dag.py:3947} INFO - Setting next_dagrun for example_branch_datetime_operator_3 to 2026-07-01 00:00:00+00:00, run_after=2026-07-02 00:00:00+00:00
[2026-07-02T16:24:47.976+0000] {processor.py:183} INFO - Processing /usr/local/python/3.12.1/lib/python3.12/site-packages/airflow/example_dags/example_branch_datetime_operator.py took 0.209 seconds
[2026-07-02T16:25:57.073+0000] {processor.py:161} INFO - Started process (PID=122476) to work on /usr/local/python/3.12.1/lib/python3.12/site-packages/airflow/example_dags/example_branch_datetime_operator.py
[2026-07-02T16:25:57.073+0000] {processor.py:830} INFO - Processing file /usr/local/python/3.12.1/lib/python3.12/site-packages/airflow/example_dags/example_branch_datetime_operator.py for tasks to queue
[2026-07-02T16:25:57.075+0000] {logging_mixin.py:188} INFO - [2026-07-02T16:25:57.075+0000] {dagbag.py:545} INFO - Filling up the DagBag from /usr/local/python/3.12.1/lib/python3.12/site-packages/airflow/example_dags/example_branch_datetime_operator.py
[2026-07-02T16:25:57.087+0000] {processor.py:840} INFO - DAG(s) 'example_branch_datetime_operator_2', 'example_branch_datetime_operator', 'example_branch_datetime_operator_3' retrieved from /usr/local/python/3.12.1/lib/python3.12/site-packages/airflow/example_dags/example_branch_datetime_operator.py
[2026-07-02T16:25:57.106+0000] {logging_mixin.py:188} INFO - [2026-07-02T16:25:57.105+0000] {dag.py:3089} INFO - Sync 3 DAGs
[2026-07-02T16:25:57.124+0000] {logging_mixin.py:188} INFO - [2026-07-02T16:25:57.123+0000] {dag.py:3947} INFO - Setting next_dagrun for example_branch_datetime_operator to 2026-07-01 00:00:00+00:00, run_after=2026-07-02 00:00:00+00:00
[2026-07-02T16:25:57.128+0000] {logging_mixin.py:188} INFO - [2026-07-02T16:25:57.128+0000] {dag.py:3947} INFO - Setting next_dagrun for example_branch_datetime_operator_2 to 2026-07-01 00:00:00+00:00, run_after=2026-07-02 00:00:00+00:00
[2026-07-02T16:25:57.130+0000] {logging_mixin.py:188} INFO - [2026-07-02T16:25:57.129+0000] {dag.py:3947} INFO - Setting next_dagrun for example_branch_datetime_operator_3 to 2026-07-01 00:00:00+00:00, run_after=2026-07-02 00:00:00+00:00
[2026-07-02T16:25:57.144+0000] {processor.py:183} INFO - Processing /usr/local/python/3.12.1/lib/python3.12/site-packages/airflow/example_dags/example_branch_datetime_operator.py took 0.076 seconds
[2026-07-02T16:27:02.238+0000] {processor.py:161} INFO - Started process (PID=126755) to work on /usr/local/python/3.12.1/lib/python3.12/site-packages/airflow/example_dags/example_branch_datetime_operator.py
[2026-07-02T16:27:02.245+0000] {processor.py:830} INFO - Processing file /usr/local/python/3.12.1/lib/python3.12/site-packages/airflow/example_dags/example_branch_datetime_operator.py for tasks to queue
[2026-07-02T16:27:02.249+0000] {logging_mixin.py:188} INFO - [2026-07-02T16:27:02.247+0000] {dagbag.py:545} INFO - Filling up the DagBag from /usr/local/python/3.12.1/lib/python3.12/site-packages/airflow/example_dags/example_branch_datetime_operator.py
[2026-07-02T16:27:02.278+0000] {processor.py:840} INFO - DAG(s) 'example_branch_datetime_operator_3', 'example_branch_datetime_operator_2', 'example_branch_datetime_operator' retrieved from /usr/local/python/3.12.1/lib/python3.12/site-packages/airflow/example_dags/example_branch_datetime_operator.py
[2026-07-02T16:27:02.306+0000] {logging_mixin.py:188} INFO - [2026-07-02T16:27:02.306+0000] {dag.py:3089} INFO - Sync 3 DAGs
[2026-07-02T16:27:02.472+0000] {logging_mixin.py:188} INFO - [2026-07-02T16:27:02.470+0000] {dag.py:3947} INFO - Setting next_dagrun for example_branch_datetime_operator to 2026-07-01 00:00:00+00:00, run_after=2026-07-02 00:00:00+00:00
[2026-07-02T16:27:02.491+0000] {logging_mixin.py:188} INFO - [2026-07-02T16:27:02.491+0000] {dag.py:3947} INFO - Setting next_dagrun for example_branch_datetime_operator_2 to 2026-07-01 00:00:00+00:00, run_after=2026-07-02 00:00:00+00:00
[2026-07-02T16:27:02.496+0000] {logging_mixin.py:188} INFO - [2026-07-02T16:27:02.496+0000] {dag.py:3947} INFO - Setting next_dagrun for example_branch_datetime_operator_3 to 2026-07-01 00:00:00+00:00, run_after=2026-07-02 00:00:00+00:00
[2026-07-02T16:27:02.788+0000] {processor.py:183} INFO - Processing /usr/local/python/3.12.1/lib/python3.12/site-packages/airflow/example_dags/example_branch_datetime_operator.py took 0.556 seconds
[2026-07-02T16:28:09.949+0000] {processor.py:161} INFO - Started process (PID=128818) to work on /usr/local/python/3.12.1/lib/python3.12/site-packages/airflow/example_dags/example_branch_datetime_operator.py
[2026-07-02T16:28:09.950+0000] {processor.py:830} INFO - Processing file /usr/local/python/3.12.1/lib/python3.12/site-packages/airflow/example_dags/example_branch_datetime_operator.py for tasks to queue
[2026-07-02T16:28:09.952+0000] {logging_mixin.py:188} INFO - [2026-07-02T16:28:09.952+0000] {dagbag.py:545} INFO - Filling up the DagBag from /usr/local/python/3.12.1/lib/python3.12/site-packages/airflow/example_dags/example_branch_datetime_operator.py
[2026-07-02T16:28:09.964+0000] {processor.py:840} INFO - DAG(s) 'example_branch_datetime_operator_2', 'example_branch_datetime_operator_3', 'example_branch_datetime_operator' retrieved from /usr/local/python/3.12.1/lib/python3.12/site-packages/airflow/example_dags/example_branch_datetime_operator.py
[2026-07-02T16:28:09.990+0000] {logging_mixin.py:188} INFO - [2026-07-02T16:28:09.990+0000] {dag.py:3089} INFO - Sync 3 DAGs
[2026-07-02T16:28:10.018+0000] {logging_mixin.py:188} INFO - [2026-07-02T16:28:10.018+0000] {dag.py:3947} INFO - Setting next_dagrun for example_branch_datetime_operator to 2026-07-01 00:00:00+00:00, run_after=2026-07-02 00:00:00+00:00
[2026-07-02T16:28:10.024+0000] {logging_mixin.py:188} INFO - [2026-07-02T16:28:10.024+0000] {dag.py:3947} INFO - Setting next_dagrun for example_branch_datetime_operator_2 to 2026-07-01 00:00:00+00:00, run_after=2026-07-02 00:00:00+00:00
[2026-07-02T16:28:10.027+0000] {logging_mixin.py:188} INFO - [2026-07-02T16:28:10.027+0000] {dag.py:3947} INFO - Setting next_dagrun for example_branch_datetime_operator_3 to 2026-07-01 00:00:00+00:00, run_after=2026-07-02 00:00:00+00:00
[2026-07-02T16:28:10.054+0000] {processor.py:183} INFO - Processing /usr/local/python/3.12.1/lib/python3.12/site-packages/airflow/example_dags/example_branch_datetime_operator.py took 0.111 seconds
[2026-07-02T16:29:09.136+0000] {processor.py:161} INFO - Started process (PID=129679) to work on /usr/local/python/3.12.1/lib/python3.12/site-packages/airflow/example_dags/example_branch_datetime_operator.py
[2026-07-02T16:29:09.137+0000] {processor.py:830} INFO - Processing file /usr/local/python/3.12.1/lib/python3.12/site-packages/airflow/example_dags/example_branch_datetime_operator.py for tasks to queue
[2026-07-02T16:29:09.138+0000] {logging_mixin.py:188} INFO - [2026-07-02T16:29:09.138+0000] {dagbag.py:545} INFO - Filling up the DagBag from /usr/local/python/3.12.1/lib/python3.12/site-packages/airflow/example_dags/example_branch_datetime_operator.py
[2026-07-02T16:29:09.146+0000] {processor.py:840} INFO - DAG(s) 'example_branch_datetime_operator_2', 'example_branch_datetime_operator_3', 'example_branch_datetime_operator' retrieved from /usr/local/python/3.12.1/lib/python3.12/site-packages/airflow/example_dags/example_branch_datetime_operator.py
[2026-07-02T16:29:09.163+0000] {logging_mixin.py:188} INFO - [2026-07-02T16:29:09.163+0000] {dag.py:3089} INFO - Sync 3 DAGs
[2026-07-02T16:29:09.316+0000] {logging_mixin.py:188} INFO - [2026-07-02T16:29:09.316+0000] {dag.py:3947} INFO - Setting next_dagrun for example_branch_datetime_operator to 2026-07-01 00:00:00+00:00, run_after=2026-07-02 00:00:00+00:00
[2026-07-02T16:29:09.324+0000] {logging_mixin.py:188} INFO - [2026-07-02T16:29:09.323+0000] {dag.py:3947} INFO - Setting next_dagrun for example_branch_datetime_operator_2 to 2026-07-01 00:00:00+00:00, run_after=2026-07-02 00:00:00+00:00
[2026-07-02T16:29:09.327+0000] {logging_mixin.py:188} INFO - [2026-07-02T16:29:09.327+0000] {dag.py:3947} INFO - Setting next_dagrun for example_branch_datetime_operator_3 to 2026-07-01 00:00:00+00:00, run_after=2026-07-02 00:00:00+00:00
[2026-07-02T16:29:09.349+0000] {processor.py:183} INFO - Processing /usr/local/python/3.12.1/lib/python3.12/site-packages/airflow/example_dags/example_branch_datetime_operator.py took 0.217 seconds
[2026-07-02T16:30:09.771+0000] {processor.py:161} INFO - Started process (PID=130350) to work on /usr/local/python/3.12.1/lib/python3.12/site-packages/airflow/example_dags/example_branch_datetime_operator.py
[2026-07-02T16:30:09.774+0000] {processor.py:830} INFO - Processing file /usr/local/python/3.12.1/lib/python3.12/site-packages/airflow/example_dags/example_branch_datetime_operator.py for tasks to queue
[2026-07-02T16:30:09.776+0000] {logging_mixin.py:188} INFO - [2026-07-02T16:30:09.776+0000] {dagbag.py:545} INFO - Filling up the DagBag from /usr/local/python/3.12.1/lib/python3.12/site-packages/airflow/example_dags/example_branch_datetime_operator.py
[2026-07-02T16:30:09.813+0000] {processor.py:840} INFO - DAG(s) 'example_branch_datetime_operator_3', 'example_branch_datetime_operator', 'example_branch_datetime_operator_2' retrieved from /usr/local/python/3.12.1/lib/python3.12/site-packages/airflow/example_dags/example_branch_datetime_operator.py
[2026-07-02T16:30:09.872+0000] {logging_mixin.py:188} INFO - [2026-07-02T16:30:09.872+0000] {dag.py:3089} INFO - Sync 3 DAGs
[2026-07-02T16:30:09.942+0000] {logging_mixin.py:188} INFO - [2026-07-02T16:30:09.941+0000] {dag.py:3947} INFO - Setting next_dagrun for example_branch_datetime_operator to 2026-07-01 00:00:00+00:00, run_after=2026-07-02 00:00:00+00:00
[2026-07-02T16:30:09.950+0000] {logging_mixin.py:188} INFO - [2026-07-02T16:30:09.950+0000] {dag.py:3947} INFO - Setting next_dagrun for example_branch_datetime_operator_2 to 2026-07-01 00:00:00+00:00, run_after=2026-07-02 00:00:00+00:00
[2026-07-02T16:30:09.954+0000] {logging_mixin.py:188} INFO - [2026-07-02T16:30:09.954+0000] {dag.py:3947} INFO - Setting next_dagrun for example_branch_datetime_operator_3 to 2026-07-01 00:00:00+00:00, run_after=2026-07-02 00:00:00+00:00
[2026-07-02T16:30:10.013+0000] {processor.py:183} INFO - Processing /usr/local/python/3.12.1/lib/python3.12/site-packages/airflow/example_dags/example_branch_datetime_operator.py took 0.257 seconds
[2026-07-02T16:31:24.952+0000] {processor.py:161} INFO - Started process (PID=131203) to work on /usr/local/python/3.12.1/lib/python3.12/site-packages/airflow/example_dags/example_branch_datetime_operator.py
[2026-07-02T16:31:24.952+0000] {processor.py:830} INFO - Processing file /usr/local/python/3.12.1/lib/python3.12/site-packages/airflow/example_dags/example_branch_datetime_operator.py for tasks to queue
[2026-07-02T16:31:24.954+0000] {logging_mixin.py:188} INFO - [2026-07-02T16:31:24.953+0000] {dagbag.py:545} INFO - Filling up the DagBag from /usr/local/python/3.12.1/lib/python3.12/site-packages/airflow/example_dags/example_branch_datetime_operator.py
[2026-07-02T16:31:24.962+0000] {processor.py:840} INFO - DAG(s) 'example_branch_datetime_operator_2', 'example_branch_datetime_operator_3', 'example_branch_datetime_operator' retrieved from /usr/local/python/3.12.1/lib/python3.12/site-packages/airflow/example_dags/example_branch_datetime_operator.py
[2026-07-02T16:31:24.980+0000] {logging_mixin.py:188} INFO - [2026-07-02T16:31:24.980+0000] {dag.py:3089} INFO - Sync 3 DAGs
[2026-07-02T16:31:25.001+0000] {logging_mixin.py:188} INFO - [2026-07-02T16:31:25.001+0000] {dag.py:3947} INFO - Setting next_dagrun for example_branch_datetime_operator to 2026-07-01 00:00:00+00:00, run_after=2026-07-02 00:00:00+00:00
[2026-07-02T16:31:25.005+0000] {logging_mixin.py:188} INFO - [2026-07-02T16:31:25.005+0000] {dag.py:3947} INFO - Setting next_dagrun for example_branch_datetime_operator_2 to 2026-07-01 00:00:00+00:00, run_after=2026-07-02 00:00:00+00:00
[2026-07-02T16:31:25.006+0000] {logging_mixin.py:188} INFO - [2026-07-02T16:31:25.006+0000] {dag.py:3947} INFO - Setting next_dagrun for example_branch_datetime_operator_3 to 2026-07-01 00:00:00+00:00, run_after=2026-07-02 00:00:00+00:00
[2026-07-02T16:31:25.022+0000] {processor.py:183} INFO - Processing /usr/local/python/3.12.1/lib/python3.12/site-packages/airflow/example_dags/example_branch_datetime_operator.py took 0.075 seconds
[2026-07-02T16:32:40.898+0000] {processor.py:161} INFO - Started process (PID=133190) to work on /usr/local/python/3.12.1/lib/python3.12/site-packages/airflow/example_dags/example_branch_datetime_operator.py
[2026-07-02T16:32:40.899+0000] {processor.py:830} INFO - Processing file /usr/local/python/3.12.1/lib/python3.12/site-packages/airflow/example_dags/example_branch_datetime_operator.py for tasks to queue
[2026-07-02T16:32:40.900+0000] {logging_mixin.py:188} INFO - [2026-07-02T16:32:40.900+0000] {dagbag.py:545} INFO - Filling up the DagBag from /usr/local/python/3.12.1/lib/python3.12/site-packages/airflow/example_dags/example_branch_datetime_operator.py
[2026-07-02T16:32:40.909+0000] {processor.py:840} INFO - DAG(s) 'example_branch_datetime_operator_2', 'example_branch_datetime_operator_3', 'example_branch_datetime_operator' retrieved from /usr/local/python/3.12.1/lib/python3.12/site-packages/airflow/example_dags/example_branch_datetime_operator.py
[2026-07-02T16:32:40.928+0000] {logging_mixin.py:188} INFO - [2026-07-02T16:32:40.927+0000] {dag.py:3089} INFO - Sync 3 DAGs
[2026-07-02T16:32:40.948+0000] {logging_mixin.py:188} INFO - [2026-07-02T16:32:40.948+0000] {dag.py:3947} INFO - Setting next_dagrun for example_branch_datetime_operator to 2026-07-01 00:00:00+00:00, run_after=2026-07-02 00:00:00+00:00
[2026-07-02T16:32:40.952+0000] {logging_mixin.py:188} INFO - [2026-07-02T16:32:40.952+0000] {dag.py:3947} INFO - Setting next_dagrun for example_branch_datetime_operator_2 to 2026-07-01 00:00:00+00:00, run_after=2026-07-02 00:00:00+00:00
[2026-07-02T16:32:40.954+0000] {logging_mixin.py:188} INFO - [2026-07-02T16:32:40.954+0000] {dag.py:3947} INFO - Setting next_dagrun for example_branch_datetime_operator_3 to 2026-07-01 00:00:00+00:00, run_after=2026-07-02 00:00:00+00:00
[2026-07-02T16:32:40.970+0000] {processor.py:183} INFO - Processing /usr/local/python/3.12.1/lib/python3.12/site-packages/airflow/example_dags/example_branch_datetime_operator.py took 0.077 seconds
[2026-07-02T16:33:54.833+0000] {processor.py:161} INFO - Started process (PID=134032) to work on /usr/local/python/3.12.1/lib/python3.12/site-packages/airflow/example_dags/example_branch_datetime_operator.py
[2026-07-02T16:33:54.834+0000] {processor.py:830} INFO - Processing file /usr/local/python/3.12.1/lib/python3.12/site-packages/airflow/example_dags/example_branch_datetime_operator.py for tasks to queue
[2026-07-02T16:33:54.836+0000] {logging_mixin.py:188} INFO - [2026-07-02T16:33:54.835+0000] {dagbag.py:545} INFO - Filling up the DagBag from /usr/local/python/3.12.1/lib/python3.12/site-packages/airflow/example_dags/example_branch_datetime_operator.py
[2026-07-02T16:33:54.844+0000] {processor.py:840} INFO - DAG(s) 'example_branch_datetime_operator_2', 'example_branch_datetime_operator', 'example_branch_datetime_operator_3' retrieved from /usr/local/python/3.12.1/lib/python3.12/site-packages/airflow/example_dags/example_branch_datetime_operator.py
[2026-07-02T16:33:54.861+0000] {logging_mixin.py:188} INFO - [2026-07-02T16:33:54.861+0000] {dag.py:3089} INFO - Sync 3 DAGs
[2026-07-02T16:33:54.884+0000] {logging_mixin.py:188} INFO - [2026-07-02T16:33:54.884+0000] {dag.py:3947} INFO - Setting next_dagrun for example_branch_datetime_operator to 2026-07-01 00:00:00+00:00, run_after=2026-07-02 00:00:00+00:00
[2026-07-02T16:33:54.889+0000] {logging_mixin.py:188} INFO - [2026-07-02T16:33:54.889+0000] {dag.py:3947} INFO - Setting next_dagrun for example_branch_datetime_operator_2 to 2026-07-01 00:00:00+00:00, run_after=2026-07-02 00:00:00+00:00
[2026-07-02T16:33:54.891+0000] {logging_mixin.py:188} INFO - [2026-07-02T16:33:54.891+0000] {dag.py:3947} INFO - Setting next_dagrun for example_branch_datetime_operator_3 to 2026-07-01 00:00:00+00:00, run_after=2026-07-02 00:00:00+00:00
[2026-07-02T16:33:54.917+0000] {processor.py:183} INFO - Processing /usr/local/python/3.12.1/lib/python3.12/site-packages/airflow/example_dags/example_branch_datetime_operator.py took 0.088 seconds
[2026-07-02T16:35:09.853+0000] {processor.py:161} INFO - Started process (PID=135002) to work on /usr/local/python/3.12.1/lib/python3.12/site-packages/airflow/example_dags/example_branch_datetime_operator.py
[2026-07-02T16:35:09.860+0000] {processor.py:830} INFO - Processing file /usr/local/python/3.12.1/lib/python3.12/site-packages/airflow/example_dags/example_branch_datetime_operator.py for tasks to queue
[2026-07-02T16:35:09.864+0000] {logging_mixin.py:188} INFO - [2026-07-02T16:35:09.863+0000] {dagbag.py:545} INFO - Filling up the DagBag from /usr/local/python/3.12.1/lib/python3.12/site-packages/airflow/example_dags/example_branch_datetime_operator.py
[2026-07-02T16:35:09.888+0000] {processor.py:840} INFO - DAG(s) 'example_branch_datetime_operator_2', 'example_branch_datetime_operator', 'example_branch_datetime_operator_3' retrieved from /usr/local/python/3.12.1/lib/python3.12/site-packages/airflow/example_dags/example_branch_datetime_operator.py
[2026-07-02T16:35:09.918+0000] {logging_mixin.py:188} INFO - [2026-07-02T16:35:09.918+0000] {dag.py:3089} INFO - Sync 3 DAGs
[2026-07-02T16:35:09.948+0000] {logging_mixin.py:188} INFO - [2026-07-02T16:35:09.947+0000] {dag.py:3947} INFO - Setting next_dagrun for example_branch_datetime_operator to 2026-07-01 00:00:00+00:00, run_after=2026-07-02 00:00:00+00:00
[2026-07-02T16:35:09.955+0000] {logging_mixin.py:188} INFO - [2026-07-02T16:35:09.954+0000] {dag.py:3947} INFO - Setting next_dagrun for example_branch_datetime_operator_2 to 2026-07-01 00:00:00+00:00, run_after=2026-07-02 00:00:00+00:00
[2026-07-02T16:35:09.958+0000] {logging_mixin.py:188} INFO - [2026-07-02T16:35:09.957+0000] {dag.py:3947} INFO - Setting next_dagrun for example_branch_datetime_operator_3 to 2026-07-01 00:00:00+00:00, run_after=2026-07-02 00:00:00+00:00
[2026-07-02T16:35:09.986+0000] {processor.py:183} INFO - Processing /usr/local/python/3.12.1/lib/python3.12/site-packages/airflow/example_dags/example_branch_datetime_operator.py took 0.142 seconds
[2026-07-02T16:36:08.009+0000] {processor.py:161} INFO - Started process (PID=136521) to work on /usr/local/python/3.12.1/lib/python3.12/site-packages/airflow/example_dags/example_branch_datetime_operator.py
[2026-07-02T16:36:08.010+0000] {processor.py:830} INFO - Processing file /usr/local/python/3.12.1/lib/python3.12/site-packages/airflow/example_dags/example_branch_datetime_operator.py for tasks to queue
[2026-07-02T16:36:08.012+0000] {logging_mixin.py:188} INFO - [2026-07-02T16:36:08.011+0000] {dagbag.py:545} INFO - Filling up the DagBag from /usr/local/python/3.12.1/lib/python3.12/site-packages/airflow/example_dags/example_branch_datetime_operator.py
[2026-07-02T16:36:08.020+0000] {processor.py:840} INFO - DAG(s) 'example_branch_datetime_operator_2', 'example_branch_datetime_operator', 'example_branch_datetime_operator_3' retrieved from /usr/local/python/3.12.1/lib/python3.12/site-packages/airflow/example_dags/example_branch_datetime_operator.py
[2026-07-02T16:36:08.038+0000] {logging_mixin.py:188} INFO - [2026-07-02T16:36:08.037+0000] {dag.py:3089} INFO - Sync 3 DAGs
[2026-07-02T16:36:08.054+0000] {logging_mixin.py:188} INFO - [2026-07-02T16:36:08.054+0000] {dag.py:3947} INFO - Setting next_dagrun for example_branch_datetime_operator to 2026-07-01 00:00:00+00:00, run_after=2026-07-02 00:00:00+00:00
[2026-07-02T16:36:08.057+0000] {logging_mixin.py:188} INFO - [2026-07-02T16:36:08.057+0000] {dag.py:3947} INFO - Setting next_dagrun for example_branch_datetime_operator_2 to 2026-07-01 00:00:00+00:00, run_after=2026-07-02 00:00:00+00:00
[2026-07-02T16:36:08.059+0000] {logging_mixin.py:188} INFO - [2026-07-02T16:36:08.059+0000] {dag.py:3947} INFO - Setting next_dagrun for example_branch_datetime_operator_3 to 2026-07-01 00:00:00+00:00, run_after=2026-07-02 00:00:00+00:00
[2026-07-02T16:36:08.074+0000] {processor.py:183} INFO - Processing /usr/local/python/3.12.1/lib/python3.12/site-packages/airflow/example_dags/example_branch_datetime_operator.py took 0.070 seconds
[2026-07-02T16:37:16.361+0000] {processor.py:161} INFO - Started process (PID=137413) to work on /usr/local/python/3.12.1/lib/python3.12/site-packages/airflow/example_dags/example_branch_datetime_operator.py
[2026-07-02T16:37:16.362+0000] {processor.py:830} INFO - Processing file /usr/local/python/3.12.1/lib/python3.12/site-packages/airflow/example_dags/example_branch_datetime_operator.py for tasks to queue
[2026-07-02T16:37:16.364+0000] {logging_mixin.py:188} INFO - [2026-07-02T16:37:16.363+0000] {dagbag.py:545} INFO - Filling up the DagBag from /usr/local/python/3.12.1/lib/python3.12/site-packages/airflow/example_dags/example_branch_datetime_operator.py
[2026-07-02T16:37:16.371+0000] {processor.py:840} INFO - DAG(s) 'example_branch_datetime_operator', 'example_branch_datetime_operator_3', 'example_branch_datetime_operator_2' retrieved from /usr/local/python/3.12.1/lib/python3.12/site-packages/airflow/example_dags/example_branch_datetime_operator.py
[2026-07-02T16:37:16.393+0000] {logging_mixin.py:188} INFO - [2026-07-02T16:37:16.393+0000] {dag.py:3089} INFO - Sync 3 DAGs
[2026-07-02T16:37:16.410+0000] {logging_mixin.py:188} INFO - [2026-07-02T16:37:16.410+0000] {dag.py:3947} INFO - Setting next_dagrun for example_branch_datetime_operator to 2026-07-01 00:00:00+00:00, run_after=2026-07-02 00:00:00+00:00
[2026-07-02T16:37:16.414+0000] {logging_mixin.py:188} INFO - [2026-07-02T16:37:16.413+0000] {dag.py:3947} INFO - Setting next_dagrun for example_branch_datetime_operator_2 to 2026-07-01 00:00:00+00:00, run_after=2026-07-02 00:00:00+00:00
[2026-07-02T16:37:16.415+0000] {logging_mixin.py:188} INFO - [2026-07-02T16:37:16.415+0000] {dag.py:3947} INFO - Setting next_dagrun for example_branch_datetime_operator_3 to 2026-07-01 00:00:00+00:00, run_after=2026-07-02 00:00:00+00:00
[2026-07-02T16:37:16.431+0000] {processor.py:183} INFO - Processing /usr/local/python/3.12.1/lib/python3.12/site-packages/airflow/example_dags/example_branch_datetime_operator.py took 0.074 seconds
[2026-07-02T16:38:21.491+0000] {processor.py:161} INFO - Started process (PID=139366) to work on /usr/local/python/3.12.1/lib/python3.12/site-packages/airflow/example_dags/example_branch_datetime_operator.py
[2026-07-02T16:38:21.492+0000] {processor.py:830} INFO - Processing file /usr/local/python/3.12.1/lib/python3.12/site-packages/airflow/example_dags/example_branch_datetime_operator.py for tasks to queue
[2026-07-02T16:38:21.494+0000] {logging_mixin.py:188} INFO - [2026-07-02T16:38:21.494+0000] {dagbag.py:545} INFO - Filling up the DagBag from /usr/local/python/3.12.1/lib/python3.12/site-packages/airflow/example_dags/example_branch_datetime_operator.py
[2026-07-02T16:38:21.502+0000] {processor.py:840} INFO - DAG(s) 'example_branch_datetime_operator', 'example_branch_datetime_operator_2', 'example_branch_datetime_operator_3' retrieved from /usr/local/python/3.12.1/lib/python3.12/site-packages/airflow/example_dags/example_branch_datetime_operator.py
[2026-07-02T16:38:21.520+0000] {logging_mixin.py:188} INFO - [2026-07-02T16:38:21.519+0000] {dag.py:3089} INFO - Sync 3 DAGs
[2026-07-02T16:38:21.537+0000] {logging_mixin.py:188} INFO - [2026-07-02T16:38:21.537+0000] {dag.py:3947} INFO - Setting next_dagrun for example_branch_datetime_operator to 2026-07-01 00:00:00+00:00, run_after=2026-07-02 00:00:00+00:00
[2026-07-02T16:38:21.541+0000] {logging_mixin.py:188} INFO - [2026-07-02T16:38:21.541+0000] {dag.py:3947} INFO - Setting next_dagrun for example_branch_datetime_operator_2 to 2026-07-01 00:00:00+00:00, run_after=2026-07-02 00:00:00+00:00
[2026-07-02T16:38:21.543+0000] {logging_mixin.py:188} INFO - [2026-07-02T16:38:21.542+0000] {dag.py:3947} INFO - Setting next_dagrun for example_branch_datetime_operator_3 to 2026-07-01 00:00:00+00:00, run_after=2026-07-02 00:00:00+00:00
[2026-07-02T16:38:21.559+0000] {processor.py:183} INFO - Processing /usr/local/python/3.12.1/lib/python3.12/site-packages/airflow/example_dags/example_branch_datetime_operator.py took 0.074 seconds
[2026-07-02T16:39:31.336+0000] {processor.py:161} INFO - Started process (PID=140316) to work on /usr/local/python/3.12.1/lib/python3.12/site-packages/airflow/example_dags/example_branch_datetime_operator.py
[2026-07-02T16:39:31.337+0000] {processor.py:830} INFO - Processing file /usr/local/python/3.12.1/lib/python3.12/site-packages/airflow/example_dags/example_branch_datetime_operator.py for tasks to queue
[2026-07-02T16:39:31.339+0000] {logging_mixin.py:188} INFO - [2026-07-02T16:39:31.338+0000] {dagbag.py:545} INFO - Filling up the DagBag from /usr/local/python/3.12.1/lib/python3.12/site-packages/airflow/example_dags/example_branch_datetime_operator.py
[2026-07-02T16:39:31.351+0000] {processor.py:840} INFO - DAG(s) 'example_branch_datetime_operator_3', 'example_branch_datetime_operator_2', 'example_branch_datetime_operator' retrieved from /usr/local/python/3.12.1/lib/python3.12/site-packages/airflow/example_dags/example_branch_datetime_operator.py
[2026-07-02T16:39:31.377+0000] {logging_mixin.py:188} INFO - [2026-07-02T16:39:31.377+0000] {dag.py:3089} INFO - Sync 3 DAGs
[2026-07-02T16:39:31.400+0000] {logging_mixin.py:188} INFO - [2026-07-02T16:39:31.400+0000] {dag.py:3947} INFO - Setting next_dagrun for example_branch_datetime_operator to 2026-07-01 00:00:00+00:00, run_after=2026-07-02 00:00:00+00:00
[2026-07-02T16:39:31.404+0000] {logging_mixin.py:188} INFO - [2026-07-02T16:39:31.403+0000] {dag.py:3947} INFO - Setting next_dagrun for example_branch_datetime_operator_2 to 2026-07-01 00:00:00+00:00, run_after=2026-07-02 00:00:00+00:00
[2026-07-02T16:39:31.406+0000] {logging_mixin.py:188} INFO - [2026-07-02T16:39:31.406+0000] {dag.py:3947} INFO - Setting next_dagrun for example_branch_datetime_operator_3 to 2026-07-01 00:00:00+00:00, run_after=2026-07-02 00:00:00+00:00
[2026-07-02T16:39:31.420+0000] {processor.py:183} INFO - Processing /usr/local/python/3.12.1/lib/python3.12/site-packages/airflow/example_dags/example_branch_datetime_operator.py took 0.091 seconds
