[2026-07-02T16:24:29.636+0000] {processor.py:161} INFO - Started process (PID=117780) to work on /usr/local/python/3.12.1/lib/python3.12/site-packages/airflow/example_dags/example_params_trigger_ui.py
[2026-07-02T16:24:29.637+0000] {processor.py:830} INFO - Processing file /usr/local/python/3.12.1/lib/python3.12/site-packages/airflow/example_dags/example_params_trigger_ui.py for tasks to queue
[2026-07-02T16:24:29.638+0000] {logging_mixin.py:188} INFO - [2026-07-02T16:24:29.638+0000] {dagbag.py:545} INFO - Filling up the DagBag from /usr/local/python/3.12.1/lib/python3.12/site-packages/airflow/example_dags/example_params_trigger_ui.py
[2026-07-02T16:24:29.648+0000] {processor.py:840} INFO - DAG(s) 'example_params_trigger_ui' retrieved from /usr/local/python/3.12.1/lib/python3.12/site-packages/airflow/example_dags/example_params_trigger_ui.py
[2026-07-02T16:24:29.748+0000] {logging_mixin.py:188} INFO - [2026-07-02T16:24:29.747+0000] {override.py:1858} INFO - Created Permission View: can delete on DAG:example_params_trigger_ui
[2026-07-02T16:24:29.757+0000] {logging_mixin.py:188} INFO - [2026-07-02T16:24:29.756+0000] {override.py:1858} INFO - Created Permission View: can read on DAG:example_params_trigger_ui
[2026-07-02T16:24:29.762+0000] {logging_mixin.py:188} INFO - [2026-07-02T16:24:29.762+0000] {override.py:1858} INFO - Created Permission View: can edit on DAG:example_params_trigger_ui
[2026-07-02T16:24:29.763+0000] {logging_mixin.py:188} INFO - [2026-07-02T16:24:29.763+0000] {dag.py:3089} INFO - Sync 1 DAGs
[2026-07-02T16:24:29.771+0000] {logging_mixin.py:188} INFO - [2026-07-02T16:24:29.770+0000] {dag.py:3111} INFO - Creating ORM DAG for example_params_trigger_ui
[2026-07-02T16:24:29.771+0000] {logging_mixin.py:188} INFO - [2026-07-02T16:24:29.771+0000] {dag.py:3947} INFO - Setting next_dagrun for example_params_trigger_ui to None, run_after=None
[2026-07-02T16:24:29.788+0000] {processor.py:183} INFO - Processing /usr/local/python/3.12.1/lib/python3.12/site-packages/airflow/example_dags/example_params_trigger_ui.py took 0.156 seconds
[2026-07-02T16:25:23.971+0000] {processor.py:161} INFO - Started process (PID=118572) to work on /usr/local/python/3.12.1/lib/python3.12/site-packages/airflow/example_dags/example_params_trigger_ui.py
[2026-07-02T16:25:23.971+0000] {processor.py:830} INFO - Processing file /usr/local/python/3.12.1/lib/python3.12/site-packages/airflow/example_dags/example_params_trigger_ui.py for tasks to queue
[2026-07-02T16:25:23.973+0000] {logging_mixin.py:188} INFO - [2026-07-02T16:25:23.972+0000] {dagbag.py:545} INFO - Filling up the DagBag from /usr/local/python/3.12.1/lib/python3.12/site-packages/airflow/example_dags/example_params_trigger_ui.py
[2026-07-02T16:25:23.982+0000] {processor.py:840} INFO - DAG(s) 'example_params_trigger_ui' retrieved from /usr/local/python/3.12.1/lib/python3.12/site-packages/airflow/example_dags/example_params_trigger_ui.py
[2026-07-02T16:25:24.023+0000] {logging_mixin.py:188} INFO - [2026-07-02T16:25:24.022+0000] {dag.py:3089} INFO - Sync 1 DAGs
[2026-07-02T16:25:24.031+0000] {logging_mixin.py:188} INFO - [2026-07-02T16:25:24.031+0000] {dag.py:3947} INFO - Setting next_dagrun for example_params_trigger_ui to None, run_after=None
[2026-07-02T16:25:24.049+0000] {processor.py:183} INFO - Processing /usr/local/python/3.12.1/lib/python3.12/site-packages/airflow/example_dags/example_params_trigger_ui.py took 0.083 seconds
[2026-07-02T16:26:19.347+0000] {processor.py:161} INFO - Started process (PID=126132) to work on /usr/local/python/3.12.1/lib/python3.12/site-packages/airflow/example_dags/example_params_trigger_ui.py
[2026-07-02T16:26:19.349+0000] {processor.py:830} INFO - Processing file /usr/local/python/3.12.1/lib/python3.12/site-packages/airflow/example_dags/example_params_trigger_ui.py for tasks to queue
[2026-07-02T16:26:19.351+0000] {logging_mixin.py:188} INFO - [2026-07-02T16:26:19.351+0000] {dagbag.py:545} INFO - Filling up the DagBag from /usr/local/python/3.12.1/lib/python3.12/site-packages/airflow/example_dags/example_params_trigger_ui.py
[2026-07-02T16:26:19.367+0000] {processor.py:840} INFO - DAG(s) 'example_params_trigger_ui' retrieved from /usr/local/python/3.12.1/lib/python3.12/site-packages/airflow/example_dags/example_params_trigger_ui.py
[2026-07-02T16:26:19.421+0000] {logging_mixin.py:188} INFO - [2026-07-02T16:26:19.421+0000] {dag.py:3089} INFO - Sync 1 DAGs
[2026-07-02T16:26:19.435+0000] {logging_mixin.py:188} INFO - [2026-07-02T16:26:19.434+0000] {dag.py:3947} INFO - Setting next_dagrun for example_params_trigger_ui to None, run_after=None
[2026-07-02T16:26:19.462+0000] {processor.py:183} INFO - Processing /usr/local/python/3.12.1/lib/python3.12/site-packages/airflow/example_dags/example_params_trigger_ui.py took 0.121 seconds
[2026-07-02T16:27:31.771+0000] {processor.py:161} INFO - Started process (PID=128308) to work on /usr/local/python/3.12.1/lib/python3.12/site-packages/airflow/example_dags/example_params_trigger_ui.py
[2026-07-02T16:27:31.772+0000] {processor.py:830} INFO - Processing file /usr/local/python/3.12.1/lib/python3.12/site-packages/airflow/example_dags/example_params_trigger_ui.py for tasks to queue
[2026-07-02T16:27:31.774+0000] {logging_mixin.py:188} INFO - [2026-07-02T16:27:31.774+0000] {dagbag.py:545} INFO - Filling up the DagBag from /usr/local/python/3.12.1/lib/python3.12/site-packages/airflow/example_dags/example_params_trigger_ui.py
[2026-07-02T16:27:31.786+0000] {processor.py:840} INFO - DAG(s) 'example_params_trigger_ui' retrieved from /usr/local/python/3.12.1/lib/python3.12/site-packages/airflow/example_dags/example_params_trigger_ui.py
[2026-07-02T16:27:31.833+0000] {logging_mixin.py:188} INFO - [2026-07-02T16:27:31.833+0000] {dag.py:3089} INFO - Sync 1 DAGs
[2026-07-02T16:27:31.847+0000] {logging_mixin.py:188} INFO - [2026-07-02T16:27:31.847+0000] {dag.py:3947} INFO - Setting next_dagrun for example_params_trigger_ui to None, run_after=None
[2026-07-02T16:27:31.870+0000] {processor.py:183} INFO - Processing /usr/local/python/3.12.1/lib/python3.12/site-packages/airflow/example_dags/example_params_trigger_ui.py took 0.105 seconds
[2026-07-02T16:28:28.090+0000] {processor.py:161} INFO - Started process (PID=129070) to work on /usr/local/python/3.12.1/lib/python3.12/site-packages/airflow/example_dags/example_params_trigger_ui.py
[2026-07-02T16:28:28.096+0000] {processor.py:830} INFO - Processing file /usr/local/python/3.12.1/lib/python3.12/site-packages/airflow/example_dags/example_params_trigger_ui.py for tasks to queue
[2026-07-02T16:28:28.100+0000] {logging_mixin.py:188} INFO - [2026-07-02T16:28:28.099+0000] {dagbag.py:545} INFO - Filling up the DagBag from /usr/local/python/3.12.1/lib/python3.12/site-packages/airflow/example_dags/example_params_trigger_ui.py
[2026-07-02T16:28:28.118+0000] {processor.py:840} INFO - DAG(s) 'example_params_trigger_ui' retrieved from /usr/local/python/3.12.1/lib/python3.12/site-packages/airflow/example_dags/example_params_trigger_ui.py
[2026-07-02T16:28:28.177+0000] {logging_mixin.py:188} INFO - [2026-07-02T16:28:28.177+0000] {dag.py:3089} INFO - Sync 1 DAGs
[2026-07-02T16:28:28.192+0000] {logging_mixin.py:188} INFO - [2026-07-02T16:28:28.192+0000] {dag.py:3947} INFO - Setting next_dagrun for example_params_trigger_ui to None, run_after=None
[2026-07-02T16:28:28.234+0000] {processor.py:183} INFO - Processing /usr/local/python/3.12.1/lib/python3.12/site-packages/airflow/example_dags/example_params_trigger_ui.py took 0.154 seconds
[2026-07-02T16:29:32.816+0000] {processor.py:161} INFO - Started process (PID=129944) to work on /usr/local/python/3.12.1/lib/python3.12/site-packages/airflow/example_dags/example_params_trigger_ui.py
[2026-07-02T16:29:32.817+0000] {processor.py:830} INFO - Processing file /usr/local/python/3.12.1/lib/python3.12/site-packages/airflow/example_dags/example_params_trigger_ui.py for tasks to queue
[2026-07-02T16:29:32.818+0000] {logging_mixin.py:188} INFO - [2026-07-02T16:29:32.818+0000] {dagbag.py:545} INFO - Filling up the DagBag from /usr/local/python/3.12.1/lib/python3.12/site-packages/airflow/example_dags/example_params_trigger_ui.py
[2026-07-02T16:29:32.932+0000] {processor.py:840} INFO - DAG(s) 'example_params_trigger_ui' retrieved from /usr/local/python/3.12.1/lib/python3.12/site-packages/airflow/example_dags/example_params_trigger_ui.py
[2026-07-02T16:29:32.958+0000] {logging_mixin.py:188} INFO - [2026-07-02T16:29:32.958+0000] {dag.py:3089} INFO - Sync 1 DAGs
[2026-07-02T16:29:32.965+0000] {logging_mixin.py:188} INFO - [2026-07-02T16:29:32.965+0000] {dag.py:3947} INFO - Setting next_dagrun for example_params_trigger_ui to None, run_after=None
[2026-07-02T16:29:32.983+0000] {processor.py:183} INFO - Processing /usr/local/python/3.12.1/lib/python3.12/site-packages/airflow/example_dags/example_params_trigger_ui.py took 0.172 seconds
[2026-07-02T16:30:27.892+0000] {processor.py:161} INFO - Started process (PID=130561) to work on /usr/local/python/3.12.1/lib/python3.12/site-packages/airflow/example_dags/example_params_trigger_ui.py
[2026-07-02T16:30:27.893+0000] {processor.py:830} INFO - Processing file /usr/local/python/3.12.1/lib/python3.12/site-packages/airflow/example_dags/example_params_trigger_ui.py for tasks to queue
[2026-07-02T16:30:27.895+0000] {logging_mixin.py:188} INFO - [2026-07-02T16:30:27.894+0000] {dagbag.py:545} INFO - Filling up the DagBag from /usr/local/python/3.12.1/lib/python3.12/site-packages/airflow/example_dags/example_params_trigger_ui.py
[2026-07-02T16:30:27.905+0000] {processor.py:840} INFO - DAG(s) 'example_params_trigger_ui' retrieved from /usr/local/python/3.12.1/lib/python3.12/site-packages/airflow/example_dags/example_params_trigger_ui.py
[2026-07-02T16:30:27.934+0000] {logging_mixin.py:188} INFO - [2026-07-02T16:30:27.934+0000] {dag.py:3089} INFO - Sync 1 DAGs
[2026-07-02T16:30:27.944+0000] {logging_mixin.py:188} INFO - [2026-07-02T16:30:27.944+0000] {dag.py:3947} INFO - Setting next_dagrun for example_params_trigger_ui to None, run_after=None
[2026-07-02T16:30:27.960+0000] {processor.py:183} INFO - Processing /usr/local/python/3.12.1/lib/python3.12/site-packages/airflow/example_dags/example_params_trigger_ui.py took 0.074 seconds
[2026-07-02T16:31:19.062+0000] {processor.py:161} INFO - Started process (PID=131106) to work on /usr/local/python/3.12.1/lib/python3.12/site-packages/airflow/example_dags/example_params_trigger_ui.py
[2026-07-02T16:31:19.063+0000] {processor.py:830} INFO - Processing file /usr/local/python/3.12.1/lib/python3.12/site-packages/airflow/example_dags/example_params_trigger_ui.py for tasks to queue
[2026-07-02T16:31:19.064+0000] {logging_mixin.py:188} INFO - [2026-07-02T16:31:19.064+0000] {dagbag.py:545} INFO - Filling up the DagBag from /usr/local/python/3.12.1/lib/python3.12/site-packages/airflow/example_dags/example_params_trigger_ui.py
[2026-07-02T16:31:19.072+0000] {processor.py:840} INFO - DAG(s) 'example_params_trigger_ui' retrieved from /usr/local/python/3.12.1/lib/python3.12/site-packages/airflow/example_dags/example_params_trigger_ui.py
[2026-07-02T16:31:19.109+0000] {logging_mixin.py:188} INFO - [2026-07-02T16:31:19.108+0000] {dag.py:3089} INFO - Sync 1 DAGs
[2026-07-02T16:31:19.118+0000] {logging_mixin.py:188} INFO - [2026-07-02T16:31:19.118+0000] {dag.py:3947} INFO - Setting next_dagrun for example_params_trigger_ui to None, run_after=None
[2026-07-02T16:31:19.134+0000] {processor.py:183} INFO - Processing /usr/local/python/3.12.1/lib/python3.12/site-packages/airflow/example_dags/example_params_trigger_ui.py took 0.077 seconds
[2026-07-02T16:32:06.647+0000] {processor.py:161} INFO - Started process (PID=131626) to work on /usr/local/python/3.12.1/lib/python3.12/site-packages/airflow/example_dags/example_params_trigger_ui.py
[2026-07-02T16:32:06.648+0000] {processor.py:830} INFO - Processing file /usr/local/python/3.12.1/lib/python3.12/site-packages/airflow/example_dags/example_params_trigger_ui.py for tasks to queue
[2026-07-02T16:32:06.649+0000] {logging_mixin.py:188} INFO - [2026-07-02T16:32:06.649+0000] {dagbag.py:545} INFO - Filling up the DagBag from /usr/local/python/3.12.1/lib/python3.12/site-packages/airflow/example_dags/example_params_trigger_ui.py
[2026-07-02T16:32:06.658+0000] {processor.py:840} INFO - DAG(s) 'example_params_trigger_ui' retrieved from /usr/local/python/3.12.1/lib/python3.12/site-packages/airflow/example_dags/example_params_trigger_ui.py
[2026-07-02T16:32:06.694+0000] {logging_mixin.py:188} INFO - [2026-07-02T16:32:06.693+0000] {dag.py:3089} INFO - Sync 1 DAGs
[2026-07-02T16:32:06.704+0000] {logging_mixin.py:188} INFO - [2026-07-02T16:32:06.703+0000] {dag.py:3947} INFO - Setting next_dagrun for example_params_trigger_ui to None, run_after=None
[2026-07-02T16:32:06.720+0000] {processor.py:183} INFO - Processing /usr/local/python/3.12.1/lib/python3.12/site-packages/airflow/example_dags/example_params_trigger_ui.py took 0.077 seconds
[2026-07-02T16:32:58.052+0000] {processor.py:161} INFO - Started process (PID=133365) to work on /usr/local/python/3.12.1/lib/python3.12/site-packages/airflow/example_dags/example_params_trigger_ui.py
[2026-07-02T16:32:58.053+0000] {processor.py:830} INFO - Processing file /usr/local/python/3.12.1/lib/python3.12/site-packages/airflow/example_dags/example_params_trigger_ui.py for tasks to queue
[2026-07-02T16:32:58.054+0000] {logging_mixin.py:188} INFO - [2026-07-02T16:32:58.054+0000] {dagbag.py:545} INFO - Filling up the DagBag from /usr/local/python/3.12.1/lib/python3.12/site-packages/airflow/example_dags/example_params_trigger_ui.py
[2026-07-02T16:32:58.061+0000] {processor.py:840} INFO - DAG(s) 'example_params_trigger_ui' retrieved from /usr/local/python/3.12.1/lib/python3.12/site-packages/airflow/example_dags/example_params_trigger_ui.py
[2026-07-02T16:32:58.098+0000] {logging_mixin.py:188} INFO - [2026-07-02T16:32:58.098+0000] {dag.py:3089} INFO - Sync 1 DAGs
[2026-07-02T16:32:58.107+0000] {logging_mixin.py:188} INFO - [2026-07-02T16:32:58.107+0000] {dag.py:3947} INFO - Setting next_dagrun for example_params_trigger_ui to None, run_after=None
[2026-07-02T16:32:58.128+0000] {processor.py:183} INFO - Processing /usr/local/python/3.12.1/lib/python3.12/site-packages/airflow/example_dags/example_params_trigger_ui.py took 0.081 seconds
[2026-07-02T16:33:47.838+0000] {processor.py:161} INFO - Started process (PID=133953) to work on /usr/local/python/3.12.1/lib/python3.12/site-packages/airflow/example_dags/example_params_trigger_ui.py
[2026-07-02T16:33:47.838+0000] {processor.py:830} INFO - Processing file /usr/local/python/3.12.1/lib/python3.12/site-packages/airflow/example_dags/example_params_trigger_ui.py for tasks to queue
[2026-07-02T16:33:47.840+0000] {logging_mixin.py:188} INFO - [2026-07-02T16:33:47.840+0000] {dagbag.py:545} INFO - Filling up the DagBag from /usr/local/python/3.12.1/lib/python3.12/site-packages/airflow/example_dags/example_params_trigger_ui.py
[2026-07-02T16:33:47.848+0000] {processor.py:840} INFO - DAG(s) 'example_params_trigger_ui' retrieved from /usr/local/python/3.12.1/lib/python3.12/site-packages/airflow/example_dags/example_params_trigger_ui.py
[2026-07-02T16:33:47.879+0000] {logging_mixin.py:188} INFO - [2026-07-02T16:33:47.879+0000] {dag.py:3089} INFO - Sync 1 DAGs
[2026-07-02T16:33:47.893+0000] {logging_mixin.py:188} INFO - [2026-07-02T16:33:47.893+0000] {dag.py:3947} INFO - Setting next_dagrun for example_params_trigger_ui to None, run_after=None
[2026-07-02T16:33:47.913+0000] {processor.py:183} INFO - Processing /usr/local/python/3.12.1/lib/python3.12/site-packages/airflow/example_dags/example_params_trigger_ui.py took 0.081 seconds
[2026-07-02T16:34:36.837+0000] {processor.py:161} INFO - Started process (PID=134597) to work on /usr/local/python/3.12.1/lib/python3.12/site-packages/airflow/example_dags/example_params_trigger_ui.py
[2026-07-02T16:34:36.838+0000] {processor.py:830} INFO - Processing file /usr/local/python/3.12.1/lib/python3.12/site-packages/airflow/example_dags/example_params_trigger_ui.py for tasks to queue
[2026-07-02T16:34:36.839+0000] {logging_mixin.py:188} INFO - [2026-07-02T16:34:36.839+0000] {dagbag.py:545} INFO - Filling up the DagBag from /usr/local/python/3.12.1/lib/python3.12/site-packages/airflow/example_dags/example_params_trigger_ui.py
[2026-07-02T16:34:36.848+0000] {processor.py:840} INFO - DAG(s) 'example_params_trigger_ui' retrieved from /usr/local/python/3.12.1/lib/python3.12/site-packages/airflow/example_dags/example_params_trigger_ui.py
[2026-07-02T16:34:36.878+0000] {logging_mixin.py:188} INFO - [2026-07-02T16:34:36.878+0000] {dag.py:3089} INFO - Sync 1 DAGs
[2026-07-02T16:34:36.890+0000] {logging_mixin.py:188} INFO - [2026-07-02T16:34:36.890+0000] {dag.py:3947} INFO - Setting next_dagrun for example_params_trigger_ui to None, run_after=None
[2026-07-02T16:34:36.907+0000] {processor.py:183} INFO - Processing /usr/local/python/3.12.1/lib/python3.12/site-packages/airflow/example_dags/example_params_trigger_ui.py took 0.075 seconds
[2026-07-02T16:35:31.766+0000] {processor.py:161} INFO - Started process (PID=136021) to work on /usr/local/python/3.12.1/lib/python3.12/site-packages/airflow/example_dags/example_params_trigger_ui.py
[2026-07-02T16:35:31.801+0000] {processor.py:830} INFO - Processing file /usr/local/python/3.12.1/lib/python3.12/site-packages/airflow/example_dags/example_params_trigger_ui.py for tasks to queue
[2026-07-02T16:35:31.812+0000] {logging_mixin.py:188} INFO - [2026-07-02T16:35:31.806+0000] {dagbag.py:545} INFO - Filling up the DagBag from /usr/local/python/3.12.1/lib/python3.12/site-packages/airflow/example_dags/example_params_trigger_ui.py
[2026-07-02T16:35:31.871+0000] {processor.py:840} INFO - DAG(s) 'example_params_trigger_ui' retrieved from /usr/local/python/3.12.1/lib/python3.12/site-packages/airflow/example_dags/example_params_trigger_ui.py
[2026-07-02T16:35:31.984+0000] {logging_mixin.py:188} INFO - [2026-07-02T16:35:31.984+0000] {dag.py:3089} INFO - Sync 1 DAGs
[2026-07-02T16:35:31.999+0000] {logging_mixin.py:188} INFO - [2026-07-02T16:35:31.999+0000] {dag.py:3947} INFO - Setting next_dagrun for example_params_trigger_ui to None, run_after=None
[2026-07-02T16:35:32.075+0000] {processor.py:183} INFO - Processing /usr/local/python/3.12.1/lib/python3.12/site-packages/airflow/example_dags/example_params_trigger_ui.py took 0.316 seconds
[2026-07-02T16:36:26.455+0000] {processor.py:161} INFO - Started process (PID=136763) to work on /usr/local/python/3.12.1/lib/python3.12/site-packages/airflow/example_dags/example_params_trigger_ui.py
[2026-07-02T16:36:26.456+0000] {processor.py:830} INFO - Processing file /usr/local/python/3.12.1/lib/python3.12/site-packages/airflow/example_dags/example_params_trigger_ui.py for tasks to queue
[2026-07-02T16:36:26.458+0000] {logging_mixin.py:188} INFO - [2026-07-02T16:36:26.458+0000] {dagbag.py:545} INFO - Filling up the DagBag from /usr/local/python/3.12.1/lib/python3.12/site-packages/airflow/example_dags/example_params_trigger_ui.py
[2026-07-02T16:36:26.470+0000] {processor.py:840} INFO - DAG(s) 'example_params_trigger_ui' retrieved from /usr/local/python/3.12.1/lib/python3.12/site-packages/airflow/example_dags/example_params_trigger_ui.py
[2026-07-02T16:36:26.517+0000] {logging_mixin.py:188} INFO - [2026-07-02T16:36:26.517+0000] {dag.py:3089} INFO - Sync 1 DAGs
[2026-07-02T16:36:26.526+0000] {logging_mixin.py:188} INFO - [2026-07-02T16:36:26.525+0000] {dag.py:3947} INFO - Setting next_dagrun for example_params_trigger_ui to None, run_after=None
[2026-07-02T16:36:26.546+0000] {processor.py:183} INFO - Processing /usr/local/python/3.12.1/lib/python3.12/site-packages/airflow/example_dags/example_params_trigger_ui.py took 0.097 seconds
[2026-07-02T16:37:10.198+0000] {processor.py:161} INFO - Started process (PID=137315) to work on /usr/local/python/3.12.1/lib/python3.12/site-packages/airflow/example_dags/example_params_trigger_ui.py
[2026-07-02T16:37:10.198+0000] {processor.py:830} INFO - Processing file /usr/local/python/3.12.1/lib/python3.12/site-packages/airflow/example_dags/example_params_trigger_ui.py for tasks to queue
[2026-07-02T16:37:10.200+0000] {logging_mixin.py:188} INFO - [2026-07-02T16:37:10.199+0000] {dagbag.py:545} INFO - Filling up the DagBag from /usr/local/python/3.12.1/lib/python3.12/site-packages/airflow/example_dags/example_params_trigger_ui.py
[2026-07-02T16:37:10.208+0000] {processor.py:840} INFO - DAG(s) 'example_params_trigger_ui' retrieved from /usr/local/python/3.12.1/lib/python3.12/site-packages/airflow/example_dags/example_params_trigger_ui.py
[2026-07-02T16:37:10.239+0000] {logging_mixin.py:188} INFO - [2026-07-02T16:37:10.239+0000] {dag.py:3089} INFO - Sync 1 DAGs
[2026-07-02T16:37:10.249+0000] {logging_mixin.py:188} INFO - [2026-07-02T16:37:10.249+0000] {dag.py:3947} INFO - Setting next_dagrun for example_params_trigger_ui to None, run_after=None
[2026-07-02T16:37:10.265+0000] {processor.py:183} INFO - Processing /usr/local/python/3.12.1/lib/python3.12/site-packages/airflow/example_dags/example_params_trigger_ui.py took 0.072 seconds
[2026-07-02T16:37:57.788+0000] {processor.py:161} INFO - Started process (PID=138634) to work on /usr/local/python/3.12.1/lib/python3.12/site-packages/airflow/example_dags/example_params_trigger_ui.py
[2026-07-02T16:37:57.788+0000] {processor.py:830} INFO - Processing file /usr/local/python/3.12.1/lib/python3.12/site-packages/airflow/example_dags/example_params_trigger_ui.py for tasks to queue
[2026-07-02T16:37:57.790+0000] {logging_mixin.py:188} INFO - [2026-07-02T16:37:57.790+0000] {dagbag.py:545} INFO - Filling up the DagBag from /usr/local/python/3.12.1/lib/python3.12/site-packages/airflow/example_dags/example_params_trigger_ui.py
[2026-07-02T16:37:57.799+0000] {processor.py:840} INFO - DAG(s) 'example_params_trigger_ui' retrieved from /usr/local/python/3.12.1/lib/python3.12/site-packages/airflow/example_dags/example_params_trigger_ui.py
[2026-07-02T16:37:57.829+0000] {logging_mixin.py:188} INFO - [2026-07-02T16:37:57.828+0000] {dag.py:3089} INFO - Sync 1 DAGs
[2026-07-02T16:37:57.838+0000] {logging_mixin.py:188} INFO - [2026-07-02T16:37:57.838+0000] {dag.py:3947} INFO - Setting next_dagrun for example_params_trigger_ui to None, run_after=None
[2026-07-02T16:37:57.854+0000] {processor.py:183} INFO - Processing /usr/local/python/3.12.1/lib/python3.12/site-packages/airflow/example_dags/example_params_trigger_ui.py took 0.073 seconds
[2026-07-02T16:39:03.146+0000] {processor.py:161} INFO - Started process (PID=139917) to work on /usr/local/python/3.12.1/lib/python3.12/site-packages/airflow/example_dags/example_params_trigger_ui.py
[2026-07-02T16:39:03.148+0000] {processor.py:830} INFO - Processing file /usr/local/python/3.12.1/lib/python3.12/site-packages/airflow/example_dags/example_params_trigger_ui.py for tasks to queue
[2026-07-02T16:39:03.152+0000] {logging_mixin.py:188} INFO - [2026-07-02T16:39:03.150+0000] {dagbag.py:545} INFO - Filling up the DagBag from /usr/local/python/3.12.1/lib/python3.12/site-packages/airflow/example_dags/example_params_trigger_ui.py
[2026-07-02T16:39:03.171+0000] {processor.py:840} INFO - DAG(s) 'example_params_trigger_ui' retrieved from /usr/local/python/3.12.1/lib/python3.12/site-packages/airflow/example_dags/example_params_trigger_ui.py
[2026-07-02T16:39:03.244+0000] {logging_mixin.py:188} INFO - [2026-07-02T16:39:03.244+0000] {dag.py:3089} INFO - Sync 1 DAGs
[2026-07-02T16:39:03.257+0000] {logging_mixin.py:188} INFO - [2026-07-02T16:39:03.257+0000] {dag.py:3947} INFO - Setting next_dagrun for example_params_trigger_ui to None, run_after=None
[2026-07-02T16:39:03.280+0000] {processor.py:183} INFO - Processing /usr/local/python/3.12.1/lib/python3.12/site-packages/airflow/example_dags/example_params_trigger_ui.py took 0.147 seconds
[2026-07-02T16:39:49.357+0000] {processor.py:161} INFO - Started process (PID=140543) to work on /usr/local/python/3.12.1/lib/python3.12/site-packages/airflow/example_dags/example_params_trigger_ui.py
[2026-07-02T16:39:49.357+0000] {processor.py:830} INFO - Processing file /usr/local/python/3.12.1/lib/python3.12/site-packages/airflow/example_dags/example_params_trigger_ui.py for tasks to queue
[2026-07-02T16:39:49.359+0000] {logging_mixin.py:188} INFO - [2026-07-02T16:39:49.359+0000] {dagbag.py:545} INFO - Filling up the DagBag from /usr/local/python/3.12.1/lib/python3.12/site-packages/airflow/example_dags/example_params_trigger_ui.py
[2026-07-02T16:39:49.366+0000] {processor.py:840} INFO - DAG(s) 'example_params_trigger_ui' retrieved from /usr/local/python/3.12.1/lib/python3.12/site-packages/airflow/example_dags/example_params_trigger_ui.py
[2026-07-02T16:39:49.404+0000] {logging_mixin.py:188} INFO - [2026-07-02T16:39:49.404+0000] {dag.py:3089} INFO - Sync 1 DAGs
[2026-07-02T16:39:49.414+0000] {logging_mixin.py:188} INFO - [2026-07-02T16:39:49.414+0000] {dag.py:3947} INFO - Setting next_dagrun for example_params_trigger_ui to None, run_after=None
[2026-07-02T16:39:49.430+0000] {processor.py:183} INFO - Processing /usr/local/python/3.12.1/lib/python3.12/site-packages/airflow/example_dags/example_params_trigger_ui.py took 0.078 seconds
