[2026-07-02T16:24:50.702+0000] {processor.py:161} INFO - Started process (PID=118114) to work on /usr/local/python/3.12.1/lib/python3.12/site-packages/airflow/example_dags/example_branch_labels.py
[2026-07-02T16:24:50.703+0000] {processor.py:830} INFO - Processing file /usr/local/python/3.12.1/lib/python3.12/site-packages/airflow/example_dags/example_branch_labels.py for tasks to queue
[2026-07-02T16:24:50.704+0000] {logging_mixin.py:188} INFO - [2026-07-02T16:24:50.704+0000] {dagbag.py:545} INFO - Filling up the DagBag from /usr/local/python/3.12.1/lib/python3.12/site-packages/airflow/example_dags/example_branch_labels.py
[2026-07-02T16:24:50.710+0000] {processor.py:840} INFO - DAG(s) 'example_branch_labels' retrieved from /usr/local/python/3.12.1/lib/python3.12/site-packages/airflow/example_dags/example_branch_labels.py
[2026-07-02T16:24:50.794+0000] {logging_mixin.py:188} INFO - [2026-07-02T16:24:50.793+0000] {override.py:1858} INFO - Created Permission View: can delete on DAG:example_branch_labels
[2026-07-02T16:24:50.803+0000] {logging_mixin.py:188} INFO - [2026-07-02T16:24:50.802+0000] {override.py:1858} INFO - Created Permission View: can read on DAG:example_branch_labels
[2026-07-02T16:24:50.809+0000] {logging_mixin.py:188} INFO - [2026-07-02T16:24:50.809+0000] {override.py:1858} INFO - Created Permission View: can edit on DAG:example_branch_labels
[2026-07-02T16:24:50.809+0000] {logging_mixin.py:188} INFO - [2026-07-02T16:24:50.809+0000] {dag.py:3089} INFO - Sync 1 DAGs
[2026-07-02T16:24:50.817+0000] {logging_mixin.py:188} INFO - [2026-07-02T16:24:50.817+0000] {dag.py:3111} INFO - Creating ORM DAG for example_branch_labels
[2026-07-02T16:24:50.824+0000] {logging_mixin.py:188} INFO - [2026-07-02T16:24:50.824+0000] {dag.py:3947} INFO - Setting next_dagrun for example_branch_labels to 2026-07-01 00:00:00+00:00, run_after=2026-07-02 00:00:00+00:00
[2026-07-02T16:24:50.840+0000] {processor.py:183} INFO - Processing /usr/local/python/3.12.1/lib/python3.12/site-packages/airflow/example_dags/example_branch_labels.py took 0.143 seconds
[2026-07-02T16:26:00.148+0000] {processor.py:161} INFO - Started process (PID=123619) to work on /usr/local/python/3.12.1/lib/python3.12/site-packages/airflow/example_dags/example_branch_labels.py
[2026-07-02T16:26:00.156+0000] {processor.py:830} INFO - Processing file /usr/local/python/3.12.1/lib/python3.12/site-packages/airflow/example_dags/example_branch_labels.py for tasks to queue
[2026-07-02T16:26:00.160+0000] {logging_mixin.py:188} INFO - [2026-07-02T16:26:00.158+0000] {dagbag.py:545} INFO - Filling up the DagBag from /usr/local/python/3.12.1/lib/python3.12/site-packages/airflow/example_dags/example_branch_labels.py
[2026-07-02T16:26:00.178+0000] {processor.py:840} INFO - DAG(s) 'example_branch_labels' retrieved from /usr/local/python/3.12.1/lib/python3.12/site-packages/airflow/example_dags/example_branch_labels.py
[2026-07-02T16:26:00.237+0000] {logging_mixin.py:188} INFO - [2026-07-02T16:26:00.236+0000] {dag.py:3089} INFO - Sync 1 DAGs
[2026-07-02T16:26:00.316+0000] {logging_mixin.py:188} INFO - [2026-07-02T16:26:00.315+0000] {dag.py:3947} INFO - Setting next_dagrun for example_branch_labels to 2026-07-01 00:00:00+00:00, run_after=2026-07-02 00:00:00+00:00
[2026-07-02T16:26:00.375+0000] {processor.py:183} INFO - Processing /usr/local/python/3.12.1/lib/python3.12/site-packages/airflow/example_dags/example_branch_labels.py took 0.254 seconds
[2026-07-02T16:27:41.730+0000] {processor.py:161} INFO - Started process (PID=128415) to work on /usr/local/python/3.12.1/lib/python3.12/site-packages/airflow/example_dags/example_branch_labels.py
[2026-07-02T16:27:41.737+0000] {processor.py:830} INFO - Processing file /usr/local/python/3.12.1/lib/python3.12/site-packages/airflow/example_dags/example_branch_labels.py for tasks to queue
[2026-07-02T16:27:41.742+0000] {logging_mixin.py:188} INFO - [2026-07-02T16:27:41.742+0000] {dagbag.py:545} INFO - Filling up the DagBag from /usr/local/python/3.12.1/lib/python3.12/site-packages/airflow/example_dags/example_branch_labels.py
[2026-07-02T16:27:41.774+0000] {processor.py:840} INFO - DAG(s) 'example_branch_labels' retrieved from /usr/local/python/3.12.1/lib/python3.12/site-packages/airflow/example_dags/example_branch_labels.py
[2026-07-02T16:27:41.828+0000] {logging_mixin.py:188} INFO - [2026-07-02T16:27:41.827+0000] {dag.py:3089} INFO - Sync 1 DAGs
[2026-07-02T16:27:41.902+0000] {logging_mixin.py:188} INFO - [2026-07-02T16:27:41.901+0000] {dag.py:3947} INFO - Setting next_dagrun for example_branch_labels to 2026-07-01 00:00:00+00:00, run_after=2026-07-02 00:00:00+00:00
[2026-07-02T16:27:41.947+0000] {processor.py:183} INFO - Processing /usr/local/python/3.12.1/lib/python3.12/site-packages/airflow/example_dags/example_branch_labels.py took 0.257 seconds
[2026-07-02T16:28:39.445+0000] {processor.py:161} INFO - Started process (PID=129253) to work on /usr/local/python/3.12.1/lib/python3.12/site-packages/airflow/example_dags/example_branch_labels.py
[2026-07-02T16:28:39.447+0000] {processor.py:830} INFO - Processing file /usr/local/python/3.12.1/lib/python3.12/site-packages/airflow/example_dags/example_branch_labels.py for tasks to queue
[2026-07-02T16:28:39.449+0000] {logging_mixin.py:188} INFO - [2026-07-02T16:28:39.449+0000] {dagbag.py:545} INFO - Filling up the DagBag from /usr/local/python/3.12.1/lib/python3.12/site-packages/airflow/example_dags/example_branch_labels.py
[2026-07-02T16:28:39.462+0000] {processor.py:840} INFO - DAG(s) 'example_branch_labels' retrieved from /usr/local/python/3.12.1/lib/python3.12/site-packages/airflow/example_dags/example_branch_labels.py
[2026-07-02T16:28:39.487+0000] {logging_mixin.py:188} INFO - [2026-07-02T16:28:39.487+0000] {dag.py:3089} INFO - Sync 1 DAGs
[2026-07-02T16:28:39.516+0000] {logging_mixin.py:188} INFO - [2026-07-02T16:28:39.516+0000] {dag.py:3947} INFO - Setting next_dagrun for example_branch_labels to 2026-07-01 00:00:00+00:00, run_after=2026-07-02 00:00:00+00:00
[2026-07-02T16:28:39.556+0000] {processor.py:183} INFO - Processing /usr/local/python/3.12.1/lib/python3.12/site-packages/airflow/example_dags/example_branch_labels.py took 0.117 seconds
[2026-07-02T16:29:45.186+0000] {processor.py:161} INFO - Started process (PID=130045) to work on /usr/local/python/3.12.1/lib/python3.12/site-packages/airflow/example_dags/example_branch_labels.py
[2026-07-02T16:29:45.188+0000] {processor.py:830} INFO - Processing file /usr/local/python/3.12.1/lib/python3.12/site-packages/airflow/example_dags/example_branch_labels.py for tasks to queue
[2026-07-02T16:29:45.190+0000] {logging_mixin.py:188} INFO - [2026-07-02T16:29:45.190+0000] {dagbag.py:545} INFO - Filling up the DagBag from /usr/local/python/3.12.1/lib/python3.12/site-packages/airflow/example_dags/example_branch_labels.py
[2026-07-02T16:29:45.198+0000] {processor.py:840} INFO - DAG(s) 'example_branch_labels' retrieved from /usr/local/python/3.12.1/lib/python3.12/site-packages/airflow/example_dags/example_branch_labels.py
[2026-07-02T16:29:45.213+0000] {logging_mixin.py:188} INFO - [2026-07-02T16:29:45.213+0000] {dag.py:3089} INFO - Sync 1 DAGs
[2026-07-02T16:29:45.231+0000] {logging_mixin.py:188} INFO - [2026-07-02T16:29:45.231+0000] {dag.py:3947} INFO - Setting next_dagrun for example_branch_labels to 2026-07-01 00:00:00+00:00, run_after=2026-07-02 00:00:00+00:00
[2026-07-02T16:29:45.247+0000] {processor.py:183} INFO - Processing /usr/local/python/3.12.1/lib/python3.12/site-packages/airflow/example_dags/example_branch_labels.py took 0.068 seconds
[2026-07-02T16:31:02.880+0000] {processor.py:161} INFO - Started process (PID=130937) to work on /usr/local/python/3.12.1/lib/python3.12/site-packages/airflow/example_dags/example_branch_labels.py
[2026-07-02T16:31:02.881+0000] {processor.py:830} INFO - Processing file /usr/local/python/3.12.1/lib/python3.12/site-packages/airflow/example_dags/example_branch_labels.py for tasks to queue
[2026-07-02T16:31:02.883+0000] {logging_mixin.py:188} INFO - [2026-07-02T16:31:02.882+0000] {dagbag.py:545} INFO - Filling up the DagBag from /usr/local/python/3.12.1/lib/python3.12/site-packages/airflow/example_dags/example_branch_labels.py
[2026-07-02T16:31:02.892+0000] {processor.py:840} INFO - DAG(s) 'example_branch_labels' retrieved from /usr/local/python/3.12.1/lib/python3.12/site-packages/airflow/example_dags/example_branch_labels.py
[2026-07-02T16:31:02.906+0000] {logging_mixin.py:188} INFO - [2026-07-02T16:31:02.906+0000] {dag.py:3089} INFO - Sync 1 DAGs
[2026-07-02T16:31:02.922+0000] {logging_mixin.py:188} INFO - [2026-07-02T16:31:02.922+0000] {dag.py:3947} INFO - Setting next_dagrun for example_branch_labels to 2026-07-01 00:00:00+00:00, run_after=2026-07-02 00:00:00+00:00
[2026-07-02T16:31:02.942+0000] {processor.py:183} INFO - Processing /usr/local/python/3.12.1/lib/python3.12/site-packages/airflow/example_dags/example_branch_labels.py took 0.068 seconds
[2026-07-02T16:32:17.670+0000] {processor.py:161} INFO - Started process (PID=132901) to work on /usr/local/python/3.12.1/lib/python3.12/site-packages/airflow/example_dags/example_branch_labels.py
[2026-07-02T16:32:17.673+0000] {processor.py:830} INFO - Processing file /usr/local/python/3.12.1/lib/python3.12/site-packages/airflow/example_dags/example_branch_labels.py for tasks to queue
[2026-07-02T16:32:17.675+0000] {logging_mixin.py:188} INFO - [2026-07-02T16:32:17.675+0000] {dagbag.py:545} INFO - Filling up the DagBag from /usr/local/python/3.12.1/lib/python3.12/site-packages/airflow/example_dags/example_branch_labels.py
[2026-07-02T16:32:17.684+0000] {processor.py:840} INFO - DAG(s) 'example_branch_labels' retrieved from /usr/local/python/3.12.1/lib/python3.12/site-packages/airflow/example_dags/example_branch_labels.py
[2026-07-02T16:32:17.699+0000] {logging_mixin.py:188} INFO - [2026-07-02T16:32:17.699+0000] {dag.py:3089} INFO - Sync 1 DAGs
[2026-07-02T16:32:17.715+0000] {logging_mixin.py:188} INFO - [2026-07-02T16:32:17.714+0000] {dag.py:3947} INFO - Setting next_dagrun for example_branch_labels to 2026-07-01 00:00:00+00:00, run_after=2026-07-02 00:00:00+00:00
[2026-07-02T16:32:17.731+0000] {processor.py:183} INFO - Processing /usr/local/python/3.12.1/lib/python3.12/site-packages/airflow/example_dags/example_branch_labels.py took 0.066 seconds
[2026-07-02T16:33:32.412+0000] {processor.py:161} INFO - Started process (PID=133770) to work on /usr/local/python/3.12.1/lib/python3.12/site-packages/airflow/example_dags/example_branch_labels.py
[2026-07-02T16:33:32.413+0000] {processor.py:830} INFO - Processing file /usr/local/python/3.12.1/lib/python3.12/site-packages/airflow/example_dags/example_branch_labels.py for tasks to queue
[2026-07-02T16:33:32.414+0000] {logging_mixin.py:188} INFO - [2026-07-02T16:33:32.414+0000] {dagbag.py:545} INFO - Filling up the DagBag from /usr/local/python/3.12.1/lib/python3.12/site-packages/airflow/example_dags/example_branch_labels.py
[2026-07-02T16:33:32.421+0000] {processor.py:840} INFO - DAG(s) 'example_branch_labels' retrieved from /usr/local/python/3.12.1/lib/python3.12/site-packages/airflow/example_dags/example_branch_labels.py
[2026-07-02T16:33:32.434+0000] {logging_mixin.py:188} INFO - [2026-07-02T16:33:32.434+0000] {dag.py:3089} INFO - Sync 1 DAGs
[2026-07-02T16:33:32.449+0000] {logging_mixin.py:188} INFO - [2026-07-02T16:33:32.449+0000] {dag.py:3947} INFO - Setting next_dagrun for example_branch_labels to 2026-07-01 00:00:00+00:00, run_after=2026-07-02 00:00:00+00:00
[2026-07-02T16:33:32.464+0000] {processor.py:183} INFO - Processing /usr/local/python/3.12.1/lib/python3.12/site-packages/airflow/example_dags/example_branch_labels.py took 0.057 seconds
[2026-07-02T16:34:46.971+0000] {processor.py:161} INFO - Started process (PID=134692) to work on /usr/local/python/3.12.1/lib/python3.12/site-packages/airflow/example_dags/example_branch_labels.py
[2026-07-02T16:34:46.972+0000] {processor.py:830} INFO - Processing file /usr/local/python/3.12.1/lib/python3.12/site-packages/airflow/example_dags/example_branch_labels.py for tasks to queue
[2026-07-02T16:34:46.973+0000] {logging_mixin.py:188} INFO - [2026-07-02T16:34:46.973+0000] {dagbag.py:545} INFO - Filling up the DagBag from /usr/local/python/3.12.1/lib/python3.12/site-packages/airflow/example_dags/example_branch_labels.py
[2026-07-02T16:34:46.990+0000] {processor.py:840} INFO - DAG(s) 'example_branch_labels' retrieved from /usr/local/python/3.12.1/lib/python3.12/site-packages/airflow/example_dags/example_branch_labels.py
[2026-07-02T16:34:47.010+0000] {logging_mixin.py:188} INFO - [2026-07-02T16:34:47.010+0000] {dag.py:3089} INFO - Sync 1 DAGs
[2026-07-02T16:34:47.026+0000] {logging_mixin.py:188} INFO - [2026-07-02T16:34:47.025+0000] {dag.py:3947} INFO - Setting next_dagrun for example_branch_labels to 2026-07-01 00:00:00+00:00, run_after=2026-07-02 00:00:00+00:00
[2026-07-02T16:34:47.041+0000] {processor.py:183} INFO - Processing /usr/local/python/3.12.1/lib/python3.12/site-packages/airflow/example_dags/example_branch_labels.py took 0.076 seconds
[2026-07-02T16:36:09.729+0000] {processor.py:161} INFO - Started process (PID=136525) to work on /usr/local/python/3.12.1/lib/python3.12/site-packages/airflow/example_dags/example_branch_labels.py
[2026-07-02T16:36:09.730+0000] {processor.py:830} INFO - Processing file /usr/local/python/3.12.1/lib/python3.12/site-packages/airflow/example_dags/example_branch_labels.py for tasks to queue
[2026-07-02T16:36:09.732+0000] {logging_mixin.py:188} INFO - [2026-07-02T16:36:09.732+0000] {dagbag.py:545} INFO - Filling up the DagBag from /usr/local/python/3.12.1/lib/python3.12/site-packages/airflow/example_dags/example_branch_labels.py
[2026-07-02T16:36:09.739+0000] {processor.py:840} INFO - DAG(s) 'example_branch_labels' retrieved from /usr/local/python/3.12.1/lib/python3.12/site-packages/airflow/example_dags/example_branch_labels.py
[2026-07-02T16:36:09.752+0000] {logging_mixin.py:188} INFO - [2026-07-02T16:36:09.752+0000] {dag.py:3089} INFO - Sync 1 DAGs
[2026-07-02T16:36:09.770+0000] {logging_mixin.py:188} INFO - [2026-07-02T16:36:09.769+0000] {dag.py:3947} INFO - Setting next_dagrun for example_branch_labels to 2026-07-01 00:00:00+00:00, run_after=2026-07-02 00:00:00+00:00
[2026-07-02T16:36:09.791+0000] {processor.py:183} INFO - Processing /usr/local/python/3.12.1/lib/python3.12/site-packages/airflow/example_dags/example_branch_labels.py took 0.067 seconds
[2026-07-02T16:37:18.769+0000] {processor.py:161} INFO - Started process (PID=137428) to work on /usr/local/python/3.12.1/lib/python3.12/site-packages/airflow/example_dags/example_branch_labels.py
[2026-07-02T16:37:18.769+0000] {processor.py:830} INFO - Processing file /usr/local/python/3.12.1/lib/python3.12/site-packages/airflow/example_dags/example_branch_labels.py for tasks to queue
[2026-07-02T16:37:18.772+0000] {logging_mixin.py:188} INFO - [2026-07-02T16:37:18.771+0000] {dagbag.py:545} INFO - Filling up the DagBag from /usr/local/python/3.12.1/lib/python3.12/site-packages/airflow/example_dags/example_branch_labels.py
[2026-07-02T16:37:18.780+0000] {processor.py:840} INFO - DAG(s) 'example_branch_labels' retrieved from /usr/local/python/3.12.1/lib/python3.12/site-packages/airflow/example_dags/example_branch_labels.py
[2026-07-02T16:37:18.797+0000] {logging_mixin.py:188} INFO - [2026-07-02T16:37:18.797+0000] {dag.py:3089} INFO - Sync 1 DAGs
[2026-07-02T16:37:18.813+0000] {logging_mixin.py:188} INFO - [2026-07-02T16:37:18.813+0000] {dag.py:3947} INFO - Setting next_dagrun for example_branch_labels to 2026-07-01 00:00:00+00:00, run_after=2026-07-02 00:00:00+00:00
[2026-07-02T16:37:18.829+0000] {processor.py:183} INFO - Processing /usr/local/python/3.12.1/lib/python3.12/site-packages/airflow/example_dags/example_branch_labels.py took 0.065 seconds
[2026-07-02T16:38:23.760+0000] {processor.py:161} INFO - Started process (PID=139380) to work on /usr/local/python/3.12.1/lib/python3.12/site-packages/airflow/example_dags/example_branch_labels.py
[2026-07-02T16:38:23.761+0000] {processor.py:830} INFO - Processing file /usr/local/python/3.12.1/lib/python3.12/site-packages/airflow/example_dags/example_branch_labels.py for tasks to queue
[2026-07-02T16:38:23.763+0000] {logging_mixin.py:188} INFO - [2026-07-02T16:38:23.763+0000] {dagbag.py:545} INFO - Filling up the DagBag from /usr/local/python/3.12.1/lib/python3.12/site-packages/airflow/example_dags/example_branch_labels.py
[2026-07-02T16:38:23.772+0000] {processor.py:840} INFO - DAG(s) 'example_branch_labels' retrieved from /usr/local/python/3.12.1/lib/python3.12/site-packages/airflow/example_dags/example_branch_labels.py
[2026-07-02T16:38:23.791+0000] {logging_mixin.py:188} INFO - [2026-07-02T16:38:23.791+0000] {dag.py:3089} INFO - Sync 1 DAGs
[2026-07-02T16:38:23.811+0000] {logging_mixin.py:188} INFO - [2026-07-02T16:38:23.811+0000] {dag.py:3947} INFO - Setting next_dagrun for example_branch_labels to 2026-07-01 00:00:00+00:00, run_after=2026-07-02 00:00:00+00:00
[2026-07-02T16:38:23.831+0000] {processor.py:183} INFO - Processing /usr/local/python/3.12.1/lib/python3.12/site-packages/airflow/example_dags/example_branch_labels.py took 0.079 seconds
[2026-07-02T16:39:33.602+0000] {processor.py:161} INFO - Started process (PID=140332) to work on /usr/local/python/3.12.1/lib/python3.12/site-packages/airflow/example_dags/example_branch_labels.py
[2026-07-02T16:39:33.603+0000] {processor.py:830} INFO - Processing file /usr/local/python/3.12.1/lib/python3.12/site-packages/airflow/example_dags/example_branch_labels.py for tasks to queue
[2026-07-02T16:39:33.605+0000] {logging_mixin.py:188} INFO - [2026-07-02T16:39:33.604+0000] {dagbag.py:545} INFO - Filling up the DagBag from /usr/local/python/3.12.1/lib/python3.12/site-packages/airflow/example_dags/example_branch_labels.py
[2026-07-02T16:39:33.611+0000] {processor.py:840} INFO - DAG(s) 'example_branch_labels' retrieved from /usr/local/python/3.12.1/lib/python3.12/site-packages/airflow/example_dags/example_branch_labels.py
[2026-07-02T16:39:33.624+0000] {logging_mixin.py:188} INFO - [2026-07-02T16:39:33.624+0000] {dag.py:3089} INFO - Sync 1 DAGs
[2026-07-02T16:39:33.640+0000] {logging_mixin.py:188} INFO - [2026-07-02T16:39:33.639+0000] {dag.py:3947} INFO - Setting next_dagrun for example_branch_labels to 2026-07-01 00:00:00+00:00, run_after=2026-07-02 00:00:00+00:00
[2026-07-02T16:39:33.655+0000] {processor.py:183} INFO - Processing /usr/local/python/3.12.1/lib/python3.12/site-packages/airflow/example_dags/example_branch_labels.py took 0.058 seconds
[2026-07-02T16:40:49.339+0000] {processor.py:161} INFO - Started process (PID=141449) to work on /usr/local/python/3.12.1/lib/python3.12/site-packages/airflow/example_dags/example_branch_labels.py
[2026-07-02T16:40:49.340+0000] {processor.py:830} INFO - Processing file /usr/local/python/3.12.1/lib/python3.12/site-packages/airflow/example_dags/example_branch_labels.py for tasks to queue
[2026-07-02T16:40:49.342+0000] {logging_mixin.py:188} INFO - [2026-07-02T16:40:49.341+0000] {dagbag.py:545} INFO - Filling up the DagBag from /usr/local/python/3.12.1/lib/python3.12/site-packages/airflow/example_dags/example_branch_labels.py
[2026-07-02T16:40:49.348+0000] {processor.py:840} INFO - DAG(s) 'example_branch_labels' retrieved from /usr/local/python/3.12.1/lib/python3.12/site-packages/airflow/example_dags/example_branch_labels.py
[2026-07-02T16:40:49.361+0000] {logging_mixin.py:188} INFO - [2026-07-02T16:40:49.361+0000] {dag.py:3089} INFO - Sync 1 DAGs
[2026-07-02T16:40:49.377+0000] {logging_mixin.py:188} INFO - [2026-07-02T16:40:49.377+0000] {dag.py:3947} INFO - Setting next_dagrun for example_branch_labels to 2026-07-01 00:00:00+00:00, run_after=2026-07-02 00:00:00+00:00
[2026-07-02T16:40:49.394+0000] {processor.py:183} INFO - Processing /usr/local/python/3.12.1/lib/python3.12/site-packages/airflow/example_dags/example_branch_labels.py took 0.059 seconds
[2026-07-02T16:41:46.049+0000] {processor.py:161} INFO - Started process (PID=142415) to work on /usr/local/python/3.12.1/lib/python3.12/site-packages/airflow/example_dags/example_branch_labels.py
[2026-07-02T16:41:46.068+0000] {processor.py:830} INFO - Processing file /usr/local/python/3.12.1/lib/python3.12/site-packages/airflow/example_dags/example_branch_labels.py for tasks to queue
[2026-07-02T16:41:46.080+0000] {logging_mixin.py:188} INFO - [2026-07-02T16:41:46.080+0000] {dagbag.py:545} INFO - Filling up the DagBag from /usr/local/python/3.12.1/lib/python3.12/site-packages/airflow/example_dags/example_branch_labels.py
[2026-07-02T16:41:46.338+0000] {processor.py:840} INFO - DAG(s) 'example_branch_labels' retrieved from /usr/local/python/3.12.1/lib/python3.12/site-packages/airflow/example_dags/example_branch_labels.py
[2026-07-02T16:41:46.384+0000] {logging_mixin.py:188} INFO - [2026-07-02T16:41:46.383+0000] {dag.py:3089} INFO - Sync 1 DAGs
[2026-07-02T16:41:46.411+0000] {logging_mixin.py:188} INFO - [2026-07-02T16:41:46.410+0000] {dag.py:3947} INFO - Setting next_dagrun for example_branch_labels to 2026-07-01 00:00:00+00:00, run_after=2026-07-02 00:00:00+00:00
[2026-07-02T16:41:46.439+0000] {processor.py:183} INFO - Processing /usr/local/python/3.12.1/lib/python3.12/site-packages/airflow/example_dags/example_branch_labels.py took 0.624 seconds
[2026-07-02T16:43:00.363+0000] {processor.py:161} INFO - Started process (PID=143483) to work on /usr/local/python/3.12.1/lib/python3.12/site-packages/airflow/example_dags/example_branch_labels.py
[2026-07-02T16:43:00.365+0000] {processor.py:830} INFO - Processing file /usr/local/python/3.12.1/lib/python3.12/site-packages/airflow/example_dags/example_branch_labels.py for tasks to queue
[2026-07-02T16:43:00.367+0000] {logging_mixin.py:188} INFO - [2026-07-02T16:43:00.367+0000] {dagbag.py:545} INFO - Filling up the DagBag from /usr/local/python/3.12.1/lib/python3.12/site-packages/airflow/example_dags/example_branch_labels.py
[2026-07-02T16:43:00.373+0000] {processor.py:840} INFO - DAG(s) 'example_branch_labels' retrieved from /usr/local/python/3.12.1/lib/python3.12/site-packages/airflow/example_dags/example_branch_labels.py
[2026-07-02T16:43:00.391+0000] {logging_mixin.py:188} INFO - [2026-07-02T16:43:00.391+0000] {dag.py:3089} INFO - Sync 1 DAGs
[2026-07-02T16:43:00.408+0000] {logging_mixin.py:188} INFO - [2026-07-02T16:43:00.408+0000] {dag.py:3947} INFO - Setting next_dagrun for example_branch_labels to 2026-07-01 00:00:00+00:00, run_after=2026-07-02 00:00:00+00:00
[2026-07-02T16:43:00.424+0000] {processor.py:183} INFO - Processing /usr/local/python/3.12.1/lib/python3.12/site-packages/airflow/example_dags/example_branch_labels.py took 0.067 seconds
[2026-07-02T16:44:07.745+0000] {processor.py:161} INFO - Started process (PID=145162) to work on /usr/local/python/3.12.1/lib/python3.12/site-packages/airflow/example_dags/example_branch_labels.py
[2026-07-02T16:44:07.749+0000] {processor.py:830} INFO - Processing file /usr/local/python/3.12.1/lib/python3.12/site-packages/airflow/example_dags/example_branch_labels.py for tasks to queue
[2026-07-02T16:44:07.750+0000] {logging_mixin.py:188} INFO - [2026-07-02T16:44:07.750+0000] {dagbag.py:545} INFO - Filling up the DagBag from /usr/local/python/3.12.1/lib/python3.12/site-packages/airflow/example_dags/example_branch_labels.py
[2026-07-02T16:44:07.756+0000] {processor.py:840} INFO - DAG(s) 'example_branch_labels' retrieved from /usr/local/python/3.12.1/lib/python3.12/site-packages/airflow/example_dags/example_branch_labels.py
[2026-07-02T16:44:07.770+0000] {logging_mixin.py:188} INFO - [2026-07-02T16:44:07.769+0000] {dag.py:3089} INFO - Sync 1 DAGs
[2026-07-02T16:44:07.789+0000] {logging_mixin.py:188} INFO - [2026-07-02T16:44:07.789+0000] {dag.py:3947} INFO - Setting next_dagrun for example_branch_labels to 2026-07-01 00:00:00+00:00, run_after=2026-07-02 00:00:00+00:00
[2026-07-02T16:44:07.808+0000] {processor.py:183} INFO - Processing /usr/local/python/3.12.1/lib/python3.12/site-packages/airflow/example_dags/example_branch_labels.py took 0.067 seconds
[2026-07-02T16:45:06.734+0000] {processor.py:161} INFO - Started process (PID=146705) to work on /usr/local/python/3.12.1/lib/python3.12/site-packages/airflow/example_dags/example_branch_labels.py
[2026-07-02T16:45:06.739+0000] {processor.py:830} INFO - Processing file /usr/local/python/3.12.1/lib/python3.12/site-packages/airflow/example_dags/example_branch_labels.py for tasks to queue
[2026-07-02T16:45:06.741+0000] {logging_mixin.py:188} INFO - [2026-07-02T16:45:06.740+0000] {dagbag.py:545} INFO - Filling up the DagBag from /usr/local/python/3.12.1/lib/python3.12/site-packages/airflow/example_dags/example_branch_labels.py
[2026-07-02T16:45:06.747+0000] {processor.py:840} INFO - DAG(s) 'example_branch_labels' retrieved from /usr/local/python/3.12.1/lib/python3.12/site-packages/airflow/example_dags/example_branch_labels.py
[2026-07-02T16:45:06.762+0000] {logging_mixin.py:188} INFO - [2026-07-02T16:45:06.761+0000] {dag.py:3089} INFO - Sync 1 DAGs
[2026-07-02T16:45:06.778+0000] {logging_mixin.py:188} INFO - [2026-07-02T16:45:06.777+0000] {dag.py:3947} INFO - Setting next_dagrun for example_branch_labels to 2026-07-01 00:00:00+00:00, run_after=2026-07-02 00:00:00+00:00
[2026-07-02T16:45:06.798+0000] {processor.py:183} INFO - Processing /usr/local/python/3.12.1/lib/python3.12/site-packages/airflow/example_dags/example_branch_labels.py took 0.068 seconds
[2026-07-02T16:46:15.316+0000] {processor.py:161} INFO - Started process (PID=149217) to work on /usr/local/python/3.12.1/lib/python3.12/site-packages/airflow/example_dags/example_branch_labels.py
[2026-07-02T16:46:15.319+0000] {processor.py:830} INFO - Processing file /usr/local/python/3.12.1/lib/python3.12/site-packages/airflow/example_dags/example_branch_labels.py for tasks to queue
[2026-07-02T16:46:15.322+0000] {logging_mixin.py:188} INFO - [2026-07-02T16:46:15.321+0000] {dagbag.py:545} INFO - Filling up the DagBag from /usr/local/python/3.12.1/lib/python3.12/site-packages/airflow/example_dags/example_branch_labels.py
[2026-07-02T16:46:15.340+0000] {processor.py:840} INFO - DAG(s) 'example_branch_labels' retrieved from /usr/local/python/3.12.1/lib/python3.12/site-packages/airflow/example_dags/example_branch_labels.py
[2026-07-02T16:46:15.377+0000] {logging_mixin.py:188} INFO - [2026-07-02T16:46:15.377+0000] {dag.py:3089} INFO - Sync 1 DAGs
[2026-07-02T16:46:15.416+0000] {logging_mixin.py:188} INFO - [2026-07-02T16:46:15.415+0000] {dag.py:3947} INFO - Setting next_dagrun for example_branch_labels to 2026-07-01 00:00:00+00:00, run_after=2026-07-02 00:00:00+00:00
[2026-07-02T16:46:15.462+0000] {processor.py:183} INFO - Processing /usr/local/python/3.12.1/lib/python3.12/site-packages/airflow/example_dags/example_branch_labels.py took 0.153 seconds
[2026-07-02T16:47:16.276+0000] {processor.py:161} INFO - Started process (PID=151450) to work on /usr/local/python/3.12.1/lib/python3.12/site-packages/airflow/example_dags/example_branch_labels.py
[2026-07-02T16:47:16.276+0000] {processor.py:830} INFO - Processing file /usr/local/python/3.12.1/lib/python3.12/site-packages/airflow/example_dags/example_branch_labels.py for tasks to queue
[2026-07-02T16:47:16.278+0000] {logging_mixin.py:188} INFO - [2026-07-02T16:47:16.278+0000] {dagbag.py:545} INFO - Filling up the DagBag from /usr/local/python/3.12.1/lib/python3.12/site-packages/airflow/example_dags/example_branch_labels.py
[2026-07-02T16:47:16.287+0000] {processor.py:840} INFO - DAG(s) 'example_branch_labels' retrieved from /usr/local/python/3.12.1/lib/python3.12/site-packages/airflow/example_dags/example_branch_labels.py
[2026-07-02T16:47:16.303+0000] {logging_mixin.py:188} INFO - [2026-07-02T16:47:16.303+0000] {dag.py:3089} INFO - Sync 1 DAGs
[2026-07-02T16:47:16.319+0000] {logging_mixin.py:188} INFO - [2026-07-02T16:47:16.318+0000] {dag.py:3947} INFO - Setting next_dagrun for example_branch_labels to 2026-07-01 00:00:00+00:00, run_after=2026-07-02 00:00:00+00:00
[2026-07-02T16:47:16.337+0000] {processor.py:183} INFO - Processing /usr/local/python/3.12.1/lib/python3.12/site-packages/airflow/example_dags/example_branch_labels.py took 0.067 seconds
