[2026-07-02T16:24:23.022+0000] {processor.py:161} INFO - Started process (PID=117693) to work on /usr/local/python/3.12.1/lib/python3.12/site-packages/airflow/example_dags/example_short_circuit_operator.py
[2026-07-02T16:24:23.023+0000] {processor.py:830} INFO - Processing file /usr/local/python/3.12.1/lib/python3.12/site-packages/airflow/example_dags/example_short_circuit_operator.py for tasks to queue
[2026-07-02T16:24:23.024+0000] {logging_mixin.py:188} INFO - [2026-07-02T16:24:23.024+0000] {dagbag.py:545} INFO - Filling up the DagBag from /usr/local/python/3.12.1/lib/python3.12/site-packages/airflow/example_dags/example_short_circuit_operator.py
[2026-07-02T16:24:23.030+0000] {processor.py:840} INFO - DAG(s) 'example_short_circuit_operator' retrieved from /usr/local/python/3.12.1/lib/python3.12/site-packages/airflow/example_dags/example_short_circuit_operator.py
[2026-07-02T16:24:23.117+0000] {logging_mixin.py:188} INFO - [2026-07-02T16:24:23.116+0000] {override.py:1858} INFO - Created Permission View: can delete on DAG:example_short_circuit_operator
[2026-07-02T16:24:23.126+0000] {logging_mixin.py:188} INFO - [2026-07-02T16:24:23.126+0000] {override.py:1858} INFO - Created Permission View: can read on DAG:example_short_circuit_operator
[2026-07-02T16:24:23.134+0000] {logging_mixin.py:188} INFO - [2026-07-02T16:24:23.134+0000] {override.py:1858} INFO - Created Permission View: can edit on DAG:example_short_circuit_operator
[2026-07-02T16:24:23.135+0000] {logging_mixin.py:188} INFO - [2026-07-02T16:24:23.135+0000] {dag.py:3089} INFO - Sync 1 DAGs
[2026-07-02T16:24:23.147+0000] {logging_mixin.py:188} INFO - [2026-07-02T16:24:23.147+0000] {dag.py:3111} INFO - Creating ORM DAG for example_short_circuit_operator
[2026-07-02T16:24:23.159+0000] {logging_mixin.py:188} INFO - [2026-07-02T16:24:23.159+0000] {dag.py:3947} INFO - Setting next_dagrun for example_short_circuit_operator to 2026-07-01 00:00:00+00:00, run_after=2026-07-02 00:00:00+00:00
[2026-07-02T16:24:23.182+0000] {processor.py:183} INFO - Processing /usr/local/python/3.12.1/lib/python3.12/site-packages/airflow/example_dags/example_short_circuit_operator.py took 0.164 seconds
[2026-07-02T16:25:16.511+0000] {processor.py:161} INFO - Started process (PID=118446) to work on /usr/local/python/3.12.1/lib/python3.12/site-packages/airflow/example_dags/example_short_circuit_operator.py
[2026-07-02T16:25:16.511+0000] {processor.py:830} INFO - Processing file /usr/local/python/3.12.1/lib/python3.12/site-packages/airflow/example_dags/example_short_circuit_operator.py for tasks to queue
[2026-07-02T16:25:16.513+0000] {logging_mixin.py:188} INFO - [2026-07-02T16:25:16.513+0000] {dagbag.py:545} INFO - Filling up the DagBag from /usr/local/python/3.12.1/lib/python3.12/site-packages/airflow/example_dags/example_short_circuit_operator.py
[2026-07-02T16:25:16.519+0000] {processor.py:840} INFO - DAG(s) 'example_short_circuit_operator' retrieved from /usr/local/python/3.12.1/lib/python3.12/site-packages/airflow/example_dags/example_short_circuit_operator.py
[2026-07-02T16:25:16.534+0000] {logging_mixin.py:188} INFO - [2026-07-02T16:25:16.534+0000] {dag.py:3089} INFO - Sync 1 DAGs
[2026-07-02T16:25:16.551+0000] {logging_mixin.py:188} INFO - [2026-07-02T16:25:16.551+0000] {dag.py:3947} INFO - Setting next_dagrun for example_short_circuit_operator to 2026-07-01 00:00:00+00:00, run_after=2026-07-02 00:00:00+00:00
[2026-07-02T16:25:16.567+0000] {processor.py:183} INFO - Processing /usr/local/python/3.12.1/lib/python3.12/site-packages/airflow/example_dags/example_short_circuit_operator.py took 0.060 seconds
[2026-07-02T16:26:11.976+0000] {processor.py:161} INFO - Started process (PID=124911) to work on /usr/local/python/3.12.1/lib/python3.12/site-packages/airflow/example_dags/example_short_circuit_operator.py
[2026-07-02T16:26:11.982+0000] {processor.py:830} INFO - Processing file /usr/local/python/3.12.1/lib/python3.12/site-packages/airflow/example_dags/example_short_circuit_operator.py for tasks to queue
[2026-07-02T16:26:11.988+0000] {logging_mixin.py:188} INFO - [2026-07-02T16:26:11.987+0000] {dagbag.py:545} INFO - Filling up the DagBag from /usr/local/python/3.12.1/lib/python3.12/site-packages/airflow/example_dags/example_short_circuit_operator.py
[2026-07-02T16:26:12.028+0000] {processor.py:840} INFO - DAG(s) 'example_short_circuit_operator' retrieved from /usr/local/python/3.12.1/lib/python3.12/site-packages/airflow/example_dags/example_short_circuit_operator.py
[2026-07-02T16:26:12.073+0000] {logging_mixin.py:188} INFO - [2026-07-02T16:26:12.073+0000] {dag.py:3089} INFO - Sync 1 DAGs
[2026-07-02T16:26:12.148+0000] {logging_mixin.py:188} INFO - [2026-07-02T16:26:12.147+0000] {dag.py:3947} INFO - Setting next_dagrun for example_short_circuit_operator to 2026-07-01 00:00:00+00:00, run_after=2026-07-02 00:00:00+00:00
[2026-07-02T16:26:12.323+0000] {processor.py:183} INFO - Processing /usr/local/python/3.12.1/lib/python3.12/site-packages/airflow/example_dags/example_short_circuit_operator.py took 0.367 seconds
[2026-07-02T16:27:25.442+0000] {processor.py:161} INFO - Started process (PID=128190) to work on /usr/local/python/3.12.1/lib/python3.12/site-packages/airflow/example_dags/example_short_circuit_operator.py
[2026-07-02T16:27:25.443+0000] {processor.py:830} INFO - Processing file /usr/local/python/3.12.1/lib/python3.12/site-packages/airflow/example_dags/example_short_circuit_operator.py for tasks to queue
[2026-07-02T16:27:25.445+0000] {logging_mixin.py:188} INFO - [2026-07-02T16:27:25.445+0000] {dagbag.py:545} INFO - Filling up the DagBag from /usr/local/python/3.12.1/lib/python3.12/site-packages/airflow/example_dags/example_short_circuit_operator.py
[2026-07-02T16:27:25.456+0000] {processor.py:840} INFO - DAG(s) 'example_short_circuit_operator' retrieved from /usr/local/python/3.12.1/lib/python3.12/site-packages/airflow/example_dags/example_short_circuit_operator.py
[2026-07-02T16:27:25.479+0000] {logging_mixin.py:188} INFO - [2026-07-02T16:27:25.479+0000] {dag.py:3089} INFO - Sync 1 DAGs
[2026-07-02T16:27:25.502+0000] {logging_mixin.py:188} INFO - [2026-07-02T16:27:25.501+0000] {dag.py:3947} INFO - Setting next_dagrun for example_short_circuit_operator to 2026-07-01 00:00:00+00:00, run_after=2026-07-02 00:00:00+00:00
[2026-07-02T16:27:25.536+0000] {processor.py:183} INFO - Processing /usr/local/python/3.12.1/lib/python3.12/site-packages/airflow/example_dags/example_short_circuit_operator.py took 0.100 seconds
[2026-07-02T16:28:19.277+0000] {processor.py:161} INFO - Started process (PID=128960) to work on /usr/local/python/3.12.1/lib/python3.12/site-packages/airflow/example_dags/example_short_circuit_operator.py
[2026-07-02T16:28:19.277+0000] {processor.py:830} INFO - Processing file /usr/local/python/3.12.1/lib/python3.12/site-packages/airflow/example_dags/example_short_circuit_operator.py for tasks to queue
[2026-07-02T16:28:19.279+0000] {logging_mixin.py:188} INFO - [2026-07-02T16:28:19.279+0000] {dagbag.py:545} INFO - Filling up the DagBag from /usr/local/python/3.12.1/lib/python3.12/site-packages/airflow/example_dags/example_short_circuit_operator.py
[2026-07-02T16:28:19.287+0000] {processor.py:840} INFO - DAG(s) 'example_short_circuit_operator' retrieved from /usr/local/python/3.12.1/lib/python3.12/site-packages/airflow/example_dags/example_short_circuit_operator.py
[2026-07-02T16:28:19.303+0000] {logging_mixin.py:188} INFO - [2026-07-02T16:28:19.303+0000] {dag.py:3089} INFO - Sync 1 DAGs
[2026-07-02T16:28:19.318+0000] {logging_mixin.py:188} INFO - [2026-07-02T16:28:19.318+0000] {dag.py:3947} INFO - Setting next_dagrun for example_short_circuit_operator to 2026-07-01 00:00:00+00:00, run_after=2026-07-02 00:00:00+00:00
[2026-07-02T16:28:19.335+0000] {processor.py:183} INFO - Processing /usr/local/python/3.12.1/lib/python3.12/site-packages/airflow/example_dags/example_short_circuit_operator.py took 0.063 seconds
[2026-07-02T16:29:23.569+0000] {processor.py:161} INFO - Started process (PID=129815) to work on /usr/local/python/3.12.1/lib/python3.12/site-packages/airflow/example_dags/example_short_circuit_operator.py
[2026-07-02T16:29:23.570+0000] {processor.py:830} INFO - Processing file /usr/local/python/3.12.1/lib/python3.12/site-packages/airflow/example_dags/example_short_circuit_operator.py for tasks to queue
[2026-07-02T16:29:23.571+0000] {logging_mixin.py:188} INFO - [2026-07-02T16:29:23.571+0000] {dagbag.py:545} INFO - Filling up the DagBag from /usr/local/python/3.12.1/lib/python3.12/site-packages/airflow/example_dags/example_short_circuit_operator.py
[2026-07-02T16:29:23.577+0000] {processor.py:840} INFO - DAG(s) 'example_short_circuit_operator' retrieved from /usr/local/python/3.12.1/lib/python3.12/site-packages/airflow/example_dags/example_short_circuit_operator.py
[2026-07-02T16:29:23.698+0000] {logging_mixin.py:188} INFO - [2026-07-02T16:29:23.698+0000] {dag.py:3089} INFO - Sync 1 DAGs
[2026-07-02T16:29:23.718+0000] {logging_mixin.py:188} INFO - [2026-07-02T16:29:23.718+0000] {dag.py:3947} INFO - Setting next_dagrun for example_short_circuit_operator to 2026-07-01 00:00:00+00:00, run_after=2026-07-02 00:00:00+00:00
[2026-07-02T16:29:23.744+0000] {processor.py:183} INFO - Processing /usr/local/python/3.12.1/lib/python3.12/site-packages/airflow/example_dags/example_short_circuit_operator.py took 0.180 seconds
[2026-07-02T16:30:20.385+0000] {processor.py:161} INFO - Started process (PID=130479) to work on /usr/local/python/3.12.1/lib/python3.12/site-packages/airflow/example_dags/example_short_circuit_operator.py
[2026-07-02T16:30:20.386+0000] {processor.py:830} INFO - Processing file /usr/local/python/3.12.1/lib/python3.12/site-packages/airflow/example_dags/example_short_circuit_operator.py for tasks to queue
[2026-07-02T16:30:20.389+0000] {logging_mixin.py:188} INFO - [2026-07-02T16:30:20.388+0000] {dagbag.py:545} INFO - Filling up the DagBag from /usr/local/python/3.12.1/lib/python3.12/site-packages/airflow/example_dags/example_short_circuit_operator.py
[2026-07-02T16:30:20.421+0000] {processor.py:840} INFO - DAG(s) 'example_short_circuit_operator' retrieved from /usr/local/python/3.12.1/lib/python3.12/site-packages/airflow/example_dags/example_short_circuit_operator.py
[2026-07-02T16:30:20.456+0000] {logging_mixin.py:188} INFO - [2026-07-02T16:30:20.456+0000] {dag.py:3089} INFO - Sync 1 DAGs
[2026-07-02T16:30:20.481+0000] {logging_mixin.py:188} INFO - [2026-07-02T16:30:20.481+0000] {dag.py:3947} INFO - Setting next_dagrun for example_short_circuit_operator to 2026-07-01 00:00:00+00:00, run_after=2026-07-02 00:00:00+00:00
[2026-07-02T16:30:20.505+0000] {processor.py:183} INFO - Processing /usr/local/python/3.12.1/lib/python3.12/site-packages/airflow/example_dags/example_short_circuit_operator.py took 0.127 seconds
[2026-07-02T16:31:10.746+0000] {processor.py:161} INFO - Started process (PID=131043) to work on /usr/local/python/3.12.1/lib/python3.12/site-packages/airflow/example_dags/example_short_circuit_operator.py
[2026-07-02T16:31:10.746+0000] {processor.py:830} INFO - Processing file /usr/local/python/3.12.1/lib/python3.12/site-packages/airflow/example_dags/example_short_circuit_operator.py for tasks to queue
[2026-07-02T16:31:10.748+0000] {logging_mixin.py:188} INFO - [2026-07-02T16:31:10.747+0000] {dagbag.py:545} INFO - Filling up the DagBag from /usr/local/python/3.12.1/lib/python3.12/site-packages/airflow/example_dags/example_short_circuit_operator.py
[2026-07-02T16:31:10.754+0000] {processor.py:840} INFO - DAG(s) 'example_short_circuit_operator' retrieved from /usr/local/python/3.12.1/lib/python3.12/site-packages/airflow/example_dags/example_short_circuit_operator.py
[2026-07-02T16:31:10.768+0000] {logging_mixin.py:188} INFO - [2026-07-02T16:31:10.767+0000] {dag.py:3089} INFO - Sync 1 DAGs
[2026-07-02T16:31:10.786+0000] {logging_mixin.py:188} INFO - [2026-07-02T16:31:10.786+0000] {dag.py:3947} INFO - Setting next_dagrun for example_short_circuit_operator to 2026-07-01 00:00:00+00:00, run_after=2026-07-02 00:00:00+00:00
[2026-07-02T16:31:10.805+0000] {processor.py:183} INFO - Processing /usr/local/python/3.12.1/lib/python3.12/site-packages/airflow/example_dags/example_short_circuit_operator.py took 0.064 seconds
[2026-07-02T16:31:59.701+0000] {processor.py:161} INFO - Started process (PID=131575) to work on /usr/local/python/3.12.1/lib/python3.12/site-packages/airflow/example_dags/example_short_circuit_operator.py
[2026-07-02T16:31:59.706+0000] {processor.py:830} INFO - Processing file /usr/local/python/3.12.1/lib/python3.12/site-packages/airflow/example_dags/example_short_circuit_operator.py for tasks to queue
[2026-07-02T16:31:59.708+0000] {logging_mixin.py:188} INFO - [2026-07-02T16:31:59.707+0000] {dagbag.py:545} INFO - Filling up the DagBag from /usr/local/python/3.12.1/lib/python3.12/site-packages/airflow/example_dags/example_short_circuit_operator.py
[2026-07-02T16:31:59.717+0000] {processor.py:840} INFO - DAG(s) 'example_short_circuit_operator' retrieved from /usr/local/python/3.12.1/lib/python3.12/site-packages/airflow/example_dags/example_short_circuit_operator.py
[2026-07-02T16:31:59.741+0000] {logging_mixin.py:188} INFO - [2026-07-02T16:31:59.740+0000] {dag.py:3089} INFO - Sync 1 DAGs
[2026-07-02T16:31:59.767+0000] {logging_mixin.py:188} INFO - [2026-07-02T16:31:59.766+0000] {dag.py:3947} INFO - Setting next_dagrun for example_short_circuit_operator to 2026-07-01 00:00:00+00:00, run_after=2026-07-02 00:00:00+00:00
[2026-07-02T16:31:59.798+0000] {processor.py:183} INFO - Processing /usr/local/python/3.12.1/lib/python3.12/site-packages/airflow/example_dags/example_short_circuit_operator.py took 0.103 seconds
[2026-07-02T16:32:51.298+0000] {processor.py:161} INFO - Started process (PID=133269) to work on /usr/local/python/3.12.1/lib/python3.12/site-packages/airflow/example_dags/example_short_circuit_operator.py
[2026-07-02T16:32:51.298+0000] {processor.py:830} INFO - Processing file /usr/local/python/3.12.1/lib/python3.12/site-packages/airflow/example_dags/example_short_circuit_operator.py for tasks to queue
[2026-07-02T16:32:51.301+0000] {logging_mixin.py:188} INFO - [2026-07-02T16:32:51.300+0000] {dagbag.py:545} INFO - Filling up the DagBag from /usr/local/python/3.12.1/lib/python3.12/site-packages/airflow/example_dags/example_short_circuit_operator.py
[2026-07-02T16:32:51.306+0000] {processor.py:840} INFO - DAG(s) 'example_short_circuit_operator' retrieved from /usr/local/python/3.12.1/lib/python3.12/site-packages/airflow/example_dags/example_short_circuit_operator.py
[2026-07-02T16:32:51.321+0000] {logging_mixin.py:188} INFO - [2026-07-02T16:32:51.321+0000] {dag.py:3089} INFO - Sync 1 DAGs
[2026-07-02T16:32:51.338+0000] {logging_mixin.py:188} INFO - [2026-07-02T16:32:51.337+0000] {dag.py:3947} INFO - Setting next_dagrun for example_short_circuit_operator to 2026-07-01 00:00:00+00:00, run_after=2026-07-02 00:00:00+00:00
[2026-07-02T16:32:51.354+0000] {processor.py:183} INFO - Processing /usr/local/python/3.12.1/lib/python3.12/site-packages/airflow/example_dags/example_short_circuit_operator.py took 0.062 seconds
[2026-07-02T16:33:41.190+0000] {processor.py:161} INFO - Started process (PID=133862) to work on /usr/local/python/3.12.1/lib/python3.12/site-packages/airflow/example_dags/example_short_circuit_operator.py
[2026-07-02T16:33:41.191+0000] {processor.py:830} INFO - Processing file /usr/local/python/3.12.1/lib/python3.12/site-packages/airflow/example_dags/example_short_circuit_operator.py for tasks to queue
[2026-07-02T16:33:41.193+0000] {logging_mixin.py:188} INFO - [2026-07-02T16:33:41.193+0000] {dagbag.py:545} INFO - Filling up the DagBag from /usr/local/python/3.12.1/lib/python3.12/site-packages/airflow/example_dags/example_short_circuit_operator.py
[2026-07-02T16:33:41.199+0000] {processor.py:840} INFO - DAG(s) 'example_short_circuit_operator' retrieved from /usr/local/python/3.12.1/lib/python3.12/site-packages/airflow/example_dags/example_short_circuit_operator.py
[2026-07-02T16:33:41.214+0000] {logging_mixin.py:188} INFO - [2026-07-02T16:33:41.214+0000] {dag.py:3089} INFO - Sync 1 DAGs
[2026-07-02T16:33:41.228+0000] {logging_mixin.py:188} INFO - [2026-07-02T16:33:41.228+0000] {dag.py:3947} INFO - Setting next_dagrun for example_short_circuit_operator to 2026-07-01 00:00:00+00:00, run_after=2026-07-02 00:00:00+00:00
[2026-07-02T16:33:41.245+0000] {processor.py:183} INFO - Processing /usr/local/python/3.12.1/lib/python3.12/site-packages/airflow/example_dags/example_short_circuit_operator.py took 0.061 seconds
[2026-07-02T16:34:29.393+0000] {processor.py:161} INFO - Started process (PID=134474) to work on /usr/local/python/3.12.1/lib/python3.12/site-packages/airflow/example_dags/example_short_circuit_operator.py
[2026-07-02T16:34:29.395+0000] {processor.py:830} INFO - Processing file /usr/local/python/3.12.1/lib/python3.12/site-packages/airflow/example_dags/example_short_circuit_operator.py for tasks to queue
[2026-07-02T16:34:29.396+0000] {logging_mixin.py:188} INFO - [2026-07-02T16:34:29.396+0000] {dagbag.py:545} INFO - Filling up the DagBag from /usr/local/python/3.12.1/lib/python3.12/site-packages/airflow/example_dags/example_short_circuit_operator.py
[2026-07-02T16:34:29.403+0000] {processor.py:840} INFO - DAG(s) 'example_short_circuit_operator' retrieved from /usr/local/python/3.12.1/lib/python3.12/site-packages/airflow/example_dags/example_short_circuit_operator.py
[2026-07-02T16:34:29.417+0000] {logging_mixin.py:188} INFO - [2026-07-02T16:34:29.417+0000] {dag.py:3089} INFO - Sync 1 DAGs
[2026-07-02T16:34:29.432+0000] {logging_mixin.py:188} INFO - [2026-07-02T16:34:29.432+0000] {dag.py:3947} INFO - Setting next_dagrun for example_short_circuit_operator to 2026-07-01 00:00:00+00:00, run_after=2026-07-02 00:00:00+00:00
[2026-07-02T16:34:29.449+0000] {processor.py:183} INFO - Processing /usr/local/python/3.12.1/lib/python3.12/site-packages/airflow/example_dags/example_short_circuit_operator.py took 0.062 seconds
[2026-07-02T16:35:22.421+0000] {processor.py:161} INFO - Started process (PID=135923) to work on /usr/local/python/3.12.1/lib/python3.12/site-packages/airflow/example_dags/example_short_circuit_operator.py
[2026-07-02T16:35:22.459+0000] {processor.py:830} INFO - Processing file /usr/local/python/3.12.1/lib/python3.12/site-packages/airflow/example_dags/example_short_circuit_operator.py for tasks to queue
[2026-07-02T16:35:22.462+0000] {logging_mixin.py:188} INFO - [2026-07-02T16:35:22.461+0000] {dagbag.py:545} INFO - Filling up the DagBag from /usr/local/python/3.12.1/lib/python3.12/site-packages/airflow/example_dags/example_short_circuit_operator.py
[2026-07-02T16:35:22.479+0000] {processor.py:840} INFO - DAG(s) 'example_short_circuit_operator' retrieved from /usr/local/python/3.12.1/lib/python3.12/site-packages/airflow/example_dags/example_short_circuit_operator.py
[2026-07-02T16:35:22.595+0000] {logging_mixin.py:188} INFO - [2026-07-02T16:35:22.594+0000] {dag.py:3089} INFO - Sync 1 DAGs
[2026-07-02T16:35:22.809+0000] {logging_mixin.py:188} INFO - [2026-07-02T16:35:22.809+0000] {dag.py:3947} INFO - Setting next_dagrun for example_short_circuit_operator to 2026-07-01 00:00:00+00:00, run_after=2026-07-02 00:00:00+00:00
[2026-07-02T16:35:23.320+0000] {processor.py:183} INFO - Processing /usr/local/python/3.12.1/lib/python3.12/site-packages/airflow/example_dags/example_short_circuit_operator.py took 0.923 seconds
[2026-07-02T16:36:19.017+0000] {processor.py:161} INFO - Started process (PID=136663) to work on /usr/local/python/3.12.1/lib/python3.12/site-packages/airflow/example_dags/example_short_circuit_operator.py
[2026-07-02T16:36:19.020+0000] {processor.py:830} INFO - Processing file /usr/local/python/3.12.1/lib/python3.12/site-packages/airflow/example_dags/example_short_circuit_operator.py for tasks to queue
[2026-07-02T16:36:19.021+0000] {logging_mixin.py:188} INFO - [2026-07-02T16:36:19.021+0000] {dagbag.py:545} INFO - Filling up the DagBag from /usr/local/python/3.12.1/lib/python3.12/site-packages/airflow/example_dags/example_short_circuit_operator.py
[2026-07-02T16:36:19.029+0000] {processor.py:840} INFO - DAG(s) 'example_short_circuit_operator' retrieved from /usr/local/python/3.12.1/lib/python3.12/site-packages/airflow/example_dags/example_short_circuit_operator.py
[2026-07-02T16:36:19.048+0000] {logging_mixin.py:188} INFO - [2026-07-02T16:36:19.048+0000] {dag.py:3089} INFO - Sync 1 DAGs
[2026-07-02T16:36:19.066+0000] {logging_mixin.py:188} INFO - [2026-07-02T16:36:19.066+0000] {dag.py:3947} INFO - Setting next_dagrun for example_short_circuit_operator to 2026-07-01 00:00:00+00:00, run_after=2026-07-02 00:00:00+00:00
[2026-07-02T16:36:19.087+0000] {processor.py:183} INFO - Processing /usr/local/python/3.12.1/lib/python3.12/site-packages/airflow/example_dags/example_short_circuit_operator.py took 0.075 seconds
[2026-07-02T16:37:03.321+0000] {processor.py:161} INFO - Started process (PID=137242) to work on /usr/local/python/3.12.1/lib/python3.12/site-packages/airflow/example_dags/example_short_circuit_operator.py
[2026-07-02T16:37:03.322+0000] {processor.py:830} INFO - Processing file /usr/local/python/3.12.1/lib/python3.12/site-packages/airflow/example_dags/example_short_circuit_operator.py for tasks to queue
[2026-07-02T16:37:03.323+0000] {logging_mixin.py:188} INFO - [2026-07-02T16:37:03.323+0000] {dagbag.py:545} INFO - Filling up the DagBag from /usr/local/python/3.12.1/lib/python3.12/site-packages/airflow/example_dags/example_short_circuit_operator.py
[2026-07-02T16:37:03.329+0000] {processor.py:840} INFO - DAG(s) 'example_short_circuit_operator' retrieved from /usr/local/python/3.12.1/lib/python3.12/site-packages/airflow/example_dags/example_short_circuit_operator.py
[2026-07-02T16:37:03.343+0000] {logging_mixin.py:188} INFO - [2026-07-02T16:37:03.343+0000] {dag.py:3089} INFO - Sync 1 DAGs
[2026-07-02T16:37:03.358+0000] {logging_mixin.py:188} INFO - [2026-07-02T16:37:03.357+0000] {dag.py:3947} INFO - Setting next_dagrun for example_short_circuit_operator to 2026-07-01 00:00:00+00:00, run_after=2026-07-02 00:00:00+00:00
[2026-07-02T16:37:03.374+0000] {processor.py:183} INFO - Processing /usr/local/python/3.12.1/lib/python3.12/site-packages/airflow/example_dags/example_short_circuit_operator.py took 0.057 seconds
[2026-07-02T16:37:50.970+0000] {processor.py:161} INFO - Started process (PID=138554) to work on /usr/local/python/3.12.1/lib/python3.12/site-packages/airflow/example_dags/example_short_circuit_operator.py
[2026-07-02T16:37:50.971+0000] {processor.py:830} INFO - Processing file /usr/local/python/3.12.1/lib/python3.12/site-packages/airflow/example_dags/example_short_circuit_operator.py for tasks to queue
[2026-07-02T16:37:50.972+0000] {logging_mixin.py:188} INFO - [2026-07-02T16:37:50.972+0000] {dagbag.py:545} INFO - Filling up the DagBag from /usr/local/python/3.12.1/lib/python3.12/site-packages/airflow/example_dags/example_short_circuit_operator.py
[2026-07-02T16:37:50.980+0000] {processor.py:840} INFO - DAG(s) 'example_short_circuit_operator' retrieved from /usr/local/python/3.12.1/lib/python3.12/site-packages/airflow/example_dags/example_short_circuit_operator.py
[2026-07-02T16:37:50.999+0000] {logging_mixin.py:188} INFO - [2026-07-02T16:37:50.998+0000] {dag.py:3089} INFO - Sync 1 DAGs
[2026-07-02T16:37:51.014+0000] {logging_mixin.py:188} INFO - [2026-07-02T16:37:51.014+0000] {dag.py:3947} INFO - Setting next_dagrun for example_short_circuit_operator to 2026-07-01 00:00:00+00:00, run_after=2026-07-02 00:00:00+00:00
[2026-07-02T16:37:51.031+0000] {processor.py:183} INFO - Processing /usr/local/python/3.12.1/lib/python3.12/site-packages/airflow/example_dags/example_short_circuit_operator.py took 0.065 seconds
[2026-07-02T16:38:37.940+0000] {processor.py:161} INFO - Started process (PID=139599) to work on /usr/local/python/3.12.1/lib/python3.12/site-packages/airflow/example_dags/example_short_circuit_operator.py
[2026-07-02T16:38:37.941+0000] {processor.py:830} INFO - Processing file /usr/local/python/3.12.1/lib/python3.12/site-packages/airflow/example_dags/example_short_circuit_operator.py for tasks to queue
[2026-07-02T16:38:37.943+0000] {logging_mixin.py:188} INFO - [2026-07-02T16:38:37.942+0000] {dagbag.py:545} INFO - Filling up the DagBag from /usr/local/python/3.12.1/lib/python3.12/site-packages/airflow/example_dags/example_short_circuit_operator.py
[2026-07-02T16:38:37.948+0000] {processor.py:840} INFO - DAG(s) 'example_short_circuit_operator' retrieved from /usr/local/python/3.12.1/lib/python3.12/site-packages/airflow/example_dags/example_short_circuit_operator.py
[2026-07-02T16:38:37.963+0000] {logging_mixin.py:188} INFO - [2026-07-02T16:38:37.963+0000] {dag.py:3089} INFO - Sync 1 DAGs
[2026-07-02T16:38:37.979+0000] {logging_mixin.py:188} INFO - [2026-07-02T16:38:37.979+0000] {dag.py:3947} INFO - Setting next_dagrun for example_short_circuit_operator to 2026-07-01 00:00:00+00:00, run_after=2026-07-02 00:00:00+00:00
[2026-07-02T16:38:37.999+0000] {processor.py:183} INFO - Processing /usr/local/python/3.12.1/lib/python3.12/site-packages/airflow/example_dags/example_short_circuit_operator.py took 0.063 seconds
[2026-07-02T16:39:24.619+0000] {processor.py:161} INFO - Started process (PID=140205) to work on /usr/local/python/3.12.1/lib/python3.12/site-packages/airflow/example_dags/example_short_circuit_operator.py
[2026-07-02T16:39:24.620+0000] {processor.py:830} INFO - Processing file /usr/local/python/3.12.1/lib/python3.12/site-packages/airflow/example_dags/example_short_circuit_operator.py for tasks to queue
[2026-07-02T16:39:24.622+0000] {logging_mixin.py:188} INFO - [2026-07-02T16:39:24.622+0000] {dagbag.py:545} INFO - Filling up the DagBag from /usr/local/python/3.12.1/lib/python3.12/site-packages/airflow/example_dags/example_short_circuit_operator.py
[2026-07-02T16:39:24.631+0000] {processor.py:840} INFO - DAG(s) 'example_short_circuit_operator' retrieved from /usr/local/python/3.12.1/lib/python3.12/site-packages/airflow/example_dags/example_short_circuit_operator.py
[2026-07-02T16:39:24.654+0000] {logging_mixin.py:188} INFO - [2026-07-02T16:39:24.654+0000] {dag.py:3089} INFO - Sync 1 DAGs
[2026-07-02T16:39:24.676+0000] {logging_mixin.py:188} INFO - [2026-07-02T16:39:24.676+0000] {dag.py:3947} INFO - Setting next_dagrun for example_short_circuit_operator to 2026-07-01 00:00:00+00:00, run_after=2026-07-02 00:00:00+00:00
[2026-07-02T16:39:24.717+0000] {processor.py:183} INFO - Processing /usr/local/python/3.12.1/lib/python3.12/site-packages/airflow/example_dags/example_short_circuit_operator.py took 0.104 seconds
[2026-07-02T16:40:10.014+0000] {processor.py:161} INFO - Started process (PID=140844) to work on /usr/local/python/3.12.1/lib/python3.12/site-packages/airflow/example_dags/example_short_circuit_operator.py
[2026-07-02T16:40:10.015+0000] {processor.py:830} INFO - Processing file /usr/local/python/3.12.1/lib/python3.12/site-packages/airflow/example_dags/example_short_circuit_operator.py for tasks to queue
[2026-07-02T16:40:10.019+0000] {logging_mixin.py:188} INFO - [2026-07-02T16:40:10.018+0000] {dagbag.py:545} INFO - Filling up the DagBag from /usr/local/python/3.12.1/lib/python3.12/site-packages/airflow/example_dags/example_short_circuit_operator.py
[2026-07-02T16:40:10.028+0000] {processor.py:840} INFO - DAG(s) 'example_short_circuit_operator' retrieved from /usr/local/python/3.12.1/lib/python3.12/site-packages/airflow/example_dags/example_short_circuit_operator.py
[2026-07-02T16:40:10.056+0000] {logging_mixin.py:188} INFO - [2026-07-02T16:40:10.055+0000] {dag.py:3089} INFO - Sync 1 DAGs
[2026-07-02T16:40:10.109+0000] {logging_mixin.py:188} INFO - [2026-07-02T16:40:10.109+0000] {dag.py:3947} INFO - Setting next_dagrun for example_short_circuit_operator to 2026-07-01 00:00:00+00:00, run_after=2026-07-02 00:00:00+00:00
[2026-07-02T16:40:10.248+0000] {processor.py:183} INFO - Processing /usr/local/python/3.12.1/lib/python3.12/site-packages/airflow/example_dags/example_short_circuit_operator.py took 0.242 seconds
[2026-07-02T16:41:04.166+0000] {processor.py:161} INFO - Started process (PID=141713) to work on /usr/local/python/3.12.1/lib/python3.12/site-packages/airflow/example_dags/example_short_circuit_operator.py
[2026-07-02T16:41:04.169+0000] {processor.py:830} INFO - Processing file /usr/local/python/3.12.1/lib/python3.12/site-packages/airflow/example_dags/example_short_circuit_operator.py for tasks to queue
[2026-07-02T16:41:04.171+0000] {logging_mixin.py:188} INFO - [2026-07-02T16:41:04.171+0000] {dagbag.py:545} INFO - Filling up the DagBag from /usr/local/python/3.12.1/lib/python3.12/site-packages/airflow/example_dags/example_short_circuit_operator.py
[2026-07-02T16:41:04.182+0000] {processor.py:840} INFO - DAG(s) 'example_short_circuit_operator' retrieved from /usr/local/python/3.12.1/lib/python3.12/site-packages/airflow/example_dags/example_short_circuit_operator.py
[2026-07-02T16:41:04.219+0000] {logging_mixin.py:188} INFO - [2026-07-02T16:41:04.219+0000] {dag.py:3089} INFO - Sync 1 DAGs
[2026-07-02T16:41:04.269+0000] {logging_mixin.py:188} INFO - [2026-07-02T16:41:04.269+0000] {dag.py:3947} INFO - Setting next_dagrun for example_short_circuit_operator to 2026-07-01 00:00:00+00:00, run_after=2026-07-02 00:00:00+00:00
[2026-07-02T16:41:04.565+0000] {processor.py:183} INFO - Processing /usr/local/python/3.12.1/lib/python3.12/site-packages/airflow/example_dags/example_short_circuit_operator.py took 0.406 seconds
[2026-07-02T16:42:01.429+0000] {processor.py:161} INFO - Started process (PID=142618) to work on /usr/local/python/3.12.1/lib/python3.12/site-packages/airflow/example_dags/example_short_circuit_operator.py
[2026-07-02T16:42:01.456+0000] {processor.py:830} INFO - Processing file /usr/local/python/3.12.1/lib/python3.12/site-packages/airflow/example_dags/example_short_circuit_operator.py for tasks to queue
[2026-07-02T16:42:01.464+0000] {logging_mixin.py:188} INFO - [2026-07-02T16:42:01.463+0000] {dagbag.py:545} INFO - Filling up the DagBag from /usr/local/python/3.12.1/lib/python3.12/site-packages/airflow/example_dags/example_short_circuit_operator.py
[2026-07-02T16:42:01.490+0000] {processor.py:840} INFO - DAG(s) 'example_short_circuit_operator' retrieved from /usr/local/python/3.12.1/lib/python3.12/site-packages/airflow/example_dags/example_short_circuit_operator.py
[2026-07-02T16:42:01.552+0000] {logging_mixin.py:188} INFO - [2026-07-02T16:42:01.551+0000] {dag.py:3089} INFO - Sync 1 DAGs
[2026-07-02T16:42:01.647+0000] {logging_mixin.py:188} INFO - [2026-07-02T16:42:01.647+0000] {dag.py:3947} INFO - Setting next_dagrun for example_short_circuit_operator to 2026-07-01 00:00:00+00:00, run_after=2026-07-02 00:00:00+00:00
[2026-07-02T16:42:01.732+0000] {processor.py:183} INFO - Processing /usr/local/python/3.12.1/lib/python3.12/site-packages/airflow/example_dags/example_short_circuit_operator.py took 0.319 seconds
[2026-07-02T16:43:19.590+0000] {processor.py:161} INFO - Started process (PID=143750) to work on /usr/local/python/3.12.1/lib/python3.12/site-packages/airflow/example_dags/example_short_circuit_operator.py
[2026-07-02T16:43:19.639+0000] {processor.py:830} INFO - Processing file /usr/local/python/3.12.1/lib/python3.12/site-packages/airflow/example_dags/example_short_circuit_operator.py for tasks to queue
[2026-07-02T16:43:19.649+0000] {logging_mixin.py:188} INFO - [2026-07-02T16:43:19.647+0000] {dagbag.py:545} INFO - Filling up the DagBag from /usr/local/python/3.12.1/lib/python3.12/site-packages/airflow/example_dags/example_short_circuit_operator.py
[2026-07-02T16:43:19.689+0000] {processor.py:840} INFO - DAG(s) 'example_short_circuit_operator' retrieved from /usr/local/python/3.12.1/lib/python3.12/site-packages/airflow/example_dags/example_short_circuit_operator.py
[2026-07-02T16:43:19.849+0000] {logging_mixin.py:188} INFO - [2026-07-02T16:43:19.849+0000] {dag.py:3089} INFO - Sync 1 DAGs
[2026-07-02T16:43:20.006+0000] {logging_mixin.py:188} INFO - [2026-07-02T16:43:20.006+0000] {dag.py:3947} INFO - Setting next_dagrun for example_short_circuit_operator to 2026-07-01 00:00:00+00:00, run_after=2026-07-02 00:00:00+00:00
[2026-07-02T16:43:20.334+0000] {processor.py:183} INFO - Processing /usr/local/python/3.12.1/lib/python3.12/site-packages/airflow/example_dags/example_short_circuit_operator.py took 0.779 seconds
[2026-07-02T16:44:24.093+0000] {processor.py:161} INFO - Started process (PID=145345) to work on /usr/local/python/3.12.1/lib/python3.12/site-packages/airflow/example_dags/example_short_circuit_operator.py
[2026-07-02T16:44:24.096+0000] {processor.py:830} INFO - Processing file /usr/local/python/3.12.1/lib/python3.12/site-packages/airflow/example_dags/example_short_circuit_operator.py for tasks to queue
[2026-07-02T16:44:24.098+0000] {logging_mixin.py:188} INFO - [2026-07-02T16:44:24.097+0000] {dagbag.py:545} INFO - Filling up the DagBag from /usr/local/python/3.12.1/lib/python3.12/site-packages/airflow/example_dags/example_short_circuit_operator.py
[2026-07-02T16:44:24.104+0000] {processor.py:840} INFO - DAG(s) 'example_short_circuit_operator' retrieved from /usr/local/python/3.12.1/lib/python3.12/site-packages/airflow/example_dags/example_short_circuit_operator.py
[2026-07-02T16:44:24.120+0000] {logging_mixin.py:188} INFO - [2026-07-02T16:44:24.120+0000] {dag.py:3089} INFO - Sync 1 DAGs
[2026-07-02T16:44:24.138+0000] {logging_mixin.py:188} INFO - [2026-07-02T16:44:24.138+0000] {dag.py:3947} INFO - Setting next_dagrun for example_short_circuit_operator to 2026-07-01 00:00:00+00:00, run_after=2026-07-02 00:00:00+00:00
[2026-07-02T16:44:24.156+0000] {processor.py:183} INFO - Processing /usr/local/python/3.12.1/lib/python3.12/site-packages/airflow/example_dags/example_short_circuit_operator.py took 0.068 seconds
[2026-07-02T16:45:33.550+0000] {processor.py:161} INFO - Started process (PID=147804) to work on /usr/local/python/3.12.1/lib/python3.12/site-packages/airflow/example_dags/example_short_circuit_operator.py
[2026-07-02T16:45:33.552+0000] {processor.py:830} INFO - Processing file /usr/local/python/3.12.1/lib/python3.12/site-packages/airflow/example_dags/example_short_circuit_operator.py for tasks to queue
[2026-07-02T16:45:33.553+0000] {logging_mixin.py:188} INFO - [2026-07-02T16:45:33.553+0000] {dagbag.py:545} INFO - Filling up the DagBag from /usr/local/python/3.12.1/lib/python3.12/site-packages/airflow/example_dags/example_short_circuit_operator.py
[2026-07-02T16:45:33.560+0000] {processor.py:840} INFO - DAG(s) 'example_short_circuit_operator' retrieved from /usr/local/python/3.12.1/lib/python3.12/site-packages/airflow/example_dags/example_short_circuit_operator.py
[2026-07-02T16:45:33.575+0000] {logging_mixin.py:188} INFO - [2026-07-02T16:45:33.574+0000] {dag.py:3089} INFO - Sync 1 DAGs
[2026-07-02T16:45:33.598+0000] {logging_mixin.py:188} INFO - [2026-07-02T16:45:33.598+0000] {dag.py:3947} INFO - Setting next_dagrun for example_short_circuit_operator to 2026-07-01 00:00:00+00:00, run_after=2026-07-02 00:00:00+00:00
[2026-07-02T16:45:33.632+0000] {processor.py:183} INFO - Processing /usr/local/python/3.12.1/lib/python3.12/site-packages/airflow/example_dags/example_short_circuit_operator.py took 0.088 seconds
[2026-07-02T16:46:31.847+0000] {processor.py:161} INFO - Started process (PID=150262) to work on /usr/local/python/3.12.1/lib/python3.12/site-packages/airflow/example_dags/example_short_circuit_operator.py
[2026-07-02T16:46:31.859+0000] {processor.py:830} INFO - Processing file /usr/local/python/3.12.1/lib/python3.12/site-packages/airflow/example_dags/example_short_circuit_operator.py for tasks to queue
[2026-07-02T16:46:31.866+0000] {logging_mixin.py:188} INFO - [2026-07-02T16:46:31.865+0000] {dagbag.py:545} INFO - Filling up the DagBag from /usr/local/python/3.12.1/lib/python3.12/site-packages/airflow/example_dags/example_short_circuit_operator.py
[2026-07-02T16:46:31.899+0000] {processor.py:840} INFO - DAG(s) 'example_short_circuit_operator' retrieved from /usr/local/python/3.12.1/lib/python3.12/site-packages/airflow/example_dags/example_short_circuit_operator.py
[2026-07-02T16:46:31.999+0000] {logging_mixin.py:188} INFO - [2026-07-02T16:46:31.998+0000] {dag.py:3089} INFO - Sync 1 DAGs
[2026-07-02T16:46:32.064+0000] {logging_mixin.py:188} INFO - [2026-07-02T16:46:32.064+0000] {dag.py:3947} INFO - Setting next_dagrun for example_short_circuit_operator to 2026-07-01 00:00:00+00:00, run_after=2026-07-02 00:00:00+00:00
[2026-07-02T16:46:32.177+0000] {processor.py:183} INFO - Processing /usr/local/python/3.12.1/lib/python3.12/site-packages/airflow/example_dags/example_short_circuit_operator.py took 0.352 seconds
