[2026-07-02T16:24:21.784+0000] {processor.py:161} INFO - Started process (PID=117691) to work on /usr/local/python/3.12.1/lib/python3.12/site-packages/airflow/example_dags/example_short_circuit_decorator.py
[2026-07-02T16:24:21.785+0000] {processor.py:830} INFO - Processing file /usr/local/python/3.12.1/lib/python3.12/site-packages/airflow/example_dags/example_short_circuit_decorator.py for tasks to queue
[2026-07-02T16:24:21.787+0000] {logging_mixin.py:188} INFO - [2026-07-02T16:24:21.786+0000] {dagbag.py:545} INFO - Filling up the DagBag from /usr/local/python/3.12.1/lib/python3.12/site-packages/airflow/example_dags/example_short_circuit_decorator.py
[2026-07-02T16:24:21.797+0000] {processor.py:840} INFO - DAG(s) 'example_short_circuit_decorator' retrieved from /usr/local/python/3.12.1/lib/python3.12/site-packages/airflow/example_dags/example_short_circuit_decorator.py
[2026-07-02T16:24:21.930+0000] {logging_mixin.py:188} INFO - [2026-07-02T16:24:21.929+0000] {override.py:1858} INFO - Created Permission View: can delete on DAG:example_short_circuit_decorator
[2026-07-02T16:24:21.938+0000] {logging_mixin.py:188} INFO - [2026-07-02T16:24:21.938+0000] {override.py:1858} INFO - Created Permission View: can read on DAG:example_short_circuit_decorator
[2026-07-02T16:24:21.945+0000] {logging_mixin.py:188} INFO - [2026-07-02T16:24:21.945+0000] {override.py:1858} INFO - Created Permission View: can edit on DAG:example_short_circuit_decorator
[2026-07-02T16:24:21.946+0000] {logging_mixin.py:188} INFO - [2026-07-02T16:24:21.946+0000] {dag.py:3089} INFO - Sync 1 DAGs
[2026-07-02T16:24:21.953+0000] {logging_mixin.py:188} INFO - [2026-07-02T16:24:21.953+0000] {dag.py:3111} INFO - Creating ORM DAG for example_short_circuit_decorator
[2026-07-02T16:24:21.960+0000] {logging_mixin.py:188} INFO - [2026-07-02T16:24:21.960+0000] {dag.py:3947} INFO - Setting next_dagrun for example_short_circuit_decorator to 2026-07-01 00:00:00+00:00, run_after=2026-07-02 00:00:00+00:00
[2026-07-02T16:24:21.975+0000] {processor.py:183} INFO - Processing /usr/local/python/3.12.1/lib/python3.12/site-packages/airflow/example_dags/example_short_circuit_decorator.py took 0.194 seconds
[2026-07-02T16:25:15.273+0000] {processor.py:161} INFO - Started process (PID=118420) to work on /usr/local/python/3.12.1/lib/python3.12/site-packages/airflow/example_dags/example_short_circuit_decorator.py
[2026-07-02T16:25:15.274+0000] {processor.py:830} INFO - Processing file /usr/local/python/3.12.1/lib/python3.12/site-packages/airflow/example_dags/example_short_circuit_decorator.py for tasks to queue
[2026-07-02T16:25:15.276+0000] {logging_mixin.py:188} INFO - [2026-07-02T16:25:15.275+0000] {dagbag.py:545} INFO - Filling up the DagBag from /usr/local/python/3.12.1/lib/python3.12/site-packages/airflow/example_dags/example_short_circuit_decorator.py
[2026-07-02T16:25:15.292+0000] {processor.py:840} INFO - DAG(s) 'example_short_circuit_decorator' retrieved from /usr/local/python/3.12.1/lib/python3.12/site-packages/airflow/example_dags/example_short_circuit_decorator.py
[2026-07-02T16:25:15.328+0000] {logging_mixin.py:188} INFO - [2026-07-02T16:25:15.327+0000] {dag.py:3089} INFO - Sync 1 DAGs
[2026-07-02T16:25:15.358+0000] {logging_mixin.py:188} INFO - [2026-07-02T16:25:15.358+0000] {dag.py:3947} INFO - Setting next_dagrun for example_short_circuit_decorator to 2026-07-01 00:00:00+00:00, run_after=2026-07-02 00:00:00+00:00
[2026-07-02T16:25:15.384+0000] {processor.py:183} INFO - Processing /usr/local/python/3.12.1/lib/python3.12/site-packages/airflow/example_dags/example_short_circuit_decorator.py took 0.115 seconds
[2026-07-02T16:26:10.686+0000] {processor.py:161} INFO - Started process (PID=124904) to work on /usr/local/python/3.12.1/lib/python3.12/site-packages/airflow/example_dags/example_short_circuit_decorator.py
[2026-07-02T16:26:10.714+0000] {processor.py:830} INFO - Processing file /usr/local/python/3.12.1/lib/python3.12/site-packages/airflow/example_dags/example_short_circuit_decorator.py for tasks to queue
[2026-07-02T16:26:10.717+0000] {logging_mixin.py:188} INFO - [2026-07-02T16:26:10.716+0000] {dagbag.py:545} INFO - Filling up the DagBag from /usr/local/python/3.12.1/lib/python3.12/site-packages/airflow/example_dags/example_short_circuit_decorator.py
[2026-07-02T16:26:10.728+0000] {processor.py:840} INFO - DAG(s) 'example_short_circuit_decorator' retrieved from /usr/local/python/3.12.1/lib/python3.12/site-packages/airflow/example_dags/example_short_circuit_decorator.py
[2026-07-02T16:26:10.753+0000] {logging_mixin.py:188} INFO - [2026-07-02T16:26:10.752+0000] {dag.py:3089} INFO - Sync 1 DAGs
[2026-07-02T16:26:10.776+0000] {logging_mixin.py:188} INFO - [2026-07-02T16:26:10.776+0000] {dag.py:3947} INFO - Setting next_dagrun for example_short_circuit_decorator to 2026-07-01 00:00:00+00:00, run_after=2026-07-02 00:00:00+00:00
[2026-07-02T16:26:10.808+0000] {processor.py:183} INFO - Processing /usr/local/python/3.12.1/lib/python3.12/site-packages/airflow/example_dags/example_short_circuit_decorator.py took 0.131 seconds
[2026-07-02T16:27:24.639+0000] {processor.py:161} INFO - Started process (PID=128178) to work on /usr/local/python/3.12.1/lib/python3.12/site-packages/airflow/example_dags/example_short_circuit_decorator.py
[2026-07-02T16:27:24.639+0000] {processor.py:830} INFO - Processing file /usr/local/python/3.12.1/lib/python3.12/site-packages/airflow/example_dags/example_short_circuit_decorator.py for tasks to queue
[2026-07-02T16:27:24.641+0000] {logging_mixin.py:188} INFO - [2026-07-02T16:27:24.641+0000] {dagbag.py:545} INFO - Filling up the DagBag from /usr/local/python/3.12.1/lib/python3.12/site-packages/airflow/example_dags/example_short_circuit_decorator.py
[2026-07-02T16:27:24.649+0000] {processor.py:840} INFO - DAG(s) 'example_short_circuit_decorator' retrieved from /usr/local/python/3.12.1/lib/python3.12/site-packages/airflow/example_dags/example_short_circuit_decorator.py
[2026-07-02T16:27:24.666+0000] {logging_mixin.py:188} INFO - [2026-07-02T16:27:24.666+0000] {dag.py:3089} INFO - Sync 1 DAGs
[2026-07-02T16:27:24.683+0000] {logging_mixin.py:188} INFO - [2026-07-02T16:27:24.682+0000] {dag.py:3947} INFO - Setting next_dagrun for example_short_circuit_decorator to 2026-07-01 00:00:00+00:00, run_after=2026-07-02 00:00:00+00:00
[2026-07-02T16:27:24.700+0000] {processor.py:183} INFO - Processing /usr/local/python/3.12.1/lib/python3.12/site-packages/airflow/example_dags/example_short_circuit_decorator.py took 0.067 seconds
[2026-07-02T16:28:18.022+0000] {processor.py:161} INFO - Started process (PID=128945) to work on /usr/local/python/3.12.1/lib/python3.12/site-packages/airflow/example_dags/example_short_circuit_decorator.py
[2026-07-02T16:28:18.023+0000] {processor.py:830} INFO - Processing file /usr/local/python/3.12.1/lib/python3.12/site-packages/airflow/example_dags/example_short_circuit_decorator.py for tasks to queue
[2026-07-02T16:28:18.025+0000] {logging_mixin.py:188} INFO - [2026-07-02T16:28:18.025+0000] {dagbag.py:545} INFO - Filling up the DagBag from /usr/local/python/3.12.1/lib/python3.12/site-packages/airflow/example_dags/example_short_circuit_decorator.py
[2026-07-02T16:28:18.036+0000] {processor.py:840} INFO - DAG(s) 'example_short_circuit_decorator' retrieved from /usr/local/python/3.12.1/lib/python3.12/site-packages/airflow/example_dags/example_short_circuit_decorator.py
[2026-07-02T16:28:18.063+0000] {logging_mixin.py:188} INFO - [2026-07-02T16:28:18.062+0000] {dag.py:3089} INFO - Sync 1 DAGs
[2026-07-02T16:28:18.093+0000] {logging_mixin.py:188} INFO - [2026-07-02T16:28:18.093+0000] {dag.py:3947} INFO - Setting next_dagrun for example_short_circuit_decorator to 2026-07-01 00:00:00+00:00, run_after=2026-07-02 00:00:00+00:00
[2026-07-02T16:28:18.129+0000] {processor.py:183} INFO - Processing /usr/local/python/3.12.1/lib/python3.12/site-packages/airflow/example_dags/example_short_circuit_decorator.py took 0.114 seconds
[2026-07-02T16:29:22.338+0000] {processor.py:161} INFO - Started process (PID=129813) to work on /usr/local/python/3.12.1/lib/python3.12/site-packages/airflow/example_dags/example_short_circuit_decorator.py
[2026-07-02T16:29:22.339+0000] {processor.py:830} INFO - Processing file /usr/local/python/3.12.1/lib/python3.12/site-packages/airflow/example_dags/example_short_circuit_decorator.py for tasks to queue
[2026-07-02T16:29:22.340+0000] {logging_mixin.py:188} INFO - [2026-07-02T16:29:22.340+0000] {dagbag.py:545} INFO - Filling up the DagBag from /usr/local/python/3.12.1/lib/python3.12/site-packages/airflow/example_dags/example_short_circuit_decorator.py
[2026-07-02T16:29:22.348+0000] {processor.py:840} INFO - DAG(s) 'example_short_circuit_decorator' retrieved from /usr/local/python/3.12.1/lib/python3.12/site-packages/airflow/example_dags/example_short_circuit_decorator.py
[2026-07-02T16:29:22.470+0000] {logging_mixin.py:188} INFO - [2026-07-02T16:29:22.470+0000] {dag.py:3089} INFO - Sync 1 DAGs
[2026-07-02T16:29:22.487+0000] {logging_mixin.py:188} INFO - [2026-07-02T16:29:22.486+0000] {dag.py:3947} INFO - Setting next_dagrun for example_short_circuit_decorator to 2026-07-01 00:00:00+00:00, run_after=2026-07-02 00:00:00+00:00
[2026-07-02T16:29:22.503+0000] {processor.py:183} INFO - Processing /usr/local/python/3.12.1/lib/python3.12/site-packages/airflow/example_dags/example_short_circuit_decorator.py took 0.169 seconds
[2026-07-02T16:30:19.913+0000] {processor.py:161} INFO - Started process (PID=130471) to work on /usr/local/python/3.12.1/lib/python3.12/site-packages/airflow/example_dags/example_short_circuit_decorator.py
[2026-07-02T16:30:19.914+0000] {processor.py:830} INFO - Processing file /usr/local/python/3.12.1/lib/python3.12/site-packages/airflow/example_dags/example_short_circuit_decorator.py for tasks to queue
[2026-07-02T16:30:19.916+0000] {logging_mixin.py:188} INFO - [2026-07-02T16:30:19.916+0000] {dagbag.py:545} INFO - Filling up the DagBag from /usr/local/python/3.12.1/lib/python3.12/site-packages/airflow/example_dags/example_short_circuit_decorator.py
[2026-07-02T16:30:19.927+0000] {processor.py:840} INFO - DAG(s) 'example_short_circuit_decorator' retrieved from /usr/local/python/3.12.1/lib/python3.12/site-packages/airflow/example_dags/example_short_circuit_decorator.py
[2026-07-02T16:30:19.954+0000] {logging_mixin.py:188} INFO - [2026-07-02T16:30:19.954+0000] {dag.py:3089} INFO - Sync 1 DAGs
[2026-07-02T16:30:19.985+0000] {logging_mixin.py:188} INFO - [2026-07-02T16:30:19.985+0000] {dag.py:3947} INFO - Setting next_dagrun for example_short_circuit_decorator to 2026-07-01 00:00:00+00:00, run_after=2026-07-02 00:00:00+00:00
[2026-07-02T16:30:20.068+0000] {processor.py:183} INFO - Processing /usr/local/python/3.12.1/lib/python3.12/site-packages/airflow/example_dags/example_short_circuit_decorator.py took 0.162 seconds
[2026-07-02T16:31:10.459+0000] {processor.py:161} INFO - Started process (PID=131041) to work on /usr/local/python/3.12.1/lib/python3.12/site-packages/airflow/example_dags/example_short_circuit_decorator.py
[2026-07-02T16:31:10.460+0000] {processor.py:830} INFO - Processing file /usr/local/python/3.12.1/lib/python3.12/site-packages/airflow/example_dags/example_short_circuit_decorator.py for tasks to queue
[2026-07-02T16:31:10.461+0000] {logging_mixin.py:188} INFO - [2026-07-02T16:31:10.461+0000] {dagbag.py:545} INFO - Filling up the DagBag from /usr/local/python/3.12.1/lib/python3.12/site-packages/airflow/example_dags/example_short_circuit_decorator.py
[2026-07-02T16:31:10.469+0000] {processor.py:840} INFO - DAG(s) 'example_short_circuit_decorator' retrieved from /usr/local/python/3.12.1/lib/python3.12/site-packages/airflow/example_dags/example_short_circuit_decorator.py
[2026-07-02T16:31:10.487+0000] {logging_mixin.py:188} INFO - [2026-07-02T16:31:10.486+0000] {dag.py:3089} INFO - Sync 1 DAGs
[2026-07-02T16:31:10.505+0000] {logging_mixin.py:188} INFO - [2026-07-02T16:31:10.504+0000] {dag.py:3947} INFO - Setting next_dagrun for example_short_circuit_decorator to 2026-07-01 00:00:00+00:00, run_after=2026-07-02 00:00:00+00:00
[2026-07-02T16:31:10.521+0000] {processor.py:183} INFO - Processing /usr/local/python/3.12.1/lib/python3.12/site-packages/airflow/example_dags/example_short_circuit_decorator.py took 0.067 seconds
[2026-07-02T16:31:58.555+0000] {processor.py:161} INFO - Started process (PID=131569) to work on /usr/local/python/3.12.1/lib/python3.12/site-packages/airflow/example_dags/example_short_circuit_decorator.py
[2026-07-02T16:31:58.555+0000] {processor.py:830} INFO - Processing file /usr/local/python/3.12.1/lib/python3.12/site-packages/airflow/example_dags/example_short_circuit_decorator.py for tasks to queue
[2026-07-02T16:31:58.557+0000] {logging_mixin.py:188} INFO - [2026-07-02T16:31:58.556+0000] {dagbag.py:545} INFO - Filling up the DagBag from /usr/local/python/3.12.1/lib/python3.12/site-packages/airflow/example_dags/example_short_circuit_decorator.py
[2026-07-02T16:31:58.564+0000] {processor.py:840} INFO - DAG(s) 'example_short_circuit_decorator' retrieved from /usr/local/python/3.12.1/lib/python3.12/site-packages/airflow/example_dags/example_short_circuit_decorator.py
[2026-07-02T16:31:58.581+0000] {logging_mixin.py:188} INFO - [2026-07-02T16:31:58.581+0000] {dag.py:3089} INFO - Sync 1 DAGs
[2026-07-02T16:31:58.600+0000] {logging_mixin.py:188} INFO - [2026-07-02T16:31:58.600+0000] {dag.py:3947} INFO - Setting next_dagrun for example_short_circuit_decorator to 2026-07-01 00:00:00+00:00, run_after=2026-07-02 00:00:00+00:00
[2026-07-02T16:31:58.617+0000] {processor.py:183} INFO - Processing /usr/local/python/3.12.1/lib/python3.12/site-packages/airflow/example_dags/example_short_circuit_decorator.py took 0.067 seconds
[2026-07-02T16:32:50.165+0000] {processor.py:161} INFO - Started process (PID=133261) to work on /usr/local/python/3.12.1/lib/python3.12/site-packages/airflow/example_dags/example_short_circuit_decorator.py
[2026-07-02T16:32:50.166+0000] {processor.py:830} INFO - Processing file /usr/local/python/3.12.1/lib/python3.12/site-packages/airflow/example_dags/example_short_circuit_decorator.py for tasks to queue
[2026-07-02T16:32:50.168+0000] {logging_mixin.py:188} INFO - [2026-07-02T16:32:50.168+0000] {dagbag.py:545} INFO - Filling up the DagBag from /usr/local/python/3.12.1/lib/python3.12/site-packages/airflow/example_dags/example_short_circuit_decorator.py
[2026-07-02T16:32:50.178+0000] {processor.py:840} INFO - DAG(s) 'example_short_circuit_decorator' retrieved from /usr/local/python/3.12.1/lib/python3.12/site-packages/airflow/example_dags/example_short_circuit_decorator.py
[2026-07-02T16:32:50.211+0000] {logging_mixin.py:188} INFO - [2026-07-02T16:32:50.211+0000] {dag.py:3089} INFO - Sync 1 DAGs
[2026-07-02T16:32:50.233+0000] {logging_mixin.py:188} INFO - [2026-07-02T16:32:50.233+0000] {dag.py:3947} INFO - Setting next_dagrun for example_short_circuit_decorator to 2026-07-01 00:00:00+00:00, run_after=2026-07-02 00:00:00+00:00
[2026-07-02T16:32:50.252+0000] {processor.py:183} INFO - Processing /usr/local/python/3.12.1/lib/python3.12/site-packages/airflow/example_dags/example_short_circuit_decorator.py took 0.094 seconds
[2026-07-02T16:33:39.982+0000] {processor.py:161} INFO - Started process (PID=133832) to work on /usr/local/python/3.12.1/lib/python3.12/site-packages/airflow/example_dags/example_short_circuit_decorator.py
[2026-07-02T16:33:39.995+0000] {processor.py:830} INFO - Processing file /usr/local/python/3.12.1/lib/python3.12/site-packages/airflow/example_dags/example_short_circuit_decorator.py for tasks to queue
[2026-07-02T16:33:40.007+0000] {logging_mixin.py:188} INFO - [2026-07-02T16:33:40.006+0000] {dagbag.py:545} INFO - Filling up the DagBag from /usr/local/python/3.12.1/lib/python3.12/site-packages/airflow/example_dags/example_short_circuit_decorator.py
[2026-07-02T16:33:40.039+0000] {processor.py:840} INFO - DAG(s) 'example_short_circuit_decorator' retrieved from /usr/local/python/3.12.1/lib/python3.12/site-packages/airflow/example_dags/example_short_circuit_decorator.py
[2026-07-02T16:33:40.076+0000] {logging_mixin.py:188} INFO - [2026-07-02T16:33:40.076+0000] {dag.py:3089} INFO - Sync 1 DAGs
[2026-07-02T16:33:40.111+0000] {logging_mixin.py:188} INFO - [2026-07-02T16:33:40.110+0000] {dag.py:3947} INFO - Setting next_dagrun for example_short_circuit_decorator to 2026-07-01 00:00:00+00:00, run_after=2026-07-02 00:00:00+00:00
[2026-07-02T16:33:40.132+0000] {processor.py:183} INFO - Processing /usr/local/python/3.12.1/lib/python3.12/site-packages/airflow/example_dags/example_short_circuit_decorator.py took 0.171 seconds
[2026-07-02T16:34:28.133+0000] {processor.py:161} INFO - Started process (PID=134472) to work on /usr/local/python/3.12.1/lib/python3.12/site-packages/airflow/example_dags/example_short_circuit_decorator.py
[2026-07-02T16:34:28.134+0000] {processor.py:830} INFO - Processing file /usr/local/python/3.12.1/lib/python3.12/site-packages/airflow/example_dags/example_short_circuit_decorator.py for tasks to queue
[2026-07-02T16:34:28.136+0000] {logging_mixin.py:188} INFO - [2026-07-02T16:34:28.136+0000] {dagbag.py:545} INFO - Filling up the DagBag from /usr/local/python/3.12.1/lib/python3.12/site-packages/airflow/example_dags/example_short_circuit_decorator.py
[2026-07-02T16:34:28.148+0000] {processor.py:840} INFO - DAG(s) 'example_short_circuit_decorator' retrieved from /usr/local/python/3.12.1/lib/python3.12/site-packages/airflow/example_dags/example_short_circuit_decorator.py
[2026-07-02T16:34:28.171+0000] {logging_mixin.py:188} INFO - [2026-07-02T16:34:28.171+0000] {dag.py:3089} INFO - Sync 1 DAGs
[2026-07-02T16:34:28.194+0000] {logging_mixin.py:188} INFO - [2026-07-02T16:34:28.194+0000] {dag.py:3947} INFO - Setting next_dagrun for example_short_circuit_decorator to 2026-07-01 00:00:00+00:00, run_after=2026-07-02 00:00:00+00:00
[2026-07-02T16:34:28.246+0000] {processor.py:183} INFO - Processing /usr/local/python/3.12.1/lib/python3.12/site-packages/airflow/example_dags/example_short_circuit_decorator.py took 0.121 seconds
[2026-07-02T16:35:20.352+0000] {processor.py:161} INFO - Started process (PID=135875) to work on /usr/local/python/3.12.1/lib/python3.12/site-packages/airflow/example_dags/example_short_circuit_decorator.py
[2026-07-02T16:35:20.377+0000] {processor.py:830} INFO - Processing file /usr/local/python/3.12.1/lib/python3.12/site-packages/airflow/example_dags/example_short_circuit_decorator.py for tasks to queue
[2026-07-02T16:35:20.388+0000] {logging_mixin.py:188} INFO - [2026-07-02T16:35:20.385+0000] {dagbag.py:545} INFO - Filling up the DagBag from /usr/local/python/3.12.1/lib/python3.12/site-packages/airflow/example_dags/example_short_circuit_decorator.py
[2026-07-02T16:35:20.479+0000] {processor.py:840} INFO - DAG(s) 'example_short_circuit_decorator' retrieved from /usr/local/python/3.12.1/lib/python3.12/site-packages/airflow/example_dags/example_short_circuit_decorator.py
[2026-07-02T16:35:20.659+0000] {logging_mixin.py:188} INFO - [2026-07-02T16:35:20.659+0000] {dag.py:3089} INFO - Sync 1 DAGs
[2026-07-02T16:35:20.765+0000] {logging_mixin.py:188} INFO - [2026-07-02T16:35:20.764+0000] {dag.py:3947} INFO - Setting next_dagrun for example_short_circuit_decorator to 2026-07-01 00:00:00+00:00, run_after=2026-07-02 00:00:00+00:00
[2026-07-02T16:35:21.108+0000] {processor.py:183} INFO - Processing /usr/local/python/3.12.1/lib/python3.12/site-packages/airflow/example_dags/example_short_circuit_decorator.py took 0.789 seconds
[2026-07-02T16:36:18.149+0000] {processor.py:161} INFO - Started process (PID=136661) to work on /usr/local/python/3.12.1/lib/python3.12/site-packages/airflow/example_dags/example_short_circuit_decorator.py
[2026-07-02T16:36:18.160+0000] {processor.py:830} INFO - Processing file /usr/local/python/3.12.1/lib/python3.12/site-packages/airflow/example_dags/example_short_circuit_decorator.py for tasks to queue
[2026-07-02T16:36:18.162+0000] {logging_mixin.py:188} INFO - [2026-07-02T16:36:18.161+0000] {dagbag.py:545} INFO - Filling up the DagBag from /usr/local/python/3.12.1/lib/python3.12/site-packages/airflow/example_dags/example_short_circuit_decorator.py
[2026-07-02T16:36:18.209+0000] {processor.py:840} INFO - DAG(s) 'example_short_circuit_decorator' retrieved from /usr/local/python/3.12.1/lib/python3.12/site-packages/airflow/example_dags/example_short_circuit_decorator.py
[2026-07-02T16:36:18.276+0000] {logging_mixin.py:188} INFO - [2026-07-02T16:36:18.275+0000] {dag.py:3089} INFO - Sync 1 DAGs
[2026-07-02T16:36:18.340+0000] {logging_mixin.py:188} INFO - [2026-07-02T16:36:18.339+0000] {dag.py:3947} INFO - Setting next_dagrun for example_short_circuit_decorator to 2026-07-01 00:00:00+00:00, run_after=2026-07-02 00:00:00+00:00
[2026-07-02T16:36:18.415+0000] {processor.py:183} INFO - Processing /usr/local/python/3.12.1/lib/python3.12/site-packages/airflow/example_dags/example_short_circuit_decorator.py took 0.273 seconds
[2026-07-02T16:37:02.004+0000] {processor.py:161} INFO - Started process (PID=137237) to work on /usr/local/python/3.12.1/lib/python3.12/site-packages/airflow/example_dags/example_short_circuit_decorator.py
[2026-07-02T16:37:02.008+0000] {processor.py:830} INFO - Processing file /usr/local/python/3.12.1/lib/python3.12/site-packages/airflow/example_dags/example_short_circuit_decorator.py for tasks to queue
[2026-07-02T16:37:02.014+0000] {logging_mixin.py:188} INFO - [2026-07-02T16:37:02.014+0000] {dagbag.py:545} INFO - Filling up the DagBag from /usr/local/python/3.12.1/lib/python3.12/site-packages/airflow/example_dags/example_short_circuit_decorator.py
[2026-07-02T16:37:02.050+0000] {processor.py:840} INFO - DAG(s) 'example_short_circuit_decorator' retrieved from /usr/local/python/3.12.1/lib/python3.12/site-packages/airflow/example_dags/example_short_circuit_decorator.py
[2026-07-02T16:37:02.114+0000] {logging_mixin.py:188} INFO - [2026-07-02T16:37:02.113+0000] {dag.py:3089} INFO - Sync 1 DAGs
[2026-07-02T16:37:02.180+0000] {logging_mixin.py:188} INFO - [2026-07-02T16:37:02.180+0000] {dag.py:3947} INFO - Setting next_dagrun for example_short_circuit_decorator to 2026-07-01 00:00:00+00:00, run_after=2026-07-02 00:00:00+00:00
[2026-07-02T16:37:02.240+0000] {processor.py:183} INFO - Processing /usr/local/python/3.12.1/lib/python3.12/site-packages/airflow/example_dags/example_short_circuit_decorator.py took 0.253 seconds
[2026-07-02T16:37:49.765+0000] {processor.py:161} INFO - Started process (PID=138550) to work on /usr/local/python/3.12.1/lib/python3.12/site-packages/airflow/example_dags/example_short_circuit_decorator.py
[2026-07-02T16:37:49.769+0000] {processor.py:830} INFO - Processing file /usr/local/python/3.12.1/lib/python3.12/site-packages/airflow/example_dags/example_short_circuit_decorator.py for tasks to queue
[2026-07-02T16:37:49.772+0000] {logging_mixin.py:188} INFO - [2026-07-02T16:37:49.772+0000] {dagbag.py:545} INFO - Filling up the DagBag from /usr/local/python/3.12.1/lib/python3.12/site-packages/airflow/example_dags/example_short_circuit_decorator.py
[2026-07-02T16:37:49.792+0000] {processor.py:840} INFO - DAG(s) 'example_short_circuit_decorator' retrieved from /usr/local/python/3.12.1/lib/python3.12/site-packages/airflow/example_dags/example_short_circuit_decorator.py
[2026-07-02T16:37:49.828+0000] {logging_mixin.py:188} INFO - [2026-07-02T16:37:49.823+0000] {dag.py:3089} INFO - Sync 1 DAGs
[2026-07-02T16:37:49.851+0000] {logging_mixin.py:188} INFO - [2026-07-02T16:37:49.851+0000] {dag.py:3947} INFO - Setting next_dagrun for example_short_circuit_decorator to 2026-07-01 00:00:00+00:00, run_after=2026-07-02 00:00:00+00:00
[2026-07-02T16:37:49.891+0000] {processor.py:183} INFO - Processing /usr/local/python/3.12.1/lib/python3.12/site-packages/airflow/example_dags/example_short_circuit_decorator.py took 0.151 seconds
[2026-07-02T16:38:36.629+0000] {processor.py:161} INFO - Started process (PID=139573) to work on /usr/local/python/3.12.1/lib/python3.12/site-packages/airflow/example_dags/example_short_circuit_decorator.py
[2026-07-02T16:38:36.630+0000] {processor.py:830} INFO - Processing file /usr/local/python/3.12.1/lib/python3.12/site-packages/airflow/example_dags/example_short_circuit_decorator.py for tasks to queue
[2026-07-02T16:38:36.632+0000] {logging_mixin.py:188} INFO - [2026-07-02T16:38:36.632+0000] {dagbag.py:545} INFO - Filling up the DagBag from /usr/local/python/3.12.1/lib/python3.12/site-packages/airflow/example_dags/example_short_circuit_decorator.py
[2026-07-02T16:38:36.639+0000] {processor.py:840} INFO - DAG(s) 'example_short_circuit_decorator' retrieved from /usr/local/python/3.12.1/lib/python3.12/site-packages/airflow/example_dags/example_short_circuit_decorator.py
[2026-07-02T16:38:36.657+0000] {logging_mixin.py:188} INFO - [2026-07-02T16:38:36.657+0000] {dag.py:3089} INFO - Sync 1 DAGs
[2026-07-02T16:38:36.681+0000] {logging_mixin.py:188} INFO - [2026-07-02T16:38:36.681+0000] {dag.py:3947} INFO - Setting next_dagrun for example_short_circuit_decorator to 2026-07-01 00:00:00+00:00, run_after=2026-07-02 00:00:00+00:00
[2026-07-02T16:38:36.805+0000] {processor.py:183} INFO - Processing /usr/local/python/3.12.1/lib/python3.12/site-packages/airflow/example_dags/example_short_circuit_decorator.py took 0.180 seconds
[2026-07-02T16:39:23.470+0000] {processor.py:161} INFO - Started process (PID=140197) to work on /usr/local/python/3.12.1/lib/python3.12/site-packages/airflow/example_dags/example_short_circuit_decorator.py
[2026-07-02T16:39:23.471+0000] {processor.py:830} INFO - Processing file /usr/local/python/3.12.1/lib/python3.12/site-packages/airflow/example_dags/example_short_circuit_decorator.py for tasks to queue
[2026-07-02T16:39:23.473+0000] {logging_mixin.py:188} INFO - [2026-07-02T16:39:23.472+0000] {dagbag.py:545} INFO - Filling up the DagBag from /usr/local/python/3.12.1/lib/python3.12/site-packages/airflow/example_dags/example_short_circuit_decorator.py
[2026-07-02T16:39:23.481+0000] {processor.py:840} INFO - DAG(s) 'example_short_circuit_decorator' retrieved from /usr/local/python/3.12.1/lib/python3.12/site-packages/airflow/example_dags/example_short_circuit_decorator.py
[2026-07-02T16:39:23.496+0000] {logging_mixin.py:188} INFO - [2026-07-02T16:39:23.496+0000] {dag.py:3089} INFO - Sync 1 DAGs
[2026-07-02T16:39:23.516+0000] {logging_mixin.py:188} INFO - [2026-07-02T16:39:23.515+0000] {dag.py:3947} INFO - Setting next_dagrun for example_short_circuit_decorator to 2026-07-01 00:00:00+00:00, run_after=2026-07-02 00:00:00+00:00
[2026-07-02T16:39:23.532+0000] {processor.py:183} INFO - Processing /usr/local/python/3.12.1/lib/python3.12/site-packages/airflow/example_dags/example_short_circuit_decorator.py took 0.066 seconds
[2026-07-02T16:40:08.863+0000] {processor.py:161} INFO - Started process (PID=140820) to work on /usr/local/python/3.12.1/lib/python3.12/site-packages/airflow/example_dags/example_short_circuit_decorator.py
[2026-07-02T16:40:08.864+0000] {processor.py:830} INFO - Processing file /usr/local/python/3.12.1/lib/python3.12/site-packages/airflow/example_dags/example_short_circuit_decorator.py for tasks to queue
[2026-07-02T16:40:08.866+0000] {logging_mixin.py:188} INFO - [2026-07-02T16:40:08.865+0000] {dagbag.py:545} INFO - Filling up the DagBag from /usr/local/python/3.12.1/lib/python3.12/site-packages/airflow/example_dags/example_short_circuit_decorator.py
[2026-07-02T16:40:08.873+0000] {processor.py:840} INFO - DAG(s) 'example_short_circuit_decorator' retrieved from /usr/local/python/3.12.1/lib/python3.12/site-packages/airflow/example_dags/example_short_circuit_decorator.py
[2026-07-02T16:40:08.891+0000] {logging_mixin.py:188} INFO - [2026-07-02T16:40:08.891+0000] {dag.py:3089} INFO - Sync 1 DAGs
[2026-07-02T16:40:08.908+0000] {logging_mixin.py:188} INFO - [2026-07-02T16:40:08.908+0000] {dag.py:3947} INFO - Setting next_dagrun for example_short_circuit_decorator to 2026-07-01 00:00:00+00:00, run_after=2026-07-02 00:00:00+00:00
[2026-07-02T16:40:08.926+0000] {processor.py:183} INFO - Processing /usr/local/python/3.12.1/lib/python3.12/site-packages/airflow/example_dags/example_short_circuit_decorator.py took 0.067 seconds
