[2026-07-02T16:24:53.161+0000] {processor.py:161} INFO - Started process (PID=118125) to work on /usr/local/python/3.12.1/lib/python3.12/site-packages/airflow/example_dags/example_bash_decorator.py
[2026-07-02T16:24:53.162+0000] {processor.py:830} INFO - Processing file /usr/local/python/3.12.1/lib/python3.12/site-packages/airflow/example_dags/example_bash_decorator.py for tasks to queue
[2026-07-02T16:24:53.163+0000] {logging_mixin.py:188} INFO - [2026-07-02T16:24:53.163+0000] {dagbag.py:545} INFO - Filling up the DagBag from /usr/local/python/3.12.1/lib/python3.12/site-packages/airflow/example_dags/example_bash_decorator.py
[2026-07-02T16:24:53.174+0000] {processor.py:840} INFO - DAG(s) 'example_bash_decorator' retrieved from /usr/local/python/3.12.1/lib/python3.12/site-packages/airflow/example_dags/example_bash_decorator.py
[2026-07-02T16:24:53.255+0000] {logging_mixin.py:188} INFO - [2026-07-02T16:24:53.254+0000] {override.py:1858} INFO - Created Permission View: can delete on DAG:example_bash_decorator
[2026-07-02T16:24:53.268+0000] {logging_mixin.py:188} INFO - [2026-07-02T16:24:53.268+0000] {override.py:1858} INFO - Created Permission View: can read on DAG:example_bash_decorator
[2026-07-02T16:24:53.277+0000] {logging_mixin.py:188} INFO - [2026-07-02T16:24:53.276+0000] {override.py:1858} INFO - Created Permission View: can edit on DAG:example_bash_decorator
[2026-07-02T16:24:53.277+0000] {logging_mixin.py:188} INFO - [2026-07-02T16:24:53.277+0000] {dag.py:3089} INFO - Sync 1 DAGs
[2026-07-02T16:24:53.289+0000] {logging_mixin.py:188} INFO - [2026-07-02T16:24:53.288+0000] {dag.py:3111} INFO - Creating ORM DAG for example_bash_decorator
[2026-07-02T16:24:53.289+0000] {logging_mixin.py:188} INFO - [2026-07-02T16:24:53.289+0000] {dag.py:3947} INFO - Setting next_dagrun for example_bash_decorator to None, run_after=None
[2026-07-02T16:24:53.309+0000] {processor.py:183} INFO - Processing /usr/local/python/3.12.1/lib/python3.12/site-packages/airflow/example_dags/example_bash_decorator.py took 0.151 seconds
[2026-07-02T16:26:02.911+0000] {processor.py:161} INFO - Started process (PID=123635) to work on /usr/local/python/3.12.1/lib/python3.12/site-packages/airflow/example_dags/example_bash_decorator.py
[2026-07-02T16:26:02.912+0000] {processor.py:830} INFO - Processing file /usr/local/python/3.12.1/lib/python3.12/site-packages/airflow/example_dags/example_bash_decorator.py for tasks to queue
[2026-07-02T16:26:02.914+0000] {logging_mixin.py:188} INFO - [2026-07-02T16:26:02.913+0000] {dagbag.py:545} INFO - Filling up the DagBag from /usr/local/python/3.12.1/lib/python3.12/site-packages/airflow/example_dags/example_bash_decorator.py
[2026-07-02T16:26:02.925+0000] {processor.py:840} INFO - DAG(s) 'example_bash_decorator' retrieved from /usr/local/python/3.12.1/lib/python3.12/site-packages/airflow/example_dags/example_bash_decorator.py
[2026-07-02T16:26:02.940+0000] {logging_mixin.py:188} INFO - [2026-07-02T16:26:02.940+0000] {dag.py:3089} INFO - Sync 1 DAGs
[2026-07-02T16:26:02.949+0000] {logging_mixin.py:188} INFO - [2026-07-02T16:26:02.948+0000] {dag.py:3947} INFO - Setting next_dagrun for example_bash_decorator to None, run_after=None
[2026-07-02T16:26:02.966+0000] {processor.py:183} INFO - Processing /usr/local/python/3.12.1/lib/python3.12/site-packages/airflow/example_dags/example_bash_decorator.py took 0.060 seconds
[2026-07-02T16:27:44.721+0000] {processor.py:161} INFO - Started process (PID=128464) to work on /usr/local/python/3.12.1/lib/python3.12/site-packages/airflow/example_dags/example_bash_decorator.py
[2026-07-02T16:27:44.724+0000] {processor.py:830} INFO - Processing file /usr/local/python/3.12.1/lib/python3.12/site-packages/airflow/example_dags/example_bash_decorator.py for tasks to queue
[2026-07-02T16:27:44.727+0000] {logging_mixin.py:188} INFO - [2026-07-02T16:27:44.727+0000] {dagbag.py:545} INFO - Filling up the DagBag from /usr/local/python/3.12.1/lib/python3.12/site-packages/airflow/example_dags/example_bash_decorator.py
[2026-07-02T16:27:44.774+0000] {processor.py:840} INFO - DAG(s) 'example_bash_decorator' retrieved from /usr/local/python/3.12.1/lib/python3.12/site-packages/airflow/example_dags/example_bash_decorator.py
[2026-07-02T16:27:44.807+0000] {logging_mixin.py:188} INFO - [2026-07-02T16:27:44.806+0000] {dag.py:3089} INFO - Sync 1 DAGs
[2026-07-02T16:27:44.828+0000] {logging_mixin.py:188} INFO - [2026-07-02T16:27:44.827+0000] {dag.py:3947} INFO - Setting next_dagrun for example_bash_decorator to None, run_after=None
[2026-07-02T16:27:44.866+0000] {processor.py:183} INFO - Processing /usr/local/python/3.12.1/lib/python3.12/site-packages/airflow/example_dags/example_bash_decorator.py took 0.160 seconds
[2026-07-02T16:29:11.715+0000] {processor.py:161} INFO - Started process (PID=129684) to work on /usr/local/python/3.12.1/lib/python3.12/site-packages/airflow/example_dags/example_bash_decorator.py
[2026-07-02T16:29:11.715+0000] {processor.py:830} INFO - Processing file /usr/local/python/3.12.1/lib/python3.12/site-packages/airflow/example_dags/example_bash_decorator.py for tasks to queue
[2026-07-02T16:29:11.717+0000] {logging_mixin.py:188} INFO - [2026-07-02T16:29:11.716+0000] {dagbag.py:545} INFO - Filling up the DagBag from /usr/local/python/3.12.1/lib/python3.12/site-packages/airflow/example_dags/example_bash_decorator.py
[2026-07-02T16:29:11.730+0000] {processor.py:840} INFO - DAG(s) 'example_bash_decorator' retrieved from /usr/local/python/3.12.1/lib/python3.12/site-packages/airflow/example_dags/example_bash_decorator.py
[2026-07-02T16:29:11.745+0000] {logging_mixin.py:188} INFO - [2026-07-02T16:29:11.744+0000] {dag.py:3089} INFO - Sync 1 DAGs
[2026-07-02T16:29:11.851+0000] {logging_mixin.py:188} INFO - [2026-07-02T16:29:11.851+0000] {dag.py:3947} INFO - Setting next_dagrun for example_bash_decorator to None, run_after=None
[2026-07-02T16:29:11.866+0000] {processor.py:183} INFO - Processing /usr/local/python/3.12.1/lib/python3.12/site-packages/airflow/example_dags/example_bash_decorator.py took 0.156 seconds
[2026-07-02T16:30:12.380+0000] {processor.py:161} INFO - Started process (PID=130365) to work on /usr/local/python/3.12.1/lib/python3.12/site-packages/airflow/example_dags/example_bash_decorator.py
[2026-07-02T16:30:12.381+0000] {processor.py:830} INFO - Processing file /usr/local/python/3.12.1/lib/python3.12/site-packages/airflow/example_dags/example_bash_decorator.py for tasks to queue
[2026-07-02T16:30:12.383+0000] {logging_mixin.py:188} INFO - [2026-07-02T16:30:12.382+0000] {dagbag.py:545} INFO - Filling up the DagBag from /usr/local/python/3.12.1/lib/python3.12/site-packages/airflow/example_dags/example_bash_decorator.py
[2026-07-02T16:30:12.400+0000] {processor.py:840} INFO - DAG(s) 'example_bash_decorator' retrieved from /usr/local/python/3.12.1/lib/python3.12/site-packages/airflow/example_dags/example_bash_decorator.py
[2026-07-02T16:30:12.422+0000] {logging_mixin.py:188} INFO - [2026-07-02T16:30:12.422+0000] {dag.py:3089} INFO - Sync 1 DAGs
[2026-07-02T16:30:12.436+0000] {logging_mixin.py:188} INFO - [2026-07-02T16:30:12.436+0000] {dag.py:3947} INFO - Setting next_dagrun for example_bash_decorator to None, run_after=None
[2026-07-02T16:30:12.460+0000] {processor.py:183} INFO - Processing /usr/local/python/3.12.1/lib/python3.12/site-packages/airflow/example_dags/example_bash_decorator.py took 0.089 seconds
[2026-07-02T16:31:27.379+0000] {processor.py:161} INFO - Started process (PID=131235) to work on /usr/local/python/3.12.1/lib/python3.12/site-packages/airflow/example_dags/example_bash_decorator.py
[2026-07-02T16:31:27.380+0000] {processor.py:830} INFO - Processing file /usr/local/python/3.12.1/lib/python3.12/site-packages/airflow/example_dags/example_bash_decorator.py for tasks to queue
[2026-07-02T16:31:27.382+0000] {logging_mixin.py:188} INFO - [2026-07-02T16:31:27.381+0000] {dagbag.py:545} INFO - Filling up the DagBag from /usr/local/python/3.12.1/lib/python3.12/site-packages/airflow/example_dags/example_bash_decorator.py
[2026-07-02T16:31:27.397+0000] {processor.py:840} INFO - DAG(s) 'example_bash_decorator' retrieved from /usr/local/python/3.12.1/lib/python3.12/site-packages/airflow/example_dags/example_bash_decorator.py
[2026-07-02T16:31:27.412+0000] {logging_mixin.py:188} INFO - [2026-07-02T16:31:27.412+0000] {dag.py:3089} INFO - Sync 1 DAGs
[2026-07-02T16:31:27.421+0000] {logging_mixin.py:188} INFO - [2026-07-02T16:31:27.421+0000] {dag.py:3947} INFO - Setting next_dagrun for example_bash_decorator to None, run_after=None
[2026-07-02T16:31:27.436+0000] {processor.py:183} INFO - Processing /usr/local/python/3.12.1/lib/python3.12/site-packages/airflow/example_dags/example_bash_decorator.py took 0.063 seconds
[2026-07-02T16:32:43.172+0000] {processor.py:161} INFO - Started process (PID=133198) to work on /usr/local/python/3.12.1/lib/python3.12/site-packages/airflow/example_dags/example_bash_decorator.py
[2026-07-02T16:32:43.173+0000] {processor.py:830} INFO - Processing file /usr/local/python/3.12.1/lib/python3.12/site-packages/airflow/example_dags/example_bash_decorator.py for tasks to queue
[2026-07-02T16:32:43.177+0000] {logging_mixin.py:188} INFO - [2026-07-02T16:32:43.176+0000] {dagbag.py:545} INFO - Filling up the DagBag from /usr/local/python/3.12.1/lib/python3.12/site-packages/airflow/example_dags/example_bash_decorator.py
[2026-07-02T16:32:43.206+0000] {processor.py:840} INFO - DAG(s) 'example_bash_decorator' retrieved from /usr/local/python/3.12.1/lib/python3.12/site-packages/airflow/example_dags/example_bash_decorator.py
[2026-07-02T16:32:43.266+0000] {logging_mixin.py:188} INFO - [2026-07-02T16:32:43.266+0000] {dag.py:3089} INFO - Sync 1 DAGs
[2026-07-02T16:32:43.285+0000] {logging_mixin.py:188} INFO - [2026-07-02T16:32:43.285+0000] {dag.py:3947} INFO - Setting next_dagrun for example_bash_decorator to None, run_after=None
[2026-07-02T16:32:43.324+0000] {processor.py:183} INFO - Processing /usr/local/python/3.12.1/lib/python3.12/site-packages/airflow/example_dags/example_bash_decorator.py took 0.158 seconds
[2026-07-02T16:33:56.577+0000] {processor.py:161} INFO - Started process (PID=134070) to work on /usr/local/python/3.12.1/lib/python3.12/site-packages/airflow/example_dags/example_bash_decorator.py
[2026-07-02T16:33:56.578+0000] {processor.py:830} INFO - Processing file /usr/local/python/3.12.1/lib/python3.12/site-packages/airflow/example_dags/example_bash_decorator.py for tasks to queue
[2026-07-02T16:33:56.580+0000] {logging_mixin.py:188} INFO - [2026-07-02T16:33:56.580+0000] {dagbag.py:545} INFO - Filling up the DagBag from /usr/local/python/3.12.1/lib/python3.12/site-packages/airflow/example_dags/example_bash_decorator.py
[2026-07-02T16:33:56.596+0000] {processor.py:840} INFO - DAG(s) 'example_bash_decorator' retrieved from /usr/local/python/3.12.1/lib/python3.12/site-packages/airflow/example_dags/example_bash_decorator.py
[2026-07-02T16:33:56.619+0000] {logging_mixin.py:188} INFO - [2026-07-02T16:33:56.618+0000] {dag.py:3089} INFO - Sync 1 DAGs
[2026-07-02T16:33:56.632+0000] {logging_mixin.py:188} INFO - [2026-07-02T16:33:56.632+0000] {dag.py:3947} INFO - Setting next_dagrun for example_bash_decorator to None, run_after=None
[2026-07-02T16:33:56.658+0000] {processor.py:183} INFO - Processing /usr/local/python/3.12.1/lib/python3.12/site-packages/airflow/example_dags/example_bash_decorator.py took 0.087 seconds
[2026-07-02T16:35:12.477+0000] {processor.py:161} INFO - Started process (PID=135048) to work on /usr/local/python/3.12.1/lib/python3.12/site-packages/airflow/example_dags/example_bash_decorator.py
[2026-07-02T16:35:12.479+0000] {processor.py:830} INFO - Processing file /usr/local/python/3.12.1/lib/python3.12/site-packages/airflow/example_dags/example_bash_decorator.py for tasks to queue
[2026-07-02T16:35:12.482+0000] {logging_mixin.py:188} INFO - [2026-07-02T16:35:12.481+0000] {dagbag.py:545} INFO - Filling up the DagBag from /usr/local/python/3.12.1/lib/python3.12/site-packages/airflow/example_dags/example_bash_decorator.py
[2026-07-02T16:35:12.539+0000] {processor.py:840} INFO - DAG(s) 'example_bash_decorator' retrieved from /usr/local/python/3.12.1/lib/python3.12/site-packages/airflow/example_dags/example_bash_decorator.py
[2026-07-02T16:35:12.566+0000] {logging_mixin.py:188} INFO - [2026-07-02T16:35:12.566+0000] {dag.py:3089} INFO - Sync 1 DAGs
[2026-07-02T16:35:12.588+0000] {logging_mixin.py:188} INFO - [2026-07-02T16:35:12.588+0000] {dag.py:3947} INFO - Setting next_dagrun for example_bash_decorator to None, run_after=None
[2026-07-02T16:35:12.619+0000] {processor.py:183} INFO - Processing /usr/local/python/3.12.1/lib/python3.12/site-packages/airflow/example_dags/example_bash_decorator.py took 0.151 seconds
[2026-07-02T16:36:11.346+0000] {processor.py:161} INFO - Started process (PID=136573) to work on /usr/local/python/3.12.1/lib/python3.12/site-packages/airflow/example_dags/example_bash_decorator.py
[2026-07-02T16:36:11.374+0000] {processor.py:830} INFO - Processing file /usr/local/python/3.12.1/lib/python3.12/site-packages/airflow/example_dags/example_bash_decorator.py for tasks to queue
[2026-07-02T16:36:11.379+0000] {logging_mixin.py:188} INFO - [2026-07-02T16:36:11.378+0000] {dagbag.py:545} INFO - Filling up the DagBag from /usr/local/python/3.12.1/lib/python3.12/site-packages/airflow/example_dags/example_bash_decorator.py
[2026-07-02T16:36:11.463+0000] {processor.py:840} INFO - DAG(s) 'example_bash_decorator' retrieved from /usr/local/python/3.12.1/lib/python3.12/site-packages/airflow/example_dags/example_bash_decorator.py
[2026-07-02T16:36:11.519+0000] {logging_mixin.py:188} INFO - [2026-07-02T16:36:11.519+0000] {dag.py:3089} INFO - Sync 1 DAGs
[2026-07-02T16:36:11.622+0000] {logging_mixin.py:188} INFO - [2026-07-02T16:36:11.621+0000] {dag.py:3947} INFO - Setting next_dagrun for example_bash_decorator to None, run_after=None
[2026-07-02T16:36:11.747+0000] {processor.py:183} INFO - Processing /usr/local/python/3.12.1/lib/python3.12/site-packages/airflow/example_dags/example_bash_decorator.py took 0.418 seconds
[2026-07-02T16:37:20.328+0000] {processor.py:161} INFO - Started process (PID=137451) to work on /usr/local/python/3.12.1/lib/python3.12/site-packages/airflow/example_dags/example_bash_decorator.py
[2026-07-02T16:37:20.328+0000] {processor.py:830} INFO - Processing file /usr/local/python/3.12.1/lib/python3.12/site-packages/airflow/example_dags/example_bash_decorator.py for tasks to queue
[2026-07-02T16:37:20.330+0000] {logging_mixin.py:188} INFO - [2026-07-02T16:37:20.330+0000] {dagbag.py:545} INFO - Filling up the DagBag from /usr/local/python/3.12.1/lib/python3.12/site-packages/airflow/example_dags/example_bash_decorator.py
[2026-07-02T16:37:20.341+0000] {processor.py:840} INFO - DAG(s) 'example_bash_decorator' retrieved from /usr/local/python/3.12.1/lib/python3.12/site-packages/airflow/example_dags/example_bash_decorator.py
[2026-07-02T16:37:20.356+0000] {logging_mixin.py:188} INFO - [2026-07-02T16:37:20.356+0000] {dag.py:3089} INFO - Sync 1 DAGs
[2026-07-02T16:37:20.366+0000] {logging_mixin.py:188} INFO - [2026-07-02T16:37:20.366+0000] {dag.py:3947} INFO - Setting next_dagrun for example_bash_decorator to None, run_after=None
[2026-07-02T16:37:20.385+0000] {processor.py:183} INFO - Processing /usr/local/python/3.12.1/lib/python3.12/site-packages/airflow/example_dags/example_bash_decorator.py took 0.062 seconds
[2026-07-02T16:38:26.015+0000] {processor.py:161} INFO - Started process (PID=139406) to work on /usr/local/python/3.12.1/lib/python3.12/site-packages/airflow/example_dags/example_bash_decorator.py
[2026-07-02T16:38:26.015+0000] {processor.py:830} INFO - Processing file /usr/local/python/3.12.1/lib/python3.12/site-packages/airflow/example_dags/example_bash_decorator.py for tasks to queue
[2026-07-02T16:38:26.017+0000] {logging_mixin.py:188} INFO - [2026-07-02T16:38:26.016+0000] {dagbag.py:545} INFO - Filling up the DagBag from /usr/local/python/3.12.1/lib/python3.12/site-packages/airflow/example_dags/example_bash_decorator.py
[2026-07-02T16:38:26.028+0000] {processor.py:840} INFO - DAG(s) 'example_bash_decorator' retrieved from /usr/local/python/3.12.1/lib/python3.12/site-packages/airflow/example_dags/example_bash_decorator.py
[2026-07-02T16:38:26.043+0000] {logging_mixin.py:188} INFO - [2026-07-02T16:38:26.043+0000] {dag.py:3089} INFO - Sync 1 DAGs
[2026-07-02T16:38:26.052+0000] {logging_mixin.py:188} INFO - [2026-07-02T16:38:26.052+0000] {dag.py:3947} INFO - Setting next_dagrun for example_bash_decorator to None, run_after=None
[2026-07-02T16:38:26.069+0000] {processor.py:183} INFO - Processing /usr/local/python/3.12.1/lib/python3.12/site-packages/airflow/example_dags/example_bash_decorator.py took 0.059 seconds
[2026-07-02T16:39:35.895+0000] {processor.py:161} INFO - Started process (PID=140385) to work on /usr/local/python/3.12.1/lib/python3.12/site-packages/airflow/example_dags/example_bash_decorator.py
[2026-07-02T16:39:35.898+0000] {processor.py:830} INFO - Processing file /usr/local/python/3.12.1/lib/python3.12/site-packages/airflow/example_dags/example_bash_decorator.py for tasks to queue
[2026-07-02T16:39:35.901+0000] {logging_mixin.py:188} INFO - [2026-07-02T16:39:35.900+0000] {dagbag.py:545} INFO - Filling up the DagBag from /usr/local/python/3.12.1/lib/python3.12/site-packages/airflow/example_dags/example_bash_decorator.py
[2026-07-02T16:39:35.934+0000] {processor.py:840} INFO - DAG(s) 'example_bash_decorator' retrieved from /usr/local/python/3.12.1/lib/python3.12/site-packages/airflow/example_dags/example_bash_decorator.py
[2026-07-02T16:39:35.982+0000] {logging_mixin.py:188} INFO - [2026-07-02T16:39:35.981+0000] {dag.py:3089} INFO - Sync 1 DAGs
[2026-07-02T16:39:36.007+0000] {logging_mixin.py:188} INFO - [2026-07-02T16:39:36.007+0000] {dag.py:3947} INFO - Setting next_dagrun for example_bash_decorator to None, run_after=None
[2026-07-02T16:39:36.032+0000] {processor.py:183} INFO - Processing /usr/local/python/3.12.1/lib/python3.12/site-packages/airflow/example_dags/example_bash_decorator.py took 0.151 seconds
