[2026-07-02T16:24:15.115+0000] {processor.py:161} INFO - Started process (PID=117597) to work on /usr/local/python/3.12.1/lib/python3.12/site-packages/airflow/example_dags/example_sla_dag.py
[2026-07-02T16:24:15.116+0000] {processor.py:830} INFO - Processing file /usr/local/python/3.12.1/lib/python3.12/site-packages/airflow/example_dags/example_sla_dag.py for tasks to queue
[2026-07-02T16:24:15.118+0000] {logging_mixin.py:188} INFO - [2026-07-02T16:24:15.118+0000] {dagbag.py:545} INFO - Filling up the DagBag from /usr/local/python/3.12.1/lib/python3.12/site-packages/airflow/example_dags/example_sla_dag.py
[2026-07-02T16:24:15.131+0000] {processor.py:840} INFO - DAG(s) 'example_sla_dag' retrieved from /usr/local/python/3.12.1/lib/python3.12/site-packages/airflow/example_dags/example_sla_dag.py
[2026-07-02T16:24:15.211+0000] {logging_mixin.py:188} INFO - [2026-07-02T16:24:15.210+0000] {override.py:1858} INFO - Created Permission View: can delete on DAG:example_sla_dag
[2026-07-02T16:24:15.220+0000] {logging_mixin.py:188} INFO - [2026-07-02T16:24:15.219+0000] {override.py:1858} INFO - Created Permission View: can read on DAG:example_sla_dag
[2026-07-02T16:24:15.230+0000] {logging_mixin.py:188} INFO - [2026-07-02T16:24:15.229+0000] {override.py:1858} INFO - Created Permission View: can edit on DAG:example_sla_dag
[2026-07-02T16:24:15.230+0000] {logging_mixin.py:188} INFO - [2026-07-02T16:24:15.230+0000] {dag.py:3089} INFO - Sync 1 DAGs
[2026-07-02T16:24:15.239+0000] {logging_mixin.py:188} INFO - [2026-07-02T16:24:15.239+0000] {dag.py:3111} INFO - Creating ORM DAG for example_sla_dag
[2026-07-02T16:24:15.255+0000] {logging_mixin.py:188} INFO - [2026-07-02T16:24:15.254+0000] {dag.py:3947} INFO - Setting next_dagrun for example_sla_dag to 2026-07-02 16:22:00+00:00, run_after=2026-07-02 16:24:00+00:00
[2026-07-02T16:24:15.270+0000] {processor.py:183} INFO - Processing /usr/local/python/3.12.1/lib/python3.12/site-packages/airflow/example_dags/example_sla_dag.py took 0.159 seconds
[2026-07-02T16:25:10.137+0000] {processor.py:161} INFO - Started process (PID=118354) to work on /usr/local/python/3.12.1/lib/python3.12/site-packages/airflow/example_dags/example_sla_dag.py
[2026-07-02T16:25:10.138+0000] {processor.py:830} INFO - Processing file /usr/local/python/3.12.1/lib/python3.12/site-packages/airflow/example_dags/example_sla_dag.py for tasks to queue
[2026-07-02T16:25:10.139+0000] {logging_mixin.py:188} INFO - [2026-07-02T16:25:10.139+0000] {dagbag.py:545} INFO - Filling up the DagBag from /usr/local/python/3.12.1/lib/python3.12/site-packages/airflow/example_dags/example_sla_dag.py
[2026-07-02T16:25:10.146+0000] {processor.py:840} INFO - DAG(s) 'example_sla_dag' retrieved from /usr/local/python/3.12.1/lib/python3.12/site-packages/airflow/example_dags/example_sla_dag.py
[2026-07-02T16:25:10.159+0000] {logging_mixin.py:188} INFO - [2026-07-02T16:25:10.159+0000] {dag.py:3089} INFO - Sync 1 DAGs
[2026-07-02T16:25:10.177+0000] {logging_mixin.py:188} INFO - [2026-07-02T16:25:10.177+0000] {dag.py:3947} INFO - Setting next_dagrun for example_sla_dag to 2026-07-02 16:22:00+00:00, run_after=2026-07-02 16:24:00+00:00
[2026-07-02T16:25:10.200+0000] {processor.py:183} INFO - Processing /usr/local/python/3.12.1/lib/python3.12/site-packages/airflow/example_dags/example_sla_dag.py took 0.068 seconds
[2026-07-02T16:26:04.120+0000] {processor.py:161} INFO - Started process (PID=123656) to work on /usr/local/python/3.12.1/lib/python3.12/site-packages/airflow/example_dags/example_sla_dag.py
[2026-07-02T16:26:04.123+0000] {processor.py:830} INFO - Processing file /usr/local/python/3.12.1/lib/python3.12/site-packages/airflow/example_dags/example_sla_dag.py for tasks to queue
[2026-07-02T16:26:04.134+0000] {logging_mixin.py:188} INFO - [2026-07-02T16:26:04.131+0000] {dagbag.py:545} INFO - Filling up the DagBag from /usr/local/python/3.12.1/lib/python3.12/site-packages/airflow/example_dags/example_sla_dag.py
[2026-07-02T16:26:04.158+0000] {processor.py:840} INFO - DAG(s) 'example_sla_dag' retrieved from /usr/local/python/3.12.1/lib/python3.12/site-packages/airflow/example_dags/example_sla_dag.py
[2026-07-02T16:26:04.223+0000] {logging_mixin.py:188} INFO - [2026-07-02T16:26:04.217+0000] {dag.py:3089} INFO - Sync 1 DAGs
[2026-07-02T16:26:04.317+0000] {logging_mixin.py:188} INFO - [2026-07-02T16:26:04.317+0000] {dag.py:3947} INFO - Setting next_dagrun for example_sla_dag to 2026-07-02 16:24:00+00:00, run_after=2026-07-02 16:26:00+00:00
[2026-07-02T16:26:04.387+0000] {processor.py:183} INFO - Processing /usr/local/python/3.12.1/lib/python3.12/site-packages/airflow/example_dags/example_sla_dag.py took 0.296 seconds
[2026-07-02T16:27:16.131+0000] {processor.py:161} INFO - Started process (PID=126934) to work on /usr/local/python/3.12.1/lib/python3.12/site-packages/airflow/example_dags/example_sla_dag.py
[2026-07-02T16:27:16.154+0000] {processor.py:830} INFO - Processing file /usr/local/python/3.12.1/lib/python3.12/site-packages/airflow/example_dags/example_sla_dag.py for tasks to queue
[2026-07-02T16:27:16.157+0000] {logging_mixin.py:188} INFO - [2026-07-02T16:27:16.156+0000] {dagbag.py:545} INFO - Filling up the DagBag from /usr/local/python/3.12.1/lib/python3.12/site-packages/airflow/example_dags/example_sla_dag.py
[2026-07-02T16:27:16.191+0000] {processor.py:840} INFO - DAG(s) 'example_sla_dag' retrieved from /usr/local/python/3.12.1/lib/python3.12/site-packages/airflow/example_dags/example_sla_dag.py
[2026-07-02T16:27:16.356+0000] {logging_mixin.py:188} INFO - [2026-07-02T16:27:16.355+0000] {dag.py:3089} INFO - Sync 1 DAGs
[2026-07-02T16:27:16.437+0000] {logging_mixin.py:188} INFO - [2026-07-02T16:27:16.437+0000] {dag.py:3947} INFO - Setting next_dagrun for example_sla_dag to 2026-07-02 16:24:00+00:00, run_after=2026-07-02 16:26:00+00:00
[2026-07-02T16:27:16.525+0000] {processor.py:183} INFO - Processing /usr/local/python/3.12.1/lib/python3.12/site-packages/airflow/example_dags/example_sla_dag.py took 0.401 seconds
[2026-07-02T16:28:12.810+0000] {processor.py:161} INFO - Started process (PID=128866) to work on /usr/local/python/3.12.1/lib/python3.12/site-packages/airflow/example_dags/example_sla_dag.py
[2026-07-02T16:28:12.811+0000] {processor.py:830} INFO - Processing file /usr/local/python/3.12.1/lib/python3.12/site-packages/airflow/example_dags/example_sla_dag.py for tasks to queue
[2026-07-02T16:28:12.812+0000] {logging_mixin.py:188} INFO - [2026-07-02T16:28:12.812+0000] {dagbag.py:545} INFO - Filling up the DagBag from /usr/local/python/3.12.1/lib/python3.12/site-packages/airflow/example_dags/example_sla_dag.py
[2026-07-02T16:28:12.819+0000] {processor.py:840} INFO - DAG(s) 'example_sla_dag' retrieved from /usr/local/python/3.12.1/lib/python3.12/site-packages/airflow/example_dags/example_sla_dag.py
[2026-07-02T16:28:12.831+0000] {logging_mixin.py:188} INFO - [2026-07-02T16:28:12.831+0000] {dag.py:3089} INFO - Sync 1 DAGs
[2026-07-02T16:28:12.851+0000] {logging_mixin.py:188} INFO - [2026-07-02T16:28:12.851+0000] {dag.py:3947} INFO - Setting next_dagrun for example_sla_dag to 2026-07-02 16:26:00+00:00, run_after=2026-07-02 16:28:00+00:00
[2026-07-02T16:28:12.871+0000] {processor.py:183} INFO - Processing /usr/local/python/3.12.1/lib/python3.12/site-packages/airflow/example_dags/example_sla_dag.py took 0.066 seconds
[2026-07-02T16:29:15.742+0000] {processor.py:161} INFO - Started process (PID=129769) to work on /usr/local/python/3.12.1/lib/python3.12/site-packages/airflow/example_dags/example_sla_dag.py
[2026-07-02T16:29:15.743+0000] {processor.py:830} INFO - Processing file /usr/local/python/3.12.1/lib/python3.12/site-packages/airflow/example_dags/example_sla_dag.py for tasks to queue
[2026-07-02T16:29:15.744+0000] {logging_mixin.py:188} INFO - [2026-07-02T16:29:15.744+0000] {dagbag.py:545} INFO - Filling up the DagBag from /usr/local/python/3.12.1/lib/python3.12/site-packages/airflow/example_dags/example_sla_dag.py
[2026-07-02T16:29:15.751+0000] {processor.py:840} INFO - DAG(s) 'example_sla_dag' retrieved from /usr/local/python/3.12.1/lib/python3.12/site-packages/airflow/example_dags/example_sla_dag.py
[2026-07-02T16:29:15.764+0000] {logging_mixin.py:188} INFO - [2026-07-02T16:29:15.764+0000] {dag.py:3089} INFO - Sync 1 DAGs
[2026-07-02T16:29:15.881+0000] {logging_mixin.py:188} INFO - [2026-07-02T16:29:15.881+0000] {dag.py:3947} INFO - Setting next_dagrun for example_sla_dag to 2026-07-02 16:26:00+00:00, run_after=2026-07-02 16:28:00+00:00
[2026-07-02T16:29:15.897+0000] {processor.py:183} INFO - Processing /usr/local/python/3.12.1/lib/python3.12/site-packages/airflow/example_dags/example_sla_dag.py took 0.159 seconds
[2026-07-02T16:30:13.512+0000] {processor.py:161} INFO - Started process (PID=130368) to work on /usr/local/python/3.12.1/lib/python3.12/site-packages/airflow/example_dags/example_sla_dag.py
[2026-07-02T16:30:13.512+0000] {processor.py:830} INFO - Processing file /usr/local/python/3.12.1/lib/python3.12/site-packages/airflow/example_dags/example_sla_dag.py for tasks to queue
[2026-07-02T16:30:13.514+0000] {logging_mixin.py:188} INFO - [2026-07-02T16:30:13.513+0000] {dagbag.py:545} INFO - Filling up the DagBag from /usr/local/python/3.12.1/lib/python3.12/site-packages/airflow/example_dags/example_sla_dag.py
[2026-07-02T16:30:13.521+0000] {processor.py:840} INFO - DAG(s) 'example_sla_dag' retrieved from /usr/local/python/3.12.1/lib/python3.12/site-packages/airflow/example_dags/example_sla_dag.py
[2026-07-02T16:30:13.534+0000] {logging_mixin.py:188} INFO - [2026-07-02T16:30:13.534+0000] {dag.py:3089} INFO - Sync 1 DAGs
[2026-07-02T16:30:13.556+0000] {logging_mixin.py:188} INFO - [2026-07-02T16:30:13.556+0000] {dag.py:3947} INFO - Setting next_dagrun for example_sla_dag to 2026-07-02 16:28:00+00:00, run_after=2026-07-02 16:30:00+00:00
[2026-07-02T16:30:13.586+0000] {processor.py:183} INFO - Processing /usr/local/python/3.12.1/lib/python3.12/site-packages/airflow/example_dags/example_sla_dag.py took 0.079 seconds
[2026-07-02T16:31:04.028+0000] {processor.py:161} INFO - Started process (PID=130943) to work on /usr/local/python/3.12.1/lib/python3.12/site-packages/airflow/example_dags/example_sla_dag.py
[2026-07-02T16:31:04.029+0000] {processor.py:830} INFO - Processing file /usr/local/python/3.12.1/lib/python3.12/site-packages/airflow/example_dags/example_sla_dag.py for tasks to queue
[2026-07-02T16:31:04.031+0000] {logging_mixin.py:188} INFO - [2026-07-02T16:31:04.031+0000] {dagbag.py:545} INFO - Filling up the DagBag from /usr/local/python/3.12.1/lib/python3.12/site-packages/airflow/example_dags/example_sla_dag.py
[2026-07-02T16:31:04.041+0000] {processor.py:840} INFO - DAG(s) 'example_sla_dag' retrieved from /usr/local/python/3.12.1/lib/python3.12/site-packages/airflow/example_dags/example_sla_dag.py
[2026-07-02T16:31:04.058+0000] {logging_mixin.py:188} INFO - [2026-07-02T16:31:04.058+0000] {dag.py:3089} INFO - Sync 1 DAGs
[2026-07-02T16:31:04.085+0000] {logging_mixin.py:188} INFO - [2026-07-02T16:31:04.084+0000] {dag.py:3947} INFO - Setting next_dagrun for example_sla_dag to 2026-07-02 16:28:00+00:00, run_after=2026-07-02 16:30:00+00:00
[2026-07-02T16:31:04.131+0000] {processor.py:183} INFO - Processing /usr/local/python/3.12.1/lib/python3.12/site-packages/airflow/example_dags/example_sla_dag.py took 0.109 seconds
[2026-07-02T16:31:52.639+0000] {processor.py:161} INFO - Started process (PID=131485) to work on /usr/local/python/3.12.1/lib/python3.12/site-packages/airflow/example_dags/example_sla_dag.py
[2026-07-02T16:31:52.643+0000] {processor.py:830} INFO - Processing file /usr/local/python/3.12.1/lib/python3.12/site-packages/airflow/example_dags/example_sla_dag.py for tasks to queue
[2026-07-02T16:31:52.648+0000] {logging_mixin.py:188} INFO - [2026-07-02T16:31:52.647+0000] {dagbag.py:545} INFO - Filling up the DagBag from /usr/local/python/3.12.1/lib/python3.12/site-packages/airflow/example_dags/example_sla_dag.py
[2026-07-02T16:31:52.671+0000] {processor.py:840} INFO - DAG(s) 'example_sla_dag' retrieved from /usr/local/python/3.12.1/lib/python3.12/site-packages/airflow/example_dags/example_sla_dag.py
[2026-07-02T16:31:52.696+0000] {logging_mixin.py:188} INFO - [2026-07-02T16:31:52.696+0000] {dag.py:3089} INFO - Sync 1 DAGs
[2026-07-02T16:31:52.725+0000] {logging_mixin.py:188} INFO - [2026-07-02T16:31:52.724+0000] {dag.py:3947} INFO - Setting next_dagrun for example_sla_dag to 2026-07-02 16:28:00+00:00, run_after=2026-07-02 16:30:00+00:00
[2026-07-02T16:31:52.789+0000] {processor.py:183} INFO - Processing /usr/local/python/3.12.1/lib/python3.12/site-packages/airflow/example_dags/example_sla_dag.py took 0.172 seconds
[2026-07-02T16:32:43.634+0000] {processor.py:161} INFO - Started process (PID=133200) to work on /usr/local/python/3.12.1/lib/python3.12/site-packages/airflow/example_dags/example_sla_dag.py
[2026-07-02T16:32:43.635+0000] {processor.py:830} INFO - Processing file /usr/local/python/3.12.1/lib/python3.12/site-packages/airflow/example_dags/example_sla_dag.py for tasks to queue
[2026-07-02T16:32:43.637+0000] {logging_mixin.py:188} INFO - [2026-07-02T16:32:43.637+0000] {dagbag.py:545} INFO - Filling up the DagBag from /usr/local/python/3.12.1/lib/python3.12/site-packages/airflow/example_dags/example_sla_dag.py
[2026-07-02T16:32:43.647+0000] {processor.py:840} INFO - DAG(s) 'example_sla_dag' retrieved from /usr/local/python/3.12.1/lib/python3.12/site-packages/airflow/example_dags/example_sla_dag.py
[2026-07-02T16:32:43.669+0000] {logging_mixin.py:188} INFO - [2026-07-02T16:32:43.669+0000] {dag.py:3089} INFO - Sync 1 DAGs
[2026-07-02T16:32:43.698+0000] {logging_mixin.py:188} INFO - [2026-07-02T16:32:43.698+0000] {dag.py:3947} INFO - Setting next_dagrun for example_sla_dag to 2026-07-02 16:30:00+00:00, run_after=2026-07-02 16:32:00+00:00
[2026-07-02T16:32:43.722+0000] {processor.py:183} INFO - Processing /usr/local/python/3.12.1/lib/python3.12/site-packages/airflow/example_dags/example_sla_dag.py took 0.094 seconds
[2026-07-02T16:33:33.549+0000] {processor.py:161} INFO - Started process (PID=133776) to work on /usr/local/python/3.12.1/lib/python3.12/site-packages/airflow/example_dags/example_sla_dag.py
[2026-07-02T16:33:33.550+0000] {processor.py:830} INFO - Processing file /usr/local/python/3.12.1/lib/python3.12/site-packages/airflow/example_dags/example_sla_dag.py for tasks to queue
[2026-07-02T16:33:33.551+0000] {logging_mixin.py:188} INFO - [2026-07-02T16:33:33.551+0000] {dagbag.py:545} INFO - Filling up the DagBag from /usr/local/python/3.12.1/lib/python3.12/site-packages/airflow/example_dags/example_sla_dag.py
[2026-07-02T16:33:33.565+0000] {processor.py:840} INFO - DAG(s) 'example_sla_dag' retrieved from /usr/local/python/3.12.1/lib/python3.12/site-packages/airflow/example_dags/example_sla_dag.py
[2026-07-02T16:33:33.582+0000] {logging_mixin.py:188} INFO - [2026-07-02T16:33:33.582+0000] {dag.py:3089} INFO - Sync 1 DAGs
[2026-07-02T16:33:33.607+0000] {logging_mixin.py:188} INFO - [2026-07-02T16:33:33.607+0000] {dag.py:3947} INFO - Setting next_dagrun for example_sla_dag to 2026-07-02 16:30:00+00:00, run_after=2026-07-02 16:32:00+00:00
[2026-07-02T16:33:33.630+0000] {processor.py:183} INFO - Processing /usr/local/python/3.12.1/lib/python3.12/site-packages/airflow/example_dags/example_sla_dag.py took 0.088 seconds
[2026-07-02T16:34:22.967+0000] {processor.py:161} INFO - Started process (PID=134399) to work on /usr/local/python/3.12.1/lib/python3.12/site-packages/airflow/example_dags/example_sla_dag.py
[2026-07-02T16:34:22.968+0000] {processor.py:830} INFO - Processing file /usr/local/python/3.12.1/lib/python3.12/site-packages/airflow/example_dags/example_sla_dag.py for tasks to queue
[2026-07-02T16:34:22.970+0000] {logging_mixin.py:188} INFO - [2026-07-02T16:34:22.970+0000] {dagbag.py:545} INFO - Filling up the DagBag from /usr/local/python/3.12.1/lib/python3.12/site-packages/airflow/example_dags/example_sla_dag.py
[2026-07-02T16:34:22.979+0000] {processor.py:840} INFO - DAG(s) 'example_sla_dag' retrieved from /usr/local/python/3.12.1/lib/python3.12/site-packages/airflow/example_dags/example_sla_dag.py
[2026-07-02T16:34:22.999+0000] {logging_mixin.py:188} INFO - [2026-07-02T16:34:22.999+0000] {dag.py:3089} INFO - Sync 1 DAGs
[2026-07-02T16:34:23.025+0000] {logging_mixin.py:188} INFO - [2026-07-02T16:34:23.025+0000] {dag.py:3947} INFO - Setting next_dagrun for example_sla_dag to 2026-07-02 16:32:00+00:00, run_after=2026-07-02 16:34:00+00:00
[2026-07-02T16:34:23.054+0000] {processor.py:183} INFO - Processing /usr/local/python/3.12.1/lib/python3.12/site-packages/airflow/example_dags/example_sla_dag.py took 0.095 seconds
[2026-07-02T16:35:13.721+0000] {processor.py:161} INFO - Started process (PID=135053) to work on /usr/local/python/3.12.1/lib/python3.12/site-packages/airflow/example_dags/example_sla_dag.py
[2026-07-02T16:35:13.722+0000] {processor.py:830} INFO - Processing file /usr/local/python/3.12.1/lib/python3.12/site-packages/airflow/example_dags/example_sla_dag.py for tasks to queue
[2026-07-02T16:35:13.724+0000] {logging_mixin.py:188} INFO - [2026-07-02T16:35:13.723+0000] {dagbag.py:545} INFO - Filling up the DagBag from /usr/local/python/3.12.1/lib/python3.12/site-packages/airflow/example_dags/example_sla_dag.py
[2026-07-02T16:35:13.734+0000] {processor.py:840} INFO - DAG(s) 'example_sla_dag' retrieved from /usr/local/python/3.12.1/lib/python3.12/site-packages/airflow/example_dags/example_sla_dag.py
[2026-07-02T16:35:13.751+0000] {logging_mixin.py:188} INFO - [2026-07-02T16:35:13.751+0000] {dag.py:3089} INFO - Sync 1 DAGs
[2026-07-02T16:35:13.776+0000] {logging_mixin.py:188} INFO - [2026-07-02T16:35:13.776+0000] {dag.py:3947} INFO - Setting next_dagrun for example_sla_dag to 2026-07-02 16:32:00+00:00, run_after=2026-07-02 16:34:00+00:00
[2026-07-02T16:35:13.805+0000] {processor.py:183} INFO - Processing /usr/local/python/3.12.1/lib/python3.12/site-packages/airflow/example_dags/example_sla_dag.py took 0.090 seconds
[2026-07-02T16:35:59.145+0000] {processor.py:161} INFO - Started process (PID=136431) to work on /usr/local/python/3.12.1/lib/python3.12/site-packages/airflow/example_dags/example_sla_dag.py
[2026-07-02T16:35:59.145+0000] {processor.py:830} INFO - Processing file /usr/local/python/3.12.1/lib/python3.12/site-packages/airflow/example_dags/example_sla_dag.py for tasks to queue
[2026-07-02T16:35:59.147+0000] {logging_mixin.py:188} INFO - [2026-07-02T16:35:59.147+0000] {dagbag.py:545} INFO - Filling up the DagBag from /usr/local/python/3.12.1/lib/python3.12/site-packages/airflow/example_dags/example_sla_dag.py
[2026-07-02T16:35:59.154+0000] {processor.py:840} INFO - DAG(s) 'example_sla_dag' retrieved from /usr/local/python/3.12.1/lib/python3.12/site-packages/airflow/example_dags/example_sla_dag.py
[2026-07-02T16:35:59.166+0000] {logging_mixin.py:188} INFO - [2026-07-02T16:35:59.166+0000] {dag.py:3089} INFO - Sync 1 DAGs
[2026-07-02T16:35:59.186+0000] {logging_mixin.py:188} INFO - [2026-07-02T16:35:59.186+0000] {dag.py:3947} INFO - Setting next_dagrun for example_sla_dag to 2026-07-02 16:32:00+00:00, run_after=2026-07-02 16:34:00+00:00
[2026-07-02T16:35:59.205+0000] {processor.py:183} INFO - Processing /usr/local/python/3.12.1/lib/python3.12/site-packages/airflow/example_dags/example_sla_dag.py took 0.065 seconds
[2026-07-02T16:36:51.229+0000] {processor.py:161} INFO - Started process (PID=137085) to work on /usr/local/python/3.12.1/lib/python3.12/site-packages/airflow/example_dags/example_sla_dag.py
[2026-07-02T16:36:51.232+0000] {processor.py:830} INFO - Processing file /usr/local/python/3.12.1/lib/python3.12/site-packages/airflow/example_dags/example_sla_dag.py for tasks to queue
[2026-07-02T16:36:51.236+0000] {logging_mixin.py:188} INFO - [2026-07-02T16:36:51.235+0000] {dagbag.py:545} INFO - Filling up the DagBag from /usr/local/python/3.12.1/lib/python3.12/site-packages/airflow/example_dags/example_sla_dag.py
[2026-07-02T16:36:51.255+0000] {processor.py:840} INFO - DAG(s) 'example_sla_dag' retrieved from /usr/local/python/3.12.1/lib/python3.12/site-packages/airflow/example_dags/example_sla_dag.py
[2026-07-02T16:36:51.290+0000] {logging_mixin.py:188} INFO - [2026-07-02T16:36:51.290+0000] {dag.py:3089} INFO - Sync 1 DAGs
[2026-07-02T16:36:51.357+0000] {logging_mixin.py:188} INFO - [2026-07-02T16:36:51.357+0000] {dag.py:3947} INFO - Setting next_dagrun for example_sla_dag to 2026-07-02 16:34:00+00:00, run_after=2026-07-02 16:36:00+00:00
[2026-07-02T16:36:51.526+0000] {processor.py:183} INFO - Processing /usr/local/python/3.12.1/lib/python3.12/site-packages/airflow/example_dags/example_sla_dag.py took 0.310 seconds
[2026-07-02T16:37:42.774+0000] {processor.py:161} INFO - Started process (PID=138424) to work on /usr/local/python/3.12.1/lib/python3.12/site-packages/airflow/example_dags/example_sla_dag.py
[2026-07-02T16:37:42.775+0000] {processor.py:830} INFO - Processing file /usr/local/python/3.12.1/lib/python3.12/site-packages/airflow/example_dags/example_sla_dag.py for tasks to queue
[2026-07-02T16:37:42.777+0000] {logging_mixin.py:188} INFO - [2026-07-02T16:37:42.777+0000] {dagbag.py:545} INFO - Filling up the DagBag from /usr/local/python/3.12.1/lib/python3.12/site-packages/airflow/example_dags/example_sla_dag.py
[2026-07-02T16:37:42.786+0000] {processor.py:840} INFO - DAG(s) 'example_sla_dag' retrieved from /usr/local/python/3.12.1/lib/python3.12/site-packages/airflow/example_dags/example_sla_dag.py
[2026-07-02T16:37:42.800+0000] {logging_mixin.py:188} INFO - [2026-07-02T16:37:42.800+0000] {dag.py:3089} INFO - Sync 1 DAGs
[2026-07-02T16:37:42.817+0000] {logging_mixin.py:188} INFO - [2026-07-02T16:37:42.817+0000] {dag.py:3947} INFO - Setting next_dagrun for example_sla_dag to 2026-07-02 16:34:00+00:00, run_after=2026-07-02 16:36:00+00:00
[2026-07-02T16:37:42.835+0000] {processor.py:183} INFO - Processing /usr/local/python/3.12.1/lib/python3.12/site-packages/airflow/example_dags/example_sla_dag.py took 0.066 seconds
[2026-07-02T16:38:30.042+0000] {processor.py:161} INFO - Started process (PID=139475) to work on /usr/local/python/3.12.1/lib/python3.12/site-packages/airflow/example_dags/example_sla_dag.py
[2026-07-02T16:38:30.043+0000] {processor.py:830} INFO - Processing file /usr/local/python/3.12.1/lib/python3.12/site-packages/airflow/example_dags/example_sla_dag.py for tasks to queue
[2026-07-02T16:38:30.044+0000] {logging_mixin.py:188} INFO - [2026-07-02T16:38:30.044+0000] {dagbag.py:545} INFO - Filling up the DagBag from /usr/local/python/3.12.1/lib/python3.12/site-packages/airflow/example_dags/example_sla_dag.py
[2026-07-02T16:38:30.051+0000] {processor.py:840} INFO - DAG(s) 'example_sla_dag' retrieved from /usr/local/python/3.12.1/lib/python3.12/site-packages/airflow/example_dags/example_sla_dag.py
[2026-07-02T16:38:30.063+0000] {logging_mixin.py:188} INFO - [2026-07-02T16:38:30.063+0000] {dag.py:3089} INFO - Sync 1 DAGs
[2026-07-02T16:38:30.080+0000] {logging_mixin.py:188} INFO - [2026-07-02T16:38:30.080+0000] {dag.py:3947} INFO - Setting next_dagrun for example_sla_dag to 2026-07-02 16:36:00+00:00, run_after=2026-07-02 16:38:00+00:00
[2026-07-02T16:38:30.097+0000] {processor.py:183} INFO - Processing /usr/local/python/3.12.1/lib/python3.12/site-packages/airflow/example_dags/example_sla_dag.py took 0.060 seconds
[2026-07-02T16:39:17.582+0000] {processor.py:161} INFO - Started process (PID=140090) to work on /usr/local/python/3.12.1/lib/python3.12/site-packages/airflow/example_dags/example_sla_dag.py
[2026-07-02T16:39:17.583+0000] {processor.py:830} INFO - Processing file /usr/local/python/3.12.1/lib/python3.12/site-packages/airflow/example_dags/example_sla_dag.py for tasks to queue
[2026-07-02T16:39:17.585+0000] {logging_mixin.py:188} INFO - [2026-07-02T16:39:17.585+0000] {dagbag.py:545} INFO - Filling up the DagBag from /usr/local/python/3.12.1/lib/python3.12/site-packages/airflow/example_dags/example_sla_dag.py
[2026-07-02T16:39:17.594+0000] {processor.py:840} INFO - DAG(s) 'example_sla_dag' retrieved from /usr/local/python/3.12.1/lib/python3.12/site-packages/airflow/example_dags/example_sla_dag.py
[2026-07-02T16:39:17.610+0000] {logging_mixin.py:188} INFO - [2026-07-02T16:39:17.609+0000] {dag.py:3089} INFO - Sync 1 DAGs
[2026-07-02T16:39:17.626+0000] {logging_mixin.py:188} INFO - [2026-07-02T16:39:17.626+0000] {dag.py:3947} INFO - Setting next_dagrun for example_sla_dag to 2026-07-02 16:36:00+00:00, run_after=2026-07-02 16:38:00+00:00
[2026-07-02T16:39:17.643+0000] {processor.py:183} INFO - Processing /usr/local/python/3.12.1/lib/python3.12/site-packages/airflow/example_dags/example_sla_dag.py took 0.069 seconds
[2026-07-02T16:40:02.472+0000] {processor.py:161} INFO - Started process (PID=140724) to work on /usr/local/python/3.12.1/lib/python3.12/site-packages/airflow/example_dags/example_sla_dag.py
[2026-07-02T16:40:02.473+0000] {processor.py:830} INFO - Processing file /usr/local/python/3.12.1/lib/python3.12/site-packages/airflow/example_dags/example_sla_dag.py for tasks to queue
[2026-07-02T16:40:02.475+0000] {logging_mixin.py:188} INFO - [2026-07-02T16:40:02.475+0000] {dagbag.py:545} INFO - Filling up the DagBag from /usr/local/python/3.12.1/lib/python3.12/site-packages/airflow/example_dags/example_sla_dag.py
[2026-07-02T16:40:02.484+0000] {processor.py:840} INFO - DAG(s) 'example_sla_dag' retrieved from /usr/local/python/3.12.1/lib/python3.12/site-packages/airflow/example_dags/example_sla_dag.py
[2026-07-02T16:40:02.512+0000] {logging_mixin.py:188} INFO - [2026-07-02T16:40:02.512+0000] {dag.py:3089} INFO - Sync 1 DAGs
[2026-07-02T16:40:02.538+0000] {logging_mixin.py:188} INFO - [2026-07-02T16:40:02.538+0000] {dag.py:3947} INFO - Setting next_dagrun for example_sla_dag to 2026-07-02 16:38:00+00:00, run_after=2026-07-02 16:40:00+00:00
[2026-07-02T16:40:02.569+0000] {processor.py:183} INFO - Processing /usr/local/python/3.12.1/lib/python3.12/site-packages/airflow/example_dags/example_sla_dag.py took 0.103 seconds
