[2026-07-02T16:24:12.622+0000] {processor.py:161} INFO - Started process (PID=117532) to work on /usr/local/python/3.12.1/lib/python3.12/site-packages/airflow/example_dags/example_trigger_target_dag.py
[2026-07-02T16:24:12.623+0000] {processor.py:830} INFO - Processing file /usr/local/python/3.12.1/lib/python3.12/site-packages/airflow/example_dags/example_trigger_target_dag.py for tasks to queue
[2026-07-02T16:24:12.624+0000] {logging_mixin.py:188} INFO - [2026-07-02T16:24:12.624+0000] {dagbag.py:545} INFO - Filling up the DagBag from /usr/local/python/3.12.1/lib/python3.12/site-packages/airflow/example_dags/example_trigger_target_dag.py
[2026-07-02T16:24:12.631+0000] {processor.py:840} INFO - DAG(s) 'example_trigger_target_dag' retrieved from /usr/local/python/3.12.1/lib/python3.12/site-packages/airflow/example_dags/example_trigger_target_dag.py
[2026-07-02T16:24:12.749+0000] {logging_mixin.py:188} INFO - [2026-07-02T16:24:12.748+0000] {override.py:1858} INFO - Created Permission View: can delete on DAG:example_trigger_target_dag
[2026-07-02T16:24:12.763+0000] {logging_mixin.py:188} INFO - [2026-07-02T16:24:12.762+0000] {override.py:1858} INFO - Created Permission View: can read on DAG:example_trigger_target_dag
[2026-07-02T16:24:12.771+0000] {logging_mixin.py:188} INFO - [2026-07-02T16:24:12.771+0000] {override.py:1858} INFO - Created Permission View: can edit on DAG:example_trigger_target_dag
[2026-07-02T16:24:12.772+0000] {logging_mixin.py:188} INFO - [2026-07-02T16:24:12.772+0000] {dag.py:3089} INFO - Sync 1 DAGs
[2026-07-02T16:24:12.786+0000] {logging_mixin.py:188} INFO - [2026-07-02T16:24:12.785+0000] {dag.py:3111} INFO - Creating ORM DAG for example_trigger_target_dag
[2026-07-02T16:24:12.787+0000] {logging_mixin.py:188} INFO - [2026-07-02T16:24:12.786+0000] {dag.py:3947} INFO - Setting next_dagrun for example_trigger_target_dag to None, run_after=None
[2026-07-02T16:24:12.809+0000] {processor.py:183} INFO - Processing /usr/local/python/3.12.1/lib/python3.12/site-packages/airflow/example_dags/example_trigger_target_dag.py took 0.191 seconds
[2026-07-02T16:25:08.855+0000] {processor.py:161} INFO - Started process (PID=118351) to work on /usr/local/python/3.12.1/lib/python3.12/site-packages/airflow/example_dags/example_trigger_target_dag.py
[2026-07-02T16:25:08.856+0000] {processor.py:830} INFO - Processing file /usr/local/python/3.12.1/lib/python3.12/site-packages/airflow/example_dags/example_trigger_target_dag.py for tasks to queue
[2026-07-02T16:25:08.857+0000] {logging_mixin.py:188} INFO - [2026-07-02T16:25:08.857+0000] {dagbag.py:545} INFO - Filling up the DagBag from /usr/local/python/3.12.1/lib/python3.12/site-packages/airflow/example_dags/example_trigger_target_dag.py
[2026-07-02T16:25:08.863+0000] {processor.py:840} INFO - DAG(s) 'example_trigger_target_dag' retrieved from /usr/local/python/3.12.1/lib/python3.12/site-packages/airflow/example_dags/example_trigger_target_dag.py
[2026-07-02T16:25:08.875+0000] {logging_mixin.py:188} INFO - [2026-07-02T16:25:08.875+0000] {dag.py:3089} INFO - Sync 1 DAGs
[2026-07-02T16:25:08.894+0000] {logging_mixin.py:188} INFO - [2026-07-02T16:25:08.893+0000] {dag.py:3947} INFO - Setting next_dagrun for example_trigger_target_dag to None, run_after=None
[2026-07-02T16:25:08.919+0000] {processor.py:183} INFO - Processing /usr/local/python/3.12.1/lib/python3.12/site-packages/airflow/example_dags/example_trigger_target_dag.py took 0.068 seconds
[2026-07-02T16:25:55.045+0000] {processor.py:161} INFO - Started process (PID=122419) to work on /usr/local/python/3.12.1/lib/python3.12/site-packages/airflow/example_dags/example_trigger_target_dag.py
[2026-07-02T16:25:55.048+0000] {processor.py:830} INFO - Processing file /usr/local/python/3.12.1/lib/python3.12/site-packages/airflow/example_dags/example_trigger_target_dag.py for tasks to queue
[2026-07-02T16:25:55.050+0000] {logging_mixin.py:188} INFO - [2026-07-02T16:25:55.050+0000] {dagbag.py:545} INFO - Filling up the DagBag from /usr/local/python/3.12.1/lib/python3.12/site-packages/airflow/example_dags/example_trigger_target_dag.py
[2026-07-02T16:25:55.060+0000] {processor.py:840} INFO - DAG(s) 'example_trigger_target_dag' retrieved from /usr/local/python/3.12.1/lib/python3.12/site-packages/airflow/example_dags/example_trigger_target_dag.py
[2026-07-02T16:25:55.077+0000] {logging_mixin.py:188} INFO - [2026-07-02T16:25:55.076+0000] {dag.py:3089} INFO - Sync 1 DAGs
[2026-07-02T16:25:55.086+0000] {logging_mixin.py:188} INFO - [2026-07-02T16:25:55.086+0000] {dag.py:3947} INFO - Setting next_dagrun for example_trigger_target_dag to None, run_after=None
[2026-07-02T16:25:55.253+0000] {processor.py:183} INFO - Processing /usr/local/python/3.12.1/lib/python3.12/site-packages/airflow/example_dags/example_trigger_target_dag.py took 0.218 seconds
[2026-07-02T16:26:46.973+0000] {processor.py:161} INFO - Started process (PID=126530) to work on /usr/local/python/3.12.1/lib/python3.12/site-packages/airflow/example_dags/example_trigger_target_dag.py
[2026-07-02T16:26:46.974+0000] {processor.py:830} INFO - Processing file /usr/local/python/3.12.1/lib/python3.12/site-packages/airflow/example_dags/example_trigger_target_dag.py for tasks to queue
[2026-07-02T16:26:46.980+0000] {logging_mixin.py:188} INFO - [2026-07-02T16:26:46.979+0000] {dagbag.py:545} INFO - Filling up the DagBag from /usr/local/python/3.12.1/lib/python3.12/site-packages/airflow/example_dags/example_trigger_target_dag.py
[2026-07-02T16:26:46.987+0000] {processor.py:840} INFO - DAG(s) 'example_trigger_target_dag' retrieved from /usr/local/python/3.12.1/lib/python3.12/site-packages/airflow/example_dags/example_trigger_target_dag.py
[2026-07-02T16:26:47.007+0000] {logging_mixin.py:188} INFO - [2026-07-02T16:26:47.006+0000] {dag.py:3089} INFO - Sync 1 DAGs
[2026-07-02T16:26:47.029+0000] {logging_mixin.py:188} INFO - [2026-07-02T16:26:47.029+0000] {dag.py:3947} INFO - Setting next_dagrun for example_trigger_target_dag to None, run_after=None
[2026-07-02T16:26:47.052+0000] {processor.py:183} INFO - Processing /usr/local/python/3.12.1/lib/python3.12/site-packages/airflow/example_dags/example_trigger_target_dag.py took 0.084 seconds
[2026-07-02T16:28:01.007+0000] {processor.py:161} INFO - Started process (PID=128702) to work on /usr/local/python/3.12.1/lib/python3.12/site-packages/airflow/example_dags/example_trigger_target_dag.py
[2026-07-02T16:28:01.008+0000] {processor.py:830} INFO - Processing file /usr/local/python/3.12.1/lib/python3.12/site-packages/airflow/example_dags/example_trigger_target_dag.py for tasks to queue
[2026-07-02T16:28:01.010+0000] {logging_mixin.py:188} INFO - [2026-07-02T16:28:01.010+0000] {dagbag.py:545} INFO - Filling up the DagBag from /usr/local/python/3.12.1/lib/python3.12/site-packages/airflow/example_dags/example_trigger_target_dag.py
[2026-07-02T16:28:01.018+0000] {processor.py:840} INFO - DAG(s) 'example_trigger_target_dag' retrieved from /usr/local/python/3.12.1/lib/python3.12/site-packages/airflow/example_dags/example_trigger_target_dag.py
[2026-07-02T16:28:01.037+0000] {logging_mixin.py:188} INFO - [2026-07-02T16:28:01.037+0000] {dag.py:3089} INFO - Sync 1 DAGs
[2026-07-02T16:28:01.051+0000] {logging_mixin.py:188} INFO - [2026-07-02T16:28:01.051+0000] {dag.py:3947} INFO - Setting next_dagrun for example_trigger_target_dag to None, run_after=None
[2026-07-02T16:28:01.092+0000] {processor.py:183} INFO - Processing /usr/local/python/3.12.1/lib/python3.12/site-packages/airflow/example_dags/example_trigger_target_dag.py took 0.094 seconds
[2026-07-02T16:28:59.558+0000] {processor.py:161} INFO - Started process (PID=129592) to work on /usr/local/python/3.12.1/lib/python3.12/site-packages/airflow/example_dags/example_trigger_target_dag.py
[2026-07-02T16:28:59.560+0000] {processor.py:830} INFO - Processing file /usr/local/python/3.12.1/lib/python3.12/site-packages/airflow/example_dags/example_trigger_target_dag.py for tasks to queue
[2026-07-02T16:28:59.563+0000] {logging_mixin.py:188} INFO - [2026-07-02T16:28:59.562+0000] {dagbag.py:545} INFO - Filling up the DagBag from /usr/local/python/3.12.1/lib/python3.12/site-packages/airflow/example_dags/example_trigger_target_dag.py
[2026-07-02T16:28:59.572+0000] {processor.py:840} INFO - DAG(s) 'example_trigger_target_dag' retrieved from /usr/local/python/3.12.1/lib/python3.12/site-packages/airflow/example_dags/example_trigger_target_dag.py
[2026-07-02T16:28:59.598+0000] {logging_mixin.py:188} INFO - [2026-07-02T16:28:59.597+0000] {dag.py:3089} INFO - Sync 1 DAGs
[2026-07-02T16:28:59.617+0000] {logging_mixin.py:188} INFO - [2026-07-02T16:28:59.616+0000] {dag.py:3947} INFO - Setting next_dagrun for example_trigger_target_dag to None, run_after=None
[2026-07-02T16:28:59.813+0000] {processor.py:183} INFO - Processing /usr/local/python/3.12.1/lib/python3.12/site-packages/airflow/example_dags/example_trigger_target_dag.py took 0.261 seconds
[2026-07-02T16:30:00.725+0000] {processor.py:161} INFO - Started process (PID=130241) to work on /usr/local/python/3.12.1/lib/python3.12/site-packages/airflow/example_dags/example_trigger_target_dag.py
[2026-07-02T16:30:00.726+0000] {processor.py:830} INFO - Processing file /usr/local/python/3.12.1/lib/python3.12/site-packages/airflow/example_dags/example_trigger_target_dag.py for tasks to queue
[2026-07-02T16:30:00.727+0000] {logging_mixin.py:188} INFO - [2026-07-02T16:30:00.727+0000] {dagbag.py:545} INFO - Filling up the DagBag from /usr/local/python/3.12.1/lib/python3.12/site-packages/airflow/example_dags/example_trigger_target_dag.py
[2026-07-02T16:30:00.733+0000] {processor.py:840} INFO - DAG(s) 'example_trigger_target_dag' retrieved from /usr/local/python/3.12.1/lib/python3.12/site-packages/airflow/example_dags/example_trigger_target_dag.py
[2026-07-02T16:30:00.746+0000] {logging_mixin.py:188} INFO - [2026-07-02T16:30:00.745+0000] {dag.py:3089} INFO - Sync 1 DAGs
[2026-07-02T16:30:00.755+0000] {logging_mixin.py:188} INFO - [2026-07-02T16:30:00.755+0000] {dag.py:3947} INFO - Setting next_dagrun for example_trigger_target_dag to None, run_after=None
[2026-07-02T16:30:00.778+0000] {processor.py:183} INFO - Processing /usr/local/python/3.12.1/lib/python3.12/site-packages/airflow/example_dags/example_trigger_target_dag.py took 0.057 seconds
[2026-07-02T16:30:53.826+0000] {processor.py:161} INFO - Started process (PID=130850) to work on /usr/local/python/3.12.1/lib/python3.12/site-packages/airflow/example_dags/example_trigger_target_dag.py
[2026-07-02T16:30:53.827+0000] {processor.py:830} INFO - Processing file /usr/local/python/3.12.1/lib/python3.12/site-packages/airflow/example_dags/example_trigger_target_dag.py for tasks to queue
[2026-07-02T16:30:53.828+0000] {logging_mixin.py:188} INFO - [2026-07-02T16:30:53.828+0000] {dagbag.py:545} INFO - Filling up the DagBag from /usr/local/python/3.12.1/lib/python3.12/site-packages/airflow/example_dags/example_trigger_target_dag.py
[2026-07-02T16:30:53.834+0000] {processor.py:840} INFO - DAG(s) 'example_trigger_target_dag' retrieved from /usr/local/python/3.12.1/lib/python3.12/site-packages/airflow/example_dags/example_trigger_target_dag.py
[2026-07-02T16:30:53.846+0000] {logging_mixin.py:188} INFO - [2026-07-02T16:30:53.846+0000] {dag.py:3089} INFO - Sync 1 DAGs
[2026-07-02T16:30:53.856+0000] {logging_mixin.py:188} INFO - [2026-07-02T16:30:53.855+0000] {dag.py:3947} INFO - Setting next_dagrun for example_trigger_target_dag to None, run_after=None
[2026-07-02T16:30:53.872+0000] {processor.py:183} INFO - Processing /usr/local/python/3.12.1/lib/python3.12/site-packages/airflow/example_dags/example_trigger_target_dag.py took 0.050 seconds
[2026-07-02T16:31:43.601+0000] {processor.py:161} INFO - Started process (PID=131388) to work on /usr/local/python/3.12.1/lib/python3.12/site-packages/airflow/example_dags/example_trigger_target_dag.py
[2026-07-02T16:31:43.602+0000] {processor.py:830} INFO - Processing file /usr/local/python/3.12.1/lib/python3.12/site-packages/airflow/example_dags/example_trigger_target_dag.py for tasks to queue
[2026-07-02T16:31:43.603+0000] {logging_mixin.py:188} INFO - [2026-07-02T16:31:43.603+0000] {dagbag.py:545} INFO - Filling up the DagBag from /usr/local/python/3.12.1/lib/python3.12/site-packages/airflow/example_dags/example_trigger_target_dag.py
[2026-07-02T16:31:43.608+0000] {processor.py:840} INFO - DAG(s) 'example_trigger_target_dag' retrieved from /usr/local/python/3.12.1/lib/python3.12/site-packages/airflow/example_dags/example_trigger_target_dag.py
[2026-07-02T16:31:43.621+0000] {logging_mixin.py:188} INFO - [2026-07-02T16:31:43.620+0000] {dag.py:3089} INFO - Sync 1 DAGs
[2026-07-02T16:31:43.630+0000] {logging_mixin.py:188} INFO - [2026-07-02T16:31:43.629+0000] {dag.py:3947} INFO - Setting next_dagrun for example_trigger_target_dag to None, run_after=None
[2026-07-02T16:31:43.646+0000] {processor.py:183} INFO - Processing /usr/local/python/3.12.1/lib/python3.12/site-packages/airflow/example_dags/example_trigger_target_dag.py took 0.050 seconds
[2026-07-02T16:32:33.526+0000] {processor.py:161} INFO - Started process (PID=133088) to work on /usr/local/python/3.12.1/lib/python3.12/site-packages/airflow/example_dags/example_trigger_target_dag.py
[2026-07-02T16:32:33.527+0000] {processor.py:830} INFO - Processing file /usr/local/python/3.12.1/lib/python3.12/site-packages/airflow/example_dags/example_trigger_target_dag.py for tasks to queue
[2026-07-02T16:32:33.528+0000] {logging_mixin.py:188} INFO - [2026-07-02T16:32:33.528+0000] {dagbag.py:545} INFO - Filling up the DagBag from /usr/local/python/3.12.1/lib/python3.12/site-packages/airflow/example_dags/example_trigger_target_dag.py
[2026-07-02T16:32:33.534+0000] {processor.py:840} INFO - DAG(s) 'example_trigger_target_dag' retrieved from /usr/local/python/3.12.1/lib/python3.12/site-packages/airflow/example_dags/example_trigger_target_dag.py
[2026-07-02T16:32:33.546+0000] {logging_mixin.py:188} INFO - [2026-07-02T16:32:33.546+0000] {dag.py:3089} INFO - Sync 1 DAGs
[2026-07-02T16:32:33.555+0000] {logging_mixin.py:188} INFO - [2026-07-02T16:32:33.555+0000] {dag.py:3947} INFO - Setting next_dagrun for example_trigger_target_dag to None, run_after=None
[2026-07-02T16:32:33.572+0000] {processor.py:183} INFO - Processing /usr/local/python/3.12.1/lib/python3.12/site-packages/airflow/example_dags/example_trigger_target_dag.py took 0.051 seconds
[2026-07-02T16:33:24.206+0000] {processor.py:161} INFO - Started process (PID=133644) to work on /usr/local/python/3.12.1/lib/python3.12/site-packages/airflow/example_dags/example_trigger_target_dag.py
[2026-07-02T16:33:24.208+0000] {processor.py:830} INFO - Processing file /usr/local/python/3.12.1/lib/python3.12/site-packages/airflow/example_dags/example_trigger_target_dag.py for tasks to queue
[2026-07-02T16:33:24.209+0000] {logging_mixin.py:188} INFO - [2026-07-02T16:33:24.209+0000] {dagbag.py:545} INFO - Filling up the DagBag from /usr/local/python/3.12.1/lib/python3.12/site-packages/airflow/example_dags/example_trigger_target_dag.py
[2026-07-02T16:33:24.215+0000] {processor.py:840} INFO - DAG(s) 'example_trigger_target_dag' retrieved from /usr/local/python/3.12.1/lib/python3.12/site-packages/airflow/example_dags/example_trigger_target_dag.py
[2026-07-02T16:33:24.228+0000] {logging_mixin.py:188} INFO - [2026-07-02T16:33:24.228+0000] {dag.py:3089} INFO - Sync 1 DAGs
[2026-07-02T16:33:24.237+0000] {logging_mixin.py:188} INFO - [2026-07-02T16:33:24.237+0000] {dag.py:3947} INFO - Setting next_dagrun for example_trigger_target_dag to None, run_after=None
[2026-07-02T16:33:24.256+0000] {processor.py:183} INFO - Processing /usr/local/python/3.12.1/lib/python3.12/site-packages/airflow/example_dags/example_trigger_target_dag.py took 0.054 seconds
[2026-07-02T16:34:12.594+0000] {processor.py:161} INFO - Started process (PID=134261) to work on /usr/local/python/3.12.1/lib/python3.12/site-packages/airflow/example_dags/example_trigger_target_dag.py
[2026-07-02T16:34:12.595+0000] {processor.py:830} INFO - Processing file /usr/local/python/3.12.1/lib/python3.12/site-packages/airflow/example_dags/example_trigger_target_dag.py for tasks to queue
[2026-07-02T16:34:12.597+0000] {logging_mixin.py:188} INFO - [2026-07-02T16:34:12.597+0000] {dagbag.py:545} INFO - Filling up the DagBag from /usr/local/python/3.12.1/lib/python3.12/site-packages/airflow/example_dags/example_trigger_target_dag.py
[2026-07-02T16:34:12.606+0000] {processor.py:840} INFO - DAG(s) 'example_trigger_target_dag' retrieved from /usr/local/python/3.12.1/lib/python3.12/site-packages/airflow/example_dags/example_trigger_target_dag.py
[2026-07-02T16:34:12.648+0000] {logging_mixin.py:188} INFO - [2026-07-02T16:34:12.648+0000] {dag.py:3089} INFO - Sync 1 DAGs
[2026-07-02T16:34:12.660+0000] {logging_mixin.py:188} INFO - [2026-07-02T16:34:12.660+0000] {dag.py:3947} INFO - Setting next_dagrun for example_trigger_target_dag to None, run_after=None
[2026-07-02T16:34:12.689+0000] {processor.py:183} INFO - Processing /usr/local/python/3.12.1/lib/python3.12/site-packages/airflow/example_dags/example_trigger_target_dag.py took 0.110 seconds
[2026-07-02T16:35:03.046+0000] {processor.py:161} INFO - Started process (PID=134932) to work on /usr/local/python/3.12.1/lib/python3.12/site-packages/airflow/example_dags/example_trigger_target_dag.py
[2026-07-02T16:35:03.047+0000] {processor.py:830} INFO - Processing file /usr/local/python/3.12.1/lib/python3.12/site-packages/airflow/example_dags/example_trigger_target_dag.py for tasks to queue
[2026-07-02T16:35:03.049+0000] {logging_mixin.py:188} INFO - [2026-07-02T16:35:03.048+0000] {dagbag.py:545} INFO - Filling up the DagBag from /usr/local/python/3.12.1/lib/python3.12/site-packages/airflow/example_dags/example_trigger_target_dag.py
[2026-07-02T16:35:03.055+0000] {processor.py:840} INFO - DAG(s) 'example_trigger_target_dag' retrieved from /usr/local/python/3.12.1/lib/python3.12/site-packages/airflow/example_dags/example_trigger_target_dag.py
[2026-07-02T16:35:03.076+0000] {logging_mixin.py:188} INFO - [2026-07-02T16:35:03.076+0000] {dag.py:3089} INFO - Sync 1 DAGs
[2026-07-02T16:35:03.096+0000] {logging_mixin.py:188} INFO - [2026-07-02T16:35:03.096+0000] {dag.py:3947} INFO - Setting next_dagrun for example_trigger_target_dag to None, run_after=None
[2026-07-02T16:35:03.159+0000] {processor.py:183} INFO - Processing /usr/local/python/3.12.1/lib/python3.12/site-packages/airflow/example_dags/example_trigger_target_dag.py took 0.117 seconds
[2026-07-02T16:35:57.871+0000] {processor.py:161} INFO - Started process (PID=136422) to work on /usr/local/python/3.12.1/lib/python3.12/site-packages/airflow/example_dags/example_trigger_target_dag.py
[2026-07-02T16:35:57.874+0000] {processor.py:830} INFO - Processing file /usr/local/python/3.12.1/lib/python3.12/site-packages/airflow/example_dags/example_trigger_target_dag.py for tasks to queue
[2026-07-02T16:35:57.876+0000] {logging_mixin.py:188} INFO - [2026-07-02T16:35:57.875+0000] {dagbag.py:545} INFO - Filling up the DagBag from /usr/local/python/3.12.1/lib/python3.12/site-packages/airflow/example_dags/example_trigger_target_dag.py
[2026-07-02T16:35:57.883+0000] {processor.py:840} INFO - DAG(s) 'example_trigger_target_dag' retrieved from /usr/local/python/3.12.1/lib/python3.12/site-packages/airflow/example_dags/example_trigger_target_dag.py
[2026-07-02T16:35:57.900+0000] {logging_mixin.py:188} INFO - [2026-07-02T16:35:57.900+0000] {dag.py:3089} INFO - Sync 1 DAGs
[2026-07-02T16:35:57.909+0000] {logging_mixin.py:188} INFO - [2026-07-02T16:35:57.908+0000] {dag.py:3947} INFO - Setting next_dagrun for example_trigger_target_dag to None, run_after=None
[2026-07-02T16:35:57.926+0000] {processor.py:183} INFO - Processing /usr/local/python/3.12.1/lib/python3.12/site-packages/airflow/example_dags/example_trigger_target_dag.py took 0.062 seconds
[2026-07-02T16:36:48.788+0000] {processor.py:161} INFO - Started process (PID=137059) to work on /usr/local/python/3.12.1/lib/python3.12/site-packages/airflow/example_dags/example_trigger_target_dag.py
[2026-07-02T16:36:48.791+0000] {processor.py:830} INFO - Processing file /usr/local/python/3.12.1/lib/python3.12/site-packages/airflow/example_dags/example_trigger_target_dag.py for tasks to queue
[2026-07-02T16:36:48.793+0000] {logging_mixin.py:188} INFO - [2026-07-02T16:36:48.792+0000] {dagbag.py:545} INFO - Filling up the DagBag from /usr/local/python/3.12.1/lib/python3.12/site-packages/airflow/example_dags/example_trigger_target_dag.py
[2026-07-02T16:36:48.800+0000] {processor.py:840} INFO - DAG(s) 'example_trigger_target_dag' retrieved from /usr/local/python/3.12.1/lib/python3.12/site-packages/airflow/example_dags/example_trigger_target_dag.py
[2026-07-02T16:36:48.816+0000] {logging_mixin.py:188} INFO - [2026-07-02T16:36:48.816+0000] {dag.py:3089} INFO - Sync 1 DAGs
[2026-07-02T16:36:48.828+0000] {logging_mixin.py:188} INFO - [2026-07-02T16:36:48.827+0000] {dag.py:3947} INFO - Setting next_dagrun for example_trigger_target_dag to None, run_after=None
[2026-07-02T16:36:48.851+0000] {processor.py:183} INFO - Processing /usr/local/python/3.12.1/lib/python3.12/site-packages/airflow/example_dags/example_trigger_target_dag.py took 0.083 seconds
[2026-07-02T16:37:36.618+0000] {processor.py:161} INFO - Started process (PID=138393) to work on /usr/local/python/3.12.1/lib/python3.12/site-packages/airflow/example_dags/example_trigger_target_dag.py
[2026-07-02T16:37:36.619+0000] {processor.py:830} INFO - Processing file /usr/local/python/3.12.1/lib/python3.12/site-packages/airflow/example_dags/example_trigger_target_dag.py for tasks to queue
[2026-07-02T16:37:36.620+0000] {logging_mixin.py:188} INFO - [2026-07-02T16:37:36.620+0000] {dagbag.py:545} INFO - Filling up the DagBag from /usr/local/python/3.12.1/lib/python3.12/site-packages/airflow/example_dags/example_trigger_target_dag.py
[2026-07-02T16:37:36.626+0000] {processor.py:840} INFO - DAG(s) 'example_trigger_target_dag' retrieved from /usr/local/python/3.12.1/lib/python3.12/site-packages/airflow/example_dags/example_trigger_target_dag.py
[2026-07-02T16:37:36.639+0000] {logging_mixin.py:188} INFO - [2026-07-02T16:37:36.639+0000] {dag.py:3089} INFO - Sync 1 DAGs
[2026-07-02T16:37:36.648+0000] {logging_mixin.py:188} INFO - [2026-07-02T16:37:36.648+0000] {dag.py:3947} INFO - Setting next_dagrun for example_trigger_target_dag to None, run_after=None
[2026-07-02T16:37:36.665+0000] {processor.py:183} INFO - Processing /usr/local/python/3.12.1/lib/python3.12/site-packages/airflow/example_dags/example_trigger_target_dag.py took 0.052 seconds
[2026-07-02T16:38:28.236+0000] {processor.py:161} INFO - Started process (PID=139455) to work on /usr/local/python/3.12.1/lib/python3.12/site-packages/airflow/example_dags/example_trigger_target_dag.py
[2026-07-02T16:38:28.241+0000] {processor.py:830} INFO - Processing file /usr/local/python/3.12.1/lib/python3.12/site-packages/airflow/example_dags/example_trigger_target_dag.py for tasks to queue
[2026-07-02T16:38:28.248+0000] {logging_mixin.py:188} INFO - [2026-07-02T16:38:28.247+0000] {dagbag.py:545} INFO - Filling up the DagBag from /usr/local/python/3.12.1/lib/python3.12/site-packages/airflow/example_dags/example_trigger_target_dag.py
[2026-07-02T16:38:28.284+0000] {processor.py:840} INFO - DAG(s) 'example_trigger_target_dag' retrieved from /usr/local/python/3.12.1/lib/python3.12/site-packages/airflow/example_dags/example_trigger_target_dag.py
[2026-07-02T16:38:28.336+0000] {logging_mixin.py:188} INFO - [2026-07-02T16:38:28.335+0000] {dag.py:3089} INFO - Sync 1 DAGs
[2026-07-02T16:38:28.378+0000] {logging_mixin.py:188} INFO - [2026-07-02T16:38:28.377+0000] {dag.py:3947} INFO - Setting next_dagrun for example_trigger_target_dag to None, run_after=None
[2026-07-02T16:38:28.469+0000] {processor.py:183} INFO - Processing /usr/local/python/3.12.1/lib/python3.12/site-packages/airflow/example_dags/example_trigger_target_dag.py took 0.251 seconds
[2026-07-02T16:39:15.303+0000] {processor.py:161} INFO - Started process (PID=140083) to work on /usr/local/python/3.12.1/lib/python3.12/site-packages/airflow/example_dags/example_trigger_target_dag.py
[2026-07-02T16:39:15.304+0000] {processor.py:830} INFO - Processing file /usr/local/python/3.12.1/lib/python3.12/site-packages/airflow/example_dags/example_trigger_target_dag.py for tasks to queue
[2026-07-02T16:39:15.306+0000] {logging_mixin.py:188} INFO - [2026-07-02T16:39:15.306+0000] {dagbag.py:545} INFO - Filling up the DagBag from /usr/local/python/3.12.1/lib/python3.12/site-packages/airflow/example_dags/example_trigger_target_dag.py
[2026-07-02T16:39:15.313+0000] {processor.py:840} INFO - DAG(s) 'example_trigger_target_dag' retrieved from /usr/local/python/3.12.1/lib/python3.12/site-packages/airflow/example_dags/example_trigger_target_dag.py
[2026-07-02T16:39:15.347+0000] {logging_mixin.py:188} INFO - [2026-07-02T16:39:15.347+0000] {dag.py:3089} INFO - Sync 1 DAGs
[2026-07-02T16:39:15.360+0000] {logging_mixin.py:188} INFO - [2026-07-02T16:39:15.360+0000] {dag.py:3947} INFO - Setting next_dagrun for example_trigger_target_dag to None, run_after=None
[2026-07-02T16:39:15.380+0000] {processor.py:183} INFO - Processing /usr/local/python/3.12.1/lib/python3.12/site-packages/airflow/example_dags/example_trigger_target_dag.py took 0.083 seconds
[2026-07-02T16:40:00.721+0000] {processor.py:161} INFO - Started process (PID=140720) to work on /usr/local/python/3.12.1/lib/python3.12/site-packages/airflow/example_dags/example_trigger_target_dag.py
[2026-07-02T16:40:00.722+0000] {processor.py:830} INFO - Processing file /usr/local/python/3.12.1/lib/python3.12/site-packages/airflow/example_dags/example_trigger_target_dag.py for tasks to queue
[2026-07-02T16:40:00.724+0000] {logging_mixin.py:188} INFO - [2026-07-02T16:40:00.724+0000] {dagbag.py:545} INFO - Filling up the DagBag from /usr/local/python/3.12.1/lib/python3.12/site-packages/airflow/example_dags/example_trigger_target_dag.py
[2026-07-02T16:40:00.731+0000] {processor.py:840} INFO - DAG(s) 'example_trigger_target_dag' retrieved from /usr/local/python/3.12.1/lib/python3.12/site-packages/airflow/example_dags/example_trigger_target_dag.py
[2026-07-02T16:40:00.747+0000] {logging_mixin.py:188} INFO - [2026-07-02T16:40:00.746+0000] {dag.py:3089} INFO - Sync 1 DAGs
[2026-07-02T16:40:00.760+0000] {logging_mixin.py:188} INFO - [2026-07-02T16:40:00.759+0000] {dag.py:3947} INFO - Setting next_dagrun for example_trigger_target_dag to None, run_after=None
[2026-07-02T16:40:00.781+0000] {processor.py:183} INFO - Processing /usr/local/python/3.12.1/lib/python3.12/site-packages/airflow/example_dags/example_trigger_target_dag.py took 0.067 seconds
