[2026-07-02T16:24:27.055+0000] {processor.py:161} INFO - Started process (PID=117764) to work on /usr/local/python/3.12.1/lib/python3.12/site-packages/airflow/example_dags/example_sensors.py
[2026-07-02T16:24:27.056+0000] {processor.py:830} INFO - Processing file /usr/local/python/3.12.1/lib/python3.12/site-packages/airflow/example_dags/example_sensors.py for tasks to queue
[2026-07-02T16:24:27.059+0000] {logging_mixin.py:188} INFO - [2026-07-02T16:24:27.059+0000] {dagbag.py:545} INFO - Filling up the DagBag from /usr/local/python/3.12.1/lib/python3.12/site-packages/airflow/example_dags/example_sensors.py
[2026-07-02T16:24:27.075+0000] {processor.py:840} INFO - DAG(s) 'example_sensors' retrieved from /usr/local/python/3.12.1/lib/python3.12/site-packages/airflow/example_dags/example_sensors.py
[2026-07-02T16:24:27.258+0000] {logging_mixin.py:188} INFO - [2026-07-02T16:24:27.257+0000] {override.py:1858} INFO - Created Permission View: can delete on DAG:example_sensors
[2026-07-02T16:24:27.275+0000] {logging_mixin.py:188} INFO - [2026-07-02T16:24:27.274+0000] {override.py:1858} INFO - Created Permission View: can read on DAG:example_sensors
[2026-07-02T16:24:27.286+0000] {logging_mixin.py:188} INFO - [2026-07-02T16:24:27.286+0000] {override.py:1858} INFO - Created Permission View: can edit on DAG:example_sensors
[2026-07-02T16:24:27.287+0000] {logging_mixin.py:188} INFO - [2026-07-02T16:24:27.287+0000] {dag.py:3089} INFO - Sync 1 DAGs
[2026-07-02T16:24:27.302+0000] {logging_mixin.py:188} INFO - [2026-07-02T16:24:27.302+0000] {dag.py:3111} INFO - Creating ORM DAG for example_sensors
[2026-07-02T16:24:27.303+0000] {logging_mixin.py:188} INFO - [2026-07-02T16:24:27.303+0000] {dag.py:3947} INFO - Setting next_dagrun for example_sensors to None, run_after=None
[2026-07-02T16:24:27.332+0000] {processor.py:183} INFO - Processing /usr/local/python/3.12.1/lib/python3.12/site-packages/airflow/example_dags/example_sensors.py took 0.285 seconds
[2026-07-02T16:25:21.659+0000] {processor.py:161} INFO - Started process (PID=118561) to work on /usr/local/python/3.12.1/lib/python3.12/site-packages/airflow/example_dags/example_sensors.py
[2026-07-02T16:25:21.660+0000] {processor.py:830} INFO - Processing file /usr/local/python/3.12.1/lib/python3.12/site-packages/airflow/example_dags/example_sensors.py for tasks to queue
[2026-07-02T16:25:21.661+0000] {logging_mixin.py:188} INFO - [2026-07-02T16:25:21.661+0000] {dagbag.py:545} INFO - Filling up the DagBag from /usr/local/python/3.12.1/lib/python3.12/site-packages/airflow/example_dags/example_sensors.py
[2026-07-02T16:25:21.668+0000] {processor.py:840} INFO - DAG(s) 'example_sensors' retrieved from /usr/local/python/3.12.1/lib/python3.12/site-packages/airflow/example_dags/example_sensors.py
[2026-07-02T16:25:21.690+0000] {logging_mixin.py:188} INFO - [2026-07-02T16:25:21.690+0000] {dag.py:3089} INFO - Sync 1 DAGs
[2026-07-02T16:25:21.701+0000] {logging_mixin.py:188} INFO - [2026-07-02T16:25:21.701+0000] {dag.py:3947} INFO - Setting next_dagrun for example_sensors to None, run_after=None
[2026-07-02T16:25:21.718+0000] {processor.py:183} INFO - Processing /usr/local/python/3.12.1/lib/python3.12/site-packages/airflow/example_dags/example_sensors.py took 0.064 seconds
[2026-07-02T16:26:17.447+0000] {processor.py:161} INFO - Started process (PID=126121) to work on /usr/local/python/3.12.1/lib/python3.12/site-packages/airflow/example_dags/example_sensors.py
[2026-07-02T16:26:17.451+0000] {processor.py:830} INFO - Processing file /usr/local/python/3.12.1/lib/python3.12/site-packages/airflow/example_dags/example_sensors.py for tasks to queue
[2026-07-02T16:26:17.455+0000] {logging_mixin.py:188} INFO - [2026-07-02T16:26:17.455+0000] {dagbag.py:545} INFO - Filling up the DagBag from /usr/local/python/3.12.1/lib/python3.12/site-packages/airflow/example_dags/example_sensors.py
[2026-07-02T16:26:17.484+0000] {processor.py:840} INFO - DAG(s) 'example_sensors' retrieved from /usr/local/python/3.12.1/lib/python3.12/site-packages/airflow/example_dags/example_sensors.py
[2026-07-02T16:26:17.528+0000] {logging_mixin.py:188} INFO - [2026-07-02T16:26:17.528+0000] {dag.py:3089} INFO - Sync 1 DAGs
[2026-07-02T16:26:17.544+0000] {logging_mixin.py:188} INFO - [2026-07-02T16:26:17.544+0000] {dag.py:3947} INFO - Setting next_dagrun for example_sensors to None, run_after=None
[2026-07-02T16:26:17.624+0000] {processor.py:183} INFO - Processing /usr/local/python/3.12.1/lib/python3.12/site-packages/airflow/example_dags/example_sensors.py took 0.185 seconds
[2026-07-02T16:27:30.970+0000] {processor.py:161} INFO - Started process (PID=128299) to work on /usr/local/python/3.12.1/lib/python3.12/site-packages/airflow/example_dags/example_sensors.py
[2026-07-02T16:27:30.971+0000] {processor.py:830} INFO - Processing file /usr/local/python/3.12.1/lib/python3.12/site-packages/airflow/example_dags/example_sensors.py for tasks to queue
[2026-07-02T16:27:30.973+0000] {logging_mixin.py:188} INFO - [2026-07-02T16:27:30.973+0000] {dagbag.py:545} INFO - Filling up the DagBag from /usr/local/python/3.12.1/lib/python3.12/site-packages/airflow/example_dags/example_sensors.py
[2026-07-02T16:27:30.983+0000] {processor.py:840} INFO - DAG(s) 'example_sensors' retrieved from /usr/local/python/3.12.1/lib/python3.12/site-packages/airflow/example_dags/example_sensors.py
[2026-07-02T16:27:31.011+0000] {logging_mixin.py:188} INFO - [2026-07-02T16:27:31.011+0000] {dag.py:3089} INFO - Sync 1 DAGs
[2026-07-02T16:27:31.034+0000] {logging_mixin.py:188} INFO - [2026-07-02T16:27:31.034+0000] {dag.py:3947} INFO - Setting next_dagrun for example_sensors to None, run_after=None
[2026-07-02T16:27:31.074+0000] {processor.py:183} INFO - Processing /usr/local/python/3.12.1/lib/python3.12/site-packages/airflow/example_dags/example_sensors.py took 0.112 seconds
[2026-07-02T16:28:25.960+0000] {processor.py:161} INFO - Started process (PID=129054) to work on /usr/local/python/3.12.1/lib/python3.12/site-packages/airflow/example_dags/example_sensors.py
[2026-07-02T16:28:25.962+0000] {processor.py:830} INFO - Processing file /usr/local/python/3.12.1/lib/python3.12/site-packages/airflow/example_dags/example_sensors.py for tasks to queue
[2026-07-02T16:28:25.965+0000] {logging_mixin.py:188} INFO - [2026-07-02T16:28:25.964+0000] {dagbag.py:545} INFO - Filling up the DagBag from /usr/local/python/3.12.1/lib/python3.12/site-packages/airflow/example_dags/example_sensors.py
[2026-07-02T16:28:25.984+0000] {processor.py:840} INFO - DAG(s) 'example_sensors' retrieved from /usr/local/python/3.12.1/lib/python3.12/site-packages/airflow/example_dags/example_sensors.py
[2026-07-02T16:28:26.041+0000] {logging_mixin.py:188} INFO - [2026-07-02T16:28:26.040+0000] {dag.py:3089} INFO - Sync 1 DAGs
[2026-07-02T16:28:26.080+0000] {logging_mixin.py:188} INFO - [2026-07-02T16:28:26.080+0000] {dag.py:3947} INFO - Setting next_dagrun for example_sensors to None, run_after=None
[2026-07-02T16:28:26.171+0000] {processor.py:183} INFO - Processing /usr/local/python/3.12.1/lib/python3.12/site-packages/airflow/example_dags/example_sensors.py took 0.222 seconds
[2026-07-02T16:29:29.621+0000] {processor.py:161} INFO - Started process (PID=129880) to work on /usr/local/python/3.12.1/lib/python3.12/site-packages/airflow/example_dags/example_sensors.py
[2026-07-02T16:29:29.623+0000] {processor.py:830} INFO - Processing file /usr/local/python/3.12.1/lib/python3.12/site-packages/airflow/example_dags/example_sensors.py for tasks to queue
[2026-07-02T16:29:29.624+0000] {logging_mixin.py:188} INFO - [2026-07-02T16:29:29.624+0000] {dagbag.py:545} INFO - Filling up the DagBag from /usr/local/python/3.12.1/lib/python3.12/site-packages/airflow/example_dags/example_sensors.py
[2026-07-02T16:29:29.633+0000] {processor.py:840} INFO - DAG(s) 'example_sensors' retrieved from /usr/local/python/3.12.1/lib/python3.12/site-packages/airflow/example_dags/example_sensors.py
[2026-07-02T16:29:29.760+0000] {logging_mixin.py:188} INFO - [2026-07-02T16:29:29.760+0000] {dag.py:3089} INFO - Sync 1 DAGs
[2026-07-02T16:29:29.776+0000] {logging_mixin.py:188} INFO - [2026-07-02T16:29:29.776+0000] {dag.py:3947} INFO - Setting next_dagrun for example_sensors to None, run_after=None
[2026-07-02T16:29:30.047+0000] {processor.py:183} INFO - Processing /usr/local/python/3.12.1/lib/python3.12/site-packages/airflow/example_dags/example_sensors.py took 0.431 seconds
[2026-07-02T16:30:26.411+0000] {processor.py:161} INFO - Started process (PID=130557) to work on /usr/local/python/3.12.1/lib/python3.12/site-packages/airflow/example_dags/example_sensors.py
[2026-07-02T16:30:26.412+0000] {processor.py:830} INFO - Processing file /usr/local/python/3.12.1/lib/python3.12/site-packages/airflow/example_dags/example_sensors.py for tasks to queue
[2026-07-02T16:30:26.414+0000] {logging_mixin.py:188} INFO - [2026-07-02T16:30:26.414+0000] {dagbag.py:545} INFO - Filling up the DagBag from /usr/local/python/3.12.1/lib/python3.12/site-packages/airflow/example_dags/example_sensors.py
[2026-07-02T16:30:26.425+0000] {processor.py:840} INFO - DAG(s) 'example_sensors' retrieved from /usr/local/python/3.12.1/lib/python3.12/site-packages/airflow/example_dags/example_sensors.py
[2026-07-02T16:30:26.449+0000] {logging_mixin.py:188} INFO - [2026-07-02T16:30:26.449+0000] {dag.py:3089} INFO - Sync 1 DAGs
[2026-07-02T16:30:26.458+0000] {logging_mixin.py:188} INFO - [2026-07-02T16:30:26.458+0000] {dag.py:3947} INFO - Setting next_dagrun for example_sensors to None, run_after=None
[2026-07-02T16:30:26.476+0000] {processor.py:183} INFO - Processing /usr/local/python/3.12.1/lib/python3.12/site-packages/airflow/example_dags/example_sensors.py took 0.074 seconds
[2026-07-02T16:31:16.803+0000] {processor.py:161} INFO - Started process (PID=131102) to work on /usr/local/python/3.12.1/lib/python3.12/site-packages/airflow/example_dags/example_sensors.py
[2026-07-02T16:31:16.803+0000] {processor.py:830} INFO - Processing file /usr/local/python/3.12.1/lib/python3.12/site-packages/airflow/example_dags/example_sensors.py for tasks to queue
[2026-07-02T16:31:16.805+0000] {logging_mixin.py:188} INFO - [2026-07-02T16:31:16.805+0000] {dagbag.py:545} INFO - Filling up the DagBag from /usr/local/python/3.12.1/lib/python3.12/site-packages/airflow/example_dags/example_sensors.py
[2026-07-02T16:31:16.813+0000] {processor.py:840} INFO - DAG(s) 'example_sensors' retrieved from /usr/local/python/3.12.1/lib/python3.12/site-packages/airflow/example_dags/example_sensors.py
[2026-07-02T16:31:16.829+0000] {logging_mixin.py:188} INFO - [2026-07-02T16:31:16.829+0000] {dag.py:3089} INFO - Sync 1 DAGs
[2026-07-02T16:31:16.838+0000] {logging_mixin.py:188} INFO - [2026-07-02T16:31:16.838+0000] {dag.py:3947} INFO - Setting next_dagrun for example_sensors to None, run_after=None
[2026-07-02T16:31:16.855+0000] {processor.py:183} INFO - Processing /usr/local/python/3.12.1/lib/python3.12/site-packages/airflow/example_dags/example_sensors.py took 0.056 seconds
[2026-07-02T16:32:05.162+0000] {processor.py:161} INFO - Started process (PID=131617) to work on /usr/local/python/3.12.1/lib/python3.12/site-packages/airflow/example_dags/example_sensors.py
[2026-07-02T16:32:05.163+0000] {processor.py:830} INFO - Processing file /usr/local/python/3.12.1/lib/python3.12/site-packages/airflow/example_dags/example_sensors.py for tasks to queue
[2026-07-02T16:32:05.165+0000] {logging_mixin.py:188} INFO - [2026-07-02T16:32:05.165+0000] {dagbag.py:545} INFO - Filling up the DagBag from /usr/local/python/3.12.1/lib/python3.12/site-packages/airflow/example_dags/example_sensors.py
[2026-07-02T16:32:05.177+0000] {processor.py:840} INFO - DAG(s) 'example_sensors' retrieved from /usr/local/python/3.12.1/lib/python3.12/site-packages/airflow/example_dags/example_sensors.py
[2026-07-02T16:32:05.203+0000] {logging_mixin.py:188} INFO - [2026-07-02T16:32:05.203+0000] {dag.py:3089} INFO - Sync 1 DAGs
[2026-07-02T16:32:05.220+0000] {logging_mixin.py:188} INFO - [2026-07-02T16:32:05.220+0000] {dag.py:3947} INFO - Setting next_dagrun for example_sensors to None, run_after=None
[2026-07-02T16:32:05.254+0000] {processor.py:183} INFO - Processing /usr/local/python/3.12.1/lib/python3.12/site-packages/airflow/example_dags/example_sensors.py took 0.099 seconds
[2026-07-02T16:32:55.787+0000] {processor.py:161} INFO - Started process (PID=133360) to work on /usr/local/python/3.12.1/lib/python3.12/site-packages/airflow/example_dags/example_sensors.py
[2026-07-02T16:32:55.788+0000] {processor.py:830} INFO - Processing file /usr/local/python/3.12.1/lib/python3.12/site-packages/airflow/example_dags/example_sensors.py for tasks to queue
[2026-07-02T16:32:55.790+0000] {logging_mixin.py:188} INFO - [2026-07-02T16:32:55.789+0000] {dagbag.py:545} INFO - Filling up the DagBag from /usr/local/python/3.12.1/lib/python3.12/site-packages/airflow/example_dags/example_sensors.py
[2026-07-02T16:32:55.800+0000] {processor.py:840} INFO - DAG(s) 'example_sensors' retrieved from /usr/local/python/3.12.1/lib/python3.12/site-packages/airflow/example_dags/example_sensors.py
[2026-07-02T16:32:55.825+0000] {logging_mixin.py:188} INFO - [2026-07-02T16:32:55.825+0000] {dag.py:3089} INFO - Sync 1 DAGs
[2026-07-02T16:32:55.839+0000] {logging_mixin.py:188} INFO - [2026-07-02T16:32:55.839+0000] {dag.py:3947} INFO - Setting next_dagrun for example_sensors to None, run_after=None
[2026-07-02T16:32:55.866+0000] {processor.py:183} INFO - Processing /usr/local/python/3.12.1/lib/python3.12/site-packages/airflow/example_dags/example_sensors.py took 0.085 seconds
[2026-07-02T16:33:45.833+0000] {processor.py:161} INFO - Started process (PID=133929) to work on /usr/local/python/3.12.1/lib/python3.12/site-packages/airflow/example_dags/example_sensors.py
[2026-07-02T16:33:45.834+0000] {processor.py:830} INFO - Processing file /usr/local/python/3.12.1/lib/python3.12/site-packages/airflow/example_dags/example_sensors.py for tasks to queue
[2026-07-02T16:33:45.835+0000] {logging_mixin.py:188} INFO - [2026-07-02T16:33:45.835+0000] {dagbag.py:545} INFO - Filling up the DagBag from /usr/local/python/3.12.1/lib/python3.12/site-packages/airflow/example_dags/example_sensors.py
[2026-07-02T16:33:45.842+0000] {processor.py:840} INFO - DAG(s) 'example_sensors' retrieved from /usr/local/python/3.12.1/lib/python3.12/site-packages/airflow/example_dags/example_sensors.py
[2026-07-02T16:33:45.859+0000] {logging_mixin.py:188} INFO - [2026-07-02T16:33:45.859+0000] {dag.py:3089} INFO - Sync 1 DAGs
[2026-07-02T16:33:45.868+0000] {logging_mixin.py:188} INFO - [2026-07-02T16:33:45.868+0000] {dag.py:3947} INFO - Setting next_dagrun for example_sensors to None, run_after=None
[2026-07-02T16:33:45.888+0000] {processor.py:183} INFO - Processing /usr/local/python/3.12.1/lib/python3.12/site-packages/airflow/example_dags/example_sensors.py took 0.059 seconds
[2026-07-02T16:34:34.652+0000] {processor.py:161} INFO - Started process (PID=134580) to work on /usr/local/python/3.12.1/lib/python3.12/site-packages/airflow/example_dags/example_sensors.py
[2026-07-02T16:34:34.656+0000] {processor.py:830} INFO - Processing file /usr/local/python/3.12.1/lib/python3.12/site-packages/airflow/example_dags/example_sensors.py for tasks to queue
[2026-07-02T16:34:34.657+0000] {logging_mixin.py:188} INFO - [2026-07-02T16:34:34.657+0000] {dagbag.py:545} INFO - Filling up the DagBag from /usr/local/python/3.12.1/lib/python3.12/site-packages/airflow/example_dags/example_sensors.py
[2026-07-02T16:34:34.665+0000] {processor.py:840} INFO - DAG(s) 'example_sensors' retrieved from /usr/local/python/3.12.1/lib/python3.12/site-packages/airflow/example_dags/example_sensors.py
[2026-07-02T16:34:34.686+0000] {logging_mixin.py:188} INFO - [2026-07-02T16:34:34.685+0000] {dag.py:3089} INFO - Sync 1 DAGs
[2026-07-02T16:34:34.697+0000] {logging_mixin.py:188} INFO - [2026-07-02T16:34:34.697+0000] {dag.py:3947} INFO - Setting next_dagrun for example_sensors to None, run_after=None
[2026-07-02T16:34:34.715+0000] {processor.py:183} INFO - Processing /usr/local/python/3.12.1/lib/python3.12/site-packages/airflow/example_dags/example_sensors.py took 0.067 seconds
[2026-07-02T16:35:29.133+0000] {processor.py:161} INFO - Started process (PID=136008) to work on /usr/local/python/3.12.1/lib/python3.12/site-packages/airflow/example_dags/example_sensors.py
[2026-07-02T16:35:29.137+0000] {processor.py:830} INFO - Processing file /usr/local/python/3.12.1/lib/python3.12/site-packages/airflow/example_dags/example_sensors.py for tasks to queue
[2026-07-02T16:35:29.139+0000] {logging_mixin.py:188} INFO - [2026-07-02T16:35:29.139+0000] {dagbag.py:545} INFO - Filling up the DagBag from /usr/local/python/3.12.1/lib/python3.12/site-packages/airflow/example_dags/example_sensors.py
[2026-07-02T16:35:29.158+0000] {processor.py:840} INFO - DAG(s) 'example_sensors' retrieved from /usr/local/python/3.12.1/lib/python3.12/site-packages/airflow/example_dags/example_sensors.py
[2026-07-02T16:35:29.197+0000] {logging_mixin.py:188} INFO - [2026-07-02T16:35:29.196+0000] {dag.py:3089} INFO - Sync 1 DAGs
[2026-07-02T16:35:29.215+0000] {logging_mixin.py:188} INFO - [2026-07-02T16:35:29.215+0000] {dag.py:3947} INFO - Setting next_dagrun for example_sensors to None, run_after=None
[2026-07-02T16:35:29.256+0000] {processor.py:183} INFO - Processing /usr/local/python/3.12.1/lib/python3.12/site-packages/airflow/example_dags/example_sensors.py took 0.160 seconds
[2026-07-02T16:36:24.167+0000] {processor.py:161} INFO - Started process (PID=136728) to work on /usr/local/python/3.12.1/lib/python3.12/site-packages/airflow/example_dags/example_sensors.py
[2026-07-02T16:36:24.168+0000] {processor.py:830} INFO - Processing file /usr/local/python/3.12.1/lib/python3.12/site-packages/airflow/example_dags/example_sensors.py for tasks to queue
[2026-07-02T16:36:24.170+0000] {logging_mixin.py:188} INFO - [2026-07-02T16:36:24.169+0000] {dagbag.py:545} INFO - Filling up the DagBag from /usr/local/python/3.12.1/lib/python3.12/site-packages/airflow/example_dags/example_sensors.py
[2026-07-02T16:36:24.182+0000] {processor.py:840} INFO - DAG(s) 'example_sensors' retrieved from /usr/local/python/3.12.1/lib/python3.12/site-packages/airflow/example_dags/example_sensors.py
[2026-07-02T16:36:24.207+0000] {logging_mixin.py:188} INFO - [2026-07-02T16:36:24.207+0000] {dag.py:3089} INFO - Sync 1 DAGs
[2026-07-02T16:36:24.221+0000] {logging_mixin.py:188} INFO - [2026-07-02T16:36:24.221+0000] {dag.py:3947} INFO - Setting next_dagrun for example_sensors to None, run_after=None
[2026-07-02T16:36:24.250+0000] {processor.py:183} INFO - Processing /usr/local/python/3.12.1/lib/python3.12/site-packages/airflow/example_dags/example_sensors.py took 0.090 seconds
[2026-07-02T16:37:08.362+0000] {processor.py:161} INFO - Started process (PID=137305) to work on /usr/local/python/3.12.1/lib/python3.12/site-packages/airflow/example_dags/example_sensors.py
[2026-07-02T16:37:08.363+0000] {processor.py:830} INFO - Processing file /usr/local/python/3.12.1/lib/python3.12/site-packages/airflow/example_dags/example_sensors.py for tasks to queue
[2026-07-02T16:37:08.365+0000] {logging_mixin.py:188} INFO - [2026-07-02T16:37:08.364+0000] {dagbag.py:545} INFO - Filling up the DagBag from /usr/local/python/3.12.1/lib/python3.12/site-packages/airflow/example_dags/example_sensors.py
[2026-07-02T16:37:08.372+0000] {processor.py:840} INFO - DAG(s) 'example_sensors' retrieved from /usr/local/python/3.12.1/lib/python3.12/site-packages/airflow/example_dags/example_sensors.py
[2026-07-02T16:37:08.394+0000] {logging_mixin.py:188} INFO - [2026-07-02T16:37:08.393+0000] {dag.py:3089} INFO - Sync 1 DAGs
[2026-07-02T16:37:08.404+0000] {logging_mixin.py:188} INFO - [2026-07-02T16:37:08.403+0000] {dag.py:3947} INFO - Setting next_dagrun for example_sensors to None, run_after=None
[2026-07-02T16:37:08.424+0000] {processor.py:183} INFO - Processing /usr/local/python/3.12.1/lib/python3.12/site-packages/airflow/example_dags/example_sensors.py took 0.067 seconds
[2026-07-02T16:37:56.334+0000] {processor.py:161} INFO - Started process (PID=138618) to work on /usr/local/python/3.12.1/lib/python3.12/site-packages/airflow/example_dags/example_sensors.py
[2026-07-02T16:37:56.335+0000] {processor.py:830} INFO - Processing file /usr/local/python/3.12.1/lib/python3.12/site-packages/airflow/example_dags/example_sensors.py for tasks to queue
[2026-07-02T16:37:56.337+0000] {logging_mixin.py:188} INFO - [2026-07-02T16:37:56.336+0000] {dagbag.py:545} INFO - Filling up the DagBag from /usr/local/python/3.12.1/lib/python3.12/site-packages/airflow/example_dags/example_sensors.py
[2026-07-02T16:37:56.347+0000] {processor.py:840} INFO - DAG(s) 'example_sensors' retrieved from /usr/local/python/3.12.1/lib/python3.12/site-packages/airflow/example_dags/example_sensors.py
[2026-07-02T16:37:56.371+0000] {logging_mixin.py:188} INFO - [2026-07-02T16:37:56.371+0000] {dag.py:3089} INFO - Sync 1 DAGs
[2026-07-02T16:37:56.386+0000] {logging_mixin.py:188} INFO - [2026-07-02T16:37:56.386+0000] {dag.py:3947} INFO - Setting next_dagrun for example_sensors to None, run_after=None
[2026-07-02T16:37:56.410+0000] {processor.py:183} INFO - Processing /usr/local/python/3.12.1/lib/python3.12/site-packages/airflow/example_dags/example_sensors.py took 0.083 seconds
[2026-07-02T16:38:43.025+0000] {processor.py:161} INFO - Started process (PID=139636) to work on /usr/local/python/3.12.1/lib/python3.12/site-packages/airflow/example_dags/example_sensors.py
[2026-07-02T16:38:43.025+0000] {processor.py:830} INFO - Processing file /usr/local/python/3.12.1/lib/python3.12/site-packages/airflow/example_dags/example_sensors.py for tasks to queue
[2026-07-02T16:38:43.027+0000] {logging_mixin.py:188} INFO - [2026-07-02T16:38:43.027+0000] {dagbag.py:545} INFO - Filling up the DagBag from /usr/local/python/3.12.1/lib/python3.12/site-packages/airflow/example_dags/example_sensors.py
[2026-07-02T16:38:43.034+0000] {processor.py:840} INFO - DAG(s) 'example_sensors' retrieved from /usr/local/python/3.12.1/lib/python3.12/site-packages/airflow/example_dags/example_sensors.py
[2026-07-02T16:38:43.050+0000] {logging_mixin.py:188} INFO - [2026-07-02T16:38:43.050+0000] {dag.py:3089} INFO - Sync 1 DAGs
[2026-07-02T16:38:43.059+0000] {logging_mixin.py:188} INFO - [2026-07-02T16:38:43.059+0000] {dag.py:3947} INFO - Setting next_dagrun for example_sensors to None, run_after=None
[2026-07-02T16:38:43.083+0000] {processor.py:183} INFO - Processing /usr/local/python/3.12.1/lib/python3.12/site-packages/airflow/example_dags/example_sensors.py took 0.064 seconds
[2026-07-02T16:39:30.412+0000] {processor.py:161} INFO - Started process (PID=140309) to work on /usr/local/python/3.12.1/lib/python3.12/site-packages/airflow/example_dags/example_sensors.py
[2026-07-02T16:39:30.413+0000] {processor.py:830} INFO - Processing file /usr/local/python/3.12.1/lib/python3.12/site-packages/airflow/example_dags/example_sensors.py for tasks to queue
[2026-07-02T16:39:30.415+0000] {logging_mixin.py:188} INFO - [2026-07-02T16:39:30.414+0000] {dagbag.py:545} INFO - Filling up the DagBag from /usr/local/python/3.12.1/lib/python3.12/site-packages/airflow/example_dags/example_sensors.py
[2026-07-02T16:39:30.422+0000] {processor.py:840} INFO - DAG(s) 'example_sensors' retrieved from /usr/local/python/3.12.1/lib/python3.12/site-packages/airflow/example_dags/example_sensors.py
[2026-07-02T16:39:30.438+0000] {logging_mixin.py:188} INFO - [2026-07-02T16:39:30.438+0000] {dag.py:3089} INFO - Sync 1 DAGs
[2026-07-02T16:39:30.447+0000] {logging_mixin.py:188} INFO - [2026-07-02T16:39:30.446+0000] {dag.py:3947} INFO - Setting next_dagrun for example_sensors to None, run_after=None
[2026-07-02T16:39:30.464+0000] {processor.py:183} INFO - Processing /usr/local/python/3.12.1/lib/python3.12/site-packages/airflow/example_dags/example_sensors.py took 0.056 seconds
