[2026-07-02T16:24:45.469+0000] {processor.py:161} INFO - Started process (PID=118003) to work on /usr/local/python/3.12.1/lib/python3.12/site-packages/airflow/example_dags/example_complex.py
[2026-07-02T16:24:45.469+0000] {processor.py:830} INFO - Processing file /usr/local/python/3.12.1/lib/python3.12/site-packages/airflow/example_dags/example_complex.py for tasks to queue
[2026-07-02T16:24:45.471+0000] {logging_mixin.py:188} INFO - [2026-07-02T16:24:45.471+0000] {dagbag.py:545} INFO - Filling up the DagBag from /usr/local/python/3.12.1/lib/python3.12/site-packages/airflow/example_dags/example_complex.py
[2026-07-02T16:24:45.483+0000] {processor.py:840} INFO - DAG(s) 'example_complex' retrieved from /usr/local/python/3.12.1/lib/python3.12/site-packages/airflow/example_dags/example_complex.py
[2026-07-02T16:24:45.642+0000] {logging_mixin.py:188} INFO - [2026-07-02T16:24:45.641+0000] {override.py:1858} INFO - Created Permission View: can delete on DAG:example_complex
[2026-07-02T16:24:45.664+0000] {logging_mixin.py:188} INFO - [2026-07-02T16:24:45.664+0000] {override.py:1858} INFO - Created Permission View: can read on DAG:example_complex
[2026-07-02T16:24:45.688+0000] {logging_mixin.py:188} INFO - [2026-07-02T16:24:45.687+0000] {override.py:1858} INFO - Created Permission View: can edit on DAG:example_complex
[2026-07-02T16:24:45.691+0000] {logging_mixin.py:188} INFO - [2026-07-02T16:24:45.691+0000] {dag.py:3089} INFO - Sync 1 DAGs
[2026-07-02T16:24:45.728+0000] {logging_mixin.py:188} INFO - [2026-07-02T16:24:45.728+0000] {dag.py:3111} INFO - Creating ORM DAG for example_complex
[2026-07-02T16:24:45.730+0000] {logging_mixin.py:188} INFO - [2026-07-02T16:24:45.730+0000] {dag.py:3947} INFO - Setting next_dagrun for example_complex to None, run_after=None
[2026-07-02T16:24:45.832+0000] {processor.py:183} INFO - Processing /usr/local/python/3.12.1/lib/python3.12/site-packages/airflow/example_dags/example_complex.py took 0.369 seconds
[2026-07-02T16:25:38.041+0000] {processor.py:161} INFO - Started process (PID=118796) to work on /usr/local/python/3.12.1/lib/python3.12/site-packages/airflow/example_dags/example_complex.py
[2026-07-02T16:25:38.043+0000] {processor.py:830} INFO - Processing file /usr/local/python/3.12.1/lib/python3.12/site-packages/airflow/example_dags/example_complex.py for tasks to queue
[2026-07-02T16:25:38.046+0000] {logging_mixin.py:188} INFO - [2026-07-02T16:25:38.045+0000] {dagbag.py:545} INFO - Filling up the DagBag from /usr/local/python/3.12.1/lib/python3.12/site-packages/airflow/example_dags/example_complex.py
[2026-07-02T16:25:38.063+0000] {processor.py:840} INFO - DAG(s) 'example_complex' retrieved from /usr/local/python/3.12.1/lib/python3.12/site-packages/airflow/example_dags/example_complex.py
[2026-07-02T16:25:38.109+0000] {logging_mixin.py:188} INFO - [2026-07-02T16:25:38.109+0000] {dag.py:3089} INFO - Sync 1 DAGs
[2026-07-02T16:25:38.140+0000] {logging_mixin.py:188} INFO - [2026-07-02T16:25:38.139+0000] {dag.py:3947} INFO - Setting next_dagrun for example_complex to None, run_after=None
[2026-07-02T16:25:38.182+0000] {processor.py:183} INFO - Processing /usr/local/python/3.12.1/lib/python3.12/site-packages/airflow/example_dags/example_complex.py took 0.149 seconds
[2026-07-02T16:26:58.180+0000] {processor.py:161} INFO - Started process (PID=126712) to work on /usr/local/python/3.12.1/lib/python3.12/site-packages/airflow/example_dags/example_complex.py
[2026-07-02T16:26:58.190+0000] {processor.py:830} INFO - Processing file /usr/local/python/3.12.1/lib/python3.12/site-packages/airflow/example_dags/example_complex.py for tasks to queue
[2026-07-02T16:26:58.210+0000] {logging_mixin.py:188} INFO - [2026-07-02T16:26:58.204+0000] {dagbag.py:545} INFO - Filling up the DagBag from /usr/local/python/3.12.1/lib/python3.12/site-packages/airflow/example_dags/example_complex.py
[2026-07-02T16:26:58.259+0000] {processor.py:840} INFO - DAG(s) 'example_complex' retrieved from /usr/local/python/3.12.1/lib/python3.12/site-packages/airflow/example_dags/example_complex.py
[2026-07-02T16:26:58.427+0000] {logging_mixin.py:188} INFO - [2026-07-02T16:26:58.427+0000] {dag.py:3089} INFO - Sync 1 DAGs
[2026-07-02T16:26:58.555+0000] {logging_mixin.py:188} INFO - [2026-07-02T16:26:58.551+0000] {dag.py:3947} INFO - Setting next_dagrun for example_complex to None, run_after=None
[2026-07-02T16:26:58.636+0000] {processor.py:183} INFO - Processing /usr/local/python/3.12.1/lib/python3.12/site-packages/airflow/example_dags/example_complex.py took 0.523 seconds
[2026-07-02T16:28:07.672+0000] {processor.py:161} INFO - Started process (PID=128810) to work on /usr/local/python/3.12.1/lib/python3.12/site-packages/airflow/example_dags/example_complex.py
[2026-07-02T16:28:07.672+0000] {processor.py:830} INFO - Processing file /usr/local/python/3.12.1/lib/python3.12/site-packages/airflow/example_dags/example_complex.py for tasks to queue
[2026-07-02T16:28:07.674+0000] {logging_mixin.py:188} INFO - [2026-07-02T16:28:07.673+0000] {dagbag.py:545} INFO - Filling up the DagBag from /usr/local/python/3.12.1/lib/python3.12/site-packages/airflow/example_dags/example_complex.py
[2026-07-02T16:28:07.686+0000] {processor.py:840} INFO - DAG(s) 'example_complex' retrieved from /usr/local/python/3.12.1/lib/python3.12/site-packages/airflow/example_dags/example_complex.py
[2026-07-02T16:28:07.713+0000] {logging_mixin.py:188} INFO - [2026-07-02T16:28:07.712+0000] {dag.py:3089} INFO - Sync 1 DAGs
[2026-07-02T16:28:07.721+0000] {logging_mixin.py:188} INFO - [2026-07-02T16:28:07.721+0000] {dag.py:3947} INFO - Setting next_dagrun for example_complex to None, run_after=None
[2026-07-02T16:28:07.737+0000] {processor.py:183} INFO - Processing /usr/local/python/3.12.1/lib/python3.12/site-packages/airflow/example_dags/example_complex.py took 0.071 seconds
[2026-07-02T16:29:06.625+0000] {processor.py:161} INFO - Started process (PID=129648) to work on /usr/local/python/3.12.1/lib/python3.12/site-packages/airflow/example_dags/example_complex.py
[2026-07-02T16:29:06.626+0000] {processor.py:830} INFO - Processing file /usr/local/python/3.12.1/lib/python3.12/site-packages/airflow/example_dags/example_complex.py for tasks to queue
[2026-07-02T16:29:06.627+0000] {logging_mixin.py:188} INFO - [2026-07-02T16:29:06.627+0000] {dagbag.py:545} INFO - Filling up the DagBag from /usr/local/python/3.12.1/lib/python3.12/site-packages/airflow/example_dags/example_complex.py
[2026-07-02T16:29:06.636+0000] {processor.py:840} INFO - DAG(s) 'example_complex' retrieved from /usr/local/python/3.12.1/lib/python3.12/site-packages/airflow/example_dags/example_complex.py
[2026-07-02T16:29:06.656+0000] {logging_mixin.py:188} INFO - [2026-07-02T16:29:06.656+0000] {dag.py:3089} INFO - Sync 1 DAGs
[2026-07-02T16:29:06.765+0000] {logging_mixin.py:188} INFO - [2026-07-02T16:29:06.765+0000] {dag.py:3947} INFO - Setting next_dagrun for example_complex to None, run_after=None
[2026-07-02T16:29:06.782+0000] {processor.py:183} INFO - Processing /usr/local/python/3.12.1/lib/python3.12/site-packages/airflow/example_dags/example_complex.py took 0.162 seconds
[2026-07-02T16:30:07.341+0000] {processor.py:161} INFO - Started process (PID=130317) to work on /usr/local/python/3.12.1/lib/python3.12/site-packages/airflow/example_dags/example_complex.py
[2026-07-02T16:30:07.343+0000] {processor.py:830} INFO - Processing file /usr/local/python/3.12.1/lib/python3.12/site-packages/airflow/example_dags/example_complex.py for tasks to queue
[2026-07-02T16:30:07.345+0000] {logging_mixin.py:188} INFO - [2026-07-02T16:30:07.344+0000] {dagbag.py:545} INFO - Filling up the DagBag from /usr/local/python/3.12.1/lib/python3.12/site-packages/airflow/example_dags/example_complex.py
[2026-07-02T16:30:07.353+0000] {processor.py:840} INFO - DAG(s) 'example_complex' retrieved from /usr/local/python/3.12.1/lib/python3.12/site-packages/airflow/example_dags/example_complex.py
[2026-07-02T16:30:07.373+0000] {logging_mixin.py:188} INFO - [2026-07-02T16:30:07.373+0000] {dag.py:3089} INFO - Sync 1 DAGs
[2026-07-02T16:30:07.386+0000] {logging_mixin.py:188} INFO - [2026-07-02T16:30:07.386+0000] {dag.py:3947} INFO - Setting next_dagrun for example_complex to None, run_after=None
[2026-07-02T16:30:07.406+0000] {processor.py:183} INFO - Processing /usr/local/python/3.12.1/lib/python3.12/site-packages/airflow/example_dags/example_complex.py took 0.070 seconds
[2026-07-02T16:31:00.327+0000] {processor.py:161} INFO - Started process (PID=130910) to work on /usr/local/python/3.12.1/lib/python3.12/site-packages/airflow/example_dags/example_complex.py
[2026-07-02T16:31:00.327+0000] {processor.py:830} INFO - Processing file /usr/local/python/3.12.1/lib/python3.12/site-packages/airflow/example_dags/example_complex.py for tasks to queue
[2026-07-02T16:31:00.329+0000] {logging_mixin.py:188} INFO - [2026-07-02T16:31:00.328+0000] {dagbag.py:545} INFO - Filling up the DagBag from /usr/local/python/3.12.1/lib/python3.12/site-packages/airflow/example_dags/example_complex.py
[2026-07-02T16:31:00.337+0000] {processor.py:840} INFO - DAG(s) 'example_complex' retrieved from /usr/local/python/3.12.1/lib/python3.12/site-packages/airflow/example_dags/example_complex.py
[2026-07-02T16:31:00.357+0000] {logging_mixin.py:188} INFO - [2026-07-02T16:31:00.357+0000] {dag.py:3089} INFO - Sync 1 DAGs
[2026-07-02T16:31:00.366+0000] {logging_mixin.py:188} INFO - [2026-07-02T16:31:00.366+0000] {dag.py:3947} INFO - Setting next_dagrun for example_complex to None, run_after=None
[2026-07-02T16:31:00.390+0000] {processor.py:183} INFO - Processing /usr/local/python/3.12.1/lib/python3.12/site-packages/airflow/example_dags/example_complex.py took 0.068 seconds
[2026-07-02T16:32:14.421+0000] {processor.py:161} INFO - Started process (PID=132866) to work on /usr/local/python/3.12.1/lib/python3.12/site-packages/airflow/example_dags/example_complex.py
[2026-07-02T16:32:14.423+0000] {processor.py:830} INFO - Processing file /usr/local/python/3.12.1/lib/python3.12/site-packages/airflow/example_dags/example_complex.py for tasks to queue
[2026-07-02T16:32:14.425+0000] {logging_mixin.py:188} INFO - [2026-07-02T16:32:14.425+0000] {dagbag.py:545} INFO - Filling up the DagBag from /usr/local/python/3.12.1/lib/python3.12/site-packages/airflow/example_dags/example_complex.py
[2026-07-02T16:32:14.445+0000] {processor.py:840} INFO - DAG(s) 'example_complex' retrieved from /usr/local/python/3.12.1/lib/python3.12/site-packages/airflow/example_dags/example_complex.py
[2026-07-02T16:32:14.490+0000] {logging_mixin.py:188} INFO - [2026-07-02T16:32:14.490+0000] {dag.py:3089} INFO - Sync 1 DAGs
[2026-07-02T16:32:14.504+0000] {logging_mixin.py:188} INFO - [2026-07-02T16:32:14.504+0000] {dag.py:3947} INFO - Setting next_dagrun for example_complex to None, run_after=None
[2026-07-02T16:32:14.551+0000] {processor.py:183} INFO - Processing /usr/local/python/3.12.1/lib/python3.12/site-packages/airflow/example_dags/example_complex.py took 0.138 seconds
[2026-07-02T16:33:29.550+0000] {processor.py:161} INFO - Started process (PID=133738) to work on /usr/local/python/3.12.1/lib/python3.12/site-packages/airflow/example_dags/example_complex.py
[2026-07-02T16:33:29.552+0000] {processor.py:830} INFO - Processing file /usr/local/python/3.12.1/lib/python3.12/site-packages/airflow/example_dags/example_complex.py for tasks to queue
[2026-07-02T16:33:29.554+0000] {logging_mixin.py:188} INFO - [2026-07-02T16:33:29.553+0000] {dagbag.py:545} INFO - Filling up the DagBag from /usr/local/python/3.12.1/lib/python3.12/site-packages/airflow/example_dags/example_complex.py
[2026-07-02T16:33:29.562+0000] {processor.py:840} INFO - DAG(s) 'example_complex' retrieved from /usr/local/python/3.12.1/lib/python3.12/site-packages/airflow/example_dags/example_complex.py
[2026-07-02T16:33:29.590+0000] {logging_mixin.py:188} INFO - [2026-07-02T16:33:29.590+0000] {dag.py:3089} INFO - Sync 1 DAGs
[2026-07-02T16:33:29.601+0000] {logging_mixin.py:188} INFO - [2026-07-02T16:33:29.600+0000] {dag.py:3947} INFO - Setting next_dagrun for example_complex to None, run_after=None
[2026-07-02T16:33:29.618+0000] {processor.py:183} INFO - Processing /usr/local/python/3.12.1/lib/python3.12/site-packages/airflow/example_dags/example_complex.py took 0.072 seconds
[2026-07-02T16:34:43.827+0000] {processor.py:161} INFO - Started process (PID=134670) to work on /usr/local/python/3.12.1/lib/python3.12/site-packages/airflow/example_dags/example_complex.py
[2026-07-02T16:34:43.847+0000] {processor.py:830} INFO - Processing file /usr/local/python/3.12.1/lib/python3.12/site-packages/airflow/example_dags/example_complex.py for tasks to queue
[2026-07-02T16:34:43.853+0000] {logging_mixin.py:188} INFO - [2026-07-02T16:34:43.852+0000] {dagbag.py:545} INFO - Filling up the DagBag from /usr/local/python/3.12.1/lib/python3.12/site-packages/airflow/example_dags/example_complex.py
[2026-07-02T16:34:43.913+0000] {processor.py:840} INFO - DAG(s) 'example_complex' retrieved from /usr/local/python/3.12.1/lib/python3.12/site-packages/airflow/example_dags/example_complex.py
[2026-07-02T16:34:43.976+0000] {logging_mixin.py:188} INFO - [2026-07-02T16:34:43.976+0000] {dag.py:3089} INFO - Sync 1 DAGs
[2026-07-02T16:34:44.012+0000] {logging_mixin.py:188} INFO - [2026-07-02T16:34:44.011+0000] {dag.py:3947} INFO - Setting next_dagrun for example_complex to None, run_after=None
[2026-07-02T16:34:44.177+0000] {processor.py:183} INFO - Processing /usr/local/python/3.12.1/lib/python3.12/site-packages/airflow/example_dags/example_complex.py took 0.371 seconds
[2026-07-02T16:36:05.736+0000] {processor.py:161} INFO - Started process (PID=136511) to work on /usr/local/python/3.12.1/lib/python3.12/site-packages/airflow/example_dags/example_complex.py
[2026-07-02T16:36:05.738+0000] {processor.py:830} INFO - Processing file /usr/local/python/3.12.1/lib/python3.12/site-packages/airflow/example_dags/example_complex.py for tasks to queue
[2026-07-02T16:36:05.739+0000] {logging_mixin.py:188} INFO - [2026-07-02T16:36:05.739+0000] {dagbag.py:545} INFO - Filling up the DagBag from /usr/local/python/3.12.1/lib/python3.12/site-packages/airflow/example_dags/example_complex.py
[2026-07-02T16:36:05.748+0000] {processor.py:840} INFO - DAG(s) 'example_complex' retrieved from /usr/local/python/3.12.1/lib/python3.12/site-packages/airflow/example_dags/example_complex.py
[2026-07-02T16:36:05.769+0000] {logging_mixin.py:188} INFO - [2026-07-02T16:36:05.768+0000] {dag.py:3089} INFO - Sync 1 DAGs
[2026-07-02T16:36:05.779+0000] {logging_mixin.py:188} INFO - [2026-07-02T16:36:05.778+0000] {dag.py:3947} INFO - Setting next_dagrun for example_complex to None, run_after=None
[2026-07-02T16:36:05.800+0000] {processor.py:183} INFO - Processing /usr/local/python/3.12.1/lib/python3.12/site-packages/airflow/example_dags/example_complex.py took 0.069 seconds
[2026-07-02T16:37:14.791+0000] {processor.py:161} INFO - Started process (PID=137391) to work on /usr/local/python/3.12.1/lib/python3.12/site-packages/airflow/example_dags/example_complex.py
[2026-07-02T16:37:14.794+0000] {processor.py:830} INFO - Processing file /usr/local/python/3.12.1/lib/python3.12/site-packages/airflow/example_dags/example_complex.py for tasks to queue
[2026-07-02T16:37:14.796+0000] {logging_mixin.py:188} INFO - [2026-07-02T16:37:14.795+0000] {dagbag.py:545} INFO - Filling up the DagBag from /usr/local/python/3.12.1/lib/python3.12/site-packages/airflow/example_dags/example_complex.py
[2026-07-02T16:37:14.808+0000] {processor.py:840} INFO - DAG(s) 'example_complex' retrieved from /usr/local/python/3.12.1/lib/python3.12/site-packages/airflow/example_dags/example_complex.py
[2026-07-02T16:37:14.852+0000] {logging_mixin.py:188} INFO - [2026-07-02T16:37:14.852+0000] {dag.py:3089} INFO - Sync 1 DAGs
[2026-07-02T16:37:14.873+0000] {logging_mixin.py:188} INFO - [2026-07-02T16:37:14.873+0000] {dag.py:3947} INFO - Setting next_dagrun for example_complex to None, run_after=None
[2026-07-02T16:37:14.927+0000] {processor.py:183} INFO - Processing /usr/local/python/3.12.1/lib/python3.12/site-packages/airflow/example_dags/example_complex.py took 0.147 seconds
[2026-07-02T16:38:19.734+0000] {processor.py:161} INFO - Started process (PID=139336) to work on /usr/local/python/3.12.1/lib/python3.12/site-packages/airflow/example_dags/example_complex.py
[2026-07-02T16:38:19.735+0000] {processor.py:830} INFO - Processing file /usr/local/python/3.12.1/lib/python3.12/site-packages/airflow/example_dags/example_complex.py for tasks to queue
[2026-07-02T16:38:19.737+0000] {logging_mixin.py:188} INFO - [2026-07-02T16:38:19.736+0000] {dagbag.py:545} INFO - Filling up the DagBag from /usr/local/python/3.12.1/lib/python3.12/site-packages/airflow/example_dags/example_complex.py
[2026-07-02T16:38:19.744+0000] {processor.py:840} INFO - DAG(s) 'example_complex' retrieved from /usr/local/python/3.12.1/lib/python3.12/site-packages/airflow/example_dags/example_complex.py
[2026-07-02T16:38:19.766+0000] {logging_mixin.py:188} INFO - [2026-07-02T16:38:19.766+0000] {dag.py:3089} INFO - Sync 1 DAGs
[2026-07-02T16:38:19.778+0000] {logging_mixin.py:188} INFO - [2026-07-02T16:38:19.777+0000] {dag.py:3947} INFO - Setting next_dagrun for example_complex to None, run_after=None
[2026-07-02T16:38:19.801+0000] {processor.py:183} INFO - Processing /usr/local/python/3.12.1/lib/python3.12/site-packages/airflow/example_dags/example_complex.py took 0.072 seconds
[2026-07-02T16:39:10.998+0000] {processor.py:161} INFO - Started process (PID=140037) to work on /usr/local/python/3.12.1/lib/python3.12/site-packages/airflow/example_dags/example_complex.py
[2026-07-02T16:39:10.999+0000] {processor.py:830} INFO - Processing file /usr/local/python/3.12.1/lib/python3.12/site-packages/airflow/example_dags/example_complex.py for tasks to queue
[2026-07-02T16:39:11.001+0000] {logging_mixin.py:188} INFO - [2026-07-02T16:39:11.001+0000] {dagbag.py:545} INFO - Filling up the DagBag from /usr/local/python/3.12.1/lib/python3.12/site-packages/airflow/example_dags/example_complex.py
[2026-07-02T16:39:11.009+0000] {processor.py:840} INFO - DAG(s) 'example_complex' retrieved from /usr/local/python/3.12.1/lib/python3.12/site-packages/airflow/example_dags/example_complex.py
[2026-07-02T16:39:11.029+0000] {logging_mixin.py:188} INFO - [2026-07-02T16:39:11.029+0000] {dag.py:3089} INFO - Sync 1 DAGs
[2026-07-02T16:39:11.038+0000] {logging_mixin.py:188} INFO - [2026-07-02T16:39:11.038+0000] {dag.py:3947} INFO - Setting next_dagrun for example_complex to None, run_after=None
[2026-07-02T16:39:11.055+0000] {processor.py:183} INFO - Processing /usr/local/python/3.12.1/lib/python3.12/site-packages/airflow/example_dags/example_complex.py took 0.062 seconds
[2026-07-02T16:40:19.465+0000] {processor.py:161} INFO - Started process (PID=140978) to work on /usr/local/python/3.12.1/lib/python3.12/site-packages/airflow/example_dags/example_complex.py
[2026-07-02T16:40:19.466+0000] {processor.py:830} INFO - Processing file /usr/local/python/3.12.1/lib/python3.12/site-packages/airflow/example_dags/example_complex.py for tasks to queue
[2026-07-02T16:40:19.467+0000] {logging_mixin.py:188} INFO - [2026-07-02T16:40:19.467+0000] {dagbag.py:545} INFO - Filling up the DagBag from /usr/local/python/3.12.1/lib/python3.12/site-packages/airflow/example_dags/example_complex.py
[2026-07-02T16:40:19.476+0000] {processor.py:840} INFO - DAG(s) 'example_complex' retrieved from /usr/local/python/3.12.1/lib/python3.12/site-packages/airflow/example_dags/example_complex.py
[2026-07-02T16:40:19.501+0000] {logging_mixin.py:188} INFO - [2026-07-02T16:40:19.500+0000] {dag.py:3089} INFO - Sync 1 DAGs
[2026-07-02T16:40:19.516+0000] {logging_mixin.py:188} INFO - [2026-07-02T16:40:19.516+0000] {dag.py:3947} INFO - Setting next_dagrun for example_complex to None, run_after=None
[2026-07-02T16:40:19.676+0000] {processor.py:183} INFO - Processing /usr/local/python/3.12.1/lib/python3.12/site-packages/airflow/example_dags/example_complex.py took 0.216 seconds
[2026-07-02T16:41:20.140+0000] {processor.py:161} INFO - Started process (PID=141934) to work on /usr/local/python/3.12.1/lib/python3.12/site-packages/airflow/example_dags/example_complex.py
[2026-07-02T16:41:20.145+0000] {processor.py:830} INFO - Processing file /usr/local/python/3.12.1/lib/python3.12/site-packages/airflow/example_dags/example_complex.py for tasks to queue
[2026-07-02T16:41:20.149+0000] {logging_mixin.py:188} INFO - [2026-07-02T16:41:20.148+0000] {dagbag.py:545} INFO - Filling up the DagBag from /usr/local/python/3.12.1/lib/python3.12/site-packages/airflow/example_dags/example_complex.py
[2026-07-02T16:41:20.180+0000] {processor.py:840} INFO - DAG(s) 'example_complex' retrieved from /usr/local/python/3.12.1/lib/python3.12/site-packages/airflow/example_dags/example_complex.py
[2026-07-02T16:41:20.244+0000] {logging_mixin.py:188} INFO - [2026-07-02T16:41:20.241+0000] {dag.py:3089} INFO - Sync 1 DAGs
[2026-07-02T16:41:20.271+0000] {logging_mixin.py:188} INFO - [2026-07-02T16:41:20.270+0000] {dag.py:3947} INFO - Setting next_dagrun for example_complex to None, run_after=None
[2026-07-02T16:41:20.326+0000] {processor.py:183} INFO - Processing /usr/local/python/3.12.1/lib/python3.12/site-packages/airflow/example_dags/example_complex.py took 0.194 seconds
[2026-07-02T16:42:23.350+0000] {processor.py:161} INFO - Started process (PID=142903) to work on /usr/local/python/3.12.1/lib/python3.12/site-packages/airflow/example_dags/example_complex.py
[2026-07-02T16:42:23.358+0000] {processor.py:830} INFO - Processing file /usr/local/python/3.12.1/lib/python3.12/site-packages/airflow/example_dags/example_complex.py for tasks to queue
[2026-07-02T16:42:23.361+0000] {logging_mixin.py:188} INFO - [2026-07-02T16:42:23.360+0000] {dagbag.py:545} INFO - Filling up the DagBag from /usr/local/python/3.12.1/lib/python3.12/site-packages/airflow/example_dags/example_complex.py
[2026-07-02T16:42:23.388+0000] {processor.py:840} INFO - DAG(s) 'example_complex' retrieved from /usr/local/python/3.12.1/lib/python3.12/site-packages/airflow/example_dags/example_complex.py
[2026-07-02T16:42:23.458+0000] {logging_mixin.py:188} INFO - [2026-07-02T16:42:23.458+0000] {dag.py:3089} INFO - Sync 1 DAGs
[2026-07-02T16:42:23.488+0000] {logging_mixin.py:188} INFO - [2026-07-02T16:42:23.488+0000] {dag.py:3947} INFO - Setting next_dagrun for example_complex to None, run_after=None
[2026-07-02T16:42:23.541+0000] {processor.py:183} INFO - Processing /usr/local/python/3.12.1/lib/python3.12/site-packages/airflow/example_dags/example_complex.py took 0.204 seconds
[2026-07-02T16:43:36.327+0000] {processor.py:161} INFO - Started process (PID=144003) to work on /usr/local/python/3.12.1/lib/python3.12/site-packages/airflow/example_dags/example_complex.py
[2026-07-02T16:43:36.328+0000] {processor.py:830} INFO - Processing file /usr/local/python/3.12.1/lib/python3.12/site-packages/airflow/example_dags/example_complex.py for tasks to queue
[2026-07-02T16:43:36.329+0000] {logging_mixin.py:188} INFO - [2026-07-02T16:43:36.329+0000] {dagbag.py:545} INFO - Filling up the DagBag from /usr/local/python/3.12.1/lib/python3.12/site-packages/airflow/example_dags/example_complex.py
[2026-07-02T16:43:36.337+0000] {processor.py:840} INFO - DAG(s) 'example_complex' retrieved from /usr/local/python/3.12.1/lib/python3.12/site-packages/airflow/example_dags/example_complex.py
[2026-07-02T16:43:36.356+0000] {logging_mixin.py:188} INFO - [2026-07-02T16:43:36.356+0000] {dag.py:3089} INFO - Sync 1 DAGs
[2026-07-02T16:43:36.367+0000] {logging_mixin.py:188} INFO - [2026-07-02T16:43:36.366+0000] {dag.py:3947} INFO - Setting next_dagrun for example_complex to None, run_after=None
[2026-07-02T16:43:36.386+0000] {processor.py:183} INFO - Processing /usr/local/python/3.12.1/lib/python3.12/site-packages/airflow/example_dags/example_complex.py took 0.064 seconds
[2026-07-02T16:44:40.846+0000] {processor.py:161} INFO - Started process (PID=146317) to work on /usr/local/python/3.12.1/lib/python3.12/site-packages/airflow/example_dags/example_complex.py
[2026-07-02T16:44:40.849+0000] {processor.py:830} INFO - Processing file /usr/local/python/3.12.1/lib/python3.12/site-packages/airflow/example_dags/example_complex.py for tasks to queue
[2026-07-02T16:44:40.851+0000] {logging_mixin.py:188} INFO - [2026-07-02T16:44:40.851+0000] {dagbag.py:545} INFO - Filling up the DagBag from /usr/local/python/3.12.1/lib/python3.12/site-packages/airflow/example_dags/example_complex.py
[2026-07-02T16:44:40.859+0000] {processor.py:840} INFO - DAG(s) 'example_complex' retrieved from /usr/local/python/3.12.1/lib/python3.12/site-packages/airflow/example_dags/example_complex.py
[2026-07-02T16:44:40.882+0000] {logging_mixin.py:188} INFO - [2026-07-02T16:44:40.882+0000] {dag.py:3089} INFO - Sync 1 DAGs
[2026-07-02T16:44:40.895+0000] {logging_mixin.py:188} INFO - [2026-07-02T16:44:40.895+0000] {dag.py:3947} INFO - Setting next_dagrun for example_complex to None, run_after=None
[2026-07-02T16:44:40.912+0000] {processor.py:183} INFO - Processing /usr/local/python/3.12.1/lib/python3.12/site-packages/airflow/example_dags/example_complex.py took 0.071 seconds
[2026-07-02T16:46:10.167+0000] {processor.py:161} INFO - Started process (PID=149121) to work on /usr/local/python/3.12.1/lib/python3.12/site-packages/airflow/example_dags/example_complex.py
[2026-07-02T16:46:10.170+0000] {processor.py:830} INFO - Processing file /usr/local/python/3.12.1/lib/python3.12/site-packages/airflow/example_dags/example_complex.py for tasks to queue
[2026-07-02T16:46:10.172+0000] {logging_mixin.py:188} INFO - [2026-07-02T16:46:10.171+0000] {dagbag.py:545} INFO - Filling up the DagBag from /usr/local/python/3.12.1/lib/python3.12/site-packages/airflow/example_dags/example_complex.py
[2026-07-02T16:46:10.183+0000] {processor.py:840} INFO - DAG(s) 'example_complex' retrieved from /usr/local/python/3.12.1/lib/python3.12/site-packages/airflow/example_dags/example_complex.py
[2026-07-02T16:46:10.204+0000] {logging_mixin.py:188} INFO - [2026-07-02T16:46:10.204+0000] {dag.py:3089} INFO - Sync 1 DAGs
[2026-07-02T16:46:10.213+0000] {logging_mixin.py:188} INFO - [2026-07-02T16:46:10.213+0000] {dag.py:3947} INFO - Setting next_dagrun for example_complex to None, run_after=None
[2026-07-02T16:46:10.233+0000] {processor.py:183} INFO - Processing /usr/local/python/3.12.1/lib/python3.12/site-packages/airflow/example_dags/example_complex.py took 0.071 seconds
[2026-07-02T16:47:10.907+0000] {processor.py:161} INFO - Started process (PID=151367) to work on /usr/local/python/3.12.1/lib/python3.12/site-packages/airflow/example_dags/example_complex.py
[2026-07-02T16:47:10.908+0000] {processor.py:830} INFO - Processing file /usr/local/python/3.12.1/lib/python3.12/site-packages/airflow/example_dags/example_complex.py for tasks to queue
[2026-07-02T16:47:10.910+0000] {logging_mixin.py:188} INFO - [2026-07-02T16:47:10.910+0000] {dagbag.py:545} INFO - Filling up the DagBag from /usr/local/python/3.12.1/lib/python3.12/site-packages/airflow/example_dags/example_complex.py
[2026-07-02T16:47:10.921+0000] {processor.py:840} INFO - DAG(s) 'example_complex' retrieved from /usr/local/python/3.12.1/lib/python3.12/site-packages/airflow/example_dags/example_complex.py
[2026-07-02T16:47:10.949+0000] {logging_mixin.py:188} INFO - [2026-07-02T16:47:10.949+0000] {dag.py:3089} INFO - Sync 1 DAGs
[2026-07-02T16:47:10.961+0000] {logging_mixin.py:188} INFO - [2026-07-02T16:47:10.961+0000] {dag.py:3947} INFO - Setting next_dagrun for example_complex to None, run_after=None
[2026-07-02T16:47:10.995+0000] {processor.py:183} INFO - Processing /usr/local/python/3.12.1/lib/python3.12/site-packages/airflow/example_dags/example_complex.py took 0.101 seconds
