[2026-07-02T16:24:41.354+0000] {processor.py:161} INFO - Started process (PID=117934) to work on /usr/local/python/3.12.1/lib/python3.12/site-packages/airflow/example_dags/example_display_name.py
[2026-07-02T16:24:41.354+0000] {processor.py:830} INFO - Processing file /usr/local/python/3.12.1/lib/python3.12/site-packages/airflow/example_dags/example_display_name.py for tasks to queue
[2026-07-02T16:24:41.356+0000] {logging_mixin.py:188} INFO - [2026-07-02T16:24:41.355+0000] {dagbag.py:545} INFO - Filling up the DagBag from /usr/local/python/3.12.1/lib/python3.12/site-packages/airflow/example_dags/example_display_name.py
[2026-07-02T16:24:41.361+0000] {processor.py:840} INFO - DAG(s) 'example_display_name' retrieved from /usr/local/python/3.12.1/lib/python3.12/site-packages/airflow/example_dags/example_display_name.py
[2026-07-02T16:24:41.441+0000] {logging_mixin.py:188} INFO - [2026-07-02T16:24:41.440+0000] {override.py:1858} INFO - Created Permission View: can delete on DAG:example_display_name
[2026-07-02T16:24:41.449+0000] {logging_mixin.py:188} INFO - [2026-07-02T16:24:41.449+0000] {override.py:1858} INFO - Created Permission View: can read on DAG:example_display_name
[2026-07-02T16:24:41.455+0000] {logging_mixin.py:188} INFO - [2026-07-02T16:24:41.455+0000] {override.py:1858} INFO - Created Permission View: can edit on DAG:example_display_name
[2026-07-02T16:24:41.456+0000] {logging_mixin.py:188} INFO - [2026-07-02T16:24:41.456+0000] {dag.py:3089} INFO - Sync 1 DAGs
[2026-07-02T16:24:41.463+0000] {logging_mixin.py:188} INFO - [2026-07-02T16:24:41.463+0000] {dag.py:3111} INFO - Creating ORM DAG for example_display_name
[2026-07-02T16:24:41.464+0000] {logging_mixin.py:188} INFO - [2026-07-02T16:24:41.464+0000] {dag.py:3947} INFO - Setting next_dagrun for example_display_name to None, run_after=None
[2026-07-02T16:24:41.479+0000] {processor.py:183} INFO - Processing /usr/local/python/3.12.1/lib/python3.12/site-packages/airflow/example_dags/example_display_name.py took 0.130 seconds
[2026-07-02T16:25:34.457+0000] {processor.py:161} INFO - Started process (PID=118723) to work on /usr/local/python/3.12.1/lib/python3.12/site-packages/airflow/example_dags/example_display_name.py
[2026-07-02T16:25:34.468+0000] {processor.py:830} INFO - Processing file /usr/local/python/3.12.1/lib/python3.12/site-packages/airflow/example_dags/example_display_name.py for tasks to queue
[2026-07-02T16:25:34.469+0000] {logging_mixin.py:188} INFO - [2026-07-02T16:25:34.469+0000] {dagbag.py:545} INFO - Filling up the DagBag from /usr/local/python/3.12.1/lib/python3.12/site-packages/airflow/example_dags/example_display_name.py
[2026-07-02T16:25:34.474+0000] {processor.py:840} INFO - DAG(s) 'example_display_name' retrieved from /usr/local/python/3.12.1/lib/python3.12/site-packages/airflow/example_dags/example_display_name.py
[2026-07-02T16:25:34.490+0000] {logging_mixin.py:188} INFO - [2026-07-02T16:25:34.490+0000] {dag.py:3089} INFO - Sync 1 DAGs
[2026-07-02T16:25:34.501+0000] {logging_mixin.py:188} INFO - [2026-07-02T16:25:34.501+0000] {dag.py:3947} INFO - Setting next_dagrun for example_display_name to None, run_after=None
[2026-07-02T16:25:34.519+0000] {processor.py:183} INFO - Processing /usr/local/python/3.12.1/lib/python3.12/site-packages/airflow/example_dags/example_display_name.py took 0.072 seconds
[2026-07-02T16:26:49.469+0000] {processor.py:161} INFO - Started process (PID=126567) to work on /usr/local/python/3.12.1/lib/python3.12/site-packages/airflow/example_dags/example_display_name.py
[2026-07-02T16:26:49.495+0000] {processor.py:830} INFO - Processing file /usr/local/python/3.12.1/lib/python3.12/site-packages/airflow/example_dags/example_display_name.py for tasks to queue
[2026-07-02T16:26:49.500+0000] {logging_mixin.py:188} INFO - [2026-07-02T16:26:49.500+0000] {dagbag.py:545} INFO - Filling up the DagBag from /usr/local/python/3.12.1/lib/python3.12/site-packages/airflow/example_dags/example_display_name.py
[2026-07-02T16:26:49.521+0000] {processor.py:840} INFO - DAG(s) 'example_display_name' retrieved from /usr/local/python/3.12.1/lib/python3.12/site-packages/airflow/example_dags/example_display_name.py
[2026-07-02T16:26:49.606+0000] {logging_mixin.py:188} INFO - [2026-07-02T16:26:49.603+0000] {dag.py:3089} INFO - Sync 1 DAGs
[2026-07-02T16:26:49.675+0000] {logging_mixin.py:188} INFO - [2026-07-02T16:26:49.675+0000] {dag.py:3947} INFO - Setting next_dagrun for example_display_name to None, run_after=None
[2026-07-02T16:26:49.889+0000] {processor.py:183} INFO - Processing /usr/local/python/3.12.1/lib/python3.12/site-packages/airflow/example_dags/example_display_name.py took 0.436 seconds
[2026-07-02T16:28:02.591+0000] {processor.py:161} INFO - Started process (PID=128753) to work on /usr/local/python/3.12.1/lib/python3.12/site-packages/airflow/example_dags/example_display_name.py
[2026-07-02T16:28:02.593+0000] {processor.py:830} INFO - Processing file /usr/local/python/3.12.1/lib/python3.12/site-packages/airflow/example_dags/example_display_name.py for tasks to queue
[2026-07-02T16:28:02.595+0000] {logging_mixin.py:188} INFO - [2026-07-02T16:28:02.595+0000] {dagbag.py:545} INFO - Filling up the DagBag from /usr/local/python/3.12.1/lib/python3.12/site-packages/airflow/example_dags/example_display_name.py
[2026-07-02T16:28:02.603+0000] {processor.py:840} INFO - DAG(s) 'example_display_name' retrieved from /usr/local/python/3.12.1/lib/python3.12/site-packages/airflow/example_dags/example_display_name.py
[2026-07-02T16:28:02.618+0000] {logging_mixin.py:188} INFO - [2026-07-02T16:28:02.617+0000] {dag.py:3089} INFO - Sync 1 DAGs
[2026-07-02T16:28:02.627+0000] {logging_mixin.py:188} INFO - [2026-07-02T16:28:02.626+0000] {dag.py:3947} INFO - Setting next_dagrun for example_display_name to None, run_after=None
[2026-07-02T16:28:02.644+0000] {processor.py:183} INFO - Processing /usr/local/python/3.12.1/lib/python3.12/site-packages/airflow/example_dags/example_display_name.py took 0.059 seconds
[2026-07-02T16:29:02.352+0000] {processor.py:161} INFO - Started process (PID=129622) to work on /usr/local/python/3.12.1/lib/python3.12/site-packages/airflow/example_dags/example_display_name.py
[2026-07-02T16:29:02.355+0000] {processor.py:830} INFO - Processing file /usr/local/python/3.12.1/lib/python3.12/site-packages/airflow/example_dags/example_display_name.py for tasks to queue
[2026-07-02T16:29:02.357+0000] {logging_mixin.py:188} INFO - [2026-07-02T16:29:02.356+0000] {dagbag.py:545} INFO - Filling up the DagBag from /usr/local/python/3.12.1/lib/python3.12/site-packages/airflow/example_dags/example_display_name.py
[2026-07-02T16:29:02.363+0000] {processor.py:840} INFO - DAG(s) 'example_display_name' retrieved from /usr/local/python/3.12.1/lib/python3.12/site-packages/airflow/example_dags/example_display_name.py
[2026-07-02T16:29:02.414+0000] {logging_mixin.py:188} INFO - [2026-07-02T16:29:02.414+0000] {dag.py:3089} INFO - Sync 1 DAGs
[2026-07-02T16:29:02.455+0000] {logging_mixin.py:188} INFO - [2026-07-02T16:29:02.454+0000] {dag.py:3947} INFO - Setting next_dagrun for example_display_name to None, run_after=None
[2026-07-02T16:29:02.613+0000] {processor.py:183} INFO - Processing /usr/local/python/3.12.1/lib/python3.12/site-packages/airflow/example_dags/example_display_name.py took 0.268 seconds
[2026-07-02T16:30:02.213+0000] {processor.py:161} INFO - Started process (PID=130273) to work on /usr/local/python/3.12.1/lib/python3.12/site-packages/airflow/example_dags/example_display_name.py
[2026-07-02T16:30:02.215+0000] {processor.py:830} INFO - Processing file /usr/local/python/3.12.1/lib/python3.12/site-packages/airflow/example_dags/example_display_name.py for tasks to queue
[2026-07-02T16:30:02.217+0000] {logging_mixin.py:188} INFO - [2026-07-02T16:30:02.216+0000] {dagbag.py:545} INFO - Filling up the DagBag from /usr/local/python/3.12.1/lib/python3.12/site-packages/airflow/example_dags/example_display_name.py
[2026-07-02T16:30:02.224+0000] {processor.py:840} INFO - DAG(s) 'example_display_name' retrieved from /usr/local/python/3.12.1/lib/python3.12/site-packages/airflow/example_dags/example_display_name.py
[2026-07-02T16:30:02.249+0000] {logging_mixin.py:188} INFO - [2026-07-02T16:30:02.248+0000] {dag.py:3089} INFO - Sync 1 DAGs
[2026-07-02T16:30:02.264+0000] {logging_mixin.py:188} INFO - [2026-07-02T16:30:02.264+0000] {dag.py:3947} INFO - Setting next_dagrun for example_display_name to None, run_after=None
[2026-07-02T16:30:02.292+0000] {processor.py:183} INFO - Processing /usr/local/python/3.12.1/lib/python3.12/site-packages/airflow/example_dags/example_display_name.py took 0.087 seconds
[2026-07-02T16:30:56.099+0000] {processor.py:161} INFO - Started process (PID=130874) to work on /usr/local/python/3.12.1/lib/python3.12/site-packages/airflow/example_dags/example_display_name.py
[2026-07-02T16:30:56.102+0000] {processor.py:830} INFO - Processing file /usr/local/python/3.12.1/lib/python3.12/site-packages/airflow/example_dags/example_display_name.py for tasks to queue
[2026-07-02T16:30:56.104+0000] {logging_mixin.py:188} INFO - [2026-07-02T16:30:56.104+0000] {dagbag.py:545} INFO - Filling up the DagBag from /usr/local/python/3.12.1/lib/python3.12/site-packages/airflow/example_dags/example_display_name.py
[2026-07-02T16:30:56.114+0000] {processor.py:840} INFO - DAG(s) 'example_display_name' retrieved from /usr/local/python/3.12.1/lib/python3.12/site-packages/airflow/example_dags/example_display_name.py
[2026-07-02T16:30:56.133+0000] {logging_mixin.py:188} INFO - [2026-07-02T16:30:56.132+0000] {dag.py:3089} INFO - Sync 1 DAGs
[2026-07-02T16:30:56.154+0000] {logging_mixin.py:188} INFO - [2026-07-02T16:30:56.153+0000] {dag.py:3947} INFO - Setting next_dagrun for example_display_name to None, run_after=None
[2026-07-02T16:30:56.182+0000] {processor.py:183} INFO - Processing /usr/local/python/3.12.1/lib/python3.12/site-packages/airflow/example_dags/example_display_name.py took 0.090 seconds
[2026-07-02T16:31:50.529+0000] {processor.py:161} INFO - Started process (PID=131449) to work on /usr/local/python/3.12.1/lib/python3.12/site-packages/airflow/example_dags/example_display_name.py
[2026-07-02T16:31:50.530+0000] {processor.py:830} INFO - Processing file /usr/local/python/3.12.1/lib/python3.12/site-packages/airflow/example_dags/example_display_name.py for tasks to queue
[2026-07-02T16:31:50.531+0000] {logging_mixin.py:188} INFO - [2026-07-02T16:31:50.531+0000] {dagbag.py:545} INFO - Filling up the DagBag from /usr/local/python/3.12.1/lib/python3.12/site-packages/airflow/example_dags/example_display_name.py
[2026-07-02T16:31:50.536+0000] {processor.py:840} INFO - DAG(s) 'example_display_name' retrieved from /usr/local/python/3.12.1/lib/python3.12/site-packages/airflow/example_dags/example_display_name.py
[2026-07-02T16:31:50.548+0000] {logging_mixin.py:188} INFO - [2026-07-02T16:31:50.548+0000] {dag.py:3089} INFO - Sync 1 DAGs
[2026-07-02T16:31:50.557+0000] {logging_mixin.py:188} INFO - [2026-07-02T16:31:50.557+0000] {dag.py:3947} INFO - Setting next_dagrun for example_display_name to None, run_after=None
[2026-07-02T16:31:50.574+0000] {processor.py:183} INFO - Processing /usr/local/python/3.12.1/lib/python3.12/site-packages/airflow/example_dags/example_display_name.py took 0.050 seconds
[2026-07-02T16:33:03.482+0000] {processor.py:161} INFO - Started process (PID=133423) to work on /usr/local/python/3.12.1/lib/python3.12/site-packages/airflow/example_dags/example_display_name.py
[2026-07-02T16:33:03.483+0000] {processor.py:830} INFO - Processing file /usr/local/python/3.12.1/lib/python3.12/site-packages/airflow/example_dags/example_display_name.py for tasks to queue
[2026-07-02T16:33:03.485+0000] {logging_mixin.py:188} INFO - [2026-07-02T16:33:03.484+0000] {dagbag.py:545} INFO - Filling up the DagBag from /usr/local/python/3.12.1/lib/python3.12/site-packages/airflow/example_dags/example_display_name.py
[2026-07-02T16:33:03.491+0000] {processor.py:840} INFO - DAG(s) 'example_display_name' retrieved from /usr/local/python/3.12.1/lib/python3.12/site-packages/airflow/example_dags/example_display_name.py
[2026-07-02T16:33:03.504+0000] {logging_mixin.py:188} INFO - [2026-07-02T16:33:03.504+0000] {dag.py:3089} INFO - Sync 1 DAGs
[2026-07-02T16:33:03.513+0000] {logging_mixin.py:188} INFO - [2026-07-02T16:33:03.513+0000] {dag.py:3947} INFO - Setting next_dagrun for example_display_name to None, run_after=None
[2026-07-02T16:33:03.529+0000] {processor.py:183} INFO - Processing /usr/local/python/3.12.1/lib/python3.12/site-packages/airflow/example_dags/example_display_name.py took 0.052 seconds
[2026-07-02T16:34:16.696+0000] {processor.py:161} INFO - Started process (PID=134325) to work on /usr/local/python/3.12.1/lib/python3.12/site-packages/airflow/example_dags/example_display_name.py
[2026-07-02T16:34:16.705+0000] {processor.py:830} INFO - Processing file /usr/local/python/3.12.1/lib/python3.12/site-packages/airflow/example_dags/example_display_name.py for tasks to queue
[2026-07-02T16:34:16.709+0000] {logging_mixin.py:188} INFO - [2026-07-02T16:34:16.708+0000] {dagbag.py:545} INFO - Filling up the DagBag from /usr/local/python/3.12.1/lib/python3.12/site-packages/airflow/example_dags/example_display_name.py
[2026-07-02T16:34:16.732+0000] {processor.py:840} INFO - DAG(s) 'example_display_name' retrieved from /usr/local/python/3.12.1/lib/python3.12/site-packages/airflow/example_dags/example_display_name.py
[2026-07-02T16:34:16.847+0000] {logging_mixin.py:188} INFO - [2026-07-02T16:34:16.846+0000] {dag.py:3089} INFO - Sync 1 DAGs
[2026-07-02T16:34:16.856+0000] {logging_mixin.py:188} INFO - [2026-07-02T16:34:16.856+0000] {dag.py:3947} INFO - Setting next_dagrun for example_display_name to None, run_after=None
[2026-07-02T16:34:16.941+0000] {processor.py:183} INFO - Processing /usr/local/python/3.12.1/lib/python3.12/site-packages/airflow/example_dags/example_display_name.py took 0.280 seconds
[2026-07-02T16:35:08.350+0000] {processor.py:161} INFO - Started process (PID=134993) to work on /usr/local/python/3.12.1/lib/python3.12/site-packages/airflow/example_dags/example_display_name.py
[2026-07-02T16:35:08.352+0000] {processor.py:830} INFO - Processing file /usr/local/python/3.12.1/lib/python3.12/site-packages/airflow/example_dags/example_display_name.py for tasks to queue
[2026-07-02T16:35:08.355+0000] {logging_mixin.py:188} INFO - [2026-07-02T16:35:08.354+0000] {dagbag.py:545} INFO - Filling up the DagBag from /usr/local/python/3.12.1/lib/python3.12/site-packages/airflow/example_dags/example_display_name.py
[2026-07-02T16:35:08.384+0000] {processor.py:840} INFO - DAG(s) 'example_display_name' retrieved from /usr/local/python/3.12.1/lib/python3.12/site-packages/airflow/example_dags/example_display_name.py
[2026-07-02T16:35:08.404+0000] {logging_mixin.py:188} INFO - [2026-07-02T16:35:08.404+0000] {dag.py:3089} INFO - Sync 1 DAGs
[2026-07-02T16:35:08.430+0000] {logging_mixin.py:188} INFO - [2026-07-02T16:35:08.428+0000] {dag.py:3947} INFO - Setting next_dagrun for example_display_name to None, run_after=None
[2026-07-02T16:35:08.506+0000] {processor.py:183} INFO - Processing /usr/local/python/3.12.1/lib/python3.12/site-packages/airflow/example_dags/example_display_name.py took 0.162 seconds
[2026-07-02T16:36:03.445+0000] {processor.py:161} INFO - Started process (PID=136476) to work on /usr/local/python/3.12.1/lib/python3.12/site-packages/airflow/example_dags/example_display_name.py
[2026-07-02T16:36:03.446+0000] {processor.py:830} INFO - Processing file /usr/local/python/3.12.1/lib/python3.12/site-packages/airflow/example_dags/example_display_name.py for tasks to queue
[2026-07-02T16:36:03.448+0000] {logging_mixin.py:188} INFO - [2026-07-02T16:36:03.447+0000] {dagbag.py:545} INFO - Filling up the DagBag from /usr/local/python/3.12.1/lib/python3.12/site-packages/airflow/example_dags/example_display_name.py
[2026-07-02T16:36:03.452+0000] {processor.py:840} INFO - DAG(s) 'example_display_name' retrieved from /usr/local/python/3.12.1/lib/python3.12/site-packages/airflow/example_dags/example_display_name.py
[2026-07-02T16:36:03.464+0000] {logging_mixin.py:188} INFO - [2026-07-02T16:36:03.464+0000] {dag.py:3089} INFO - Sync 1 DAGs
[2026-07-02T16:36:03.473+0000] {logging_mixin.py:188} INFO - [2026-07-02T16:36:03.473+0000] {dag.py:3947} INFO - Setting next_dagrun for example_display_name to None, run_after=None
[2026-07-02T16:36:03.493+0000] {processor.py:183} INFO - Processing /usr/local/python/3.12.1/lib/python3.12/site-packages/airflow/example_dags/example_display_name.py took 0.053 seconds
[2026-07-02T16:36:56.693+0000] {processor.py:161} INFO - Started process (PID=137147) to work on /usr/local/python/3.12.1/lib/python3.12/site-packages/airflow/example_dags/example_display_name.py
[2026-07-02T16:36:56.696+0000] {processor.py:830} INFO - Processing file /usr/local/python/3.12.1/lib/python3.12/site-packages/airflow/example_dags/example_display_name.py for tasks to queue
[2026-07-02T16:36:56.700+0000] {logging_mixin.py:188} INFO - [2026-07-02T16:36:56.700+0000] {dagbag.py:545} INFO - Filling up the DagBag from /usr/local/python/3.12.1/lib/python3.12/site-packages/airflow/example_dags/example_display_name.py
[2026-07-02T16:36:56.712+0000] {processor.py:840} INFO - DAG(s) 'example_display_name' retrieved from /usr/local/python/3.12.1/lib/python3.12/site-packages/airflow/example_dags/example_display_name.py
[2026-07-02T16:36:56.745+0000] {logging_mixin.py:188} INFO - [2026-07-02T16:36:56.741+0000] {dag.py:3089} INFO - Sync 1 DAGs
[2026-07-02T16:36:56.777+0000] {logging_mixin.py:188} INFO - [2026-07-02T16:36:56.777+0000] {dag.py:3947} INFO - Setting next_dagrun for example_display_name to None, run_after=None
[2026-07-02T16:36:56.818+0000] {processor.py:183} INFO - Processing /usr/local/python/3.12.1/lib/python3.12/site-packages/airflow/example_dags/example_display_name.py took 0.136 seconds
[2026-07-02T16:38:02.992+0000] {processor.py:161} INFO - Started process (PID=138715) to work on /usr/local/python/3.12.1/lib/python3.12/site-packages/airflow/example_dags/example_display_name.py
[2026-07-02T16:38:02.993+0000] {processor.py:830} INFO - Processing file /usr/local/python/3.12.1/lib/python3.12/site-packages/airflow/example_dags/example_display_name.py for tasks to queue
[2026-07-02T16:38:02.995+0000] {logging_mixin.py:188} INFO - [2026-07-02T16:38:02.995+0000] {dagbag.py:545} INFO - Filling up the DagBag from /usr/local/python/3.12.1/lib/python3.12/site-packages/airflow/example_dags/example_display_name.py
[2026-07-02T16:38:03.000+0000] {processor.py:840} INFO - DAG(s) 'example_display_name' retrieved from /usr/local/python/3.12.1/lib/python3.12/site-packages/airflow/example_dags/example_display_name.py
[2026-07-02T16:38:03.013+0000] {logging_mixin.py:188} INFO - [2026-07-02T16:38:03.013+0000] {dag.py:3089} INFO - Sync 1 DAGs
[2026-07-02T16:38:03.023+0000] {logging_mixin.py:188} INFO - [2026-07-02T16:38:03.022+0000] {dag.py:3947} INFO - Setting next_dagrun for example_display_name to None, run_after=None
[2026-07-02T16:38:03.041+0000] {processor.py:183} INFO - Processing /usr/local/python/3.12.1/lib/python3.12/site-packages/airflow/example_dags/example_display_name.py took 0.056 seconds
[2026-07-02T16:39:09.759+0000] {processor.py:161} INFO - Started process (PID=140027) to work on /usr/local/python/3.12.1/lib/python3.12/site-packages/airflow/example_dags/example_display_name.py
[2026-07-02T16:39:09.761+0000] {processor.py:830} INFO - Processing file /usr/local/python/3.12.1/lib/python3.12/site-packages/airflow/example_dags/example_display_name.py for tasks to queue
[2026-07-02T16:39:09.765+0000] {logging_mixin.py:188} INFO - [2026-07-02T16:39:09.762+0000] {dagbag.py:545} INFO - Filling up the DagBag from /usr/local/python/3.12.1/lib/python3.12/site-packages/airflow/example_dags/example_display_name.py
[2026-07-02T16:39:09.771+0000] {processor.py:840} INFO - DAG(s) 'example_display_name' retrieved from /usr/local/python/3.12.1/lib/python3.12/site-packages/airflow/example_dags/example_display_name.py
[2026-07-02T16:39:09.789+0000] {logging_mixin.py:188} INFO - [2026-07-02T16:39:09.788+0000] {dag.py:3089} INFO - Sync 1 DAGs
[2026-07-02T16:39:09.802+0000] {logging_mixin.py:188} INFO - [2026-07-02T16:39:09.802+0000] {dag.py:3947} INFO - Setting next_dagrun for example_display_name to None, run_after=None
[2026-07-02T16:39:09.824+0000] {processor.py:183} INFO - Processing /usr/local/python/3.12.1/lib/python3.12/site-packages/airflow/example_dags/example_display_name.py took 0.074 seconds
[2026-07-02T16:40:17.472+0000] {processor.py:161} INFO - Started process (PID=140939) to work on /usr/local/python/3.12.1/lib/python3.12/site-packages/airflow/example_dags/example_display_name.py
[2026-07-02T16:40:17.476+0000] {processor.py:830} INFO - Processing file /usr/local/python/3.12.1/lib/python3.12/site-packages/airflow/example_dags/example_display_name.py for tasks to queue
[2026-07-02T16:40:17.479+0000] {logging_mixin.py:188} INFO - [2026-07-02T16:40:17.479+0000] {dagbag.py:545} INFO - Filling up the DagBag from /usr/local/python/3.12.1/lib/python3.12/site-packages/airflow/example_dags/example_display_name.py
[2026-07-02T16:40:17.493+0000] {processor.py:840} INFO - DAG(s) 'example_display_name' retrieved from /usr/local/python/3.12.1/lib/python3.12/site-packages/airflow/example_dags/example_display_name.py
[2026-07-02T16:40:17.532+0000] {logging_mixin.py:188} INFO - [2026-07-02T16:40:17.532+0000] {dag.py:3089} INFO - Sync 1 DAGs
[2026-07-02T16:40:17.565+0000] {logging_mixin.py:188} INFO - [2026-07-02T16:40:17.565+0000] {dag.py:3947} INFO - Setting next_dagrun for example_display_name to None, run_after=None
[2026-07-02T16:40:17.682+0000] {processor.py:183} INFO - Processing /usr/local/python/3.12.1/lib/python3.12/site-packages/airflow/example_dags/example_display_name.py took 0.224 seconds
[2026-07-02T16:41:15.360+0000] {processor.py:161} INFO - Started process (PID=141895) to work on /usr/local/python/3.12.1/lib/python3.12/site-packages/airflow/example_dags/example_display_name.py
[2026-07-02T16:41:15.361+0000] {processor.py:830} INFO - Processing file /usr/local/python/3.12.1/lib/python3.12/site-packages/airflow/example_dags/example_display_name.py for tasks to queue
[2026-07-02T16:41:15.363+0000] {logging_mixin.py:188} INFO - [2026-07-02T16:41:15.362+0000] {dagbag.py:545} INFO - Filling up the DagBag from /usr/local/python/3.12.1/lib/python3.12/site-packages/airflow/example_dags/example_display_name.py
[2026-07-02T16:41:15.369+0000] {processor.py:840} INFO - DAG(s) 'example_display_name' retrieved from /usr/local/python/3.12.1/lib/python3.12/site-packages/airflow/example_dags/example_display_name.py
[2026-07-02T16:41:15.387+0000] {logging_mixin.py:188} INFO - [2026-07-02T16:41:15.387+0000] {dag.py:3089} INFO - Sync 1 DAGs
[2026-07-02T16:41:15.400+0000] {logging_mixin.py:188} INFO - [2026-07-02T16:41:15.400+0000] {dag.py:3947} INFO - Setting next_dagrun for example_display_name to None, run_after=None
[2026-07-02T16:41:15.419+0000] {processor.py:183} INFO - Processing /usr/local/python/3.12.1/lib/python3.12/site-packages/airflow/example_dags/example_display_name.py took 0.065 seconds
[2026-07-02T16:42:15.351+0000] {processor.py:161} INFO - Started process (PID=142769) to work on /usr/local/python/3.12.1/lib/python3.12/site-packages/airflow/example_dags/example_display_name.py
[2026-07-02T16:42:15.411+0000] {processor.py:830} INFO - Processing file /usr/local/python/3.12.1/lib/python3.12/site-packages/airflow/example_dags/example_display_name.py for tasks to queue
[2026-07-02T16:42:15.416+0000] {logging_mixin.py:188} INFO - [2026-07-02T16:42:15.415+0000] {dagbag.py:545} INFO - Filling up the DagBag from /usr/local/python/3.12.1/lib/python3.12/site-packages/airflow/example_dags/example_display_name.py
[2026-07-02T16:42:15.439+0000] {processor.py:840} INFO - DAG(s) 'example_display_name' retrieved from /usr/local/python/3.12.1/lib/python3.12/site-packages/airflow/example_dags/example_display_name.py
[2026-07-02T16:42:15.540+0000] {logging_mixin.py:188} INFO - [2026-07-02T16:42:15.539+0000] {dag.py:3089} INFO - Sync 1 DAGs
[2026-07-02T16:42:15.552+0000] {logging_mixin.py:188} INFO - [2026-07-02T16:42:15.552+0000] {dag.py:3947} INFO - Setting next_dagrun for example_display_name to None, run_after=None
[2026-07-02T16:42:15.632+0000] {processor.py:183} INFO - Processing /usr/local/python/3.12.1/lib/python3.12/site-packages/airflow/example_dags/example_display_name.py took 0.301 seconds
[2026-07-02T16:43:32.688+0000] {processor.py:161} INFO - Started process (PID=143966) to work on /usr/local/python/3.12.1/lib/python3.12/site-packages/airflow/example_dags/example_display_name.py
[2026-07-02T16:43:32.694+0000] {processor.py:830} INFO - Processing file /usr/local/python/3.12.1/lib/python3.12/site-packages/airflow/example_dags/example_display_name.py for tasks to queue
[2026-07-02T16:43:32.700+0000] {logging_mixin.py:188} INFO - [2026-07-02T16:43:32.698+0000] {dagbag.py:545} INFO - Filling up the DagBag from /usr/local/python/3.12.1/lib/python3.12/site-packages/airflow/example_dags/example_display_name.py
[2026-07-02T16:43:32.712+0000] {processor.py:840} INFO - DAG(s) 'example_display_name' retrieved from /usr/local/python/3.12.1/lib/python3.12/site-packages/airflow/example_dags/example_display_name.py
[2026-07-02T16:43:32.748+0000] {logging_mixin.py:188} INFO - [2026-07-02T16:43:32.748+0000] {dag.py:3089} INFO - Sync 1 DAGs
[2026-07-02T16:43:32.781+0000] {logging_mixin.py:188} INFO - [2026-07-02T16:43:32.780+0000] {dag.py:3947} INFO - Setting next_dagrun for example_display_name to None, run_after=None
[2026-07-02T16:43:32.857+0000] {processor.py:183} INFO - Processing /usr/local/python/3.12.1/lib/python3.12/site-packages/airflow/example_dags/example_display_name.py took 0.182 seconds
[2026-07-02T16:44:35.848+0000] {processor.py:161} INFO - Started process (PID=146259) to work on /usr/local/python/3.12.1/lib/python3.12/site-packages/airflow/example_dags/example_display_name.py
[2026-07-02T16:44:35.852+0000] {processor.py:830} INFO - Processing file /usr/local/python/3.12.1/lib/python3.12/site-packages/airflow/example_dags/example_display_name.py for tasks to queue
[2026-07-02T16:44:35.853+0000] {logging_mixin.py:188} INFO - [2026-07-02T16:44:35.853+0000] {dagbag.py:545} INFO - Filling up the DagBag from /usr/local/python/3.12.1/lib/python3.12/site-packages/airflow/example_dags/example_display_name.py
[2026-07-02T16:44:35.858+0000] {processor.py:840} INFO - DAG(s) 'example_display_name' retrieved from /usr/local/python/3.12.1/lib/python3.12/site-packages/airflow/example_dags/example_display_name.py
[2026-07-02T16:44:35.870+0000] {logging_mixin.py:188} INFO - [2026-07-02T16:44:35.870+0000] {dag.py:3089} INFO - Sync 1 DAGs
[2026-07-02T16:44:35.883+0000] {logging_mixin.py:188} INFO - [2026-07-02T16:44:35.882+0000] {dag.py:3947} INFO - Setting next_dagrun for example_display_name to None, run_after=None
[2026-07-02T16:44:35.902+0000] {processor.py:183} INFO - Processing /usr/local/python/3.12.1/lib/python3.12/site-packages/airflow/example_dags/example_display_name.py took 0.059 seconds
[2026-07-02T16:45:45.692+0000] {processor.py:161} INFO - Started process (PID=148785) to work on /usr/local/python/3.12.1/lib/python3.12/site-packages/airflow/example_dags/example_display_name.py
[2026-07-02T16:45:45.695+0000] {processor.py:830} INFO - Processing file /usr/local/python/3.12.1/lib/python3.12/site-packages/airflow/example_dags/example_display_name.py for tasks to queue
[2026-07-02T16:45:45.697+0000] {logging_mixin.py:188} INFO - [2026-07-02T16:45:45.696+0000] {dagbag.py:545} INFO - Filling up the DagBag from /usr/local/python/3.12.1/lib/python3.12/site-packages/airflow/example_dags/example_display_name.py
[2026-07-02T16:45:45.707+0000] {processor.py:840} INFO - DAG(s) 'example_display_name' retrieved from /usr/local/python/3.12.1/lib/python3.12/site-packages/airflow/example_dags/example_display_name.py
[2026-07-02T16:45:45.733+0000] {logging_mixin.py:188} INFO - [2026-07-02T16:45:45.733+0000] {dag.py:3089} INFO - Sync 1 DAGs
[2026-07-02T16:45:45.754+0000] {logging_mixin.py:188} INFO - [2026-07-02T16:45:45.754+0000] {dag.py:3947} INFO - Setting next_dagrun for example_display_name to None, run_after=None
[2026-07-02T16:45:45.789+0000] {processor.py:183} INFO - Processing /usr/local/python/3.12.1/lib/python3.12/site-packages/airflow/example_dags/example_display_name.py took 0.104 seconds
[2026-07-02T16:46:43.514+0000] {processor.py:161} INFO - Started process (PID=150838) to work on /usr/local/python/3.12.1/lib/python3.12/site-packages/airflow/example_dags/example_display_name.py
[2026-07-02T16:46:43.517+0000] {processor.py:830} INFO - Processing file /usr/local/python/3.12.1/lib/python3.12/site-packages/airflow/example_dags/example_display_name.py for tasks to queue
[2026-07-02T16:46:43.524+0000] {logging_mixin.py:188} INFO - [2026-07-02T16:46:43.522+0000] {dagbag.py:545} INFO - Filling up the DagBag from /usr/local/python/3.12.1/lib/python3.12/site-packages/airflow/example_dags/example_display_name.py
[2026-07-02T16:46:43.545+0000] {processor.py:840} INFO - DAG(s) 'example_display_name' retrieved from /usr/local/python/3.12.1/lib/python3.12/site-packages/airflow/example_dags/example_display_name.py
[2026-07-02T16:46:43.600+0000] {logging_mixin.py:188} INFO - [2026-07-02T16:46:43.599+0000] {dag.py:3089} INFO - Sync 1 DAGs
[2026-07-02T16:46:43.638+0000] {logging_mixin.py:188} INFO - [2026-07-02T16:46:43.638+0000] {dag.py:3947} INFO - Setting next_dagrun for example_display_name to None, run_after=None
[2026-07-02T16:46:43.663+0000] {processor.py:183} INFO - Processing /usr/local/python/3.12.1/lib/python3.12/site-packages/airflow/example_dags/example_display_name.py took 0.169 seconds
