[2026-07-02T16:24:41.864+0000] {processor.py:161} INFO - Started process (PID=117956) to work on /usr/local/python/3.12.1/lib/python3.12/site-packages/airflow/example_dags/example_dynamic_task_mapping.py
[2026-07-02T16:24:41.865+0000] {processor.py:830} INFO - Processing file /usr/local/python/3.12.1/lib/python3.12/site-packages/airflow/example_dags/example_dynamic_task_mapping.py for tasks to queue
[2026-07-02T16:24:41.867+0000] {logging_mixin.py:188} INFO - [2026-07-02T16:24:41.867+0000] {dagbag.py:545} INFO - Filling up the DagBag from /usr/local/python/3.12.1/lib/python3.12/site-packages/airflow/example_dags/example_dynamic_task_mapping.py
[2026-07-02T16:24:41.877+0000] {processor.py:840} INFO - DAG(s) 'example_dynamic_task_mapping' retrieved from /usr/local/python/3.12.1/lib/python3.12/site-packages/airflow/example_dags/example_dynamic_task_mapping.py
[2026-07-02T16:24:41.959+0000] {logging_mixin.py:188} INFO - [2026-07-02T16:24:41.959+0000] {override.py:1858} INFO - Created Permission View: can delete on DAG:example_dynamic_task_mapping
[2026-07-02T16:24:41.968+0000] {logging_mixin.py:188} INFO - [2026-07-02T16:24:41.968+0000] {override.py:1858} INFO - Created Permission View: can read on DAG:example_dynamic_task_mapping
[2026-07-02T16:24:41.974+0000] {logging_mixin.py:188} INFO - [2026-07-02T16:24:41.974+0000] {override.py:1858} INFO - Created Permission View: can edit on DAG:example_dynamic_task_mapping
[2026-07-02T16:24:41.974+0000] {logging_mixin.py:188} INFO - [2026-07-02T16:24:41.974+0000] {dag.py:3089} INFO - Sync 1 DAGs
[2026-07-02T16:24:41.982+0000] {logging_mixin.py:188} INFO - [2026-07-02T16:24:41.982+0000] {dag.py:3111} INFO - Creating ORM DAG for example_dynamic_task_mapping
[2026-07-02T16:24:41.989+0000] {logging_mixin.py:188} INFO - [2026-07-02T16:24:41.989+0000] {dag.py:3947} INFO - Setting next_dagrun for example_dynamic_task_mapping to 2022-03-04 00:00:00+00:00, run_after=2022-03-05 00:00:00+00:00
[2026-07-02T16:24:42.004+0000] {processor.py:183} INFO - Processing /usr/local/python/3.12.1/lib/python3.12/site-packages/airflow/example_dags/example_dynamic_task_mapping.py took 0.147 seconds
[2026-07-02T16:25:34.700+0000] {processor.py:161} INFO - Started process (PID=118724) to work on /usr/local/python/3.12.1/lib/python3.12/site-packages/airflow/example_dags/example_dynamic_task_mapping.py
[2026-07-02T16:25:34.700+0000] {processor.py:830} INFO - Processing file /usr/local/python/3.12.1/lib/python3.12/site-packages/airflow/example_dags/example_dynamic_task_mapping.py for tasks to queue
[2026-07-02T16:25:34.702+0000] {logging_mixin.py:188} INFO - [2026-07-02T16:25:34.702+0000] {dagbag.py:545} INFO - Filling up the DagBag from /usr/local/python/3.12.1/lib/python3.12/site-packages/airflow/example_dags/example_dynamic_task_mapping.py
[2026-07-02T16:25:34.709+0000] {processor.py:840} INFO - DAG(s) 'example_dynamic_task_mapping' retrieved from /usr/local/python/3.12.1/lib/python3.12/site-packages/airflow/example_dags/example_dynamic_task_mapping.py
[2026-07-02T16:25:34.721+0000] {logging_mixin.py:188} INFO - [2026-07-02T16:25:34.721+0000] {dag.py:3089} INFO - Sync 1 DAGs
[2026-07-02T16:25:34.736+0000] {logging_mixin.py:188} INFO - [2026-07-02T16:25:34.736+0000] {dag.py:3947} INFO - Setting next_dagrun for example_dynamic_task_mapping to 2022-03-04 00:00:00+00:00, run_after=2022-03-05 00:00:00+00:00
[2026-07-02T16:25:34.752+0000] {processor.py:183} INFO - Processing /usr/local/python/3.12.1/lib/python3.12/site-packages/airflow/example_dags/example_dynamic_task_mapping.py took 0.057 seconds
[2026-07-02T16:26:50.177+0000] {processor.py:161} INFO - Started process (PID=126575) to work on /usr/local/python/3.12.1/lib/python3.12/site-packages/airflow/example_dags/example_dynamic_task_mapping.py
[2026-07-02T16:26:50.188+0000] {processor.py:830} INFO - Processing file /usr/local/python/3.12.1/lib/python3.12/site-packages/airflow/example_dags/example_dynamic_task_mapping.py for tasks to queue
[2026-07-02T16:26:50.195+0000] {logging_mixin.py:188} INFO - [2026-07-02T16:26:50.194+0000] {dagbag.py:545} INFO - Filling up the DagBag from /usr/local/python/3.12.1/lib/python3.12/site-packages/airflow/example_dags/example_dynamic_task_mapping.py
[2026-07-02T16:26:50.226+0000] {processor.py:840} INFO - DAG(s) 'example_dynamic_task_mapping' retrieved from /usr/local/python/3.12.1/lib/python3.12/site-packages/airflow/example_dags/example_dynamic_task_mapping.py
[2026-07-02T16:26:50.286+0000] {logging_mixin.py:188} INFO - [2026-07-02T16:26:50.286+0000] {dag.py:3089} INFO - Sync 1 DAGs
[2026-07-02T16:26:50.384+0000] {logging_mixin.py:188} INFO - [2026-07-02T16:26:50.383+0000] {dag.py:3947} INFO - Setting next_dagrun for example_dynamic_task_mapping to 2022-03-04 00:00:00+00:00, run_after=2022-03-05 00:00:00+00:00
[2026-07-02T16:26:50.481+0000] {processor.py:183} INFO - Processing /usr/local/python/3.12.1/lib/python3.12/site-packages/airflow/example_dags/example_dynamic_task_mapping.py took 0.323 seconds
[2026-07-02T16:28:03.760+0000] {processor.py:161} INFO - Started process (PID=128763) to work on /usr/local/python/3.12.1/lib/python3.12/site-packages/airflow/example_dags/example_dynamic_task_mapping.py
[2026-07-02T16:28:03.764+0000] {processor.py:830} INFO - Processing file /usr/local/python/3.12.1/lib/python3.12/site-packages/airflow/example_dags/example_dynamic_task_mapping.py for tasks to queue
[2026-07-02T16:28:03.777+0000] {logging_mixin.py:188} INFO - [2026-07-02T16:28:03.776+0000] {dagbag.py:545} INFO - Filling up the DagBag from /usr/local/python/3.12.1/lib/python3.12/site-packages/airflow/example_dags/example_dynamic_task_mapping.py
[2026-07-02T16:28:03.795+0000] {processor.py:840} INFO - DAG(s) 'example_dynamic_task_mapping' retrieved from /usr/local/python/3.12.1/lib/python3.12/site-packages/airflow/example_dags/example_dynamic_task_mapping.py
[2026-07-02T16:28:03.831+0000] {logging_mixin.py:188} INFO - [2026-07-02T16:28:03.831+0000] {dag.py:3089} INFO - Sync 1 DAGs
[2026-07-02T16:28:03.863+0000] {logging_mixin.py:188} INFO - [2026-07-02T16:28:03.863+0000] {dag.py:3947} INFO - Setting next_dagrun for example_dynamic_task_mapping to 2022-03-04 00:00:00+00:00, run_after=2022-03-05 00:00:00+00:00
[2026-07-02T16:28:03.908+0000] {processor.py:183} INFO - Processing /usr/local/python/3.12.1/lib/python3.12/site-packages/airflow/example_dags/example_dynamic_task_mapping.py took 0.167 seconds
[2026-07-02T16:29:03.152+0000] {processor.py:161} INFO - Started process (PID=129629) to work on /usr/local/python/3.12.1/lib/python3.12/site-packages/airflow/example_dags/example_dynamic_task_mapping.py
[2026-07-02T16:29:03.155+0000] {processor.py:830} INFO - Processing file /usr/local/python/3.12.1/lib/python3.12/site-packages/airflow/example_dags/example_dynamic_task_mapping.py for tasks to queue
[2026-07-02T16:29:03.158+0000] {logging_mixin.py:188} INFO - [2026-07-02T16:29:03.157+0000] {dagbag.py:545} INFO - Filling up the DagBag from /usr/local/python/3.12.1/lib/python3.12/site-packages/airflow/example_dags/example_dynamic_task_mapping.py
[2026-07-02T16:29:03.172+0000] {processor.py:840} INFO - DAG(s) 'example_dynamic_task_mapping' retrieved from /usr/local/python/3.12.1/lib/python3.12/site-packages/airflow/example_dags/example_dynamic_task_mapping.py
[2026-07-02T16:29:03.211+0000] {logging_mixin.py:188} INFO - [2026-07-02T16:29:03.210+0000] {dag.py:3089} INFO - Sync 1 DAGs
[2026-07-02T16:29:03.401+0000] {logging_mixin.py:188} INFO - [2026-07-02T16:29:03.401+0000] {dag.py:3947} INFO - Setting next_dagrun for example_dynamic_task_mapping to 2022-03-04 00:00:00+00:00, run_after=2022-03-05 00:00:00+00:00
[2026-07-02T16:29:03.431+0000] {processor.py:183} INFO - Processing /usr/local/python/3.12.1/lib/python3.12/site-packages/airflow/example_dags/example_dynamic_task_mapping.py took 0.285 seconds
[2026-07-02T16:30:03.363+0000] {processor.py:161} INFO - Started process (PID=130292) to work on /usr/local/python/3.12.1/lib/python3.12/site-packages/airflow/example_dags/example_dynamic_task_mapping.py
[2026-07-02T16:30:03.365+0000] {processor.py:830} INFO - Processing file /usr/local/python/3.12.1/lib/python3.12/site-packages/airflow/example_dags/example_dynamic_task_mapping.py for tasks to queue
[2026-07-02T16:30:03.368+0000] {logging_mixin.py:188} INFO - [2026-07-02T16:30:03.367+0000] {dagbag.py:545} INFO - Filling up the DagBag from /usr/local/python/3.12.1/lib/python3.12/site-packages/airflow/example_dags/example_dynamic_task_mapping.py
[2026-07-02T16:30:03.383+0000] {processor.py:840} INFO - DAG(s) 'example_dynamic_task_mapping' retrieved from /usr/local/python/3.12.1/lib/python3.12/site-packages/airflow/example_dags/example_dynamic_task_mapping.py
[2026-07-02T16:30:03.405+0000] {logging_mixin.py:188} INFO - [2026-07-02T16:30:03.404+0000] {dag.py:3089} INFO - Sync 1 DAGs
[2026-07-02T16:30:03.432+0000] {logging_mixin.py:188} INFO - [2026-07-02T16:30:03.431+0000] {dag.py:3947} INFO - Setting next_dagrun for example_dynamic_task_mapping to 2022-03-04 00:00:00+00:00, run_after=2022-03-05 00:00:00+00:00
[2026-07-02T16:30:03.474+0000] {processor.py:183} INFO - Processing /usr/local/python/3.12.1/lib/python3.12/site-packages/airflow/example_dags/example_dynamic_task_mapping.py took 0.123 seconds
[2026-07-02T16:30:57.240+0000] {processor.py:161} INFO - Started process (PID=130894) to work on /usr/local/python/3.12.1/lib/python3.12/site-packages/airflow/example_dags/example_dynamic_task_mapping.py
[2026-07-02T16:30:57.241+0000] {processor.py:830} INFO - Processing file /usr/local/python/3.12.1/lib/python3.12/site-packages/airflow/example_dags/example_dynamic_task_mapping.py for tasks to queue
[2026-07-02T16:30:57.243+0000] {logging_mixin.py:188} INFO - [2026-07-02T16:30:57.243+0000] {dagbag.py:545} INFO - Filling up the DagBag from /usr/local/python/3.12.1/lib/python3.12/site-packages/airflow/example_dags/example_dynamic_task_mapping.py
[2026-07-02T16:30:57.249+0000] {processor.py:840} INFO - DAG(s) 'example_dynamic_task_mapping' retrieved from /usr/local/python/3.12.1/lib/python3.12/site-packages/airflow/example_dags/example_dynamic_task_mapping.py
[2026-07-02T16:30:57.262+0000] {logging_mixin.py:188} INFO - [2026-07-02T16:30:57.261+0000] {dag.py:3089} INFO - Sync 1 DAGs
[2026-07-02T16:30:57.277+0000] {logging_mixin.py:188} INFO - [2026-07-02T16:30:57.277+0000] {dag.py:3947} INFO - Setting next_dagrun for example_dynamic_task_mapping to 2022-03-04 00:00:00+00:00, run_after=2022-03-05 00:00:00+00:00
[2026-07-02T16:30:57.298+0000] {processor.py:183} INFO - Processing /usr/local/python/3.12.1/lib/python3.12/site-packages/airflow/example_dags/example_dynamic_task_mapping.py took 0.062 seconds
[2026-07-02T16:31:50.755+0000] {processor.py:161} INFO - Started process (PID=131451) to work on /usr/local/python/3.12.1/lib/python3.12/site-packages/airflow/example_dags/example_dynamic_task_mapping.py
[2026-07-02T16:31:50.756+0000] {processor.py:830} INFO - Processing file /usr/local/python/3.12.1/lib/python3.12/site-packages/airflow/example_dags/example_dynamic_task_mapping.py for tasks to queue
[2026-07-02T16:31:50.757+0000] {logging_mixin.py:188} INFO - [2026-07-02T16:31:50.757+0000] {dagbag.py:545} INFO - Filling up the DagBag from /usr/local/python/3.12.1/lib/python3.12/site-packages/airflow/example_dags/example_dynamic_task_mapping.py
[2026-07-02T16:31:50.764+0000] {processor.py:840} INFO - DAG(s) 'example_dynamic_task_mapping' retrieved from /usr/local/python/3.12.1/lib/python3.12/site-packages/airflow/example_dags/example_dynamic_task_mapping.py
[2026-07-02T16:31:50.779+0000] {logging_mixin.py:188} INFO - [2026-07-02T16:31:50.779+0000] {dag.py:3089} INFO - Sync 1 DAGs
[2026-07-02T16:31:50.799+0000] {logging_mixin.py:188} INFO - [2026-07-02T16:31:50.799+0000] {dag.py:3947} INFO - Setting next_dagrun for example_dynamic_task_mapping to 2022-03-04 00:00:00+00:00, run_after=2022-03-05 00:00:00+00:00
[2026-07-02T16:31:50.814+0000] {processor.py:183} INFO - Processing /usr/local/python/3.12.1/lib/python3.12/site-packages/airflow/example_dags/example_dynamic_task_mapping.py took 0.064 seconds
[2026-07-02T16:33:03.929+0000] {processor.py:161} INFO - Started process (PID=133424) to work on /usr/local/python/3.12.1/lib/python3.12/site-packages/airflow/example_dags/example_dynamic_task_mapping.py
[2026-07-02T16:33:03.930+0000] {processor.py:830} INFO - Processing file /usr/local/python/3.12.1/lib/python3.12/site-packages/airflow/example_dags/example_dynamic_task_mapping.py for tasks to queue
[2026-07-02T16:33:03.931+0000] {logging_mixin.py:188} INFO - [2026-07-02T16:33:03.931+0000] {dagbag.py:545} INFO - Filling up the DagBag from /usr/local/python/3.12.1/lib/python3.12/site-packages/airflow/example_dags/example_dynamic_task_mapping.py
[2026-07-02T16:33:03.937+0000] {processor.py:840} INFO - DAG(s) 'example_dynamic_task_mapping' retrieved from /usr/local/python/3.12.1/lib/python3.12/site-packages/airflow/example_dags/example_dynamic_task_mapping.py
[2026-07-02T16:33:03.949+0000] {logging_mixin.py:188} INFO - [2026-07-02T16:33:03.949+0000] {dag.py:3089} INFO - Sync 1 DAGs
[2026-07-02T16:33:03.963+0000] {logging_mixin.py:188} INFO - [2026-07-02T16:33:03.963+0000] {dag.py:3947} INFO - Setting next_dagrun for example_dynamic_task_mapping to 2022-03-04 00:00:00+00:00, run_after=2022-03-05 00:00:00+00:00
[2026-07-02T16:33:03.982+0000] {processor.py:183} INFO - Processing /usr/local/python/3.12.1/lib/python3.12/site-packages/airflow/example_dags/example_dynamic_task_mapping.py took 0.057 seconds
[2026-07-02T16:34:17.819+0000] {processor.py:161} INFO - Started process (PID=134351) to work on /usr/local/python/3.12.1/lib/python3.12/site-packages/airflow/example_dags/example_dynamic_task_mapping.py
[2026-07-02T16:34:17.823+0000] {processor.py:830} INFO - Processing file /usr/local/python/3.12.1/lib/python3.12/site-packages/airflow/example_dags/example_dynamic_task_mapping.py for tasks to queue
[2026-07-02T16:34:17.826+0000] {logging_mixin.py:188} INFO - [2026-07-02T16:34:17.825+0000] {dagbag.py:545} INFO - Filling up the DagBag from /usr/local/python/3.12.1/lib/python3.12/site-packages/airflow/example_dags/example_dynamic_task_mapping.py
[2026-07-02T16:34:17.832+0000] {processor.py:840} INFO - DAG(s) 'example_dynamic_task_mapping' retrieved from /usr/local/python/3.12.1/lib/python3.12/site-packages/airflow/example_dags/example_dynamic_task_mapping.py
[2026-07-02T16:34:17.845+0000] {logging_mixin.py:188} INFO - [2026-07-02T16:34:17.845+0000] {dag.py:3089} INFO - Sync 1 DAGs
[2026-07-02T16:34:17.874+0000] {logging_mixin.py:188} INFO - [2026-07-02T16:34:17.874+0000] {dag.py:3947} INFO - Setting next_dagrun for example_dynamic_task_mapping to 2022-03-04 00:00:00+00:00, run_after=2022-03-05 00:00:00+00:00
[2026-07-02T16:34:17.898+0000] {processor.py:183} INFO - Processing /usr/local/python/3.12.1/lib/python3.12/site-packages/airflow/example_dags/example_dynamic_task_mapping.py took 0.085 seconds
[2026-07-02T16:35:09.598+0000] {processor.py:161} INFO - Started process (PID=135001) to work on /usr/local/python/3.12.1/lib/python3.12/site-packages/airflow/example_dags/example_dynamic_task_mapping.py
[2026-07-02T16:35:09.600+0000] {processor.py:830} INFO - Processing file /usr/local/python/3.12.1/lib/python3.12/site-packages/airflow/example_dags/example_dynamic_task_mapping.py for tasks to queue
[2026-07-02T16:35:09.603+0000] {logging_mixin.py:188} INFO - [2026-07-02T16:35:09.602+0000] {dagbag.py:545} INFO - Filling up the DagBag from /usr/local/python/3.12.1/lib/python3.12/site-packages/airflow/example_dags/example_dynamic_task_mapping.py
[2026-07-02T16:35:09.615+0000] {processor.py:840} INFO - DAG(s) 'example_dynamic_task_mapping' retrieved from /usr/local/python/3.12.1/lib/python3.12/site-packages/airflow/example_dags/example_dynamic_task_mapping.py
[2026-07-02T16:35:09.637+0000] {logging_mixin.py:188} INFO - [2026-07-02T16:35:09.637+0000] {dag.py:3089} INFO - Sync 1 DAGs
[2026-07-02T16:35:09.666+0000] {logging_mixin.py:188} INFO - [2026-07-02T16:35:09.665+0000] {dag.py:3947} INFO - Setting next_dagrun for example_dynamic_task_mapping to 2022-03-04 00:00:00+00:00, run_after=2022-03-05 00:00:00+00:00
[2026-07-02T16:35:09.696+0000] {processor.py:183} INFO - Processing /usr/local/python/3.12.1/lib/python3.12/site-packages/airflow/example_dags/example_dynamic_task_mapping.py took 0.107 seconds
[2026-07-02T16:36:04.600+0000] {processor.py:161} INFO - Started process (PID=136500) to work on /usr/local/python/3.12.1/lib/python3.12/site-packages/airflow/example_dags/example_dynamic_task_mapping.py
[2026-07-02T16:36:04.601+0000] {processor.py:830} INFO - Processing file /usr/local/python/3.12.1/lib/python3.12/site-packages/airflow/example_dags/example_dynamic_task_mapping.py for tasks to queue
[2026-07-02T16:36:04.603+0000] {logging_mixin.py:188} INFO - [2026-07-02T16:36:04.603+0000] {dagbag.py:545} INFO - Filling up the DagBag from /usr/local/python/3.12.1/lib/python3.12/site-packages/airflow/example_dags/example_dynamic_task_mapping.py
[2026-07-02T16:36:04.611+0000] {processor.py:840} INFO - DAG(s) 'example_dynamic_task_mapping' retrieved from /usr/local/python/3.12.1/lib/python3.12/site-packages/airflow/example_dags/example_dynamic_task_mapping.py
[2026-07-02T16:36:04.624+0000] {logging_mixin.py:188} INFO - [2026-07-02T16:36:04.624+0000] {dag.py:3089} INFO - Sync 1 DAGs
[2026-07-02T16:36:04.642+0000] {logging_mixin.py:188} INFO - [2026-07-02T16:36:04.641+0000] {dag.py:3947} INFO - Setting next_dagrun for example_dynamic_task_mapping to 2022-03-04 00:00:00+00:00, run_after=2022-03-05 00:00:00+00:00
[2026-07-02T16:36:04.663+0000] {processor.py:183} INFO - Processing /usr/local/python/3.12.1/lib/python3.12/site-packages/airflow/example_dags/example_dynamic_task_mapping.py took 0.077 seconds
[2026-07-02T16:37:13.637+0000] {processor.py:161} INFO - Started process (PID=137350) to work on /usr/local/python/3.12.1/lib/python3.12/site-packages/airflow/example_dags/example_dynamic_task_mapping.py
[2026-07-02T16:37:13.638+0000] {processor.py:830} INFO - Processing file /usr/local/python/3.12.1/lib/python3.12/site-packages/airflow/example_dags/example_dynamic_task_mapping.py for tasks to queue
[2026-07-02T16:37:13.640+0000] {logging_mixin.py:188} INFO - [2026-07-02T16:37:13.639+0000] {dagbag.py:545} INFO - Filling up the DagBag from /usr/local/python/3.12.1/lib/python3.12/site-packages/airflow/example_dags/example_dynamic_task_mapping.py
[2026-07-02T16:37:13.645+0000] {processor.py:840} INFO - DAG(s) 'example_dynamic_task_mapping' retrieved from /usr/local/python/3.12.1/lib/python3.12/site-packages/airflow/example_dags/example_dynamic_task_mapping.py
[2026-07-02T16:37:13.657+0000] {logging_mixin.py:188} INFO - [2026-07-02T16:37:13.656+0000] {dag.py:3089} INFO - Sync 1 DAGs
[2026-07-02T16:37:13.678+0000] {logging_mixin.py:188} INFO - [2026-07-02T16:37:13.678+0000] {dag.py:3947} INFO - Setting next_dagrun for example_dynamic_task_mapping to 2022-03-04 00:00:00+00:00, run_after=2022-03-05 00:00:00+00:00
[2026-07-02T16:37:13.728+0000] {processor.py:183} INFO - Processing /usr/local/python/3.12.1/lib/python3.12/site-packages/airflow/example_dags/example_dynamic_task_mapping.py took 0.095 seconds
[2026-07-02T16:38:18.498+0000] {processor.py:161} INFO - Started process (PID=139334) to work on /usr/local/python/3.12.1/lib/python3.12/site-packages/airflow/example_dags/example_dynamic_task_mapping.py
[2026-07-02T16:38:18.501+0000] {processor.py:830} INFO - Processing file /usr/local/python/3.12.1/lib/python3.12/site-packages/airflow/example_dags/example_dynamic_task_mapping.py for tasks to queue
[2026-07-02T16:38:18.503+0000] {logging_mixin.py:188} INFO - [2026-07-02T16:38:18.503+0000] {dagbag.py:545} INFO - Filling up the DagBag from /usr/local/python/3.12.1/lib/python3.12/site-packages/airflow/example_dags/example_dynamic_task_mapping.py
[2026-07-02T16:38:18.513+0000] {processor.py:840} INFO - DAG(s) 'example_dynamic_task_mapping' retrieved from /usr/local/python/3.12.1/lib/python3.12/site-packages/airflow/example_dags/example_dynamic_task_mapping.py
[2026-07-02T16:38:18.537+0000] {logging_mixin.py:188} INFO - [2026-07-02T16:38:18.537+0000] {dag.py:3089} INFO - Sync 1 DAGs
[2026-07-02T16:38:18.564+0000] {logging_mixin.py:188} INFO - [2026-07-02T16:38:18.564+0000] {dag.py:3947} INFO - Setting next_dagrun for example_dynamic_task_mapping to 2022-03-04 00:00:00+00:00, run_after=2022-03-05 00:00:00+00:00
[2026-07-02T16:38:18.603+0000] {processor.py:183} INFO - Processing /usr/local/python/3.12.1/lib/python3.12/site-packages/airflow/example_dags/example_dynamic_task_mapping.py took 0.114 seconds
[2026-07-02T16:39:10.028+0000] {processor.py:161} INFO - Started process (PID=140032) to work on /usr/local/python/3.12.1/lib/python3.12/site-packages/airflow/example_dags/example_dynamic_task_mapping.py
[2026-07-02T16:39:10.029+0000] {processor.py:830} INFO - Processing file /usr/local/python/3.12.1/lib/python3.12/site-packages/airflow/example_dags/example_dynamic_task_mapping.py for tasks to queue
[2026-07-02T16:39:10.036+0000] {logging_mixin.py:188} INFO - [2026-07-02T16:39:10.035+0000] {dagbag.py:545} INFO - Filling up the DagBag from /usr/local/python/3.12.1/lib/python3.12/site-packages/airflow/example_dags/example_dynamic_task_mapping.py
[2026-07-02T16:39:10.052+0000] {processor.py:840} INFO - DAG(s) 'example_dynamic_task_mapping' retrieved from /usr/local/python/3.12.1/lib/python3.12/site-packages/airflow/example_dags/example_dynamic_task_mapping.py
[2026-07-02T16:39:10.089+0000] {logging_mixin.py:188} INFO - [2026-07-02T16:39:10.089+0000] {dag.py:3089} INFO - Sync 1 DAGs
[2026-07-02T16:39:10.128+0000] {logging_mixin.py:188} INFO - [2026-07-02T16:39:10.128+0000] {dag.py:3947} INFO - Setting next_dagrun for example_dynamic_task_mapping to 2022-03-04 00:00:00+00:00, run_after=2022-03-05 00:00:00+00:00
[2026-07-02T16:39:10.150+0000] {processor.py:183} INFO - Processing /usr/local/python/3.12.1/lib/python3.12/site-packages/airflow/example_dags/example_dynamic_task_mapping.py took 0.134 seconds
[2026-07-02T16:40:18.177+0000] {processor.py:161} INFO - Started process (PID=140946) to work on /usr/local/python/3.12.1/lib/python3.12/site-packages/airflow/example_dags/example_dynamic_task_mapping.py
[2026-07-02T16:40:18.180+0000] {processor.py:830} INFO - Processing file /usr/local/python/3.12.1/lib/python3.12/site-packages/airflow/example_dags/example_dynamic_task_mapping.py for tasks to queue
[2026-07-02T16:40:18.184+0000] {logging_mixin.py:188} INFO - [2026-07-02T16:40:18.183+0000] {dagbag.py:545} INFO - Filling up the DagBag from /usr/local/python/3.12.1/lib/python3.12/site-packages/airflow/example_dags/example_dynamic_task_mapping.py
[2026-07-02T16:40:18.199+0000] {processor.py:840} INFO - DAG(s) 'example_dynamic_task_mapping' retrieved from /usr/local/python/3.12.1/lib/python3.12/site-packages/airflow/example_dags/example_dynamic_task_mapping.py
[2026-07-02T16:40:18.221+0000] {logging_mixin.py:188} INFO - [2026-07-02T16:40:18.221+0000] {dag.py:3089} INFO - Sync 1 DAGs
[2026-07-02T16:40:18.249+0000] {logging_mixin.py:188} INFO - [2026-07-02T16:40:18.249+0000] {dag.py:3947} INFO - Setting next_dagrun for example_dynamic_task_mapping to 2022-03-04 00:00:00+00:00, run_after=2022-03-05 00:00:00+00:00
[2026-07-02T16:40:18.336+0000] {processor.py:183} INFO - Processing /usr/local/python/3.12.1/lib/python3.12/site-packages/airflow/example_dags/example_dynamic_task_mapping.py took 0.166 seconds
[2026-07-02T16:41:16.513+0000] {processor.py:161} INFO - Started process (PID=141898) to work on /usr/local/python/3.12.1/lib/python3.12/site-packages/airflow/example_dags/example_dynamic_task_mapping.py
[2026-07-02T16:41:16.543+0000] {processor.py:830} INFO - Processing file /usr/local/python/3.12.1/lib/python3.12/site-packages/airflow/example_dags/example_dynamic_task_mapping.py for tasks to queue
[2026-07-02T16:41:16.545+0000] {logging_mixin.py:188} INFO - [2026-07-02T16:41:16.545+0000] {dagbag.py:545} INFO - Filling up the DagBag from /usr/local/python/3.12.1/lib/python3.12/site-packages/airflow/example_dags/example_dynamic_task_mapping.py
[2026-07-02T16:41:16.555+0000] {processor.py:840} INFO - DAG(s) 'example_dynamic_task_mapping' retrieved from /usr/local/python/3.12.1/lib/python3.12/site-packages/airflow/example_dags/example_dynamic_task_mapping.py
[2026-07-02T16:41:16.573+0000] {logging_mixin.py:188} INFO - [2026-07-02T16:41:16.573+0000] {dag.py:3089} INFO - Sync 1 DAGs
[2026-07-02T16:41:16.597+0000] {logging_mixin.py:188} INFO - [2026-07-02T16:41:16.597+0000] {dag.py:3947} INFO - Setting next_dagrun for example_dynamic_task_mapping to 2022-03-04 00:00:00+00:00, run_after=2022-03-05 00:00:00+00:00
[2026-07-02T16:41:16.619+0000] {processor.py:183} INFO - Processing /usr/local/python/3.12.1/lib/python3.12/site-packages/airflow/example_dags/example_dynamic_task_mapping.py took 0.116 seconds
[2026-07-02T16:42:16.872+0000] {processor.py:161} INFO - Started process (PID=142820) to work on /usr/local/python/3.12.1/lib/python3.12/site-packages/airflow/example_dags/example_dynamic_task_mapping.py
[2026-07-02T16:42:16.917+0000] {processor.py:830} INFO - Processing file /usr/local/python/3.12.1/lib/python3.12/site-packages/airflow/example_dags/example_dynamic_task_mapping.py for tasks to queue
[2026-07-02T16:42:16.925+0000] {logging_mixin.py:188} INFO - [2026-07-02T16:42:16.924+0000] {dagbag.py:545} INFO - Filling up the DagBag from /usr/local/python/3.12.1/lib/python3.12/site-packages/airflow/example_dags/example_dynamic_task_mapping.py
[2026-07-02T16:42:16.990+0000] {processor.py:840} INFO - DAG(s) 'example_dynamic_task_mapping' retrieved from /usr/local/python/3.12.1/lib/python3.12/site-packages/airflow/example_dags/example_dynamic_task_mapping.py
[2026-07-02T16:42:17.091+0000] {logging_mixin.py:188} INFO - [2026-07-02T16:42:17.089+0000] {dag.py:3089} INFO - Sync 1 DAGs
[2026-07-02T16:42:17.134+0000] {logging_mixin.py:188} INFO - [2026-07-02T16:42:17.134+0000] {dag.py:3947} INFO - Setting next_dagrun for example_dynamic_task_mapping to 2022-03-04 00:00:00+00:00, run_after=2022-03-05 00:00:00+00:00
[2026-07-02T16:42:17.257+0000] {processor.py:183} INFO - Processing /usr/local/python/3.12.1/lib/python3.12/site-packages/airflow/example_dags/example_dynamic_task_mapping.py took 0.405 seconds
[2026-07-02T16:43:33.504+0000] {processor.py:161} INFO - Started process (PID=143979) to work on /usr/local/python/3.12.1/lib/python3.12/site-packages/airflow/example_dags/example_dynamic_task_mapping.py
[2026-07-02T16:43:33.508+0000] {processor.py:830} INFO - Processing file /usr/local/python/3.12.1/lib/python3.12/site-packages/airflow/example_dags/example_dynamic_task_mapping.py for tasks to queue
[2026-07-02T16:43:33.510+0000] {logging_mixin.py:188} INFO - [2026-07-02T16:43:33.509+0000] {dagbag.py:545} INFO - Filling up the DagBag from /usr/local/python/3.12.1/lib/python3.12/site-packages/airflow/example_dags/example_dynamic_task_mapping.py
[2026-07-02T16:43:33.517+0000] {processor.py:840} INFO - DAG(s) 'example_dynamic_task_mapping' retrieved from /usr/local/python/3.12.1/lib/python3.12/site-packages/airflow/example_dags/example_dynamic_task_mapping.py
[2026-07-02T16:43:33.532+0000] {logging_mixin.py:188} INFO - [2026-07-02T16:43:33.532+0000] {dag.py:3089} INFO - Sync 1 DAGs
[2026-07-02T16:43:33.547+0000] {logging_mixin.py:188} INFO - [2026-07-02T16:43:33.547+0000] {dag.py:3947} INFO - Setting next_dagrun for example_dynamic_task_mapping to 2022-03-04 00:00:00+00:00, run_after=2022-03-05 00:00:00+00:00
[2026-07-02T16:43:33.564+0000] {processor.py:183} INFO - Processing /usr/local/python/3.12.1/lib/python3.12/site-packages/airflow/example_dags/example_dynamic_task_mapping.py took 0.064 seconds
[2026-07-02T16:44:36.982+0000] {processor.py:161} INFO - Started process (PID=146262) to work on /usr/local/python/3.12.1/lib/python3.12/site-packages/airflow/example_dags/example_dynamic_task_mapping.py
[2026-07-02T16:44:36.986+0000] {processor.py:830} INFO - Processing file /usr/local/python/3.12.1/lib/python3.12/site-packages/airflow/example_dags/example_dynamic_task_mapping.py for tasks to queue
[2026-07-02T16:44:36.988+0000] {logging_mixin.py:188} INFO - [2026-07-02T16:44:36.988+0000] {dagbag.py:545} INFO - Filling up the DagBag from /usr/local/python/3.12.1/lib/python3.12/site-packages/airflow/example_dags/example_dynamic_task_mapping.py
[2026-07-02T16:44:36.996+0000] {processor.py:840} INFO - DAG(s) 'example_dynamic_task_mapping' retrieved from /usr/local/python/3.12.1/lib/python3.12/site-packages/airflow/example_dags/example_dynamic_task_mapping.py
[2026-07-02T16:44:37.008+0000] {logging_mixin.py:188} INFO - [2026-07-02T16:44:37.008+0000] {dag.py:3089} INFO - Sync 1 DAGs
[2026-07-02T16:44:37.024+0000] {logging_mixin.py:188} INFO - [2026-07-02T16:44:37.024+0000] {dag.py:3947} INFO - Setting next_dagrun for example_dynamic_task_mapping to 2022-03-04 00:00:00+00:00, run_after=2022-03-05 00:00:00+00:00
[2026-07-02T16:44:37.040+0000] {processor.py:183} INFO - Processing /usr/local/python/3.12.1/lib/python3.12/site-packages/airflow/example_dags/example_dynamic_task_mapping.py took 0.065 seconds
[2026-07-02T16:45:46.951+0000] {processor.py:161} INFO - Started process (PID=148787) to work on /usr/local/python/3.12.1/lib/python3.12/site-packages/airflow/example_dags/example_dynamic_task_mapping.py
[2026-07-02T16:45:46.965+0000] {processor.py:830} INFO - Processing file /usr/local/python/3.12.1/lib/python3.12/site-packages/airflow/example_dags/example_dynamic_task_mapping.py for tasks to queue
[2026-07-02T16:45:46.969+0000] {logging_mixin.py:188} INFO - [2026-07-02T16:45:46.968+0000] {dagbag.py:545} INFO - Filling up the DagBag from /usr/local/python/3.12.1/lib/python3.12/site-packages/airflow/example_dags/example_dynamic_task_mapping.py
[2026-07-02T16:45:46.982+0000] {processor.py:840} INFO - DAG(s) 'example_dynamic_task_mapping' retrieved from /usr/local/python/3.12.1/lib/python3.12/site-packages/airflow/example_dags/example_dynamic_task_mapping.py
[2026-07-02T16:45:47.002+0000] {logging_mixin.py:188} INFO - [2026-07-02T16:45:47.001+0000] {dag.py:3089} INFO - Sync 1 DAGs
[2026-07-02T16:45:47.032+0000] {logging_mixin.py:188} INFO - [2026-07-02T16:45:47.031+0000] {dag.py:3947} INFO - Setting next_dagrun for example_dynamic_task_mapping to 2022-03-04 00:00:00+00:00, run_after=2022-03-05 00:00:00+00:00
[2026-07-02T16:45:47.061+0000] {processor.py:183} INFO - Processing /usr/local/python/3.12.1/lib/python3.12/site-packages/airflow/example_dags/example_dynamic_task_mapping.py took 0.117 seconds
[2026-07-02T16:46:44.734+0000] {processor.py:161} INFO - Started process (PID=150850) to work on /usr/local/python/3.12.1/lib/python3.12/site-packages/airflow/example_dags/example_dynamic_task_mapping.py
[2026-07-02T16:46:44.735+0000] {processor.py:830} INFO - Processing file /usr/local/python/3.12.1/lib/python3.12/site-packages/airflow/example_dags/example_dynamic_task_mapping.py for tasks to queue
[2026-07-02T16:46:44.736+0000] {logging_mixin.py:188} INFO - [2026-07-02T16:46:44.736+0000] {dagbag.py:545} INFO - Filling up the DagBag from /usr/local/python/3.12.1/lib/python3.12/site-packages/airflow/example_dags/example_dynamic_task_mapping.py
[2026-07-02T16:46:44.742+0000] {processor.py:840} INFO - DAG(s) 'example_dynamic_task_mapping' retrieved from /usr/local/python/3.12.1/lib/python3.12/site-packages/airflow/example_dags/example_dynamic_task_mapping.py
[2026-07-02T16:46:44.754+0000] {logging_mixin.py:188} INFO - [2026-07-02T16:46:44.754+0000] {dag.py:3089} INFO - Sync 1 DAGs
[2026-07-02T16:46:44.769+0000] {logging_mixin.py:188} INFO - [2026-07-02T16:46:44.769+0000] {dag.py:3947} INFO - Setting next_dagrun for example_dynamic_task_mapping to 2022-03-04 00:00:00+00:00, run_after=2022-03-05 00:00:00+00:00
[2026-07-02T16:46:44.792+0000] {processor.py:183} INFO - Processing /usr/local/python/3.12.1/lib/python3.12/site-packages/airflow/example_dags/example_dynamic_task_mapping.py took 0.063 seconds
