[2026-07-02T16:24:49.472+0000] {processor.py:161} INFO - Started process (PID=118064) to work on /usr/local/python/3.12.1/lib/python3.12/site-packages/airflow/example_dags/example_branch_operator_decorator.py
[2026-07-02T16:24:49.473+0000] {processor.py:830} INFO - Processing file /usr/local/python/3.12.1/lib/python3.12/site-packages/airflow/example_dags/example_branch_operator_decorator.py for tasks to queue
[2026-07-02T16:24:49.474+0000] {logging_mixin.py:188} INFO - [2026-07-02T16:24:49.474+0000] {dagbag.py:545} INFO - Filling up the DagBag from /usr/local/python/3.12.1/lib/python3.12/site-packages/airflow/example_dags/example_branch_operator_decorator.py
[2026-07-02T16:24:49.490+0000] {processor.py:840} INFO - DAG(s) 'example_branch_python_operator_decorator' retrieved from /usr/local/python/3.12.1/lib/python3.12/site-packages/airflow/example_dags/example_branch_operator_decorator.py
[2026-07-02T16:24:49.575+0000] {logging_mixin.py:188} INFO - [2026-07-02T16:24:49.574+0000] {override.py:1858} INFO - Created Permission View: can delete on DAG:example_branch_python_operator_decorator
[2026-07-02T16:24:49.584+0000] {logging_mixin.py:188} INFO - [2026-07-02T16:24:49.584+0000] {override.py:1858} INFO - Created Permission View: can read on DAG:example_branch_python_operator_decorator
[2026-07-02T16:24:49.591+0000] {logging_mixin.py:188} INFO - [2026-07-02T16:24:49.590+0000] {override.py:1858} INFO - Created Permission View: can edit on DAG:example_branch_python_operator_decorator
[2026-07-02T16:24:49.591+0000] {logging_mixin.py:188} INFO - [2026-07-02T16:24:49.591+0000] {dag.py:3089} INFO - Sync 1 DAGs
[2026-07-02T16:24:49.599+0000] {logging_mixin.py:188} INFO - [2026-07-02T16:24:49.599+0000] {dag.py:3111} INFO - Creating ORM DAG for example_branch_python_operator_decorator
[2026-07-02T16:24:49.607+0000] {logging_mixin.py:188} INFO - [2026-07-02T16:24:49.607+0000] {dag.py:3947} INFO - Setting next_dagrun for example_branch_python_operator_decorator to 2026-07-01 00:00:00+00:00, run_after=2026-07-02 00:00:00+00:00
[2026-07-02T16:24:49.624+0000] {processor.py:183} INFO - Processing /usr/local/python/3.12.1/lib/python3.12/site-packages/airflow/example_dags/example_branch_operator_decorator.py took 0.156 seconds
[2026-07-02T16:25:58.641+0000] {processor.py:161} INFO - Started process (PID=122729) to work on /usr/local/python/3.12.1/lib/python3.12/site-packages/airflow/example_dags/example_branch_operator_decorator.py
[2026-07-02T16:25:58.645+0000] {processor.py:830} INFO - Processing file /usr/local/python/3.12.1/lib/python3.12/site-packages/airflow/example_dags/example_branch_operator_decorator.py for tasks to queue
[2026-07-02T16:25:58.649+0000] {logging_mixin.py:188} INFO - [2026-07-02T16:25:58.648+0000] {dagbag.py:545} INFO - Filling up the DagBag from /usr/local/python/3.12.1/lib/python3.12/site-packages/airflow/example_dags/example_branch_operator_decorator.py
[2026-07-02T16:25:58.696+0000] {processor.py:840} INFO - DAG(s) 'example_branch_python_operator_decorator' retrieved from /usr/local/python/3.12.1/lib/python3.12/site-packages/airflow/example_dags/example_branch_operator_decorator.py
[2026-07-02T16:25:58.794+0000] {logging_mixin.py:188} INFO - [2026-07-02T16:25:58.794+0000] {dag.py:3089} INFO - Sync 1 DAGs
[2026-07-02T16:25:58.858+0000] {logging_mixin.py:188} INFO - [2026-07-02T16:25:58.858+0000] {dag.py:3947} INFO - Setting next_dagrun for example_branch_python_operator_decorator to 2026-07-01 00:00:00+00:00, run_after=2026-07-02 00:00:00+00:00
[2026-07-02T16:25:58.922+0000] {processor.py:183} INFO - Processing /usr/local/python/3.12.1/lib/python3.12/site-packages/airflow/example_dags/example_branch_operator_decorator.py took 0.303 seconds
[2026-07-02T16:27:05.281+0000] {processor.py:161} INFO - Started process (PID=126767) to work on /usr/local/python/3.12.1/lib/python3.12/site-packages/airflow/example_dags/example_branch_operator_decorator.py
[2026-07-02T16:27:05.334+0000] {processor.py:830} INFO - Processing file /usr/local/python/3.12.1/lib/python3.12/site-packages/airflow/example_dags/example_branch_operator_decorator.py for tasks to queue
[2026-07-02T16:27:05.336+0000] {logging_mixin.py:188} INFO - [2026-07-02T16:27:05.335+0000] {dagbag.py:545} INFO - Filling up the DagBag from /usr/local/python/3.12.1/lib/python3.12/site-packages/airflow/example_dags/example_branch_operator_decorator.py
[2026-07-02T16:27:05.378+0000] {processor.py:840} INFO - DAG(s) 'example_branch_python_operator_decorator' retrieved from /usr/local/python/3.12.1/lib/python3.12/site-packages/airflow/example_dags/example_branch_operator_decorator.py
[2026-07-02T16:27:05.403+0000] {logging_mixin.py:188} INFO - [2026-07-02T16:27:05.403+0000] {dag.py:3089} INFO - Sync 1 DAGs
[2026-07-02T16:27:05.430+0000] {logging_mixin.py:188} INFO - [2026-07-02T16:27:05.429+0000] {dag.py:3947} INFO - Setting next_dagrun for example_branch_python_operator_decorator to 2026-07-01 00:00:00+00:00, run_after=2026-07-02 00:00:00+00:00
[2026-07-02T16:27:05.573+0000] {processor.py:183} INFO - Processing /usr/local/python/3.12.1/lib/python3.12/site-packages/airflow/example_dags/example_branch_operator_decorator.py took 0.298 seconds
[2026-07-02T16:28:12.441+0000] {processor.py:161} INFO - Started process (PID=128865) to work on /usr/local/python/3.12.1/lib/python3.12/site-packages/airflow/example_dags/example_branch_operator_decorator.py
[2026-07-02T16:28:12.442+0000] {processor.py:830} INFO - Processing file /usr/local/python/3.12.1/lib/python3.12/site-packages/airflow/example_dags/example_branch_operator_decorator.py for tasks to queue
[2026-07-02T16:28:12.444+0000] {logging_mixin.py:188} INFO - [2026-07-02T16:28:12.443+0000] {dagbag.py:545} INFO - Filling up the DagBag from /usr/local/python/3.12.1/lib/python3.12/site-packages/airflow/example_dags/example_branch_operator_decorator.py
[2026-07-02T16:28:12.463+0000] {processor.py:840} INFO - DAG(s) 'example_branch_python_operator_decorator' retrieved from /usr/local/python/3.12.1/lib/python3.12/site-packages/airflow/example_dags/example_branch_operator_decorator.py
[2026-07-02T16:28:12.484+0000] {logging_mixin.py:188} INFO - [2026-07-02T16:28:12.484+0000] {dag.py:3089} INFO - Sync 1 DAGs
[2026-07-02T16:28:12.504+0000] {logging_mixin.py:188} INFO - [2026-07-02T16:28:12.504+0000] {dag.py:3947} INFO - Setting next_dagrun for example_branch_python_operator_decorator to 2026-07-01 00:00:00+00:00, run_after=2026-07-02 00:00:00+00:00
[2026-07-02T16:28:12.520+0000] {processor.py:183} INFO - Processing /usr/local/python/3.12.1/lib/python3.12/site-packages/airflow/example_dags/example_branch_operator_decorator.py took 0.083 seconds
[2026-07-02T16:29:44.045+0000] {processor.py:161} INFO - Started process (PID=130025) to work on /usr/local/python/3.12.1/lib/python3.12/site-packages/airflow/example_dags/example_branch_operator_decorator.py
[2026-07-02T16:29:44.046+0000] {processor.py:830} INFO - Processing file /usr/local/python/3.12.1/lib/python3.12/site-packages/airflow/example_dags/example_branch_operator_decorator.py for tasks to queue
[2026-07-02T16:29:44.048+0000] {logging_mixin.py:188} INFO - [2026-07-02T16:29:44.047+0000] {dagbag.py:545} INFO - Filling up the DagBag from /usr/local/python/3.12.1/lib/python3.12/site-packages/airflow/example_dags/example_branch_operator_decorator.py
[2026-07-02T16:29:44.065+0000] {processor.py:840} INFO - DAG(s) 'example_branch_python_operator_decorator' retrieved from /usr/local/python/3.12.1/lib/python3.12/site-packages/airflow/example_dags/example_branch_operator_decorator.py
[2026-07-02T16:29:44.088+0000] {logging_mixin.py:188} INFO - [2026-07-02T16:29:44.088+0000] {dag.py:3089} INFO - Sync 1 DAGs
[2026-07-02T16:29:44.107+0000] {logging_mixin.py:188} INFO - [2026-07-02T16:29:44.106+0000] {dag.py:3947} INFO - Setting next_dagrun for example_branch_python_operator_decorator to 2026-07-01 00:00:00+00:00, run_after=2026-07-02 00:00:00+00:00
[2026-07-02T16:29:44.123+0000] {processor.py:183} INFO - Processing /usr/local/python/3.12.1/lib/python3.12/site-packages/airflow/example_dags/example_branch_operator_decorator.py took 0.083 seconds
[2026-07-02T16:31:01.749+0000] {processor.py:161} INFO - Started process (PID=130935) to work on /usr/local/python/3.12.1/lib/python3.12/site-packages/airflow/example_dags/example_branch_operator_decorator.py
[2026-07-02T16:31:01.750+0000] {processor.py:830} INFO - Processing file /usr/local/python/3.12.1/lib/python3.12/site-packages/airflow/example_dags/example_branch_operator_decorator.py for tasks to queue
[2026-07-02T16:31:01.751+0000] {logging_mixin.py:188} INFO - [2026-07-02T16:31:01.751+0000] {dagbag.py:545} INFO - Filling up the DagBag from /usr/local/python/3.12.1/lib/python3.12/site-packages/airflow/example_dags/example_branch_operator_decorator.py
[2026-07-02T16:31:01.768+0000] {processor.py:840} INFO - DAG(s) 'example_branch_python_operator_decorator' retrieved from /usr/local/python/3.12.1/lib/python3.12/site-packages/airflow/example_dags/example_branch_operator_decorator.py
[2026-07-02T16:31:01.792+0000] {logging_mixin.py:188} INFO - [2026-07-02T16:31:01.791+0000] {dag.py:3089} INFO - Sync 1 DAGs
[2026-07-02T16:31:01.808+0000] {logging_mixin.py:188} INFO - [2026-07-02T16:31:01.808+0000] {dag.py:3947} INFO - Setting next_dagrun for example_branch_python_operator_decorator to 2026-07-01 00:00:00+00:00, run_after=2026-07-02 00:00:00+00:00
[2026-07-02T16:31:01.825+0000] {processor.py:183} INFO - Processing /usr/local/python/3.12.1/lib/python3.12/site-packages/airflow/example_dags/example_branch_operator_decorator.py took 0.081 seconds
[2026-07-02T16:32:17.027+0000] {processor.py:161} INFO - Started process (PID=132900) to work on /usr/local/python/3.12.1/lib/python3.12/site-packages/airflow/example_dags/example_branch_operator_decorator.py
[2026-07-02T16:32:17.036+0000] {processor.py:830} INFO - Processing file /usr/local/python/3.12.1/lib/python3.12/site-packages/airflow/example_dags/example_branch_operator_decorator.py for tasks to queue
[2026-07-02T16:32:17.041+0000] {logging_mixin.py:188} INFO - [2026-07-02T16:32:17.041+0000] {dagbag.py:545} INFO - Filling up the DagBag from /usr/local/python/3.12.1/lib/python3.12/site-packages/airflow/example_dags/example_branch_operator_decorator.py
[2026-07-02T16:32:17.104+0000] {processor.py:840} INFO - DAG(s) 'example_branch_python_operator_decorator' retrieved from /usr/local/python/3.12.1/lib/python3.12/site-packages/airflow/example_dags/example_branch_operator_decorator.py
[2026-07-02T16:32:17.172+0000] {logging_mixin.py:188} INFO - [2026-07-02T16:32:17.171+0000] {dag.py:3089} INFO - Sync 1 DAGs
[2026-07-02T16:32:17.276+0000] {logging_mixin.py:188} INFO - [2026-07-02T16:32:17.274+0000] {dag.py:3947} INFO - Setting next_dagrun for example_branch_python_operator_decorator to 2026-07-01 00:00:00+00:00, run_after=2026-07-02 00:00:00+00:00
[2026-07-02T16:32:17.474+0000] {processor.py:183} INFO - Processing /usr/local/python/3.12.1/lib/python3.12/site-packages/airflow/example_dags/example_branch_operator_decorator.py took 0.475 seconds
[2026-07-02T16:33:31.277+0000] {processor.py:161} INFO - Started process (PID=133748) to work on /usr/local/python/3.12.1/lib/python3.12/site-packages/airflow/example_dags/example_branch_operator_decorator.py
[2026-07-02T16:33:31.282+0000] {processor.py:830} INFO - Processing file /usr/local/python/3.12.1/lib/python3.12/site-packages/airflow/example_dags/example_branch_operator_decorator.py for tasks to queue
[2026-07-02T16:33:31.284+0000] {logging_mixin.py:188} INFO - [2026-07-02T16:33:31.284+0000] {dagbag.py:545} INFO - Filling up the DagBag from /usr/local/python/3.12.1/lib/python3.12/site-packages/airflow/example_dags/example_branch_operator_decorator.py
[2026-07-02T16:33:31.310+0000] {processor.py:840} INFO - DAG(s) 'example_branch_python_operator_decorator' retrieved from /usr/local/python/3.12.1/lib/python3.12/site-packages/airflow/example_dags/example_branch_operator_decorator.py
[2026-07-02T16:33:31.329+0000] {logging_mixin.py:188} INFO - [2026-07-02T16:33:31.329+0000] {dag.py:3089} INFO - Sync 1 DAGs
[2026-07-02T16:33:31.344+0000] {logging_mixin.py:188} INFO - [2026-07-02T16:33:31.344+0000] {dag.py:3947} INFO - Setting next_dagrun for example_branch_python_operator_decorator to 2026-07-01 00:00:00+00:00, run_after=2026-07-02 00:00:00+00:00
[2026-07-02T16:33:31.361+0000] {processor.py:183} INFO - Processing /usr/local/python/3.12.1/lib/python3.12/site-packages/airflow/example_dags/example_branch_operator_decorator.py took 0.090 seconds
[2026-07-02T16:34:45.837+0000] {processor.py:161} INFO - Started process (PID=134684) to work on /usr/local/python/3.12.1/lib/python3.12/site-packages/airflow/example_dags/example_branch_operator_decorator.py
[2026-07-02T16:34:45.838+0000] {processor.py:830} INFO - Processing file /usr/local/python/3.12.1/lib/python3.12/site-packages/airflow/example_dags/example_branch_operator_decorator.py for tasks to queue
[2026-07-02T16:34:45.840+0000] {logging_mixin.py:188} INFO - [2026-07-02T16:34:45.839+0000] {dagbag.py:545} INFO - Filling up the DagBag from /usr/local/python/3.12.1/lib/python3.12/site-packages/airflow/example_dags/example_branch_operator_decorator.py
[2026-07-02T16:34:45.856+0000] {processor.py:840} INFO - DAG(s) 'example_branch_python_operator_decorator' retrieved from /usr/local/python/3.12.1/lib/python3.12/site-packages/airflow/example_dags/example_branch_operator_decorator.py
[2026-07-02T16:34:45.874+0000] {logging_mixin.py:188} INFO - [2026-07-02T16:34:45.874+0000] {dag.py:3089} INFO - Sync 1 DAGs
[2026-07-02T16:34:45.896+0000] {logging_mixin.py:188} INFO - [2026-07-02T16:34:45.895+0000] {dag.py:3947} INFO - Setting next_dagrun for example_branch_python_operator_decorator to 2026-07-01 00:00:00+00:00, run_after=2026-07-02 00:00:00+00:00
[2026-07-02T16:34:45.912+0000] {processor.py:183} INFO - Processing /usr/local/python/3.12.1/lib/python3.12/site-packages/airflow/example_dags/example_branch_operator_decorator.py took 0.079 seconds
[2026-07-02T16:36:08.588+0000] {processor.py:161} INFO - Started process (PID=136523) to work on /usr/local/python/3.12.1/lib/python3.12/site-packages/airflow/example_dags/example_branch_operator_decorator.py
[2026-07-02T16:36:08.589+0000] {processor.py:830} INFO - Processing file /usr/local/python/3.12.1/lib/python3.12/site-packages/airflow/example_dags/example_branch_operator_decorator.py for tasks to queue
[2026-07-02T16:36:08.591+0000] {logging_mixin.py:188} INFO - [2026-07-02T16:36:08.591+0000] {dagbag.py:545} INFO - Filling up the DagBag from /usr/local/python/3.12.1/lib/python3.12/site-packages/airflow/example_dags/example_branch_operator_decorator.py
[2026-07-02T16:36:08.610+0000] {processor.py:840} INFO - DAG(s) 'example_branch_python_operator_decorator' retrieved from /usr/local/python/3.12.1/lib/python3.12/site-packages/airflow/example_dags/example_branch_operator_decorator.py
[2026-07-02T16:36:08.631+0000] {logging_mixin.py:188} INFO - [2026-07-02T16:36:08.631+0000] {dag.py:3089} INFO - Sync 1 DAGs
[2026-07-02T16:36:08.647+0000] {logging_mixin.py:188} INFO - [2026-07-02T16:36:08.647+0000] {dag.py:3947} INFO - Setting next_dagrun for example_branch_python_operator_decorator to 2026-07-01 00:00:00+00:00, run_after=2026-07-02 00:00:00+00:00
[2026-07-02T16:36:08.664+0000] {processor.py:183} INFO - Processing /usr/local/python/3.12.1/lib/python3.12/site-packages/airflow/example_dags/example_branch_operator_decorator.py took 0.083 seconds
[2026-07-02T16:37:17.544+0000] {processor.py:161} INFO - Started process (PID=137419) to work on /usr/local/python/3.12.1/lib/python3.12/site-packages/airflow/example_dags/example_branch_operator_decorator.py
[2026-07-02T16:37:17.545+0000] {processor.py:830} INFO - Processing file /usr/local/python/3.12.1/lib/python3.12/site-packages/airflow/example_dags/example_branch_operator_decorator.py for tasks to queue
[2026-07-02T16:37:17.549+0000] {logging_mixin.py:188} INFO - [2026-07-02T16:37:17.549+0000] {dagbag.py:545} INFO - Filling up the DagBag from /usr/local/python/3.12.1/lib/python3.12/site-packages/airflow/example_dags/example_branch_operator_decorator.py
[2026-07-02T16:37:17.602+0000] {processor.py:840} INFO - DAG(s) 'example_branch_python_operator_decorator' retrieved from /usr/local/python/3.12.1/lib/python3.12/site-packages/airflow/example_dags/example_branch_operator_decorator.py
[2026-07-02T16:37:17.635+0000] {logging_mixin.py:188} INFO - [2026-07-02T16:37:17.635+0000] {dag.py:3089} INFO - Sync 1 DAGs
[2026-07-02T16:37:17.659+0000] {logging_mixin.py:188} INFO - [2026-07-02T16:37:17.659+0000] {dag.py:3947} INFO - Setting next_dagrun for example_branch_python_operator_decorator to 2026-07-01 00:00:00+00:00, run_after=2026-07-02 00:00:00+00:00
[2026-07-02T16:37:17.685+0000] {processor.py:183} INFO - Processing /usr/local/python/3.12.1/lib/python3.12/site-packages/airflow/example_dags/example_branch_operator_decorator.py took 0.154 seconds
[2026-07-02T16:38:22.658+0000] {processor.py:161} INFO - Started process (PID=139372) to work on /usr/local/python/3.12.1/lib/python3.12/site-packages/airflow/example_dags/example_branch_operator_decorator.py
[2026-07-02T16:38:22.663+0000] {processor.py:830} INFO - Processing file /usr/local/python/3.12.1/lib/python3.12/site-packages/airflow/example_dags/example_branch_operator_decorator.py for tasks to queue
[2026-07-02T16:38:22.668+0000] {logging_mixin.py:188} INFO - [2026-07-02T16:38:22.667+0000] {dagbag.py:545} INFO - Filling up the DagBag from /usr/local/python/3.12.1/lib/python3.12/site-packages/airflow/example_dags/example_branch_operator_decorator.py
[2026-07-02T16:38:22.720+0000] {processor.py:840} INFO - DAG(s) 'example_branch_python_operator_decorator' retrieved from /usr/local/python/3.12.1/lib/python3.12/site-packages/airflow/example_dags/example_branch_operator_decorator.py
[2026-07-02T16:38:22.806+0000] {logging_mixin.py:188} INFO - [2026-07-02T16:38:22.804+0000] {dag.py:3089} INFO - Sync 1 DAGs
[2026-07-02T16:38:22.885+0000] {logging_mixin.py:188} INFO - [2026-07-02T16:38:22.885+0000] {dag.py:3947} INFO - Setting next_dagrun for example_branch_python_operator_decorator to 2026-07-01 00:00:00+00:00, run_after=2026-07-02 00:00:00+00:00
[2026-07-02T16:38:22.967+0000] {processor.py:183} INFO - Processing /usr/local/python/3.12.1/lib/python3.12/site-packages/airflow/example_dags/example_branch_operator_decorator.py took 0.325 seconds
[2026-07-02T16:39:32.466+0000] {processor.py:161} INFO - Started process (PID=140330) to work on /usr/local/python/3.12.1/lib/python3.12/site-packages/airflow/example_dags/example_branch_operator_decorator.py
[2026-07-02T16:39:32.467+0000] {processor.py:830} INFO - Processing file /usr/local/python/3.12.1/lib/python3.12/site-packages/airflow/example_dags/example_branch_operator_decorator.py for tasks to queue
[2026-07-02T16:39:32.468+0000] {logging_mixin.py:188} INFO - [2026-07-02T16:39:32.468+0000] {dagbag.py:545} INFO - Filling up the DagBag from /usr/local/python/3.12.1/lib/python3.12/site-packages/airflow/example_dags/example_branch_operator_decorator.py
[2026-07-02T16:39:32.489+0000] {processor.py:840} INFO - DAG(s) 'example_branch_python_operator_decorator' retrieved from /usr/local/python/3.12.1/lib/python3.12/site-packages/airflow/example_dags/example_branch_operator_decorator.py
[2026-07-02T16:39:32.508+0000] {logging_mixin.py:188} INFO - [2026-07-02T16:39:32.508+0000] {dag.py:3089} INFO - Sync 1 DAGs
[2026-07-02T16:39:32.523+0000] {logging_mixin.py:188} INFO - [2026-07-02T16:39:32.523+0000] {dag.py:3947} INFO - Setting next_dagrun for example_branch_python_operator_decorator to 2026-07-01 00:00:00+00:00, run_after=2026-07-02 00:00:00+00:00
[2026-07-02T16:39:32.540+0000] {processor.py:183} INFO - Processing /usr/local/python/3.12.1/lib/python3.12/site-packages/airflow/example_dags/example_branch_operator_decorator.py took 0.080 seconds
