[2026-07-02T16:24:48.231+0000] {processor.py:161} INFO - Started process (PID=118056) to work on /usr/local/python/3.12.1/lib/python3.12/site-packages/airflow/example_dags/example_branch_day_of_week_operator.py
[2026-07-02T16:24:48.232+0000] {processor.py:830} INFO - Processing file /usr/local/python/3.12.1/lib/python3.12/site-packages/airflow/example_dags/example_branch_day_of_week_operator.py for tasks to queue
[2026-07-02T16:24:48.233+0000] {logging_mixin.py:188} INFO - [2026-07-02T16:24:48.233+0000] {dagbag.py:545} INFO - Filling up the DagBag from /usr/local/python/3.12.1/lib/python3.12/site-packages/airflow/example_dags/example_branch_day_of_week_operator.py
[2026-07-02T16:24:48.239+0000] {processor.py:840} INFO - DAG(s) 'example_weekday_branch_operator' retrieved from /usr/local/python/3.12.1/lib/python3.12/site-packages/airflow/example_dags/example_branch_day_of_week_operator.py
[2026-07-02T16:24:48.345+0000] {logging_mixin.py:188} INFO - [2026-07-02T16:24:48.344+0000] {override.py:1858} INFO - Created Permission View: can delete on DAG:example_weekday_branch_operator
[2026-07-02T16:24:48.353+0000] {logging_mixin.py:188} INFO - [2026-07-02T16:24:48.353+0000] {override.py:1858} INFO - Created Permission View: can read on DAG:example_weekday_branch_operator
[2026-07-02T16:24:48.359+0000] {logging_mixin.py:188} INFO - [2026-07-02T16:24:48.359+0000] {override.py:1858} INFO - Created Permission View: can edit on DAG:example_weekday_branch_operator
[2026-07-02T16:24:48.360+0000] {logging_mixin.py:188} INFO - [2026-07-02T16:24:48.360+0000] {dag.py:3089} INFO - Sync 1 DAGs
[2026-07-02T16:24:48.368+0000] {logging_mixin.py:188} INFO - [2026-07-02T16:24:48.367+0000] {dag.py:3111} INFO - Creating ORM DAG for example_weekday_branch_operator
[2026-07-02T16:24:48.375+0000] {logging_mixin.py:188} INFO - [2026-07-02T16:24:48.375+0000] {dag.py:3947} INFO - Setting next_dagrun for example_weekday_branch_operator to 2026-07-01 00:00:00+00:00, run_after=2026-07-02 00:00:00+00:00
[2026-07-02T16:24:48.392+0000] {processor.py:183} INFO - Processing /usr/local/python/3.12.1/lib/python3.12/site-packages/airflow/example_dags/example_branch_day_of_week_operator.py took 0.166 seconds
[2026-07-02T16:25:58.216+0000] {processor.py:161} INFO - Started process (PID=122480) to work on /usr/local/python/3.12.1/lib/python3.12/site-packages/airflow/example_dags/example_branch_day_of_week_operator.py
[2026-07-02T16:25:58.218+0000] {processor.py:830} INFO - Processing file /usr/local/python/3.12.1/lib/python3.12/site-packages/airflow/example_dags/example_branch_day_of_week_operator.py for tasks to queue
[2026-07-02T16:25:58.220+0000] {logging_mixin.py:188} INFO - [2026-07-02T16:25:58.220+0000] {dagbag.py:545} INFO - Filling up the DagBag from /usr/local/python/3.12.1/lib/python3.12/site-packages/airflow/example_dags/example_branch_day_of_week_operator.py
[2026-07-02T16:25:58.239+0000] {processor.py:840} INFO - DAG(s) 'example_weekday_branch_operator' retrieved from /usr/local/python/3.12.1/lib/python3.12/site-packages/airflow/example_dags/example_branch_day_of_week_operator.py
[2026-07-02T16:25:58.267+0000] {logging_mixin.py:188} INFO - [2026-07-02T16:25:58.267+0000] {dag.py:3089} INFO - Sync 1 DAGs
[2026-07-02T16:25:58.306+0000] {logging_mixin.py:188} INFO - [2026-07-02T16:25:58.306+0000] {dag.py:3947} INFO - Setting next_dagrun for example_weekday_branch_operator to 2026-07-01 00:00:00+00:00, run_after=2026-07-02 00:00:00+00:00
[2026-07-02T16:25:58.354+0000] {processor.py:183} INFO - Processing /usr/local/python/3.12.1/lib/python3.12/site-packages/airflow/example_dags/example_branch_day_of_week_operator.py took 0.146 seconds
[2026-07-02T16:27:03.900+0000] {processor.py:161} INFO - Started process (PID=126764) to work on /usr/local/python/3.12.1/lib/python3.12/site-packages/airflow/example_dags/example_branch_day_of_week_operator.py
[2026-07-02T16:27:03.901+0000] {processor.py:830} INFO - Processing file /usr/local/python/3.12.1/lib/python3.12/site-packages/airflow/example_dags/example_branch_day_of_week_operator.py for tasks to queue
[2026-07-02T16:27:03.903+0000] {logging_mixin.py:188} INFO - [2026-07-02T16:27:03.902+0000] {dagbag.py:545} INFO - Filling up the DagBag from /usr/local/python/3.12.1/lib/python3.12/site-packages/airflow/example_dags/example_branch_day_of_week_operator.py
[2026-07-02T16:27:03.911+0000] {processor.py:840} INFO - DAG(s) 'example_weekday_branch_operator' retrieved from /usr/local/python/3.12.1/lib/python3.12/site-packages/airflow/example_dags/example_branch_day_of_week_operator.py
[2026-07-02T16:27:03.929+0000] {logging_mixin.py:188} INFO - [2026-07-02T16:27:03.928+0000] {dag.py:3089} INFO - Sync 1 DAGs
[2026-07-02T16:27:04.065+0000] {logging_mixin.py:188} INFO - [2026-07-02T16:27:04.056+0000] {dag.py:3947} INFO - Setting next_dagrun for example_weekday_branch_operator to 2026-07-01 00:00:00+00:00, run_after=2026-07-02 00:00:00+00:00
[2026-07-02T16:27:04.135+0000] {processor.py:183} INFO - Processing /usr/local/python/3.12.1/lib/python3.12/site-packages/airflow/example_dags/example_branch_day_of_week_operator.py took 0.241 seconds
[2026-07-02T16:28:11.204+0000] {processor.py:161} INFO - Started process (PID=128856) to work on /usr/local/python/3.12.1/lib/python3.12/site-packages/airflow/example_dags/example_branch_day_of_week_operator.py
[2026-07-02T16:28:11.208+0000] {processor.py:830} INFO - Processing file /usr/local/python/3.12.1/lib/python3.12/site-packages/airflow/example_dags/example_branch_day_of_week_operator.py for tasks to queue
[2026-07-02T16:28:11.210+0000] {logging_mixin.py:188} INFO - [2026-07-02T16:28:11.210+0000] {dagbag.py:545} INFO - Filling up the DagBag from /usr/local/python/3.12.1/lib/python3.12/site-packages/airflow/example_dags/example_branch_day_of_week_operator.py
[2026-07-02T16:28:11.223+0000] {processor.py:840} INFO - DAG(s) 'example_weekday_branch_operator' retrieved from /usr/local/python/3.12.1/lib/python3.12/site-packages/airflow/example_dags/example_branch_day_of_week_operator.py
[2026-07-02T16:28:11.242+0000] {logging_mixin.py:188} INFO - [2026-07-02T16:28:11.241+0000] {dag.py:3089} INFO - Sync 1 DAGs
[2026-07-02T16:28:11.264+0000] {logging_mixin.py:188} INFO - [2026-07-02T16:28:11.264+0000] {dag.py:3947} INFO - Setting next_dagrun for example_weekday_branch_operator to 2026-07-01 00:00:00+00:00, run_after=2026-07-02 00:00:00+00:00
[2026-07-02T16:28:11.292+0000] {processor.py:183} INFO - Processing /usr/local/python/3.12.1/lib/python3.12/site-packages/airflow/example_dags/example_branch_day_of_week_operator.py took 0.103 seconds
[2026-07-02T16:29:42.914+0000] {processor.py:161} INFO - Started process (PID=130023) to work on /usr/local/python/3.12.1/lib/python3.12/site-packages/airflow/example_dags/example_branch_day_of_week_operator.py
[2026-07-02T16:29:42.915+0000] {processor.py:830} INFO - Processing file /usr/local/python/3.12.1/lib/python3.12/site-packages/airflow/example_dags/example_branch_day_of_week_operator.py for tasks to queue
[2026-07-02T16:29:42.916+0000] {logging_mixin.py:188} INFO - [2026-07-02T16:29:42.916+0000] {dagbag.py:545} INFO - Filling up the DagBag from /usr/local/python/3.12.1/lib/python3.12/site-packages/airflow/example_dags/example_branch_day_of_week_operator.py
[2026-07-02T16:29:42.923+0000] {processor.py:840} INFO - DAG(s) 'example_weekday_branch_operator' retrieved from /usr/local/python/3.12.1/lib/python3.12/site-packages/airflow/example_dags/example_branch_day_of_week_operator.py
[2026-07-02T16:29:42.936+0000] {logging_mixin.py:188} INFO - [2026-07-02T16:29:42.935+0000] {dag.py:3089} INFO - Sync 1 DAGs
[2026-07-02T16:29:42.951+0000] {logging_mixin.py:188} INFO - [2026-07-02T16:29:42.951+0000] {dag.py:3947} INFO - Setting next_dagrun for example_weekday_branch_operator to 2026-07-01 00:00:00+00:00, run_after=2026-07-02 00:00:00+00:00
[2026-07-02T16:29:42.968+0000] {processor.py:183} INFO - Processing /usr/local/python/3.12.1/lib/python3.12/site-packages/airflow/example_dags/example_branch_day_of_week_operator.py took 0.058 seconds
[2026-07-02T16:30:38.498+0000] {processor.py:161} INFO - Started process (PID=130673) to work on /usr/local/python/3.12.1/lib/python3.12/site-packages/airflow/example_dags/example_branch_day_of_week_operator.py
[2026-07-02T16:30:38.499+0000] {processor.py:830} INFO - Processing file /usr/local/python/3.12.1/lib/python3.12/site-packages/airflow/example_dags/example_branch_day_of_week_operator.py for tasks to queue
[2026-07-02T16:30:38.501+0000] {logging_mixin.py:188} INFO - [2026-07-02T16:30:38.500+0000] {dagbag.py:545} INFO - Filling up the DagBag from /usr/local/python/3.12.1/lib/python3.12/site-packages/airflow/example_dags/example_branch_day_of_week_operator.py
[2026-07-02T16:30:38.507+0000] {processor.py:840} INFO - DAG(s) 'example_weekday_branch_operator' retrieved from /usr/local/python/3.12.1/lib/python3.12/site-packages/airflow/example_dags/example_branch_day_of_week_operator.py
[2026-07-02T16:30:38.521+0000] {logging_mixin.py:188} INFO - [2026-07-02T16:30:38.521+0000] {dag.py:3089} INFO - Sync 1 DAGs
[2026-07-02T16:30:38.544+0000] {logging_mixin.py:188} INFO - [2026-07-02T16:30:38.544+0000] {dag.py:3947} INFO - Setting next_dagrun for example_weekday_branch_operator to 2026-07-01 00:00:00+00:00, run_after=2026-07-02 00:00:00+00:00
[2026-07-02T16:30:38.562+0000] {processor.py:183} INFO - Processing /usr/local/python/3.12.1/lib/python3.12/site-packages/airflow/example_dags/example_branch_day_of_week_operator.py took 0.069 seconds
[2026-07-02T16:31:51.515+0000] {processor.py:161} INFO - Started process (PID=131452) to work on /usr/local/python/3.12.1/lib/python3.12/site-packages/airflow/example_dags/example_branch_day_of_week_operator.py
[2026-07-02T16:31:51.516+0000] {processor.py:830} INFO - Processing file /usr/local/python/3.12.1/lib/python3.12/site-packages/airflow/example_dags/example_branch_day_of_week_operator.py for tasks to queue
[2026-07-02T16:31:51.517+0000] {logging_mixin.py:188} INFO - [2026-07-02T16:31:51.517+0000] {dagbag.py:545} INFO - Filling up the DagBag from /usr/local/python/3.12.1/lib/python3.12/site-packages/airflow/example_dags/example_branch_day_of_week_operator.py
[2026-07-02T16:31:51.523+0000] {processor.py:840} INFO - DAG(s) 'example_weekday_branch_operator' retrieved from /usr/local/python/3.12.1/lib/python3.12/site-packages/airflow/example_dags/example_branch_day_of_week_operator.py
[2026-07-02T16:31:51.536+0000] {logging_mixin.py:188} INFO - [2026-07-02T16:31:51.536+0000] {dag.py:3089} INFO - Sync 1 DAGs
[2026-07-02T16:31:51.551+0000] {logging_mixin.py:188} INFO - [2026-07-02T16:31:51.551+0000] {dag.py:3947} INFO - Setting next_dagrun for example_weekday_branch_operator to 2026-07-01 00:00:00+00:00, run_after=2026-07-02 00:00:00+00:00
[2026-07-02T16:31:51.568+0000] {processor.py:183} INFO - Processing /usr/local/python/3.12.1/lib/python3.12/site-packages/airflow/example_dags/example_branch_day_of_week_operator.py took 0.058 seconds
[2026-07-02T16:33:07.862+0000] {processor.py:161} INFO - Started process (PID=133441) to work on /usr/local/python/3.12.1/lib/python3.12/site-packages/airflow/example_dags/example_branch_day_of_week_operator.py
[2026-07-02T16:33:07.863+0000] {processor.py:830} INFO - Processing file /usr/local/python/3.12.1/lib/python3.12/site-packages/airflow/example_dags/example_branch_day_of_week_operator.py for tasks to queue
[2026-07-02T16:33:07.864+0000] {logging_mixin.py:188} INFO - [2026-07-02T16:33:07.864+0000] {dagbag.py:545} INFO - Filling up the DagBag from /usr/local/python/3.12.1/lib/python3.12/site-packages/airflow/example_dags/example_branch_day_of_week_operator.py
[2026-07-02T16:33:07.871+0000] {processor.py:840} INFO - DAG(s) 'example_weekday_branch_operator' retrieved from /usr/local/python/3.12.1/lib/python3.12/site-packages/airflow/example_dags/example_branch_day_of_week_operator.py
[2026-07-02T16:33:07.886+0000] {logging_mixin.py:188} INFO - [2026-07-02T16:33:07.886+0000] {dag.py:3089} INFO - Sync 1 DAGs
[2026-07-02T16:33:07.904+0000] {logging_mixin.py:188} INFO - [2026-07-02T16:33:07.904+0000] {dag.py:3947} INFO - Setting next_dagrun for example_weekday_branch_operator to 2026-07-01 00:00:00+00:00, run_after=2026-07-02 00:00:00+00:00
[2026-07-02T16:33:07.920+0000] {processor.py:183} INFO - Processing /usr/local/python/3.12.1/lib/python3.12/site-packages/airflow/example_dags/example_branch_day_of_week_operator.py took 0.062 seconds
[2026-07-02T16:34:22.469+0000] {processor.py:161} INFO - Started process (PID=134397) to work on /usr/local/python/3.12.1/lib/python3.12/site-packages/airflow/example_dags/example_branch_day_of_week_operator.py
[2026-07-02T16:34:22.480+0000] {processor.py:830} INFO - Processing file /usr/local/python/3.12.1/lib/python3.12/site-packages/airflow/example_dags/example_branch_day_of_week_operator.py for tasks to queue
[2026-07-02T16:34:22.482+0000] {logging_mixin.py:188} INFO - [2026-07-02T16:34:22.481+0000] {dagbag.py:545} INFO - Filling up the DagBag from /usr/local/python/3.12.1/lib/python3.12/site-packages/airflow/example_dags/example_branch_day_of_week_operator.py
[2026-07-02T16:34:22.502+0000] {processor.py:840} INFO - DAG(s) 'example_weekday_branch_operator' retrieved from /usr/local/python/3.12.1/lib/python3.12/site-packages/airflow/example_dags/example_branch_day_of_week_operator.py
[2026-07-02T16:34:22.528+0000] {logging_mixin.py:188} INFO - [2026-07-02T16:34:22.527+0000] {dag.py:3089} INFO - Sync 1 DAGs
[2026-07-02T16:34:22.554+0000] {logging_mixin.py:188} INFO - [2026-07-02T16:34:22.554+0000] {dag.py:3947} INFO - Setting next_dagrun for example_weekday_branch_operator to 2026-07-01 00:00:00+00:00, run_after=2026-07-02 00:00:00+00:00
[2026-07-02T16:34:22.587+0000] {processor.py:183} INFO - Processing /usr/local/python/3.12.1/lib/python3.12/site-packages/airflow/example_dags/example_branch_day_of_week_operator.py took 0.124 seconds
[2026-07-02T16:35:42.751+0000] {processor.py:161} INFO - Started process (PID=136198) to work on /usr/local/python/3.12.1/lib/python3.12/site-packages/airflow/example_dags/example_branch_day_of_week_operator.py
[2026-07-02T16:35:42.752+0000] {processor.py:830} INFO - Processing file /usr/local/python/3.12.1/lib/python3.12/site-packages/airflow/example_dags/example_branch_day_of_week_operator.py for tasks to queue
[2026-07-02T16:35:42.754+0000] {logging_mixin.py:188} INFO - [2026-07-02T16:35:42.754+0000] {dagbag.py:545} INFO - Filling up the DagBag from /usr/local/python/3.12.1/lib/python3.12/site-packages/airflow/example_dags/example_branch_day_of_week_operator.py
[2026-07-02T16:35:42.764+0000] {processor.py:840} INFO - DAG(s) 'example_weekday_branch_operator' retrieved from /usr/local/python/3.12.1/lib/python3.12/site-packages/airflow/example_dags/example_branch_day_of_week_operator.py
[2026-07-02T16:35:42.789+0000] {logging_mixin.py:188} INFO - [2026-07-02T16:35:42.788+0000] {dag.py:3089} INFO - Sync 1 DAGs
[2026-07-02T16:35:42.826+0000] {logging_mixin.py:188} INFO - [2026-07-02T16:35:42.824+0000] {dag.py:3947} INFO - Setting next_dagrun for example_weekday_branch_operator to 2026-07-01 00:00:00+00:00, run_after=2026-07-02 00:00:00+00:00
[2026-07-02T16:35:42.899+0000] {processor.py:183} INFO - Processing /usr/local/python/3.12.1/lib/python3.12/site-packages/airflow/example_dags/example_branch_day_of_week_operator.py took 0.161 seconds
[2026-07-02T16:36:57.191+0000] {processor.py:161} INFO - Started process (PID=137160) to work on /usr/local/python/3.12.1/lib/python3.12/site-packages/airflow/example_dags/example_branch_day_of_week_operator.py
[2026-07-02T16:36:57.202+0000] {processor.py:830} INFO - Processing file /usr/local/python/3.12.1/lib/python3.12/site-packages/airflow/example_dags/example_branch_day_of_week_operator.py for tasks to queue
[2026-07-02T16:36:57.209+0000] {logging_mixin.py:188} INFO - [2026-07-02T16:36:57.204+0000] {dagbag.py:545} INFO - Filling up the DagBag from /usr/local/python/3.12.1/lib/python3.12/site-packages/airflow/example_dags/example_branch_day_of_week_operator.py
[2026-07-02T16:36:57.221+0000] {processor.py:840} INFO - DAG(s) 'example_weekday_branch_operator' retrieved from /usr/local/python/3.12.1/lib/python3.12/site-packages/airflow/example_dags/example_branch_day_of_week_operator.py
[2026-07-02T16:36:57.239+0000] {logging_mixin.py:188} INFO - [2026-07-02T16:36:57.239+0000] {dag.py:3089} INFO - Sync 1 DAGs
[2026-07-02T16:36:57.261+0000] {logging_mixin.py:188} INFO - [2026-07-02T16:36:57.261+0000] {dag.py:3947} INFO - Setting next_dagrun for example_weekday_branch_operator to 2026-07-01 00:00:00+00:00, run_after=2026-07-02 00:00:00+00:00
[2026-07-02T16:36:57.284+0000] {processor.py:183} INFO - Processing /usr/local/python/3.12.1/lib/python3.12/site-packages/airflow/example_dags/example_branch_day_of_week_operator.py took 0.107 seconds
[2026-07-02T16:38:04.129+0000] {processor.py:161} INFO - Started process (PID=138717) to work on /usr/local/python/3.12.1/lib/python3.12/site-packages/airflow/example_dags/example_branch_day_of_week_operator.py
[2026-07-02T16:38:04.130+0000] {processor.py:830} INFO - Processing file /usr/local/python/3.12.1/lib/python3.12/site-packages/airflow/example_dags/example_branch_day_of_week_operator.py for tasks to queue
[2026-07-02T16:38:04.132+0000] {logging_mixin.py:188} INFO - [2026-07-02T16:38:04.132+0000] {dagbag.py:545} INFO - Filling up the DagBag from /usr/local/python/3.12.1/lib/python3.12/site-packages/airflow/example_dags/example_branch_day_of_week_operator.py
[2026-07-02T16:38:04.139+0000] {processor.py:840} INFO - DAG(s) 'example_weekday_branch_operator' retrieved from /usr/local/python/3.12.1/lib/python3.12/site-packages/airflow/example_dags/example_branch_day_of_week_operator.py
[2026-07-02T16:38:04.152+0000] {logging_mixin.py:188} INFO - [2026-07-02T16:38:04.152+0000] {dag.py:3089} INFO - Sync 1 DAGs
[2026-07-02T16:38:04.167+0000] {logging_mixin.py:188} INFO - [2026-07-02T16:38:04.167+0000] {dag.py:3947} INFO - Setting next_dagrun for example_weekday_branch_operator to 2026-07-01 00:00:00+00:00, run_after=2026-07-02 00:00:00+00:00
[2026-07-02T16:38:04.190+0000] {processor.py:183} INFO - Processing /usr/local/python/3.12.1/lib/python3.12/site-packages/airflow/example_dags/example_branch_day_of_week_operator.py took 0.069 seconds
[2026-07-02T16:39:13.269+0000] {processor.py:161} INFO - Started process (PID=140047) to work on /usr/local/python/3.12.1/lib/python3.12/site-packages/airflow/example_dags/example_branch_day_of_week_operator.py
[2026-07-02T16:39:13.270+0000] {processor.py:830} INFO - Processing file /usr/local/python/3.12.1/lib/python3.12/site-packages/airflow/example_dags/example_branch_day_of_week_operator.py for tasks to queue
[2026-07-02T16:39:13.271+0000] {logging_mixin.py:188} INFO - [2026-07-02T16:39:13.271+0000] {dagbag.py:545} INFO - Filling up the DagBag from /usr/local/python/3.12.1/lib/python3.12/site-packages/airflow/example_dags/example_branch_day_of_week_operator.py
[2026-07-02T16:39:13.279+0000] {processor.py:840} INFO - DAG(s) 'example_weekday_branch_operator' retrieved from /usr/local/python/3.12.1/lib/python3.12/site-packages/airflow/example_dags/example_branch_day_of_week_operator.py
[2026-07-02T16:39:13.296+0000] {logging_mixin.py:188} INFO - [2026-07-02T16:39:13.296+0000] {dag.py:3089} INFO - Sync 1 DAGs
[2026-07-02T16:39:13.312+0000] {logging_mixin.py:188} INFO - [2026-07-02T16:39:13.312+0000] {dag.py:3947} INFO - Setting next_dagrun for example_weekday_branch_operator to 2026-07-01 00:00:00+00:00, run_after=2026-07-02 00:00:00+00:00
[2026-07-02T16:39:13.332+0000] {processor.py:183} INFO - Processing /usr/local/python/3.12.1/lib/python3.12/site-packages/airflow/example_dags/example_branch_day_of_week_operator.py took 0.072 seconds
