[2026-07-02T16:24:16.641+0000] {processor.py:161} INFO - Started process (PID=117609) to work on /usr/local/python/3.12.1/lib/python3.12/site-packages/airflow/example_dags/example_skip_dag.py
[2026-07-02T16:24:16.642+0000] {processor.py:830} INFO - Processing file /usr/local/python/3.12.1/lib/python3.12/site-packages/airflow/example_dags/example_skip_dag.py for tasks to queue
[2026-07-02T16:24:16.645+0000] {logging_mixin.py:188} INFO - [2026-07-02T16:24:16.645+0000] {dagbag.py:545} INFO - Filling up the DagBag from /usr/local/python/3.12.1/lib/python3.12/site-packages/airflow/example_dags/example_skip_dag.py
[2026-07-02T16:24:16.658+0000] {processor.py:840} INFO - DAG(s) 'example_skip_dag' retrieved from /usr/local/python/3.12.1/lib/python3.12/site-packages/airflow/example_dags/example_skip_dag.py
[2026-07-02T16:24:16.787+0000] {logging_mixin.py:188} INFO - [2026-07-02T16:24:16.786+0000] {override.py:1858} INFO - Created Permission View: can delete on DAG:example_skip_dag
[2026-07-02T16:24:16.797+0000] {logging_mixin.py:188} INFO - [2026-07-02T16:24:16.797+0000] {override.py:1858} INFO - Created Permission View: can read on DAG:example_skip_dag
[2026-07-02T16:24:16.806+0000] {logging_mixin.py:188} INFO - [2026-07-02T16:24:16.806+0000] {override.py:1858} INFO - Created Permission View: can edit on DAG:example_skip_dag
[2026-07-02T16:24:16.807+0000] {logging_mixin.py:188} INFO - [2026-07-02T16:24:16.807+0000] {dag.py:3089} INFO - Sync 1 DAGs
[2026-07-02T16:24:16.817+0000] {logging_mixin.py:188} INFO - [2026-07-02T16:24:16.816+0000] {dag.py:3111} INFO - Creating ORM DAG for example_skip_dag
[2026-07-02T16:24:16.824+0000] {logging_mixin.py:188} INFO - [2026-07-02T16:24:16.823+0000] {dag.py:3947} INFO - Setting next_dagrun for example_skip_dag to 2026-07-01 00:00:00+00:00, run_after=2026-07-02 00:00:00+00:00
[2026-07-02T16:24:16.839+0000] {processor.py:183} INFO - Processing /usr/local/python/3.12.1/lib/python3.12/site-packages/airflow/example_dags/example_skip_dag.py took 0.210 seconds
[2026-07-02T16:25:12.431+0000] {processor.py:161} INFO - Started process (PID=118401) to work on /usr/local/python/3.12.1/lib/python3.12/site-packages/airflow/example_dags/example_skip_dag.py
[2026-07-02T16:25:12.432+0000] {processor.py:830} INFO - Processing file /usr/local/python/3.12.1/lib/python3.12/site-packages/airflow/example_dags/example_skip_dag.py for tasks to queue
[2026-07-02T16:25:12.434+0000] {logging_mixin.py:188} INFO - [2026-07-02T16:25:12.433+0000] {dagbag.py:545} INFO - Filling up the DagBag from /usr/local/python/3.12.1/lib/python3.12/site-packages/airflow/example_dags/example_skip_dag.py
[2026-07-02T16:25:12.440+0000] {processor.py:840} INFO - DAG(s) 'example_skip_dag' retrieved from /usr/local/python/3.12.1/lib/python3.12/site-packages/airflow/example_dags/example_skip_dag.py
[2026-07-02T16:25:12.453+0000] {logging_mixin.py:188} INFO - [2026-07-02T16:25:12.453+0000] {dag.py:3089} INFO - Sync 1 DAGs
[2026-07-02T16:25:12.468+0000] {logging_mixin.py:188} INFO - [2026-07-02T16:25:12.468+0000] {dag.py:3947} INFO - Setting next_dagrun for example_skip_dag to 2026-07-01 00:00:00+00:00, run_after=2026-07-02 00:00:00+00:00
[2026-07-02T16:25:12.490+0000] {processor.py:183} INFO - Processing /usr/local/python/3.12.1/lib/python3.12/site-packages/airflow/example_dags/example_skip_dag.py took 0.065 seconds
[2026-07-02T16:26:06.737+0000] {processor.py:161} INFO - Started process (PID=124318) to work on /usr/local/python/3.12.1/lib/python3.12/site-packages/airflow/example_dags/example_skip_dag.py
[2026-07-02T16:26:06.740+0000] {processor.py:830} INFO - Processing file /usr/local/python/3.12.1/lib/python3.12/site-packages/airflow/example_dags/example_skip_dag.py for tasks to queue
[2026-07-02T16:26:06.743+0000] {logging_mixin.py:188} INFO - [2026-07-02T16:26:06.743+0000] {dagbag.py:545} INFO - Filling up the DagBag from /usr/local/python/3.12.1/lib/python3.12/site-packages/airflow/example_dags/example_skip_dag.py
[2026-07-02T16:26:06.757+0000] {processor.py:840} INFO - DAG(s) 'example_skip_dag' retrieved from /usr/local/python/3.12.1/lib/python3.12/site-packages/airflow/example_dags/example_skip_dag.py
[2026-07-02T16:26:06.833+0000] {logging_mixin.py:188} INFO - [2026-07-02T16:26:06.833+0000] {dag.py:3089} INFO - Sync 1 DAGs
[2026-07-02T16:26:06.875+0000] {logging_mixin.py:188} INFO - [2026-07-02T16:26:06.875+0000] {dag.py:3947} INFO - Setting next_dagrun for example_skip_dag to 2026-07-01 00:00:00+00:00, run_after=2026-07-02 00:00:00+00:00
[2026-07-02T16:26:06.937+0000] {processor.py:183} INFO - Processing /usr/local/python/3.12.1/lib/python3.12/site-packages/airflow/example_dags/example_skip_dag.py took 0.224 seconds
[2026-07-02T16:27:19.065+0000] {processor.py:161} INFO - Started process (PID=126960) to work on /usr/local/python/3.12.1/lib/python3.12/site-packages/airflow/example_dags/example_skip_dag.py
[2026-07-02T16:27:19.068+0000] {processor.py:830} INFO - Processing file /usr/local/python/3.12.1/lib/python3.12/site-packages/airflow/example_dags/example_skip_dag.py for tasks to queue
[2026-07-02T16:27:19.070+0000] {logging_mixin.py:188} INFO - [2026-07-02T16:27:19.070+0000] {dagbag.py:545} INFO - Filling up the DagBag from /usr/local/python/3.12.1/lib/python3.12/site-packages/airflow/example_dags/example_skip_dag.py
[2026-07-02T16:27:19.082+0000] {processor.py:840} INFO - DAG(s) 'example_skip_dag' retrieved from /usr/local/python/3.12.1/lib/python3.12/site-packages/airflow/example_dags/example_skip_dag.py
[2026-07-02T16:27:19.112+0000] {logging_mixin.py:188} INFO - [2026-07-02T16:27:19.111+0000] {dag.py:3089} INFO - Sync 1 DAGs
[2026-07-02T16:27:19.132+0000] {logging_mixin.py:188} INFO - [2026-07-02T16:27:19.132+0000] {dag.py:3947} INFO - Setting next_dagrun for example_skip_dag to 2026-07-01 00:00:00+00:00, run_after=2026-07-02 00:00:00+00:00
[2026-07-02T16:27:19.157+0000] {processor.py:183} INFO - Processing /usr/local/python/3.12.1/lib/python3.12/site-packages/airflow/example_dags/example_skip_dag.py took 0.101 seconds
[2026-07-02T16:28:15.151+0000] {processor.py:161} INFO - Started process (PID=128899) to work on /usr/local/python/3.12.1/lib/python3.12/site-packages/airflow/example_dags/example_skip_dag.py
[2026-07-02T16:28:15.156+0000] {processor.py:830} INFO - Processing file /usr/local/python/3.12.1/lib/python3.12/site-packages/airflow/example_dags/example_skip_dag.py for tasks to queue
[2026-07-02T16:28:15.160+0000] {logging_mixin.py:188} INFO - [2026-07-02T16:28:15.159+0000] {dagbag.py:545} INFO - Filling up the DagBag from /usr/local/python/3.12.1/lib/python3.12/site-packages/airflow/example_dags/example_skip_dag.py
[2026-07-02T16:28:15.169+0000] {processor.py:840} INFO - DAG(s) 'example_skip_dag' retrieved from /usr/local/python/3.12.1/lib/python3.12/site-packages/airflow/example_dags/example_skip_dag.py
[2026-07-02T16:28:15.191+0000] {logging_mixin.py:188} INFO - [2026-07-02T16:28:15.189+0000] {dag.py:3089} INFO - Sync 1 DAGs
[2026-07-02T16:28:15.218+0000] {logging_mixin.py:188} INFO - [2026-07-02T16:28:15.218+0000] {dag.py:3947} INFO - Setting next_dagrun for example_skip_dag to 2026-07-01 00:00:00+00:00, run_after=2026-07-02 00:00:00+00:00
[2026-07-02T16:28:15.261+0000] {processor.py:183} INFO - Processing /usr/local/python/3.12.1/lib/python3.12/site-packages/airflow/example_dags/example_skip_dag.py took 0.127 seconds
[2026-07-02T16:29:18.136+0000] {processor.py:161} INFO - Started process (PID=129773) to work on /usr/local/python/3.12.1/lib/python3.12/site-packages/airflow/example_dags/example_skip_dag.py
[2026-07-02T16:29:18.139+0000] {processor.py:830} INFO - Processing file /usr/local/python/3.12.1/lib/python3.12/site-packages/airflow/example_dags/example_skip_dag.py for tasks to queue
[2026-07-02T16:29:18.140+0000] {logging_mixin.py:188} INFO - [2026-07-02T16:29:18.140+0000] {dagbag.py:545} INFO - Filling up the DagBag from /usr/local/python/3.12.1/lib/python3.12/site-packages/airflow/example_dags/example_skip_dag.py
[2026-07-02T16:29:18.146+0000] {processor.py:840} INFO - DAG(s) 'example_skip_dag' retrieved from /usr/local/python/3.12.1/lib/python3.12/site-packages/airflow/example_dags/example_skip_dag.py
[2026-07-02T16:29:18.159+0000] {logging_mixin.py:188} INFO - [2026-07-02T16:29:18.159+0000] {dag.py:3089} INFO - Sync 1 DAGs
[2026-07-02T16:29:18.289+0000] {logging_mixin.py:188} INFO - [2026-07-02T16:29:18.289+0000] {dag.py:3947} INFO - Setting next_dagrun for example_skip_dag to 2026-07-01 00:00:00+00:00, run_after=2026-07-02 00:00:00+00:00
[2026-07-02T16:29:18.314+0000] {processor.py:183} INFO - Processing /usr/local/python/3.12.1/lib/python3.12/site-packages/airflow/example_dags/example_skip_dag.py took 0.182 seconds
[2026-07-02T16:30:15.923+0000] {processor.py:161} INFO - Started process (PID=130420) to work on /usr/local/python/3.12.1/lib/python3.12/site-packages/airflow/example_dags/example_skip_dag.py
[2026-07-02T16:30:15.965+0000] {processor.py:830} INFO - Processing file /usr/local/python/3.12.1/lib/python3.12/site-packages/airflow/example_dags/example_skip_dag.py for tasks to queue
[2026-07-02T16:30:15.970+0000] {logging_mixin.py:188} INFO - [2026-07-02T16:30:15.969+0000] {dagbag.py:545} INFO - Filling up the DagBag from /usr/local/python/3.12.1/lib/python3.12/site-packages/airflow/example_dags/example_skip_dag.py
[2026-07-02T16:30:15.995+0000] {processor.py:840} INFO - DAG(s) 'example_skip_dag' retrieved from /usr/local/python/3.12.1/lib/python3.12/site-packages/airflow/example_dags/example_skip_dag.py
[2026-07-02T16:30:16.028+0000] {logging_mixin.py:188} INFO - [2026-07-02T16:30:16.027+0000] {dag.py:3089} INFO - Sync 1 DAGs
[2026-07-02T16:30:16.057+0000] {logging_mixin.py:188} INFO - [2026-07-02T16:30:16.056+0000] {dag.py:3947} INFO - Setting next_dagrun for example_skip_dag to 2026-07-01 00:00:00+00:00, run_after=2026-07-02 00:00:00+00:00
[2026-07-02T16:30:16.089+0000] {processor.py:183} INFO - Processing /usr/local/python/3.12.1/lib/python3.12/site-packages/airflow/example_dags/example_skip_dag.py took 0.171 seconds
[2026-07-02T16:31:05.812+0000] {processor.py:161} INFO - Started process (PID=130986) to work on /usr/local/python/3.12.1/lib/python3.12/site-packages/airflow/example_dags/example_skip_dag.py
[2026-07-02T16:31:05.813+0000] {processor.py:830} INFO - Processing file /usr/local/python/3.12.1/lib/python3.12/site-packages/airflow/example_dags/example_skip_dag.py for tasks to queue
[2026-07-02T16:31:05.814+0000] {logging_mixin.py:188} INFO - [2026-07-02T16:31:05.814+0000] {dagbag.py:545} INFO - Filling up the DagBag from /usr/local/python/3.12.1/lib/python3.12/site-packages/airflow/example_dags/example_skip_dag.py
[2026-07-02T16:31:05.819+0000] {processor.py:840} INFO - DAG(s) 'example_skip_dag' retrieved from /usr/local/python/3.12.1/lib/python3.12/site-packages/airflow/example_dags/example_skip_dag.py
[2026-07-02T16:31:05.832+0000] {logging_mixin.py:188} INFO - [2026-07-02T16:31:05.832+0000] {dag.py:3089} INFO - Sync 1 DAGs
[2026-07-02T16:31:05.847+0000] {logging_mixin.py:188} INFO - [2026-07-02T16:31:05.847+0000] {dag.py:3947} INFO - Setting next_dagrun for example_skip_dag to 2026-07-01 00:00:00+00:00, run_after=2026-07-02 00:00:00+00:00
[2026-07-02T16:31:05.864+0000] {processor.py:183} INFO - Processing /usr/local/python/3.12.1/lib/python3.12/site-packages/airflow/example_dags/example_skip_dag.py took 0.058 seconds
[2026-07-02T16:31:55.107+0000] {processor.py:161} INFO - Started process (PID=131544) to work on /usr/local/python/3.12.1/lib/python3.12/site-packages/airflow/example_dags/example_skip_dag.py
[2026-07-02T16:31:55.108+0000] {processor.py:830} INFO - Processing file /usr/local/python/3.12.1/lib/python3.12/site-packages/airflow/example_dags/example_skip_dag.py for tasks to queue
[2026-07-02T16:31:55.110+0000] {logging_mixin.py:188} INFO - [2026-07-02T16:31:55.109+0000] {dagbag.py:545} INFO - Filling up the DagBag from /usr/local/python/3.12.1/lib/python3.12/site-packages/airflow/example_dags/example_skip_dag.py
[2026-07-02T16:31:55.115+0000] {processor.py:840} INFO - DAG(s) 'example_skip_dag' retrieved from /usr/local/python/3.12.1/lib/python3.12/site-packages/airflow/example_dags/example_skip_dag.py
[2026-07-02T16:31:55.131+0000] {logging_mixin.py:188} INFO - [2026-07-02T16:31:55.131+0000] {dag.py:3089} INFO - Sync 1 DAGs
[2026-07-02T16:31:55.146+0000] {logging_mixin.py:188} INFO - [2026-07-02T16:31:55.146+0000] {dag.py:3947} INFO - Setting next_dagrun for example_skip_dag to 2026-07-01 00:00:00+00:00, run_after=2026-07-02 00:00:00+00:00
[2026-07-02T16:31:55.164+0000] {processor.py:183} INFO - Processing /usr/local/python/3.12.1/lib/python3.12/site-packages/airflow/example_dags/example_skip_dag.py took 0.061 seconds
[2026-07-02T16:32:45.926+0000] {processor.py:161} INFO - Started process (PID=133210) to work on /usr/local/python/3.12.1/lib/python3.12/site-packages/airflow/example_dags/example_skip_dag.py
[2026-07-02T16:32:45.927+0000] {processor.py:830} INFO - Processing file /usr/local/python/3.12.1/lib/python3.12/site-packages/airflow/example_dags/example_skip_dag.py for tasks to queue
[2026-07-02T16:32:45.928+0000] {logging_mixin.py:188} INFO - [2026-07-02T16:32:45.928+0000] {dagbag.py:545} INFO - Filling up the DagBag from /usr/local/python/3.12.1/lib/python3.12/site-packages/airflow/example_dags/example_skip_dag.py
[2026-07-02T16:32:45.934+0000] {processor.py:840} INFO - DAG(s) 'example_skip_dag' retrieved from /usr/local/python/3.12.1/lib/python3.12/site-packages/airflow/example_dags/example_skip_dag.py
[2026-07-02T16:32:45.947+0000] {logging_mixin.py:188} INFO - [2026-07-02T16:32:45.947+0000] {dag.py:3089} INFO - Sync 1 DAGs
[2026-07-02T16:32:45.964+0000] {logging_mixin.py:188} INFO - [2026-07-02T16:32:45.963+0000] {dag.py:3947} INFO - Setting next_dagrun for example_skip_dag to 2026-07-01 00:00:00+00:00, run_after=2026-07-02 00:00:00+00:00
[2026-07-02T16:32:45.982+0000] {processor.py:183} INFO - Processing /usr/local/python/3.12.1/lib/python3.12/site-packages/airflow/example_dags/example_skip_dag.py took 0.061 seconds
[2026-07-02T16:33:35.594+0000] {processor.py:161} INFO - Started process (PID=133792) to work on /usr/local/python/3.12.1/lib/python3.12/site-packages/airflow/example_dags/example_skip_dag.py
[2026-07-02T16:33:35.595+0000] {processor.py:830} INFO - Processing file /usr/local/python/3.12.1/lib/python3.12/site-packages/airflow/example_dags/example_skip_dag.py for tasks to queue
[2026-07-02T16:33:35.597+0000] {logging_mixin.py:188} INFO - [2026-07-02T16:33:35.596+0000] {dagbag.py:545} INFO - Filling up the DagBag from /usr/local/python/3.12.1/lib/python3.12/site-packages/airflow/example_dags/example_skip_dag.py
[2026-07-02T16:33:35.602+0000] {processor.py:840} INFO - DAG(s) 'example_skip_dag' retrieved from /usr/local/python/3.12.1/lib/python3.12/site-packages/airflow/example_dags/example_skip_dag.py
[2026-07-02T16:33:35.615+0000] {logging_mixin.py:188} INFO - [2026-07-02T16:33:35.615+0000] {dag.py:3089} INFO - Sync 1 DAGs
[2026-07-02T16:33:35.630+0000] {logging_mixin.py:188} INFO - [2026-07-02T16:33:35.630+0000] {dag.py:3947} INFO - Setting next_dagrun for example_skip_dag to 2026-07-01 00:00:00+00:00, run_after=2026-07-02 00:00:00+00:00
[2026-07-02T16:33:35.648+0000] {processor.py:183} INFO - Processing /usr/local/python/3.12.1/lib/python3.12/site-packages/airflow/example_dags/example_skip_dag.py took 0.060 seconds
[2026-07-02T16:34:24.438+0000] {processor.py:161} INFO - Started process (PID=134428) to work on /usr/local/python/3.12.1/lib/python3.12/site-packages/airflow/example_dags/example_skip_dag.py
[2026-07-02T16:34:24.441+0000] {processor.py:830} INFO - Processing file /usr/local/python/3.12.1/lib/python3.12/site-packages/airflow/example_dags/example_skip_dag.py for tasks to queue
[2026-07-02T16:34:24.442+0000] {logging_mixin.py:188} INFO - [2026-07-02T16:34:24.442+0000] {dagbag.py:545} INFO - Filling up the DagBag from /usr/local/python/3.12.1/lib/python3.12/site-packages/airflow/example_dags/example_skip_dag.py
[2026-07-02T16:34:24.448+0000] {processor.py:840} INFO - DAG(s) 'example_skip_dag' retrieved from /usr/local/python/3.12.1/lib/python3.12/site-packages/airflow/example_dags/example_skip_dag.py
[2026-07-02T16:34:24.461+0000] {logging_mixin.py:188} INFO - [2026-07-02T16:34:24.461+0000] {dag.py:3089} INFO - Sync 1 DAGs
[2026-07-02T16:34:24.478+0000] {logging_mixin.py:188} INFO - [2026-07-02T16:34:24.478+0000] {dag.py:3947} INFO - Setting next_dagrun for example_skip_dag to 2026-07-01 00:00:00+00:00, run_after=2026-07-02 00:00:00+00:00
[2026-07-02T16:34:24.499+0000] {processor.py:183} INFO - Processing /usr/local/python/3.12.1/lib/python3.12/site-packages/airflow/example_dags/example_skip_dag.py took 0.066 seconds
[2026-07-02T16:35:15.118+0000] {processor.py:161} INFO - Started process (PID=135066) to work on /usr/local/python/3.12.1/lib/python3.12/site-packages/airflow/example_dags/example_skip_dag.py
[2026-07-02T16:35:15.119+0000] {processor.py:830} INFO - Processing file /usr/local/python/3.12.1/lib/python3.12/site-packages/airflow/example_dags/example_skip_dag.py for tasks to queue
[2026-07-02T16:35:15.120+0000] {logging_mixin.py:188} INFO - [2026-07-02T16:35:15.120+0000] {dagbag.py:545} INFO - Filling up the DagBag from /usr/local/python/3.12.1/lib/python3.12/site-packages/airflow/example_dags/example_skip_dag.py
[2026-07-02T16:35:15.126+0000] {processor.py:840} INFO - DAG(s) 'example_skip_dag' retrieved from /usr/local/python/3.12.1/lib/python3.12/site-packages/airflow/example_dags/example_skip_dag.py
[2026-07-02T16:35:15.140+0000] {logging_mixin.py:188} INFO - [2026-07-02T16:35:15.139+0000] {dag.py:3089} INFO - Sync 1 DAGs
[2026-07-02T16:35:15.154+0000] {logging_mixin.py:188} INFO - [2026-07-02T16:35:15.154+0000] {dag.py:3947} INFO - Setting next_dagrun for example_skip_dag to 2026-07-01 00:00:00+00:00, run_after=2026-07-02 00:00:00+00:00
[2026-07-02T16:35:15.171+0000] {processor.py:183} INFO - Processing /usr/local/python/3.12.1/lib/python3.12/site-packages/airflow/example_dags/example_skip_dag.py took 0.057 seconds
[2026-07-02T16:36:13.770+0000] {processor.py:161} INFO - Started process (PID=136631) to work on /usr/local/python/3.12.1/lib/python3.12/site-packages/airflow/example_dags/example_skip_dag.py
[2026-07-02T16:36:13.777+0000] {processor.py:830} INFO - Processing file /usr/local/python/3.12.1/lib/python3.12/site-packages/airflow/example_dags/example_skip_dag.py for tasks to queue
[2026-07-02T16:36:13.782+0000] {logging_mixin.py:188} INFO - [2026-07-02T16:36:13.782+0000] {dagbag.py:545} INFO - Filling up the DagBag from /usr/local/python/3.12.1/lib/python3.12/site-packages/airflow/example_dags/example_skip_dag.py
[2026-07-02T16:36:13.790+0000] {processor.py:840} INFO - DAG(s) 'example_skip_dag' retrieved from /usr/local/python/3.12.1/lib/python3.12/site-packages/airflow/example_dags/example_skip_dag.py
[2026-07-02T16:36:13.836+0000] {logging_mixin.py:188} INFO - [2026-07-02T16:36:13.835+0000] {dag.py:3089} INFO - Sync 1 DAGs
[2026-07-02T16:36:13.861+0000] {logging_mixin.py:188} INFO - [2026-07-02T16:36:13.861+0000] {dag.py:3947} INFO - Setting next_dagrun for example_skip_dag to 2026-07-01 00:00:00+00:00, run_after=2026-07-02 00:00:00+00:00
[2026-07-02T16:36:13.912+0000] {processor.py:183} INFO - Processing /usr/local/python/3.12.1/lib/python3.12/site-packages/airflow/example_dags/example_skip_dag.py took 0.168 seconds
[2026-07-02T16:36:58.921+0000] {processor.py:161} INFO - Started process (PID=137217) to work on /usr/local/python/3.12.1/lib/python3.12/site-packages/airflow/example_dags/example_skip_dag.py
[2026-07-02T16:36:58.922+0000] {processor.py:830} INFO - Processing file /usr/local/python/3.12.1/lib/python3.12/site-packages/airflow/example_dags/example_skip_dag.py for tasks to queue
[2026-07-02T16:36:58.924+0000] {logging_mixin.py:188} INFO - [2026-07-02T16:36:58.923+0000] {dagbag.py:545} INFO - Filling up the DagBag from /usr/local/python/3.12.1/lib/python3.12/site-packages/airflow/example_dags/example_skip_dag.py
[2026-07-02T16:36:58.929+0000] {processor.py:840} INFO - DAG(s) 'example_skip_dag' retrieved from /usr/local/python/3.12.1/lib/python3.12/site-packages/airflow/example_dags/example_skip_dag.py
[2026-07-02T16:36:58.942+0000] {logging_mixin.py:188} INFO - [2026-07-02T16:36:58.942+0000] {dag.py:3089} INFO - Sync 1 DAGs
[2026-07-02T16:36:58.958+0000] {logging_mixin.py:188} INFO - [2026-07-02T16:36:58.958+0000] {dag.py:3947} INFO - Setting next_dagrun for example_skip_dag to 2026-07-01 00:00:00+00:00, run_after=2026-07-02 00:00:00+00:00
[2026-07-02T16:36:58.975+0000] {processor.py:183} INFO - Processing /usr/local/python/3.12.1/lib/python3.12/site-packages/airflow/example_dags/example_skip_dag.py took 0.061 seconds
[2026-07-02T16:37:45.098+0000] {processor.py:161} INFO - Started process (PID=138480) to work on /usr/local/python/3.12.1/lib/python3.12/site-packages/airflow/example_dags/example_skip_dag.py
[2026-07-02T16:37:45.099+0000] {processor.py:830} INFO - Processing file /usr/local/python/3.12.1/lib/python3.12/site-packages/airflow/example_dags/example_skip_dag.py for tasks to queue
[2026-07-02T16:37:45.103+0000] {logging_mixin.py:188} INFO - [2026-07-02T16:37:45.102+0000] {dagbag.py:545} INFO - Filling up the DagBag from /usr/local/python/3.12.1/lib/python3.12/site-packages/airflow/example_dags/example_skip_dag.py
[2026-07-02T16:37:45.121+0000] {processor.py:840} INFO - DAG(s) 'example_skip_dag' retrieved from /usr/local/python/3.12.1/lib/python3.12/site-packages/airflow/example_dags/example_skip_dag.py
[2026-07-02T16:37:45.165+0000] {logging_mixin.py:188} INFO - [2026-07-02T16:37:45.164+0000] {dag.py:3089} INFO - Sync 1 DAGs
[2026-07-02T16:37:45.221+0000] {logging_mixin.py:188} INFO - [2026-07-02T16:37:45.220+0000] {dag.py:3947} INFO - Setting next_dagrun for example_skip_dag to 2026-07-01 00:00:00+00:00, run_after=2026-07-02 00:00:00+00:00
[2026-07-02T16:37:45.267+0000] {processor.py:183} INFO - Processing /usr/local/python/3.12.1/lib/python3.12/site-packages/airflow/example_dags/example_skip_dag.py took 0.195 seconds
[2026-07-02T16:38:31.625+0000] {processor.py:161} INFO - Started process (PID=139481) to work on /usr/local/python/3.12.1/lib/python3.12/site-packages/airflow/example_dags/example_skip_dag.py
[2026-07-02T16:38:31.626+0000] {processor.py:830} INFO - Processing file /usr/local/python/3.12.1/lib/python3.12/site-packages/airflow/example_dags/example_skip_dag.py for tasks to queue
[2026-07-02T16:38:31.627+0000] {logging_mixin.py:188} INFO - [2026-07-02T16:38:31.627+0000] {dagbag.py:545} INFO - Filling up the DagBag from /usr/local/python/3.12.1/lib/python3.12/site-packages/airflow/example_dags/example_skip_dag.py
[2026-07-02T16:38:31.633+0000] {processor.py:840} INFO - DAG(s) 'example_skip_dag' retrieved from /usr/local/python/3.12.1/lib/python3.12/site-packages/airflow/example_dags/example_skip_dag.py
[2026-07-02T16:38:31.646+0000] {logging_mixin.py:188} INFO - [2026-07-02T16:38:31.646+0000] {dag.py:3089} INFO - Sync 1 DAGs
[2026-07-02T16:38:31.661+0000] {logging_mixin.py:188} INFO - [2026-07-02T16:38:31.661+0000] {dag.py:3947} INFO - Setting next_dagrun for example_skip_dag to 2026-07-01 00:00:00+00:00, run_after=2026-07-02 00:00:00+00:00
[2026-07-02T16:38:31.680+0000] {processor.py:183} INFO - Processing /usr/local/python/3.12.1/lib/python3.12/site-packages/airflow/example_dags/example_skip_dag.py took 0.060 seconds
[2026-07-02T16:39:19.872+0000] {processor.py:161} INFO - Started process (PID=140123) to work on /usr/local/python/3.12.1/lib/python3.12/site-packages/airflow/example_dags/example_skip_dag.py
[2026-07-02T16:39:19.875+0000] {processor.py:830} INFO - Processing file /usr/local/python/3.12.1/lib/python3.12/site-packages/airflow/example_dags/example_skip_dag.py for tasks to queue
[2026-07-02T16:39:19.883+0000] {logging_mixin.py:188} INFO - [2026-07-02T16:39:19.882+0000] {dagbag.py:545} INFO - Filling up the DagBag from /usr/local/python/3.12.1/lib/python3.12/site-packages/airflow/example_dags/example_skip_dag.py
[2026-07-02T16:39:19.902+0000] {processor.py:840} INFO - DAG(s) 'example_skip_dag' retrieved from /usr/local/python/3.12.1/lib/python3.12/site-packages/airflow/example_dags/example_skip_dag.py
[2026-07-02T16:39:19.950+0000] {logging_mixin.py:188} INFO - [2026-07-02T16:39:19.949+0000] {dag.py:3089} INFO - Sync 1 DAGs
[2026-07-02T16:39:20.009+0000] {logging_mixin.py:188} INFO - [2026-07-02T16:39:20.008+0000] {dag.py:3947} INFO - Setting next_dagrun for example_skip_dag to 2026-07-01 00:00:00+00:00, run_after=2026-07-02 00:00:00+00:00
[2026-07-02T16:39:20.065+0000] {processor.py:183} INFO - Processing /usr/local/python/3.12.1/lib/python3.12/site-packages/airflow/example_dags/example_skip_dag.py took 0.203 seconds
[2026-07-02T16:40:04.876+0000] {processor.py:161} INFO - Started process (PID=140738) to work on /usr/local/python/3.12.1/lib/python3.12/site-packages/airflow/example_dags/example_skip_dag.py
[2026-07-02T16:40:04.877+0000] {processor.py:830} INFO - Processing file /usr/local/python/3.12.1/lib/python3.12/site-packages/airflow/example_dags/example_skip_dag.py for tasks to queue
[2026-07-02T16:40:04.879+0000] {logging_mixin.py:188} INFO - [2026-07-02T16:40:04.879+0000] {dagbag.py:545} INFO - Filling up the DagBag from /usr/local/python/3.12.1/lib/python3.12/site-packages/airflow/example_dags/example_skip_dag.py
[2026-07-02T16:40:04.897+0000] {processor.py:840} INFO - DAG(s) 'example_skip_dag' retrieved from /usr/local/python/3.12.1/lib/python3.12/site-packages/airflow/example_dags/example_skip_dag.py
[2026-07-02T16:40:04.933+0000] {logging_mixin.py:188} INFO - [2026-07-02T16:40:04.932+0000] {dag.py:3089} INFO - Sync 1 DAGs
[2026-07-02T16:40:04.964+0000] {logging_mixin.py:188} INFO - [2026-07-02T16:40:04.962+0000] {dag.py:3947} INFO - Setting next_dagrun for example_skip_dag to 2026-07-01 00:00:00+00:00, run_after=2026-07-02 00:00:00+00:00
[2026-07-02T16:40:05.007+0000] {processor.py:183} INFO - Processing /usr/local/python/3.12.1/lib/python3.12/site-packages/airflow/example_dags/example_skip_dag.py took 0.140 seconds
