[2026-07-02T16:24:10.312+0000] {processor.py:161} INFO - Started process (PID=117497) to work on /usr/local/python/3.12.1/lib/python3.12/site-packages/airflow/example_dags/example_trigger_controller_dag.py
[2026-07-02T16:24:10.313+0000] {processor.py:830} INFO - Processing file /usr/local/python/3.12.1/lib/python3.12/site-packages/airflow/example_dags/example_trigger_controller_dag.py for tasks to queue
[2026-07-02T16:24:10.317+0000] {logging_mixin.py:188} INFO - [2026-07-02T16:24:10.317+0000] {dagbag.py:545} INFO - Filling up the DagBag from /usr/local/python/3.12.1/lib/python3.12/site-packages/airflow/example_dags/example_trigger_controller_dag.py
[2026-07-02T16:24:10.325+0000] {processor.py:840} INFO - DAG(s) 'example_trigger_controller_dag' retrieved from /usr/local/python/3.12.1/lib/python3.12/site-packages/airflow/example_dags/example_trigger_controller_dag.py
[2026-07-02T16:24:10.494+0000] {logging_mixin.py:188} INFO - [2026-07-02T16:24:10.493+0000] {override.py:1858} INFO - Created Permission View: can delete on DAG:example_trigger_controller_dag
[2026-07-02T16:24:10.525+0000] {logging_mixin.py:188} INFO - [2026-07-02T16:24:10.525+0000] {override.py:1858} INFO - Created Permission View: can read on DAG:example_trigger_controller_dag
[2026-07-02T16:24:10.537+0000] {logging_mixin.py:188} INFO - [2026-07-02T16:24:10.537+0000] {override.py:1858} INFO - Created Permission View: can edit on DAG:example_trigger_controller_dag
[2026-07-02T16:24:10.538+0000] {logging_mixin.py:188} INFO - [2026-07-02T16:24:10.537+0000] {dag.py:3089} INFO - Sync 1 DAGs
[2026-07-02T16:24:10.552+0000] {logging_mixin.py:188} INFO - [2026-07-02T16:24:10.551+0000] {dag.py:3111} INFO - Creating ORM DAG for example_trigger_controller_dag
[2026-07-02T16:24:10.564+0000] {logging_mixin.py:188} INFO - [2026-07-02T16:24:10.563+0000] {dag.py:3947} INFO - Setting next_dagrun for example_trigger_controller_dag to 2021-01-01 00:00:00+00:00, run_after=2021-01-01 00:00:00+00:00
[2026-07-02T16:24:10.593+0000] {processor.py:183} INFO - Processing /usr/local/python/3.12.1/lib/python3.12/site-packages/airflow/example_dags/example_trigger_controller_dag.py took 0.291 seconds
[2026-07-02T16:25:07.253+0000] {processor.py:161} INFO - Started process (PID=118341) to work on /usr/local/python/3.12.1/lib/python3.12/site-packages/airflow/example_dags/example_trigger_controller_dag.py
[2026-07-02T16:25:07.254+0000] {processor.py:830} INFO - Processing file /usr/local/python/3.12.1/lib/python3.12/site-packages/airflow/example_dags/example_trigger_controller_dag.py for tasks to queue
[2026-07-02T16:25:07.256+0000] {logging_mixin.py:188} INFO - [2026-07-02T16:25:07.255+0000] {dagbag.py:545} INFO - Filling up the DagBag from /usr/local/python/3.12.1/lib/python3.12/site-packages/airflow/example_dags/example_trigger_controller_dag.py
[2026-07-02T16:25:07.260+0000] {processor.py:840} INFO - DAG(s) 'example_trigger_controller_dag' retrieved from /usr/local/python/3.12.1/lib/python3.12/site-packages/airflow/example_dags/example_trigger_controller_dag.py
[2026-07-02T16:25:07.273+0000] {logging_mixin.py:188} INFO - [2026-07-02T16:25:07.273+0000] {dag.py:3089} INFO - Sync 1 DAGs
[2026-07-02T16:25:07.299+0000] {logging_mixin.py:188} INFO - [2026-07-02T16:25:07.299+0000] {dag.py:3947} INFO - Setting next_dagrun for example_trigger_controller_dag to 2021-01-01 00:00:00+00:00, run_after=2021-01-01 00:00:00+00:00
[2026-07-02T16:25:07.320+0000] {processor.py:183} INFO - Processing /usr/local/python/3.12.1/lib/python3.12/site-packages/airflow/example_dags/example_trigger_controller_dag.py took 0.071 seconds
[2026-07-02T16:25:52.549+0000] {processor.py:161} INFO - Started process (PID=121897) to work on /usr/local/python/3.12.1/lib/python3.12/site-packages/airflow/example_dags/example_trigger_controller_dag.py
[2026-07-02T16:25:52.550+0000] {processor.py:830} INFO - Processing file /usr/local/python/3.12.1/lib/python3.12/site-packages/airflow/example_dags/example_trigger_controller_dag.py for tasks to queue
[2026-07-02T16:25:52.554+0000] {logging_mixin.py:188} INFO - [2026-07-02T16:25:52.553+0000] {dagbag.py:545} INFO - Filling up the DagBag from /usr/local/python/3.12.1/lib/python3.12/site-packages/airflow/example_dags/example_trigger_controller_dag.py
[2026-07-02T16:25:52.564+0000] {processor.py:840} INFO - DAG(s) 'example_trigger_controller_dag' retrieved from /usr/local/python/3.12.1/lib/python3.12/site-packages/airflow/example_dags/example_trigger_controller_dag.py
[2026-07-02T16:25:52.589+0000] {logging_mixin.py:188} INFO - [2026-07-02T16:25:52.589+0000] {dag.py:3089} INFO - Sync 1 DAGs
[2026-07-02T16:25:52.621+0000] {logging_mixin.py:188} INFO - [2026-07-02T16:25:52.621+0000] {dag.py:3947} INFO - Setting next_dagrun for example_trigger_controller_dag to 2021-01-01 00:00:00+00:00, run_after=2021-01-01 00:00:00+00:00
[2026-07-02T16:25:52.659+0000] {processor.py:183} INFO - Processing /usr/local/python/3.12.1/lib/python3.12/site-packages/airflow/example_dags/example_trigger_controller_dag.py took 0.121 seconds
[2026-07-02T16:26:44.610+0000] {processor.py:161} INFO - Started process (PID=126514) to work on /usr/local/python/3.12.1/lib/python3.12/site-packages/airflow/example_dags/example_trigger_controller_dag.py
[2026-07-02T16:26:44.613+0000] {processor.py:830} INFO - Processing file /usr/local/python/3.12.1/lib/python3.12/site-packages/airflow/example_dags/example_trigger_controller_dag.py for tasks to queue
[2026-07-02T16:26:44.620+0000] {logging_mixin.py:188} INFO - [2026-07-02T16:26:44.619+0000] {dagbag.py:545} INFO - Filling up the DagBag from /usr/local/python/3.12.1/lib/python3.12/site-packages/airflow/example_dags/example_trigger_controller_dag.py
[2026-07-02T16:26:44.630+0000] {processor.py:840} INFO - DAG(s) 'example_trigger_controller_dag' retrieved from /usr/local/python/3.12.1/lib/python3.12/site-packages/airflow/example_dags/example_trigger_controller_dag.py
[2026-07-02T16:26:44.646+0000] {logging_mixin.py:188} INFO - [2026-07-02T16:26:44.646+0000] {dag.py:3089} INFO - Sync 1 DAGs
[2026-07-02T16:26:44.666+0000] {logging_mixin.py:188} INFO - [2026-07-02T16:26:44.665+0000] {dag.py:3947} INFO - Setting next_dagrun for example_trigger_controller_dag to 2021-01-01 00:00:00+00:00, run_after=2021-01-01 00:00:00+00:00
[2026-07-02T16:26:44.687+0000] {processor.py:183} INFO - Processing /usr/local/python/3.12.1/lib/python3.12/site-packages/airflow/example_dags/example_trigger_controller_dag.py took 0.094 seconds
[2026-07-02T16:27:58.644+0000] {processor.py:161} INFO - Started process (PID=128650) to work on /usr/local/python/3.12.1/lib/python3.12/site-packages/airflow/example_dags/example_trigger_controller_dag.py
[2026-07-02T16:27:58.658+0000] {processor.py:830} INFO - Processing file /usr/local/python/3.12.1/lib/python3.12/site-packages/airflow/example_dags/example_trigger_controller_dag.py for tasks to queue
[2026-07-02T16:27:58.661+0000] {logging_mixin.py:188} INFO - [2026-07-02T16:27:58.660+0000] {dagbag.py:545} INFO - Filling up the DagBag from /usr/local/python/3.12.1/lib/python3.12/site-packages/airflow/example_dags/example_trigger_controller_dag.py
[2026-07-02T16:27:58.677+0000] {processor.py:840} INFO - DAG(s) 'example_trigger_controller_dag' retrieved from /usr/local/python/3.12.1/lib/python3.12/site-packages/airflow/example_dags/example_trigger_controller_dag.py
[2026-07-02T16:27:58.703+0000] {logging_mixin.py:188} INFO - [2026-07-02T16:27:58.703+0000] {dag.py:3089} INFO - Sync 1 DAGs
[2026-07-02T16:27:58.758+0000] {logging_mixin.py:188} INFO - [2026-07-02T16:27:58.758+0000] {dag.py:3947} INFO - Setting next_dagrun for example_trigger_controller_dag to 2021-01-01 00:00:00+00:00, run_after=2021-01-01 00:00:00+00:00
[2026-07-02T16:27:58.788+0000] {processor.py:183} INFO - Processing /usr/local/python/3.12.1/lib/python3.12/site-packages/airflow/example_dags/example_trigger_controller_dag.py took 0.174 seconds
[2026-07-02T16:28:57.106+0000] {processor.py:161} INFO - Started process (PID=129580) to work on /usr/local/python/3.12.1/lib/python3.12/site-packages/airflow/example_dags/example_trigger_controller_dag.py
[2026-07-02T16:28:57.124+0000] {processor.py:830} INFO - Processing file /usr/local/python/3.12.1/lib/python3.12/site-packages/airflow/example_dags/example_trigger_controller_dag.py for tasks to queue
[2026-07-02T16:28:57.127+0000] {logging_mixin.py:188} INFO - [2026-07-02T16:28:57.126+0000] {dagbag.py:545} INFO - Filling up the DagBag from /usr/local/python/3.12.1/lib/python3.12/site-packages/airflow/example_dags/example_trigger_controller_dag.py
[2026-07-02T16:28:57.134+0000] {processor.py:840} INFO - DAG(s) 'example_trigger_controller_dag' retrieved from /usr/local/python/3.12.1/lib/python3.12/site-packages/airflow/example_dags/example_trigger_controller_dag.py
[2026-07-02T16:28:57.156+0000] {logging_mixin.py:188} INFO - [2026-07-02T16:28:57.155+0000] {dag.py:3089} INFO - Sync 1 DAGs
[2026-07-02T16:28:57.392+0000] {logging_mixin.py:188} INFO - [2026-07-02T16:28:57.391+0000] {dag.py:3947} INFO - Setting next_dagrun for example_trigger_controller_dag to 2021-01-01 00:00:00+00:00, run_after=2021-01-01 00:00:00+00:00
[2026-07-02T16:28:57.506+0000] {processor.py:183} INFO - Processing /usr/local/python/3.12.1/lib/python3.12/site-packages/airflow/example_dags/example_trigger_controller_dag.py took 0.409 seconds
[2026-07-02T16:29:58.824+0000] {processor.py:161} INFO - Started process (PID=130218) to work on /usr/local/python/3.12.1/lib/python3.12/site-packages/airflow/example_dags/example_trigger_controller_dag.py
[2026-07-02T16:29:58.825+0000] {processor.py:830} INFO - Processing file /usr/local/python/3.12.1/lib/python3.12/site-packages/airflow/example_dags/example_trigger_controller_dag.py for tasks to queue
[2026-07-02T16:29:58.826+0000] {logging_mixin.py:188} INFO - [2026-07-02T16:29:58.826+0000] {dagbag.py:545} INFO - Filling up the DagBag from /usr/local/python/3.12.1/lib/python3.12/site-packages/airflow/example_dags/example_trigger_controller_dag.py
[2026-07-02T16:29:58.831+0000] {processor.py:840} INFO - DAG(s) 'example_trigger_controller_dag' retrieved from /usr/local/python/3.12.1/lib/python3.12/site-packages/airflow/example_dags/example_trigger_controller_dag.py
[2026-07-02T16:29:58.845+0000] {logging_mixin.py:188} INFO - [2026-07-02T16:29:58.845+0000] {dag.py:3089} INFO - Sync 1 DAGs
[2026-07-02T16:29:58.860+0000] {logging_mixin.py:188} INFO - [2026-07-02T16:29:58.860+0000] {dag.py:3947} INFO - Setting next_dagrun for example_trigger_controller_dag to 2021-01-01 00:00:00+00:00, run_after=2021-01-01 00:00:00+00:00
[2026-07-02T16:29:58.879+0000] {processor.py:183} INFO - Processing /usr/local/python/3.12.1/lib/python3.12/site-packages/airflow/example_dags/example_trigger_controller_dag.py took 0.060 seconds
[2026-07-02T16:30:51.812+0000] {processor.py:161} INFO - Started process (PID=130812) to work on /usr/local/python/3.12.1/lib/python3.12/site-packages/airflow/example_dags/example_trigger_controller_dag.py
[2026-07-02T16:30:51.812+0000] {processor.py:830} INFO - Processing file /usr/local/python/3.12.1/lib/python3.12/site-packages/airflow/example_dags/example_trigger_controller_dag.py for tasks to queue
[2026-07-02T16:30:51.814+0000] {logging_mixin.py:188} INFO - [2026-07-02T16:30:51.813+0000] {dagbag.py:545} INFO - Filling up the DagBag from /usr/local/python/3.12.1/lib/python3.12/site-packages/airflow/example_dags/example_trigger_controller_dag.py
[2026-07-02T16:30:51.819+0000] {processor.py:840} INFO - DAG(s) 'example_trigger_controller_dag' retrieved from /usr/local/python/3.12.1/lib/python3.12/site-packages/airflow/example_dags/example_trigger_controller_dag.py
[2026-07-02T16:30:51.833+0000] {logging_mixin.py:188} INFO - [2026-07-02T16:30:51.833+0000] {dag.py:3089} INFO - Sync 1 DAGs
[2026-07-02T16:30:51.848+0000] {logging_mixin.py:188} INFO - [2026-07-02T16:30:51.848+0000] {dag.py:3947} INFO - Setting next_dagrun for example_trigger_controller_dag to 2021-01-01 00:00:00+00:00, run_after=2021-01-01 00:00:00+00:00
[2026-07-02T16:30:51.864+0000] {processor.py:183} INFO - Processing /usr/local/python/3.12.1/lib/python3.12/site-packages/airflow/example_dags/example_trigger_controller_dag.py took 0.057 seconds
[2026-07-02T16:31:41.617+0000] {processor.py:161} INFO - Started process (PID=131374) to work on /usr/local/python/3.12.1/lib/python3.12/site-packages/airflow/example_dags/example_trigger_controller_dag.py
[2026-07-02T16:31:41.618+0000] {processor.py:830} INFO - Processing file /usr/local/python/3.12.1/lib/python3.12/site-packages/airflow/example_dags/example_trigger_controller_dag.py for tasks to queue
[2026-07-02T16:31:41.619+0000] {logging_mixin.py:188} INFO - [2026-07-02T16:31:41.619+0000] {dagbag.py:545} INFO - Filling up the DagBag from /usr/local/python/3.12.1/lib/python3.12/site-packages/airflow/example_dags/example_trigger_controller_dag.py
[2026-07-02T16:31:41.624+0000] {processor.py:840} INFO - DAG(s) 'example_trigger_controller_dag' retrieved from /usr/local/python/3.12.1/lib/python3.12/site-packages/airflow/example_dags/example_trigger_controller_dag.py
[2026-07-02T16:31:41.636+0000] {logging_mixin.py:188} INFO - [2026-07-02T16:31:41.635+0000] {dag.py:3089} INFO - Sync 1 DAGs
[2026-07-02T16:31:41.650+0000] {logging_mixin.py:188} INFO - [2026-07-02T16:31:41.650+0000] {dag.py:3947} INFO - Setting next_dagrun for example_trigger_controller_dag to 2021-01-01 00:00:00+00:00, run_after=2021-01-01 00:00:00+00:00
[2026-07-02T16:31:41.667+0000] {processor.py:183} INFO - Processing /usr/local/python/3.12.1/lib/python3.12/site-packages/airflow/example_dags/example_trigger_controller_dag.py took 0.054 seconds
[2026-07-02T16:32:32.600+0000] {processor.py:161} INFO - Started process (PID=133085) to work on /usr/local/python/3.12.1/lib/python3.12/site-packages/airflow/example_dags/example_trigger_controller_dag.py
[2026-07-02T16:32:32.602+0000] {processor.py:830} INFO - Processing file /usr/local/python/3.12.1/lib/python3.12/site-packages/airflow/example_dags/example_trigger_controller_dag.py for tasks to queue
[2026-07-02T16:32:32.604+0000] {logging_mixin.py:188} INFO - [2026-07-02T16:32:32.604+0000] {dagbag.py:545} INFO - Filling up the DagBag from /usr/local/python/3.12.1/lib/python3.12/site-packages/airflow/example_dags/example_trigger_controller_dag.py
[2026-07-02T16:32:32.611+0000] {processor.py:840} INFO - DAG(s) 'example_trigger_controller_dag' retrieved from /usr/local/python/3.12.1/lib/python3.12/site-packages/airflow/example_dags/example_trigger_controller_dag.py
[2026-07-02T16:32:32.628+0000] {logging_mixin.py:188} INFO - [2026-07-02T16:32:32.628+0000] {dag.py:3089} INFO - Sync 1 DAGs
[2026-07-02T16:32:32.651+0000] {logging_mixin.py:188} INFO - [2026-07-02T16:32:32.651+0000] {dag.py:3947} INFO - Setting next_dagrun for example_trigger_controller_dag to 2021-01-01 00:00:00+00:00, run_after=2021-01-01 00:00:00+00:00
[2026-07-02T16:32:32.684+0000] {processor.py:183} INFO - Processing /usr/local/python/3.12.1/lib/python3.12/site-packages/airflow/example_dags/example_trigger_controller_dag.py took 0.090 seconds
[2026-07-02T16:33:22.212+0000] {processor.py:161} INFO - Started process (PID=133614) to work on /usr/local/python/3.12.1/lib/python3.12/site-packages/airflow/example_dags/example_trigger_controller_dag.py
[2026-07-02T16:33:22.215+0000] {processor.py:830} INFO - Processing file /usr/local/python/3.12.1/lib/python3.12/site-packages/airflow/example_dags/example_trigger_controller_dag.py for tasks to queue
[2026-07-02T16:33:22.229+0000] {logging_mixin.py:188} INFO - [2026-07-02T16:33:22.216+0000] {dagbag.py:545} INFO - Filling up the DagBag from /usr/local/python/3.12.1/lib/python3.12/site-packages/airflow/example_dags/example_trigger_controller_dag.py
[2026-07-02T16:33:22.249+0000] {processor.py:840} INFO - DAG(s) 'example_trigger_controller_dag' retrieved from /usr/local/python/3.12.1/lib/python3.12/site-packages/airflow/example_dags/example_trigger_controller_dag.py
[2026-07-02T16:33:22.292+0000] {logging_mixin.py:188} INFO - [2026-07-02T16:33:22.292+0000] {dag.py:3089} INFO - Sync 1 DAGs
[2026-07-02T16:33:22.341+0000] {logging_mixin.py:188} INFO - [2026-07-02T16:33:22.341+0000] {dag.py:3947} INFO - Setting next_dagrun for example_trigger_controller_dag to 2021-01-01 00:00:00+00:00, run_after=2021-01-01 00:00:00+00:00
[2026-07-02T16:33:22.375+0000] {processor.py:183} INFO - Processing /usr/local/python/3.12.1/lib/python3.12/site-packages/airflow/example_dags/example_trigger_controller_dag.py took 0.195 seconds
[2026-07-02T16:34:10.444+0000] {processor.py:161} INFO - Started process (PID=134237) to work on /usr/local/python/3.12.1/lib/python3.12/site-packages/airflow/example_dags/example_trigger_controller_dag.py
[2026-07-02T16:34:10.446+0000] {processor.py:830} INFO - Processing file /usr/local/python/3.12.1/lib/python3.12/site-packages/airflow/example_dags/example_trigger_controller_dag.py for tasks to queue
[2026-07-02T16:34:10.450+0000] {logging_mixin.py:188} INFO - [2026-07-02T16:34:10.449+0000] {dagbag.py:545} INFO - Filling up the DagBag from /usr/local/python/3.12.1/lib/python3.12/site-packages/airflow/example_dags/example_trigger_controller_dag.py
[2026-07-02T16:34:10.455+0000] {processor.py:840} INFO - DAG(s) 'example_trigger_controller_dag' retrieved from /usr/local/python/3.12.1/lib/python3.12/site-packages/airflow/example_dags/example_trigger_controller_dag.py
[2026-07-02T16:34:10.468+0000] {logging_mixin.py:188} INFO - [2026-07-02T16:34:10.467+0000] {dag.py:3089} INFO - Sync 1 DAGs
[2026-07-02T16:34:10.496+0000] {logging_mixin.py:188} INFO - [2026-07-02T16:34:10.496+0000] {dag.py:3947} INFO - Setting next_dagrun for example_trigger_controller_dag to 2021-01-01 00:00:00+00:00, run_after=2021-01-01 00:00:00+00:00
[2026-07-02T16:34:10.513+0000] {processor.py:183} INFO - Processing /usr/local/python/3.12.1/lib/python3.12/site-packages/airflow/example_dags/example_trigger_controller_dag.py took 0.077 seconds
[2026-07-02T16:35:00.758+0000] {processor.py:161} INFO - Started process (PID=134879) to work on /usr/local/python/3.12.1/lib/python3.12/site-packages/airflow/example_dags/example_trigger_controller_dag.py
[2026-07-02T16:35:00.760+0000] {processor.py:830} INFO - Processing file /usr/local/python/3.12.1/lib/python3.12/site-packages/airflow/example_dags/example_trigger_controller_dag.py for tasks to queue
[2026-07-02T16:35:00.761+0000] {logging_mixin.py:188} INFO - [2026-07-02T16:35:00.761+0000] {dagbag.py:545} INFO - Filling up the DagBag from /usr/local/python/3.12.1/lib/python3.12/site-packages/airflow/example_dags/example_trigger_controller_dag.py
[2026-07-02T16:35:00.766+0000] {processor.py:840} INFO - DAG(s) 'example_trigger_controller_dag' retrieved from /usr/local/python/3.12.1/lib/python3.12/site-packages/airflow/example_dags/example_trigger_controller_dag.py
[2026-07-02T16:35:00.780+0000] {logging_mixin.py:188} INFO - [2026-07-02T16:35:00.780+0000] {dag.py:3089} INFO - Sync 1 DAGs
[2026-07-02T16:35:00.799+0000] {logging_mixin.py:188} INFO - [2026-07-02T16:35:00.799+0000] {dag.py:3947} INFO - Setting next_dagrun for example_trigger_controller_dag to 2021-01-01 00:00:00+00:00, run_after=2021-01-01 00:00:00+00:00
[2026-07-02T16:35:00.815+0000] {processor.py:183} INFO - Processing /usr/local/python/3.12.1/lib/python3.12/site-packages/airflow/example_dags/example_trigger_controller_dag.py took 0.062 seconds
[2026-07-02T16:35:56.172+0000] {processor.py:161} INFO - Started process (PID=136399) to work on /usr/local/python/3.12.1/lib/python3.12/site-packages/airflow/example_dags/example_trigger_controller_dag.py
[2026-07-02T16:35:56.175+0000] {processor.py:830} INFO - Processing file /usr/local/python/3.12.1/lib/python3.12/site-packages/airflow/example_dags/example_trigger_controller_dag.py for tasks to queue
[2026-07-02T16:35:56.177+0000] {logging_mixin.py:188} INFO - [2026-07-02T16:35:56.177+0000] {dagbag.py:545} INFO - Filling up the DagBag from /usr/local/python/3.12.1/lib/python3.12/site-packages/airflow/example_dags/example_trigger_controller_dag.py
[2026-07-02T16:35:56.183+0000] {processor.py:840} INFO - DAG(s) 'example_trigger_controller_dag' retrieved from /usr/local/python/3.12.1/lib/python3.12/site-packages/airflow/example_dags/example_trigger_controller_dag.py
[2026-07-02T16:35:56.198+0000] {logging_mixin.py:188} INFO - [2026-07-02T16:35:56.198+0000] {dag.py:3089} INFO - Sync 1 DAGs
[2026-07-02T16:35:56.212+0000] {logging_mixin.py:188} INFO - [2026-07-02T16:35:56.212+0000] {dag.py:3947} INFO - Setting next_dagrun for example_trigger_controller_dag to 2021-01-01 00:00:00+00:00, run_after=2021-01-01 00:00:00+00:00
[2026-07-02T16:35:56.229+0000] {processor.py:183} INFO - Processing /usr/local/python/3.12.1/lib/python3.12/site-packages/airflow/example_dags/example_trigger_controller_dag.py took 0.062 seconds
[2026-07-02T16:36:47.135+0000] {processor.py:161} INFO - Started process (PID=137047) to work on /usr/local/python/3.12.1/lib/python3.12/site-packages/airflow/example_dags/example_trigger_controller_dag.py
[2026-07-02T16:36:47.136+0000] {processor.py:830} INFO - Processing file /usr/local/python/3.12.1/lib/python3.12/site-packages/airflow/example_dags/example_trigger_controller_dag.py for tasks to queue
[2026-07-02T16:36:47.137+0000] {logging_mixin.py:188} INFO - [2026-07-02T16:36:47.137+0000] {dagbag.py:545} INFO - Filling up the DagBag from /usr/local/python/3.12.1/lib/python3.12/site-packages/airflow/example_dags/example_trigger_controller_dag.py
[2026-07-02T16:36:47.142+0000] {processor.py:840} INFO - DAG(s) 'example_trigger_controller_dag' retrieved from /usr/local/python/3.12.1/lib/python3.12/site-packages/airflow/example_dags/example_trigger_controller_dag.py
[2026-07-02T16:36:47.154+0000] {logging_mixin.py:188} INFO - [2026-07-02T16:36:47.154+0000] {dag.py:3089} INFO - Sync 1 DAGs
[2026-07-02T16:36:47.168+0000] {logging_mixin.py:188} INFO - [2026-07-02T16:36:47.168+0000] {dag.py:3947} INFO - Setting next_dagrun for example_trigger_controller_dag to 2021-01-01 00:00:00+00:00, run_after=2021-01-01 00:00:00+00:00
[2026-07-02T16:36:47.186+0000] {processor.py:183} INFO - Processing /usr/local/python/3.12.1/lib/python3.12/site-packages/airflow/example_dags/example_trigger_controller_dag.py took 0.056 seconds
[2026-07-02T16:37:34.350+0000] {processor.py:161} INFO - Started process (PID=138344) to work on /usr/local/python/3.12.1/lib/python3.12/site-packages/airflow/example_dags/example_trigger_controller_dag.py
[2026-07-02T16:37:34.352+0000] {processor.py:830} INFO - Processing file /usr/local/python/3.12.1/lib/python3.12/site-packages/airflow/example_dags/example_trigger_controller_dag.py for tasks to queue
[2026-07-02T16:37:34.354+0000] {logging_mixin.py:188} INFO - [2026-07-02T16:37:34.353+0000] {dagbag.py:545} INFO - Filling up the DagBag from /usr/local/python/3.12.1/lib/python3.12/site-packages/airflow/example_dags/example_trigger_controller_dag.py
[2026-07-02T16:37:34.359+0000] {processor.py:840} INFO - DAG(s) 'example_trigger_controller_dag' retrieved from /usr/local/python/3.12.1/lib/python3.12/site-packages/airflow/example_dags/example_trigger_controller_dag.py
[2026-07-02T16:37:34.379+0000] {logging_mixin.py:188} INFO - [2026-07-02T16:37:34.379+0000] {dag.py:3089} INFO - Sync 1 DAGs
[2026-07-02T16:37:34.402+0000] {logging_mixin.py:188} INFO - [2026-07-02T16:37:34.402+0000] {dag.py:3947} INFO - Setting next_dagrun for example_trigger_controller_dag to 2021-01-01 00:00:00+00:00, run_after=2021-01-01 00:00:00+00:00
[2026-07-02T16:37:34.428+0000] {processor.py:183} INFO - Processing /usr/local/python/3.12.1/lib/python3.12/site-packages/airflow/example_dags/example_trigger_controller_dag.py took 0.084 seconds
[2026-07-02T16:38:17.069+0000] {processor.py:161} INFO - Started process (PID=139311) to work on /usr/local/python/3.12.1/lib/python3.12/site-packages/airflow/example_dags/example_trigger_controller_dag.py
[2026-07-02T16:38:17.079+0000] {processor.py:830} INFO - Processing file /usr/local/python/3.12.1/lib/python3.12/site-packages/airflow/example_dags/example_trigger_controller_dag.py for tasks to queue
[2026-07-02T16:38:17.088+0000] {logging_mixin.py:188} INFO - [2026-07-02T16:38:17.088+0000] {dagbag.py:545} INFO - Filling up the DagBag from /usr/local/python/3.12.1/lib/python3.12/site-packages/airflow/example_dags/example_trigger_controller_dag.py
[2026-07-02T16:38:17.138+0000] {processor.py:840} INFO - DAG(s) 'example_trigger_controller_dag' retrieved from /usr/local/python/3.12.1/lib/python3.12/site-packages/airflow/example_dags/example_trigger_controller_dag.py
[2026-07-02T16:38:17.205+0000] {logging_mixin.py:188} INFO - [2026-07-02T16:38:17.205+0000] {dag.py:3089} INFO - Sync 1 DAGs
[2026-07-02T16:38:17.279+0000] {logging_mixin.py:188} INFO - [2026-07-02T16:38:17.277+0000] {dag.py:3947} INFO - Setting next_dagrun for example_trigger_controller_dag to 2021-01-01 00:00:00+00:00, run_after=2021-01-01 00:00:00+00:00
[2026-07-02T16:38:17.336+0000] {processor.py:183} INFO - Processing /usr/local/python/3.12.1/lib/python3.12/site-packages/airflow/example_dags/example_trigger_controller_dag.py took 0.314 seconds
[2026-07-02T16:39:01.988+0000] {processor.py:161} INFO - Started process (PID=139911) to work on /usr/local/python/3.12.1/lib/python3.12/site-packages/airflow/example_dags/example_trigger_controller_dag.py
[2026-07-02T16:39:01.989+0000] {processor.py:830} INFO - Processing file /usr/local/python/3.12.1/lib/python3.12/site-packages/airflow/example_dags/example_trigger_controller_dag.py for tasks to queue
[2026-07-02T16:39:01.991+0000] {logging_mixin.py:188} INFO - [2026-07-02T16:39:01.990+0000] {dagbag.py:545} INFO - Filling up the DagBag from /usr/local/python/3.12.1/lib/python3.12/site-packages/airflow/example_dags/example_trigger_controller_dag.py
[2026-07-02T16:39:01.998+0000] {processor.py:840} INFO - DAG(s) 'example_trigger_controller_dag' retrieved from /usr/local/python/3.12.1/lib/python3.12/site-packages/airflow/example_dags/example_trigger_controller_dag.py
[2026-07-02T16:39:02.014+0000] {logging_mixin.py:188} INFO - [2026-07-02T16:39:02.014+0000] {dag.py:3089} INFO - Sync 1 DAGs
[2026-07-02T16:39:02.029+0000] {logging_mixin.py:188} INFO - [2026-07-02T16:39:02.029+0000] {dag.py:3947} INFO - Setting next_dagrun for example_trigger_controller_dag to 2021-01-01 00:00:00+00:00, run_after=2021-01-01 00:00:00+00:00
[2026-07-02T16:39:02.046+0000] {processor.py:183} INFO - Processing /usr/local/python/3.12.1/lib/python3.12/site-packages/airflow/example_dags/example_trigger_controller_dag.py took 0.062 seconds
[2026-07-02T16:39:48.131+0000] {processor.py:161} INFO - Started process (PID=140510) to work on /usr/local/python/3.12.1/lib/python3.12/site-packages/airflow/example_dags/example_trigger_controller_dag.py
[2026-07-02T16:39:48.134+0000] {processor.py:830} INFO - Processing file /usr/local/python/3.12.1/lib/python3.12/site-packages/airflow/example_dags/example_trigger_controller_dag.py for tasks to queue
[2026-07-02T16:39:48.138+0000] {logging_mixin.py:188} INFO - [2026-07-02T16:39:48.137+0000] {dagbag.py:545} INFO - Filling up the DagBag from /usr/local/python/3.12.1/lib/python3.12/site-packages/airflow/example_dags/example_trigger_controller_dag.py
[2026-07-02T16:39:48.151+0000] {processor.py:840} INFO - DAG(s) 'example_trigger_controller_dag' retrieved from /usr/local/python/3.12.1/lib/python3.12/site-packages/airflow/example_dags/example_trigger_controller_dag.py
[2026-07-02T16:39:48.187+0000] {logging_mixin.py:188} INFO - [2026-07-02T16:39:48.187+0000] {dag.py:3089} INFO - Sync 1 DAGs
[2026-07-02T16:39:48.228+0000] {logging_mixin.py:188} INFO - [2026-07-02T16:39:48.227+0000] {dag.py:3947} INFO - Setting next_dagrun for example_trigger_controller_dag to 2021-01-01 00:00:00+00:00, run_after=2021-01-01 00:00:00+00:00
[2026-07-02T16:39:48.255+0000] {processor.py:183} INFO - Processing /usr/local/python/3.12.1/lib/python3.12/site-packages/airflow/example_dags/example_trigger_controller_dag.py took 0.136 seconds
[2026-07-02T16:40:38.972+0000] {processor.py:161} INFO - Started process (PID=141289) to work on /usr/local/python/3.12.1/lib/python3.12/site-packages/airflow/example_dags/example_trigger_controller_dag.py
[2026-07-02T16:40:38.973+0000] {processor.py:830} INFO - Processing file /usr/local/python/3.12.1/lib/python3.12/site-packages/airflow/example_dags/example_trigger_controller_dag.py for tasks to queue
[2026-07-02T16:40:38.976+0000] {logging_mixin.py:188} INFO - [2026-07-02T16:40:38.975+0000] {dagbag.py:545} INFO - Filling up the DagBag from /usr/local/python/3.12.1/lib/python3.12/site-packages/airflow/example_dags/example_trigger_controller_dag.py
[2026-07-02T16:40:38.981+0000] {processor.py:840} INFO - DAG(s) 'example_trigger_controller_dag' retrieved from /usr/local/python/3.12.1/lib/python3.12/site-packages/airflow/example_dags/example_trigger_controller_dag.py
[2026-07-02T16:40:38.998+0000] {logging_mixin.py:188} INFO - [2026-07-02T16:40:38.997+0000] {dag.py:3089} INFO - Sync 1 DAGs
[2026-07-02T16:40:39.021+0000] {logging_mixin.py:188} INFO - [2026-07-02T16:40:39.021+0000] {dag.py:3947} INFO - Setting next_dagrun for example_trigger_controller_dag to 2021-01-01 00:00:00+00:00, run_after=2021-01-01 00:00:00+00:00
[2026-07-02T16:40:39.068+0000] {processor.py:183} INFO - Processing /usr/local/python/3.12.1/lib/python3.12/site-packages/airflow/example_dags/example_trigger_controller_dag.py took 0.107 seconds
[2026-07-02T16:41:34.329+0000] {processor.py:161} INFO - Started process (PID=142173) to work on /usr/local/python/3.12.1/lib/python3.12/site-packages/airflow/example_dags/example_trigger_controller_dag.py
[2026-07-02T16:41:34.330+0000] {processor.py:830} INFO - Processing file /usr/local/python/3.12.1/lib/python3.12/site-packages/airflow/example_dags/example_trigger_controller_dag.py for tasks to queue
[2026-07-02T16:41:34.331+0000] {logging_mixin.py:188} INFO - [2026-07-02T16:41:34.331+0000] {dagbag.py:545} INFO - Filling up the DagBag from /usr/local/python/3.12.1/lib/python3.12/site-packages/airflow/example_dags/example_trigger_controller_dag.py
[2026-07-02T16:41:34.335+0000] {processor.py:840} INFO - DAG(s) 'example_trigger_controller_dag' retrieved from /usr/local/python/3.12.1/lib/python3.12/site-packages/airflow/example_dags/example_trigger_controller_dag.py
[2026-07-02T16:41:34.347+0000] {logging_mixin.py:188} INFO - [2026-07-02T16:41:34.347+0000] {dag.py:3089} INFO - Sync 1 DAGs
[2026-07-02T16:41:34.362+0000] {logging_mixin.py:188} INFO - [2026-07-02T16:41:34.361+0000] {dag.py:3947} INFO - Setting next_dagrun for example_trigger_controller_dag to 2021-01-01 00:00:00+00:00, run_after=2021-01-01 00:00:00+00:00
[2026-07-02T16:41:34.380+0000] {processor.py:183} INFO - Processing /usr/local/python/3.12.1/lib/python3.12/site-packages/airflow/example_dags/example_trigger_controller_dag.py took 0.056 seconds
[2026-07-02T16:42:43.659+0000] {processor.py:161} INFO - Started process (PID=143179) to work on /usr/local/python/3.12.1/lib/python3.12/site-packages/airflow/example_dags/example_trigger_controller_dag.py
[2026-07-02T16:42:43.836+0000] {processor.py:830} INFO - Processing file /usr/local/python/3.12.1/lib/python3.12/site-packages/airflow/example_dags/example_trigger_controller_dag.py for tasks to queue
[2026-07-02T16:42:43.839+0000] {logging_mixin.py:188} INFO - [2026-07-02T16:42:43.839+0000] {dagbag.py:545} INFO - Filling up the DagBag from /usr/local/python/3.12.1/lib/python3.12/site-packages/airflow/example_dags/example_trigger_controller_dag.py
[2026-07-02T16:42:43.906+0000] {processor.py:840} INFO - DAG(s) 'example_trigger_controller_dag' retrieved from /usr/local/python/3.12.1/lib/python3.12/site-packages/airflow/example_dags/example_trigger_controller_dag.py
[2026-07-02T16:42:43.952+0000] {logging_mixin.py:188} INFO - [2026-07-02T16:42:43.951+0000] {dag.py:3089} INFO - Sync 1 DAGs
[2026-07-02T16:42:44.002+0000] {logging_mixin.py:188} INFO - [2026-07-02T16:42:44.001+0000] {dag.py:3947} INFO - Setting next_dagrun for example_trigger_controller_dag to 2021-01-01 00:00:00+00:00, run_after=2021-01-01 00:00:00+00:00
[2026-07-02T16:42:44.283+0000] {processor.py:183} INFO - Processing /usr/local/python/3.12.1/lib/python3.12/site-packages/airflow/example_dags/example_trigger_controller_dag.py took 0.638 seconds
[2026-07-02T16:43:47.996+0000] {processor.py:161} INFO - Started process (PID=144183) to work on /usr/local/python/3.12.1/lib/python3.12/site-packages/airflow/example_dags/example_trigger_controller_dag.py
[2026-07-02T16:43:47.996+0000] {processor.py:830} INFO - Processing file /usr/local/python/3.12.1/lib/python3.12/site-packages/airflow/example_dags/example_trigger_controller_dag.py for tasks to queue
[2026-07-02T16:43:47.999+0000] {logging_mixin.py:188} INFO - [2026-07-02T16:43:47.998+0000] {dagbag.py:545} INFO - Filling up the DagBag from /usr/local/python/3.12.1/lib/python3.12/site-packages/airflow/example_dags/example_trigger_controller_dag.py
[2026-07-02T16:43:48.006+0000] {processor.py:840} INFO - DAG(s) 'example_trigger_controller_dag' retrieved from /usr/local/python/3.12.1/lib/python3.12/site-packages/airflow/example_dags/example_trigger_controller_dag.py
[2026-07-02T16:43:48.019+0000] {logging_mixin.py:188} INFO - [2026-07-02T16:43:48.019+0000] {dag.py:3089} INFO - Sync 1 DAGs
[2026-07-02T16:43:48.034+0000] {logging_mixin.py:188} INFO - [2026-07-02T16:43:48.034+0000] {dag.py:3947} INFO - Setting next_dagrun for example_trigger_controller_dag to 2021-01-01 00:00:00+00:00, run_after=2021-01-01 00:00:00+00:00
[2026-07-02T16:43:48.050+0000] {processor.py:183} INFO - Processing /usr/local/python/3.12.1/lib/python3.12/site-packages/airflow/example_dags/example_trigger_controller_dag.py took 0.061 seconds
[2026-07-02T16:44:50.231+0000] {processor.py:161} INFO - Started process (PID=146442) to work on /usr/local/python/3.12.1/lib/python3.12/site-packages/airflow/example_dags/example_trigger_controller_dag.py
[2026-07-02T16:44:50.234+0000] {processor.py:830} INFO - Processing file /usr/local/python/3.12.1/lib/python3.12/site-packages/airflow/example_dags/example_trigger_controller_dag.py for tasks to queue
[2026-07-02T16:44:50.236+0000] {logging_mixin.py:188} INFO - [2026-07-02T16:44:50.236+0000] {dagbag.py:545} INFO - Filling up the DagBag from /usr/local/python/3.12.1/lib/python3.12/site-packages/airflow/example_dags/example_trigger_controller_dag.py
[2026-07-02T16:44:50.241+0000] {processor.py:840} INFO - DAG(s) 'example_trigger_controller_dag' retrieved from /usr/local/python/3.12.1/lib/python3.12/site-packages/airflow/example_dags/example_trigger_controller_dag.py
[2026-07-02T16:44:50.253+0000] {logging_mixin.py:188} INFO - [2026-07-02T16:44:50.253+0000] {dag.py:3089} INFO - Sync 1 DAGs
[2026-07-02T16:44:50.267+0000] {logging_mixin.py:188} INFO - [2026-07-02T16:44:50.267+0000] {dag.py:3947} INFO - Setting next_dagrun for example_trigger_controller_dag to 2021-01-01 00:00:00+00:00, run_after=2021-01-01 00:00:00+00:00
[2026-07-02T16:44:50.290+0000] {processor.py:183} INFO - Processing /usr/local/python/3.12.1/lib/python3.12/site-packages/airflow/example_dags/example_trigger_controller_dag.py took 0.064 seconds
[2026-07-02T16:45:59.405+0000] {processor.py:161} INFO - Started process (PID=148983) to work on /usr/local/python/3.12.1/lib/python3.12/site-packages/airflow/example_dags/example_trigger_controller_dag.py
[2026-07-02T16:45:59.411+0000] {processor.py:830} INFO - Processing file /usr/local/python/3.12.1/lib/python3.12/site-packages/airflow/example_dags/example_trigger_controller_dag.py for tasks to queue
[2026-07-02T16:45:59.413+0000] {logging_mixin.py:188} INFO - [2026-07-02T16:45:59.412+0000] {dagbag.py:545} INFO - Filling up the DagBag from /usr/local/python/3.12.1/lib/python3.12/site-packages/airflow/example_dags/example_trigger_controller_dag.py
[2026-07-02T16:45:59.420+0000] {processor.py:840} INFO - DAG(s) 'example_trigger_controller_dag' retrieved from /usr/local/python/3.12.1/lib/python3.12/site-packages/airflow/example_dags/example_trigger_controller_dag.py
[2026-07-02T16:45:59.439+0000] {logging_mixin.py:188} INFO - [2026-07-02T16:45:59.438+0000] {dag.py:3089} INFO - Sync 1 DAGs
[2026-07-02T16:45:59.462+0000] {logging_mixin.py:188} INFO - [2026-07-02T16:45:59.462+0000] {dag.py:3947} INFO - Setting next_dagrun for example_trigger_controller_dag to 2021-01-01 00:00:00+00:00, run_after=2021-01-01 00:00:00+00:00
[2026-07-02T16:45:59.503+0000] {processor.py:183} INFO - Processing /usr/local/python/3.12.1/lib/python3.12/site-packages/airflow/example_dags/example_trigger_controller_dag.py took 0.103 seconds
[2026-07-02T16:46:54.867+0000] {processor.py:161} INFO - Started process (PID=151016) to work on /usr/local/python/3.12.1/lib/python3.12/site-packages/airflow/example_dags/example_trigger_controller_dag.py
[2026-07-02T16:46:54.869+0000] {processor.py:830} INFO - Processing file /usr/local/python/3.12.1/lib/python3.12/site-packages/airflow/example_dags/example_trigger_controller_dag.py for tasks to queue
[2026-07-02T16:46:54.873+0000] {logging_mixin.py:188} INFO - [2026-07-02T16:46:54.873+0000] {dagbag.py:545} INFO - Filling up the DagBag from /usr/local/python/3.12.1/lib/python3.12/site-packages/airflow/example_dags/example_trigger_controller_dag.py
[2026-07-02T16:46:54.882+0000] {processor.py:840} INFO - DAG(s) 'example_trigger_controller_dag' retrieved from /usr/local/python/3.12.1/lib/python3.12/site-packages/airflow/example_dags/example_trigger_controller_dag.py
[2026-07-02T16:46:54.898+0000] {logging_mixin.py:188} INFO - [2026-07-02T16:46:54.898+0000] {dag.py:3089} INFO - Sync 1 DAGs
[2026-07-02T16:46:54.947+0000] {logging_mixin.py:188} INFO - [2026-07-02T16:46:54.947+0000] {dag.py:3947} INFO - Setting next_dagrun for example_trigger_controller_dag to 2021-01-01 00:00:00+00:00, run_after=2021-01-01 00:00:00+00:00
[2026-07-02T16:46:55.007+0000] {processor.py:183} INFO - Processing /usr/local/python/3.12.1/lib/python3.12/site-packages/airflow/example_dags/example_trigger_controller_dag.py took 0.148 seconds
