[2026-07-02T16:24:25.699+0000] {processor.py:161} INFO - Started process (PID=117728) to work on /usr/local/python/3.12.1/lib/python3.12/site-packages/airflow/example_dags/example_python_decorator.py
[2026-07-02T16:24:25.700+0000] {processor.py:830} INFO - Processing file /usr/local/python/3.12.1/lib/python3.12/site-packages/airflow/example_dags/example_python_decorator.py for tasks to queue
[2026-07-02T16:24:25.702+0000] {logging_mixin.py:188} INFO - [2026-07-02T16:24:25.701+0000] {dagbag.py:545} INFO - Filling up the DagBag from /usr/local/python/3.12.1/lib/python3.12/site-packages/airflow/example_dags/example_python_decorator.py
[2026-07-02T16:24:25.718+0000] {processor.py:840} INFO - DAG(s) 'example_python_decorator' retrieved from /usr/local/python/3.12.1/lib/python3.12/site-packages/airflow/example_dags/example_python_decorator.py
[2026-07-02T16:24:25.816+0000] {logging_mixin.py:188} INFO - [2026-07-02T16:24:25.815+0000] {override.py:1858} INFO - Created Permission View: can delete on DAG:example_python_decorator
[2026-07-02T16:24:25.828+0000] {logging_mixin.py:188} INFO - [2026-07-02T16:24:25.827+0000] {override.py:1858} INFO - Created Permission View: can read on DAG:example_python_decorator
[2026-07-02T16:24:25.836+0000] {logging_mixin.py:188} INFO - [2026-07-02T16:24:25.835+0000] {override.py:1858} INFO - Created Permission View: can edit on DAG:example_python_decorator
[2026-07-02T16:24:25.836+0000] {logging_mixin.py:188} INFO - [2026-07-02T16:24:25.836+0000] {dag.py:3089} INFO - Sync 1 DAGs
[2026-07-02T16:24:25.844+0000] {logging_mixin.py:188} INFO - [2026-07-02T16:24:25.843+0000] {dag.py:3111} INFO - Creating ORM DAG for example_python_decorator
[2026-07-02T16:24:25.844+0000] {logging_mixin.py:188} INFO - [2026-07-02T16:24:25.844+0000] {dag.py:3947} INFO - Setting next_dagrun for example_python_decorator to None, run_after=None
[2026-07-02T16:24:25.862+0000] {processor.py:183} INFO - Processing /usr/local/python/3.12.1/lib/python3.12/site-packages/airflow/example_dags/example_python_decorator.py took 0.168 seconds
[2026-07-02T16:25:18.880+0000] {processor.py:161} INFO - Started process (PID=118493) to work on /usr/local/python/3.12.1/lib/python3.12/site-packages/airflow/example_dags/example_python_decorator.py
[2026-07-02T16:25:18.881+0000] {processor.py:830} INFO - Processing file /usr/local/python/3.12.1/lib/python3.12/site-packages/airflow/example_dags/example_python_decorator.py for tasks to queue
[2026-07-02T16:25:18.883+0000] {logging_mixin.py:188} INFO - [2026-07-02T16:25:18.882+0000] {dagbag.py:545} INFO - Filling up the DagBag from /usr/local/python/3.12.1/lib/python3.12/site-packages/airflow/example_dags/example_python_decorator.py
[2026-07-02T16:25:18.898+0000] {processor.py:840} INFO - DAG(s) 'example_python_decorator' retrieved from /usr/local/python/3.12.1/lib/python3.12/site-packages/airflow/example_dags/example_python_decorator.py
[2026-07-02T16:25:18.913+0000] {logging_mixin.py:188} INFO - [2026-07-02T16:25:18.912+0000] {dag.py:3089} INFO - Sync 1 DAGs
[2026-07-02T16:25:18.923+0000] {logging_mixin.py:188} INFO - [2026-07-02T16:25:18.922+0000] {dag.py:3947} INFO - Setting next_dagrun for example_python_decorator to None, run_after=None
[2026-07-02T16:25:18.941+0000] {processor.py:183} INFO - Processing /usr/local/python/3.12.1/lib/python3.12/site-packages/airflow/example_dags/example_python_decorator.py took 0.067 seconds
[2026-07-02T16:26:14.160+0000] {processor.py:161} INFO - Started process (PID=124953) to work on /usr/local/python/3.12.1/lib/python3.12/site-packages/airflow/example_dags/example_python_decorator.py
[2026-07-02T16:26:14.183+0000] {processor.py:830} INFO - Processing file /usr/local/python/3.12.1/lib/python3.12/site-packages/airflow/example_dags/example_python_decorator.py for tasks to queue
[2026-07-02T16:26:14.185+0000] {logging_mixin.py:188} INFO - [2026-07-02T16:26:14.185+0000] {dagbag.py:545} INFO - Filling up the DagBag from /usr/local/python/3.12.1/lib/python3.12/site-packages/airflow/example_dags/example_python_decorator.py
[2026-07-02T16:26:14.281+0000] {processor.py:840} INFO - DAG(s) 'example_python_decorator' retrieved from /usr/local/python/3.12.1/lib/python3.12/site-packages/airflow/example_dags/example_python_decorator.py
[2026-07-02T16:26:14.327+0000] {logging_mixin.py:188} INFO - [2026-07-02T16:26:14.327+0000] {dag.py:3089} INFO - Sync 1 DAGs
[2026-07-02T16:26:14.342+0000] {logging_mixin.py:188} INFO - [2026-07-02T16:26:14.342+0000] {dag.py:3947} INFO - Setting next_dagrun for example_python_decorator to None, run_after=None
[2026-07-02T16:26:14.391+0000] {processor.py:183} INFO - Processing /usr/local/python/3.12.1/lib/python3.12/site-packages/airflow/example_dags/example_python_decorator.py took 0.262 seconds
[2026-07-02T16:27:27.332+0000] {processor.py:161} INFO - Started process (PID=128212) to work on /usr/local/python/3.12.1/lib/python3.12/site-packages/airflow/example_dags/example_python_decorator.py
[2026-07-02T16:27:27.333+0000] {processor.py:830} INFO - Processing file /usr/local/python/3.12.1/lib/python3.12/site-packages/airflow/example_dags/example_python_decorator.py for tasks to queue
[2026-07-02T16:27:27.337+0000] {logging_mixin.py:188} INFO - [2026-07-02T16:27:27.336+0000] {dagbag.py:545} INFO - Filling up the DagBag from /usr/local/python/3.12.1/lib/python3.12/site-packages/airflow/example_dags/example_python_decorator.py
[2026-07-02T16:27:27.389+0000] {processor.py:840} INFO - DAG(s) 'example_python_decorator' retrieved from /usr/local/python/3.12.1/lib/python3.12/site-packages/airflow/example_dags/example_python_decorator.py
[2026-07-02T16:27:27.425+0000] {logging_mixin.py:188} INFO - [2026-07-02T16:27:27.425+0000] {dag.py:3089} INFO - Sync 1 DAGs
[2026-07-02T16:27:27.446+0000] {logging_mixin.py:188} INFO - [2026-07-02T16:27:27.445+0000] {dag.py:3947} INFO - Setting next_dagrun for example_python_decorator to None, run_after=None
[2026-07-02T16:27:27.479+0000] {processor.py:183} INFO - Processing /usr/local/python/3.12.1/lib/python3.12/site-packages/airflow/example_dags/example_python_decorator.py took 0.157 seconds
[2026-07-02T16:28:21.728+0000] {processor.py:161} INFO - Started process (PID=129020) to work on /usr/local/python/3.12.1/lib/python3.12/site-packages/airflow/example_dags/example_python_decorator.py
[2026-07-02T16:28:21.786+0000] {processor.py:830} INFO - Processing file /usr/local/python/3.12.1/lib/python3.12/site-packages/airflow/example_dags/example_python_decorator.py for tasks to queue
[2026-07-02T16:28:21.789+0000] {logging_mixin.py:188} INFO - [2026-07-02T16:28:21.789+0000] {dagbag.py:545} INFO - Filling up the DagBag from /usr/local/python/3.12.1/lib/python3.12/site-packages/airflow/example_dags/example_python_decorator.py
[2026-07-02T16:28:22.037+0000] {processor.py:840} INFO - DAG(s) 'example_python_decorator' retrieved from /usr/local/python/3.12.1/lib/python3.12/site-packages/airflow/example_dags/example_python_decorator.py
[2026-07-02T16:28:22.072+0000] {logging_mixin.py:188} INFO - [2026-07-02T16:28:22.071+0000] {dag.py:3089} INFO - Sync 1 DAGs
[2026-07-02T16:28:22.097+0000] {logging_mixin.py:188} INFO - [2026-07-02T16:28:22.097+0000] {dag.py:3947} INFO - Setting next_dagrun for example_python_decorator to None, run_after=None
[2026-07-02T16:28:22.204+0000] {processor.py:183} INFO - Processing /usr/local/python/3.12.1/lib/python3.12/site-packages/airflow/example_dags/example_python_decorator.py took 0.488 seconds
[2026-07-02T16:29:26.220+0000] {processor.py:161} INFO - Started process (PID=129867) to work on /usr/local/python/3.12.1/lib/python3.12/site-packages/airflow/example_dags/example_python_decorator.py
[2026-07-02T16:29:26.222+0000] {processor.py:830} INFO - Processing file /usr/local/python/3.12.1/lib/python3.12/site-packages/airflow/example_dags/example_python_decorator.py for tasks to queue
[2026-07-02T16:29:26.224+0000] {logging_mixin.py:188} INFO - [2026-07-02T16:29:26.223+0000] {dagbag.py:545} INFO - Filling up the DagBag from /usr/local/python/3.12.1/lib/python3.12/site-packages/airflow/example_dags/example_python_decorator.py
[2026-07-02T16:29:26.249+0000] {processor.py:840} INFO - DAG(s) 'example_python_decorator' retrieved from /usr/local/python/3.12.1/lib/python3.12/site-packages/airflow/example_dags/example_python_decorator.py
[2026-07-02T16:29:26.481+0000] {logging_mixin.py:188} INFO - [2026-07-02T16:29:26.481+0000] {dag.py:3089} INFO - Sync 1 DAGs
[2026-07-02T16:29:26.498+0000] {logging_mixin.py:188} INFO - [2026-07-02T16:29:26.497+0000] {dag.py:3947} INFO - Setting next_dagrun for example_python_decorator to None, run_after=None
[2026-07-02T16:29:26.551+0000] {processor.py:183} INFO - Processing /usr/local/python/3.12.1/lib/python3.12/site-packages/airflow/example_dags/example_python_decorator.py took 0.338 seconds
[2026-07-02T16:30:22.750+0000] {processor.py:161} INFO - Started process (PID=130504) to work on /usr/local/python/3.12.1/lib/python3.12/site-packages/airflow/example_dags/example_python_decorator.py
[2026-07-02T16:30:22.751+0000] {processor.py:830} INFO - Processing file /usr/local/python/3.12.1/lib/python3.12/site-packages/airflow/example_dags/example_python_decorator.py for tasks to queue
[2026-07-02T16:30:22.753+0000] {logging_mixin.py:188} INFO - [2026-07-02T16:30:22.752+0000] {dagbag.py:545} INFO - Filling up the DagBag from /usr/local/python/3.12.1/lib/python3.12/site-packages/airflow/example_dags/example_python_decorator.py
[2026-07-02T16:30:22.764+0000] {processor.py:840} INFO - DAG(s) 'example_python_decorator' retrieved from /usr/local/python/3.12.1/lib/python3.12/site-packages/airflow/example_dags/example_python_decorator.py
[2026-07-02T16:30:22.780+0000] {logging_mixin.py:188} INFO - [2026-07-02T16:30:22.780+0000] {dag.py:3089} INFO - Sync 1 DAGs
[2026-07-02T16:30:22.793+0000] {logging_mixin.py:188} INFO - [2026-07-02T16:30:22.792+0000] {dag.py:3947} INFO - Setting next_dagrun for example_python_decorator to None, run_after=None
[2026-07-02T16:30:22.812+0000] {processor.py:183} INFO - Processing /usr/local/python/3.12.1/lib/python3.12/site-packages/airflow/example_dags/example_python_decorator.py took 0.066 seconds
[2026-07-02T16:31:13.009+0000] {processor.py:161} INFO - Started process (PID=131047) to work on /usr/local/python/3.12.1/lib/python3.12/site-packages/airflow/example_dags/example_python_decorator.py
[2026-07-02T16:31:13.010+0000] {processor.py:830} INFO - Processing file /usr/local/python/3.12.1/lib/python3.12/site-packages/airflow/example_dags/example_python_decorator.py for tasks to queue
[2026-07-02T16:31:13.012+0000] {logging_mixin.py:188} INFO - [2026-07-02T16:31:13.011+0000] {dagbag.py:545} INFO - Filling up the DagBag from /usr/local/python/3.12.1/lib/python3.12/site-packages/airflow/example_dags/example_python_decorator.py
[2026-07-02T16:31:13.022+0000] {processor.py:840} INFO - DAG(s) 'example_python_decorator' retrieved from /usr/local/python/3.12.1/lib/python3.12/site-packages/airflow/example_dags/example_python_decorator.py
[2026-07-02T16:31:13.036+0000] {logging_mixin.py:188} INFO - [2026-07-02T16:31:13.036+0000] {dag.py:3089} INFO - Sync 1 DAGs
[2026-07-02T16:31:13.045+0000] {logging_mixin.py:188} INFO - [2026-07-02T16:31:13.045+0000] {dag.py:3947} INFO - Setting next_dagrun for example_python_decorator to None, run_after=None
[2026-07-02T16:31:13.064+0000] {processor.py:183} INFO - Processing /usr/local/python/3.12.1/lib/python3.12/site-packages/airflow/example_dags/example_python_decorator.py took 0.060 seconds
[2026-07-02T16:32:02.094+0000] {processor.py:161} INFO - Started process (PID=131607) to work on /usr/local/python/3.12.1/lib/python3.12/site-packages/airflow/example_dags/example_python_decorator.py
[2026-07-02T16:32:02.097+0000] {processor.py:830} INFO - Processing file /usr/local/python/3.12.1/lib/python3.12/site-packages/airflow/example_dags/example_python_decorator.py for tasks to queue
[2026-07-02T16:32:02.099+0000] {logging_mixin.py:188} INFO - [2026-07-02T16:32:02.099+0000] {dagbag.py:545} INFO - Filling up the DagBag from /usr/local/python/3.12.1/lib/python3.12/site-packages/airflow/example_dags/example_python_decorator.py
[2026-07-02T16:32:02.119+0000] {processor.py:840} INFO - DAG(s) 'example_python_decorator' retrieved from /usr/local/python/3.12.1/lib/python3.12/site-packages/airflow/example_dags/example_python_decorator.py
[2026-07-02T16:32:02.132+0000] {logging_mixin.py:188} INFO - [2026-07-02T16:32:02.132+0000] {dag.py:3089} INFO - Sync 1 DAGs
[2026-07-02T16:32:02.141+0000] {logging_mixin.py:188} INFO - [2026-07-02T16:32:02.141+0000] {dag.py:3947} INFO - Setting next_dagrun for example_python_decorator to None, run_after=None
[2026-07-02T16:32:02.158+0000] {processor.py:183} INFO - Processing /usr/local/python/3.12.1/lib/python3.12/site-packages/airflow/example_dags/example_python_decorator.py took 0.070 seconds
[2026-07-02T16:32:53.253+0000] {processor.py:161} INFO - Started process (PID=133293) to work on /usr/local/python/3.12.1/lib/python3.12/site-packages/airflow/example_dags/example_python_decorator.py
[2026-07-02T16:32:53.254+0000] {processor.py:830} INFO - Processing file /usr/local/python/3.12.1/lib/python3.12/site-packages/airflow/example_dags/example_python_decorator.py for tasks to queue
[2026-07-02T16:32:53.255+0000] {logging_mixin.py:188} INFO - [2026-07-02T16:32:53.255+0000] {dagbag.py:545} INFO - Filling up the DagBag from /usr/local/python/3.12.1/lib/python3.12/site-packages/airflow/example_dags/example_python_decorator.py
[2026-07-02T16:32:53.266+0000] {processor.py:840} INFO - DAG(s) 'example_python_decorator' retrieved from /usr/local/python/3.12.1/lib/python3.12/site-packages/airflow/example_dags/example_python_decorator.py
[2026-07-02T16:32:53.284+0000] {logging_mixin.py:188} INFO - [2026-07-02T16:32:53.284+0000] {dag.py:3089} INFO - Sync 1 DAGs
[2026-07-02T16:32:53.298+0000] {logging_mixin.py:188} INFO - [2026-07-02T16:32:53.297+0000] {dag.py:3947} INFO - Setting next_dagrun for example_python_decorator to None, run_after=None
[2026-07-02T16:32:53.315+0000] {processor.py:183} INFO - Processing /usr/local/python/3.12.1/lib/python3.12/site-packages/airflow/example_dags/example_python_decorator.py took 0.067 seconds
[2026-07-02T16:33:42.727+0000] {processor.py:161} INFO - Started process (PID=133900) to work on /usr/local/python/3.12.1/lib/python3.12/site-packages/airflow/example_dags/example_python_decorator.py
[2026-07-02T16:33:42.730+0000] {processor.py:830} INFO - Processing file /usr/local/python/3.12.1/lib/python3.12/site-packages/airflow/example_dags/example_python_decorator.py for tasks to queue
[2026-07-02T16:33:42.738+0000] {logging_mixin.py:188} INFO - [2026-07-02T16:33:42.732+0000] {dagbag.py:545} INFO - Filling up the DagBag from /usr/local/python/3.12.1/lib/python3.12/site-packages/airflow/example_dags/example_python_decorator.py
[2026-07-02T16:33:42.771+0000] {processor.py:840} INFO - DAG(s) 'example_python_decorator' retrieved from /usr/local/python/3.12.1/lib/python3.12/site-packages/airflow/example_dags/example_python_decorator.py
[2026-07-02T16:33:42.807+0000] {logging_mixin.py:188} INFO - [2026-07-02T16:33:42.806+0000] {dag.py:3089} INFO - Sync 1 DAGs
[2026-07-02T16:33:42.825+0000] {logging_mixin.py:188} INFO - [2026-07-02T16:33:42.825+0000] {dag.py:3947} INFO - Setting next_dagrun for example_python_decorator to None, run_after=None
[2026-07-02T16:33:42.851+0000] {processor.py:183} INFO - Processing /usr/local/python/3.12.1/lib/python3.12/site-packages/airflow/example_dags/example_python_decorator.py took 0.138 seconds
[2026-07-02T16:34:31.654+0000] {processor.py:161} INFO - Started process (PID=134508) to work on /usr/local/python/3.12.1/lib/python3.12/site-packages/airflow/example_dags/example_python_decorator.py
[2026-07-02T16:34:31.656+0000] {processor.py:830} INFO - Processing file /usr/local/python/3.12.1/lib/python3.12/site-packages/airflow/example_dags/example_python_decorator.py for tasks to queue
[2026-07-02T16:34:31.657+0000] {logging_mixin.py:188} INFO - [2026-07-02T16:34:31.657+0000] {dagbag.py:545} INFO - Filling up the DagBag from /usr/local/python/3.12.1/lib/python3.12/site-packages/airflow/example_dags/example_python_decorator.py
[2026-07-02T16:34:31.679+0000] {processor.py:840} INFO - DAG(s) 'example_python_decorator' retrieved from /usr/local/python/3.12.1/lib/python3.12/site-packages/airflow/example_dags/example_python_decorator.py
[2026-07-02T16:34:31.697+0000] {logging_mixin.py:188} INFO - [2026-07-02T16:34:31.697+0000] {dag.py:3089} INFO - Sync 1 DAGs
[2026-07-02T16:34:31.706+0000] {logging_mixin.py:188} INFO - [2026-07-02T16:34:31.706+0000] {dag.py:3947} INFO - Setting next_dagrun for example_python_decorator to None, run_after=None
[2026-07-02T16:34:31.723+0000] {processor.py:183} INFO - Processing /usr/local/python/3.12.1/lib/python3.12/site-packages/airflow/example_dags/example_python_decorator.py took 0.073 seconds
[2026-07-02T16:35:25.130+0000] {processor.py:161} INFO - Started process (PID=135962) to work on /usr/local/python/3.12.1/lib/python3.12/site-packages/airflow/example_dags/example_python_decorator.py
[2026-07-02T16:35:25.132+0000] {processor.py:830} INFO - Processing file /usr/local/python/3.12.1/lib/python3.12/site-packages/airflow/example_dags/example_python_decorator.py for tasks to queue
[2026-07-02T16:35:25.134+0000] {logging_mixin.py:188} INFO - [2026-07-02T16:35:25.133+0000] {dagbag.py:545} INFO - Filling up the DagBag from /usr/local/python/3.12.1/lib/python3.12/site-packages/airflow/example_dags/example_python_decorator.py
[2026-07-02T16:35:25.183+0000] {processor.py:840} INFO - DAG(s) 'example_python_decorator' retrieved from /usr/local/python/3.12.1/lib/python3.12/site-packages/airflow/example_dags/example_python_decorator.py
[2026-07-02T16:35:25.215+0000] {logging_mixin.py:188} INFO - [2026-07-02T16:35:25.215+0000] {dag.py:3089} INFO - Sync 1 DAGs
[2026-07-02T16:35:25.232+0000] {logging_mixin.py:188} INFO - [2026-07-02T16:35:25.232+0000] {dag.py:3947} INFO - Setting next_dagrun for example_python_decorator to None, run_after=None
[2026-07-02T16:35:25.262+0000] {processor.py:183} INFO - Processing /usr/local/python/3.12.1/lib/python3.12/site-packages/airflow/example_dags/example_python_decorator.py took 0.142 seconds
[2026-07-02T16:36:21.298+0000] {processor.py:161} INFO - Started process (PID=136692) to work on /usr/local/python/3.12.1/lib/python3.12/site-packages/airflow/example_dags/example_python_decorator.py
[2026-07-02T16:36:21.299+0000] {processor.py:830} INFO - Processing file /usr/local/python/3.12.1/lib/python3.12/site-packages/airflow/example_dags/example_python_decorator.py for tasks to queue
[2026-07-02T16:36:21.301+0000] {logging_mixin.py:188} INFO - [2026-07-02T16:36:21.300+0000] {dagbag.py:545} INFO - Filling up the DagBag from /usr/local/python/3.12.1/lib/python3.12/site-packages/airflow/example_dags/example_python_decorator.py
[2026-07-02T16:36:21.311+0000] {processor.py:840} INFO - DAG(s) 'example_python_decorator' retrieved from /usr/local/python/3.12.1/lib/python3.12/site-packages/airflow/example_dags/example_python_decorator.py
[2026-07-02T16:36:21.325+0000] {logging_mixin.py:188} INFO - [2026-07-02T16:36:21.325+0000] {dag.py:3089} INFO - Sync 1 DAGs
[2026-07-02T16:36:21.334+0000] {logging_mixin.py:188} INFO - [2026-07-02T16:36:21.334+0000] {dag.py:3947} INFO - Setting next_dagrun for example_python_decorator to None, run_after=None
[2026-07-02T16:36:21.350+0000] {processor.py:183} INFO - Processing /usr/local/python/3.12.1/lib/python3.12/site-packages/airflow/example_dags/example_python_decorator.py took 0.058 seconds
[2026-07-02T16:37:05.712+0000] {processor.py:161} INFO - Started process (PID=137290) to work on /usr/local/python/3.12.1/lib/python3.12/site-packages/airflow/example_dags/example_python_decorator.py
[2026-07-02T16:37:05.712+0000] {processor.py:830} INFO - Processing file /usr/local/python/3.12.1/lib/python3.12/site-packages/airflow/example_dags/example_python_decorator.py for tasks to queue
[2026-07-02T16:37:05.714+0000] {logging_mixin.py:188} INFO - [2026-07-02T16:37:05.714+0000] {dagbag.py:545} INFO - Filling up the DagBag from /usr/local/python/3.12.1/lib/python3.12/site-packages/airflow/example_dags/example_python_decorator.py
[2026-07-02T16:37:05.725+0000] {processor.py:840} INFO - DAG(s) 'example_python_decorator' retrieved from /usr/local/python/3.12.1/lib/python3.12/site-packages/airflow/example_dags/example_python_decorator.py
[2026-07-02T16:37:05.739+0000] {logging_mixin.py:188} INFO - [2026-07-02T16:37:05.739+0000] {dag.py:3089} INFO - Sync 1 DAGs
[2026-07-02T16:37:05.752+0000] {logging_mixin.py:188} INFO - [2026-07-02T16:37:05.752+0000] {dag.py:3947} INFO - Setting next_dagrun for example_python_decorator to None, run_after=None
[2026-07-02T16:37:05.779+0000] {processor.py:183} INFO - Processing /usr/local/python/3.12.1/lib/python3.12/site-packages/airflow/example_dags/example_python_decorator.py took 0.071 seconds
[2026-07-02T16:37:52.645+0000] {processor.py:161} INFO - Started process (PID=138563) to work on /usr/local/python/3.12.1/lib/python3.12/site-packages/airflow/example_dags/example_python_decorator.py
[2026-07-02T16:37:52.646+0000] {processor.py:830} INFO - Processing file /usr/local/python/3.12.1/lib/python3.12/site-packages/airflow/example_dags/example_python_decorator.py for tasks to queue
[2026-07-02T16:37:52.647+0000] {logging_mixin.py:188} INFO - [2026-07-02T16:37:52.647+0000] {dagbag.py:545} INFO - Filling up the DagBag from /usr/local/python/3.12.1/lib/python3.12/site-packages/airflow/example_dags/example_python_decorator.py
[2026-07-02T16:37:52.658+0000] {processor.py:840} INFO - DAG(s) 'example_python_decorator' retrieved from /usr/local/python/3.12.1/lib/python3.12/site-packages/airflow/example_dags/example_python_decorator.py
[2026-07-02T16:37:52.672+0000] {logging_mixin.py:188} INFO - [2026-07-02T16:37:52.671+0000] {dag.py:3089} INFO - Sync 1 DAGs
[2026-07-02T16:37:52.686+0000] {logging_mixin.py:188} INFO - [2026-07-02T16:37:52.686+0000] {dag.py:3947} INFO - Setting next_dagrun for example_python_decorator to None, run_after=None
[2026-07-02T16:37:52.705+0000] {processor.py:183} INFO - Processing /usr/local/python/3.12.1/lib/python3.12/site-packages/airflow/example_dags/example_python_decorator.py took 0.065 seconds
[2026-07-02T16:38:40.219+0000] {processor.py:161} INFO - Started process (PID=139620) to work on /usr/local/python/3.12.1/lib/python3.12/site-packages/airflow/example_dags/example_python_decorator.py
[2026-07-02T16:38:40.220+0000] {processor.py:830} INFO - Processing file /usr/local/python/3.12.1/lib/python3.12/site-packages/airflow/example_dags/example_python_decorator.py for tasks to queue
[2026-07-02T16:38:40.222+0000] {logging_mixin.py:188} INFO - [2026-07-02T16:38:40.222+0000] {dagbag.py:545} INFO - Filling up the DagBag from /usr/local/python/3.12.1/lib/python3.12/site-packages/airflow/example_dags/example_python_decorator.py
[2026-07-02T16:38:40.240+0000] {processor.py:840} INFO - DAG(s) 'example_python_decorator' retrieved from /usr/local/python/3.12.1/lib/python3.12/site-packages/airflow/example_dags/example_python_decorator.py
[2026-07-02T16:38:40.262+0000] {logging_mixin.py:188} INFO - [2026-07-02T16:38:40.262+0000] {dag.py:3089} INFO - Sync 1 DAGs
[2026-07-02T16:38:40.277+0000] {logging_mixin.py:188} INFO - [2026-07-02T16:38:40.277+0000] {dag.py:3947} INFO - Setting next_dagrun for example_python_decorator to None, run_after=None
[2026-07-02T16:38:40.354+0000] {processor.py:183} INFO - Processing /usr/local/python/3.12.1/lib/python3.12/site-packages/airflow/example_dags/example_python_decorator.py took 0.140 seconds
[2026-07-02T16:39:26.991+0000] {processor.py:161} INFO - Started process (PID=140247) to work on /usr/local/python/3.12.1/lib/python3.12/site-packages/airflow/example_dags/example_python_decorator.py
[2026-07-02T16:39:26.992+0000] {processor.py:830} INFO - Processing file /usr/local/python/3.12.1/lib/python3.12/site-packages/airflow/example_dags/example_python_decorator.py for tasks to queue
[2026-07-02T16:39:26.994+0000] {logging_mixin.py:188} INFO - [2026-07-02T16:39:26.993+0000] {dagbag.py:545} INFO - Filling up the DagBag from /usr/local/python/3.12.1/lib/python3.12/site-packages/airflow/example_dags/example_python_decorator.py
[2026-07-02T16:39:27.006+0000] {processor.py:840} INFO - DAG(s) 'example_python_decorator' retrieved from /usr/local/python/3.12.1/lib/python3.12/site-packages/airflow/example_dags/example_python_decorator.py
[2026-07-02T16:39:27.022+0000] {logging_mixin.py:188} INFO - [2026-07-02T16:39:27.022+0000] {dag.py:3089} INFO - Sync 1 DAGs
[2026-07-02T16:39:27.032+0000] {logging_mixin.py:188} INFO - [2026-07-02T16:39:27.031+0000] {dag.py:3947} INFO - Setting next_dagrun for example_python_decorator to None, run_after=None
[2026-07-02T16:39:27.052+0000] {processor.py:183} INFO - Processing /usr/local/python/3.12.1/lib/python3.12/site-packages/airflow/example_dags/example_python_decorator.py took 0.067 seconds
[2026-07-02T16:40:12.099+0000] {processor.py:161} INFO - Started process (PID=140872) to work on /usr/local/python/3.12.1/lib/python3.12/site-packages/airflow/example_dags/example_python_decorator.py
[2026-07-02T16:40:12.109+0000] {processor.py:830} INFO - Processing file /usr/local/python/3.12.1/lib/python3.12/site-packages/airflow/example_dags/example_python_decorator.py for tasks to queue
[2026-07-02T16:40:12.112+0000] {logging_mixin.py:188} INFO - [2026-07-02T16:40:12.111+0000] {dagbag.py:545} INFO - Filling up the DagBag from /usr/local/python/3.12.1/lib/python3.12/site-packages/airflow/example_dags/example_python_decorator.py
[2026-07-02T16:40:12.135+0000] {processor.py:840} INFO - DAG(s) 'example_python_decorator' retrieved from /usr/local/python/3.12.1/lib/python3.12/site-packages/airflow/example_dags/example_python_decorator.py
[2026-07-02T16:40:12.164+0000] {logging_mixin.py:188} INFO - [2026-07-02T16:40:12.163+0000] {dag.py:3089} INFO - Sync 1 DAGs
[2026-07-02T16:40:12.180+0000] {logging_mixin.py:188} INFO - [2026-07-02T16:40:12.180+0000] {dag.py:3947} INFO - Setting next_dagrun for example_python_decorator to None, run_after=None
[2026-07-02T16:40:12.231+0000] {processor.py:183} INFO - Processing /usr/local/python/3.12.1/lib/python3.12/site-packages/airflow/example_dags/example_python_decorator.py took 0.141 seconds
[2026-07-02T16:41:06.429+0000] {processor.py:161} INFO - Started process (PID=141738) to work on /usr/local/python/3.12.1/lib/python3.12/site-packages/airflow/example_dags/example_python_decorator.py
[2026-07-02T16:41:06.430+0000] {processor.py:830} INFO - Processing file /usr/local/python/3.12.1/lib/python3.12/site-packages/airflow/example_dags/example_python_decorator.py for tasks to queue
[2026-07-02T16:41:06.432+0000] {logging_mixin.py:188} INFO - [2026-07-02T16:41:06.431+0000] {dagbag.py:545} INFO - Filling up the DagBag from /usr/local/python/3.12.1/lib/python3.12/site-packages/airflow/example_dags/example_python_decorator.py
[2026-07-02T16:41:06.443+0000] {processor.py:840} INFO - DAG(s) 'example_python_decorator' retrieved from /usr/local/python/3.12.1/lib/python3.12/site-packages/airflow/example_dags/example_python_decorator.py
[2026-07-02T16:41:06.457+0000] {logging_mixin.py:188} INFO - [2026-07-02T16:41:06.456+0000] {dag.py:3089} INFO - Sync 1 DAGs
[2026-07-02T16:41:06.465+0000] {logging_mixin.py:188} INFO - [2026-07-02T16:41:06.465+0000] {dag.py:3947} INFO - Setting next_dagrun for example_python_decorator to None, run_after=None
[2026-07-02T16:41:06.486+0000] {processor.py:183} INFO - Processing /usr/local/python/3.12.1/lib/python3.12/site-packages/airflow/example_dags/example_python_decorator.py took 0.063 seconds
[2026-07-02T16:42:04.214+0000] {processor.py:161} INFO - Started process (PID=142668) to work on /usr/local/python/3.12.1/lib/python3.12/site-packages/airflow/example_dags/example_python_decorator.py
[2026-07-02T16:42:04.367+0000] {processor.py:830} INFO - Processing file /usr/local/python/3.12.1/lib/python3.12/site-packages/airflow/example_dags/example_python_decorator.py for tasks to queue
[2026-07-02T16:42:04.380+0000] {logging_mixin.py:188} INFO - [2026-07-02T16:42:04.379+0000] {dagbag.py:545} INFO - Filling up the DagBag from /usr/local/python/3.12.1/lib/python3.12/site-packages/airflow/example_dags/example_python_decorator.py
[2026-07-02T16:42:04.580+0000] {processor.py:840} INFO - DAG(s) 'example_python_decorator' retrieved from /usr/local/python/3.12.1/lib/python3.12/site-packages/airflow/example_dags/example_python_decorator.py
[2026-07-02T16:42:04.602+0000] {logging_mixin.py:188} INFO - [2026-07-02T16:42:04.602+0000] {dag.py:3089} INFO - Sync 1 DAGs
[2026-07-02T16:42:04.632+0000] {logging_mixin.py:188} INFO - [2026-07-02T16:42:04.631+0000] {dag.py:3947} INFO - Setting next_dagrun for example_python_decorator to None, run_after=None
[2026-07-02T16:42:05.016+0000] {processor.py:183} INFO - Processing /usr/local/python/3.12.1/lib/python3.12/site-packages/airflow/example_dags/example_python_decorator.py took 0.828 seconds
[2026-07-02T16:43:22.612+0000] {processor.py:161} INFO - Started process (PID=143778) to work on /usr/local/python/3.12.1/lib/python3.12/site-packages/airflow/example_dags/example_python_decorator.py
[2026-07-02T16:43:22.616+0000] {processor.py:830} INFO - Processing file /usr/local/python/3.12.1/lib/python3.12/site-packages/airflow/example_dags/example_python_decorator.py for tasks to queue
[2026-07-02T16:43:22.618+0000] {logging_mixin.py:188} INFO - [2026-07-02T16:43:22.618+0000] {dagbag.py:545} INFO - Filling up the DagBag from /usr/local/python/3.12.1/lib/python3.12/site-packages/airflow/example_dags/example_python_decorator.py
[2026-07-02T16:43:22.634+0000] {processor.py:840} INFO - DAG(s) 'example_python_decorator' retrieved from /usr/local/python/3.12.1/lib/python3.12/site-packages/airflow/example_dags/example_python_decorator.py
[2026-07-02T16:43:22.655+0000] {logging_mixin.py:188} INFO - [2026-07-02T16:43:22.655+0000] {dag.py:3089} INFO - Sync 1 DAGs
[2026-07-02T16:43:22.669+0000] {logging_mixin.py:188} INFO - [2026-07-02T16:43:22.669+0000] {dag.py:3947} INFO - Setting next_dagrun for example_python_decorator to None, run_after=None
[2026-07-02T16:43:22.713+0000] {processor.py:183} INFO - Processing /usr/local/python/3.12.1/lib/python3.12/site-packages/airflow/example_dags/example_python_decorator.py took 0.109 seconds
[2026-07-02T16:44:25.748+0000] {processor.py:161} INFO - Started process (PID=145348) to work on /usr/local/python/3.12.1/lib/python3.12/site-packages/airflow/example_dags/example_python_decorator.py
[2026-07-02T16:44:25.751+0000] {processor.py:830} INFO - Processing file /usr/local/python/3.12.1/lib/python3.12/site-packages/airflow/example_dags/example_python_decorator.py for tasks to queue
[2026-07-02T16:44:25.752+0000] {logging_mixin.py:188} INFO - [2026-07-02T16:44:25.752+0000] {dagbag.py:545} INFO - Filling up the DagBag from /usr/local/python/3.12.1/lib/python3.12/site-packages/airflow/example_dags/example_python_decorator.py
[2026-07-02T16:44:25.762+0000] {processor.py:840} INFO - DAG(s) 'example_python_decorator' retrieved from /usr/local/python/3.12.1/lib/python3.12/site-packages/airflow/example_dags/example_python_decorator.py
[2026-07-02T16:44:25.777+0000] {logging_mixin.py:188} INFO - [2026-07-02T16:44:25.777+0000] {dag.py:3089} INFO - Sync 1 DAGs
[2026-07-02T16:44:25.790+0000] {logging_mixin.py:188} INFO - [2026-07-02T16:44:25.790+0000] {dag.py:3947} INFO - Setting next_dagrun for example_python_decorator to None, run_after=None
[2026-07-02T16:44:25.809+0000] {processor.py:183} INFO - Processing /usr/local/python/3.12.1/lib/python3.12/site-packages/airflow/example_dags/example_python_decorator.py took 0.066 seconds
[2026-07-02T16:45:35.830+0000] {processor.py:161} INFO - Started process (PID=147834) to work on /usr/local/python/3.12.1/lib/python3.12/site-packages/airflow/example_dags/example_python_decorator.py
[2026-07-02T16:45:35.833+0000] {processor.py:830} INFO - Processing file /usr/local/python/3.12.1/lib/python3.12/site-packages/airflow/example_dags/example_python_decorator.py for tasks to queue
[2026-07-02T16:45:35.835+0000] {logging_mixin.py:188} INFO - [2026-07-02T16:45:35.834+0000] {dagbag.py:545} INFO - Filling up the DagBag from /usr/local/python/3.12.1/lib/python3.12/site-packages/airflow/example_dags/example_python_decorator.py
[2026-07-02T16:45:35.886+0000] {processor.py:840} INFO - DAG(s) 'example_python_decorator' retrieved from /usr/local/python/3.12.1/lib/python3.12/site-packages/airflow/example_dags/example_python_decorator.py
[2026-07-02T16:45:35.908+0000] {logging_mixin.py:188} INFO - [2026-07-02T16:45:35.908+0000] {dag.py:3089} INFO - Sync 1 DAGs
[2026-07-02T16:45:35.918+0000] {logging_mixin.py:188} INFO - [2026-07-02T16:45:35.918+0000] {dag.py:3947} INFO - Setting next_dagrun for example_python_decorator to None, run_after=None
[2026-07-02T16:45:35.935+0000] {processor.py:183} INFO - Processing /usr/local/python/3.12.1/lib/python3.12/site-packages/airflow/example_dags/example_python_decorator.py took 0.111 seconds
[2026-07-02T16:46:34.467+0000] {processor.py:161} INFO - Started process (PID=150298) to work on /usr/local/python/3.12.1/lib/python3.12/site-packages/airflow/example_dags/example_python_decorator.py
[2026-07-02T16:46:34.468+0000] {processor.py:830} INFO - Processing file /usr/local/python/3.12.1/lib/python3.12/site-packages/airflow/example_dags/example_python_decorator.py for tasks to queue
[2026-07-02T16:46:34.469+0000] {logging_mixin.py:188} INFO - [2026-07-02T16:46:34.469+0000] {dagbag.py:545} INFO - Filling up the DagBag from /usr/local/python/3.12.1/lib/python3.12/site-packages/airflow/example_dags/example_python_decorator.py
[2026-07-02T16:46:34.483+0000] {processor.py:840} INFO - DAG(s) 'example_python_decorator' retrieved from /usr/local/python/3.12.1/lib/python3.12/site-packages/airflow/example_dags/example_python_decorator.py
[2026-07-02T16:46:34.498+0000] {logging_mixin.py:188} INFO - [2026-07-02T16:46:34.498+0000] {dag.py:3089} INFO - Sync 1 DAGs
[2026-07-02T16:46:34.510+0000] {logging_mixin.py:188} INFO - [2026-07-02T16:46:34.510+0000] {dag.py:3947} INFO - Setting next_dagrun for example_python_decorator to None, run_after=None
[2026-07-02T16:46:34.535+0000] {processor.py:183} INFO - Processing /usr/local/python/3.12.1/lib/python3.12/site-packages/airflow/example_dags/example_python_decorator.py took 0.073 seconds
