[2026-07-02T16:24:24.264+0000] {processor.py:161} INFO - Started process (PID=117701) to work on /usr/local/python/3.12.1/lib/python3.12/site-packages/airflow/example_dags/example_setup_teardown.py
[2026-07-02T16:24:24.265+0000] {processor.py:830} INFO - Processing file /usr/local/python/3.12.1/lib/python3.12/site-packages/airflow/example_dags/example_setup_teardown.py for tasks to queue
[2026-07-02T16:24:24.267+0000] {logging_mixin.py:188} INFO - [2026-07-02T16:24:24.266+0000] {dagbag.py:545} INFO - Filling up the DagBag from /usr/local/python/3.12.1/lib/python3.12/site-packages/airflow/example_dags/example_setup_teardown.py
[2026-07-02T16:24:24.285+0000] {processor.py:840} INFO - DAG(s) 'example_setup_teardown' retrieved from /usr/local/python/3.12.1/lib/python3.12/site-packages/airflow/example_dags/example_setup_teardown.py
[2026-07-02T16:24:24.492+0000] {logging_mixin.py:188} INFO - [2026-07-02T16:24:24.492+0000] {override.py:1858} INFO - Created Permission View: can delete on DAG:example_setup_teardown
[2026-07-02T16:24:24.510+0000] {logging_mixin.py:188} INFO - [2026-07-02T16:24:24.509+0000] {override.py:1858} INFO - Created Permission View: can read on DAG:example_setup_teardown
[2026-07-02T16:24:24.521+0000] {logging_mixin.py:188} INFO - [2026-07-02T16:24:24.520+0000] {override.py:1858} INFO - Created Permission View: can edit on DAG:example_setup_teardown
[2026-07-02T16:24:24.522+0000] {logging_mixin.py:188} INFO - [2026-07-02T16:24:24.521+0000] {dag.py:3089} INFO - Sync 1 DAGs
[2026-07-02T16:24:24.536+0000] {logging_mixin.py:188} INFO - [2026-07-02T16:24:24.535+0000] {dag.py:3111} INFO - Creating ORM DAG for example_setup_teardown
[2026-07-02T16:24:24.548+0000] {logging_mixin.py:188} INFO - [2026-07-02T16:24:24.548+0000] {dag.py:3947} INFO - Setting next_dagrun for example_setup_teardown to 2026-07-01 00:00:00+00:00, run_after=2026-07-02 00:00:00+00:00
[2026-07-02T16:24:24.567+0000] {processor.py:183} INFO - Processing /usr/local/python/3.12.1/lib/python3.12/site-packages/airflow/example_dags/example_setup_teardown.py took 0.313 seconds
[2026-07-02T16:25:17.651+0000] {processor.py:161} INFO - Started process (PID=118486) to work on /usr/local/python/3.12.1/lib/python3.12/site-packages/airflow/example_dags/example_setup_teardown.py
[2026-07-02T16:25:17.652+0000] {processor.py:830} INFO - Processing file /usr/local/python/3.12.1/lib/python3.12/site-packages/airflow/example_dags/example_setup_teardown.py for tasks to queue
[2026-07-02T16:25:17.654+0000] {logging_mixin.py:188} INFO - [2026-07-02T16:25:17.653+0000] {dagbag.py:545} INFO - Filling up the DagBag from /usr/local/python/3.12.1/lib/python3.12/site-packages/airflow/example_dags/example_setup_teardown.py
[2026-07-02T16:25:17.663+0000] {processor.py:840} INFO - DAG(s) 'example_setup_teardown' retrieved from /usr/local/python/3.12.1/lib/python3.12/site-packages/airflow/example_dags/example_setup_teardown.py
[2026-07-02T16:25:17.684+0000] {logging_mixin.py:188} INFO - [2026-07-02T16:25:17.684+0000] {dag.py:3089} INFO - Sync 1 DAGs
[2026-07-02T16:25:17.716+0000] {logging_mixin.py:188} INFO - [2026-07-02T16:25:17.716+0000] {dag.py:3947} INFO - Setting next_dagrun for example_setup_teardown to 2026-07-01 00:00:00+00:00, run_after=2026-07-02 00:00:00+00:00
[2026-07-02T16:25:17.810+0000] {processor.py:183} INFO - Processing /usr/local/python/3.12.1/lib/python3.12/site-packages/airflow/example_dags/example_setup_teardown.py took 0.166 seconds
[2026-07-02T16:26:13.444+0000] {processor.py:161} INFO - Started process (PID=124951) to work on /usr/local/python/3.12.1/lib/python3.12/site-packages/airflow/example_dags/example_setup_teardown.py
[2026-07-02T16:26:13.509+0000] {processor.py:830} INFO - Processing file /usr/local/python/3.12.1/lib/python3.12/site-packages/airflow/example_dags/example_setup_teardown.py for tasks to queue
[2026-07-02T16:26:13.526+0000] {logging_mixin.py:188} INFO - [2026-07-02T16:26:13.520+0000] {dagbag.py:545} INFO - Filling up the DagBag from /usr/local/python/3.12.1/lib/python3.12/site-packages/airflow/example_dags/example_setup_teardown.py
[2026-07-02T16:26:13.562+0000] {processor.py:840} INFO - DAG(s) 'example_setup_teardown' retrieved from /usr/local/python/3.12.1/lib/python3.12/site-packages/airflow/example_dags/example_setup_teardown.py
[2026-07-02T16:26:13.624+0000] {logging_mixin.py:188} INFO - [2026-07-02T16:26:13.615+0000] {dag.py:3089} INFO - Sync 1 DAGs
[2026-07-02T16:26:13.695+0000] {logging_mixin.py:188} INFO - [2026-07-02T16:26:13.693+0000] {dag.py:3947} INFO - Setting next_dagrun for example_setup_teardown to 2026-07-01 00:00:00+00:00, run_after=2026-07-02 00:00:00+00:00
[2026-07-02T16:26:13.814+0000] {processor.py:183} INFO - Processing /usr/local/python/3.12.1/lib/python3.12/site-packages/airflow/example_dags/example_setup_teardown.py took 0.376 seconds
[2026-07-02T16:27:25.951+0000] {processor.py:161} INFO - Started process (PID=128191) to work on /usr/local/python/3.12.1/lib/python3.12/site-packages/airflow/example_dags/example_setup_teardown.py
[2026-07-02T16:27:25.954+0000] {processor.py:830} INFO - Processing file /usr/local/python/3.12.1/lib/python3.12/site-packages/airflow/example_dags/example_setup_teardown.py for tasks to queue
[2026-07-02T16:27:25.958+0000] {logging_mixin.py:188} INFO - [2026-07-02T16:27:25.958+0000] {dagbag.py:545} INFO - Filling up the DagBag from /usr/local/python/3.12.1/lib/python3.12/site-packages/airflow/example_dags/example_setup_teardown.py
[2026-07-02T16:27:25.977+0000] {processor.py:840} INFO - DAG(s) 'example_setup_teardown' retrieved from /usr/local/python/3.12.1/lib/python3.12/site-packages/airflow/example_dags/example_setup_teardown.py
[2026-07-02T16:27:26.016+0000] {logging_mixin.py:188} INFO - [2026-07-02T16:27:26.016+0000] {dag.py:3089} INFO - Sync 1 DAGs
[2026-07-02T16:27:26.067+0000] {logging_mixin.py:188} INFO - [2026-07-02T16:27:26.067+0000] {dag.py:3947} INFO - Setting next_dagrun for example_setup_teardown to 2026-07-01 00:00:00+00:00, run_after=2026-07-02 00:00:00+00:00
[2026-07-02T16:27:26.162+0000] {processor.py:183} INFO - Processing /usr/local/python/3.12.1/lib/python3.12/site-packages/airflow/example_dags/example_setup_teardown.py took 0.224 seconds
[2026-07-02T16:28:20.435+0000] {processor.py:161} INFO - Started process (PID=128972) to work on /usr/local/python/3.12.1/lib/python3.12/site-packages/airflow/example_dags/example_setup_teardown.py
[2026-07-02T16:28:20.454+0000] {processor.py:830} INFO - Processing file /usr/local/python/3.12.1/lib/python3.12/site-packages/airflow/example_dags/example_setup_teardown.py for tasks to queue
[2026-07-02T16:28:20.456+0000] {logging_mixin.py:188} INFO - [2026-07-02T16:28:20.456+0000] {dagbag.py:545} INFO - Filling up the DagBag from /usr/local/python/3.12.1/lib/python3.12/site-packages/airflow/example_dags/example_setup_teardown.py
[2026-07-02T16:28:20.478+0000] {processor.py:840} INFO - DAG(s) 'example_setup_teardown' retrieved from /usr/local/python/3.12.1/lib/python3.12/site-packages/airflow/example_dags/example_setup_teardown.py
[2026-07-02T16:28:20.507+0000] {logging_mixin.py:188} INFO - [2026-07-02T16:28:20.507+0000] {dag.py:3089} INFO - Sync 1 DAGs
[2026-07-02T16:28:20.537+0000] {logging_mixin.py:188} INFO - [2026-07-02T16:28:20.536+0000] {dag.py:3947} INFO - Setting next_dagrun for example_setup_teardown to 2026-07-01 00:00:00+00:00, run_after=2026-07-02 00:00:00+00:00
[2026-07-02T16:28:20.582+0000] {processor.py:183} INFO - Processing /usr/local/python/3.12.1/lib/python3.12/site-packages/airflow/example_dags/example_setup_teardown.py took 0.154 seconds
[2026-07-02T16:29:24.856+0000] {processor.py:161} INFO - Started process (PID=129864) to work on /usr/local/python/3.12.1/lib/python3.12/site-packages/airflow/example_dags/example_setup_teardown.py
[2026-07-02T16:29:24.858+0000] {processor.py:830} INFO - Processing file /usr/local/python/3.12.1/lib/python3.12/site-packages/airflow/example_dags/example_setup_teardown.py for tasks to queue
[2026-07-02T16:29:24.862+0000] {logging_mixin.py:188} INFO - [2026-07-02T16:29:24.860+0000] {dagbag.py:545} INFO - Filling up the DagBag from /usr/local/python/3.12.1/lib/python3.12/site-packages/airflow/example_dags/example_setup_teardown.py
[2026-07-02T16:29:24.873+0000] {processor.py:840} INFO - DAG(s) 'example_setup_teardown' retrieved from /usr/local/python/3.12.1/lib/python3.12/site-packages/airflow/example_dags/example_setup_teardown.py
[2026-07-02T16:29:25.040+0000] {logging_mixin.py:188} INFO - [2026-07-02T16:29:25.040+0000] {dag.py:3089} INFO - Sync 1 DAGs
[2026-07-02T16:29:25.062+0000] {logging_mixin.py:188} INFO - [2026-07-02T16:29:25.062+0000] {dag.py:3947} INFO - Setting next_dagrun for example_setup_teardown to 2026-07-01 00:00:00+00:00, run_after=2026-07-02 00:00:00+00:00
[2026-07-02T16:29:25.102+0000] {processor.py:183} INFO - Processing /usr/local/python/3.12.1/lib/python3.12/site-packages/airflow/example_dags/example_setup_teardown.py took 0.261 seconds
[2026-07-02T16:30:21.517+0000] {processor.py:161} INFO - Started process (PID=130482) to work on /usr/local/python/3.12.1/lib/python3.12/site-packages/airflow/example_dags/example_setup_teardown.py
[2026-07-02T16:30:21.518+0000] {processor.py:830} INFO - Processing file /usr/local/python/3.12.1/lib/python3.12/site-packages/airflow/example_dags/example_setup_teardown.py for tasks to queue
[2026-07-02T16:30:21.521+0000] {logging_mixin.py:188} INFO - [2026-07-02T16:30:21.520+0000] {dagbag.py:545} INFO - Filling up the DagBag from /usr/local/python/3.12.1/lib/python3.12/site-packages/airflow/example_dags/example_setup_teardown.py
[2026-07-02T16:30:21.530+0000] {processor.py:840} INFO - DAG(s) 'example_setup_teardown' retrieved from /usr/local/python/3.12.1/lib/python3.12/site-packages/airflow/example_dags/example_setup_teardown.py
[2026-07-02T16:30:21.554+0000] {logging_mixin.py:188} INFO - [2026-07-02T16:30:21.554+0000] {dag.py:3089} INFO - Sync 1 DAGs
[2026-07-02T16:30:21.582+0000] {logging_mixin.py:188} INFO - [2026-07-02T16:30:21.582+0000] {dag.py:3947} INFO - Setting next_dagrun for example_setup_teardown to 2026-07-01 00:00:00+00:00, run_after=2026-07-02 00:00:00+00:00
[2026-07-02T16:30:21.623+0000] {processor.py:183} INFO - Processing /usr/local/python/3.12.1/lib/python3.12/site-packages/airflow/example_dags/example_setup_teardown.py took 0.115 seconds
[2026-07-02T16:31:11.877+0000] {processor.py:161} INFO - Started process (PID=131045) to work on /usr/local/python/3.12.1/lib/python3.12/site-packages/airflow/example_dags/example_setup_teardown.py
[2026-07-02T16:31:11.878+0000] {processor.py:830} INFO - Processing file /usr/local/python/3.12.1/lib/python3.12/site-packages/airflow/example_dags/example_setup_teardown.py for tasks to queue
[2026-07-02T16:31:11.879+0000] {logging_mixin.py:188} INFO - [2026-07-02T16:31:11.879+0000] {dagbag.py:545} INFO - Filling up the DagBag from /usr/local/python/3.12.1/lib/python3.12/site-packages/airflow/example_dags/example_setup_teardown.py
[2026-07-02T16:31:11.885+0000] {processor.py:840} INFO - DAG(s) 'example_setup_teardown' retrieved from /usr/local/python/3.12.1/lib/python3.12/site-packages/airflow/example_dags/example_setup_teardown.py
[2026-07-02T16:31:11.900+0000] {logging_mixin.py:188} INFO - [2026-07-02T16:31:11.900+0000] {dag.py:3089} INFO - Sync 1 DAGs
[2026-07-02T16:31:11.919+0000] {logging_mixin.py:188} INFO - [2026-07-02T16:31:11.919+0000] {dag.py:3947} INFO - Setting next_dagrun for example_setup_teardown to 2026-07-01 00:00:00+00:00, run_after=2026-07-02 00:00:00+00:00
[2026-07-02T16:31:11.937+0000] {processor.py:183} INFO - Processing /usr/local/python/3.12.1/lib/python3.12/site-packages/airflow/example_dags/example_setup_teardown.py took 0.065 seconds
[2026-07-02T16:32:00.939+0000] {processor.py:161} INFO - Started process (PID=131584) to work on /usr/local/python/3.12.1/lib/python3.12/site-packages/airflow/example_dags/example_setup_teardown.py
[2026-07-02T16:32:00.939+0000] {processor.py:830} INFO - Processing file /usr/local/python/3.12.1/lib/python3.12/site-packages/airflow/example_dags/example_setup_teardown.py for tasks to queue
[2026-07-02T16:32:00.941+0000] {logging_mixin.py:188} INFO - [2026-07-02T16:32:00.940+0000] {dagbag.py:545} INFO - Filling up the DagBag from /usr/local/python/3.12.1/lib/python3.12/site-packages/airflow/example_dags/example_setup_teardown.py
[2026-07-02T16:32:00.947+0000] {processor.py:840} INFO - DAG(s) 'example_setup_teardown' retrieved from /usr/local/python/3.12.1/lib/python3.12/site-packages/airflow/example_dags/example_setup_teardown.py
[2026-07-02T16:32:00.960+0000] {logging_mixin.py:188} INFO - [2026-07-02T16:32:00.960+0000] {dag.py:3089} INFO - Sync 1 DAGs
[2026-07-02T16:32:00.974+0000] {logging_mixin.py:188} INFO - [2026-07-02T16:32:00.974+0000] {dag.py:3947} INFO - Setting next_dagrun for example_setup_teardown to 2026-07-01 00:00:00+00:00, run_after=2026-07-02 00:00:00+00:00
[2026-07-02T16:32:00.990+0000] {processor.py:183} INFO - Processing /usr/local/python/3.12.1/lib/python3.12/site-packages/airflow/example_dags/example_setup_teardown.py took 0.056 seconds
[2026-07-02T16:32:52.427+0000] {processor.py:161} INFO - Started process (PID=133271) to work on /usr/local/python/3.12.1/lib/python3.12/site-packages/airflow/example_dags/example_setup_teardown.py
[2026-07-02T16:32:52.428+0000] {processor.py:830} INFO - Processing file /usr/local/python/3.12.1/lib/python3.12/site-packages/airflow/example_dags/example_setup_teardown.py for tasks to queue
[2026-07-02T16:32:52.430+0000] {logging_mixin.py:188} INFO - [2026-07-02T16:32:52.430+0000] {dagbag.py:545} INFO - Filling up the DagBag from /usr/local/python/3.12.1/lib/python3.12/site-packages/airflow/example_dags/example_setup_teardown.py
[2026-07-02T16:32:52.436+0000] {processor.py:840} INFO - DAG(s) 'example_setup_teardown' retrieved from /usr/local/python/3.12.1/lib/python3.12/site-packages/airflow/example_dags/example_setup_teardown.py
[2026-07-02T16:32:52.449+0000] {logging_mixin.py:188} INFO - [2026-07-02T16:32:52.448+0000] {dag.py:3089} INFO - Sync 1 DAGs
[2026-07-02T16:32:52.464+0000] {logging_mixin.py:188} INFO - [2026-07-02T16:32:52.464+0000] {dag.py:3947} INFO - Setting next_dagrun for example_setup_teardown to 2026-07-01 00:00:00+00:00, run_after=2026-07-02 00:00:00+00:00
[2026-07-02T16:32:52.482+0000] {processor.py:183} INFO - Processing /usr/local/python/3.12.1/lib/python3.12/site-packages/airflow/example_dags/example_setup_teardown.py took 0.060 seconds
[2026-07-02T16:33:41.556+0000] {processor.py:161} INFO - Started process (PID=133863) to work on /usr/local/python/3.12.1/lib/python3.12/site-packages/airflow/example_dags/example_setup_teardown.py
[2026-07-02T16:33:41.557+0000] {processor.py:830} INFO - Processing file /usr/local/python/3.12.1/lib/python3.12/site-packages/airflow/example_dags/example_setup_teardown.py for tasks to queue
[2026-07-02T16:33:41.559+0000] {logging_mixin.py:188} INFO - [2026-07-02T16:33:41.558+0000] {dagbag.py:545} INFO - Filling up the DagBag from /usr/local/python/3.12.1/lib/python3.12/site-packages/airflow/example_dags/example_setup_teardown.py
[2026-07-02T16:33:41.564+0000] {processor.py:840} INFO - DAG(s) 'example_setup_teardown' retrieved from /usr/local/python/3.12.1/lib/python3.12/site-packages/airflow/example_dags/example_setup_teardown.py
[2026-07-02T16:33:41.578+0000] {logging_mixin.py:188} INFO - [2026-07-02T16:33:41.577+0000] {dag.py:3089} INFO - Sync 1 DAGs
[2026-07-02T16:33:41.600+0000] {logging_mixin.py:188} INFO - [2026-07-02T16:33:41.599+0000] {dag.py:3947} INFO - Setting next_dagrun for example_setup_teardown to 2026-07-01 00:00:00+00:00, run_after=2026-07-02 00:00:00+00:00
[2026-07-02T16:33:41.619+0000] {processor.py:183} INFO - Processing /usr/local/python/3.12.1/lib/python3.12/site-packages/airflow/example_dags/example_setup_teardown.py took 0.068 seconds
[2026-07-02T16:34:30.523+0000] {processor.py:161} INFO - Started process (PID=134488) to work on /usr/local/python/3.12.1/lib/python3.12/site-packages/airflow/example_dags/example_setup_teardown.py
[2026-07-02T16:34:30.524+0000] {processor.py:830} INFO - Processing file /usr/local/python/3.12.1/lib/python3.12/site-packages/airflow/example_dags/example_setup_teardown.py for tasks to queue
[2026-07-02T16:34:30.525+0000] {logging_mixin.py:188} INFO - [2026-07-02T16:34:30.525+0000] {dagbag.py:545} INFO - Filling up the DagBag from /usr/local/python/3.12.1/lib/python3.12/site-packages/airflow/example_dags/example_setup_teardown.py
[2026-07-02T16:34:30.532+0000] {processor.py:840} INFO - DAG(s) 'example_setup_teardown' retrieved from /usr/local/python/3.12.1/lib/python3.12/site-packages/airflow/example_dags/example_setup_teardown.py
[2026-07-02T16:34:30.544+0000] {logging_mixin.py:188} INFO - [2026-07-02T16:34:30.544+0000] {dag.py:3089} INFO - Sync 1 DAGs
[2026-07-02T16:34:30.558+0000] {logging_mixin.py:188} INFO - [2026-07-02T16:34:30.558+0000] {dag.py:3947} INFO - Setting next_dagrun for example_setup_teardown to 2026-07-01 00:00:00+00:00, run_after=2026-07-02 00:00:00+00:00
[2026-07-02T16:34:30.575+0000] {processor.py:183} INFO - Processing /usr/local/python/3.12.1/lib/python3.12/site-packages/airflow/example_dags/example_setup_teardown.py took 0.056 seconds
[2026-07-02T16:35:24.640+0000] {processor.py:161} INFO - Started process (PID=135955) to work on /usr/local/python/3.12.1/lib/python3.12/site-packages/airflow/example_dags/example_setup_teardown.py
[2026-07-02T16:35:24.676+0000] {processor.py:830} INFO - Processing file /usr/local/python/3.12.1/lib/python3.12/site-packages/airflow/example_dags/example_setup_teardown.py for tasks to queue
[2026-07-02T16:35:24.686+0000] {logging_mixin.py:188} INFO - [2026-07-02T16:35:24.686+0000] {dagbag.py:545} INFO - Filling up the DagBag from /usr/local/python/3.12.1/lib/python3.12/site-packages/airflow/example_dags/example_setup_teardown.py
[2026-07-02T16:35:24.708+0000] {processor.py:840} INFO - DAG(s) 'example_setup_teardown' retrieved from /usr/local/python/3.12.1/lib/python3.12/site-packages/airflow/example_dags/example_setup_teardown.py
[2026-07-02T16:35:24.767+0000] {logging_mixin.py:188} INFO - [2026-07-02T16:35:24.766+0000] {dag.py:3089} INFO - Sync 1 DAGs
[2026-07-02T16:35:24.822+0000] {logging_mixin.py:188} INFO - [2026-07-02T16:35:24.821+0000] {dag.py:3947} INFO - Setting next_dagrun for example_setup_teardown to 2026-07-01 00:00:00+00:00, run_after=2026-07-02 00:00:00+00:00
[2026-07-02T16:35:24.898+0000] {processor.py:183} INFO - Processing /usr/local/python/3.12.1/lib/python3.12/site-packages/airflow/example_dags/example_setup_teardown.py took 0.280 seconds
[2026-07-02T16:36:20.160+0000] {processor.py:161} INFO - Started process (PID=136690) to work on /usr/local/python/3.12.1/lib/python3.12/site-packages/airflow/example_dags/example_setup_teardown.py
[2026-07-02T16:36:20.161+0000] {processor.py:830} INFO - Processing file /usr/local/python/3.12.1/lib/python3.12/site-packages/airflow/example_dags/example_setup_teardown.py for tasks to queue
[2026-07-02T16:36:20.162+0000] {logging_mixin.py:188} INFO - [2026-07-02T16:36:20.162+0000] {dagbag.py:545} INFO - Filling up the DagBag from /usr/local/python/3.12.1/lib/python3.12/site-packages/airflow/example_dags/example_setup_teardown.py
[2026-07-02T16:36:20.168+0000] {processor.py:840} INFO - DAG(s) 'example_setup_teardown' retrieved from /usr/local/python/3.12.1/lib/python3.12/site-packages/airflow/example_dags/example_setup_teardown.py
[2026-07-02T16:36:20.184+0000] {logging_mixin.py:188} INFO - [2026-07-02T16:36:20.183+0000] {dag.py:3089} INFO - Sync 1 DAGs
[2026-07-02T16:36:20.202+0000] {logging_mixin.py:188} INFO - [2026-07-02T16:36:20.202+0000] {dag.py:3947} INFO - Setting next_dagrun for example_setup_teardown to 2026-07-01 00:00:00+00:00, run_after=2026-07-02 00:00:00+00:00
[2026-07-02T16:36:20.221+0000] {processor.py:183} INFO - Processing /usr/local/python/3.12.1/lib/python3.12/site-packages/airflow/example_dags/example_setup_teardown.py took 0.065 seconds
[2026-07-02T16:37:04.465+0000] {processor.py:161} INFO - Started process (PID=137247) to work on /usr/local/python/3.12.1/lib/python3.12/site-packages/airflow/example_dags/example_setup_teardown.py
[2026-07-02T16:37:04.466+0000] {processor.py:830} INFO - Processing file /usr/local/python/3.12.1/lib/python3.12/site-packages/airflow/example_dags/example_setup_teardown.py for tasks to queue
[2026-07-02T16:37:04.469+0000] {logging_mixin.py:188} INFO - [2026-07-02T16:37:04.468+0000] {dagbag.py:545} INFO - Filling up the DagBag from /usr/local/python/3.12.1/lib/python3.12/site-packages/airflow/example_dags/example_setup_teardown.py
[2026-07-02T16:37:04.483+0000] {processor.py:840} INFO - DAG(s) 'example_setup_teardown' retrieved from /usr/local/python/3.12.1/lib/python3.12/site-packages/airflow/example_dags/example_setup_teardown.py
[2026-07-02T16:37:04.510+0000] {logging_mixin.py:188} INFO - [2026-07-02T16:37:04.510+0000] {dag.py:3089} INFO - Sync 1 DAGs
[2026-07-02T16:37:04.561+0000] {logging_mixin.py:188} INFO - [2026-07-02T16:37:04.561+0000] {dag.py:3947} INFO - Setting next_dagrun for example_setup_teardown to 2026-07-01 00:00:00+00:00, run_after=2026-07-02 00:00:00+00:00
[2026-07-02T16:37:04.602+0000] {processor.py:183} INFO - Processing /usr/local/python/3.12.1/lib/python3.12/site-packages/airflow/example_dags/example_setup_teardown.py took 0.144 seconds
[2026-07-02T16:37:52.109+0000] {processor.py:161} INFO - Started process (PID=138562) to work on /usr/local/python/3.12.1/lib/python3.12/site-packages/airflow/example_dags/example_setup_teardown.py
[2026-07-02T16:37:52.110+0000] {processor.py:830} INFO - Processing file /usr/local/python/3.12.1/lib/python3.12/site-packages/airflow/example_dags/example_setup_teardown.py for tasks to queue
[2026-07-02T16:37:52.111+0000] {logging_mixin.py:188} INFO - [2026-07-02T16:37:52.111+0000] {dagbag.py:545} INFO - Filling up the DagBag from /usr/local/python/3.12.1/lib/python3.12/site-packages/airflow/example_dags/example_setup_teardown.py
[2026-07-02T16:37:52.117+0000] {processor.py:840} INFO - DAG(s) 'example_setup_teardown' retrieved from /usr/local/python/3.12.1/lib/python3.12/site-packages/airflow/example_dags/example_setup_teardown.py
[2026-07-02T16:37:52.130+0000] {logging_mixin.py:188} INFO - [2026-07-02T16:37:52.130+0000] {dag.py:3089} INFO - Sync 1 DAGs
[2026-07-02T16:37:52.144+0000] {logging_mixin.py:188} INFO - [2026-07-02T16:37:52.144+0000] {dag.py:3947} INFO - Setting next_dagrun for example_setup_teardown to 2026-07-01 00:00:00+00:00, run_after=2026-07-02 00:00:00+00:00
[2026-07-02T16:37:52.162+0000] {processor.py:183} INFO - Processing /usr/local/python/3.12.1/lib/python3.12/site-packages/airflow/example_dags/example_setup_teardown.py took 0.058 seconds
[2026-07-02T16:38:39.070+0000] {processor.py:161} INFO - Started process (PID=139605) to work on /usr/local/python/3.12.1/lib/python3.12/site-packages/airflow/example_dags/example_setup_teardown.py
[2026-07-02T16:38:39.071+0000] {processor.py:830} INFO - Processing file /usr/local/python/3.12.1/lib/python3.12/site-packages/airflow/example_dags/example_setup_teardown.py for tasks to queue
[2026-07-02T16:38:39.073+0000] {logging_mixin.py:188} INFO - [2026-07-02T16:38:39.072+0000] {dagbag.py:545} INFO - Filling up the DagBag from /usr/local/python/3.12.1/lib/python3.12/site-packages/airflow/example_dags/example_setup_teardown.py
[2026-07-02T16:38:39.080+0000] {processor.py:840} INFO - DAG(s) 'example_setup_teardown' retrieved from /usr/local/python/3.12.1/lib/python3.12/site-packages/airflow/example_dags/example_setup_teardown.py
[2026-07-02T16:38:39.097+0000] {logging_mixin.py:188} INFO - [2026-07-02T16:38:39.097+0000] {dag.py:3089} INFO - Sync 1 DAGs
[2026-07-02T16:38:39.112+0000] {logging_mixin.py:188} INFO - [2026-07-02T16:38:39.112+0000] {dag.py:3947} INFO - Setting next_dagrun for example_setup_teardown to 2026-07-01 00:00:00+00:00, run_after=2026-07-02 00:00:00+00:00
[2026-07-02T16:38:39.129+0000] {processor.py:183} INFO - Processing /usr/local/python/3.12.1/lib/python3.12/site-packages/airflow/example_dags/example_setup_teardown.py took 0.064 seconds
[2026-07-02T16:39:25.829+0000] {processor.py:161} INFO - Started process (PID=140233) to work on /usr/local/python/3.12.1/lib/python3.12/site-packages/airflow/example_dags/example_setup_teardown.py
[2026-07-02T16:39:25.830+0000] {processor.py:830} INFO - Processing file /usr/local/python/3.12.1/lib/python3.12/site-packages/airflow/example_dags/example_setup_teardown.py for tasks to queue
[2026-07-02T16:39:25.834+0000] {logging_mixin.py:188} INFO - [2026-07-02T16:39:25.834+0000] {dagbag.py:545} INFO - Filling up the DagBag from /usr/local/python/3.12.1/lib/python3.12/site-packages/airflow/example_dags/example_setup_teardown.py
[2026-07-02T16:39:25.845+0000] {processor.py:840} INFO - DAG(s) 'example_setup_teardown' retrieved from /usr/local/python/3.12.1/lib/python3.12/site-packages/airflow/example_dags/example_setup_teardown.py
[2026-07-02T16:39:25.863+0000] {logging_mixin.py:188} INFO - [2026-07-02T16:39:25.863+0000] {dag.py:3089} INFO - Sync 1 DAGs
[2026-07-02T16:39:25.886+0000] {logging_mixin.py:188} INFO - [2026-07-02T16:39:25.886+0000] {dag.py:3947} INFO - Setting next_dagrun for example_setup_teardown to 2026-07-01 00:00:00+00:00, run_after=2026-07-02 00:00:00+00:00
[2026-07-02T16:39:25.913+0000] {processor.py:183} INFO - Processing /usr/local/python/3.12.1/lib/python3.12/site-packages/airflow/example_dags/example_setup_teardown.py took 0.090 seconds
