[2026-07-02T16:24:51.931+0000] {processor.py:161} INFO - Started process (PID=118117) to work on /usr/local/python/3.12.1/lib/python3.12/site-packages/airflow/example_dags/example_bash_operator.py
[2026-07-02T16:24:51.932+0000] {processor.py:830} INFO - Processing file /usr/local/python/3.12.1/lib/python3.12/site-packages/airflow/example_dags/example_bash_operator.py for tasks to queue
[2026-07-02T16:24:51.933+0000] {logging_mixin.py:188} INFO - [2026-07-02T16:24:51.933+0000] {dagbag.py:545} INFO - Filling up the DagBag from /usr/local/python/3.12.1/lib/python3.12/site-packages/airflow/example_dags/example_bash_operator.py
[2026-07-02T16:24:51.942+0000] {processor.py:840} INFO - DAG(s) 'example_bash_operator' retrieved from /usr/local/python/3.12.1/lib/python3.12/site-packages/airflow/example_dags/example_bash_operator.py
[2026-07-02T16:24:52.027+0000] {logging_mixin.py:188} INFO - [2026-07-02T16:24:52.026+0000] {override.py:1858} INFO - Created Permission View: can delete on DAG:example_bash_operator
[2026-07-02T16:24:52.036+0000] {logging_mixin.py:188} INFO - [2026-07-02T16:24:52.035+0000] {override.py:1858} INFO - Created Permission View: can read on DAG:example_bash_operator
[2026-07-02T16:24:52.042+0000] {logging_mixin.py:188} INFO - [2026-07-02T16:24:52.042+0000] {override.py:1858} INFO - Created Permission View: can edit on DAG:example_bash_operator
[2026-07-02T16:24:52.043+0000] {logging_mixin.py:188} INFO - [2026-07-02T16:24:52.043+0000] {dag.py:3089} INFO - Sync 1 DAGs
[2026-07-02T16:24:52.051+0000] {logging_mixin.py:188} INFO - [2026-07-02T16:24:52.051+0000] {dag.py:3111} INFO - Creating ORM DAG for example_bash_operator
[2026-07-02T16:24:52.060+0000] {logging_mixin.py:188} INFO - [2026-07-02T16:24:52.060+0000] {dag.py:3947} INFO - Setting next_dagrun for example_bash_operator to 2026-07-01 00:00:00+00:00, run_after=2026-07-02 00:00:00+00:00
[2026-07-02T16:24:52.077+0000] {processor.py:183} INFO - Processing /usr/local/python/3.12.1/lib/python3.12/site-packages/airflow/example_dags/example_bash_operator.py took 0.150 seconds
[2026-07-02T16:26:01.596+0000] {processor.py:161} INFO - Started process (PID=123633) to work on /usr/local/python/3.12.1/lib/python3.12/site-packages/airflow/example_dags/example_bash_operator.py
[2026-07-02T16:26:01.607+0000] {processor.py:830} INFO - Processing file /usr/local/python/3.12.1/lib/python3.12/site-packages/airflow/example_dags/example_bash_operator.py for tasks to queue
[2026-07-02T16:26:01.614+0000] {logging_mixin.py:188} INFO - [2026-07-02T16:26:01.613+0000] {dagbag.py:545} INFO - Filling up the DagBag from /usr/local/python/3.12.1/lib/python3.12/site-packages/airflow/example_dags/example_bash_operator.py
[2026-07-02T16:26:01.652+0000] {processor.py:840} INFO - DAG(s) 'example_bash_operator' retrieved from /usr/local/python/3.12.1/lib/python3.12/site-packages/airflow/example_dags/example_bash_operator.py
[2026-07-02T16:26:01.778+0000] {logging_mixin.py:188} INFO - [2026-07-02T16:26:01.777+0000] {dag.py:3089} INFO - Sync 1 DAGs
[2026-07-02T16:26:01.824+0000] {logging_mixin.py:188} INFO - [2026-07-02T16:26:01.824+0000] {dag.py:3947} INFO - Setting next_dagrun for example_bash_operator to 2026-07-01 00:00:00+00:00, run_after=2026-07-02 00:00:00+00:00
[2026-07-02T16:26:01.844+0000] {processor.py:183} INFO - Processing /usr/local/python/3.12.1/lib/python3.12/site-packages/airflow/example_dags/example_bash_operator.py took 0.270 seconds
[2026-07-02T16:27:43.106+0000] {processor.py:161} INFO - Started process (PID=128424) to work on /usr/local/python/3.12.1/lib/python3.12/site-packages/airflow/example_dags/example_bash_operator.py
[2026-07-02T16:27:43.192+0000] {processor.py:830} INFO - Processing file /usr/local/python/3.12.1/lib/python3.12/site-packages/airflow/example_dags/example_bash_operator.py for tasks to queue
[2026-07-02T16:27:43.211+0000] {logging_mixin.py:188} INFO - [2026-07-02T16:27:43.194+0000] {dagbag.py:545} INFO - Filling up the DagBag from /usr/local/python/3.12.1/lib/python3.12/site-packages/airflow/example_dags/example_bash_operator.py
[2026-07-02T16:27:43.307+0000] {processor.py:840} INFO - DAG(s) 'example_bash_operator' retrieved from /usr/local/python/3.12.1/lib/python3.12/site-packages/airflow/example_dags/example_bash_operator.py
[2026-07-02T16:27:43.430+0000] {logging_mixin.py:188} INFO - [2026-07-02T16:27:43.429+0000] {dag.py:3089} INFO - Sync 1 DAGs
[2026-07-02T16:27:43.458+0000] {logging_mixin.py:188} INFO - [2026-07-02T16:27:43.457+0000] {dag.py:3947} INFO - Setting next_dagrun for example_bash_operator to 2026-07-01 00:00:00+00:00, run_after=2026-07-02 00:00:00+00:00
[2026-07-02T16:27:43.495+0000] {processor.py:183} INFO - Processing /usr/local/python/3.12.1/lib/python3.12/site-packages/airflow/example_dags/example_bash_operator.py took 0.412 seconds
[2026-07-02T16:29:10.481+0000] {processor.py:161} INFO - Started process (PID=129682) to work on /usr/local/python/3.12.1/lib/python3.12/site-packages/airflow/example_dags/example_bash_operator.py
[2026-07-02T16:29:10.484+0000] {processor.py:830} INFO - Processing file /usr/local/python/3.12.1/lib/python3.12/site-packages/airflow/example_dags/example_bash_operator.py for tasks to queue
[2026-07-02T16:29:10.486+0000] {logging_mixin.py:188} INFO - [2026-07-02T16:29:10.485+0000] {dagbag.py:545} INFO - Filling up the DagBag from /usr/local/python/3.12.1/lib/python3.12/site-packages/airflow/example_dags/example_bash_operator.py
[2026-07-02T16:29:10.496+0000] {processor.py:840} INFO - DAG(s) 'example_bash_operator' retrieved from /usr/local/python/3.12.1/lib/python3.12/site-packages/airflow/example_dags/example_bash_operator.py
[2026-07-02T16:29:10.517+0000] {logging_mixin.py:188} INFO - [2026-07-02T16:29:10.517+0000] {dag.py:3089} INFO - Sync 1 DAGs
[2026-07-02T16:29:10.634+0000] {logging_mixin.py:188} INFO - [2026-07-02T16:29:10.633+0000] {dag.py:3947} INFO - Setting next_dagrun for example_bash_operator to 2026-07-01 00:00:00+00:00, run_after=2026-07-02 00:00:00+00:00
[2026-07-02T16:29:10.649+0000] {processor.py:183} INFO - Processing /usr/local/python/3.12.1/lib/python3.12/site-packages/airflow/example_dags/example_bash_operator.py took 0.174 seconds
[2026-07-02T16:30:11.117+0000] {processor.py:161} INFO - Started process (PID=130355) to work on /usr/local/python/3.12.1/lib/python3.12/site-packages/airflow/example_dags/example_bash_operator.py
[2026-07-02T16:30:11.149+0000] {processor.py:830} INFO - Processing file /usr/local/python/3.12.1/lib/python3.12/site-packages/airflow/example_dags/example_bash_operator.py for tasks to queue
[2026-07-02T16:30:11.150+0000] {logging_mixin.py:188} INFO - [2026-07-02T16:30:11.150+0000] {dagbag.py:545} INFO - Filling up the DagBag from /usr/local/python/3.12.1/lib/python3.12/site-packages/airflow/example_dags/example_bash_operator.py
[2026-07-02T16:30:11.167+0000] {processor.py:840} INFO - DAG(s) 'example_bash_operator' retrieved from /usr/local/python/3.12.1/lib/python3.12/site-packages/airflow/example_dags/example_bash_operator.py
[2026-07-02T16:30:11.208+0000] {logging_mixin.py:188} INFO - [2026-07-02T16:30:11.208+0000] {dag.py:3089} INFO - Sync 1 DAGs
[2026-07-02T16:30:11.238+0000] {logging_mixin.py:188} INFO - [2026-07-02T16:30:11.238+0000] {dag.py:3947} INFO - Setting next_dagrun for example_bash_operator to 2026-07-01 00:00:00+00:00, run_after=2026-07-02 00:00:00+00:00
[2026-07-02T16:30:11.272+0000] {processor.py:183} INFO - Processing /usr/local/python/3.12.1/lib/python3.12/site-packages/airflow/example_dags/example_bash_operator.py took 0.164 seconds
[2026-07-02T16:31:26.097+0000] {processor.py:161} INFO - Started process (PID=131209) to work on /usr/local/python/3.12.1/lib/python3.12/site-packages/airflow/example_dags/example_bash_operator.py
[2026-07-02T16:31:26.098+0000] {processor.py:830} INFO - Processing file /usr/local/python/3.12.1/lib/python3.12/site-packages/airflow/example_dags/example_bash_operator.py for tasks to queue
[2026-07-02T16:31:26.100+0000] {logging_mixin.py:188} INFO - [2026-07-02T16:31:26.099+0000] {dagbag.py:545} INFO - Filling up the DagBag from /usr/local/python/3.12.1/lib/python3.12/site-packages/airflow/example_dags/example_bash_operator.py
[2026-07-02T16:31:26.113+0000] {processor.py:840} INFO - DAG(s) 'example_bash_operator' retrieved from /usr/local/python/3.12.1/lib/python3.12/site-packages/airflow/example_dags/example_bash_operator.py
[2026-07-02T16:31:26.143+0000] {logging_mixin.py:188} INFO - [2026-07-02T16:31:26.142+0000] {dag.py:3089} INFO - Sync 1 DAGs
[2026-07-02T16:31:26.168+0000] {logging_mixin.py:188} INFO - [2026-07-02T16:31:26.168+0000] {dag.py:3947} INFO - Setting next_dagrun for example_bash_operator to 2026-07-01 00:00:00+00:00, run_after=2026-07-02 00:00:00+00:00
[2026-07-02T16:31:26.194+0000] {processor.py:183} INFO - Processing /usr/local/python/3.12.1/lib/python3.12/site-packages/airflow/example_dags/example_bash_operator.py took 0.103 seconds
[2026-07-02T16:32:42.028+0000] {processor.py:161} INFO - Started process (PID=133193) to work on /usr/local/python/3.12.1/lib/python3.12/site-packages/airflow/example_dags/example_bash_operator.py
[2026-07-02T16:32:42.030+0000] {processor.py:830} INFO - Processing file /usr/local/python/3.12.1/lib/python3.12/site-packages/airflow/example_dags/example_bash_operator.py for tasks to queue
[2026-07-02T16:32:42.031+0000] {logging_mixin.py:188} INFO - [2026-07-02T16:32:42.031+0000] {dagbag.py:545} INFO - Filling up the DagBag from /usr/local/python/3.12.1/lib/python3.12/site-packages/airflow/example_dags/example_bash_operator.py
[2026-07-02T16:32:42.041+0000] {processor.py:840} INFO - DAG(s) 'example_bash_operator' retrieved from /usr/local/python/3.12.1/lib/python3.12/site-packages/airflow/example_dags/example_bash_operator.py
[2026-07-02T16:32:42.060+0000] {logging_mixin.py:188} INFO - [2026-07-02T16:32:42.060+0000] {dag.py:3089} INFO - Sync 1 DAGs
[2026-07-02T16:32:42.078+0000] {logging_mixin.py:188} INFO - [2026-07-02T16:32:42.078+0000] {dag.py:3947} INFO - Setting next_dagrun for example_bash_operator to 2026-07-01 00:00:00+00:00, run_after=2026-07-02 00:00:00+00:00
[2026-07-02T16:32:42.099+0000] {processor.py:183} INFO - Processing /usr/local/python/3.12.1/lib/python3.12/site-packages/airflow/example_dags/example_bash_operator.py took 0.076 seconds
[2026-07-02T16:33:56.171+0000] {processor.py:161} INFO - Started process (PID=134056) to work on /usr/local/python/3.12.1/lib/python3.12/site-packages/airflow/example_dags/example_bash_operator.py
[2026-07-02T16:33:56.173+0000] {processor.py:830} INFO - Processing file /usr/local/python/3.12.1/lib/python3.12/site-packages/airflow/example_dags/example_bash_operator.py for tasks to queue
[2026-07-02T16:33:56.175+0000] {logging_mixin.py:188} INFO - [2026-07-02T16:33:56.174+0000] {dagbag.py:545} INFO - Filling up the DagBag from /usr/local/python/3.12.1/lib/python3.12/site-packages/airflow/example_dags/example_bash_operator.py
[2026-07-02T16:33:56.188+0000] {processor.py:840} INFO - DAG(s) 'example_bash_operator' retrieved from /usr/local/python/3.12.1/lib/python3.12/site-packages/airflow/example_dags/example_bash_operator.py
[2026-07-02T16:33:56.221+0000] {logging_mixin.py:188} INFO - [2026-07-02T16:33:56.220+0000] {dag.py:3089} INFO - Sync 1 DAGs
[2026-07-02T16:33:56.244+0000] {logging_mixin.py:188} INFO - [2026-07-02T16:33:56.244+0000] {dag.py:3947} INFO - Setting next_dagrun for example_bash_operator to 2026-07-01 00:00:00+00:00, run_after=2026-07-02 00:00:00+00:00
[2026-07-02T16:33:56.269+0000] {processor.py:183} INFO - Processing /usr/local/python/3.12.1/lib/python3.12/site-packages/airflow/example_dags/example_bash_operator.py took 0.104 seconds
[2026-07-02T16:35:11.128+0000] {processor.py:161} INFO - Started process (PID=135011) to work on /usr/local/python/3.12.1/lib/python3.12/site-packages/airflow/example_dags/example_bash_operator.py
[2026-07-02T16:35:11.132+0000] {processor.py:830} INFO - Processing file /usr/local/python/3.12.1/lib/python3.12/site-packages/airflow/example_dags/example_bash_operator.py for tasks to queue
[2026-07-02T16:35:11.140+0000] {logging_mixin.py:188} INFO - [2026-07-02T16:35:11.138+0000] {dagbag.py:545} INFO - Filling up the DagBag from /usr/local/python/3.12.1/lib/python3.12/site-packages/airflow/example_dags/example_bash_operator.py
[2026-07-02T16:35:11.171+0000] {processor.py:840} INFO - DAG(s) 'example_bash_operator' retrieved from /usr/local/python/3.12.1/lib/python3.12/site-packages/airflow/example_dags/example_bash_operator.py
[2026-07-02T16:35:11.252+0000] {logging_mixin.py:188} INFO - [2026-07-02T16:35:11.250+0000] {dag.py:3089} INFO - Sync 1 DAGs
[2026-07-02T16:35:11.287+0000] {logging_mixin.py:188} INFO - [2026-07-02T16:35:11.286+0000] {dag.py:3947} INFO - Setting next_dagrun for example_bash_operator to 2026-07-01 00:00:00+00:00, run_after=2026-07-02 00:00:00+00:00
[2026-07-02T16:35:11.327+0000] {processor.py:183} INFO - Processing /usr/local/python/3.12.1/lib/python3.12/site-packages/airflow/example_dags/example_bash_operator.py took 0.206 seconds
[2026-07-02T16:36:10.874+0000] {processor.py:161} INFO - Started process (PID=136540) to work on /usr/local/python/3.12.1/lib/python3.12/site-packages/airflow/example_dags/example_bash_operator.py
[2026-07-02T16:36:10.875+0000] {processor.py:830} INFO - Processing file /usr/local/python/3.12.1/lib/python3.12/site-packages/airflow/example_dags/example_bash_operator.py for tasks to queue
[2026-07-02T16:36:10.877+0000] {logging_mixin.py:188} INFO - [2026-07-02T16:36:10.877+0000] {dagbag.py:545} INFO - Filling up the DagBag from /usr/local/python/3.12.1/lib/python3.12/site-packages/airflow/example_dags/example_bash_operator.py
[2026-07-02T16:36:10.909+0000] {processor.py:840} INFO - DAG(s) 'example_bash_operator' retrieved from /usr/local/python/3.12.1/lib/python3.12/site-packages/airflow/example_dags/example_bash_operator.py
[2026-07-02T16:36:10.930+0000] {logging_mixin.py:188} INFO - [2026-07-02T16:36:10.930+0000] {dag.py:3089} INFO - Sync 1 DAGs
[2026-07-02T16:36:10.960+0000] {logging_mixin.py:188} INFO - [2026-07-02T16:36:10.960+0000] {dag.py:3947} INFO - Setting next_dagrun for example_bash_operator to 2026-07-01 00:00:00+00:00, run_after=2026-07-02 00:00:00+00:00
[2026-07-02T16:36:10.987+0000] {processor.py:183} INFO - Processing /usr/local/python/3.12.1/lib/python3.12/site-packages/airflow/example_dags/example_bash_operator.py took 0.121 seconds
[2026-07-02T16:37:19.196+0000] {processor.py:161} INFO - Started process (PID=137429) to work on /usr/local/python/3.12.1/lib/python3.12/site-packages/airflow/example_dags/example_bash_operator.py
[2026-07-02T16:37:19.197+0000] {processor.py:830} INFO - Processing file /usr/local/python/3.12.1/lib/python3.12/site-packages/airflow/example_dags/example_bash_operator.py for tasks to queue
[2026-07-02T16:37:19.199+0000] {logging_mixin.py:188} INFO - [2026-07-02T16:37:19.198+0000] {dagbag.py:545} INFO - Filling up the DagBag from /usr/local/python/3.12.1/lib/python3.12/site-packages/airflow/example_dags/example_bash_operator.py
[2026-07-02T16:37:19.207+0000] {processor.py:840} INFO - DAG(s) 'example_bash_operator' retrieved from /usr/local/python/3.12.1/lib/python3.12/site-packages/airflow/example_dags/example_bash_operator.py
[2026-07-02T16:37:19.225+0000] {logging_mixin.py:188} INFO - [2026-07-02T16:37:19.224+0000] {dag.py:3089} INFO - Sync 1 DAGs
[2026-07-02T16:37:19.240+0000] {logging_mixin.py:188} INFO - [2026-07-02T16:37:19.240+0000] {dag.py:3947} INFO - Setting next_dagrun for example_bash_operator to 2026-07-01 00:00:00+00:00, run_after=2026-07-02 00:00:00+00:00
[2026-07-02T16:37:19.256+0000] {processor.py:183} INFO - Processing /usr/local/python/3.12.1/lib/python3.12/site-packages/airflow/example_dags/example_bash_operator.py took 0.065 seconds
[2026-07-02T16:38:24.888+0000] {processor.py:161} INFO - Started process (PID=139383) to work on /usr/local/python/3.12.1/lib/python3.12/site-packages/airflow/example_dags/example_bash_operator.py
[2026-07-02T16:38:24.889+0000] {processor.py:830} INFO - Processing file /usr/local/python/3.12.1/lib/python3.12/site-packages/airflow/example_dags/example_bash_operator.py for tasks to queue
[2026-07-02T16:38:24.891+0000] {logging_mixin.py:188} INFO - [2026-07-02T16:38:24.890+0000] {dagbag.py:545} INFO - Filling up the DagBag from /usr/local/python/3.12.1/lib/python3.12/site-packages/airflow/example_dags/example_bash_operator.py
[2026-07-02T16:38:24.901+0000] {processor.py:840} INFO - DAG(s) 'example_bash_operator' retrieved from /usr/local/python/3.12.1/lib/python3.12/site-packages/airflow/example_dags/example_bash_operator.py
[2026-07-02T16:38:24.918+0000] {logging_mixin.py:188} INFO - [2026-07-02T16:38:24.918+0000] {dag.py:3089} INFO - Sync 1 DAGs
[2026-07-02T16:38:24.933+0000] {logging_mixin.py:188} INFO - [2026-07-02T16:38:24.933+0000] {dag.py:3947} INFO - Setting next_dagrun for example_bash_operator to 2026-07-01 00:00:00+00:00, run_after=2026-07-02 00:00:00+00:00
[2026-07-02T16:38:24.951+0000] {processor.py:183} INFO - Processing /usr/local/python/3.12.1/lib/python3.12/site-packages/airflow/example_dags/example_bash_operator.py took 0.070 seconds
[2026-07-02T16:39:34.734+0000] {processor.py:161} INFO - Started process (PID=140334) to work on /usr/local/python/3.12.1/lib/python3.12/site-packages/airflow/example_dags/example_bash_operator.py
[2026-07-02T16:39:34.735+0000] {processor.py:830} INFO - Processing file /usr/local/python/3.12.1/lib/python3.12/site-packages/airflow/example_dags/example_bash_operator.py for tasks to queue
[2026-07-02T16:39:34.736+0000] {logging_mixin.py:188} INFO - [2026-07-02T16:39:34.736+0000] {dagbag.py:545} INFO - Filling up the DagBag from /usr/local/python/3.12.1/lib/python3.12/site-packages/airflow/example_dags/example_bash_operator.py
[2026-07-02T16:39:34.745+0000] {processor.py:840} INFO - DAG(s) 'example_bash_operator' retrieved from /usr/local/python/3.12.1/lib/python3.12/site-packages/airflow/example_dags/example_bash_operator.py
[2026-07-02T16:39:34.763+0000] {logging_mixin.py:188} INFO - [2026-07-02T16:39:34.763+0000] {dag.py:3089} INFO - Sync 1 DAGs
[2026-07-02T16:39:34.780+0000] {logging_mixin.py:188} INFO - [2026-07-02T16:39:34.779+0000] {dag.py:3947} INFO - Setting next_dagrun for example_bash_operator to 2026-07-01 00:00:00+00:00, run_after=2026-07-02 00:00:00+00:00
[2026-07-02T16:39:34.801+0000] {processor.py:183} INFO - Processing /usr/local/python/3.12.1/lib/python3.12/site-packages/airflow/example_dags/example_bash_operator.py took 0.072 seconds
[2026-07-02T16:40:50.469+0000] {processor.py:161} INFO - Started process (PID=141451) to work on /usr/local/python/3.12.1/lib/python3.12/site-packages/airflow/example_dags/example_bash_operator.py
[2026-07-02T16:40:50.471+0000] {processor.py:830} INFO - Processing file /usr/local/python/3.12.1/lib/python3.12/site-packages/airflow/example_dags/example_bash_operator.py for tasks to queue
[2026-07-02T16:40:50.472+0000] {logging_mixin.py:188} INFO - [2026-07-02T16:40:50.472+0000] {dagbag.py:545} INFO - Filling up the DagBag from /usr/local/python/3.12.1/lib/python3.12/site-packages/airflow/example_dags/example_bash_operator.py
[2026-07-02T16:40:50.483+0000] {processor.py:840} INFO - DAG(s) 'example_bash_operator' retrieved from /usr/local/python/3.12.1/lib/python3.12/site-packages/airflow/example_dags/example_bash_operator.py
[2026-07-02T16:40:50.503+0000] {logging_mixin.py:188} INFO - [2026-07-02T16:40:50.502+0000] {dag.py:3089} INFO - Sync 1 DAGs
[2026-07-02T16:40:50.522+0000] {logging_mixin.py:188} INFO - [2026-07-02T16:40:50.522+0000] {dag.py:3947} INFO - Setting next_dagrun for example_bash_operator to 2026-07-01 00:00:00+00:00, run_after=2026-07-02 00:00:00+00:00
[2026-07-02T16:40:50.665+0000] {processor.py:183} INFO - Processing /usr/local/python/3.12.1/lib/python3.12/site-packages/airflow/example_dags/example_bash_operator.py took 0.200 seconds
[2026-07-02T16:41:47.760+0000] {processor.py:161} INFO - Started process (PID=142424) to work on /usr/local/python/3.12.1/lib/python3.12/site-packages/airflow/example_dags/example_bash_operator.py
[2026-07-02T16:41:47.778+0000] {processor.py:830} INFO - Processing file /usr/local/python/3.12.1/lib/python3.12/site-packages/airflow/example_dags/example_bash_operator.py for tasks to queue
[2026-07-02T16:41:47.782+0000] {logging_mixin.py:188} INFO - [2026-07-02T16:41:47.782+0000] {dagbag.py:545} INFO - Filling up the DagBag from /usr/local/python/3.12.1/lib/python3.12/site-packages/airflow/example_dags/example_bash_operator.py
[2026-07-02T16:41:47.823+0000] {processor.py:840} INFO - DAG(s) 'example_bash_operator' retrieved from /usr/local/python/3.12.1/lib/python3.12/site-packages/airflow/example_dags/example_bash_operator.py
[2026-07-02T16:41:47.887+0000] {logging_mixin.py:188} INFO - [2026-07-02T16:41:47.887+0000] {dag.py:3089} INFO - Sync 1 DAGs
[2026-07-02T16:41:47.952+0000] {logging_mixin.py:188} INFO - [2026-07-02T16:41:47.950+0000] {dag.py:3947} INFO - Setting next_dagrun for example_bash_operator to 2026-07-01 00:00:00+00:00, run_after=2026-07-02 00:00:00+00:00
[2026-07-02T16:41:48.002+0000] {processor.py:183} INFO - Processing /usr/local/python/3.12.1/lib/python3.12/site-packages/airflow/example_dags/example_bash_operator.py took 0.257 seconds
[2026-07-02T16:43:01.500+0000] {processor.py:161} INFO - Started process (PID=143506) to work on /usr/local/python/3.12.1/lib/python3.12/site-packages/airflow/example_dags/example_bash_operator.py
[2026-07-02T16:43:01.501+0000] {processor.py:830} INFO - Processing file /usr/local/python/3.12.1/lib/python3.12/site-packages/airflow/example_dags/example_bash_operator.py for tasks to queue
[2026-07-02T16:43:01.503+0000] {logging_mixin.py:188} INFO - [2026-07-02T16:43:01.502+0000] {dagbag.py:545} INFO - Filling up the DagBag from /usr/local/python/3.12.1/lib/python3.12/site-packages/airflow/example_dags/example_bash_operator.py
[2026-07-02T16:43:01.512+0000] {processor.py:840} INFO - DAG(s) 'example_bash_operator' retrieved from /usr/local/python/3.12.1/lib/python3.12/site-packages/airflow/example_dags/example_bash_operator.py
[2026-07-02T16:43:01.530+0000] {logging_mixin.py:188} INFO - [2026-07-02T16:43:01.530+0000] {dag.py:3089} INFO - Sync 1 DAGs
[2026-07-02T16:43:01.545+0000] {logging_mixin.py:188} INFO - [2026-07-02T16:43:01.545+0000] {dag.py:3947} INFO - Setting next_dagrun for example_bash_operator to 2026-07-01 00:00:00+00:00, run_after=2026-07-02 00:00:00+00:00
[2026-07-02T16:43:01.562+0000] {processor.py:183} INFO - Processing /usr/local/python/3.12.1/lib/python3.12/site-packages/airflow/example_dags/example_bash_operator.py took 0.066 seconds
[2026-07-02T16:44:08.281+0000] {processor.py:161} INFO - Started process (PID=145164) to work on /usr/local/python/3.12.1/lib/python3.12/site-packages/airflow/example_dags/example_bash_operator.py
[2026-07-02T16:44:08.284+0000] {processor.py:830} INFO - Processing file /usr/local/python/3.12.1/lib/python3.12/site-packages/airflow/example_dags/example_bash_operator.py for tasks to queue
[2026-07-02T16:44:08.286+0000] {logging_mixin.py:188} INFO - [2026-07-02T16:44:08.286+0000] {dagbag.py:545} INFO - Filling up the DagBag from /usr/local/python/3.12.1/lib/python3.12/site-packages/airflow/example_dags/example_bash_operator.py
[2026-07-02T16:44:08.297+0000] {processor.py:840} INFO - DAG(s) 'example_bash_operator' retrieved from /usr/local/python/3.12.1/lib/python3.12/site-packages/airflow/example_dags/example_bash_operator.py
[2026-07-02T16:44:08.318+0000] {logging_mixin.py:188} INFO - [2026-07-02T16:44:08.317+0000] {dag.py:3089} INFO - Sync 1 DAGs
[2026-07-02T16:44:08.333+0000] {logging_mixin.py:188} INFO - [2026-07-02T16:44:08.333+0000] {dag.py:3947} INFO - Setting next_dagrun for example_bash_operator to 2026-07-01 00:00:00+00:00, run_after=2026-07-02 00:00:00+00:00
[2026-07-02T16:44:08.349+0000] {processor.py:183} INFO - Processing /usr/local/python/3.12.1/lib/python3.12/site-packages/airflow/example_dags/example_bash_operator.py took 0.075 seconds
[2026-07-02T16:45:07.867+0000] {processor.py:161} INFO - Started process (PID=146707) to work on /usr/local/python/3.12.1/lib/python3.12/site-packages/airflow/example_dags/example_bash_operator.py
[2026-07-02T16:45:07.870+0000] {processor.py:830} INFO - Processing file /usr/local/python/3.12.1/lib/python3.12/site-packages/airflow/example_dags/example_bash_operator.py for tasks to queue
[2026-07-02T16:45:07.872+0000] {logging_mixin.py:188} INFO - [2026-07-02T16:45:07.872+0000] {dagbag.py:545} INFO - Filling up the DagBag from /usr/local/python/3.12.1/lib/python3.12/site-packages/airflow/example_dags/example_bash_operator.py
[2026-07-02T16:45:07.884+0000] {processor.py:840} INFO - DAG(s) 'example_bash_operator' retrieved from /usr/local/python/3.12.1/lib/python3.12/site-packages/airflow/example_dags/example_bash_operator.py
[2026-07-02T16:45:07.905+0000] {logging_mixin.py:188} INFO - [2026-07-02T16:45:07.905+0000] {dag.py:3089} INFO - Sync 1 DAGs
[2026-07-02T16:45:07.920+0000] {logging_mixin.py:188} INFO - [2026-07-02T16:45:07.920+0000] {dag.py:3947} INFO - Setting next_dagrun for example_bash_operator to 2026-07-01 00:00:00+00:00, run_after=2026-07-02 00:00:00+00:00
[2026-07-02T16:45:07.937+0000] {processor.py:183} INFO - Processing /usr/local/python/3.12.1/lib/python3.12/site-packages/airflow/example_dags/example_bash_operator.py took 0.075 seconds
[2026-07-02T16:46:16.570+0000] {processor.py:161} INFO - Started process (PID=149228) to work on /usr/local/python/3.12.1/lib/python3.12/site-packages/airflow/example_dags/example_bash_operator.py
[2026-07-02T16:46:16.572+0000] {processor.py:830} INFO - Processing file /usr/local/python/3.12.1/lib/python3.12/site-packages/airflow/example_dags/example_bash_operator.py for tasks to queue
[2026-07-02T16:46:16.574+0000] {logging_mixin.py:188} INFO - [2026-07-02T16:46:16.574+0000] {dagbag.py:545} INFO - Filling up the DagBag from /usr/local/python/3.12.1/lib/python3.12/site-packages/airflow/example_dags/example_bash_operator.py
[2026-07-02T16:46:16.606+0000] {processor.py:840} INFO - DAG(s) 'example_bash_operator' retrieved from /usr/local/python/3.12.1/lib/python3.12/site-packages/airflow/example_dags/example_bash_operator.py
[2026-07-02T16:46:16.624+0000] {logging_mixin.py:188} INFO - [2026-07-02T16:46:16.624+0000] {dag.py:3089} INFO - Sync 1 DAGs
[2026-07-02T16:46:16.642+0000] {logging_mixin.py:188} INFO - [2026-07-02T16:46:16.642+0000] {dag.py:3947} INFO - Setting next_dagrun for example_bash_operator to 2026-07-01 00:00:00+00:00, run_after=2026-07-02 00:00:00+00:00
[2026-07-02T16:46:16.659+0000] {processor.py:183} INFO - Processing /usr/local/python/3.12.1/lib/python3.12/site-packages/airflow/example_dags/example_bash_operator.py took 0.096 seconds
