[2026-07-02T16:24:26.164+0000] {processor.py:161} INFO - Started process (PID=117730) to work on /usr/local/python/3.12.1/lib/python3.12/site-packages/airflow/example_dags/example_python_operator.py
[2026-07-02T16:24:26.165+0000] {processor.py:830} INFO - Processing file /usr/local/python/3.12.1/lib/python3.12/site-packages/airflow/example_dags/example_python_operator.py for tasks to queue
[2026-07-02T16:24:26.166+0000] {logging_mixin.py:188} INFO - [2026-07-02T16:24:26.166+0000] {dagbag.py:545} INFO - Filling up the DagBag from /usr/local/python/3.12.1/lib/python3.12/site-packages/airflow/example_dags/example_python_operator.py
[2026-07-02T16:24:26.174+0000] {processor.py:840} INFO - DAG(s) 'example_python_operator' retrieved from /usr/local/python/3.12.1/lib/python3.12/site-packages/airflow/example_dags/example_python_operator.py
[2026-07-02T16:24:26.273+0000] {logging_mixin.py:188} INFO - [2026-07-02T16:24:26.272+0000] {override.py:1858} INFO - Created Permission View: can delete on DAG:example_python_operator
[2026-07-02T16:24:26.286+0000] {logging_mixin.py:188} INFO - [2026-07-02T16:24:26.286+0000] {override.py:1858} INFO - Created Permission View: can read on DAG:example_python_operator
[2026-07-02T16:24:26.295+0000] {logging_mixin.py:188} INFO - [2026-07-02T16:24:26.295+0000] {override.py:1858} INFO - Created Permission View: can edit on DAG:example_python_operator
[2026-07-02T16:24:26.295+0000] {logging_mixin.py:188} INFO - [2026-07-02T16:24:26.295+0000] {dag.py:3089} INFO - Sync 1 DAGs
[2026-07-02T16:24:26.304+0000] {logging_mixin.py:188} INFO - [2026-07-02T16:24:26.303+0000] {dag.py:3111} INFO - Creating ORM DAG for example_python_operator
[2026-07-02T16:24:26.304+0000] {logging_mixin.py:188} INFO - [2026-07-02T16:24:26.304+0000] {dag.py:3947} INFO - Setting next_dagrun for example_python_operator to None, run_after=None
[2026-07-02T16:24:26.319+0000] {processor.py:183} INFO - Processing /usr/local/python/3.12.1/lib/python3.12/site-packages/airflow/example_dags/example_python_operator.py took 0.160 seconds
[2026-07-02T16:25:19.274+0000] {processor.py:161} INFO - Started process (PID=118494) to work on /usr/local/python/3.12.1/lib/python3.12/site-packages/airflow/example_dags/example_python_operator.py
[2026-07-02T16:25:19.275+0000] {processor.py:830} INFO - Processing file /usr/local/python/3.12.1/lib/python3.12/site-packages/airflow/example_dags/example_python_operator.py for tasks to queue
[2026-07-02T16:25:19.277+0000] {logging_mixin.py:188} INFO - [2026-07-02T16:25:19.277+0000] {dagbag.py:545} INFO - Filling up the DagBag from /usr/local/python/3.12.1/lib/python3.12/site-packages/airflow/example_dags/example_python_operator.py
[2026-07-02T16:25:19.291+0000] {processor.py:840} INFO - DAG(s) 'example_python_operator' retrieved from /usr/local/python/3.12.1/lib/python3.12/site-packages/airflow/example_dags/example_python_operator.py
[2026-07-02T16:25:19.307+0000] {logging_mixin.py:188} INFO - [2026-07-02T16:25:19.307+0000] {dag.py:3089} INFO - Sync 1 DAGs
[2026-07-02T16:25:19.317+0000] {logging_mixin.py:188} INFO - [2026-07-02T16:25:19.317+0000] {dag.py:3947} INFO - Setting next_dagrun for example_python_operator to None, run_after=None
[2026-07-02T16:25:19.334+0000] {processor.py:183} INFO - Processing /usr/local/python/3.12.1/lib/python3.12/site-packages/airflow/example_dags/example_python_operator.py took 0.065 seconds
[2026-07-02T16:26:15.502+0000] {processor.py:161} INFO - Started process (PID=125356) to work on /usr/local/python/3.12.1/lib/python3.12/site-packages/airflow/example_dags/example_python_operator.py
[2026-07-02T16:26:15.504+0000] {processor.py:830} INFO - Processing file /usr/local/python/3.12.1/lib/python3.12/site-packages/airflow/example_dags/example_python_operator.py for tasks to queue
[2026-07-02T16:26:15.509+0000] {logging_mixin.py:188} INFO - [2026-07-02T16:26:15.508+0000] {dagbag.py:545} INFO - Filling up the DagBag from /usr/local/python/3.12.1/lib/python3.12/site-packages/airflow/example_dags/example_python_operator.py
[2026-07-02T16:26:15.537+0000] {processor.py:840} INFO - DAG(s) 'example_python_operator' retrieved from /usr/local/python/3.12.1/lib/python3.12/site-packages/airflow/example_dags/example_python_operator.py
[2026-07-02T16:26:15.594+0000] {logging_mixin.py:188} INFO - [2026-07-02T16:26:15.591+0000] {dag.py:3089} INFO - Sync 1 DAGs
[2026-07-02T16:26:15.639+0000] {logging_mixin.py:188} INFO - [2026-07-02T16:26:15.639+0000] {dag.py:3947} INFO - Setting next_dagrun for example_python_operator to None, run_after=None
[2026-07-02T16:26:15.732+0000] {processor.py:183} INFO - Processing /usr/local/python/3.12.1/lib/python3.12/site-packages/airflow/example_dags/example_python_operator.py took 0.243 seconds
[2026-07-02T16:27:28.569+0000] {processor.py:161} INFO - Started process (PID=128233) to work on /usr/local/python/3.12.1/lib/python3.12/site-packages/airflow/example_dags/example_python_operator.py
[2026-07-02T16:27:28.570+0000] {processor.py:830} INFO - Processing file /usr/local/python/3.12.1/lib/python3.12/site-packages/airflow/example_dags/example_python_operator.py for tasks to queue
[2026-07-02T16:27:28.572+0000] {logging_mixin.py:188} INFO - [2026-07-02T16:27:28.572+0000] {dagbag.py:545} INFO - Filling up the DagBag from /usr/local/python/3.12.1/lib/python3.12/site-packages/airflow/example_dags/example_python_operator.py
[2026-07-02T16:27:28.583+0000] {processor.py:840} INFO - DAG(s) 'example_python_operator' retrieved from /usr/local/python/3.12.1/lib/python3.12/site-packages/airflow/example_dags/example_python_operator.py
[2026-07-02T16:27:28.603+0000] {logging_mixin.py:188} INFO - [2026-07-02T16:27:28.603+0000] {dag.py:3089} INFO - Sync 1 DAGs
[2026-07-02T16:27:28.612+0000] {logging_mixin.py:188} INFO - [2026-07-02T16:27:28.612+0000] {dag.py:3947} INFO - Setting next_dagrun for example_python_operator to None, run_after=None
[2026-07-02T16:27:28.629+0000] {processor.py:183} INFO - Processing /usr/local/python/3.12.1/lib/python3.12/site-packages/airflow/example_dags/example_python_operator.py took 0.065 seconds
[2026-07-02T16:28:23.276+0000] {processor.py:161} INFO - Started process (PID=129042) to work on /usr/local/python/3.12.1/lib/python3.12/site-packages/airflow/example_dags/example_python_operator.py
[2026-07-02T16:28:23.281+0000] {processor.py:830} INFO - Processing file /usr/local/python/3.12.1/lib/python3.12/site-packages/airflow/example_dags/example_python_operator.py for tasks to queue
[2026-07-02T16:28:23.284+0000] {logging_mixin.py:188} INFO - [2026-07-02T16:28:23.284+0000] {dagbag.py:545} INFO - Filling up the DagBag from /usr/local/python/3.12.1/lib/python3.12/site-packages/airflow/example_dags/example_python_operator.py
[2026-07-02T16:28:23.303+0000] {processor.py:840} INFO - DAG(s) 'example_python_operator' retrieved from /usr/local/python/3.12.1/lib/python3.12/site-packages/airflow/example_dags/example_python_operator.py
[2026-07-02T16:28:23.328+0000] {logging_mixin.py:188} INFO - [2026-07-02T16:28:23.327+0000] {dag.py:3089} INFO - Sync 1 DAGs
[2026-07-02T16:28:23.341+0000] {logging_mixin.py:188} INFO - [2026-07-02T16:28:23.341+0000] {dag.py:3947} INFO - Setting next_dagrun for example_python_operator to None, run_after=None
[2026-07-02T16:28:23.384+0000] {processor.py:183} INFO - Processing /usr/local/python/3.12.1/lib/python3.12/site-packages/airflow/example_dags/example_python_operator.py took 0.115 seconds
[2026-07-02T16:29:27.666+0000] {processor.py:161} INFO - Started process (PID=129870) to work on /usr/local/python/3.12.1/lib/python3.12/site-packages/airflow/example_dags/example_python_operator.py
[2026-07-02T16:29:27.667+0000] {processor.py:830} INFO - Processing file /usr/local/python/3.12.1/lib/python3.12/site-packages/airflow/example_dags/example_python_operator.py for tasks to queue
[2026-07-02T16:29:27.668+0000] {logging_mixin.py:188} INFO - [2026-07-02T16:29:27.668+0000] {dagbag.py:545} INFO - Filling up the DagBag from /usr/local/python/3.12.1/lib/python3.12/site-packages/airflow/example_dags/example_python_operator.py
[2026-07-02T16:29:27.678+0000] {processor.py:840} INFO - DAG(s) 'example_python_operator' retrieved from /usr/local/python/3.12.1/lib/python3.12/site-packages/airflow/example_dags/example_python_operator.py
[2026-07-02T16:29:27.827+0000] {logging_mixin.py:188} INFO - [2026-07-02T16:29:27.827+0000] {dag.py:3089} INFO - Sync 1 DAGs
[2026-07-02T16:29:27.840+0000] {logging_mixin.py:188} INFO - [2026-07-02T16:29:27.840+0000] {dag.py:3947} INFO - Setting next_dagrun for example_python_operator to None, run_after=None
[2026-07-02T16:29:27.888+0000] {processor.py:183} INFO - Processing /usr/local/python/3.12.1/lib/python3.12/site-packages/airflow/example_dags/example_python_operator.py took 0.226 seconds
[2026-07-02T16:30:23.890+0000] {processor.py:161} INFO - Started process (PID=130506) to work on /usr/local/python/3.12.1/lib/python3.12/site-packages/airflow/example_dags/example_python_operator.py
[2026-07-02T16:30:23.891+0000] {processor.py:830} INFO - Processing file /usr/local/python/3.12.1/lib/python3.12/site-packages/airflow/example_dags/example_python_operator.py for tasks to queue
[2026-07-02T16:30:23.893+0000] {logging_mixin.py:188} INFO - [2026-07-02T16:30:23.893+0000] {dagbag.py:545} INFO - Filling up the DagBag from /usr/local/python/3.12.1/lib/python3.12/site-packages/airflow/example_dags/example_python_operator.py
[2026-07-02T16:30:23.906+0000] {processor.py:840} INFO - DAG(s) 'example_python_operator' retrieved from /usr/local/python/3.12.1/lib/python3.12/site-packages/airflow/example_dags/example_python_operator.py
[2026-07-02T16:30:23.929+0000] {logging_mixin.py:188} INFO - [2026-07-02T16:30:23.928+0000] {dag.py:3089} INFO - Sync 1 DAGs
[2026-07-02T16:30:23.944+0000] {logging_mixin.py:188} INFO - [2026-07-02T16:30:23.944+0000] {dag.py:3947} INFO - Setting next_dagrun for example_python_operator to None, run_after=None
[2026-07-02T16:30:23.968+0000] {processor.py:183} INFO - Processing /usr/local/python/3.12.1/lib/python3.12/site-packages/airflow/example_dags/example_python_operator.py took 0.084 seconds
[2026-07-02T16:31:14.180+0000] {processor.py:161} INFO - Started process (PID=131051) to work on /usr/local/python/3.12.1/lib/python3.12/site-packages/airflow/example_dags/example_python_operator.py
[2026-07-02T16:31:14.185+0000] {processor.py:830} INFO - Processing file /usr/local/python/3.12.1/lib/python3.12/site-packages/airflow/example_dags/example_python_operator.py for tasks to queue
[2026-07-02T16:31:14.190+0000] {logging_mixin.py:188} INFO - [2026-07-02T16:31:14.190+0000] {dagbag.py:545} INFO - Filling up the DagBag from /usr/local/python/3.12.1/lib/python3.12/site-packages/airflow/example_dags/example_python_operator.py
[2026-07-02T16:31:14.248+0000] {processor.py:840} INFO - DAG(s) 'example_python_operator' retrieved from /usr/local/python/3.12.1/lib/python3.12/site-packages/airflow/example_dags/example_python_operator.py
[2026-07-02T16:31:14.312+0000] {logging_mixin.py:188} INFO - [2026-07-02T16:31:14.312+0000] {dag.py:3089} INFO - Sync 1 DAGs
[2026-07-02T16:31:14.350+0000] {logging_mixin.py:188} INFO - [2026-07-02T16:31:14.349+0000] {dag.py:3947} INFO - Setting next_dagrun for example_python_operator to None, run_after=None
[2026-07-02T16:31:14.389+0000] {processor.py:183} INFO - Processing /usr/local/python/3.12.1/lib/python3.12/site-packages/airflow/example_dags/example_python_operator.py took 0.229 seconds
[2026-07-02T16:32:02.868+0000] {processor.py:161} INFO - Started process (PID=131609) to work on /usr/local/python/3.12.1/lib/python3.12/site-packages/airflow/example_dags/example_python_operator.py
[2026-07-02T16:32:02.868+0000] {processor.py:830} INFO - Processing file /usr/local/python/3.12.1/lib/python3.12/site-packages/airflow/example_dags/example_python_operator.py for tasks to queue
[2026-07-02T16:32:02.870+0000] {logging_mixin.py:188} INFO - [2026-07-02T16:32:02.869+0000] {dagbag.py:545} INFO - Filling up the DagBag from /usr/local/python/3.12.1/lib/python3.12/site-packages/airflow/example_dags/example_python_operator.py
[2026-07-02T16:32:02.880+0000] {processor.py:840} INFO - DAG(s) 'example_python_operator' retrieved from /usr/local/python/3.12.1/lib/python3.12/site-packages/airflow/example_dags/example_python_operator.py
[2026-07-02T16:32:02.897+0000] {logging_mixin.py:188} INFO - [2026-07-02T16:32:02.897+0000] {dag.py:3089} INFO - Sync 1 DAGs
[2026-07-02T16:32:02.906+0000] {logging_mixin.py:188} INFO - [2026-07-02T16:32:02.906+0000] {dag.py:3947} INFO - Setting next_dagrun for example_python_operator to None, run_after=None
[2026-07-02T16:32:02.923+0000] {processor.py:183} INFO - Processing /usr/local/python/3.12.1/lib/python3.12/site-packages/airflow/example_dags/example_python_operator.py took 0.060 seconds
[2026-07-02T16:32:53.798+0000] {processor.py:161} INFO - Started process (PID=133294) to work on /usr/local/python/3.12.1/lib/python3.12/site-packages/airflow/example_dags/example_python_operator.py
[2026-07-02T16:32:53.799+0000] {processor.py:830} INFO - Processing file /usr/local/python/3.12.1/lib/python3.12/site-packages/airflow/example_dags/example_python_operator.py for tasks to queue
[2026-07-02T16:32:53.801+0000] {logging_mixin.py:188} INFO - [2026-07-02T16:32:53.800+0000] {dagbag.py:545} INFO - Filling up the DagBag from /usr/local/python/3.12.1/lib/python3.12/site-packages/airflow/example_dags/example_python_operator.py
[2026-07-02T16:32:53.810+0000] {processor.py:840} INFO - DAG(s) 'example_python_operator' retrieved from /usr/local/python/3.12.1/lib/python3.12/site-packages/airflow/example_dags/example_python_operator.py
[2026-07-02T16:32:53.825+0000] {logging_mixin.py:188} INFO - [2026-07-02T16:32:53.825+0000] {dag.py:3089} INFO - Sync 1 DAGs
[2026-07-02T16:32:53.835+0000] {logging_mixin.py:188} INFO - [2026-07-02T16:32:53.835+0000] {dag.py:3947} INFO - Setting next_dagrun for example_python_operator to None, run_after=None
[2026-07-02T16:32:53.852+0000] {processor.py:183} INFO - Processing /usr/local/python/3.12.1/lib/python3.12/site-packages/airflow/example_dags/example_python_operator.py took 0.059 seconds
[2026-07-02T16:33:44.008+0000] {processor.py:161} INFO - Started process (PID=133913) to work on /usr/local/python/3.12.1/lib/python3.12/site-packages/airflow/example_dags/example_python_operator.py
[2026-07-02T16:33:44.009+0000] {processor.py:830} INFO - Processing file /usr/local/python/3.12.1/lib/python3.12/site-packages/airflow/example_dags/example_python_operator.py for tasks to queue
[2026-07-02T16:33:44.013+0000] {logging_mixin.py:188} INFO - [2026-07-02T16:33:44.013+0000] {dagbag.py:545} INFO - Filling up the DagBag from /usr/local/python/3.12.1/lib/python3.12/site-packages/airflow/example_dags/example_python_operator.py
[2026-07-02T16:33:44.049+0000] {processor.py:840} INFO - DAG(s) 'example_python_operator' retrieved from /usr/local/python/3.12.1/lib/python3.12/site-packages/airflow/example_dags/example_python_operator.py
[2026-07-02T16:33:44.124+0000] {logging_mixin.py:188} INFO - [2026-07-02T16:33:44.123+0000] {dag.py:3089} INFO - Sync 1 DAGs
[2026-07-02T16:33:44.210+0000] {logging_mixin.py:188} INFO - [2026-07-02T16:33:44.209+0000] {dag.py:3947} INFO - Setting next_dagrun for example_python_operator to None, run_after=None
[2026-07-02T16:33:44.284+0000] {processor.py:183} INFO - Processing /usr/local/python/3.12.1/lib/python3.12/site-packages/airflow/example_dags/example_python_operator.py took 0.292 seconds
[2026-07-02T16:34:32.799+0000] {processor.py:161} INFO - Started process (PID=134568) to work on /usr/local/python/3.12.1/lib/python3.12/site-packages/airflow/example_dags/example_python_operator.py
[2026-07-02T16:34:32.803+0000] {processor.py:830} INFO - Processing file /usr/local/python/3.12.1/lib/python3.12/site-packages/airflow/example_dags/example_python_operator.py for tasks to queue
[2026-07-02T16:34:32.805+0000] {logging_mixin.py:188} INFO - [2026-07-02T16:34:32.805+0000] {dagbag.py:545} INFO - Filling up the DagBag from /usr/local/python/3.12.1/lib/python3.12/site-packages/airflow/example_dags/example_python_operator.py
[2026-07-02T16:34:32.821+0000] {processor.py:840} INFO - DAG(s) 'example_python_operator' retrieved from /usr/local/python/3.12.1/lib/python3.12/site-packages/airflow/example_dags/example_python_operator.py
[2026-07-02T16:34:32.849+0000] {logging_mixin.py:188} INFO - [2026-07-02T16:34:32.849+0000] {dag.py:3089} INFO - Sync 1 DAGs
[2026-07-02T16:34:32.865+0000] {logging_mixin.py:188} INFO - [2026-07-02T16:34:32.864+0000] {dag.py:3947} INFO - Setting next_dagrun for example_python_operator to None, run_after=None
[2026-07-02T16:34:32.894+0000] {processor.py:183} INFO - Processing /usr/local/python/3.12.1/lib/python3.12/site-packages/airflow/example_dags/example_python_operator.py took 0.102 seconds
[2026-07-02T16:35:26.285+0000] {processor.py:161} INFO - Started process (PID=135970) to work on /usr/local/python/3.12.1/lib/python3.12/site-packages/airflow/example_dags/example_python_operator.py
[2026-07-02T16:35:26.299+0000] {processor.py:830} INFO - Processing file /usr/local/python/3.12.1/lib/python3.12/site-packages/airflow/example_dags/example_python_operator.py for tasks to queue
[2026-07-02T16:35:26.302+0000] {logging_mixin.py:188} INFO - [2026-07-02T16:35:26.301+0000] {dagbag.py:545} INFO - Filling up the DagBag from /usr/local/python/3.12.1/lib/python3.12/site-packages/airflow/example_dags/example_python_operator.py
[2026-07-02T16:35:26.329+0000] {processor.py:840} INFO - DAG(s) 'example_python_operator' retrieved from /usr/local/python/3.12.1/lib/python3.12/site-packages/airflow/example_dags/example_python_operator.py
[2026-07-02T16:35:26.361+0000] {logging_mixin.py:188} INFO - [2026-07-02T16:35:26.361+0000] {dag.py:3089} INFO - Sync 1 DAGs
[2026-07-02T16:35:26.377+0000] {logging_mixin.py:188} INFO - [2026-07-02T16:35:26.376+0000] {dag.py:3947} INFO - Setting next_dagrun for example_python_operator to None, run_after=None
[2026-07-02T16:35:26.545+0000] {processor.py:183} INFO - Processing /usr/local/python/3.12.1/lib/python3.12/site-packages/airflow/example_dags/example_python_operator.py took 0.275 seconds
[2026-07-02T16:36:22.443+0000] {processor.py:161} INFO - Started process (PID=136702) to work on /usr/local/python/3.12.1/lib/python3.12/site-packages/airflow/example_dags/example_python_operator.py
[2026-07-02T16:36:22.444+0000] {processor.py:830} INFO - Processing file /usr/local/python/3.12.1/lib/python3.12/site-packages/airflow/example_dags/example_python_operator.py for tasks to queue
[2026-07-02T16:36:22.446+0000] {logging_mixin.py:188} INFO - [2026-07-02T16:36:22.445+0000] {dagbag.py:545} INFO - Filling up the DagBag from /usr/local/python/3.12.1/lib/python3.12/site-packages/airflow/example_dags/example_python_operator.py
[2026-07-02T16:36:22.460+0000] {processor.py:840} INFO - DAG(s) 'example_python_operator' retrieved from /usr/local/python/3.12.1/lib/python3.12/site-packages/airflow/example_dags/example_python_operator.py
[2026-07-02T16:36:22.483+0000] {logging_mixin.py:188} INFO - [2026-07-02T16:36:22.483+0000] {dag.py:3089} INFO - Sync 1 DAGs
[2026-07-02T16:36:22.496+0000] {logging_mixin.py:188} INFO - [2026-07-02T16:36:22.496+0000] {dag.py:3947} INFO - Setting next_dagrun for example_python_operator to None, run_after=None
[2026-07-02T16:36:22.512+0000] {processor.py:183} INFO - Processing /usr/local/python/3.12.1/lib/python3.12/site-packages/airflow/example_dags/example_python_operator.py took 0.077 seconds
[2026-07-02T16:37:05.943+0000] {processor.py:161} INFO - Started process (PID=137291) to work on /usr/local/python/3.12.1/lib/python3.12/site-packages/airflow/example_dags/example_python_operator.py
[2026-07-02T16:37:05.944+0000] {processor.py:830} INFO - Processing file /usr/local/python/3.12.1/lib/python3.12/site-packages/airflow/example_dags/example_python_operator.py for tasks to queue
[2026-07-02T16:37:05.949+0000] {logging_mixin.py:188} INFO - [2026-07-02T16:37:05.945+0000] {dagbag.py:545} INFO - Filling up the DagBag from /usr/local/python/3.12.1/lib/python3.12/site-packages/airflow/example_dags/example_python_operator.py
[2026-07-02T16:37:05.979+0000] {processor.py:840} INFO - DAG(s) 'example_python_operator' retrieved from /usr/local/python/3.12.1/lib/python3.12/site-packages/airflow/example_dags/example_python_operator.py
[2026-07-02T16:37:06.022+0000] {logging_mixin.py:188} INFO - [2026-07-02T16:37:06.022+0000] {dag.py:3089} INFO - Sync 1 DAGs
[2026-07-02T16:37:06.046+0000] {logging_mixin.py:188} INFO - [2026-07-02T16:37:06.046+0000] {dag.py:3947} INFO - Setting next_dagrun for example_python_operator to None, run_after=None
[2026-07-02T16:37:06.088+0000] {processor.py:183} INFO - Processing /usr/local/python/3.12.1/lib/python3.12/site-packages/airflow/example_dags/example_python_operator.py took 0.151 seconds
[2026-07-02T16:37:53.800+0000] {processor.py:161} INFO - Started process (PID=138572) to work on /usr/local/python/3.12.1/lib/python3.12/site-packages/airflow/example_dags/example_python_operator.py
[2026-07-02T16:37:53.801+0000] {processor.py:830} INFO - Processing file /usr/local/python/3.12.1/lib/python3.12/site-packages/airflow/example_dags/example_python_operator.py for tasks to queue
[2026-07-02T16:37:53.803+0000] {logging_mixin.py:188} INFO - [2026-07-02T16:37:53.803+0000] {dagbag.py:545} INFO - Filling up the DagBag from /usr/local/python/3.12.1/lib/python3.12/site-packages/airflow/example_dags/example_python_operator.py
[2026-07-02T16:37:53.815+0000] {processor.py:840} INFO - DAG(s) 'example_python_operator' retrieved from /usr/local/python/3.12.1/lib/python3.12/site-packages/airflow/example_dags/example_python_operator.py
[2026-07-02T16:37:53.829+0000] {logging_mixin.py:188} INFO - [2026-07-02T16:37:53.829+0000] {dag.py:3089} INFO - Sync 1 DAGs
[2026-07-02T16:37:53.838+0000] {logging_mixin.py:188} INFO - [2026-07-02T16:37:53.838+0000] {dag.py:3947} INFO - Setting next_dagrun for example_python_operator to None, run_after=None
[2026-07-02T16:37:53.855+0000] {processor.py:183} INFO - Processing /usr/local/python/3.12.1/lib/python3.12/site-packages/airflow/example_dags/example_python_operator.py took 0.061 seconds
[2026-07-02T16:38:40.631+0000] {processor.py:161} INFO - Started process (PID=139621) to work on /usr/local/python/3.12.1/lib/python3.12/site-packages/airflow/example_dags/example_python_operator.py
[2026-07-02T16:38:40.632+0000] {processor.py:830} INFO - Processing file /usr/local/python/3.12.1/lib/python3.12/site-packages/airflow/example_dags/example_python_operator.py for tasks to queue
[2026-07-02T16:38:40.634+0000] {logging_mixin.py:188} INFO - [2026-07-02T16:38:40.633+0000] {dagbag.py:545} INFO - Filling up the DagBag from /usr/local/python/3.12.1/lib/python3.12/site-packages/airflow/example_dags/example_python_operator.py
[2026-07-02T16:38:40.646+0000] {processor.py:840} INFO - DAG(s) 'example_python_operator' retrieved from /usr/local/python/3.12.1/lib/python3.12/site-packages/airflow/example_dags/example_python_operator.py
[2026-07-02T16:38:40.666+0000] {logging_mixin.py:188} INFO - [2026-07-02T16:38:40.666+0000] {dag.py:3089} INFO - Sync 1 DAGs
[2026-07-02T16:38:40.684+0000] {logging_mixin.py:188} INFO - [2026-07-02T16:38:40.684+0000] {dag.py:3947} INFO - Setting next_dagrun for example_python_operator to None, run_after=None
[2026-07-02T16:38:40.708+0000] {processor.py:183} INFO - Processing /usr/local/python/3.12.1/lib/python3.12/site-packages/airflow/example_dags/example_python_operator.py took 0.084 seconds
[2026-07-02T16:39:28.124+0000] {processor.py:161} INFO - Started process (PID=140268) to work on /usr/local/python/3.12.1/lib/python3.12/site-packages/airflow/example_dags/example_python_operator.py
[2026-07-02T16:39:28.125+0000] {processor.py:830} INFO - Processing file /usr/local/python/3.12.1/lib/python3.12/site-packages/airflow/example_dags/example_python_operator.py for tasks to queue
[2026-07-02T16:39:28.129+0000] {logging_mixin.py:188} INFO - [2026-07-02T16:39:28.128+0000] {dagbag.py:545} INFO - Filling up the DagBag from /usr/local/python/3.12.1/lib/python3.12/site-packages/airflow/example_dags/example_python_operator.py
[2026-07-02T16:39:28.143+0000] {processor.py:840} INFO - DAG(s) 'example_python_operator' retrieved from /usr/local/python/3.12.1/lib/python3.12/site-packages/airflow/example_dags/example_python_operator.py
[2026-07-02T16:39:28.157+0000] {logging_mixin.py:188} INFO - [2026-07-02T16:39:28.157+0000] {dag.py:3089} INFO - Sync 1 DAGs
[2026-07-02T16:39:28.166+0000] {logging_mixin.py:188} INFO - [2026-07-02T16:39:28.166+0000] {dag.py:3947} INFO - Setting next_dagrun for example_python_operator to None, run_after=None
[2026-07-02T16:39:28.185+0000] {processor.py:183} INFO - Processing /usr/local/python/3.12.1/lib/python3.12/site-packages/airflow/example_dags/example_python_operator.py took 0.067 seconds
