[2026-07-02T16:24:28.408+0000] {processor.py:161} INFO - Started process (PID=117778) to work on /usr/local/python/3.12.1/lib/python3.12/site-packages/airflow/example_dags/example_sensor_decorator.py
[2026-07-02T16:24:28.408+0000] {processor.py:830} INFO - Processing file /usr/local/python/3.12.1/lib/python3.12/site-packages/airflow/example_dags/example_sensor_decorator.py for tasks to queue
[2026-07-02T16:24:28.410+0000] {logging_mixin.py:188} INFO - [2026-07-02T16:24:28.410+0000] {dagbag.py:545} INFO - Filling up the DagBag from /usr/local/python/3.12.1/lib/python3.12/site-packages/airflow/example_dags/example_sensor_decorator.py
[2026-07-02T16:24:28.417+0000] {processor.py:840} INFO - DAG(s) 'example_sensor_decorator' retrieved from /usr/local/python/3.12.1/lib/python3.12/site-packages/airflow/example_dags/example_sensor_decorator.py
[2026-07-02T16:24:28.501+0000] {logging_mixin.py:188} INFO - [2026-07-02T16:24:28.500+0000] {override.py:1858} INFO - Created Permission View: can delete on DAG:example_sensor_decorator
[2026-07-02T16:24:28.509+0000] {logging_mixin.py:188} INFO - [2026-07-02T16:24:28.509+0000] {override.py:1858} INFO - Created Permission View: can read on DAG:example_sensor_decorator
[2026-07-02T16:24:28.516+0000] {logging_mixin.py:188} INFO - [2026-07-02T16:24:28.515+0000] {override.py:1858} INFO - Created Permission View: can edit on DAG:example_sensor_decorator
[2026-07-02T16:24:28.516+0000] {logging_mixin.py:188} INFO - [2026-07-02T16:24:28.516+0000] {dag.py:3089} INFO - Sync 1 DAGs
[2026-07-02T16:24:28.524+0000] {logging_mixin.py:188} INFO - [2026-07-02T16:24:28.524+0000] {dag.py:3111} INFO - Creating ORM DAG for example_sensor_decorator
[2026-07-02T16:24:28.524+0000] {logging_mixin.py:188} INFO - [2026-07-02T16:24:28.524+0000] {dag.py:3947} INFO - Setting next_dagrun for example_sensor_decorator to None, run_after=None
[2026-07-02T16:24:28.541+0000] {processor.py:183} INFO - Processing /usr/local/python/3.12.1/lib/python3.12/site-packages/airflow/example_dags/example_sensor_decorator.py took 0.139 seconds
[2026-07-02T16:25:22.799+0000] {processor.py:161} INFO - Started process (PID=118569) to work on /usr/local/python/3.12.1/lib/python3.12/site-packages/airflow/example_dags/example_sensor_decorator.py
[2026-07-02T16:25:22.799+0000] {processor.py:830} INFO - Processing file /usr/local/python/3.12.1/lib/python3.12/site-packages/airflow/example_dags/example_sensor_decorator.py for tasks to queue
[2026-07-02T16:25:22.801+0000] {logging_mixin.py:188} INFO - [2026-07-02T16:25:22.801+0000] {dagbag.py:545} INFO - Filling up the DagBag from /usr/local/python/3.12.1/lib/python3.12/site-packages/airflow/example_dags/example_sensor_decorator.py
[2026-07-02T16:25:22.808+0000] {processor.py:840} INFO - DAG(s) 'example_sensor_decorator' retrieved from /usr/local/python/3.12.1/lib/python3.12/site-packages/airflow/example_dags/example_sensor_decorator.py
[2026-07-02T16:25:22.827+0000] {logging_mixin.py:188} INFO - [2026-07-02T16:25:22.827+0000] {dag.py:3089} INFO - Sync 1 DAGs
[2026-07-02T16:25:22.843+0000] {logging_mixin.py:188} INFO - [2026-07-02T16:25:22.843+0000] {dag.py:3947} INFO - Setting next_dagrun for example_sensor_decorator to None, run_after=None
[2026-07-02T16:25:22.870+0000] {processor.py:183} INFO - Processing /usr/local/python/3.12.1/lib/python3.12/site-packages/airflow/example_dags/example_sensor_decorator.py took 0.078 seconds
[2026-07-02T16:26:18.733+0000] {processor.py:161} INFO - Started process (PID=126130) to work on /usr/local/python/3.12.1/lib/python3.12/site-packages/airflow/example_dags/example_sensor_decorator.py
[2026-07-02T16:26:18.735+0000] {processor.py:830} INFO - Processing file /usr/local/python/3.12.1/lib/python3.12/site-packages/airflow/example_dags/example_sensor_decorator.py for tasks to queue
[2026-07-02T16:26:18.737+0000] {logging_mixin.py:188} INFO - [2026-07-02T16:26:18.736+0000] {dagbag.py:545} INFO - Filling up the DagBag from /usr/local/python/3.12.1/lib/python3.12/site-packages/airflow/example_dags/example_sensor_decorator.py
[2026-07-02T16:26:18.744+0000] {processor.py:840} INFO - DAG(s) 'example_sensor_decorator' retrieved from /usr/local/python/3.12.1/lib/python3.12/site-packages/airflow/example_dags/example_sensor_decorator.py
[2026-07-02T16:26:18.761+0000] {logging_mixin.py:188} INFO - [2026-07-02T16:26:18.761+0000] {dag.py:3089} INFO - Sync 1 DAGs
[2026-07-02T16:26:18.775+0000] {logging_mixin.py:188} INFO - [2026-07-02T16:26:18.775+0000] {dag.py:3947} INFO - Setting next_dagrun for example_sensor_decorator to None, run_after=None
[2026-07-02T16:26:18.802+0000] {processor.py:183} INFO - Processing /usr/local/python/3.12.1/lib/python3.12/site-packages/airflow/example_dags/example_sensor_decorator.py took 0.074 seconds
[2026-07-02T16:27:31.341+0000] {processor.py:161} INFO - Started process (PID=128307) to work on /usr/local/python/3.12.1/lib/python3.12/site-packages/airflow/example_dags/example_sensor_decorator.py
[2026-07-02T16:27:31.342+0000] {processor.py:830} INFO - Processing file /usr/local/python/3.12.1/lib/python3.12/site-packages/airflow/example_dags/example_sensor_decorator.py for tasks to queue
[2026-07-02T16:27:31.344+0000] {logging_mixin.py:188} INFO - [2026-07-02T16:27:31.344+0000] {dagbag.py:545} INFO - Filling up the DagBag from /usr/local/python/3.12.1/lib/python3.12/site-packages/airflow/example_dags/example_sensor_decorator.py
[2026-07-02T16:27:31.351+0000] {processor.py:840} INFO - DAG(s) 'example_sensor_decorator' retrieved from /usr/local/python/3.12.1/lib/python3.12/site-packages/airflow/example_dags/example_sensor_decorator.py
[2026-07-02T16:27:31.368+0000] {logging_mixin.py:188} INFO - [2026-07-02T16:27:31.368+0000] {dag.py:3089} INFO - Sync 1 DAGs
[2026-07-02T16:27:31.382+0000] {logging_mixin.py:188} INFO - [2026-07-02T16:27:31.381+0000] {dag.py:3947} INFO - Setting next_dagrun for example_sensor_decorator to None, run_after=None
[2026-07-02T16:27:31.410+0000] {processor.py:183} INFO - Processing /usr/local/python/3.12.1/lib/python3.12/site-packages/airflow/example_dags/example_sensor_decorator.py took 0.075 seconds
[2026-07-02T16:28:26.813+0000] {processor.py:161} INFO - Started process (PID=129062) to work on /usr/local/python/3.12.1/lib/python3.12/site-packages/airflow/example_dags/example_sensor_decorator.py
[2026-07-02T16:28:26.817+0000] {processor.py:830} INFO - Processing file /usr/local/python/3.12.1/lib/python3.12/site-packages/airflow/example_dags/example_sensor_decorator.py for tasks to queue
[2026-07-02T16:28:26.819+0000] {logging_mixin.py:188} INFO - [2026-07-02T16:28:26.818+0000] {dagbag.py:545} INFO - Filling up the DagBag from /usr/local/python/3.12.1/lib/python3.12/site-packages/airflow/example_dags/example_sensor_decorator.py
[2026-07-02T16:28:26.828+0000] {processor.py:840} INFO - DAG(s) 'example_sensor_decorator' retrieved from /usr/local/python/3.12.1/lib/python3.12/site-packages/airflow/example_dags/example_sensor_decorator.py
[2026-07-02T16:28:26.848+0000] {logging_mixin.py:188} INFO - [2026-07-02T16:28:26.848+0000] {dag.py:3089} INFO - Sync 1 DAGs
[2026-07-02T16:28:26.865+0000] {logging_mixin.py:188} INFO - [2026-07-02T16:28:26.865+0000] {dag.py:3947} INFO - Setting next_dagrun for example_sensor_decorator to None, run_after=None
[2026-07-02T16:28:26.918+0000] {processor.py:183} INFO - Processing /usr/local/python/3.12.1/lib/python3.12/site-packages/airflow/example_dags/example_sensor_decorator.py took 0.112 seconds
[2026-07-02T16:29:31.275+0000] {processor.py:161} INFO - Started process (PID=129941) to work on /usr/local/python/3.12.1/lib/python3.12/site-packages/airflow/example_dags/example_sensor_decorator.py
[2026-07-02T16:29:31.276+0000] {processor.py:830} INFO - Processing file /usr/local/python/3.12.1/lib/python3.12/site-packages/airflow/example_dags/example_sensor_decorator.py for tasks to queue
[2026-07-02T16:29:31.278+0000] {logging_mixin.py:188} INFO - [2026-07-02T16:29:31.278+0000] {dagbag.py:545} INFO - Filling up the DagBag from /usr/local/python/3.12.1/lib/python3.12/site-packages/airflow/example_dags/example_sensor_decorator.py
[2026-07-02T16:29:31.285+0000] {processor.py:840} INFO - DAG(s) 'example_sensor_decorator' retrieved from /usr/local/python/3.12.1/lib/python3.12/site-packages/airflow/example_dags/example_sensor_decorator.py
[2026-07-02T16:29:31.708+0000] {logging_mixin.py:188} INFO - [2026-07-02T16:29:31.707+0000] {dag.py:3089} INFO - Sync 1 DAGs
[2026-07-02T16:29:31.724+0000] {logging_mixin.py:188} INFO - [2026-07-02T16:29:31.724+0000] {dag.py:3947} INFO - Setting next_dagrun for example_sensor_decorator to None, run_after=None
[2026-07-02T16:29:31.743+0000] {processor.py:183} INFO - Processing /usr/local/python/3.12.1/lib/python3.12/site-packages/airflow/example_dags/example_sensor_decorator.py took 0.474 seconds
[2026-07-02T16:30:26.750+0000] {processor.py:161} INFO - Started process (PID=130559) to work on /usr/local/python/3.12.1/lib/python3.12/site-packages/airflow/example_dags/example_sensor_decorator.py
[2026-07-02T16:30:26.751+0000] {processor.py:830} INFO - Processing file /usr/local/python/3.12.1/lib/python3.12/site-packages/airflow/example_dags/example_sensor_decorator.py for tasks to queue
[2026-07-02T16:30:26.753+0000] {logging_mixin.py:188} INFO - [2026-07-02T16:30:26.753+0000] {dagbag.py:545} INFO - Filling up the DagBag from /usr/local/python/3.12.1/lib/python3.12/site-packages/airflow/example_dags/example_sensor_decorator.py
[2026-07-02T16:30:26.758+0000] {processor.py:840} INFO - DAG(s) 'example_sensor_decorator' retrieved from /usr/local/python/3.12.1/lib/python3.12/site-packages/airflow/example_dags/example_sensor_decorator.py
[2026-07-02T16:30:26.770+0000] {logging_mixin.py:188} INFO - [2026-07-02T16:30:26.770+0000] {dag.py:3089} INFO - Sync 1 DAGs
[2026-07-02T16:30:26.781+0000] {logging_mixin.py:188} INFO - [2026-07-02T16:30:26.780+0000] {dag.py:3947} INFO - Setting next_dagrun for example_sensor_decorator to None, run_after=None
[2026-07-02T16:30:26.802+0000] {processor.py:183} INFO - Processing /usr/local/python/3.12.1/lib/python3.12/site-packages/airflow/example_dags/example_sensor_decorator.py took 0.057 seconds
[2026-07-02T16:31:17.932+0000] {processor.py:161} INFO - Started process (PID=131104) to work on /usr/local/python/3.12.1/lib/python3.12/site-packages/airflow/example_dags/example_sensor_decorator.py
[2026-07-02T16:31:17.933+0000] {processor.py:830} INFO - Processing file /usr/local/python/3.12.1/lib/python3.12/site-packages/airflow/example_dags/example_sensor_decorator.py for tasks to queue
[2026-07-02T16:31:17.934+0000] {logging_mixin.py:188} INFO - [2026-07-02T16:31:17.934+0000] {dagbag.py:545} INFO - Filling up the DagBag from /usr/local/python/3.12.1/lib/python3.12/site-packages/airflow/example_dags/example_sensor_decorator.py
[2026-07-02T16:31:17.939+0000] {processor.py:840} INFO - DAG(s) 'example_sensor_decorator' retrieved from /usr/local/python/3.12.1/lib/python3.12/site-packages/airflow/example_dags/example_sensor_decorator.py
[2026-07-02T16:31:17.952+0000] {logging_mixin.py:188} INFO - [2026-07-02T16:31:17.951+0000] {dag.py:3089} INFO - Sync 1 DAGs
[2026-07-02T16:31:17.961+0000] {logging_mixin.py:188} INFO - [2026-07-02T16:31:17.961+0000] {dag.py:3947} INFO - Setting next_dagrun for example_sensor_decorator to None, run_after=None
[2026-07-02T16:31:17.979+0000] {processor.py:183} INFO - Processing /usr/local/python/3.12.1/lib/python3.12/site-packages/airflow/example_dags/example_sensor_decorator.py took 0.052 seconds
[2026-07-02T16:32:06.077+0000] {processor.py:161} INFO - Started process (PID=131625) to work on /usr/local/python/3.12.1/lib/python3.12/site-packages/airflow/example_dags/example_sensor_decorator.py
[2026-07-02T16:32:06.078+0000] {processor.py:830} INFO - Processing file /usr/local/python/3.12.1/lib/python3.12/site-packages/airflow/example_dags/example_sensor_decorator.py for tasks to queue
[2026-07-02T16:32:06.080+0000] {logging_mixin.py:188} INFO - [2026-07-02T16:32:06.080+0000] {dagbag.py:545} INFO - Filling up the DagBag from /usr/local/python/3.12.1/lib/python3.12/site-packages/airflow/example_dags/example_sensor_decorator.py
[2026-07-02T16:32:06.087+0000] {processor.py:840} INFO - DAG(s) 'example_sensor_decorator' retrieved from /usr/local/python/3.12.1/lib/python3.12/site-packages/airflow/example_dags/example_sensor_decorator.py
[2026-07-02T16:32:06.100+0000] {logging_mixin.py:188} INFO - [2026-07-02T16:32:06.100+0000] {dag.py:3089} INFO - Sync 1 DAGs
[2026-07-02T16:32:06.110+0000] {logging_mixin.py:188} INFO - [2026-07-02T16:32:06.110+0000] {dag.py:3947} INFO - Setting next_dagrun for example_sensor_decorator to None, run_after=None
[2026-07-02T16:32:06.126+0000] {processor.py:183} INFO - Processing /usr/local/python/3.12.1/lib/python3.12/site-packages/airflow/example_dags/example_sensor_decorator.py took 0.054 seconds
[2026-07-02T16:32:56.921+0000] {processor.py:161} INFO - Started process (PID=133362) to work on /usr/local/python/3.12.1/lib/python3.12/site-packages/airflow/example_dags/example_sensor_decorator.py
[2026-07-02T16:32:56.921+0000] {processor.py:830} INFO - Processing file /usr/local/python/3.12.1/lib/python3.12/site-packages/airflow/example_dags/example_sensor_decorator.py for tasks to queue
[2026-07-02T16:32:56.923+0000] {logging_mixin.py:188} INFO - [2026-07-02T16:32:56.922+0000] {dagbag.py:545} INFO - Filling up the DagBag from /usr/local/python/3.12.1/lib/python3.12/site-packages/airflow/example_dags/example_sensor_decorator.py
[2026-07-02T16:32:56.928+0000] {processor.py:840} INFO - DAG(s) 'example_sensor_decorator' retrieved from /usr/local/python/3.12.1/lib/python3.12/site-packages/airflow/example_dags/example_sensor_decorator.py
[2026-07-02T16:32:56.939+0000] {logging_mixin.py:188} INFO - [2026-07-02T16:32:56.939+0000] {dag.py:3089} INFO - Sync 1 DAGs
[2026-07-02T16:32:56.950+0000] {logging_mixin.py:188} INFO - [2026-07-02T16:32:56.950+0000] {dag.py:3947} INFO - Setting next_dagrun for example_sensor_decorator to None, run_after=None
[2026-07-02T16:32:56.967+0000] {processor.py:183} INFO - Processing /usr/local/python/3.12.1/lib/python3.12/site-packages/airflow/example_dags/example_sensor_decorator.py took 0.050 seconds
[2026-07-02T16:33:46.698+0000] {processor.py:161} INFO - Started process (PID=133931) to work on /usr/local/python/3.12.1/lib/python3.12/site-packages/airflow/example_dags/example_sensor_decorator.py
[2026-07-02T16:33:46.698+0000] {processor.py:830} INFO - Processing file /usr/local/python/3.12.1/lib/python3.12/site-packages/airflow/example_dags/example_sensor_decorator.py for tasks to queue
[2026-07-02T16:33:46.700+0000] {logging_mixin.py:188} INFO - [2026-07-02T16:33:46.699+0000] {dagbag.py:545} INFO - Filling up the DagBag from /usr/local/python/3.12.1/lib/python3.12/site-packages/airflow/example_dags/example_sensor_decorator.py
[2026-07-02T16:33:46.706+0000] {processor.py:840} INFO - DAG(s) 'example_sensor_decorator' retrieved from /usr/local/python/3.12.1/lib/python3.12/site-packages/airflow/example_dags/example_sensor_decorator.py
[2026-07-02T16:33:46.721+0000] {logging_mixin.py:188} INFO - [2026-07-02T16:33:46.721+0000] {dag.py:3089} INFO - Sync 1 DAGs
[2026-07-02T16:33:46.730+0000] {logging_mixin.py:188} INFO - [2026-07-02T16:33:46.730+0000] {dag.py:3947} INFO - Setting next_dagrun for example_sensor_decorator to None, run_after=None
[2026-07-02T16:33:46.749+0000] {processor.py:183} INFO - Processing /usr/local/python/3.12.1/lib/python3.12/site-packages/airflow/example_dags/example_sensor_decorator.py took 0.057 seconds
[2026-07-02T16:34:35.704+0000] {processor.py:161} INFO - Started process (PID=134594) to work on /usr/local/python/3.12.1/lib/python3.12/site-packages/airflow/example_dags/example_sensor_decorator.py
[2026-07-02T16:34:35.705+0000] {processor.py:830} INFO - Processing file /usr/local/python/3.12.1/lib/python3.12/site-packages/airflow/example_dags/example_sensor_decorator.py for tasks to queue
[2026-07-02T16:34:35.706+0000] {logging_mixin.py:188} INFO - [2026-07-02T16:34:35.706+0000] {dagbag.py:545} INFO - Filling up the DagBag from /usr/local/python/3.12.1/lib/python3.12/site-packages/airflow/example_dags/example_sensor_decorator.py
[2026-07-02T16:34:35.712+0000] {processor.py:840} INFO - DAG(s) 'example_sensor_decorator' retrieved from /usr/local/python/3.12.1/lib/python3.12/site-packages/airflow/example_dags/example_sensor_decorator.py
[2026-07-02T16:34:35.728+0000] {logging_mixin.py:188} INFO - [2026-07-02T16:34:35.728+0000] {dag.py:3089} INFO - Sync 1 DAGs
[2026-07-02T16:34:35.742+0000] {logging_mixin.py:188} INFO - [2026-07-02T16:34:35.742+0000] {dag.py:3947} INFO - Setting next_dagrun for example_sensor_decorator to None, run_after=None
[2026-07-02T16:34:35.787+0000] {processor.py:183} INFO - Processing /usr/local/python/3.12.1/lib/python3.12/site-packages/airflow/example_dags/example_sensor_decorator.py took 0.087 seconds
[2026-07-02T16:35:30.468+0000] {processor.py:161} INFO - Started process (PID=136013) to work on /usr/local/python/3.12.1/lib/python3.12/site-packages/airflow/example_dags/example_sensor_decorator.py
[2026-07-02T16:35:30.481+0000] {processor.py:830} INFO - Processing file /usr/local/python/3.12.1/lib/python3.12/site-packages/airflow/example_dags/example_sensor_decorator.py for tasks to queue
[2026-07-02T16:35:30.486+0000] {logging_mixin.py:188} INFO - [2026-07-02T16:35:30.486+0000] {dagbag.py:545} INFO - Filling up the DagBag from /usr/local/python/3.12.1/lib/python3.12/site-packages/airflow/example_dags/example_sensor_decorator.py
[2026-07-02T16:35:30.548+0000] {processor.py:840} INFO - DAG(s) 'example_sensor_decorator' retrieved from /usr/local/python/3.12.1/lib/python3.12/site-packages/airflow/example_dags/example_sensor_decorator.py
[2026-07-02T16:35:30.674+0000] {logging_mixin.py:188} INFO - [2026-07-02T16:35:30.673+0000] {dag.py:3089} INFO - Sync 1 DAGs
[2026-07-02T16:35:30.744+0000] {logging_mixin.py:188} INFO - [2026-07-02T16:35:30.743+0000] {dag.py:3947} INFO - Setting next_dagrun for example_sensor_decorator to None, run_after=None
[2026-07-02T16:35:30.888+0000] {processor.py:183} INFO - Processing /usr/local/python/3.12.1/lib/python3.12/site-packages/airflow/example_dags/example_sensor_decorator.py took 0.437 seconds
[2026-07-02T16:36:25.317+0000] {processor.py:161} INFO - Started process (PID=136757) to work on /usr/local/python/3.12.1/lib/python3.12/site-packages/airflow/example_dags/example_sensor_decorator.py
[2026-07-02T16:36:25.318+0000] {processor.py:830} INFO - Processing file /usr/local/python/3.12.1/lib/python3.12/site-packages/airflow/example_dags/example_sensor_decorator.py for tasks to queue
[2026-07-02T16:36:25.320+0000] {logging_mixin.py:188} INFO - [2026-07-02T16:36:25.320+0000] {dagbag.py:545} INFO - Filling up the DagBag from /usr/local/python/3.12.1/lib/python3.12/site-packages/airflow/example_dags/example_sensor_decorator.py
[2026-07-02T16:36:25.325+0000] {processor.py:840} INFO - DAG(s) 'example_sensor_decorator' retrieved from /usr/local/python/3.12.1/lib/python3.12/site-packages/airflow/example_dags/example_sensor_decorator.py
[2026-07-02T16:36:25.337+0000] {logging_mixin.py:188} INFO - [2026-07-02T16:36:25.337+0000] {dag.py:3089} INFO - Sync 1 DAGs
[2026-07-02T16:36:25.347+0000] {logging_mixin.py:188} INFO - [2026-07-02T16:36:25.347+0000] {dag.py:3947} INFO - Setting next_dagrun for example_sensor_decorator to None, run_after=None
[2026-07-02T16:36:25.363+0000] {processor.py:183} INFO - Processing /usr/local/python/3.12.1/lib/python3.12/site-packages/airflow/example_dags/example_sensor_decorator.py took 0.051 seconds
[2026-07-02T16:37:09.059+0000] {processor.py:161} INFO - Started process (PID=137307) to work on /usr/local/python/3.12.1/lib/python3.12/site-packages/airflow/example_dags/example_sensor_decorator.py
[2026-07-02T16:37:09.060+0000] {processor.py:830} INFO - Processing file /usr/local/python/3.12.1/lib/python3.12/site-packages/airflow/example_dags/example_sensor_decorator.py for tasks to queue
[2026-07-02T16:37:09.062+0000] {logging_mixin.py:188} INFO - [2026-07-02T16:37:09.062+0000] {dagbag.py:545} INFO - Filling up the DagBag from /usr/local/python/3.12.1/lib/python3.12/site-packages/airflow/example_dags/example_sensor_decorator.py
[2026-07-02T16:37:09.068+0000] {processor.py:840} INFO - DAG(s) 'example_sensor_decorator' retrieved from /usr/local/python/3.12.1/lib/python3.12/site-packages/airflow/example_dags/example_sensor_decorator.py
[2026-07-02T16:37:09.082+0000] {logging_mixin.py:188} INFO - [2026-07-02T16:37:09.081+0000] {dag.py:3089} INFO - Sync 1 DAGs
[2026-07-02T16:37:09.093+0000] {logging_mixin.py:188} INFO - [2026-07-02T16:37:09.093+0000] {dag.py:3947} INFO - Setting next_dagrun for example_sensor_decorator to None, run_after=None
[2026-07-02T16:37:09.114+0000] {processor.py:183} INFO - Processing /usr/local/python/3.12.1/lib/python3.12/site-packages/airflow/example_dags/example_sensor_decorator.py took 0.059 seconds
[2026-07-02T16:37:56.861+0000] {processor.py:161} INFO - Started process (PID=138626) to work on /usr/local/python/3.12.1/lib/python3.12/site-packages/airflow/example_dags/example_sensor_decorator.py
[2026-07-02T16:37:56.862+0000] {processor.py:830} INFO - Processing file /usr/local/python/3.12.1/lib/python3.12/site-packages/airflow/example_dags/example_sensor_decorator.py for tasks to queue
[2026-07-02T16:37:56.863+0000] {logging_mixin.py:188} INFO - [2026-07-02T16:37:56.863+0000] {dagbag.py:545} INFO - Filling up the DagBag from /usr/local/python/3.12.1/lib/python3.12/site-packages/airflow/example_dags/example_sensor_decorator.py
[2026-07-02T16:37:56.868+0000] {processor.py:840} INFO - DAG(s) 'example_sensor_decorator' retrieved from /usr/local/python/3.12.1/lib/python3.12/site-packages/airflow/example_dags/example_sensor_decorator.py
[2026-07-02T16:37:56.882+0000] {logging_mixin.py:188} INFO - [2026-07-02T16:37:56.882+0000] {dag.py:3089} INFO - Sync 1 DAGs
[2026-07-02T16:37:56.894+0000] {logging_mixin.py:188} INFO - [2026-07-02T16:37:56.894+0000] {dag.py:3947} INFO - Setting next_dagrun for example_sensor_decorator to None, run_after=None
[2026-07-02T16:37:56.912+0000] {processor.py:183} INFO - Processing /usr/local/python/3.12.1/lib/python3.12/site-packages/airflow/example_dags/example_sensor_decorator.py took 0.055 seconds
[2026-07-02T16:38:43.562+0000] {processor.py:161} INFO - Started process (PID=139657) to work on /usr/local/python/3.12.1/lib/python3.12/site-packages/airflow/example_dags/example_sensor_decorator.py
[2026-07-02T16:38:43.562+0000] {processor.py:830} INFO - Processing file /usr/local/python/3.12.1/lib/python3.12/site-packages/airflow/example_dags/example_sensor_decorator.py for tasks to queue
[2026-07-02T16:38:43.564+0000] {logging_mixin.py:188} INFO - [2026-07-02T16:38:43.563+0000] {dagbag.py:545} INFO - Filling up the DagBag from /usr/local/python/3.12.1/lib/python3.12/site-packages/airflow/example_dags/example_sensor_decorator.py
[2026-07-02T16:38:43.569+0000] {processor.py:840} INFO - DAG(s) 'example_sensor_decorator' retrieved from /usr/local/python/3.12.1/lib/python3.12/site-packages/airflow/example_dags/example_sensor_decorator.py
[2026-07-02T16:38:43.584+0000] {logging_mixin.py:188} INFO - [2026-07-02T16:38:43.584+0000] {dag.py:3089} INFO - Sync 1 DAGs
[2026-07-02T16:38:43.595+0000] {logging_mixin.py:188} INFO - [2026-07-02T16:38:43.595+0000] {dag.py:3947} INFO - Setting next_dagrun for example_sensor_decorator to None, run_after=None
[2026-07-02T16:38:43.616+0000] {processor.py:183} INFO - Processing /usr/local/python/3.12.1/lib/python3.12/site-packages/airflow/example_dags/example_sensor_decorator.py took 0.059 seconds
[2026-07-02T16:39:31.041+0000] {processor.py:161} INFO - Started process (PID=140314) to work on /usr/local/python/3.12.1/lib/python3.12/site-packages/airflow/example_dags/example_sensor_decorator.py
[2026-07-02T16:39:31.045+0000] {processor.py:830} INFO - Processing file /usr/local/python/3.12.1/lib/python3.12/site-packages/airflow/example_dags/example_sensor_decorator.py for tasks to queue
[2026-07-02T16:39:31.049+0000] {logging_mixin.py:188} INFO - [2026-07-02T16:39:31.048+0000] {dagbag.py:545} INFO - Filling up the DagBag from /usr/local/python/3.12.1/lib/python3.12/site-packages/airflow/example_dags/example_sensor_decorator.py
[2026-07-02T16:39:31.064+0000] {processor.py:840} INFO - DAG(s) 'example_sensor_decorator' retrieved from /usr/local/python/3.12.1/lib/python3.12/site-packages/airflow/example_dags/example_sensor_decorator.py
[2026-07-02T16:39:31.089+0000] {logging_mixin.py:188} INFO - [2026-07-02T16:39:31.089+0000] {dag.py:3089} INFO - Sync 1 DAGs
[2026-07-02T16:39:31.109+0000] {logging_mixin.py:188} INFO - [2026-07-02T16:39:31.109+0000] {dag.py:3947} INFO - Setting next_dagrun for example_sensor_decorator to None, run_after=None
[2026-07-02T16:39:31.159+0000] {processor.py:183} INFO - Processing /usr/local/python/3.12.1/lib/python3.12/site-packages/airflow/example_dags/example_sensor_decorator.py took 0.146 seconds
