[2026-07-02T16:24:46.537+0000] {processor.py:161} INFO - Started process (PID=118046) to work on /usr/local/python/3.12.1/lib/python3.12/site-packages/airflow/example_dags/example_branch_operator.py
[2026-07-02T16:24:46.538+0000] {processor.py:830} INFO - Processing file /usr/local/python/3.12.1/lib/python3.12/site-packages/airflow/example_dags/example_branch_operator.py for tasks to queue
[2026-07-02T16:24:46.539+0000] {logging_mixin.py:188} INFO - [2026-07-02T16:24:46.539+0000] {dagbag.py:545} INFO - Filling up the DagBag from /usr/local/python/3.12.1/lib/python3.12/site-packages/airflow/example_dags/example_branch_operator.py
[2026-07-02T16:24:46.559+0000] {processor.py:840} INFO - DAG(s) 'example_branch_operator' retrieved from /usr/local/python/3.12.1/lib/python3.12/site-packages/airflow/example_dags/example_branch_operator.py
[2026-07-02T16:24:46.649+0000] {logging_mixin.py:188} INFO - [2026-07-02T16:24:46.648+0000] {override.py:1858} INFO - Created Permission View: can delete on DAG:example_branch_operator
[2026-07-02T16:24:46.658+0000] {logging_mixin.py:188} INFO - [2026-07-02T16:24:46.657+0000] {override.py:1858} INFO - Created Permission View: can read on DAG:example_branch_operator
[2026-07-02T16:24:46.664+0000] {logging_mixin.py:188} INFO - [2026-07-02T16:24:46.663+0000] {override.py:1858} INFO - Created Permission View: can edit on DAG:example_branch_operator
[2026-07-02T16:24:46.664+0000] {logging_mixin.py:188} INFO - [2026-07-02T16:24:46.664+0000] {dag.py:3089} INFO - Sync 1 DAGs
[2026-07-02T16:24:46.672+0000] {logging_mixin.py:188} INFO - [2026-07-02T16:24:46.672+0000] {dag.py:3111} INFO - Creating ORM DAG for example_branch_operator
[2026-07-02T16:24:46.681+0000] {logging_mixin.py:188} INFO - [2026-07-02T16:24:46.681+0000] {dag.py:3947} INFO - Setting next_dagrun for example_branch_operator to 2026-07-01 00:00:00+00:00, run_after=2026-07-02 00:00:00+00:00
[2026-07-02T16:24:46.698+0000] {processor.py:183} INFO - Processing /usr/local/python/3.12.1/lib/python3.12/site-packages/airflow/example_dags/example_branch_operator.py took 0.166 seconds
[2026-07-02T16:25:39.334+0000] {processor.py:161} INFO - Started process (PID=118838) to work on /usr/local/python/3.12.1/lib/python3.12/site-packages/airflow/example_dags/example_branch_operator.py
[2026-07-02T16:25:39.338+0000] {processor.py:830} INFO - Processing file /usr/local/python/3.12.1/lib/python3.12/site-packages/airflow/example_dags/example_branch_operator.py for tasks to queue
[2026-07-02T16:25:39.341+0000] {logging_mixin.py:188} INFO - [2026-07-02T16:25:39.341+0000] {dagbag.py:545} INFO - Filling up the DagBag from /usr/local/python/3.12.1/lib/python3.12/site-packages/airflow/example_dags/example_branch_operator.py
[2026-07-02T16:25:39.377+0000] {processor.py:840} INFO - DAG(s) 'example_branch_operator' retrieved from /usr/local/python/3.12.1/lib/python3.12/site-packages/airflow/example_dags/example_branch_operator.py
[2026-07-02T16:25:39.425+0000] {logging_mixin.py:188} INFO - [2026-07-02T16:25:39.424+0000] {dag.py:3089} INFO - Sync 1 DAGs
[2026-07-02T16:25:39.461+0000] {logging_mixin.py:188} INFO - [2026-07-02T16:25:39.461+0000] {dag.py:3947} INFO - Setting next_dagrun for example_branch_operator to 2026-07-01 00:00:00+00:00, run_after=2026-07-02 00:00:00+00:00
[2026-07-02T16:25:39.500+0000] {processor.py:183} INFO - Processing /usr/local/python/3.12.1/lib/python3.12/site-packages/airflow/example_dags/example_branch_operator.py took 0.178 seconds
[2026-07-02T16:27:00.236+0000] {processor.py:161} INFO - Started process (PID=126738) to work on /usr/local/python/3.12.1/lib/python3.12/site-packages/airflow/example_dags/example_branch_operator.py
[2026-07-02T16:27:00.265+0000] {processor.py:830} INFO - Processing file /usr/local/python/3.12.1/lib/python3.12/site-packages/airflow/example_dags/example_branch_operator.py for tasks to queue
[2026-07-02T16:27:00.276+0000] {logging_mixin.py:188} INFO - [2026-07-02T16:27:00.273+0000] {dagbag.py:545} INFO - Filling up the DagBag from /usr/local/python/3.12.1/lib/python3.12/site-packages/airflow/example_dags/example_branch_operator.py
[2026-07-02T16:27:00.674+0000] {processor.py:840} INFO - DAG(s) 'example_branch_operator' retrieved from /usr/local/python/3.12.1/lib/python3.12/site-packages/airflow/example_dags/example_branch_operator.py
[2026-07-02T16:27:00.759+0000] {logging_mixin.py:188} INFO - [2026-07-02T16:27:00.759+0000] {dag.py:3089} INFO - Sync 1 DAGs
[2026-07-02T16:27:00.839+0000] {logging_mixin.py:188} INFO - [2026-07-02T16:27:00.838+0000] {dag.py:3947} INFO - Setting next_dagrun for example_branch_operator to 2026-07-01 00:00:00+00:00, run_after=2026-07-02 00:00:00+00:00
[2026-07-02T16:27:00.911+0000] {processor.py:183} INFO - Processing /usr/local/python/3.12.1/lib/python3.12/site-packages/airflow/example_dags/example_branch_operator.py took 0.731 seconds
[2026-07-02T16:28:08.810+0000] {processor.py:161} INFO - Started process (PID=128812) to work on /usr/local/python/3.12.1/lib/python3.12/site-packages/airflow/example_dags/example_branch_operator.py
[2026-07-02T16:28:08.811+0000] {processor.py:830} INFO - Processing file /usr/local/python/3.12.1/lib/python3.12/site-packages/airflow/example_dags/example_branch_operator.py for tasks to queue
[2026-07-02T16:28:08.813+0000] {logging_mixin.py:188} INFO - [2026-07-02T16:28:08.812+0000] {dagbag.py:545} INFO - Filling up the DagBag from /usr/local/python/3.12.1/lib/python3.12/site-packages/airflow/example_dags/example_branch_operator.py
[2026-07-02T16:28:08.833+0000] {processor.py:840} INFO - DAG(s) 'example_branch_operator' retrieved from /usr/local/python/3.12.1/lib/python3.12/site-packages/airflow/example_dags/example_branch_operator.py
[2026-07-02T16:28:08.853+0000] {logging_mixin.py:188} INFO - [2026-07-02T16:28:08.853+0000] {dag.py:3089} INFO - Sync 1 DAGs
[2026-07-02T16:28:08.870+0000] {logging_mixin.py:188} INFO - [2026-07-02T16:28:08.870+0000] {dag.py:3947} INFO - Setting next_dagrun for example_branch_operator to 2026-07-01 00:00:00+00:00, run_after=2026-07-02 00:00:00+00:00
[2026-07-02T16:28:08.889+0000] {processor.py:183} INFO - Processing /usr/local/python/3.12.1/lib/python3.12/site-packages/airflow/example_dags/example_branch_operator.py took 0.083 seconds
[2026-07-02T16:29:07.698+0000] {processor.py:161} INFO - Started process (PID=129660) to work on /usr/local/python/3.12.1/lib/python3.12/site-packages/airflow/example_dags/example_branch_operator.py
[2026-07-02T16:29:07.701+0000] {processor.py:830} INFO - Processing file /usr/local/python/3.12.1/lib/python3.12/site-packages/airflow/example_dags/example_branch_operator.py for tasks to queue
[2026-07-02T16:29:07.703+0000] {logging_mixin.py:188} INFO - [2026-07-02T16:29:07.702+0000] {dagbag.py:545} INFO - Filling up the DagBag from /usr/local/python/3.12.1/lib/python3.12/site-packages/airflow/example_dags/example_branch_operator.py
[2026-07-02T16:29:07.740+0000] {processor.py:840} INFO - DAG(s) 'example_branch_operator' retrieved from /usr/local/python/3.12.1/lib/python3.12/site-packages/airflow/example_dags/example_branch_operator.py
[2026-07-02T16:29:07.951+0000] {logging_mixin.py:188} INFO - [2026-07-02T16:29:07.951+0000] {dag.py:3089} INFO - Sync 1 DAGs
[2026-07-02T16:29:07.971+0000] {logging_mixin.py:188} INFO - [2026-07-02T16:29:07.971+0000] {dag.py:3947} INFO - Setting next_dagrun for example_branch_operator to 2026-07-01 00:00:00+00:00, run_after=2026-07-02 00:00:00+00:00
[2026-07-02T16:29:07.993+0000] {processor.py:183} INFO - Processing /usr/local/python/3.12.1/lib/python3.12/site-packages/airflow/example_dags/example_branch_operator.py took 0.301 seconds
[2026-07-02T16:30:08.507+0000] {processor.py:161} INFO - Started process (PID=130321) to work on /usr/local/python/3.12.1/lib/python3.12/site-packages/airflow/example_dags/example_branch_operator.py
[2026-07-02T16:30:08.512+0000] {processor.py:830} INFO - Processing file /usr/local/python/3.12.1/lib/python3.12/site-packages/airflow/example_dags/example_branch_operator.py for tasks to queue
[2026-07-02T16:30:08.516+0000] {logging_mixin.py:188} INFO - [2026-07-02T16:30:08.515+0000] {dagbag.py:545} INFO - Filling up the DagBag from /usr/local/python/3.12.1/lib/python3.12/site-packages/airflow/example_dags/example_branch_operator.py
[2026-07-02T16:30:08.545+0000] {processor.py:840} INFO - DAG(s) 'example_branch_operator' retrieved from /usr/local/python/3.12.1/lib/python3.12/site-packages/airflow/example_dags/example_branch_operator.py
[2026-07-02T16:30:08.592+0000] {logging_mixin.py:188} INFO - [2026-07-02T16:30:08.591+0000] {dag.py:3089} INFO - Sync 1 DAGs
[2026-07-02T16:30:08.623+0000] {logging_mixin.py:188} INFO - [2026-07-02T16:30:08.622+0000] {dag.py:3947} INFO - Setting next_dagrun for example_branch_operator to 2026-07-01 00:00:00+00:00, run_after=2026-07-02 00:00:00+00:00
[2026-07-02T16:30:08.685+0000] {processor.py:183} INFO - Processing /usr/local/python/3.12.1/lib/python3.12/site-packages/airflow/example_dags/example_branch_operator.py took 0.194 seconds
[2026-07-02T16:31:00.623+0000] {processor.py:161} INFO - Started process (PID=130912) to work on /usr/local/python/3.12.1/lib/python3.12/site-packages/airflow/example_dags/example_branch_operator.py
[2026-07-02T16:31:00.624+0000] {processor.py:830} INFO - Processing file /usr/local/python/3.12.1/lib/python3.12/site-packages/airflow/example_dags/example_branch_operator.py for tasks to queue
[2026-07-02T16:31:00.626+0000] {logging_mixin.py:188} INFO - [2026-07-02T16:31:00.626+0000] {dagbag.py:545} INFO - Filling up the DagBag from /usr/local/python/3.12.1/lib/python3.12/site-packages/airflow/example_dags/example_branch_operator.py
[2026-07-02T16:31:00.645+0000] {processor.py:840} INFO - DAG(s) 'example_branch_operator' retrieved from /usr/local/python/3.12.1/lib/python3.12/site-packages/airflow/example_dags/example_branch_operator.py
[2026-07-02T16:31:00.664+0000] {logging_mixin.py:188} INFO - [2026-07-02T16:31:00.663+0000] {dag.py:3089} INFO - Sync 1 DAGs
[2026-07-02T16:31:00.680+0000] {logging_mixin.py:188} INFO - [2026-07-02T16:31:00.680+0000] {dag.py:3947} INFO - Setting next_dagrun for example_branch_operator to 2026-07-01 00:00:00+00:00, run_after=2026-07-02 00:00:00+00:00
[2026-07-02T16:31:00.700+0000] {processor.py:183} INFO - Processing /usr/local/python/3.12.1/lib/python3.12/site-packages/airflow/example_dags/example_branch_operator.py took 0.086 seconds
[2026-07-02T16:32:15.692+0000] {processor.py:161} INFO - Started process (PID=132872) to work on /usr/local/python/3.12.1/lib/python3.12/site-packages/airflow/example_dags/example_branch_operator.py
[2026-07-02T16:32:15.707+0000] {processor.py:830} INFO - Processing file /usr/local/python/3.12.1/lib/python3.12/site-packages/airflow/example_dags/example_branch_operator.py for tasks to queue
[2026-07-02T16:32:15.713+0000] {logging_mixin.py:188} INFO - [2026-07-02T16:32:15.712+0000] {dagbag.py:545} INFO - Filling up the DagBag from /usr/local/python/3.12.1/lib/python3.12/site-packages/airflow/example_dags/example_branch_operator.py
[2026-07-02T16:32:15.747+0000] {processor.py:840} INFO - DAG(s) 'example_branch_operator' retrieved from /usr/local/python/3.12.1/lib/python3.12/site-packages/airflow/example_dags/example_branch_operator.py
[2026-07-02T16:32:15.794+0000] {logging_mixin.py:188} INFO - [2026-07-02T16:32:15.794+0000] {dag.py:3089} INFO - Sync 1 DAGs
[2026-07-02T16:32:15.821+0000] {logging_mixin.py:188} INFO - [2026-07-02T16:32:15.821+0000] {dag.py:3947} INFO - Setting next_dagrun for example_branch_operator to 2026-07-01 00:00:00+00:00, run_after=2026-07-02 00:00:00+00:00
[2026-07-02T16:32:15.859+0000] {processor.py:183} INFO - Processing /usr/local/python/3.12.1/lib/python3.12/site-packages/airflow/example_dags/example_branch_operator.py took 0.188 seconds
[2026-07-02T16:33:30.683+0000] {processor.py:161} INFO - Started process (PID=133740) to work on /usr/local/python/3.12.1/lib/python3.12/site-packages/airflow/example_dags/example_branch_operator.py
[2026-07-02T16:33:30.684+0000] {processor.py:830} INFO - Processing file /usr/local/python/3.12.1/lib/python3.12/site-packages/airflow/example_dags/example_branch_operator.py for tasks to queue
[2026-07-02T16:33:30.685+0000] {logging_mixin.py:188} INFO - [2026-07-02T16:33:30.685+0000] {dagbag.py:545} INFO - Filling up the DagBag from /usr/local/python/3.12.1/lib/python3.12/site-packages/airflow/example_dags/example_branch_operator.py
[2026-07-02T16:33:30.699+0000] {processor.py:840} INFO - DAG(s) 'example_branch_operator' retrieved from /usr/local/python/3.12.1/lib/python3.12/site-packages/airflow/example_dags/example_branch_operator.py
[2026-07-02T16:33:30.720+0000] {logging_mixin.py:188} INFO - [2026-07-02T16:33:30.720+0000] {dag.py:3089} INFO - Sync 1 DAGs
[2026-07-02T16:33:30.735+0000] {logging_mixin.py:188} INFO - [2026-07-02T16:33:30.735+0000] {dag.py:3947} INFO - Setting next_dagrun for example_branch_operator to 2026-07-01 00:00:00+00:00, run_after=2026-07-02 00:00:00+00:00
[2026-07-02T16:33:30.753+0000] {processor.py:183} INFO - Processing /usr/local/python/3.12.1/lib/python3.12/site-packages/airflow/example_dags/example_branch_operator.py took 0.077 seconds
[2026-07-02T16:34:45.408+0000] {processor.py:161} INFO - Started process (PID=134679) to work on /usr/local/python/3.12.1/lib/python3.12/site-packages/airflow/example_dags/example_branch_operator.py
[2026-07-02T16:34:45.413+0000] {processor.py:830} INFO - Processing file /usr/local/python/3.12.1/lib/python3.12/site-packages/airflow/example_dags/example_branch_operator.py for tasks to queue
[2026-07-02T16:34:45.417+0000] {logging_mixin.py:188} INFO - [2026-07-02T16:34:45.417+0000] {dagbag.py:545} INFO - Filling up the DagBag from /usr/local/python/3.12.1/lib/python3.12/site-packages/airflow/example_dags/example_branch_operator.py
[2026-07-02T16:34:45.440+0000] {processor.py:840} INFO - DAG(s) 'example_branch_operator' retrieved from /usr/local/python/3.12.1/lib/python3.12/site-packages/airflow/example_dags/example_branch_operator.py
[2026-07-02T16:34:45.474+0000] {logging_mixin.py:188} INFO - [2026-07-02T16:34:45.473+0000] {dag.py:3089} INFO - Sync 1 DAGs
[2026-07-02T16:34:45.498+0000] {logging_mixin.py:188} INFO - [2026-07-02T16:34:45.498+0000] {dag.py:3947} INFO - Setting next_dagrun for example_branch_operator to 2026-07-01 00:00:00+00:00, run_after=2026-07-02 00:00:00+00:00
[2026-07-02T16:34:45.515+0000] {processor.py:183} INFO - Processing /usr/local/python/3.12.1/lib/python3.12/site-packages/airflow/example_dags/example_branch_operator.py took 0.125 seconds
[2026-07-02T16:36:06.867+0000] {processor.py:161} INFO - Started process (PID=136519) to work on /usr/local/python/3.12.1/lib/python3.12/site-packages/airflow/example_dags/example_branch_operator.py
[2026-07-02T16:36:06.868+0000] {processor.py:830} INFO - Processing file /usr/local/python/3.12.1/lib/python3.12/site-packages/airflow/example_dags/example_branch_operator.py for tasks to queue
[2026-07-02T16:36:06.870+0000] {logging_mixin.py:188} INFO - [2026-07-02T16:36:06.870+0000] {dagbag.py:545} INFO - Filling up the DagBag from /usr/local/python/3.12.1/lib/python3.12/site-packages/airflow/example_dags/example_branch_operator.py
[2026-07-02T16:36:06.918+0000] {processor.py:840} INFO - DAG(s) 'example_branch_operator' retrieved from /usr/local/python/3.12.1/lib/python3.12/site-packages/airflow/example_dags/example_branch_operator.py
[2026-07-02T16:36:06.949+0000] {logging_mixin.py:188} INFO - [2026-07-02T16:36:06.949+0000] {dag.py:3089} INFO - Sync 1 DAGs
[2026-07-02T16:36:06.974+0000] {logging_mixin.py:188} INFO - [2026-07-02T16:36:06.974+0000] {dag.py:3947} INFO - Setting next_dagrun for example_branch_operator to 2026-07-01 00:00:00+00:00, run_after=2026-07-02 00:00:00+00:00
[2026-07-02T16:36:06.999+0000] {processor.py:183} INFO - Processing /usr/local/python/3.12.1/lib/python3.12/site-packages/airflow/example_dags/example_branch_operator.py took 0.137 seconds
[2026-07-02T16:37:16.019+0000] {processor.py:161} INFO - Started process (PID=137412) to work on /usr/local/python/3.12.1/lib/python3.12/site-packages/airflow/example_dags/example_branch_operator.py
[2026-07-02T16:37:16.020+0000] {processor.py:830} INFO - Processing file /usr/local/python/3.12.1/lib/python3.12/site-packages/airflow/example_dags/example_branch_operator.py for tasks to queue
[2026-07-02T16:37:16.022+0000] {logging_mixin.py:188} INFO - [2026-07-02T16:37:16.021+0000] {dagbag.py:545} INFO - Filling up the DagBag from /usr/local/python/3.12.1/lib/python3.12/site-packages/airflow/example_dags/example_branch_operator.py
[2026-07-02T16:37:16.035+0000] {processor.py:840} INFO - DAG(s) 'example_branch_operator' retrieved from /usr/local/python/3.12.1/lib/python3.12/site-packages/airflow/example_dags/example_branch_operator.py
[2026-07-02T16:37:16.053+0000] {logging_mixin.py:188} INFO - [2026-07-02T16:37:16.053+0000] {dag.py:3089} INFO - Sync 1 DAGs
[2026-07-02T16:37:16.069+0000] {logging_mixin.py:188} INFO - [2026-07-02T16:37:16.069+0000] {dag.py:3947} INFO - Setting next_dagrun for example_branch_operator to 2026-07-01 00:00:00+00:00, run_after=2026-07-02 00:00:00+00:00
[2026-07-02T16:37:16.089+0000] {processor.py:183} INFO - Processing /usr/local/python/3.12.1/lib/python3.12/site-packages/airflow/example_dags/example_branch_operator.py took 0.074 seconds
[2026-07-02T16:38:20.255+0000] {processor.py:161} INFO - Started process (PID=139358) to work on /usr/local/python/3.12.1/lib/python3.12/site-packages/airflow/example_dags/example_branch_operator.py
[2026-07-02T16:38:20.256+0000] {processor.py:830} INFO - Processing file /usr/local/python/3.12.1/lib/python3.12/site-packages/airflow/example_dags/example_branch_operator.py for tasks to queue
[2026-07-02T16:38:20.257+0000] {logging_mixin.py:188} INFO - [2026-07-02T16:38:20.257+0000] {dagbag.py:545} INFO - Filling up the DagBag from /usr/local/python/3.12.1/lib/python3.12/site-packages/airflow/example_dags/example_branch_operator.py
[2026-07-02T16:38:20.270+0000] {processor.py:840} INFO - DAG(s) 'example_branch_operator' retrieved from /usr/local/python/3.12.1/lib/python3.12/site-packages/airflow/example_dags/example_branch_operator.py
[2026-07-02T16:38:20.293+0000] {logging_mixin.py:188} INFO - [2026-07-02T16:38:20.292+0000] {dag.py:3089} INFO - Sync 1 DAGs
[2026-07-02T16:38:20.318+0000] {logging_mixin.py:188} INFO - [2026-07-02T16:38:20.317+0000] {dag.py:3947} INFO - Setting next_dagrun for example_branch_operator to 2026-07-01 00:00:00+00:00, run_after=2026-07-02 00:00:00+00:00
[2026-07-02T16:38:20.350+0000] {processor.py:183} INFO - Processing /usr/local/python/3.12.1/lib/python3.12/site-packages/airflow/example_dags/example_branch_operator.py took 0.100 seconds
[2026-07-02T16:39:12.129+0000] {processor.py:161} INFO - Started process (PID=140039) to work on /usr/local/python/3.12.1/lib/python3.12/site-packages/airflow/example_dags/example_branch_operator.py
[2026-07-02T16:39:12.129+0000] {processor.py:830} INFO - Processing file /usr/local/python/3.12.1/lib/python3.12/site-packages/airflow/example_dags/example_branch_operator.py for tasks to queue
[2026-07-02T16:39:12.131+0000] {logging_mixin.py:188} INFO - [2026-07-02T16:39:12.131+0000] {dagbag.py:545} INFO - Filling up the DagBag from /usr/local/python/3.12.1/lib/python3.12/site-packages/airflow/example_dags/example_branch_operator.py
[2026-07-02T16:39:12.145+0000] {processor.py:840} INFO - DAG(s) 'example_branch_operator' retrieved from /usr/local/python/3.12.1/lib/python3.12/site-packages/airflow/example_dags/example_branch_operator.py
[2026-07-02T16:39:12.163+0000] {logging_mixin.py:188} INFO - [2026-07-02T16:39:12.163+0000] {dag.py:3089} INFO - Sync 1 DAGs
[2026-07-02T16:39:12.181+0000] {logging_mixin.py:188} INFO - [2026-07-02T16:39:12.180+0000] {dag.py:3947} INFO - Setting next_dagrun for example_branch_operator to 2026-07-01 00:00:00+00:00, run_after=2026-07-02 00:00:00+00:00
[2026-07-02T16:39:12.199+0000] {processor.py:183} INFO - Processing /usr/local/python/3.12.1/lib/python3.12/site-packages/airflow/example_dags/example_branch_operator.py took 0.075 seconds
[2026-07-02T16:40:21.047+0000] {processor.py:161} INFO - Started process (PID=141021) to work on /usr/local/python/3.12.1/lib/python3.12/site-packages/airflow/example_dags/example_branch_operator.py
[2026-07-02T16:40:21.051+0000] {processor.py:830} INFO - Processing file /usr/local/python/3.12.1/lib/python3.12/site-packages/airflow/example_dags/example_branch_operator.py for tasks to queue
[2026-07-02T16:40:21.053+0000] {logging_mixin.py:188} INFO - [2026-07-02T16:40:21.052+0000] {dagbag.py:545} INFO - Filling up the DagBag from /usr/local/python/3.12.1/lib/python3.12/site-packages/airflow/example_dags/example_branch_operator.py
[2026-07-02T16:40:21.074+0000] {processor.py:840} INFO - DAG(s) 'example_branch_operator' retrieved from /usr/local/python/3.12.1/lib/python3.12/site-packages/airflow/example_dags/example_branch_operator.py
[2026-07-02T16:40:21.136+0000] {logging_mixin.py:188} INFO - [2026-07-02T16:40:21.135+0000] {dag.py:3089} INFO - Sync 1 DAGs
[2026-07-02T16:40:21.160+0000] {logging_mixin.py:188} INFO - [2026-07-02T16:40:21.160+0000] {dag.py:3947} INFO - Setting next_dagrun for example_branch_operator to 2026-07-01 00:00:00+00:00, run_after=2026-07-02 00:00:00+00:00
[2026-07-02T16:40:21.217+0000] {processor.py:183} INFO - Processing /usr/local/python/3.12.1/lib/python3.12/site-packages/airflow/example_dags/example_branch_operator.py took 0.188 seconds
[2026-07-02T16:41:21.379+0000] {processor.py:161} INFO - Started process (PID=141962) to work on /usr/local/python/3.12.1/lib/python3.12/site-packages/airflow/example_dags/example_branch_operator.py
[2026-07-02T16:41:21.380+0000] {processor.py:830} INFO - Processing file /usr/local/python/3.12.1/lib/python3.12/site-packages/airflow/example_dags/example_branch_operator.py for tasks to queue
[2026-07-02T16:41:21.382+0000] {logging_mixin.py:188} INFO - [2026-07-02T16:41:21.381+0000] {dagbag.py:545} INFO - Filling up the DagBag from /usr/local/python/3.12.1/lib/python3.12/site-packages/airflow/example_dags/example_branch_operator.py
[2026-07-02T16:41:21.396+0000] {processor.py:840} INFO - DAG(s) 'example_branch_operator' retrieved from /usr/local/python/3.12.1/lib/python3.12/site-packages/airflow/example_dags/example_branch_operator.py
[2026-07-02T16:41:21.425+0000] {logging_mixin.py:188} INFO - [2026-07-02T16:41:21.424+0000] {dag.py:3089} INFO - Sync 1 DAGs
[2026-07-02T16:41:21.483+0000] {logging_mixin.py:188} INFO - [2026-07-02T16:41:21.483+0000] {dag.py:3947} INFO - Setting next_dagrun for example_branch_operator to 2026-07-01 00:00:00+00:00, run_after=2026-07-02 00:00:00+00:00
[2026-07-02T16:41:21.511+0000] {processor.py:183} INFO - Processing /usr/local/python/3.12.1/lib/python3.12/site-packages/airflow/example_dags/example_branch_operator.py took 0.138 seconds
[2026-07-02T16:42:56.715+0000] {processor.py:161} INFO - Started process (PID=143464) to work on /usr/local/python/3.12.1/lib/python3.12/site-packages/airflow/example_dags/example_branch_operator.py
[2026-07-02T16:42:56.724+0000] {processor.py:830} INFO - Processing file /usr/local/python/3.12.1/lib/python3.12/site-packages/airflow/example_dags/example_branch_operator.py for tasks to queue
[2026-07-02T16:42:56.728+0000] {logging_mixin.py:188} INFO - [2026-07-02T16:42:56.727+0000] {dagbag.py:545} INFO - Filling up the DagBag from /usr/local/python/3.12.1/lib/python3.12/site-packages/airflow/example_dags/example_branch_operator.py
[2026-07-02T16:42:56.775+0000] {processor.py:840} INFO - DAG(s) 'example_branch_operator' retrieved from /usr/local/python/3.12.1/lib/python3.12/site-packages/airflow/example_dags/example_branch_operator.py
[2026-07-02T16:42:56.821+0000] {logging_mixin.py:188} INFO - [2026-07-02T16:42:56.820+0000] {dag.py:3089} INFO - Sync 1 DAGs
[2026-07-02T16:42:56.842+0000] {logging_mixin.py:188} INFO - [2026-07-02T16:42:56.842+0000] {dag.py:3947} INFO - Setting next_dagrun for example_branch_operator to 2026-07-01 00:00:00+00:00, run_after=2026-07-02 00:00:00+00:00
[2026-07-02T16:42:56.863+0000] {processor.py:183} INFO - Processing /usr/local/python/3.12.1/lib/python3.12/site-packages/airflow/example_dags/example_branch_operator.py took 0.165 seconds
[2026-07-02T16:44:02.939+0000] {processor.py:161} INFO - Started process (PID=145075) to work on /usr/local/python/3.12.1/lib/python3.12/site-packages/airflow/example_dags/example_branch_operator.py
[2026-07-02T16:44:02.948+0000] {processor.py:830} INFO - Processing file /usr/local/python/3.12.1/lib/python3.12/site-packages/airflow/example_dags/example_branch_operator.py for tasks to queue
[2026-07-02T16:44:02.952+0000] {logging_mixin.py:188} INFO - [2026-07-02T16:44:02.951+0000] {dagbag.py:545} INFO - Filling up the DagBag from /usr/local/python/3.12.1/lib/python3.12/site-packages/airflow/example_dags/example_branch_operator.py
[2026-07-02T16:44:02.982+0000] {processor.py:840} INFO - DAG(s) 'example_branch_operator' retrieved from /usr/local/python/3.12.1/lib/python3.12/site-packages/airflow/example_dags/example_branch_operator.py
[2026-07-02T16:44:03.034+0000] {logging_mixin.py:188} INFO - [2026-07-02T16:44:03.034+0000] {dag.py:3089} INFO - Sync 1 DAGs
[2026-07-02T16:44:03.075+0000] {logging_mixin.py:188} INFO - [2026-07-02T16:44:03.074+0000] {dag.py:3947} INFO - Setting next_dagrun for example_branch_operator to 2026-07-01 00:00:00+00:00, run_after=2026-07-02 00:00:00+00:00
[2026-07-02T16:44:03.119+0000] {processor.py:183} INFO - Processing /usr/local/python/3.12.1/lib/python3.12/site-packages/airflow/example_dags/example_branch_operator.py took 0.195 seconds
[2026-07-02T16:45:02.278+0000] {processor.py:161} INFO - Started process (PID=146668) to work on /usr/local/python/3.12.1/lib/python3.12/site-packages/airflow/example_dags/example_branch_operator.py
[2026-07-02T16:45:02.456+0000] {processor.py:830} INFO - Processing file /usr/local/python/3.12.1/lib/python3.12/site-packages/airflow/example_dags/example_branch_operator.py for tasks to queue
[2026-07-02T16:45:02.458+0000] {logging_mixin.py:188} INFO - [2026-07-02T16:45:02.457+0000] {dagbag.py:545} INFO - Filling up the DagBag from /usr/local/python/3.12.1/lib/python3.12/site-packages/airflow/example_dags/example_branch_operator.py
[2026-07-02T16:45:02.539+0000] {processor.py:840} INFO - DAG(s) 'example_branch_operator' retrieved from /usr/local/python/3.12.1/lib/python3.12/site-packages/airflow/example_dags/example_branch_operator.py
[2026-07-02T16:45:02.570+0000] {logging_mixin.py:188} INFO - [2026-07-02T16:45:02.570+0000] {dag.py:3089} INFO - Sync 1 DAGs
[2026-07-02T16:45:02.616+0000] {logging_mixin.py:188} INFO - [2026-07-02T16:45:02.614+0000] {dag.py:3947} INFO - Setting next_dagrun for example_branch_operator to 2026-07-01 00:00:00+00:00, run_after=2026-07-02 00:00:00+00:00
[2026-07-02T16:45:02.661+0000] {processor.py:183} INFO - Processing /usr/local/python/3.12.1/lib/python3.12/site-packages/airflow/example_dags/example_branch_operator.py took 0.417 seconds
[2026-07-02T16:46:11.320+0000] {processor.py:161} INFO - Started process (PID=149146) to work on /usr/local/python/3.12.1/lib/python3.12/site-packages/airflow/example_dags/example_branch_operator.py
[2026-07-02T16:46:11.323+0000] {processor.py:830} INFO - Processing file /usr/local/python/3.12.1/lib/python3.12/site-packages/airflow/example_dags/example_branch_operator.py for tasks to queue
[2026-07-02T16:46:11.325+0000] {logging_mixin.py:188} INFO - [2026-07-02T16:46:11.324+0000] {dagbag.py:545} INFO - Filling up the DagBag from /usr/local/python/3.12.1/lib/python3.12/site-packages/airflow/example_dags/example_branch_operator.py
[2026-07-02T16:46:11.339+0000] {processor.py:840} INFO - DAG(s) 'example_branch_operator' retrieved from /usr/local/python/3.12.1/lib/python3.12/site-packages/airflow/example_dags/example_branch_operator.py
[2026-07-02T16:46:11.357+0000] {logging_mixin.py:188} INFO - [2026-07-02T16:46:11.356+0000] {dag.py:3089} INFO - Sync 1 DAGs
[2026-07-02T16:46:11.372+0000] {logging_mixin.py:188} INFO - [2026-07-02T16:46:11.372+0000] {dag.py:3947} INFO - Setting next_dagrun for example_branch_operator to 2026-07-01 00:00:00+00:00, run_after=2026-07-02 00:00:00+00:00
[2026-07-02T16:46:11.390+0000] {processor.py:183} INFO - Processing /usr/local/python/3.12.1/lib/python3.12/site-packages/airflow/example_dags/example_branch_operator.py took 0.075 seconds
[2026-07-02T16:47:11.891+0000] {processor.py:161} INFO - Started process (PID=151394) to work on /usr/local/python/3.12.1/lib/python3.12/site-packages/airflow/example_dags/example_branch_operator.py
[2026-07-02T16:47:11.892+0000] {processor.py:830} INFO - Processing file /usr/local/python/3.12.1/lib/python3.12/site-packages/airflow/example_dags/example_branch_operator.py for tasks to queue
[2026-07-02T16:47:11.895+0000] {logging_mixin.py:188} INFO - [2026-07-02T16:47:11.894+0000] {dagbag.py:545} INFO - Filling up the DagBag from /usr/local/python/3.12.1/lib/python3.12/site-packages/airflow/example_dags/example_branch_operator.py
[2026-07-02T16:47:11.923+0000] {processor.py:840} INFO - DAG(s) 'example_branch_operator' retrieved from /usr/local/python/3.12.1/lib/python3.12/site-packages/airflow/example_dags/example_branch_operator.py
[2026-07-02T16:47:11.948+0000] {logging_mixin.py:188} INFO - [2026-07-02T16:47:11.948+0000] {dag.py:3089} INFO - Sync 1 DAGs
[2026-07-02T16:47:11.981+0000] {logging_mixin.py:188} INFO - [2026-07-02T16:47:11.980+0000] {dag.py:3947} INFO - Setting next_dagrun for example_branch_operator to 2026-07-01 00:00:00+00:00, run_after=2026-07-02 00:00:00+00:00
[2026-07-02T16:47:12.033+0000] {processor.py:183} INFO - Processing /usr/local/python/3.12.1/lib/python3.12/site-packages/airflow/example_dags/example_branch_operator.py took 0.148 seconds
