[2026-07-02T16:24:13.865+0000] {processor.py:161} INFO - Started process (PID=117535) to work on /usr/local/python/3.12.1/lib/python3.12/site-packages/airflow/example_dags/example_xcom.py
[2026-07-02T16:24:13.866+0000] {processor.py:830} INFO - Processing file /usr/local/python/3.12.1/lib/python3.12/site-packages/airflow/example_dags/example_xcom.py for tasks to queue
[2026-07-02T16:24:13.868+0000] {logging_mixin.py:188} INFO - [2026-07-02T16:24:13.867+0000] {dagbag.py:545} INFO - Filling up the DagBag from /usr/local/python/3.12.1/lib/python3.12/site-packages/airflow/example_dags/example_xcom.py
[2026-07-02T16:24:13.875+0000] {processor.py:840} INFO - DAG(s) 'example_xcom' retrieved from /usr/local/python/3.12.1/lib/python3.12/site-packages/airflow/example_dags/example_xcom.py
[2026-07-02T16:24:13.966+0000] {logging_mixin.py:188} INFO - [2026-07-02T16:24:13.965+0000] {override.py:1858} INFO - Created Permission View: can delete on DAG:example_xcom
[2026-07-02T16:24:13.978+0000] {logging_mixin.py:188} INFO - [2026-07-02T16:24:13.978+0000] {override.py:1858} INFO - Created Permission View: can read on DAG:example_xcom
[2026-07-02T16:24:13.987+0000] {logging_mixin.py:188} INFO - [2026-07-02T16:24:13.986+0000] {override.py:1858} INFO - Created Permission View: can edit on DAG:example_xcom
[2026-07-02T16:24:13.987+0000] {logging_mixin.py:188} INFO - [2026-07-02T16:24:13.987+0000] {dag.py:3089} INFO - Sync 1 DAGs
[2026-07-02T16:24:14.002+0000] {logging_mixin.py:188} INFO - [2026-07-02T16:24:14.001+0000] {dag.py:3111} INFO - Creating ORM DAG for example_xcom
[2026-07-02T16:24:14.017+0000] {logging_mixin.py:188} INFO - [2026-07-02T16:24:14.016+0000] {dag.py:3947} INFO - Setting next_dagrun for example_xcom to 2021-01-01 00:00:00+00:00, run_after=2021-01-01 00:00:00+00:00
[2026-07-02T16:24:14.038+0000] {processor.py:183} INFO - Processing /usr/local/python/3.12.1/lib/python3.12/site-packages/airflow/example_dags/example_xcom.py took 0.179 seconds
[2026-07-02T16:25:09.004+0000] {processor.py:161} INFO - Started process (PID=118352) to work on /usr/local/python/3.12.1/lib/python3.12/site-packages/airflow/example_dags/example_xcom.py
[2026-07-02T16:25:09.005+0000] {processor.py:830} INFO - Processing file /usr/local/python/3.12.1/lib/python3.12/site-packages/airflow/example_dags/example_xcom.py for tasks to queue
[2026-07-02T16:25:09.007+0000] {logging_mixin.py:188} INFO - [2026-07-02T16:25:09.007+0000] {dagbag.py:545} INFO - Filling up the DagBag from /usr/local/python/3.12.1/lib/python3.12/site-packages/airflow/example_dags/example_xcom.py
[2026-07-02T16:25:09.013+0000] {processor.py:840} INFO - DAG(s) 'example_xcom' retrieved from /usr/local/python/3.12.1/lib/python3.12/site-packages/airflow/example_dags/example_xcom.py
[2026-07-02T16:25:09.027+0000] {logging_mixin.py:188} INFO - [2026-07-02T16:25:09.026+0000] {dag.py:3089} INFO - Sync 1 DAGs
[2026-07-02T16:25:09.041+0000] {logging_mixin.py:188} INFO - [2026-07-02T16:25:09.041+0000] {dag.py:3947} INFO - Setting next_dagrun for example_xcom to 2021-01-01 00:00:00+00:00, run_after=2021-01-01 00:00:00+00:00
[2026-07-02T16:25:09.057+0000] {processor.py:183} INFO - Processing /usr/local/python/3.12.1/lib/python3.12/site-packages/airflow/example_dags/example_xcom.py took 0.060 seconds
[2026-07-02T16:25:55.823+0000] {processor.py:161} INFO - Started process (PID=122426) to work on /usr/local/python/3.12.1/lib/python3.12/site-packages/airflow/example_dags/example_xcom.py
[2026-07-02T16:25:55.824+0000] {processor.py:830} INFO - Processing file /usr/local/python/3.12.1/lib/python3.12/site-packages/airflow/example_dags/example_xcom.py for tasks to queue
[2026-07-02T16:25:55.828+0000] {logging_mixin.py:188} INFO - [2026-07-02T16:25:55.828+0000] {dagbag.py:545} INFO - Filling up the DagBag from /usr/local/python/3.12.1/lib/python3.12/site-packages/airflow/example_dags/example_xcom.py
[2026-07-02T16:25:55.846+0000] {processor.py:840} INFO - DAG(s) 'example_xcom' retrieved from /usr/local/python/3.12.1/lib/python3.12/site-packages/airflow/example_dags/example_xcom.py
[2026-07-02T16:25:55.891+0000] {logging_mixin.py:188} INFO - [2026-07-02T16:25:55.891+0000] {dag.py:3089} INFO - Sync 1 DAGs
[2026-07-02T16:25:55.945+0000] {logging_mixin.py:188} INFO - [2026-07-02T16:25:55.941+0000] {dag.py:3947} INFO - Setting next_dagrun for example_xcom to 2021-01-01 00:00:00+00:00, run_after=2021-01-01 00:00:00+00:00
[2026-07-02T16:25:55.997+0000] {processor.py:183} INFO - Processing /usr/local/python/3.12.1/lib/python3.12/site-packages/airflow/example_dags/example_xcom.py took 0.189 seconds
[2026-07-02T16:26:47.514+0000] {processor.py:161} INFO - Started process (PID=126534) to work on /usr/local/python/3.12.1/lib/python3.12/site-packages/airflow/example_dags/example_xcom.py
[2026-07-02T16:26:47.526+0000] {processor.py:830} INFO - Processing file /usr/local/python/3.12.1/lib/python3.12/site-packages/airflow/example_dags/example_xcom.py for tasks to queue
[2026-07-02T16:26:47.578+0000] {logging_mixin.py:188} INFO - [2026-07-02T16:26:47.574+0000] {dagbag.py:545} INFO - Filling up the DagBag from /usr/local/python/3.12.1/lib/python3.12/site-packages/airflow/example_dags/example_xcom.py
[2026-07-02T16:26:47.672+0000] {processor.py:840} INFO - DAG(s) 'example_xcom' retrieved from /usr/local/python/3.12.1/lib/python3.12/site-packages/airflow/example_dags/example_xcom.py
[2026-07-02T16:26:47.884+0000] {logging_mixin.py:188} INFO - [2026-07-02T16:26:47.884+0000] {dag.py:3089} INFO - Sync 1 DAGs
[2026-07-02T16:26:48.059+0000] {logging_mixin.py:188} INFO - [2026-07-02T16:26:48.059+0000] {dag.py:3947} INFO - Setting next_dagrun for example_xcom to 2021-01-01 00:00:00+00:00, run_after=2021-01-01 00:00:00+00:00
[2026-07-02T16:26:48.172+0000] {processor.py:183} INFO - Processing /usr/local/python/3.12.1/lib/python3.12/site-packages/airflow/example_dags/example_xcom.py took 0.689 seconds
[2026-07-02T16:28:02.279+0000] {processor.py:161} INFO - Started process (PID=128748) to work on /usr/local/python/3.12.1/lib/python3.12/site-packages/airflow/example_dags/example_xcom.py
[2026-07-02T16:28:02.280+0000] {processor.py:830} INFO - Processing file /usr/local/python/3.12.1/lib/python3.12/site-packages/airflow/example_dags/example_xcom.py for tasks to queue
[2026-07-02T16:28:02.282+0000] {logging_mixin.py:188} INFO - [2026-07-02T16:28:02.281+0000] {dagbag.py:545} INFO - Filling up the DagBag from /usr/local/python/3.12.1/lib/python3.12/site-packages/airflow/example_dags/example_xcom.py
[2026-07-02T16:28:02.290+0000] {processor.py:840} INFO - DAG(s) 'example_xcom' retrieved from /usr/local/python/3.12.1/lib/python3.12/site-packages/airflow/example_dags/example_xcom.py
[2026-07-02T16:28:02.331+0000] {logging_mixin.py:188} INFO - [2026-07-02T16:28:02.328+0000] {dag.py:3089} INFO - Sync 1 DAGs
[2026-07-02T16:28:02.370+0000] {logging_mixin.py:188} INFO - [2026-07-02T16:28:02.369+0000] {dag.py:3947} INFO - Setting next_dagrun for example_xcom to 2021-01-01 00:00:00+00:00, run_after=2021-01-01 00:00:00+00:00
[2026-07-02T16:28:02.406+0000] {processor.py:183} INFO - Processing /usr/local/python/3.12.1/lib/python3.12/site-packages/airflow/example_dags/example_xcom.py took 0.151 seconds
[2026-07-02T16:29:00.915+0000] {processor.py:161} INFO - Started process (PID=129613) to work on /usr/local/python/3.12.1/lib/python3.12/site-packages/airflow/example_dags/example_xcom.py
[2026-07-02T16:29:00.916+0000] {processor.py:830} INFO - Processing file /usr/local/python/3.12.1/lib/python3.12/site-packages/airflow/example_dags/example_xcom.py for tasks to queue
[2026-07-02T16:29:00.918+0000] {logging_mixin.py:188} INFO - [2026-07-02T16:29:00.918+0000] {dagbag.py:545} INFO - Filling up the DagBag from /usr/local/python/3.12.1/lib/python3.12/site-packages/airflow/example_dags/example_xcom.py
[2026-07-02T16:29:00.928+0000] {processor.py:840} INFO - DAG(s) 'example_xcom' retrieved from /usr/local/python/3.12.1/lib/python3.12/site-packages/airflow/example_dags/example_xcom.py
[2026-07-02T16:29:00.952+0000] {logging_mixin.py:188} INFO - [2026-07-02T16:29:00.952+0000] {dag.py:3089} INFO - Sync 1 DAGs
[2026-07-02T16:29:01.099+0000] {logging_mixin.py:188} INFO - [2026-07-02T16:29:01.099+0000] {dag.py:3947} INFO - Setting next_dagrun for example_xcom to 2021-01-01 00:00:00+00:00, run_after=2021-01-01 00:00:00+00:00
[2026-07-02T16:29:01.206+0000] {processor.py:183} INFO - Processing /usr/local/python/3.12.1/lib/python3.12/site-packages/airflow/example_dags/example_xcom.py took 0.299 seconds
[2026-07-02T16:30:01.060+0000] {processor.py:161} INFO - Started process (PID=130242) to work on /usr/local/python/3.12.1/lib/python3.12/site-packages/airflow/example_dags/example_xcom.py
[2026-07-02T16:30:01.061+0000] {processor.py:830} INFO - Processing file /usr/local/python/3.12.1/lib/python3.12/site-packages/airflow/example_dags/example_xcom.py for tasks to queue
[2026-07-02T16:30:01.063+0000] {logging_mixin.py:188} INFO - [2026-07-02T16:30:01.062+0000] {dagbag.py:545} INFO - Filling up the DagBag from /usr/local/python/3.12.1/lib/python3.12/site-packages/airflow/example_dags/example_xcom.py
[2026-07-02T16:30:01.069+0000] {processor.py:840} INFO - DAG(s) 'example_xcom' retrieved from /usr/local/python/3.12.1/lib/python3.12/site-packages/airflow/example_dags/example_xcom.py
[2026-07-02T16:30:01.087+0000] {logging_mixin.py:188} INFO - [2026-07-02T16:30:01.086+0000] {dag.py:3089} INFO - Sync 1 DAGs
[2026-07-02T16:30:01.104+0000] {logging_mixin.py:188} INFO - [2026-07-02T16:30:01.104+0000] {dag.py:3947} INFO - Setting next_dagrun for example_xcom to 2021-01-01 00:00:00+00:00, run_after=2021-01-01 00:00:00+00:00
[2026-07-02T16:30:01.121+0000] {processor.py:183} INFO - Processing /usr/local/python/3.12.1/lib/python3.12/site-packages/airflow/example_dags/example_xcom.py took 0.065 seconds
[2026-07-02T16:30:54.963+0000] {processor.py:161} INFO - Started process (PID=130872) to work on /usr/local/python/3.12.1/lib/python3.12/site-packages/airflow/example_dags/example_xcom.py
[2026-07-02T16:30:54.965+0000] {processor.py:830} INFO - Processing file /usr/local/python/3.12.1/lib/python3.12/site-packages/airflow/example_dags/example_xcom.py for tasks to queue
[2026-07-02T16:30:54.966+0000] {logging_mixin.py:188} INFO - [2026-07-02T16:30:54.966+0000] {dagbag.py:545} INFO - Filling up the DagBag from /usr/local/python/3.12.1/lib/python3.12/site-packages/airflow/example_dags/example_xcom.py
[2026-07-02T16:30:54.972+0000] {processor.py:840} INFO - DAG(s) 'example_xcom' retrieved from /usr/local/python/3.12.1/lib/python3.12/site-packages/airflow/example_dags/example_xcom.py
[2026-07-02T16:30:54.990+0000] {logging_mixin.py:188} INFO - [2026-07-02T16:30:54.990+0000] {dag.py:3089} INFO - Sync 1 DAGs
[2026-07-02T16:30:55.006+0000] {logging_mixin.py:188} INFO - [2026-07-02T16:30:55.005+0000] {dag.py:3947} INFO - Setting next_dagrun for example_xcom to 2021-01-01 00:00:00+00:00, run_after=2021-01-01 00:00:00+00:00
[2026-07-02T16:30:55.022+0000] {processor.py:183} INFO - Processing /usr/local/python/3.12.1/lib/python3.12/site-packages/airflow/example_dags/example_xcom.py took 0.063 seconds
[2026-07-02T16:31:44.730+0000] {processor.py:161} INFO - Started process (PID=131391) to work on /usr/local/python/3.12.1/lib/python3.12/site-packages/airflow/example_dags/example_xcom.py
[2026-07-02T16:31:44.731+0000] {processor.py:830} INFO - Processing file /usr/local/python/3.12.1/lib/python3.12/site-packages/airflow/example_dags/example_xcom.py for tasks to queue
[2026-07-02T16:31:44.732+0000] {logging_mixin.py:188} INFO - [2026-07-02T16:31:44.732+0000] {dagbag.py:545} INFO - Filling up the DagBag from /usr/local/python/3.12.1/lib/python3.12/site-packages/airflow/example_dags/example_xcom.py
[2026-07-02T16:31:44.738+0000] {processor.py:840} INFO - DAG(s) 'example_xcom' retrieved from /usr/local/python/3.12.1/lib/python3.12/site-packages/airflow/example_dags/example_xcom.py
[2026-07-02T16:31:44.751+0000] {logging_mixin.py:188} INFO - [2026-07-02T16:31:44.751+0000] {dag.py:3089} INFO - Sync 1 DAGs
[2026-07-02T16:31:44.766+0000] {logging_mixin.py:188} INFO - [2026-07-02T16:31:44.766+0000] {dag.py:3947} INFO - Setting next_dagrun for example_xcom to 2021-01-01 00:00:00+00:00, run_after=2021-01-01 00:00:00+00:00
[2026-07-02T16:31:44.788+0000] {processor.py:183} INFO - Processing /usr/local/python/3.12.1/lib/python3.12/site-packages/airflow/example_dags/example_xcom.py took 0.062 seconds
[2026-07-02T16:32:34.665+0000] {processor.py:161} INFO - Started process (PID=133096) to work on /usr/local/python/3.12.1/lib/python3.12/site-packages/airflow/example_dags/example_xcom.py
[2026-07-02T16:32:34.666+0000] {processor.py:830} INFO - Processing file /usr/local/python/3.12.1/lib/python3.12/site-packages/airflow/example_dags/example_xcom.py for tasks to queue
[2026-07-02T16:32:34.667+0000] {logging_mixin.py:188} INFO - [2026-07-02T16:32:34.667+0000] {dagbag.py:545} INFO - Filling up the DagBag from /usr/local/python/3.12.1/lib/python3.12/site-packages/airflow/example_dags/example_xcom.py
[2026-07-02T16:32:34.673+0000] {processor.py:840} INFO - DAG(s) 'example_xcom' retrieved from /usr/local/python/3.12.1/lib/python3.12/site-packages/airflow/example_dags/example_xcom.py
[2026-07-02T16:32:34.690+0000] {logging_mixin.py:188} INFO - [2026-07-02T16:32:34.690+0000] {dag.py:3089} INFO - Sync 1 DAGs
[2026-07-02T16:32:34.707+0000] {logging_mixin.py:188} INFO - [2026-07-02T16:32:34.706+0000] {dag.py:3947} INFO - Setting next_dagrun for example_xcom to 2021-01-01 00:00:00+00:00, run_after=2021-01-01 00:00:00+00:00
[2026-07-02T16:32:34.726+0000] {processor.py:183} INFO - Processing /usr/local/python/3.12.1/lib/python3.12/site-packages/airflow/example_dags/example_xcom.py took 0.066 seconds
[2026-07-02T16:33:25.339+0000] {processor.py:161} INFO - Started process (PID=133666) to work on /usr/local/python/3.12.1/lib/python3.12/site-packages/airflow/example_dags/example_xcom.py
[2026-07-02T16:33:25.340+0000] {processor.py:830} INFO - Processing file /usr/local/python/3.12.1/lib/python3.12/site-packages/airflow/example_dags/example_xcom.py for tasks to queue
[2026-07-02T16:33:25.342+0000] {logging_mixin.py:188} INFO - [2026-07-02T16:33:25.342+0000] {dagbag.py:545} INFO - Filling up the DagBag from /usr/local/python/3.12.1/lib/python3.12/site-packages/airflow/example_dags/example_xcom.py
[2026-07-02T16:33:25.348+0000] {processor.py:840} INFO - DAG(s) 'example_xcom' retrieved from /usr/local/python/3.12.1/lib/python3.12/site-packages/airflow/example_dags/example_xcom.py
[2026-07-02T16:33:25.362+0000] {logging_mixin.py:188} INFO - [2026-07-02T16:33:25.362+0000] {dag.py:3089} INFO - Sync 1 DAGs
[2026-07-02T16:33:25.377+0000] {logging_mixin.py:188} INFO - [2026-07-02T16:33:25.376+0000] {dag.py:3947} INFO - Setting next_dagrun for example_xcom to 2021-01-01 00:00:00+00:00, run_after=2021-01-01 00:00:00+00:00
[2026-07-02T16:33:25.397+0000] {processor.py:183} INFO - Processing /usr/local/python/3.12.1/lib/python3.12/site-packages/airflow/example_dags/example_xcom.py took 0.063 seconds
[2026-07-02T16:34:13.818+0000] {processor.py:161} INFO - Started process (PID=134275) to work on /usr/local/python/3.12.1/lib/python3.12/site-packages/airflow/example_dags/example_xcom.py
[2026-07-02T16:34:13.819+0000] {processor.py:830} INFO - Processing file /usr/local/python/3.12.1/lib/python3.12/site-packages/airflow/example_dags/example_xcom.py for tasks to queue
[2026-07-02T16:34:13.820+0000] {logging_mixin.py:188} INFO - [2026-07-02T16:34:13.820+0000] {dagbag.py:545} INFO - Filling up the DagBag from /usr/local/python/3.12.1/lib/python3.12/site-packages/airflow/example_dags/example_xcom.py
[2026-07-02T16:34:13.827+0000] {processor.py:840} INFO - DAG(s) 'example_xcom' retrieved from /usr/local/python/3.12.1/lib/python3.12/site-packages/airflow/example_dags/example_xcom.py
[2026-07-02T16:34:13.841+0000] {logging_mixin.py:188} INFO - [2026-07-02T16:34:13.840+0000] {dag.py:3089} INFO - Sync 1 DAGs
[2026-07-02T16:34:13.871+0000] {logging_mixin.py:188} INFO - [2026-07-02T16:34:13.870+0000] {dag.py:3947} INFO - Setting next_dagrun for example_xcom to 2021-01-01 00:00:00+00:00, run_after=2021-01-01 00:00:00+00:00
[2026-07-02T16:34:13.933+0000] {processor.py:183} INFO - Processing /usr/local/python/3.12.1/lib/python3.12/site-packages/airflow/example_dags/example_xcom.py took 0.119 seconds
[2026-07-02T16:35:04.293+0000] {processor.py:161} INFO - Started process (PID=134940) to work on /usr/local/python/3.12.1/lib/python3.12/site-packages/airflow/example_dags/example_xcom.py
[2026-07-02T16:35:04.294+0000] {processor.py:830} INFO - Processing file /usr/local/python/3.12.1/lib/python3.12/site-packages/airflow/example_dags/example_xcom.py for tasks to queue
[2026-07-02T16:35:04.296+0000] {logging_mixin.py:188} INFO - [2026-07-02T16:35:04.295+0000] {dagbag.py:545} INFO - Filling up the DagBag from /usr/local/python/3.12.1/lib/python3.12/site-packages/airflow/example_dags/example_xcom.py
[2026-07-02T16:35:04.310+0000] {processor.py:840} INFO - DAG(s) 'example_xcom' retrieved from /usr/local/python/3.12.1/lib/python3.12/site-packages/airflow/example_dags/example_xcom.py
[2026-07-02T16:35:04.335+0000] {logging_mixin.py:188} INFO - [2026-07-02T16:35:04.335+0000] {dag.py:3089} INFO - Sync 1 DAGs
[2026-07-02T16:35:04.360+0000] {logging_mixin.py:188} INFO - [2026-07-02T16:35:04.359+0000] {dag.py:3947} INFO - Setting next_dagrun for example_xcom to 2021-01-01 00:00:00+00:00, run_after=2021-01-01 00:00:00+00:00
[2026-07-02T16:35:04.390+0000] {processor.py:183} INFO - Processing /usr/local/python/3.12.1/lib/python3.12/site-packages/airflow/example_dags/example_xcom.py took 0.104 seconds
[2026-07-02T16:35:58.303+0000] {processor.py:161} INFO - Started process (PID=136429) to work on /usr/local/python/3.12.1/lib/python3.12/site-packages/airflow/example_dags/example_xcom.py
[2026-07-02T16:35:58.303+0000] {processor.py:830} INFO - Processing file /usr/local/python/3.12.1/lib/python3.12/site-packages/airflow/example_dags/example_xcom.py for tasks to queue
[2026-07-02T16:35:58.305+0000] {logging_mixin.py:188} INFO - [2026-07-02T16:35:58.305+0000] {dagbag.py:545} INFO - Filling up the DagBag from /usr/local/python/3.12.1/lib/python3.12/site-packages/airflow/example_dags/example_xcom.py
[2026-07-02T16:35:58.311+0000] {processor.py:840} INFO - DAG(s) 'example_xcom' retrieved from /usr/local/python/3.12.1/lib/python3.12/site-packages/airflow/example_dags/example_xcom.py
[2026-07-02T16:35:58.326+0000] {logging_mixin.py:188} INFO - [2026-07-02T16:35:58.325+0000] {dag.py:3089} INFO - Sync 1 DAGs
[2026-07-02T16:35:58.340+0000] {logging_mixin.py:188} INFO - [2026-07-02T16:35:58.340+0000] {dag.py:3947} INFO - Setting next_dagrun for example_xcom to 2021-01-01 00:00:00+00:00, run_after=2021-01-01 00:00:00+00:00
[2026-07-02T16:35:58.356+0000] {processor.py:183} INFO - Processing /usr/local/python/3.12.1/lib/python3.12/site-packages/airflow/example_dags/example_xcom.py took 0.060 seconds
[2026-07-02T16:36:49.942+0000] {processor.py:161} INFO - Started process (PID=137083) to work on /usr/local/python/3.12.1/lib/python3.12/site-packages/airflow/example_dags/example_xcom.py
[2026-07-02T16:36:49.945+0000] {processor.py:830} INFO - Processing file /usr/local/python/3.12.1/lib/python3.12/site-packages/airflow/example_dags/example_xcom.py for tasks to queue
[2026-07-02T16:36:49.947+0000] {logging_mixin.py:188} INFO - [2026-07-02T16:36:49.947+0000] {dagbag.py:545} INFO - Filling up the DagBag from /usr/local/python/3.12.1/lib/python3.12/site-packages/airflow/example_dags/example_xcom.py
[2026-07-02T16:36:49.966+0000] {processor.py:840} INFO - DAG(s) 'example_xcom' retrieved from /usr/local/python/3.12.1/lib/python3.12/site-packages/airflow/example_dags/example_xcom.py
[2026-07-02T16:36:50.007+0000] {logging_mixin.py:188} INFO - [2026-07-02T16:36:50.007+0000] {dag.py:3089} INFO - Sync 1 DAGs
[2026-07-02T16:36:50.058+0000] {logging_mixin.py:188} INFO - [2026-07-02T16:36:50.057+0000] {dag.py:3947} INFO - Setting next_dagrun for example_xcom to 2021-01-01 00:00:00+00:00, run_after=2021-01-01 00:00:00+00:00
[2026-07-02T16:36:50.104+0000] {processor.py:183} INFO - Processing /usr/local/python/3.12.1/lib/python3.12/site-packages/airflow/example_dags/example_xcom.py took 0.174 seconds
[2026-07-02T16:37:37.105+0000] {processor.py:161} INFO - Started process (PID=138395) to work on /usr/local/python/3.12.1/lib/python3.12/site-packages/airflow/example_dags/example_xcom.py
[2026-07-02T16:37:37.107+0000] {processor.py:830} INFO - Processing file /usr/local/python/3.12.1/lib/python3.12/site-packages/airflow/example_dags/example_xcom.py for tasks to queue
[2026-07-02T16:37:37.108+0000] {logging_mixin.py:188} INFO - [2026-07-02T16:37:37.108+0000] {dagbag.py:545} INFO - Filling up the DagBag from /usr/local/python/3.12.1/lib/python3.12/site-packages/airflow/example_dags/example_xcom.py
[2026-07-02T16:37:37.114+0000] {processor.py:840} INFO - DAG(s) 'example_xcom' retrieved from /usr/local/python/3.12.1/lib/python3.12/site-packages/airflow/example_dags/example_xcom.py
[2026-07-02T16:37:37.127+0000] {logging_mixin.py:188} INFO - [2026-07-02T16:37:37.127+0000] {dag.py:3089} INFO - Sync 1 DAGs
[2026-07-02T16:37:37.142+0000] {logging_mixin.py:188} INFO - [2026-07-02T16:37:37.142+0000] {dag.py:3947} INFO - Setting next_dagrun for example_xcom to 2021-01-01 00:00:00+00:00, run_after=2021-01-01 00:00:00+00:00
[2026-07-02T16:37:37.158+0000] {processor.py:183} INFO - Processing /usr/local/python/3.12.1/lib/python3.12/site-packages/airflow/example_dags/example_xcom.py took 0.058 seconds
[2026-07-02T16:38:28.891+0000] {processor.py:161} INFO - Started process (PID=139458) to work on /usr/local/python/3.12.1/lib/python3.12/site-packages/airflow/example_dags/example_xcom.py
[2026-07-02T16:38:28.894+0000] {processor.py:830} INFO - Processing file /usr/local/python/3.12.1/lib/python3.12/site-packages/airflow/example_dags/example_xcom.py for tasks to queue
[2026-07-02T16:38:28.896+0000] {logging_mixin.py:188} INFO - [2026-07-02T16:38:28.895+0000] {dagbag.py:545} INFO - Filling up the DagBag from /usr/local/python/3.12.1/lib/python3.12/site-packages/airflow/example_dags/example_xcom.py
[2026-07-02T16:38:28.907+0000] {processor.py:840} INFO - DAG(s) 'example_xcom' retrieved from /usr/local/python/3.12.1/lib/python3.12/site-packages/airflow/example_dags/example_xcom.py
[2026-07-02T16:38:28.928+0000] {logging_mixin.py:188} INFO - [2026-07-02T16:38:28.927+0000] {dag.py:3089} INFO - Sync 1 DAGs
[2026-07-02T16:38:28.949+0000] {logging_mixin.py:188} INFO - [2026-07-02T16:38:28.949+0000] {dag.py:3947} INFO - Setting next_dagrun for example_xcom to 2021-01-01 00:00:00+00:00, run_after=2021-01-01 00:00:00+00:00
[2026-07-02T16:38:28.977+0000] {processor.py:183} INFO - Processing /usr/local/python/3.12.1/lib/python3.12/site-packages/airflow/example_dags/example_xcom.py took 0.092 seconds
[2026-07-02T16:39:16.441+0000] {processor.py:161} INFO - Started process (PID=140088) to work on /usr/local/python/3.12.1/lib/python3.12/site-packages/airflow/example_dags/example_xcom.py
[2026-07-02T16:39:16.442+0000] {processor.py:830} INFO - Processing file /usr/local/python/3.12.1/lib/python3.12/site-packages/airflow/example_dags/example_xcom.py for tasks to queue
[2026-07-02T16:39:16.444+0000] {logging_mixin.py:188} INFO - [2026-07-02T16:39:16.444+0000] {dagbag.py:545} INFO - Filling up the DagBag from /usr/local/python/3.12.1/lib/python3.12/site-packages/airflow/example_dags/example_xcom.py
[2026-07-02T16:39:16.450+0000] {processor.py:840} INFO - DAG(s) 'example_xcom' retrieved from /usr/local/python/3.12.1/lib/python3.12/site-packages/airflow/example_dags/example_xcom.py
[2026-07-02T16:39:16.464+0000] {logging_mixin.py:188} INFO - [2026-07-02T16:39:16.464+0000] {dag.py:3089} INFO - Sync 1 DAGs
[2026-07-02T16:39:16.480+0000] {logging_mixin.py:188} INFO - [2026-07-02T16:39:16.480+0000] {dag.py:3947} INFO - Setting next_dagrun for example_xcom to 2021-01-01 00:00:00+00:00, run_after=2021-01-01 00:00:00+00:00
[2026-07-02T16:39:16.500+0000] {processor.py:183} INFO - Processing /usr/local/python/3.12.1/lib/python3.12/site-packages/airflow/example_dags/example_xcom.py took 0.063 seconds
[2026-07-02T16:40:01.850+0000] {processor.py:161} INFO - Started process (PID=140722) to work on /usr/local/python/3.12.1/lib/python3.12/site-packages/airflow/example_dags/example_xcom.py
[2026-07-02T16:40:01.851+0000] {processor.py:830} INFO - Processing file /usr/local/python/3.12.1/lib/python3.12/site-packages/airflow/example_dags/example_xcom.py for tasks to queue
[2026-07-02T16:40:01.853+0000] {logging_mixin.py:188} INFO - [2026-07-02T16:40:01.853+0000] {dagbag.py:545} INFO - Filling up the DagBag from /usr/local/python/3.12.1/lib/python3.12/site-packages/airflow/example_dags/example_xcom.py
[2026-07-02T16:40:01.863+0000] {processor.py:840} INFO - DAG(s) 'example_xcom' retrieved from /usr/local/python/3.12.1/lib/python3.12/site-packages/airflow/example_dags/example_xcom.py
[2026-07-02T16:40:01.884+0000] {logging_mixin.py:188} INFO - [2026-07-02T16:40:01.884+0000] {dag.py:3089} INFO - Sync 1 DAGs
[2026-07-02T16:40:01.908+0000] {logging_mixin.py:188} INFO - [2026-07-02T16:40:01.908+0000] {dag.py:3947} INFO - Setting next_dagrun for example_xcom to 2021-01-01 00:00:00+00:00, run_after=2021-01-01 00:00:00+00:00
[2026-07-02T16:40:01.952+0000] {processor.py:183} INFO - Processing /usr/local/python/3.12.1/lib/python3.12/site-packages/airflow/example_dags/example_xcom.py took 0.109 seconds
[2026-07-02T16:40:56.145+0000] {processor.py:161} INFO - Started process (PID=141555) to work on /usr/local/python/3.12.1/lib/python3.12/site-packages/airflow/example_dags/example_xcom.py
[2026-07-02T16:40:56.146+0000] {processor.py:830} INFO - Processing file /usr/local/python/3.12.1/lib/python3.12/site-packages/airflow/example_dags/example_xcom.py for tasks to queue
[2026-07-02T16:40:56.147+0000] {logging_mixin.py:188} INFO - [2026-07-02T16:40:56.147+0000] {dagbag.py:545} INFO - Filling up the DagBag from /usr/local/python/3.12.1/lib/python3.12/site-packages/airflow/example_dags/example_xcom.py
[2026-07-02T16:40:56.153+0000] {processor.py:840} INFO - DAG(s) 'example_xcom' retrieved from /usr/local/python/3.12.1/lib/python3.12/site-packages/airflow/example_dags/example_xcom.py
[2026-07-02T16:40:56.167+0000] {logging_mixin.py:188} INFO - [2026-07-02T16:40:56.166+0000] {dag.py:3089} INFO - Sync 1 DAGs
[2026-07-02T16:40:56.184+0000] {logging_mixin.py:188} INFO - [2026-07-02T16:40:56.184+0000] {dag.py:3947} INFO - Setting next_dagrun for example_xcom to 2021-01-01 00:00:00+00:00, run_after=2021-01-01 00:00:00+00:00
[2026-07-02T16:40:56.204+0000] {processor.py:183} INFO - Processing /usr/local/python/3.12.1/lib/python3.12/site-packages/airflow/example_dags/example_xcom.py took 0.063 seconds
[2026-07-02T16:41:53.219+0000] {processor.py:161} INFO - Started process (PID=142498) to work on /usr/local/python/3.12.1/lib/python3.12/site-packages/airflow/example_dags/example_xcom.py
[2026-07-02T16:41:53.242+0000] {processor.py:830} INFO - Processing file /usr/local/python/3.12.1/lib/python3.12/site-packages/airflow/example_dags/example_xcom.py for tasks to queue
[2026-07-02T16:41:53.248+0000] {logging_mixin.py:188} INFO - [2026-07-02T16:41:53.246+0000] {dagbag.py:545} INFO - Filling up the DagBag from /usr/local/python/3.12.1/lib/python3.12/site-packages/airflow/example_dags/example_xcom.py
[2026-07-02T16:41:53.288+0000] {processor.py:840} INFO - DAG(s) 'example_xcom' retrieved from /usr/local/python/3.12.1/lib/python3.12/site-packages/airflow/example_dags/example_xcom.py
[2026-07-02T16:41:53.388+0000] {logging_mixin.py:188} INFO - [2026-07-02T16:41:53.388+0000] {dag.py:3089} INFO - Sync 1 DAGs
[2026-07-02T16:41:53.495+0000] {logging_mixin.py:188} INFO - [2026-07-02T16:41:53.495+0000] {dag.py:3947} INFO - Setting next_dagrun for example_xcom to 2021-01-01 00:00:00+00:00, run_after=2021-01-01 00:00:00+00:00
[2026-07-02T16:41:53.700+0000] {processor.py:183} INFO - Processing /usr/local/python/3.12.1/lib/python3.12/site-packages/airflow/example_dags/example_xcom.py took 0.512 seconds
[2026-07-02T16:42:47.548+0000] {processor.py:161} INFO - Started process (PID=143274) to work on /usr/local/python/3.12.1/lib/python3.12/site-packages/airflow/example_dags/example_xcom.py
[2026-07-02T16:42:47.553+0000] {processor.py:830} INFO - Processing file /usr/local/python/3.12.1/lib/python3.12/site-packages/airflow/example_dags/example_xcom.py for tasks to queue
[2026-07-02T16:42:47.555+0000] {logging_mixin.py:188} INFO - [2026-07-02T16:42:47.555+0000] {dagbag.py:545} INFO - Filling up the DagBag from /usr/local/python/3.12.1/lib/python3.12/site-packages/airflow/example_dags/example_xcom.py
[2026-07-02T16:42:47.565+0000] {processor.py:840} INFO - DAG(s) 'example_xcom' retrieved from /usr/local/python/3.12.1/lib/python3.12/site-packages/airflow/example_dags/example_xcom.py
[2026-07-02T16:42:47.584+0000] {logging_mixin.py:188} INFO - [2026-07-02T16:42:47.584+0000] {dag.py:3089} INFO - Sync 1 DAGs
[2026-07-02T16:42:47.612+0000] {logging_mixin.py:188} INFO - [2026-07-02T16:42:47.611+0000] {dag.py:3947} INFO - Setting next_dagrun for example_xcom to 2021-01-01 00:00:00+00:00, run_after=2021-01-01 00:00:00+00:00
[2026-07-02T16:42:47.658+0000] {processor.py:183} INFO - Processing /usr/local/python/3.12.1/lib/python3.12/site-packages/airflow/example_dags/example_xcom.py took 0.117 seconds
[2026-07-02T16:43:51.390+0000] {processor.py:161} INFO - Started process (PID=144268) to work on /usr/local/python/3.12.1/lib/python3.12/site-packages/airflow/example_dags/example_xcom.py
[2026-07-02T16:43:51.396+0000] {processor.py:830} INFO - Processing file /usr/local/python/3.12.1/lib/python3.12/site-packages/airflow/example_dags/example_xcom.py for tasks to queue
[2026-07-02T16:43:51.398+0000] {logging_mixin.py:188} INFO - [2026-07-02T16:43:51.398+0000] {dagbag.py:545} INFO - Filling up the DagBag from /usr/local/python/3.12.1/lib/python3.12/site-packages/airflow/example_dags/example_xcom.py
[2026-07-02T16:43:51.417+0000] {processor.py:840} INFO - DAG(s) 'example_xcom' retrieved from /usr/local/python/3.12.1/lib/python3.12/site-packages/airflow/example_dags/example_xcom.py
[2026-07-02T16:43:51.451+0000] {logging_mixin.py:188} INFO - [2026-07-02T16:43:51.450+0000] {dag.py:3089} INFO - Sync 1 DAGs
[2026-07-02T16:43:51.524+0000] {logging_mixin.py:188} INFO - [2026-07-02T16:43:51.523+0000] {dag.py:3947} INFO - Setting next_dagrun for example_xcom to 2021-01-01 00:00:00+00:00, run_after=2021-01-01 00:00:00+00:00
[2026-07-02T16:43:51.897+0000] {processor.py:183} INFO - Processing /usr/local/python/3.12.1/lib/python3.12/site-packages/airflow/example_dags/example_xcom.py took 0.520 seconds
[2026-07-02T16:44:54.312+0000] {processor.py:161} INFO - Started process (PID=146516) to work on /usr/local/python/3.12.1/lib/python3.12/site-packages/airflow/example_dags/example_xcom.py
[2026-07-02T16:44:54.317+0000] {processor.py:830} INFO - Processing file /usr/local/python/3.12.1/lib/python3.12/site-packages/airflow/example_dags/example_xcom.py for tasks to queue
[2026-07-02T16:44:54.325+0000] {logging_mixin.py:188} INFO - [2026-07-02T16:44:54.325+0000] {dagbag.py:545} INFO - Filling up the DagBag from /usr/local/python/3.12.1/lib/python3.12/site-packages/airflow/example_dags/example_xcom.py
[2026-07-02T16:44:54.353+0000] {processor.py:840} INFO - DAG(s) 'example_xcom' retrieved from /usr/local/python/3.12.1/lib/python3.12/site-packages/airflow/example_dags/example_xcom.py
[2026-07-02T16:44:54.406+0000] {logging_mixin.py:188} INFO - [2026-07-02T16:44:54.404+0000] {dag.py:3089} INFO - Sync 1 DAGs
[2026-07-02T16:44:54.496+0000] {logging_mixin.py:188} INFO - [2026-07-02T16:44:54.495+0000] {dag.py:3947} INFO - Setting next_dagrun for example_xcom to 2021-01-01 00:00:00+00:00, run_after=2021-01-01 00:00:00+00:00
[2026-07-02T16:44:54.551+0000] {processor.py:183} INFO - Processing /usr/local/python/3.12.1/lib/python3.12/site-packages/airflow/example_dags/example_xcom.py took 0.255 seconds
[2026-07-02T16:46:02.612+0000] {processor.py:161} INFO - Started process (PID=149040) to work on /usr/local/python/3.12.1/lib/python3.12/site-packages/airflow/example_dags/example_xcom.py
[2026-07-02T16:46:02.726+0000] {processor.py:830} INFO - Processing file /usr/local/python/3.12.1/lib/python3.12/site-packages/airflow/example_dags/example_xcom.py for tasks to queue
[2026-07-02T16:46:02.728+0000] {logging_mixin.py:188} INFO - [2026-07-02T16:46:02.728+0000] {dagbag.py:545} INFO - Filling up the DagBag from /usr/local/python/3.12.1/lib/python3.12/site-packages/airflow/example_dags/example_xcom.py
[2026-07-02T16:46:02.749+0000] {processor.py:840} INFO - DAG(s) 'example_xcom' retrieved from /usr/local/python/3.12.1/lib/python3.12/site-packages/airflow/example_dags/example_xcom.py
[2026-07-02T16:46:02.783+0000] {logging_mixin.py:188} INFO - [2026-07-02T16:46:02.781+0000] {dag.py:3089} INFO - Sync 1 DAGs
[2026-07-02T16:46:02.817+0000] {logging_mixin.py:188} INFO - [2026-07-02T16:46:02.817+0000] {dag.py:3947} INFO - Setting next_dagrun for example_xcom to 2021-01-01 00:00:00+00:00, run_after=2021-01-01 00:00:00+00:00
[2026-07-02T16:46:02.875+0000] {processor.py:183} INFO - Processing /usr/local/python/3.12.1/lib/python3.12/site-packages/airflow/example_dags/example_xcom.py took 0.273 seconds
[2026-07-02T16:46:58.584+0000] {processor.py:161} INFO - Started process (PID=151070) to work on /usr/local/python/3.12.1/lib/python3.12/site-packages/airflow/example_dags/example_xcom.py
[2026-07-02T16:46:58.586+0000] {processor.py:830} INFO - Processing file /usr/local/python/3.12.1/lib/python3.12/site-packages/airflow/example_dags/example_xcom.py for tasks to queue
[2026-07-02T16:46:58.590+0000] {logging_mixin.py:188} INFO - [2026-07-02T16:46:58.590+0000] {dagbag.py:545} INFO - Filling up the DagBag from /usr/local/python/3.12.1/lib/python3.12/site-packages/airflow/example_dags/example_xcom.py
[2026-07-02T16:46:58.613+0000] {processor.py:840} INFO - DAG(s) 'example_xcom' retrieved from /usr/local/python/3.12.1/lib/python3.12/site-packages/airflow/example_dags/example_xcom.py
[2026-07-02T16:46:58.652+0000] {logging_mixin.py:188} INFO - [2026-07-02T16:46:58.651+0000] {dag.py:3089} INFO - Sync 1 DAGs
[2026-07-02T16:46:58.702+0000] {logging_mixin.py:188} INFO - [2026-07-02T16:46:58.701+0000] {dag.py:3947} INFO - Setting next_dagrun for example_xcom to 2021-01-01 00:00:00+00:00, run_after=2021-01-01 00:00:00+00:00
[2026-07-02T16:46:58.734+0000] {processor.py:183} INFO - Processing /usr/local/python/3.12.1/lib/python3.12/site-packages/airflow/example_dags/example_xcom.py took 0.163 seconds
