[2026-07-02T16:24:03.108+0000] {processor.py:161} INFO - Started process (PID=117394) to work on /usr/local/python/3.12.1/lib/python3.12/site-packages/airflow/example_dags/tutorial_taskflow_api_virtualenv.py
[2026-07-02T16:24:03.109+0000] {processor.py:830} INFO - Processing file /usr/local/python/3.12.1/lib/python3.12/site-packages/airflow/example_dags/tutorial_taskflow_api_virtualenv.py for tasks to queue
[2026-07-02T16:24:03.110+0000] {logging_mixin.py:188} INFO - [2026-07-02T16:24:03.110+0000] {dagbag.py:545} INFO - Filling up the DagBag from /usr/local/python/3.12.1/lib/python3.12/site-packages/airflow/example_dags/tutorial_taskflow_api_virtualenv.py
[2026-07-02T16:24:03.122+0000] {processor.py:840} INFO - DAG(s) 'tutorial_taskflow_api_virtualenv' retrieved from /usr/local/python/3.12.1/lib/python3.12/site-packages/airflow/example_dags/tutorial_taskflow_api_virtualenv.py
[2026-07-02T16:24:03.217+0000] {logging_mixin.py:188} INFO - [2026-07-02T16:24:03.216+0000] {override.py:1858} INFO - Created Permission View: can delete on DAG:tutorial_taskflow_api_virtualenv
[2026-07-02T16:24:03.225+0000] {logging_mixin.py:188} INFO - [2026-07-02T16:24:03.225+0000] {override.py:1858} INFO - Created Permission View: can read on DAG:tutorial_taskflow_api_virtualenv
[2026-07-02T16:24:03.232+0000] {logging_mixin.py:188} INFO - [2026-07-02T16:24:03.231+0000] {override.py:1858} INFO - Created Permission View: can edit on DAG:tutorial_taskflow_api_virtualenv
[2026-07-02T16:24:03.232+0000] {logging_mixin.py:188} INFO - [2026-07-02T16:24:03.232+0000] {dag.py:3089} INFO - Sync 1 DAGs
[2026-07-02T16:24:03.240+0000] {logging_mixin.py:188} INFO - [2026-07-02T16:24:03.240+0000] {dag.py:3111} INFO - Creating ORM DAG for tutorial_taskflow_api_virtualenv
[2026-07-02T16:24:03.241+0000] {logging_mixin.py:188} INFO - [2026-07-02T16:24:03.241+0000] {dag.py:3947} INFO - Setting next_dagrun for tutorial_taskflow_api_virtualenv to None, run_after=None
[2026-07-02T16:24:03.259+0000] {processor.py:183} INFO - Processing /usr/local/python/3.12.1/lib/python3.12/site-packages/airflow/example_dags/tutorial_taskflow_api_virtualenv.py took 0.155 seconds
[2026-07-02T16:25:00.989+0000] {processor.py:161} INFO - Started process (PID=118220) to work on /usr/local/python/3.12.1/lib/python3.12/site-packages/airflow/example_dags/tutorial_taskflow_api_virtualenv.py
[2026-07-02T16:25:00.990+0000] {processor.py:830} INFO - Processing file /usr/local/python/3.12.1/lib/python3.12/site-packages/airflow/example_dags/tutorial_taskflow_api_virtualenv.py for tasks to queue
[2026-07-02T16:25:00.992+0000] {logging_mixin.py:188} INFO - [2026-07-02T16:25:00.991+0000] {dagbag.py:545} INFO - Filling up the DagBag from /usr/local/python/3.12.1/lib/python3.12/site-packages/airflow/example_dags/tutorial_taskflow_api_virtualenv.py
[2026-07-02T16:25:01.001+0000] {processor.py:840} INFO - DAG(s) 'tutorial_taskflow_api_virtualenv' retrieved from /usr/local/python/3.12.1/lib/python3.12/site-packages/airflow/example_dags/tutorial_taskflow_api_virtualenv.py
[2026-07-02T16:25:01.015+0000] {logging_mixin.py:188} INFO - [2026-07-02T16:25:01.014+0000] {dag.py:3089} INFO - Sync 1 DAGs
[2026-07-02T16:25:01.024+0000] {logging_mixin.py:188} INFO - [2026-07-02T16:25:01.024+0000] {dag.py:3947} INFO - Setting next_dagrun for tutorial_taskflow_api_virtualenv to None, run_after=None
[2026-07-02T16:25:01.043+0000] {processor.py:183} INFO - Processing /usr/local/python/3.12.1/lib/python3.12/site-packages/airflow/example_dags/tutorial_taskflow_api_virtualenv.py took 0.058 seconds
[2026-07-02T16:25:46.269+0000] {processor.py:161} INFO - Started process (PID=120014) to work on /usr/local/python/3.12.1/lib/python3.12/site-packages/airflow/example_dags/tutorial_taskflow_api_virtualenv.py
[2026-07-02T16:25:46.270+0000] {processor.py:830} INFO - Processing file /usr/local/python/3.12.1/lib/python3.12/site-packages/airflow/example_dags/tutorial_taskflow_api_virtualenv.py for tasks to queue
[2026-07-02T16:25:46.272+0000] {logging_mixin.py:188} INFO - [2026-07-02T16:25:46.271+0000] {dagbag.py:545} INFO - Filling up the DagBag from /usr/local/python/3.12.1/lib/python3.12/site-packages/airflow/example_dags/tutorial_taskflow_api_virtualenv.py
[2026-07-02T16:25:46.299+0000] {processor.py:840} INFO - DAG(s) 'tutorial_taskflow_api_virtualenv' retrieved from /usr/local/python/3.12.1/lib/python3.12/site-packages/airflow/example_dags/tutorial_taskflow_api_virtualenv.py
[2026-07-02T16:25:46.320+0000] {logging_mixin.py:188} INFO - [2026-07-02T16:25:46.319+0000] {dag.py:3089} INFO - Sync 1 DAGs
[2026-07-02T16:25:46.338+0000] {logging_mixin.py:188} INFO - [2026-07-02T16:25:46.337+0000] {dag.py:3947} INFO - Setting next_dagrun for tutorial_taskflow_api_virtualenv to None, run_after=None
[2026-07-02T16:25:46.365+0000] {processor.py:183} INFO - Processing /usr/local/python/3.12.1/lib/python3.12/site-packages/airflow/example_dags/tutorial_taskflow_api_virtualenv.py took 0.102 seconds
[2026-07-02T16:26:38.168+0000] {processor.py:161} INFO - Started process (PID=126445) to work on /usr/local/python/3.12.1/lib/python3.12/site-packages/airflow/example_dags/tutorial_taskflow_api_virtualenv.py
[2026-07-02T16:26:38.172+0000] {processor.py:830} INFO - Processing file /usr/local/python/3.12.1/lib/python3.12/site-packages/airflow/example_dags/tutorial_taskflow_api_virtualenv.py for tasks to queue
[2026-07-02T16:26:38.174+0000] {logging_mixin.py:188} INFO - [2026-07-02T16:26:38.173+0000] {dagbag.py:545} INFO - Filling up the DagBag from /usr/local/python/3.12.1/lib/python3.12/site-packages/airflow/example_dags/tutorial_taskflow_api_virtualenv.py
[2026-07-02T16:26:38.188+0000] {processor.py:840} INFO - DAG(s) 'tutorial_taskflow_api_virtualenv' retrieved from /usr/local/python/3.12.1/lib/python3.12/site-packages/airflow/example_dags/tutorial_taskflow_api_virtualenv.py
[2026-07-02T16:26:38.209+0000] {logging_mixin.py:188} INFO - [2026-07-02T16:26:38.209+0000] {dag.py:3089} INFO - Sync 1 DAGs
[2026-07-02T16:26:38.222+0000] {logging_mixin.py:188} INFO - [2026-07-02T16:26:38.222+0000] {dag.py:3947} INFO - Setting next_dagrun for tutorial_taskflow_api_virtualenv to None, run_after=None
[2026-07-02T16:26:38.258+0000] {processor.py:183} INFO - Processing /usr/local/python/3.12.1/lib/python3.12/site-packages/airflow/example_dags/tutorial_taskflow_api_virtualenv.py took 0.094 seconds
[2026-07-02T16:27:53.505+0000] {processor.py:161} INFO - Started process (PID=128623) to work on /usr/local/python/3.12.1/lib/python3.12/site-packages/airflow/example_dags/tutorial_taskflow_api_virtualenv.py
[2026-07-02T16:27:53.508+0000] {processor.py:830} INFO - Processing file /usr/local/python/3.12.1/lib/python3.12/site-packages/airflow/example_dags/tutorial_taskflow_api_virtualenv.py for tasks to queue
[2026-07-02T16:27:53.512+0000] {logging_mixin.py:188} INFO - [2026-07-02T16:27:53.511+0000] {dagbag.py:545} INFO - Filling up the DagBag from /usr/local/python/3.12.1/lib/python3.12/site-packages/airflow/example_dags/tutorial_taskflow_api_virtualenv.py
[2026-07-02T16:27:53.562+0000] {processor.py:840} INFO - DAG(s) 'tutorial_taskflow_api_virtualenv' retrieved from /usr/local/python/3.12.1/lib/python3.12/site-packages/airflow/example_dags/tutorial_taskflow_api_virtualenv.py
[2026-07-02T16:27:53.628+0000] {logging_mixin.py:188} INFO - [2026-07-02T16:27:53.628+0000] {dag.py:3089} INFO - Sync 1 DAGs
[2026-07-02T16:27:53.668+0000] {logging_mixin.py:188} INFO - [2026-07-02T16:27:53.668+0000] {dag.py:3947} INFO - Setting next_dagrun for tutorial_taskflow_api_virtualenv to None, run_after=None
[2026-07-02T16:27:53.739+0000] {processor.py:183} INFO - Processing /usr/local/python/3.12.1/lib/python3.12/site-packages/airflow/example_dags/tutorial_taskflow_api_virtualenv.py took 0.256 seconds
[2026-07-02T16:28:50.327+0000] {processor.py:161} INFO - Started process (PID=129469) to work on /usr/local/python/3.12.1/lib/python3.12/site-packages/airflow/example_dags/tutorial_taskflow_api_virtualenv.py
[2026-07-02T16:28:50.331+0000] {processor.py:830} INFO - Processing file /usr/local/python/3.12.1/lib/python3.12/site-packages/airflow/example_dags/tutorial_taskflow_api_virtualenv.py for tasks to queue
[2026-07-02T16:28:50.333+0000] {logging_mixin.py:188} INFO - [2026-07-02T16:28:50.333+0000] {dagbag.py:545} INFO - Filling up the DagBag from /usr/local/python/3.12.1/lib/python3.12/site-packages/airflow/example_dags/tutorial_taskflow_api_virtualenv.py
[2026-07-02T16:28:50.427+0000] {processor.py:840} INFO - DAG(s) 'tutorial_taskflow_api_virtualenv' retrieved from /usr/local/python/3.12.1/lib/python3.12/site-packages/airflow/example_dags/tutorial_taskflow_api_virtualenv.py
[2026-07-02T16:28:50.471+0000] {logging_mixin.py:188} INFO - [2026-07-02T16:28:50.471+0000] {dag.py:3089} INFO - Sync 1 DAGs
[2026-07-02T16:28:50.506+0000] {logging_mixin.py:188} INFO - [2026-07-02T16:28:50.506+0000] {dag.py:3947} INFO - Setting next_dagrun for tutorial_taskflow_api_virtualenv to None, run_after=None
[2026-07-02T16:28:50.729+0000] {processor.py:183} INFO - Processing /usr/local/python/3.12.1/lib/python3.12/site-packages/airflow/example_dags/tutorial_taskflow_api_virtualenv.py took 0.409 seconds
[2026-07-02T16:29:51.986+0000] {processor.py:161} INFO - Started process (PID=130135) to work on /usr/local/python/3.12.1/lib/python3.12/site-packages/airflow/example_dags/tutorial_taskflow_api_virtualenv.py
[2026-07-02T16:29:52.051+0000] {processor.py:830} INFO - Processing file /usr/local/python/3.12.1/lib/python3.12/site-packages/airflow/example_dags/tutorial_taskflow_api_virtualenv.py for tasks to queue
[2026-07-02T16:29:52.056+0000] {logging_mixin.py:188} INFO - [2026-07-02T16:29:52.053+0000] {dagbag.py:545} INFO - Filling up the DagBag from /usr/local/python/3.12.1/lib/python3.12/site-packages/airflow/example_dags/tutorial_taskflow_api_virtualenv.py
[2026-07-02T16:29:52.143+0000] {processor.py:840} INFO - DAG(s) 'tutorial_taskflow_api_virtualenv' retrieved from /usr/local/python/3.12.1/lib/python3.12/site-packages/airflow/example_dags/tutorial_taskflow_api_virtualenv.py
[2026-07-02T16:29:52.196+0000] {logging_mixin.py:188} INFO - [2026-07-02T16:29:52.194+0000] {dag.py:3089} INFO - Sync 1 DAGs
[2026-07-02T16:29:52.268+0000] {logging_mixin.py:188} INFO - [2026-07-02T16:29:52.268+0000] {dag.py:3947} INFO - Setting next_dagrun for tutorial_taskflow_api_virtualenv to None, run_after=None
[2026-07-02T16:29:52.408+0000] {processor.py:183} INFO - Processing /usr/local/python/3.12.1/lib/python3.12/site-packages/airflow/example_dags/tutorial_taskflow_api_virtualenv.py took 0.427 seconds
[2026-07-02T16:30:46.984+0000] {processor.py:161} INFO - Started process (PID=130759) to work on /usr/local/python/3.12.1/lib/python3.12/site-packages/airflow/example_dags/tutorial_taskflow_api_virtualenv.py
[2026-07-02T16:30:46.987+0000] {processor.py:830} INFO - Processing file /usr/local/python/3.12.1/lib/python3.12/site-packages/airflow/example_dags/tutorial_taskflow_api_virtualenv.py for tasks to queue
[2026-07-02T16:30:46.993+0000] {logging_mixin.py:188} INFO - [2026-07-02T16:30:46.991+0000] {dagbag.py:545} INFO - Filling up the DagBag from /usr/local/python/3.12.1/lib/python3.12/site-packages/airflow/example_dags/tutorial_taskflow_api_virtualenv.py
[2026-07-02T16:30:47.026+0000] {processor.py:840} INFO - DAG(s) 'tutorial_taskflow_api_virtualenv' retrieved from /usr/local/python/3.12.1/lib/python3.12/site-packages/airflow/example_dags/tutorial_taskflow_api_virtualenv.py
[2026-07-02T16:30:47.055+0000] {logging_mixin.py:188} INFO - [2026-07-02T16:30:47.054+0000] {dag.py:3089} INFO - Sync 1 DAGs
[2026-07-02T16:30:47.082+0000] {logging_mixin.py:188} INFO - [2026-07-02T16:30:47.082+0000] {dag.py:3947} INFO - Setting next_dagrun for tutorial_taskflow_api_virtualenv to None, run_after=None
[2026-07-02T16:30:47.142+0000] {processor.py:183} INFO - Processing /usr/local/python/3.12.1/lib/python3.12/site-packages/airflow/example_dags/tutorial_taskflow_api_virtualenv.py took 0.177 seconds
[2026-07-02T16:31:35.234+0000] {processor.py:161} INFO - Started process (PID=131281) to work on /usr/local/python/3.12.1/lib/python3.12/site-packages/airflow/example_dags/tutorial_taskflow_api_virtualenv.py
[2026-07-02T16:31:35.235+0000] {processor.py:830} INFO - Processing file /usr/local/python/3.12.1/lib/python3.12/site-packages/airflow/example_dags/tutorial_taskflow_api_virtualenv.py for tasks to queue
[2026-07-02T16:31:35.238+0000] {logging_mixin.py:188} INFO - [2026-07-02T16:31:35.237+0000] {dagbag.py:545} INFO - Filling up the DagBag from /usr/local/python/3.12.1/lib/python3.12/site-packages/airflow/example_dags/tutorial_taskflow_api_virtualenv.py
[2026-07-02T16:31:35.250+0000] {processor.py:840} INFO - DAG(s) 'tutorial_taskflow_api_virtualenv' retrieved from /usr/local/python/3.12.1/lib/python3.12/site-packages/airflow/example_dags/tutorial_taskflow_api_virtualenv.py
[2026-07-02T16:31:35.268+0000] {logging_mixin.py:188} INFO - [2026-07-02T16:31:35.268+0000] {dag.py:3089} INFO - Sync 1 DAGs
[2026-07-02T16:31:35.284+0000] {logging_mixin.py:188} INFO - [2026-07-02T16:31:35.284+0000] {dag.py:3947} INFO - Setting next_dagrun for tutorial_taskflow_api_virtualenv to None, run_after=None
[2026-07-02T16:31:35.329+0000] {processor.py:183} INFO - Processing /usr/local/python/3.12.1/lib/python3.12/site-packages/airflow/example_dags/tutorial_taskflow_api_virtualenv.py took 0.102 seconds
[2026-07-02T16:32:25.658+0000] {processor.py:161} INFO - Started process (PID=133020) to work on /usr/local/python/3.12.1/lib/python3.12/site-packages/airflow/example_dags/tutorial_taskflow_api_virtualenv.py
[2026-07-02T16:32:25.659+0000] {processor.py:830} INFO - Processing file /usr/local/python/3.12.1/lib/python3.12/site-packages/airflow/example_dags/tutorial_taskflow_api_virtualenv.py for tasks to queue
[2026-07-02T16:32:25.661+0000] {logging_mixin.py:188} INFO - [2026-07-02T16:32:25.660+0000] {dagbag.py:545} INFO - Filling up the DagBag from /usr/local/python/3.12.1/lib/python3.12/site-packages/airflow/example_dags/tutorial_taskflow_api_virtualenv.py
[2026-07-02T16:32:25.670+0000] {processor.py:840} INFO - DAG(s) 'tutorial_taskflow_api_virtualenv' retrieved from /usr/local/python/3.12.1/lib/python3.12/site-packages/airflow/example_dags/tutorial_taskflow_api_virtualenv.py
[2026-07-02T16:32:25.689+0000] {logging_mixin.py:188} INFO - [2026-07-02T16:32:25.689+0000] {dag.py:3089} INFO - Sync 1 DAGs
[2026-07-02T16:32:25.704+0000] {logging_mixin.py:188} INFO - [2026-07-02T16:32:25.703+0000] {dag.py:3947} INFO - Setting next_dagrun for tutorial_taskflow_api_virtualenv to None, run_after=None
[2026-07-02T16:32:25.722+0000] {processor.py:183} INFO - Processing /usr/local/python/3.12.1/lib/python3.12/site-packages/airflow/example_dags/tutorial_taskflow_api_virtualenv.py took 0.068 seconds
[2026-07-02T16:33:15.842+0000] {processor.py:161} INFO - Started process (PID=133551) to work on /usr/local/python/3.12.1/lib/python3.12/site-packages/airflow/example_dags/tutorial_taskflow_api_virtualenv.py
[2026-07-02T16:33:15.843+0000] {processor.py:830} INFO - Processing file /usr/local/python/3.12.1/lib/python3.12/site-packages/airflow/example_dags/tutorial_taskflow_api_virtualenv.py for tasks to queue
[2026-07-02T16:33:15.845+0000] {logging_mixin.py:188} INFO - [2026-07-02T16:33:15.844+0000] {dagbag.py:545} INFO - Filling up the DagBag from /usr/local/python/3.12.1/lib/python3.12/site-packages/airflow/example_dags/tutorial_taskflow_api_virtualenv.py
[2026-07-02T16:33:15.853+0000] {processor.py:840} INFO - DAG(s) 'tutorial_taskflow_api_virtualenv' retrieved from /usr/local/python/3.12.1/lib/python3.12/site-packages/airflow/example_dags/tutorial_taskflow_api_virtualenv.py
[2026-07-02T16:33:15.867+0000] {logging_mixin.py:188} INFO - [2026-07-02T16:33:15.867+0000] {dag.py:3089} INFO - Sync 1 DAGs
[2026-07-02T16:33:15.877+0000] {logging_mixin.py:188} INFO - [2026-07-02T16:33:15.877+0000] {dag.py:3947} INFO - Setting next_dagrun for tutorial_taskflow_api_virtualenv to None, run_after=None
[2026-07-02T16:33:15.898+0000] {processor.py:183} INFO - Processing /usr/local/python/3.12.1/lib/python3.12/site-packages/airflow/example_dags/tutorial_taskflow_api_virtualenv.py took 0.060 seconds
[2026-07-02T16:34:04.428+0000] {processor.py:161} INFO - Started process (PID=134178) to work on /usr/local/python/3.12.1/lib/python3.12/site-packages/airflow/example_dags/tutorial_taskflow_api_virtualenv.py
[2026-07-02T16:34:04.429+0000] {processor.py:830} INFO - Processing file /usr/local/python/3.12.1/lib/python3.12/site-packages/airflow/example_dags/tutorial_taskflow_api_virtualenv.py for tasks to queue
[2026-07-02T16:34:04.431+0000] {logging_mixin.py:188} INFO - [2026-07-02T16:34:04.430+0000] {dagbag.py:545} INFO - Filling up the DagBag from /usr/local/python/3.12.1/lib/python3.12/site-packages/airflow/example_dags/tutorial_taskflow_api_virtualenv.py
[2026-07-02T16:34:04.448+0000] {processor.py:840} INFO - DAG(s) 'tutorial_taskflow_api_virtualenv' retrieved from /usr/local/python/3.12.1/lib/python3.12/site-packages/airflow/example_dags/tutorial_taskflow_api_virtualenv.py
[2026-07-02T16:34:04.467+0000] {logging_mixin.py:188} INFO - [2026-07-02T16:34:04.467+0000] {dag.py:3089} INFO - Sync 1 DAGs
[2026-07-02T16:34:04.480+0000] {logging_mixin.py:188} INFO - [2026-07-02T16:34:04.480+0000] {dag.py:3947} INFO - Setting next_dagrun for tutorial_taskflow_api_virtualenv to None, run_after=None
[2026-07-02T16:34:04.521+0000] {processor.py:183} INFO - Processing /usr/local/python/3.12.1/lib/python3.12/site-packages/airflow/example_dags/tutorial_taskflow_api_virtualenv.py took 0.097 seconds
[2026-07-02T16:34:54.722+0000] {processor.py:161} INFO - Started process (PID=134825) to work on /usr/local/python/3.12.1/lib/python3.12/site-packages/airflow/example_dags/tutorial_taskflow_api_virtualenv.py
[2026-07-02T16:34:54.726+0000] {processor.py:830} INFO - Processing file /usr/local/python/3.12.1/lib/python3.12/site-packages/airflow/example_dags/tutorial_taskflow_api_virtualenv.py for tasks to queue
[2026-07-02T16:34:54.728+0000] {logging_mixin.py:188} INFO - [2026-07-02T16:34:54.728+0000] {dagbag.py:545} INFO - Filling up the DagBag from /usr/local/python/3.12.1/lib/python3.12/site-packages/airflow/example_dags/tutorial_taskflow_api_virtualenv.py
[2026-07-02T16:34:54.737+0000] {processor.py:840} INFO - DAG(s) 'tutorial_taskflow_api_virtualenv' retrieved from /usr/local/python/3.12.1/lib/python3.12/site-packages/airflow/example_dags/tutorial_taskflow_api_virtualenv.py
[2026-07-02T16:34:54.754+0000] {logging_mixin.py:188} INFO - [2026-07-02T16:34:54.754+0000] {dag.py:3089} INFO - Sync 1 DAGs
[2026-07-02T16:34:54.769+0000] {logging_mixin.py:188} INFO - [2026-07-02T16:34:54.768+0000] {dag.py:3947} INFO - Setting next_dagrun for tutorial_taskflow_api_virtualenv to None, run_after=None
[2026-07-02T16:34:54.793+0000] {processor.py:183} INFO - Processing /usr/local/python/3.12.1/lib/python3.12/site-packages/airflow/example_dags/tutorial_taskflow_api_virtualenv.py took 0.076 seconds
[2026-07-02T16:35:50.293+0000] {processor.py:161} INFO - Started process (PID=136285) to work on /usr/local/python/3.12.1/lib/python3.12/site-packages/airflow/example_dags/tutorial_taskflow_api_virtualenv.py
[2026-07-02T16:35:50.297+0000] {processor.py:830} INFO - Processing file /usr/local/python/3.12.1/lib/python3.12/site-packages/airflow/example_dags/tutorial_taskflow_api_virtualenv.py for tasks to queue
[2026-07-02T16:35:50.299+0000] {logging_mixin.py:188} INFO - [2026-07-02T16:35:50.299+0000] {dagbag.py:545} INFO - Filling up the DagBag from /usr/local/python/3.12.1/lib/python3.12/site-packages/airflow/example_dags/tutorial_taskflow_api_virtualenv.py
[2026-07-02T16:35:50.310+0000] {processor.py:840} INFO - DAG(s) 'tutorial_taskflow_api_virtualenv' retrieved from /usr/local/python/3.12.1/lib/python3.12/site-packages/airflow/example_dags/tutorial_taskflow_api_virtualenv.py
[2026-07-02T16:35:50.324+0000] {logging_mixin.py:188} INFO - [2026-07-02T16:35:50.323+0000] {dag.py:3089} INFO - Sync 1 DAGs
[2026-07-02T16:35:50.332+0000] {logging_mixin.py:188} INFO - [2026-07-02T16:35:50.332+0000] {dag.py:3947} INFO - Setting next_dagrun for tutorial_taskflow_api_virtualenv to None, run_after=None
[2026-07-02T16:35:50.350+0000] {processor.py:183} INFO - Processing /usr/local/python/3.12.1/lib/python3.12/site-packages/airflow/example_dags/tutorial_taskflow_api_virtualenv.py took 0.063 seconds
[2026-07-02T16:36:40.862+0000] {processor.py:161} INFO - Started process (PID=136943) to work on /usr/local/python/3.12.1/lib/python3.12/site-packages/airflow/example_dags/tutorial_taskflow_api_virtualenv.py
[2026-07-02T16:36:40.863+0000] {processor.py:830} INFO - Processing file /usr/local/python/3.12.1/lib/python3.12/site-packages/airflow/example_dags/tutorial_taskflow_api_virtualenv.py for tasks to queue
[2026-07-02T16:36:40.864+0000] {logging_mixin.py:188} INFO - [2026-07-02T16:36:40.864+0000] {dagbag.py:545} INFO - Filling up the DagBag from /usr/local/python/3.12.1/lib/python3.12/site-packages/airflow/example_dags/tutorial_taskflow_api_virtualenv.py
[2026-07-02T16:36:40.872+0000] {processor.py:840} INFO - DAG(s) 'tutorial_taskflow_api_virtualenv' retrieved from /usr/local/python/3.12.1/lib/python3.12/site-packages/airflow/example_dags/tutorial_taskflow_api_virtualenv.py
[2026-07-02T16:36:40.886+0000] {logging_mixin.py:188} INFO - [2026-07-02T16:36:40.886+0000] {dag.py:3089} INFO - Sync 1 DAGs
[2026-07-02T16:36:40.896+0000] {logging_mixin.py:188} INFO - [2026-07-02T16:36:40.895+0000] {dag.py:3947} INFO - Setting next_dagrun for tutorial_taskflow_api_virtualenv to None, run_after=None
[2026-07-02T16:36:40.918+0000] {processor.py:183} INFO - Processing /usr/local/python/3.12.1/lib/python3.12/site-packages/airflow/example_dags/tutorial_taskflow_api_virtualenv.py took 0.060 seconds
[2026-07-02T16:37:28.782+0000] {processor.py:161} INFO - Started process (PID=138280) to work on /usr/local/python/3.12.1/lib/python3.12/site-packages/airflow/example_dags/tutorial_taskflow_api_virtualenv.py
[2026-07-02T16:37:28.783+0000] {processor.py:830} INFO - Processing file /usr/local/python/3.12.1/lib/python3.12/site-packages/airflow/example_dags/tutorial_taskflow_api_virtualenv.py for tasks to queue
[2026-07-02T16:37:28.785+0000] {logging_mixin.py:188} INFO - [2026-07-02T16:37:28.785+0000] {dagbag.py:545} INFO - Filling up the DagBag from /usr/local/python/3.12.1/lib/python3.12/site-packages/airflow/example_dags/tutorial_taskflow_api_virtualenv.py
[2026-07-02T16:37:28.824+0000] {processor.py:840} INFO - DAG(s) 'tutorial_taskflow_api_virtualenv' retrieved from /usr/local/python/3.12.1/lib/python3.12/site-packages/airflow/example_dags/tutorial_taskflow_api_virtualenv.py
[2026-07-02T16:37:28.857+0000] {logging_mixin.py:188} INFO - [2026-07-02T16:37:28.856+0000] {dag.py:3089} INFO - Sync 1 DAGs
[2026-07-02T16:37:28.871+0000] {logging_mixin.py:188} INFO - [2026-07-02T16:37:28.871+0000] {dag.py:3947} INFO - Setting next_dagrun for tutorial_taskflow_api_virtualenv to None, run_after=None
[2026-07-02T16:37:28.907+0000] {processor.py:183} INFO - Processing /usr/local/python/3.12.1/lib/python3.12/site-packages/airflow/example_dags/tutorial_taskflow_api_virtualenv.py took 0.134 seconds
[2026-07-02T16:38:11.282+0000] {processor.py:161} INFO - Started process (PID=139202) to work on /usr/local/python/3.12.1/lib/python3.12/site-packages/airflow/example_dags/tutorial_taskflow_api_virtualenv.py
[2026-07-02T16:38:11.284+0000] {processor.py:830} INFO - Processing file /usr/local/python/3.12.1/lib/python3.12/site-packages/airflow/example_dags/tutorial_taskflow_api_virtualenv.py for tasks to queue
[2026-07-02T16:38:11.287+0000] {logging_mixin.py:188} INFO - [2026-07-02T16:38:11.286+0000] {dagbag.py:545} INFO - Filling up the DagBag from /usr/local/python/3.12.1/lib/python3.12/site-packages/airflow/example_dags/tutorial_taskflow_api_virtualenv.py
[2026-07-02T16:38:11.322+0000] {processor.py:840} INFO - DAG(s) 'tutorial_taskflow_api_virtualenv' retrieved from /usr/local/python/3.12.1/lib/python3.12/site-packages/airflow/example_dags/tutorial_taskflow_api_virtualenv.py
[2026-07-02T16:38:11.362+0000] {logging_mixin.py:188} INFO - [2026-07-02T16:38:11.361+0000] {dag.py:3089} INFO - Sync 1 DAGs
[2026-07-02T16:38:11.386+0000] {logging_mixin.py:188} INFO - [2026-07-02T16:38:11.386+0000] {dag.py:3947} INFO - Setting next_dagrun for tutorial_taskflow_api_virtualenv to None, run_after=None
[2026-07-02T16:38:11.439+0000] {processor.py:183} INFO - Processing /usr/local/python/3.12.1/lib/python3.12/site-packages/airflow/example_dags/tutorial_taskflow_api_virtualenv.py took 0.163 seconds
[2026-07-02T16:38:57.131+0000] {processor.py:161} INFO - Started process (PID=139841) to work on /usr/local/python/3.12.1/lib/python3.12/site-packages/airflow/example_dags/tutorial_taskflow_api_virtualenv.py
[2026-07-02T16:38:57.132+0000] {processor.py:830} INFO - Processing file /usr/local/python/3.12.1/lib/python3.12/site-packages/airflow/example_dags/tutorial_taskflow_api_virtualenv.py for tasks to queue
[2026-07-02T16:38:57.134+0000] {logging_mixin.py:188} INFO - [2026-07-02T16:38:57.133+0000] {dagbag.py:545} INFO - Filling up the DagBag from /usr/local/python/3.12.1/lib/python3.12/site-packages/airflow/example_dags/tutorial_taskflow_api_virtualenv.py
[2026-07-02T16:38:57.142+0000] {processor.py:840} INFO - DAG(s) 'tutorial_taskflow_api_virtualenv' retrieved from /usr/local/python/3.12.1/lib/python3.12/site-packages/airflow/example_dags/tutorial_taskflow_api_virtualenv.py
[2026-07-02T16:38:57.155+0000] {logging_mixin.py:188} INFO - [2026-07-02T16:38:57.154+0000] {dag.py:3089} INFO - Sync 1 DAGs
[2026-07-02T16:38:57.164+0000] {logging_mixin.py:188} INFO - [2026-07-02T16:38:57.163+0000] {dag.py:3947} INFO - Setting next_dagrun for tutorial_taskflow_api_virtualenv to None, run_after=None
[2026-07-02T16:38:57.181+0000] {processor.py:183} INFO - Processing /usr/local/python/3.12.1/lib/python3.12/site-packages/airflow/example_dags/tutorial_taskflow_api_virtualenv.py took 0.054 seconds
[2026-07-02T16:39:43.009+0000] {processor.py:161} INFO - Started process (PID=140463) to work on /usr/local/python/3.12.1/lib/python3.12/site-packages/airflow/example_dags/tutorial_taskflow_api_virtualenv.py
[2026-07-02T16:39:43.011+0000] {processor.py:830} INFO - Processing file /usr/local/python/3.12.1/lib/python3.12/site-packages/airflow/example_dags/tutorial_taskflow_api_virtualenv.py for tasks to queue
[2026-07-02T16:39:43.017+0000] {logging_mixin.py:188} INFO - [2026-07-02T16:39:43.015+0000] {dagbag.py:545} INFO - Filling up the DagBag from /usr/local/python/3.12.1/lib/python3.12/site-packages/airflow/example_dags/tutorial_taskflow_api_virtualenv.py
[2026-07-02T16:39:43.049+0000] {processor.py:840} INFO - DAG(s) 'tutorial_taskflow_api_virtualenv' retrieved from /usr/local/python/3.12.1/lib/python3.12/site-packages/airflow/example_dags/tutorial_taskflow_api_virtualenv.py
[2026-07-02T16:39:43.093+0000] {logging_mixin.py:188} INFO - [2026-07-02T16:39:43.092+0000] {dag.py:3089} INFO - Sync 1 DAGs
[2026-07-02T16:39:43.107+0000] {logging_mixin.py:188} INFO - [2026-07-02T16:39:43.106+0000] {dag.py:3947} INFO - Setting next_dagrun for tutorial_taskflow_api_virtualenv to None, run_after=None
[2026-07-02T16:39:43.142+0000] {processor.py:183} INFO - Processing /usr/local/python/3.12.1/lib/python3.12/site-packages/airflow/example_dags/tutorial_taskflow_api_virtualenv.py took 0.161 seconds
[2026-07-02T16:40:32.221+0000] {processor.py:161} INFO - Started process (PID=141218) to work on /usr/local/python/3.12.1/lib/python3.12/site-packages/airflow/example_dags/tutorial_taskflow_api_virtualenv.py
[2026-07-02T16:40:32.224+0000] {processor.py:830} INFO - Processing file /usr/local/python/3.12.1/lib/python3.12/site-packages/airflow/example_dags/tutorial_taskflow_api_virtualenv.py for tasks to queue
[2026-07-02T16:40:32.226+0000] {logging_mixin.py:188} INFO - [2026-07-02T16:40:32.225+0000] {dagbag.py:545} INFO - Filling up the DagBag from /usr/local/python/3.12.1/lib/python3.12/site-packages/airflow/example_dags/tutorial_taskflow_api_virtualenv.py
[2026-07-02T16:40:32.238+0000] {processor.py:840} INFO - DAG(s) 'tutorial_taskflow_api_virtualenv' retrieved from /usr/local/python/3.12.1/lib/python3.12/site-packages/airflow/example_dags/tutorial_taskflow_api_virtualenv.py
[2026-07-02T16:40:32.260+0000] {logging_mixin.py:188} INFO - [2026-07-02T16:40:32.260+0000] {dag.py:3089} INFO - Sync 1 DAGs
[2026-07-02T16:40:32.273+0000] {logging_mixin.py:188} INFO - [2026-07-02T16:40:32.273+0000] {dag.py:3947} INFO - Setting next_dagrun for tutorial_taskflow_api_virtualenv to None, run_after=None
[2026-07-02T16:40:32.335+0000] {processor.py:183} INFO - Processing /usr/local/python/3.12.1/lib/python3.12/site-packages/airflow/example_dags/tutorial_taskflow_api_virtualenv.py took 0.120 seconds
[2026-07-02T16:41:28.092+0000] {processor.py:161} INFO - Started process (PID=142078) to work on /usr/local/python/3.12.1/lib/python3.12/site-packages/airflow/example_dags/tutorial_taskflow_api_virtualenv.py
[2026-07-02T16:41:28.095+0000] {processor.py:830} INFO - Processing file /usr/local/python/3.12.1/lib/python3.12/site-packages/airflow/example_dags/tutorial_taskflow_api_virtualenv.py for tasks to queue
[2026-07-02T16:41:28.099+0000] {logging_mixin.py:188} INFO - [2026-07-02T16:41:28.098+0000] {dagbag.py:545} INFO - Filling up the DagBag from /usr/local/python/3.12.1/lib/python3.12/site-packages/airflow/example_dags/tutorial_taskflow_api_virtualenv.py
[2026-07-02T16:41:28.136+0000] {processor.py:840} INFO - DAG(s) 'tutorial_taskflow_api_virtualenv' retrieved from /usr/local/python/3.12.1/lib/python3.12/site-packages/airflow/example_dags/tutorial_taskflow_api_virtualenv.py
[2026-07-02T16:41:28.177+0000] {logging_mixin.py:188} INFO - [2026-07-02T16:41:28.177+0000] {dag.py:3089} INFO - Sync 1 DAGs
[2026-07-02T16:41:28.204+0000] {logging_mixin.py:188} INFO - [2026-07-02T16:41:28.203+0000] {dag.py:3947} INFO - Setting next_dagrun for tutorial_taskflow_api_virtualenv to None, run_after=None
[2026-07-02T16:41:28.372+0000] {processor.py:183} INFO - Processing /usr/local/python/3.12.1/lib/python3.12/site-packages/airflow/example_dags/tutorial_taskflow_api_virtualenv.py took 0.295 seconds
[2026-07-02T16:42:35.284+0000] {processor.py:161} INFO - Started process (PID=143061) to work on /usr/local/python/3.12.1/lib/python3.12/site-packages/airflow/example_dags/tutorial_taskflow_api_virtualenv.py
[2026-07-02T16:42:35.383+0000] {processor.py:830} INFO - Processing file /usr/local/python/3.12.1/lib/python3.12/site-packages/airflow/example_dags/tutorial_taskflow_api_virtualenv.py for tasks to queue
[2026-07-02T16:42:35.387+0000] {logging_mixin.py:188} INFO - [2026-07-02T16:42:35.385+0000] {dagbag.py:545} INFO - Filling up the DagBag from /usr/local/python/3.12.1/lib/python3.12/site-packages/airflow/example_dags/tutorial_taskflow_api_virtualenv.py
[2026-07-02T16:42:35.408+0000] {processor.py:840} INFO - DAG(s) 'tutorial_taskflow_api_virtualenv' retrieved from /usr/local/python/3.12.1/lib/python3.12/site-packages/airflow/example_dags/tutorial_taskflow_api_virtualenv.py
[2026-07-02T16:42:35.475+0000] {logging_mixin.py:188} INFO - [2026-07-02T16:42:35.475+0000] {dag.py:3089} INFO - Sync 1 DAGs
[2026-07-02T16:42:35.529+0000] {logging_mixin.py:188} INFO - [2026-07-02T16:42:35.528+0000] {dag.py:3947} INFO - Setting next_dagrun for tutorial_taskflow_api_virtualenv to None, run_after=None
[2026-07-02T16:42:35.699+0000] {processor.py:183} INFO - Processing /usr/local/python/3.12.1/lib/python3.12/site-packages/airflow/example_dags/tutorial_taskflow_api_virtualenv.py took 0.438 seconds
[2026-07-02T16:43:41.212+0000] {processor.py:161} INFO - Started process (PID=144100) to work on /usr/local/python/3.12.1/lib/python3.12/site-packages/airflow/example_dags/tutorial_taskflow_api_virtualenv.py
[2026-07-02T16:43:41.215+0000] {processor.py:830} INFO - Processing file /usr/local/python/3.12.1/lib/python3.12/site-packages/airflow/example_dags/tutorial_taskflow_api_virtualenv.py for tasks to queue
[2026-07-02T16:43:41.217+0000] {logging_mixin.py:188} INFO - [2026-07-02T16:43:41.216+0000] {dagbag.py:545} INFO - Filling up the DagBag from /usr/local/python/3.12.1/lib/python3.12/site-packages/airflow/example_dags/tutorial_taskflow_api_virtualenv.py
[2026-07-02T16:43:41.225+0000] {processor.py:840} INFO - DAG(s) 'tutorial_taskflow_api_virtualenv' retrieved from /usr/local/python/3.12.1/lib/python3.12/site-packages/airflow/example_dags/tutorial_taskflow_api_virtualenv.py
[2026-07-02T16:43:41.238+0000] {logging_mixin.py:188} INFO - [2026-07-02T16:43:41.238+0000] {dag.py:3089} INFO - Sync 1 DAGs
[2026-07-02T16:43:41.247+0000] {logging_mixin.py:188} INFO - [2026-07-02T16:43:41.247+0000] {dag.py:3947} INFO - Setting next_dagrun for tutorial_taskflow_api_virtualenv to None, run_after=None
[2026-07-02T16:43:41.263+0000] {processor.py:183} INFO - Processing /usr/local/python/3.12.1/lib/python3.12/site-packages/airflow/example_dags/tutorial_taskflow_api_virtualenv.py took 0.056 seconds
[2026-07-02T16:44:44.297+0000] {processor.py:161} INFO - Started process (PID=146353) to work on /usr/local/python/3.12.1/lib/python3.12/site-packages/airflow/example_dags/tutorial_taskflow_api_virtualenv.py
[2026-07-02T16:44:44.301+0000] {processor.py:830} INFO - Processing file /usr/local/python/3.12.1/lib/python3.12/site-packages/airflow/example_dags/tutorial_taskflow_api_virtualenv.py for tasks to queue
[2026-07-02T16:44:44.304+0000] {logging_mixin.py:188} INFO - [2026-07-02T16:44:44.303+0000] {dagbag.py:545} INFO - Filling up the DagBag from /usr/local/python/3.12.1/lib/python3.12/site-packages/airflow/example_dags/tutorial_taskflow_api_virtualenv.py
[2026-07-02T16:44:44.326+0000] {processor.py:840} INFO - DAG(s) 'tutorial_taskflow_api_virtualenv' retrieved from /usr/local/python/3.12.1/lib/python3.12/site-packages/airflow/example_dags/tutorial_taskflow_api_virtualenv.py
[2026-07-02T16:44:44.345+0000] {logging_mixin.py:188} INFO - [2026-07-02T16:44:44.345+0000] {dag.py:3089} INFO - Sync 1 DAGs
[2026-07-02T16:44:44.366+0000] {logging_mixin.py:188} INFO - [2026-07-02T16:44:44.365+0000] {dag.py:3947} INFO - Setting next_dagrun for tutorial_taskflow_api_virtualenv to None, run_after=None
[2026-07-02T16:44:44.401+0000] {processor.py:183} INFO - Processing /usr/local/python/3.12.1/lib/python3.12/site-packages/airflow/example_dags/tutorial_taskflow_api_virtualenv.py took 0.117 seconds
[2026-07-02T16:45:54.096+0000] {processor.py:161} INFO - Started process (PID=148862) to work on /usr/local/python/3.12.1/lib/python3.12/site-packages/airflow/example_dags/tutorial_taskflow_api_virtualenv.py
[2026-07-02T16:45:54.101+0000] {processor.py:830} INFO - Processing file /usr/local/python/3.12.1/lib/python3.12/site-packages/airflow/example_dags/tutorial_taskflow_api_virtualenv.py for tasks to queue
[2026-07-02T16:45:54.103+0000] {logging_mixin.py:188} INFO - [2026-07-02T16:45:54.103+0000] {dagbag.py:545} INFO - Filling up the DagBag from /usr/local/python/3.12.1/lib/python3.12/site-packages/airflow/example_dags/tutorial_taskflow_api_virtualenv.py
[2026-07-02T16:45:54.155+0000] {processor.py:840} INFO - DAG(s) 'tutorial_taskflow_api_virtualenv' retrieved from /usr/local/python/3.12.1/lib/python3.12/site-packages/airflow/example_dags/tutorial_taskflow_api_virtualenv.py
[2026-07-02T16:45:54.181+0000] {logging_mixin.py:188} INFO - [2026-07-02T16:45:54.181+0000] {dag.py:3089} INFO - Sync 1 DAGs
[2026-07-02T16:45:54.197+0000] {logging_mixin.py:188} INFO - [2026-07-02T16:45:54.197+0000] {dag.py:3947} INFO - Setting next_dagrun for tutorial_taskflow_api_virtualenv to None, run_after=None
[2026-07-02T16:45:54.235+0000] {processor.py:183} INFO - Processing /usr/local/python/3.12.1/lib/python3.12/site-packages/airflow/example_dags/tutorial_taskflow_api_virtualenv.py took 0.159 seconds
[2026-07-02T16:46:49.413+0000] {processor.py:161} INFO - Started process (PID=150930) to work on /usr/local/python/3.12.1/lib/python3.12/site-packages/airflow/example_dags/tutorial_taskflow_api_virtualenv.py
[2026-07-02T16:46:49.415+0000] {processor.py:830} INFO - Processing file /usr/local/python/3.12.1/lib/python3.12/site-packages/airflow/example_dags/tutorial_taskflow_api_virtualenv.py for tasks to queue
[2026-07-02T16:46:49.417+0000] {logging_mixin.py:188} INFO - [2026-07-02T16:46:49.416+0000] {dagbag.py:545} INFO - Filling up the DagBag from /usr/local/python/3.12.1/lib/python3.12/site-packages/airflow/example_dags/tutorial_taskflow_api_virtualenv.py
[2026-07-02T16:46:49.457+0000] {processor.py:840} INFO - DAG(s) 'tutorial_taskflow_api_virtualenv' retrieved from /usr/local/python/3.12.1/lib/python3.12/site-packages/airflow/example_dags/tutorial_taskflow_api_virtualenv.py
[2026-07-02T16:46:49.470+0000] {logging_mixin.py:188} INFO - [2026-07-02T16:46:49.470+0000] {dag.py:3089} INFO - Sync 1 DAGs
[2026-07-02T16:46:49.487+0000] {logging_mixin.py:188} INFO - [2026-07-02T16:46:49.486+0000] {dag.py:3947} INFO - Setting next_dagrun for tutorial_taskflow_api_virtualenv to None, run_after=None
[2026-07-02T16:46:49.509+0000] {processor.py:183} INFO - Processing /usr/local/python/3.12.1/lib/python3.12/site-packages/airflow/example_dags/tutorial_taskflow_api_virtualenv.py took 0.100 seconds
