[2026-07-02T16:24:04.338+0000] {processor.py:161} INFO - Started process (PID=117420) to work on /usr/local/python/3.12.1/lib/python3.12/site-packages/airflow/example_dags/tutorial.py
[2026-07-02T16:24:04.339+0000] {processor.py:830} INFO - Processing file /usr/local/python/3.12.1/lib/python3.12/site-packages/airflow/example_dags/tutorial.py for tasks to queue
[2026-07-02T16:24:04.340+0000] {logging_mixin.py:188} INFO - [2026-07-02T16:24:04.340+0000] {dagbag.py:545} INFO - Filling up the DagBag from /usr/local/python/3.12.1/lib/python3.12/site-packages/airflow/example_dags/tutorial.py
[2026-07-02T16:24:04.349+0000] {processor.py:840} INFO - DAG(s) 'tutorial' retrieved from /usr/local/python/3.12.1/lib/python3.12/site-packages/airflow/example_dags/tutorial.py
[2026-07-02T16:24:04.433+0000] {logging_mixin.py:188} INFO - [2026-07-02T16:24:04.432+0000] {override.py:1858} INFO - Created Permission View: can delete on DAG:tutorial
[2026-07-02T16:24:04.443+0000] {logging_mixin.py:188} INFO - [2026-07-02T16:24:04.442+0000] {override.py:1858} INFO - Created Permission View: can read on DAG:tutorial
[2026-07-02T16:24:04.449+0000] {logging_mixin.py:188} INFO - [2026-07-02T16:24:04.449+0000] {override.py:1858} INFO - Created Permission View: can edit on DAG:tutorial
[2026-07-02T16:24:04.450+0000] {logging_mixin.py:188} INFO - [2026-07-02T16:24:04.450+0000] {dag.py:3089} INFO - Sync 1 DAGs
[2026-07-02T16:24:04.461+0000] {logging_mixin.py:188} INFO - [2026-07-02T16:24:04.461+0000] {dag.py:3111} INFO - Creating ORM DAG for tutorial
[2026-07-02T16:24:04.472+0000] {logging_mixin.py:188} INFO - [2026-07-02T16:24:04.472+0000] {dag.py:3947} INFO - Setting next_dagrun for tutorial to 2026-07-01 00:00:00+00:00, run_after=2026-07-02 00:00:00+00:00
[2026-07-02T16:24:04.506+0000] {processor.py:183} INFO - Processing /usr/local/python/3.12.1/lib/python3.12/site-packages/airflow/example_dags/tutorial.py took 0.172 seconds
[2026-07-02T16:25:02.128+0000] {processor.py:161} INFO - Started process (PID=118270) to work on /usr/local/python/3.12.1/lib/python3.12/site-packages/airflow/example_dags/tutorial.py
[2026-07-02T16:25:02.129+0000] {processor.py:830} INFO - Processing file /usr/local/python/3.12.1/lib/python3.12/site-packages/airflow/example_dags/tutorial.py for tasks to queue
[2026-07-02T16:25:02.131+0000] {logging_mixin.py:188} INFO - [2026-07-02T16:25:02.131+0000] {dagbag.py:545} INFO - Filling up the DagBag from /usr/local/python/3.12.1/lib/python3.12/site-packages/airflow/example_dags/tutorial.py
[2026-07-02T16:25:02.138+0000] {processor.py:840} INFO - DAG(s) 'tutorial' retrieved from /usr/local/python/3.12.1/lib/python3.12/site-packages/airflow/example_dags/tutorial.py
[2026-07-02T16:25:02.157+0000] {logging_mixin.py:188} INFO - [2026-07-02T16:25:02.157+0000] {dag.py:3089} INFO - Sync 1 DAGs
[2026-07-02T16:25:02.183+0000] {logging_mixin.py:188} INFO - [2026-07-02T16:25:02.183+0000] {dag.py:3947} INFO - Setting next_dagrun for tutorial to 2026-07-01 00:00:00+00:00, run_after=2026-07-02 00:00:00+00:00
[2026-07-02T16:25:02.212+0000] {processor.py:183} INFO - Processing /usr/local/python/3.12.1/lib/python3.12/site-packages/airflow/example_dags/tutorial.py took 0.090 seconds
[2026-07-02T16:25:47.515+0000] {processor.py:161} INFO - Started process (PID=120446) to work on /usr/local/python/3.12.1/lib/python3.12/site-packages/airflow/example_dags/tutorial.py
[2026-07-02T16:25:47.516+0000] {processor.py:830} INFO - Processing file /usr/local/python/3.12.1/lib/python3.12/site-packages/airflow/example_dags/tutorial.py for tasks to queue
[2026-07-02T16:25:47.518+0000] {logging_mixin.py:188} INFO - [2026-07-02T16:25:47.517+0000] {dagbag.py:545} INFO - Filling up the DagBag from /usr/local/python/3.12.1/lib/python3.12/site-packages/airflow/example_dags/tutorial.py
[2026-07-02T16:25:47.531+0000] {processor.py:840} INFO - DAG(s) 'tutorial' retrieved from /usr/local/python/3.12.1/lib/python3.12/site-packages/airflow/example_dags/tutorial.py
[2026-07-02T16:25:47.562+0000] {logging_mixin.py:188} INFO - [2026-07-02T16:25:47.561+0000] {dag.py:3089} INFO - Sync 1 DAGs
[2026-07-02T16:25:47.593+0000] {logging_mixin.py:188} INFO - [2026-07-02T16:25:47.593+0000] {dag.py:3947} INFO - Setting next_dagrun for tutorial to 2026-07-01 00:00:00+00:00, run_after=2026-07-02 00:00:00+00:00
[2026-07-02T16:25:47.631+0000] {processor.py:183} INFO - Processing /usr/local/python/3.12.1/lib/python3.12/site-packages/airflow/example_dags/tutorial.py took 0.126 seconds
[2026-07-02T16:26:39.326+0000] {processor.py:161} INFO - Started process (PID=126459) to work on /usr/local/python/3.12.1/lib/python3.12/site-packages/airflow/example_dags/tutorial.py
[2026-07-02T16:26:39.329+0000] {processor.py:830} INFO - Processing file /usr/local/python/3.12.1/lib/python3.12/site-packages/airflow/example_dags/tutorial.py for tasks to queue
[2026-07-02T16:26:39.332+0000] {logging_mixin.py:188} INFO - [2026-07-02T16:26:39.331+0000] {dagbag.py:545} INFO - Filling up the DagBag from /usr/local/python/3.12.1/lib/python3.12/site-packages/airflow/example_dags/tutorial.py
[2026-07-02T16:26:39.343+0000] {processor.py:840} INFO - DAG(s) 'tutorial' retrieved from /usr/local/python/3.12.1/lib/python3.12/site-packages/airflow/example_dags/tutorial.py
[2026-07-02T16:26:39.357+0000] {logging_mixin.py:188} INFO - [2026-07-02T16:26:39.357+0000] {dag.py:3089} INFO - Sync 1 DAGs
[2026-07-02T16:26:39.382+0000] {logging_mixin.py:188} INFO - [2026-07-02T16:26:39.381+0000] {dag.py:3947} INFO - Setting next_dagrun for tutorial to 2026-07-01 00:00:00+00:00, run_after=2026-07-02 00:00:00+00:00
[2026-07-02T16:26:39.419+0000] {processor.py:183} INFO - Processing /usr/local/python/3.12.1/lib/python3.12/site-packages/airflow/example_dags/tutorial.py took 0.104 seconds
[2026-07-02T16:27:54.909+0000] {processor.py:161} INFO - Started process (PID=128631) to work on /usr/local/python/3.12.1/lib/python3.12/site-packages/airflow/example_dags/tutorial.py
[2026-07-02T16:27:54.913+0000] {processor.py:830} INFO - Processing file /usr/local/python/3.12.1/lib/python3.12/site-packages/airflow/example_dags/tutorial.py for tasks to queue
[2026-07-02T16:27:54.915+0000] {logging_mixin.py:188} INFO - [2026-07-02T16:27:54.914+0000] {dagbag.py:545} INFO - Filling up the DagBag from /usr/local/python/3.12.1/lib/python3.12/site-packages/airflow/example_dags/tutorial.py
[2026-07-02T16:27:54.926+0000] {processor.py:840} INFO - DAG(s) 'tutorial' retrieved from /usr/local/python/3.12.1/lib/python3.12/site-packages/airflow/example_dags/tutorial.py
[2026-07-02T16:27:54.945+0000] {logging_mixin.py:188} INFO - [2026-07-02T16:27:54.945+0000] {dag.py:3089} INFO - Sync 1 DAGs
[2026-07-02T16:27:54.966+0000] {logging_mixin.py:188} INFO - [2026-07-02T16:27:54.966+0000] {dag.py:3947} INFO - Setting next_dagrun for tutorial to 2026-07-01 00:00:00+00:00, run_after=2026-07-02 00:00:00+00:00
[2026-07-02T16:27:55.012+0000] {processor.py:183} INFO - Processing /usr/local/python/3.12.1/lib/python3.12/site-packages/airflow/example_dags/tutorial.py took 0.109 seconds
[2026-07-02T16:28:51.968+0000] {processor.py:161} INFO - Started process (PID=129490) to work on /usr/local/python/3.12.1/lib/python3.12/site-packages/airflow/example_dags/tutorial.py
[2026-07-02T16:28:51.970+0000] {processor.py:830} INFO - Processing file /usr/local/python/3.12.1/lib/python3.12/site-packages/airflow/example_dags/tutorial.py for tasks to queue
[2026-07-02T16:28:51.972+0000] {logging_mixin.py:188} INFO - [2026-07-02T16:28:51.972+0000] {dagbag.py:545} INFO - Filling up the DagBag from /usr/local/python/3.12.1/lib/python3.12/site-packages/airflow/example_dags/tutorial.py
[2026-07-02T16:28:51.981+0000] {processor.py:840} INFO - DAG(s) 'tutorial' retrieved from /usr/local/python/3.12.1/lib/python3.12/site-packages/airflow/example_dags/tutorial.py
[2026-07-02T16:28:52.006+0000] {logging_mixin.py:188} INFO - [2026-07-02T16:28:52.005+0000] {dag.py:3089} INFO - Sync 1 DAGs
[2026-07-02T16:28:52.039+0000] {logging_mixin.py:188} INFO - [2026-07-02T16:28:52.039+0000] {dag.py:3947} INFO - Setting next_dagrun for tutorial to 2026-07-01 00:00:00+00:00, run_after=2026-07-02 00:00:00+00:00
[2026-07-02T16:28:52.203+0000] {processor.py:183} INFO - Processing /usr/local/python/3.12.1/lib/python3.12/site-packages/airflow/example_dags/tutorial.py took 0.243 seconds
[2026-07-02T16:29:53.538+0000] {processor.py:161} INFO - Started process (PID=130161) to work on /usr/local/python/3.12.1/lib/python3.12/site-packages/airflow/example_dags/tutorial.py
[2026-07-02T16:29:53.539+0000] {processor.py:830} INFO - Processing file /usr/local/python/3.12.1/lib/python3.12/site-packages/airflow/example_dags/tutorial.py for tasks to queue
[2026-07-02T16:29:53.540+0000] {logging_mixin.py:188} INFO - [2026-07-02T16:29:53.540+0000] {dagbag.py:545} INFO - Filling up the DagBag from /usr/local/python/3.12.1/lib/python3.12/site-packages/airflow/example_dags/tutorial.py
[2026-07-02T16:29:53.545+0000] {processor.py:840} INFO - DAG(s) 'tutorial' retrieved from /usr/local/python/3.12.1/lib/python3.12/site-packages/airflow/example_dags/tutorial.py
[2026-07-02T16:29:53.559+0000] {logging_mixin.py:188} INFO - [2026-07-02T16:29:53.559+0000] {dag.py:3089} INFO - Sync 1 DAGs
[2026-07-02T16:29:53.575+0000] {logging_mixin.py:188} INFO - [2026-07-02T16:29:53.575+0000] {dag.py:3947} INFO - Setting next_dagrun for tutorial to 2026-07-01 00:00:00+00:00, run_after=2026-07-02 00:00:00+00:00
[2026-07-02T16:29:53.599+0000] {processor.py:183} INFO - Processing /usr/local/python/3.12.1/lib/python3.12/site-packages/airflow/example_dags/tutorial.py took 0.067 seconds
[2026-07-02T16:30:48.230+0000] {processor.py:161} INFO - Started process (PID=130767) to work on /usr/local/python/3.12.1/lib/python3.12/site-packages/airflow/example_dags/tutorial.py
[2026-07-02T16:30:48.230+0000] {processor.py:830} INFO - Processing file /usr/local/python/3.12.1/lib/python3.12/site-packages/airflow/example_dags/tutorial.py for tasks to queue
[2026-07-02T16:30:48.232+0000] {logging_mixin.py:188} INFO - [2026-07-02T16:30:48.232+0000] {dagbag.py:545} INFO - Filling up the DagBag from /usr/local/python/3.12.1/lib/python3.12/site-packages/airflow/example_dags/tutorial.py
[2026-07-02T16:30:48.237+0000] {processor.py:840} INFO - DAG(s) 'tutorial' retrieved from /usr/local/python/3.12.1/lib/python3.12/site-packages/airflow/example_dags/tutorial.py
[2026-07-02T16:30:48.249+0000] {logging_mixin.py:188} INFO - [2026-07-02T16:30:48.249+0000] {dag.py:3089} INFO - Sync 1 DAGs
[2026-07-02T16:30:48.264+0000] {logging_mixin.py:188} INFO - [2026-07-02T16:30:48.263+0000] {dag.py:3947} INFO - Setting next_dagrun for tutorial to 2026-07-01 00:00:00+00:00, run_after=2026-07-02 00:00:00+00:00
[2026-07-02T16:30:48.286+0000] {processor.py:183} INFO - Processing /usr/local/python/3.12.1/lib/python3.12/site-packages/airflow/example_dags/tutorial.py took 0.061 seconds
[2026-07-02T16:31:36.192+0000] {processor.py:161} INFO - Started process (PID=131307) to work on /usr/local/python/3.12.1/lib/python3.12/site-packages/airflow/example_dags/tutorial.py
[2026-07-02T16:31:36.194+0000] {processor.py:830} INFO - Processing file /usr/local/python/3.12.1/lib/python3.12/site-packages/airflow/example_dags/tutorial.py for tasks to queue
[2026-07-02T16:31:36.198+0000] {logging_mixin.py:188} INFO - [2026-07-02T16:31:36.197+0000] {dagbag.py:545} INFO - Filling up the DagBag from /usr/local/python/3.12.1/lib/python3.12/site-packages/airflow/example_dags/tutorial.py
[2026-07-02T16:31:36.210+0000] {processor.py:840} INFO - DAG(s) 'tutorial' retrieved from /usr/local/python/3.12.1/lib/python3.12/site-packages/airflow/example_dags/tutorial.py
[2026-07-02T16:31:36.228+0000] {logging_mixin.py:188} INFO - [2026-07-02T16:31:36.227+0000] {dag.py:3089} INFO - Sync 1 DAGs
[2026-07-02T16:31:36.249+0000] {logging_mixin.py:188} INFO - [2026-07-02T16:31:36.249+0000] {dag.py:3947} INFO - Setting next_dagrun for tutorial to 2026-07-01 00:00:00+00:00, run_after=2026-07-02 00:00:00+00:00
[2026-07-02T16:31:36.281+0000] {processor.py:183} INFO - Processing /usr/local/python/3.12.1/lib/python3.12/site-packages/airflow/example_dags/tutorial.py took 0.099 seconds
[2026-07-02T16:32:26.798+0000] {processor.py:161} INFO - Started process (PID=133026) to work on /usr/local/python/3.12.1/lib/python3.12/site-packages/airflow/example_dags/tutorial.py
[2026-07-02T16:32:26.800+0000] {processor.py:830} INFO - Processing file /usr/local/python/3.12.1/lib/python3.12/site-packages/airflow/example_dags/tutorial.py for tasks to queue
[2026-07-02T16:32:26.802+0000] {logging_mixin.py:188} INFO - [2026-07-02T16:32:26.801+0000] {dagbag.py:545} INFO - Filling up the DagBag from /usr/local/python/3.12.1/lib/python3.12/site-packages/airflow/example_dags/tutorial.py
[2026-07-02T16:32:26.812+0000] {processor.py:840} INFO - DAG(s) 'tutorial' retrieved from /usr/local/python/3.12.1/lib/python3.12/site-packages/airflow/example_dags/tutorial.py
[2026-07-02T16:32:26.838+0000] {logging_mixin.py:188} INFO - [2026-07-02T16:32:26.837+0000] {dag.py:3089} INFO - Sync 1 DAGs
[2026-07-02T16:32:26.871+0000] {logging_mixin.py:188} INFO - [2026-07-02T16:32:26.871+0000] {dag.py:3947} INFO - Setting next_dagrun for tutorial to 2026-07-01 00:00:00+00:00, run_after=2026-07-02 00:00:00+00:00
[2026-07-02T16:32:26.902+0000] {processor.py:183} INFO - Processing /usr/local/python/3.12.1/lib/python3.12/site-packages/airflow/example_dags/tutorial.py took 0.111 seconds
[2026-07-02T16:33:16.994+0000] {processor.py:161} INFO - Started process (PID=133575) to work on /usr/local/python/3.12.1/lib/python3.12/site-packages/airflow/example_dags/tutorial.py
[2026-07-02T16:33:16.997+0000] {processor.py:830} INFO - Processing file /usr/local/python/3.12.1/lib/python3.12/site-packages/airflow/example_dags/tutorial.py for tasks to queue
[2026-07-02T16:33:16.999+0000] {logging_mixin.py:188} INFO - [2026-07-02T16:33:16.999+0000] {dagbag.py:545} INFO - Filling up the DagBag from /usr/local/python/3.12.1/lib/python3.12/site-packages/airflow/example_dags/tutorial.py
[2026-07-02T16:33:17.009+0000] {processor.py:840} INFO - DAG(s) 'tutorial' retrieved from /usr/local/python/3.12.1/lib/python3.12/site-packages/airflow/example_dags/tutorial.py
[2026-07-02T16:33:17.032+0000] {logging_mixin.py:188} INFO - [2026-07-02T16:33:17.031+0000] {dag.py:3089} INFO - Sync 1 DAGs
[2026-07-02T16:33:17.059+0000] {logging_mixin.py:188} INFO - [2026-07-02T16:33:17.059+0000] {dag.py:3947} INFO - Setting next_dagrun for tutorial to 2026-07-01 00:00:00+00:00, run_after=2026-07-02 00:00:00+00:00
[2026-07-02T16:33:17.112+0000] {processor.py:183} INFO - Processing /usr/local/python/3.12.1/lib/python3.12/site-packages/airflow/example_dags/tutorial.py took 0.131 seconds
[2026-07-02T16:34:05.034+0000] {processor.py:161} INFO - Started process (PID=134179) to work on /usr/local/python/3.12.1/lib/python3.12/site-packages/airflow/example_dags/tutorial.py
[2026-07-02T16:34:05.035+0000] {processor.py:830} INFO - Processing file /usr/local/python/3.12.1/lib/python3.12/site-packages/airflow/example_dags/tutorial.py for tasks to queue
[2026-07-02T16:34:05.037+0000] {logging_mixin.py:188} INFO - [2026-07-02T16:34:05.036+0000] {dagbag.py:545} INFO - Filling up the DagBag from /usr/local/python/3.12.1/lib/python3.12/site-packages/airflow/example_dags/tutorial.py
[2026-07-02T16:34:05.042+0000] {processor.py:840} INFO - DAG(s) 'tutorial' retrieved from /usr/local/python/3.12.1/lib/python3.12/site-packages/airflow/example_dags/tutorial.py
[2026-07-02T16:34:05.055+0000] {logging_mixin.py:188} INFO - [2026-07-02T16:34:05.055+0000] {dag.py:3089} INFO - Sync 1 DAGs
[2026-07-02T16:34:05.072+0000] {logging_mixin.py:188} INFO - [2026-07-02T16:34:05.072+0000] {dag.py:3947} INFO - Setting next_dagrun for tutorial to 2026-07-01 00:00:00+00:00, run_after=2026-07-02 00:00:00+00:00
[2026-07-02T16:34:05.109+0000] {processor.py:183} INFO - Processing /usr/local/python/3.12.1/lib/python3.12/site-packages/airflow/example_dags/tutorial.py took 0.079 seconds
[2026-07-02T16:34:55.845+0000] {processor.py:161} INFO - Started process (PID=134834) to work on /usr/local/python/3.12.1/lib/python3.12/site-packages/airflow/example_dags/tutorial.py
[2026-07-02T16:34:55.847+0000] {processor.py:830} INFO - Processing file /usr/local/python/3.12.1/lib/python3.12/site-packages/airflow/example_dags/tutorial.py for tasks to queue
[2026-07-02T16:34:55.848+0000] {logging_mixin.py:188} INFO - [2026-07-02T16:34:55.848+0000] {dagbag.py:545} INFO - Filling up the DagBag from /usr/local/python/3.12.1/lib/python3.12/site-packages/airflow/example_dags/tutorial.py
[2026-07-02T16:34:55.854+0000] {processor.py:840} INFO - DAG(s) 'tutorial' retrieved from /usr/local/python/3.12.1/lib/python3.12/site-packages/airflow/example_dags/tutorial.py
[2026-07-02T16:34:55.867+0000] {logging_mixin.py:188} INFO - [2026-07-02T16:34:55.867+0000] {dag.py:3089} INFO - Sync 1 DAGs
[2026-07-02T16:34:55.888+0000] {logging_mixin.py:188} INFO - [2026-07-02T16:34:55.888+0000] {dag.py:3947} INFO - Setting next_dagrun for tutorial to 2026-07-01 00:00:00+00:00, run_after=2026-07-02 00:00:00+00:00
[2026-07-02T16:34:55.906+0000] {processor.py:183} INFO - Processing /usr/local/python/3.12.1/lib/python3.12/site-packages/airflow/example_dags/tutorial.py took 0.066 seconds
[2026-07-02T16:35:51.425+0000] {processor.py:161} INFO - Started process (PID=136288) to work on /usr/local/python/3.12.1/lib/python3.12/site-packages/airflow/example_dags/tutorial.py
[2026-07-02T16:35:51.427+0000] {processor.py:830} INFO - Processing file /usr/local/python/3.12.1/lib/python3.12/site-packages/airflow/example_dags/tutorial.py for tasks to queue
[2026-07-02T16:35:51.428+0000] {logging_mixin.py:188} INFO - [2026-07-02T16:35:51.428+0000] {dagbag.py:545} INFO - Filling up the DagBag from /usr/local/python/3.12.1/lib/python3.12/site-packages/airflow/example_dags/tutorial.py
[2026-07-02T16:35:51.433+0000] {processor.py:840} INFO - DAG(s) 'tutorial' retrieved from /usr/local/python/3.12.1/lib/python3.12/site-packages/airflow/example_dags/tutorial.py
[2026-07-02T16:35:51.446+0000] {logging_mixin.py:188} INFO - [2026-07-02T16:35:51.445+0000] {dag.py:3089} INFO - Sync 1 DAGs
[2026-07-02T16:35:51.460+0000] {logging_mixin.py:188} INFO - [2026-07-02T16:35:51.460+0000] {dag.py:3947} INFO - Setting next_dagrun for tutorial to 2026-07-01 00:00:00+00:00, run_after=2026-07-02 00:00:00+00:00
[2026-07-02T16:35:51.480+0000] {processor.py:183} INFO - Processing /usr/local/python/3.12.1/lib/python3.12/site-packages/airflow/example_dags/tutorial.py took 0.059 seconds
[2026-07-02T16:36:42.012+0000] {processor.py:161} INFO - Started process (PID=136951) to work on /usr/local/python/3.12.1/lib/python3.12/site-packages/airflow/example_dags/tutorial.py
[2026-07-02T16:36:42.013+0000] {processor.py:830} INFO - Processing file /usr/local/python/3.12.1/lib/python3.12/site-packages/airflow/example_dags/tutorial.py for tasks to queue
[2026-07-02T16:36:42.015+0000] {logging_mixin.py:188} INFO - [2026-07-02T16:36:42.015+0000] {dagbag.py:545} INFO - Filling up the DagBag from /usr/local/python/3.12.1/lib/python3.12/site-packages/airflow/example_dags/tutorial.py
[2026-07-02T16:36:42.021+0000] {processor.py:840} INFO - DAG(s) 'tutorial' retrieved from /usr/local/python/3.12.1/lib/python3.12/site-packages/airflow/example_dags/tutorial.py
[2026-07-02T16:36:42.033+0000] {logging_mixin.py:188} INFO - [2026-07-02T16:36:42.033+0000] {dag.py:3089} INFO - Sync 1 DAGs
[2026-07-02T16:36:42.047+0000] {logging_mixin.py:188} INFO - [2026-07-02T16:36:42.047+0000] {dag.py:3947} INFO - Setting next_dagrun for tutorial to 2026-07-01 00:00:00+00:00, run_after=2026-07-02 00:00:00+00:00
[2026-07-02T16:36:42.069+0000] {processor.py:183} INFO - Processing /usr/local/python/3.12.1/lib/python3.12/site-packages/airflow/example_dags/tutorial.py took 0.063 seconds
[2026-07-02T16:37:29.337+0000] {processor.py:161} INFO - Started process (PID=138301) to work on /usr/local/python/3.12.1/lib/python3.12/site-packages/airflow/example_dags/tutorial.py
[2026-07-02T16:37:29.338+0000] {processor.py:830} INFO - Processing file /usr/local/python/3.12.1/lib/python3.12/site-packages/airflow/example_dags/tutorial.py for tasks to queue
[2026-07-02T16:37:29.342+0000] {logging_mixin.py:188} INFO - [2026-07-02T16:37:29.340+0000] {dagbag.py:545} INFO - Filling up the DagBag from /usr/local/python/3.12.1/lib/python3.12/site-packages/airflow/example_dags/tutorial.py
[2026-07-02T16:37:29.363+0000] {processor.py:840} INFO - DAG(s) 'tutorial' retrieved from /usr/local/python/3.12.1/lib/python3.12/site-packages/airflow/example_dags/tutorial.py
[2026-07-02T16:37:29.422+0000] {logging_mixin.py:188} INFO - [2026-07-02T16:37:29.422+0000] {dag.py:3089} INFO - Sync 1 DAGs
[2026-07-02T16:37:29.450+0000] {logging_mixin.py:188} INFO - [2026-07-02T16:37:29.450+0000] {dag.py:3947} INFO - Setting next_dagrun for tutorial to 2026-07-01 00:00:00+00:00, run_after=2026-07-02 00:00:00+00:00
[2026-07-02T16:37:29.483+0000] {processor.py:183} INFO - Processing /usr/local/python/3.12.1/lib/python3.12/site-packages/airflow/example_dags/tutorial.py took 0.154 seconds
[2026-07-02T16:38:12.539+0000] {processor.py:161} INFO - Started process (PID=139215) to work on /usr/local/python/3.12.1/lib/python3.12/site-packages/airflow/example_dags/tutorial.py
[2026-07-02T16:38:12.540+0000] {processor.py:830} INFO - Processing file /usr/local/python/3.12.1/lib/python3.12/site-packages/airflow/example_dags/tutorial.py for tasks to queue
[2026-07-02T16:38:12.544+0000] {logging_mixin.py:188} INFO - [2026-07-02T16:38:12.544+0000] {dagbag.py:545} INFO - Filling up the DagBag from /usr/local/python/3.12.1/lib/python3.12/site-packages/airflow/example_dags/tutorial.py
[2026-07-02T16:38:12.560+0000] {processor.py:840} INFO - DAG(s) 'tutorial' retrieved from /usr/local/python/3.12.1/lib/python3.12/site-packages/airflow/example_dags/tutorial.py
[2026-07-02T16:38:12.649+0000] {logging_mixin.py:188} INFO - [2026-07-02T16:38:12.649+0000] {dag.py:3089} INFO - Sync 1 DAGs
[2026-07-02T16:38:12.710+0000] {logging_mixin.py:188} INFO - [2026-07-02T16:38:12.708+0000] {dag.py:3947} INFO - Setting next_dagrun for tutorial to 2026-07-01 00:00:00+00:00, run_after=2026-07-02 00:00:00+00:00
[2026-07-02T16:38:12.785+0000] {processor.py:183} INFO - Processing /usr/local/python/3.12.1/lib/python3.12/site-packages/airflow/example_dags/tutorial.py took 0.254 seconds
[2026-07-02T16:38:58.296+0000] {processor.py:161} INFO - Started process (PID=139871) to work on /usr/local/python/3.12.1/lib/python3.12/site-packages/airflow/example_dags/tutorial.py
[2026-07-02T16:38:58.298+0000] {processor.py:830} INFO - Processing file /usr/local/python/3.12.1/lib/python3.12/site-packages/airflow/example_dags/tutorial.py for tasks to queue
[2026-07-02T16:38:58.302+0000] {logging_mixin.py:188} INFO - [2026-07-02T16:38:58.301+0000] {dagbag.py:545} INFO - Filling up the DagBag from /usr/local/python/3.12.1/lib/python3.12/site-packages/airflow/example_dags/tutorial.py
[2026-07-02T16:38:58.316+0000] {processor.py:840} INFO - DAG(s) 'tutorial' retrieved from /usr/local/python/3.12.1/lib/python3.12/site-packages/airflow/example_dags/tutorial.py
[2026-07-02T16:38:58.338+0000] {logging_mixin.py:188} INFO - [2026-07-02T16:38:58.337+0000] {dag.py:3089} INFO - Sync 1 DAGs
[2026-07-02T16:38:58.361+0000] {logging_mixin.py:188} INFO - [2026-07-02T16:38:58.360+0000] {dag.py:3947} INFO - Setting next_dagrun for tutorial to 2026-07-01 00:00:00+00:00, run_after=2026-07-02 00:00:00+00:00
[2026-07-02T16:38:58.387+0000] {processor.py:183} INFO - Processing /usr/local/python/3.12.1/lib/python3.12/site-packages/airflow/example_dags/tutorial.py took 0.097 seconds
[2026-07-02T16:39:44.230+0000] {processor.py:161} INFO - Started process (PID=140491) to work on /usr/local/python/3.12.1/lib/python3.12/site-packages/airflow/example_dags/tutorial.py
[2026-07-02T16:39:44.231+0000] {processor.py:830} INFO - Processing file /usr/local/python/3.12.1/lib/python3.12/site-packages/airflow/example_dags/tutorial.py for tasks to queue
[2026-07-02T16:39:44.233+0000] {logging_mixin.py:188} INFO - [2026-07-02T16:39:44.232+0000] {dagbag.py:545} INFO - Filling up the DagBag from /usr/local/python/3.12.1/lib/python3.12/site-packages/airflow/example_dags/tutorial.py
[2026-07-02T16:39:44.237+0000] {processor.py:840} INFO - DAG(s) 'tutorial' retrieved from /usr/local/python/3.12.1/lib/python3.12/site-packages/airflow/example_dags/tutorial.py
[2026-07-02T16:39:44.250+0000] {logging_mixin.py:188} INFO - [2026-07-02T16:39:44.250+0000] {dag.py:3089} INFO - Sync 1 DAGs
[2026-07-02T16:39:44.265+0000] {logging_mixin.py:188} INFO - [2026-07-02T16:39:44.265+0000] {dag.py:3947} INFO - Setting next_dagrun for tutorial to 2026-07-01 00:00:00+00:00, run_after=2026-07-02 00:00:00+00:00
[2026-07-02T16:39:44.287+0000] {processor.py:183} INFO - Processing /usr/local/python/3.12.1/lib/python3.12/site-packages/airflow/example_dags/tutorial.py took 0.061 seconds
