[2026-07-02T16:24:07.511+0000] {processor.py:161} INFO - Started process (PID=117471) to work on /usr/local/python/3.12.1/lib/python3.12/site-packages/airflow/example_dags/tutorial_dag.py
[2026-07-02T16:24:07.515+0000] {processor.py:830} INFO - Processing file /usr/local/python/3.12.1/lib/python3.12/site-packages/airflow/example_dags/tutorial_dag.py for tasks to queue
[2026-07-02T16:24:07.520+0000] {logging_mixin.py:188} INFO - [2026-07-02T16:24:07.519+0000] {dagbag.py:545} INFO - Filling up the DagBag from /usr/local/python/3.12.1/lib/python3.12/site-packages/airflow/example_dags/tutorial_dag.py
[2026-07-02T16:24:07.546+0000] {processor.py:840} INFO - DAG(s) 'tutorial_dag' retrieved from /usr/local/python/3.12.1/lib/python3.12/site-packages/airflow/example_dags/tutorial_dag.py
[2026-07-02T16:24:07.714+0000] {logging_mixin.py:188} INFO - [2026-07-02T16:24:07.713+0000] {override.py:1858} INFO - Created Permission View: can delete on DAG:tutorial_dag
[2026-07-02T16:24:07.722+0000] {logging_mixin.py:188} INFO - [2026-07-02T16:24:07.722+0000] {override.py:1858} INFO - Created Permission View: can read on DAG:tutorial_dag
[2026-07-02T16:24:07.728+0000] {logging_mixin.py:188} INFO - [2026-07-02T16:24:07.728+0000] {override.py:1858} INFO - Created Permission View: can edit on DAG:tutorial_dag
[2026-07-02T16:24:07.729+0000] {logging_mixin.py:188} INFO - [2026-07-02T16:24:07.729+0000] {dag.py:3089} INFO - Sync 1 DAGs
[2026-07-02T16:24:07.738+0000] {logging_mixin.py:188} INFO - [2026-07-02T16:24:07.737+0000] {dag.py:3111} INFO - Creating ORM DAG for tutorial_dag
[2026-07-02T16:24:07.738+0000] {logging_mixin.py:188} INFO - [2026-07-02T16:24:07.738+0000] {dag.py:3947} INFO - Setting next_dagrun for tutorial_dag to None, run_after=None
[2026-07-02T16:24:07.753+0000] {processor.py:183} INFO - Processing /usr/local/python/3.12.1/lib/python3.12/site-packages/airflow/example_dags/tutorial_dag.py took 0.258 seconds
[2026-07-02T16:25:04.995+0000] {processor.py:161} INFO - Started process (PID=118312) to work on /usr/local/python/3.12.1/lib/python3.12/site-packages/airflow/example_dags/tutorial_dag.py
[2026-07-02T16:25:04.995+0000] {processor.py:830} INFO - Processing file /usr/local/python/3.12.1/lib/python3.12/site-packages/airflow/example_dags/tutorial_dag.py for tasks to queue
[2026-07-02T16:25:04.997+0000] {logging_mixin.py:188} INFO - [2026-07-02T16:25:04.997+0000] {dagbag.py:545} INFO - Filling up the DagBag from /usr/local/python/3.12.1/lib/python3.12/site-packages/airflow/example_dags/tutorial_dag.py
[2026-07-02T16:25:05.002+0000] {processor.py:840} INFO - DAG(s) 'tutorial_dag' retrieved from /usr/local/python/3.12.1/lib/python3.12/site-packages/airflow/example_dags/tutorial_dag.py
[2026-07-02T16:25:05.015+0000] {logging_mixin.py:188} INFO - [2026-07-02T16:25:05.015+0000] {dag.py:3089} INFO - Sync 1 DAGs
[2026-07-02T16:25:05.030+0000] {logging_mixin.py:188} INFO - [2026-07-02T16:25:05.029+0000] {dag.py:3947} INFO - Setting next_dagrun for tutorial_dag to None, run_after=None
[2026-07-02T16:25:05.059+0000] {processor.py:183} INFO - Processing /usr/local/python/3.12.1/lib/python3.12/site-packages/airflow/example_dags/tutorial_dag.py took 0.069 seconds
[2026-07-02T16:25:50.257+0000] {processor.py:161} INFO - Started process (PID=121253) to work on /usr/local/python/3.12.1/lib/python3.12/site-packages/airflow/example_dags/tutorial_dag.py
[2026-07-02T16:25:50.257+0000] {processor.py:830} INFO - Processing file /usr/local/python/3.12.1/lib/python3.12/site-packages/airflow/example_dags/tutorial_dag.py for tasks to queue
[2026-07-02T16:25:50.259+0000] {logging_mixin.py:188} INFO - [2026-07-02T16:25:50.259+0000] {dagbag.py:545} INFO - Filling up the DagBag from /usr/local/python/3.12.1/lib/python3.12/site-packages/airflow/example_dags/tutorial_dag.py
[2026-07-02T16:25:50.264+0000] {processor.py:840} INFO - DAG(s) 'tutorial_dag' retrieved from /usr/local/python/3.12.1/lib/python3.12/site-packages/airflow/example_dags/tutorial_dag.py
[2026-07-02T16:25:50.276+0000] {logging_mixin.py:188} INFO - [2026-07-02T16:25:50.276+0000] {dag.py:3089} INFO - Sync 1 DAGs
[2026-07-02T16:25:50.285+0000] {logging_mixin.py:188} INFO - [2026-07-02T16:25:50.285+0000] {dag.py:3947} INFO - Setting next_dagrun for tutorial_dag to None, run_after=None
[2026-07-02T16:25:50.303+0000] {processor.py:183} INFO - Processing /usr/local/python/3.12.1/lib/python3.12/site-packages/airflow/example_dags/tutorial_dag.py took 0.051 seconds
[2026-07-02T16:26:42.188+0000] {processor.py:161} INFO - Started process (PID=126484) to work on /usr/local/python/3.12.1/lib/python3.12/site-packages/airflow/example_dags/tutorial_dag.py
[2026-07-02T16:26:42.194+0000] {processor.py:830} INFO - Processing file /usr/local/python/3.12.1/lib/python3.12/site-packages/airflow/example_dags/tutorial_dag.py for tasks to queue
[2026-07-02T16:26:42.197+0000] {logging_mixin.py:188} INFO - [2026-07-02T16:26:42.196+0000] {dagbag.py:545} INFO - Filling up the DagBag from /usr/local/python/3.12.1/lib/python3.12/site-packages/airflow/example_dags/tutorial_dag.py
[2026-07-02T16:26:42.208+0000] {processor.py:840} INFO - DAG(s) 'tutorial_dag' retrieved from /usr/local/python/3.12.1/lib/python3.12/site-packages/airflow/example_dags/tutorial_dag.py
[2026-07-02T16:26:42.233+0000] {logging_mixin.py:188} INFO - [2026-07-02T16:26:42.233+0000] {dag.py:3089} INFO - Sync 1 DAGs
[2026-07-02T16:26:42.250+0000] {logging_mixin.py:188} INFO - [2026-07-02T16:26:42.250+0000] {dag.py:3947} INFO - Setting next_dagrun for tutorial_dag to None, run_after=None
[2026-07-02T16:26:42.290+0000] {processor.py:183} INFO - Processing /usr/local/python/3.12.1/lib/python3.12/site-packages/airflow/example_dags/tutorial_dag.py took 0.111 seconds
[2026-07-02T16:27:56.925+0000] {processor.py:161} INFO - Started process (PID=128636) to work on /usr/local/python/3.12.1/lib/python3.12/site-packages/airflow/example_dags/tutorial_dag.py
[2026-07-02T16:27:56.926+0000] {processor.py:830} INFO - Processing file /usr/local/python/3.12.1/lib/python3.12/site-packages/airflow/example_dags/tutorial_dag.py for tasks to queue
[2026-07-02T16:27:56.928+0000] {logging_mixin.py:188} INFO - [2026-07-02T16:27:56.927+0000] {dagbag.py:545} INFO - Filling up the DagBag from /usr/local/python/3.12.1/lib/python3.12/site-packages/airflow/example_dags/tutorial_dag.py
[2026-07-02T16:27:56.932+0000] {processor.py:840} INFO - DAG(s) 'tutorial_dag' retrieved from /usr/local/python/3.12.1/lib/python3.12/site-packages/airflow/example_dags/tutorial_dag.py
[2026-07-02T16:27:56.945+0000] {logging_mixin.py:188} INFO - [2026-07-02T16:27:56.945+0000] {dag.py:3089} INFO - Sync 1 DAGs
[2026-07-02T16:27:56.954+0000] {logging_mixin.py:188} INFO - [2026-07-02T16:27:56.954+0000] {dag.py:3947} INFO - Setting next_dagrun for tutorial_dag to None, run_after=None
[2026-07-02T16:27:56.971+0000] {processor.py:183} INFO - Processing /usr/local/python/3.12.1/lib/python3.12/site-packages/airflow/example_dags/tutorial_dag.py took 0.050 seconds
[2026-07-02T16:28:55.142+0000] {processor.py:161} INFO - Started process (PID=129559) to work on /usr/local/python/3.12.1/lib/python3.12/site-packages/airflow/example_dags/tutorial_dag.py
[2026-07-02T16:28:55.145+0000] {processor.py:830} INFO - Processing file /usr/local/python/3.12.1/lib/python3.12/site-packages/airflow/example_dags/tutorial_dag.py for tasks to queue
[2026-07-02T16:28:55.149+0000] {logging_mixin.py:188} INFO - [2026-07-02T16:28:55.148+0000] {dagbag.py:545} INFO - Filling up the DagBag from /usr/local/python/3.12.1/lib/python3.12/site-packages/airflow/example_dags/tutorial_dag.py
[2026-07-02T16:28:55.157+0000] {processor.py:840} INFO - DAG(s) 'tutorial_dag' retrieved from /usr/local/python/3.12.1/lib/python3.12/site-packages/airflow/example_dags/tutorial_dag.py
[2026-07-02T16:28:55.193+0000] {logging_mixin.py:188} INFO - [2026-07-02T16:28:55.193+0000] {dag.py:3089} INFO - Sync 1 DAGs
[2026-07-02T16:28:55.219+0000] {logging_mixin.py:188} INFO - [2026-07-02T16:28:55.219+0000] {dag.py:3947} INFO - Setting next_dagrun for tutorial_dag to None, run_after=None
[2026-07-02T16:28:55.441+0000] {processor.py:183} INFO - Processing /usr/local/python/3.12.1/lib/python3.12/site-packages/airflow/example_dags/tutorial_dag.py took 0.312 seconds
[2026-07-02T16:29:56.215+0000] {processor.py:161} INFO - Started process (PID=130203) to work on /usr/local/python/3.12.1/lib/python3.12/site-packages/airflow/example_dags/tutorial_dag.py
[2026-07-02T16:29:56.216+0000] {processor.py:830} INFO - Processing file /usr/local/python/3.12.1/lib/python3.12/site-packages/airflow/example_dags/tutorial_dag.py for tasks to queue
[2026-07-02T16:29:56.218+0000] {logging_mixin.py:188} INFO - [2026-07-02T16:29:56.217+0000] {dagbag.py:545} INFO - Filling up the DagBag from /usr/local/python/3.12.1/lib/python3.12/site-packages/airflow/example_dags/tutorial_dag.py
[2026-07-02T16:29:56.233+0000] {processor.py:840} INFO - DAG(s) 'tutorial_dag' retrieved from /usr/local/python/3.12.1/lib/python3.12/site-packages/airflow/example_dags/tutorial_dag.py
[2026-07-02T16:29:56.262+0000] {logging_mixin.py:188} INFO - [2026-07-02T16:29:56.262+0000] {dag.py:3089} INFO - Sync 1 DAGs
[2026-07-02T16:29:56.279+0000] {logging_mixin.py:188} INFO - [2026-07-02T16:29:56.279+0000] {dag.py:3947} INFO - Setting next_dagrun for tutorial_dag to None, run_after=None
[2026-07-02T16:29:56.319+0000] {processor.py:183} INFO - Processing /usr/local/python/3.12.1/lib/python3.12/site-packages/airflow/example_dags/tutorial_dag.py took 0.110 seconds
[2026-07-02T16:30:50.469+0000] {processor.py:161} INFO - Started process (PID=130808) to work on /usr/local/python/3.12.1/lib/python3.12/site-packages/airflow/example_dags/tutorial_dag.py
[2026-07-02T16:30:50.470+0000] {processor.py:830} INFO - Processing file /usr/local/python/3.12.1/lib/python3.12/site-packages/airflow/example_dags/tutorial_dag.py for tasks to queue
[2026-07-02T16:30:50.471+0000] {logging_mixin.py:188} INFO - [2026-07-02T16:30:50.471+0000] {dagbag.py:545} INFO - Filling up the DagBag from /usr/local/python/3.12.1/lib/python3.12/site-packages/airflow/example_dags/tutorial_dag.py
[2026-07-02T16:30:50.476+0000] {processor.py:840} INFO - DAG(s) 'tutorial_dag' retrieved from /usr/local/python/3.12.1/lib/python3.12/site-packages/airflow/example_dags/tutorial_dag.py
[2026-07-02T16:30:50.496+0000] {logging_mixin.py:188} INFO - [2026-07-02T16:30:50.496+0000] {dag.py:3089} INFO - Sync 1 DAGs
[2026-07-02T16:30:50.511+0000] {logging_mixin.py:188} INFO - [2026-07-02T16:30:50.511+0000] {dag.py:3947} INFO - Setting next_dagrun for tutorial_dag to None, run_after=None
[2026-07-02T16:30:50.539+0000] {processor.py:183} INFO - Processing /usr/local/python/3.12.1/lib/python3.12/site-packages/airflow/example_dags/tutorial_dag.py took 0.075 seconds
[2026-07-02T16:31:39.792+0000] {processor.py:161} INFO - Started process (PID=131371) to work on /usr/local/python/3.12.1/lib/python3.12/site-packages/airflow/example_dags/tutorial_dag.py
[2026-07-02T16:31:39.793+0000] {processor.py:830} INFO - Processing file /usr/local/python/3.12.1/lib/python3.12/site-packages/airflow/example_dags/tutorial_dag.py for tasks to queue
[2026-07-02T16:31:39.795+0000] {logging_mixin.py:188} INFO - [2026-07-02T16:31:39.795+0000] {dagbag.py:545} INFO - Filling up the DagBag from /usr/local/python/3.12.1/lib/python3.12/site-packages/airflow/example_dags/tutorial_dag.py
[2026-07-02T16:31:39.801+0000] {processor.py:840} INFO - DAG(s) 'tutorial_dag' retrieved from /usr/local/python/3.12.1/lib/python3.12/site-packages/airflow/example_dags/tutorial_dag.py
[2026-07-02T16:31:39.814+0000] {logging_mixin.py:188} INFO - [2026-07-02T16:31:39.814+0000] {dag.py:3089} INFO - Sync 1 DAGs
[2026-07-02T16:31:39.825+0000] {logging_mixin.py:188} INFO - [2026-07-02T16:31:39.824+0000] {dag.py:3947} INFO - Setting next_dagrun for tutorial_dag to None, run_after=None
[2026-07-02T16:31:39.842+0000] {processor.py:183} INFO - Processing /usr/local/python/3.12.1/lib/python3.12/site-packages/airflow/example_dags/tutorial_dag.py took 0.054 seconds
[2026-07-02T16:32:30.333+0000] {processor.py:161} INFO - Started process (PID=133057) to work on /usr/local/python/3.12.1/lib/python3.12/site-packages/airflow/example_dags/tutorial_dag.py
[2026-07-02T16:32:30.333+0000] {processor.py:830} INFO - Processing file /usr/local/python/3.12.1/lib/python3.12/site-packages/airflow/example_dags/tutorial_dag.py for tasks to queue
[2026-07-02T16:32:30.335+0000] {logging_mixin.py:188} INFO - [2026-07-02T16:32:30.335+0000] {dagbag.py:545} INFO - Filling up the DagBag from /usr/local/python/3.12.1/lib/python3.12/site-packages/airflow/example_dags/tutorial_dag.py
[2026-07-02T16:32:30.340+0000] {processor.py:840} INFO - DAG(s) 'tutorial_dag' retrieved from /usr/local/python/3.12.1/lib/python3.12/site-packages/airflow/example_dags/tutorial_dag.py
[2026-07-02T16:32:30.353+0000] {logging_mixin.py:188} INFO - [2026-07-02T16:32:30.353+0000] {dag.py:3089} INFO - Sync 1 DAGs
[2026-07-02T16:32:30.362+0000] {logging_mixin.py:188} INFO - [2026-07-02T16:32:30.361+0000] {dag.py:3947} INFO - Setting next_dagrun for tutorial_dag to None, run_after=None
[2026-07-02T16:32:30.381+0000] {processor.py:183} INFO - Processing /usr/local/python/3.12.1/lib/python3.12/site-packages/airflow/example_dags/tutorial_dag.py took 0.053 seconds
[2026-07-02T16:33:20.499+0000] {processor.py:161} INFO - Started process (PID=133607) to work on /usr/local/python/3.12.1/lib/python3.12/site-packages/airflow/example_dags/tutorial_dag.py
[2026-07-02T16:33:20.500+0000] {processor.py:830} INFO - Processing file /usr/local/python/3.12.1/lib/python3.12/site-packages/airflow/example_dags/tutorial_dag.py for tasks to queue
[2026-07-02T16:33:20.501+0000] {logging_mixin.py:188} INFO - [2026-07-02T16:33:20.501+0000] {dagbag.py:545} INFO - Filling up the DagBag from /usr/local/python/3.12.1/lib/python3.12/site-packages/airflow/example_dags/tutorial_dag.py
[2026-07-02T16:33:20.506+0000] {processor.py:840} INFO - DAG(s) 'tutorial_dag' retrieved from /usr/local/python/3.12.1/lib/python3.12/site-packages/airflow/example_dags/tutorial_dag.py
[2026-07-02T16:33:20.519+0000] {logging_mixin.py:188} INFO - [2026-07-02T16:33:20.518+0000] {dag.py:3089} INFO - Sync 1 DAGs
[2026-07-02T16:33:20.528+0000] {logging_mixin.py:188} INFO - [2026-07-02T16:33:20.527+0000] {dag.py:3947} INFO - Setting next_dagrun for tutorial_dag to None, run_after=None
[2026-07-02T16:33:20.548+0000] {processor.py:183} INFO - Processing /usr/local/python/3.12.1/lib/python3.12/site-packages/airflow/example_dags/tutorial_dag.py took 0.054 seconds
[2026-07-02T16:34:08.589+0000] {processor.py:161} INFO - Started process (PID=134208) to work on /usr/local/python/3.12.1/lib/python3.12/site-packages/airflow/example_dags/tutorial_dag.py
[2026-07-02T16:34:08.593+0000] {processor.py:830} INFO - Processing file /usr/local/python/3.12.1/lib/python3.12/site-packages/airflow/example_dags/tutorial_dag.py for tasks to queue
[2026-07-02T16:34:08.596+0000] {logging_mixin.py:188} INFO - [2026-07-02T16:34:08.596+0000] {dagbag.py:545} INFO - Filling up the DagBag from /usr/local/python/3.12.1/lib/python3.12/site-packages/airflow/example_dags/tutorial_dag.py
[2026-07-02T16:34:08.610+0000] {processor.py:840} INFO - DAG(s) 'tutorial_dag' retrieved from /usr/local/python/3.12.1/lib/python3.12/site-packages/airflow/example_dags/tutorial_dag.py
[2026-07-02T16:34:08.633+0000] {logging_mixin.py:188} INFO - [2026-07-02T16:34:08.632+0000] {dag.py:3089} INFO - Sync 1 DAGs
[2026-07-02T16:34:08.660+0000] {logging_mixin.py:188} INFO - [2026-07-02T16:34:08.660+0000] {dag.py:3947} INFO - Setting next_dagrun for tutorial_dag to None, run_after=None
[2026-07-02T16:34:08.688+0000] {processor.py:183} INFO - Processing /usr/local/python/3.12.1/lib/python3.12/site-packages/airflow/example_dags/tutorial_dag.py took 0.115 seconds
[2026-07-02T16:34:59.013+0000] {processor.py:161} INFO - Started process (PID=134870) to work on /usr/local/python/3.12.1/lib/python3.12/site-packages/airflow/example_dags/tutorial_dag.py
[2026-07-02T16:34:59.014+0000] {processor.py:830} INFO - Processing file /usr/local/python/3.12.1/lib/python3.12/site-packages/airflow/example_dags/tutorial_dag.py for tasks to queue
[2026-07-02T16:34:59.016+0000] {logging_mixin.py:188} INFO - [2026-07-02T16:34:59.015+0000] {dagbag.py:545} INFO - Filling up the DagBag from /usr/local/python/3.12.1/lib/python3.12/site-packages/airflow/example_dags/tutorial_dag.py
[2026-07-02T16:34:59.021+0000] {processor.py:840} INFO - DAG(s) 'tutorial_dag' retrieved from /usr/local/python/3.12.1/lib/python3.12/site-packages/airflow/example_dags/tutorial_dag.py
[2026-07-02T16:34:59.033+0000] {logging_mixin.py:188} INFO - [2026-07-02T16:34:59.033+0000] {dag.py:3089} INFO - Sync 1 DAGs
[2026-07-02T16:34:59.042+0000] {logging_mixin.py:188} INFO - [2026-07-02T16:34:59.042+0000] {dag.py:3947} INFO - Setting next_dagrun for tutorial_dag to None, run_after=None
[2026-07-02T16:34:59.077+0000] {processor.py:183} INFO - Processing /usr/local/python/3.12.1/lib/python3.12/site-packages/airflow/example_dags/tutorial_dag.py took 0.070 seconds
[2026-07-02T16:35:54.301+0000] {processor.py:161} INFO - Started process (PID=136330) to work on /usr/local/python/3.12.1/lib/python3.12/site-packages/airflow/example_dags/tutorial_dag.py
[2026-07-02T16:35:54.302+0000] {processor.py:830} INFO - Processing file /usr/local/python/3.12.1/lib/python3.12/site-packages/airflow/example_dags/tutorial_dag.py for tasks to queue
[2026-07-02T16:35:54.303+0000] {logging_mixin.py:188} INFO - [2026-07-02T16:35:54.303+0000] {dagbag.py:545} INFO - Filling up the DagBag from /usr/local/python/3.12.1/lib/python3.12/site-packages/airflow/example_dags/tutorial_dag.py
[2026-07-02T16:35:54.308+0000] {processor.py:840} INFO - DAG(s) 'tutorial_dag' retrieved from /usr/local/python/3.12.1/lib/python3.12/site-packages/airflow/example_dags/tutorial_dag.py
[2026-07-02T16:35:54.323+0000] {logging_mixin.py:188} INFO - [2026-07-02T16:35:54.323+0000] {dag.py:3089} INFO - Sync 1 DAGs
[2026-07-02T16:35:54.332+0000] {logging_mixin.py:188} INFO - [2026-07-02T16:35:54.332+0000] {dag.py:3947} INFO - Setting next_dagrun for tutorial_dag to None, run_after=None
[2026-07-02T16:35:54.355+0000] {processor.py:183} INFO - Processing /usr/local/python/3.12.1/lib/python3.12/site-packages/airflow/example_dags/tutorial_dag.py took 0.059 seconds
[2026-07-02T16:36:44.862+0000] {processor.py:161} INFO - Started process (PID=137037) to work on /usr/local/python/3.12.1/lib/python3.12/site-packages/airflow/example_dags/tutorial_dag.py
[2026-07-02T16:36:44.863+0000] {processor.py:830} INFO - Processing file /usr/local/python/3.12.1/lib/python3.12/site-packages/airflow/example_dags/tutorial_dag.py for tasks to queue
[2026-07-02T16:36:44.864+0000] {logging_mixin.py:188} INFO - [2026-07-02T16:36:44.864+0000] {dagbag.py:545} INFO - Filling up the DagBag from /usr/local/python/3.12.1/lib/python3.12/site-packages/airflow/example_dags/tutorial_dag.py
[2026-07-02T16:36:44.869+0000] {processor.py:840} INFO - DAG(s) 'tutorial_dag' retrieved from /usr/local/python/3.12.1/lib/python3.12/site-packages/airflow/example_dags/tutorial_dag.py
[2026-07-02T16:36:44.885+0000] {logging_mixin.py:188} INFO - [2026-07-02T16:36:44.884+0000] {dag.py:3089} INFO - Sync 1 DAGs
[2026-07-02T16:36:44.897+0000] {logging_mixin.py:188} INFO - [2026-07-02T16:36:44.897+0000] {dag.py:3947} INFO - Setting next_dagrun for tutorial_dag to None, run_after=None
[2026-07-02T16:36:44.915+0000] {processor.py:183} INFO - Processing /usr/local/python/3.12.1/lib/python3.12/site-packages/airflow/example_dags/tutorial_dag.py took 0.057 seconds
[2026-07-02T16:37:31.945+0000] {processor.py:161} INFO - Started process (PID=138330) to work on /usr/local/python/3.12.1/lib/python3.12/site-packages/airflow/example_dags/tutorial_dag.py
[2026-07-02T16:37:31.947+0000] {processor.py:830} INFO - Processing file /usr/local/python/3.12.1/lib/python3.12/site-packages/airflow/example_dags/tutorial_dag.py for tasks to queue
[2026-07-02T16:37:31.948+0000] {logging_mixin.py:188} INFO - [2026-07-02T16:37:31.948+0000] {dagbag.py:545} INFO - Filling up the DagBag from /usr/local/python/3.12.1/lib/python3.12/site-packages/airflow/example_dags/tutorial_dag.py
[2026-07-02T16:37:31.961+0000] {processor.py:840} INFO - DAG(s) 'tutorial_dag' retrieved from /usr/local/python/3.12.1/lib/python3.12/site-packages/airflow/example_dags/tutorial_dag.py
[2026-07-02T16:37:31.974+0000] {logging_mixin.py:188} INFO - [2026-07-02T16:37:31.974+0000] {dag.py:3089} INFO - Sync 1 DAGs
[2026-07-02T16:37:31.986+0000] {logging_mixin.py:188} INFO - [2026-07-02T16:37:31.986+0000] {dag.py:3947} INFO - Setting next_dagrun for tutorial_dag to None, run_after=None
[2026-07-02T16:37:32.009+0000] {processor.py:183} INFO - Processing /usr/local/python/3.12.1/lib/python3.12/site-packages/airflow/example_dags/tutorial_dag.py took 0.069 seconds
[2026-07-02T16:38:14.701+0000] {processor.py:161} INFO - Started process (PID=139246) to work on /usr/local/python/3.12.1/lib/python3.12/site-packages/airflow/example_dags/tutorial_dag.py
[2026-07-02T16:38:14.702+0000] {processor.py:830} INFO - Processing file /usr/local/python/3.12.1/lib/python3.12/site-packages/airflow/example_dags/tutorial_dag.py for tasks to queue
[2026-07-02T16:38:14.703+0000] {logging_mixin.py:188} INFO - [2026-07-02T16:38:14.703+0000] {dagbag.py:545} INFO - Filling up the DagBag from /usr/local/python/3.12.1/lib/python3.12/site-packages/airflow/example_dags/tutorial_dag.py
[2026-07-02T16:38:14.708+0000] {processor.py:840} INFO - DAG(s) 'tutorial_dag' retrieved from /usr/local/python/3.12.1/lib/python3.12/site-packages/airflow/example_dags/tutorial_dag.py
[2026-07-02T16:38:14.724+0000] {logging_mixin.py:188} INFO - [2026-07-02T16:38:14.724+0000] {dag.py:3089} INFO - Sync 1 DAGs
[2026-07-02T16:38:14.734+0000] {logging_mixin.py:188} INFO - [2026-07-02T16:38:14.734+0000] {dag.py:3947} INFO - Setting next_dagrun for tutorial_dag to None, run_after=None
[2026-07-02T16:38:14.752+0000] {processor.py:183} INFO - Processing /usr/local/python/3.12.1/lib/python3.12/site-packages/airflow/example_dags/tutorial_dag.py took 0.056 seconds
[2026-07-02T16:38:59.713+0000] {processor.py:161} INFO - Started process (PID=139900) to work on /usr/local/python/3.12.1/lib/python3.12/site-packages/airflow/example_dags/tutorial_dag.py
[2026-07-02T16:38:59.714+0000] {processor.py:830} INFO - Processing file /usr/local/python/3.12.1/lib/python3.12/site-packages/airflow/example_dags/tutorial_dag.py for tasks to queue
[2026-07-02T16:38:59.716+0000] {logging_mixin.py:188} INFO - [2026-07-02T16:38:59.716+0000] {dagbag.py:545} INFO - Filling up the DagBag from /usr/local/python/3.12.1/lib/python3.12/site-packages/airflow/example_dags/tutorial_dag.py
[2026-07-02T16:38:59.723+0000] {processor.py:840} INFO - DAG(s) 'tutorial_dag' retrieved from /usr/local/python/3.12.1/lib/python3.12/site-packages/airflow/example_dags/tutorial_dag.py
[2026-07-02T16:38:59.741+0000] {logging_mixin.py:188} INFO - [2026-07-02T16:38:59.740+0000] {dag.py:3089} INFO - Sync 1 DAGs
[2026-07-02T16:38:59.755+0000] {logging_mixin.py:188} INFO - [2026-07-02T16:38:59.755+0000] {dag.py:3947} INFO - Setting next_dagrun for tutorial_dag to None, run_after=None
[2026-07-02T16:38:59.779+0000] {processor.py:183} INFO - Processing /usr/local/python/3.12.1/lib/python3.12/site-packages/airflow/example_dags/tutorial_dag.py took 0.073 seconds
[2026-07-02T16:39:46.671+0000] {processor.py:161} INFO - Started process (PID=140502) to work on /usr/local/python/3.12.1/lib/python3.12/site-packages/airflow/example_dags/tutorial_dag.py
[2026-07-02T16:39:46.672+0000] {processor.py:830} INFO - Processing file /usr/local/python/3.12.1/lib/python3.12/site-packages/airflow/example_dags/tutorial_dag.py for tasks to queue
[2026-07-02T16:39:46.674+0000] {logging_mixin.py:188} INFO - [2026-07-02T16:39:46.673+0000] {dagbag.py:545} INFO - Filling up the DagBag from /usr/local/python/3.12.1/lib/python3.12/site-packages/airflow/example_dags/tutorial_dag.py
[2026-07-02T16:39:46.679+0000] {processor.py:840} INFO - DAG(s) 'tutorial_dag' retrieved from /usr/local/python/3.12.1/lib/python3.12/site-packages/airflow/example_dags/tutorial_dag.py
[2026-07-02T16:39:46.695+0000] {logging_mixin.py:188} INFO - [2026-07-02T16:39:46.695+0000] {dag.py:3089} INFO - Sync 1 DAGs
[2026-07-02T16:39:46.705+0000] {logging_mixin.py:188} INFO - [2026-07-02T16:39:46.705+0000] {dag.py:3947} INFO - Setting next_dagrun for tutorial_dag to None, run_after=None
[2026-07-02T16:39:46.721+0000] {processor.py:183} INFO - Processing /usr/local/python/3.12.1/lib/python3.12/site-packages/airflow/example_dags/tutorial_dag.py took 0.055 seconds
[2026-07-02T16:40:36.691+0000] {processor.py:161} INFO - Started process (PID=141279) to work on /usr/local/python/3.12.1/lib/python3.12/site-packages/airflow/example_dags/tutorial_dag.py
[2026-07-02T16:40:36.692+0000] {processor.py:830} INFO - Processing file /usr/local/python/3.12.1/lib/python3.12/site-packages/airflow/example_dags/tutorial_dag.py for tasks to queue
[2026-07-02T16:40:36.694+0000] {logging_mixin.py:188} INFO - [2026-07-02T16:40:36.693+0000] {dagbag.py:545} INFO - Filling up the DagBag from /usr/local/python/3.12.1/lib/python3.12/site-packages/airflow/example_dags/tutorial_dag.py
[2026-07-02T16:40:36.699+0000] {processor.py:840} INFO - DAG(s) 'tutorial_dag' retrieved from /usr/local/python/3.12.1/lib/python3.12/site-packages/airflow/example_dags/tutorial_dag.py
[2026-07-02T16:40:36.714+0000] {logging_mixin.py:188} INFO - [2026-07-02T16:40:36.714+0000] {dag.py:3089} INFO - Sync 1 DAGs
[2026-07-02T16:40:36.723+0000] {logging_mixin.py:188} INFO - [2026-07-02T16:40:36.723+0000] {dag.py:3947} INFO - Setting next_dagrun for tutorial_dag to None, run_after=None
[2026-07-02T16:40:36.741+0000] {processor.py:183} INFO - Processing /usr/local/python/3.12.1/lib/python3.12/site-packages/airflow/example_dags/tutorial_dag.py took 0.054 seconds
[2026-07-02T16:41:32.048+0000] {processor.py:161} INFO - Started process (PID=142163) to work on /usr/local/python/3.12.1/lib/python3.12/site-packages/airflow/example_dags/tutorial_dag.py
[2026-07-02T16:41:32.048+0000] {processor.py:830} INFO - Processing file /usr/local/python/3.12.1/lib/python3.12/site-packages/airflow/example_dags/tutorial_dag.py for tasks to queue
[2026-07-02T16:41:32.050+0000] {logging_mixin.py:188} INFO - [2026-07-02T16:41:32.049+0000] {dagbag.py:545} INFO - Filling up the DagBag from /usr/local/python/3.12.1/lib/python3.12/site-packages/airflow/example_dags/tutorial_dag.py
[2026-07-02T16:41:32.054+0000] {processor.py:840} INFO - DAG(s) 'tutorial_dag' retrieved from /usr/local/python/3.12.1/lib/python3.12/site-packages/airflow/example_dags/tutorial_dag.py
[2026-07-02T16:41:32.068+0000] {logging_mixin.py:188} INFO - [2026-07-02T16:41:32.067+0000] {dag.py:3089} INFO - Sync 1 DAGs
[2026-07-02T16:41:32.078+0000] {logging_mixin.py:188} INFO - [2026-07-02T16:41:32.077+0000] {dag.py:3947} INFO - Setting next_dagrun for tutorial_dag to None, run_after=None
[2026-07-02T16:41:32.098+0000] {processor.py:183} INFO - Processing /usr/local/python/3.12.1/lib/python3.12/site-packages/airflow/example_dags/tutorial_dag.py took 0.055 seconds
[2026-07-02T16:42:41.110+0000] {processor.py:161} INFO - Started process (PID=143155) to work on /usr/local/python/3.12.1/lib/python3.12/site-packages/airflow/example_dags/tutorial_dag.py
[2026-07-02T16:42:41.116+0000] {processor.py:830} INFO - Processing file /usr/local/python/3.12.1/lib/python3.12/site-packages/airflow/example_dags/tutorial_dag.py for tasks to queue
[2026-07-02T16:42:41.122+0000] {logging_mixin.py:188} INFO - [2026-07-02T16:42:41.121+0000] {dagbag.py:545} INFO - Filling up the DagBag from /usr/local/python/3.12.1/lib/python3.12/site-packages/airflow/example_dags/tutorial_dag.py
[2026-07-02T16:42:41.135+0000] {processor.py:840} INFO - DAG(s) 'tutorial_dag' retrieved from /usr/local/python/3.12.1/lib/python3.12/site-packages/airflow/example_dags/tutorial_dag.py
[2026-07-02T16:42:41.167+0000] {logging_mixin.py:188} INFO - [2026-07-02T16:42:41.166+0000] {dag.py:3089} INFO - Sync 1 DAGs
[2026-07-02T16:42:41.212+0000] {logging_mixin.py:188} INFO - [2026-07-02T16:42:41.211+0000] {dag.py:3947} INFO - Setting next_dagrun for tutorial_dag to None, run_after=None
[2026-07-02T16:42:41.309+0000] {processor.py:183} INFO - Processing /usr/local/python/3.12.1/lib/python3.12/site-packages/airflow/example_dags/tutorial_dag.py took 0.213 seconds
[2026-07-02T16:43:45.705+0000] {processor.py:161} INFO - Started process (PID=144140) to work on /usr/local/python/3.12.1/lib/python3.12/site-packages/airflow/example_dags/tutorial_dag.py
[2026-07-02T16:43:45.706+0000] {processor.py:830} INFO - Processing file /usr/local/python/3.12.1/lib/python3.12/site-packages/airflow/example_dags/tutorial_dag.py for tasks to queue
[2026-07-02T16:43:45.708+0000] {logging_mixin.py:188} INFO - [2026-07-02T16:43:45.707+0000] {dagbag.py:545} INFO - Filling up the DagBag from /usr/local/python/3.12.1/lib/python3.12/site-packages/airflow/example_dags/tutorial_dag.py
[2026-07-02T16:43:45.712+0000] {processor.py:840} INFO - DAG(s) 'tutorial_dag' retrieved from /usr/local/python/3.12.1/lib/python3.12/site-packages/airflow/example_dags/tutorial_dag.py
[2026-07-02T16:43:45.724+0000] {logging_mixin.py:188} INFO - [2026-07-02T16:43:45.724+0000] {dag.py:3089} INFO - Sync 1 DAGs
[2026-07-02T16:43:45.733+0000] {logging_mixin.py:188} INFO - [2026-07-02T16:43:45.733+0000] {dag.py:3947} INFO - Setting next_dagrun for tutorial_dag to None, run_after=None
[2026-07-02T16:43:45.752+0000] {processor.py:183} INFO - Processing /usr/local/python/3.12.1/lib/python3.12/site-packages/airflow/example_dags/tutorial_dag.py took 0.051 seconds
[2026-07-02T16:44:48.612+0000] {processor.py:161} INFO - Started process (PID=146438) to work on /usr/local/python/3.12.1/lib/python3.12/site-packages/airflow/example_dags/tutorial_dag.py
[2026-07-02T16:44:48.616+0000] {processor.py:830} INFO - Processing file /usr/local/python/3.12.1/lib/python3.12/site-packages/airflow/example_dags/tutorial_dag.py for tasks to queue
[2026-07-02T16:44:48.618+0000] {logging_mixin.py:188} INFO - [2026-07-02T16:44:48.618+0000] {dagbag.py:545} INFO - Filling up the DagBag from /usr/local/python/3.12.1/lib/python3.12/site-packages/airflow/example_dags/tutorial_dag.py
[2026-07-02T16:44:48.623+0000] {processor.py:840} INFO - DAG(s) 'tutorial_dag' retrieved from /usr/local/python/3.12.1/lib/python3.12/site-packages/airflow/example_dags/tutorial_dag.py
[2026-07-02T16:44:48.636+0000] {logging_mixin.py:188} INFO - [2026-07-02T16:44:48.635+0000] {dag.py:3089} INFO - Sync 1 DAGs
[2026-07-02T16:44:48.645+0000] {logging_mixin.py:188} INFO - [2026-07-02T16:44:48.645+0000] {dag.py:3947} INFO - Setting next_dagrun for tutorial_dag to None, run_after=None
[2026-07-02T16:44:48.665+0000] {processor.py:183} INFO - Processing /usr/local/python/3.12.1/lib/python3.12/site-packages/airflow/example_dags/tutorial_dag.py took 0.058 seconds
[2026-07-02T16:45:57.941+0000] {processor.py:161} INFO - Started process (PID=148964) to work on /usr/local/python/3.12.1/lib/python3.12/site-packages/airflow/example_dags/tutorial_dag.py
[2026-07-02T16:45:57.945+0000] {processor.py:830} INFO - Processing file /usr/local/python/3.12.1/lib/python3.12/site-packages/airflow/example_dags/tutorial_dag.py for tasks to queue
[2026-07-02T16:45:57.947+0000] {logging_mixin.py:188} INFO - [2026-07-02T16:45:57.946+0000] {dagbag.py:545} INFO - Filling up the DagBag from /usr/local/python/3.12.1/lib/python3.12/site-packages/airflow/example_dags/tutorial_dag.py
[2026-07-02T16:45:57.952+0000] {processor.py:840} INFO - DAG(s) 'tutorial_dag' retrieved from /usr/local/python/3.12.1/lib/python3.12/site-packages/airflow/example_dags/tutorial_dag.py
[2026-07-02T16:45:57.964+0000] {logging_mixin.py:188} INFO - [2026-07-02T16:45:57.964+0000] {dag.py:3089} INFO - Sync 1 DAGs
[2026-07-02T16:45:57.974+0000] {logging_mixin.py:188} INFO - [2026-07-02T16:45:57.974+0000] {dag.py:3947} INFO - Setting next_dagrun for tutorial_dag to None, run_after=None
[2026-07-02T16:45:57.993+0000] {processor.py:183} INFO - Processing /usr/local/python/3.12.1/lib/python3.12/site-packages/airflow/example_dags/tutorial_dag.py took 0.057 seconds
[2026-07-02T16:46:53.230+0000] {processor.py:161} INFO - Started process (PID=150992) to work on /usr/local/python/3.12.1/lib/python3.12/site-packages/airflow/example_dags/tutorial_dag.py
[2026-07-02T16:46:53.231+0000] {processor.py:830} INFO - Processing file /usr/local/python/3.12.1/lib/python3.12/site-packages/airflow/example_dags/tutorial_dag.py for tasks to queue
[2026-07-02T16:46:53.232+0000] {logging_mixin.py:188} INFO - [2026-07-02T16:46:53.232+0000] {dagbag.py:545} INFO - Filling up the DagBag from /usr/local/python/3.12.1/lib/python3.12/site-packages/airflow/example_dags/tutorial_dag.py
[2026-07-02T16:46:53.237+0000] {processor.py:840} INFO - DAG(s) 'tutorial_dag' retrieved from /usr/local/python/3.12.1/lib/python3.12/site-packages/airflow/example_dags/tutorial_dag.py
[2026-07-02T16:46:53.249+0000] {logging_mixin.py:188} INFO - [2026-07-02T16:46:53.249+0000] {dag.py:3089} INFO - Sync 1 DAGs
[2026-07-02T16:46:53.259+0000] {logging_mixin.py:188} INFO - [2026-07-02T16:46:53.258+0000] {dag.py:3947} INFO - Setting next_dagrun for tutorial_dag to None, run_after=None
[2026-07-02T16:46:53.277+0000] {processor.py:183} INFO - Processing /usr/local/python/3.12.1/lib/python3.12/site-packages/airflow/example_dags/tutorial_dag.py took 0.053 seconds
